  290.000  0.000000e+00 
  291.000  2.061003e-06 
  292.000  2.714716e-05 
  293.000  8.727531e-05 
  294.000  5.963685e-04 
  295.000  1.764229e-03 
  296.000  1.070755e-02 
  297.000  1.539008e-02 
  298.000  8.432569e-02 
  299.000  1.644337e-01 
  300.000  3.134894e-01 
  301.000  9.137785e-01 
  302.000  1.068497e+00 
  303.000  2.958757e+00 
  304.000  3.524590e+00 
  305.000  6.688008e+00 
  306.000  7.626800e+00 
  307.000  1.160307e+01 
  308.000  1.538896e+01 
  309.000  1.690182e+01 
  310.000  1.927856e+01 
  311.000  3.813449e+01 
  312.000  3.325006e+01 
  313.000  4.343040e+01 
  314.000  4.558397e+01 
  315.000  5.562772e+01 
  316.000  4.438167e+01 
  317.000  6.560417e+01 
  318.000  6.515059e+01 
  319.000  7.445273e+01 
  320.000  7.364793e+01 
  321.000  9.228904e+01 
  322.000  8.316349e+01 
  323.000  7.412467e+01 
  324.000  9.488943e+01 
  325.000  1.076450e+02 
  326.000  1.508001e+02 
  327.000  1.551597e+02 
  328.000  1.311292e+02 
  329.000  1.579245e+02 
  330.000  1.684676e+02 
  331.000  1.394836e+02 
  332.000  1.560805e+02 
  333.000  1.799328e+02 
  334.000  1.534160e+02 
  335.000  1.679145e+02 
  336.000  1.284267e+02 
  337.000  1.249973e+02 
  338.000  1.550583e+02 
  339.000  1.587097e+02 
  340.000  1.815372e+02 
  341.000  1.557402e+02 
  342.000  1.659397e+02 
  343.000  1.692709e+02 
  344.000  1.554243e+02 
  345.000  2.028689e+02 
  346.000  2.284234e+02 
  347.000  2.205155e+02 
  348.000  2.106409e+02 
  349.000  2.342267e+02 
  350.000  2.427798e+02 
  351.000  2.336895e+02 
  352.000  2.427362e+02 
  353.000  2.243898e+02 
  354.000  2.624506e+02 
  355.000  2.694255e+02 
  356.000  2.579972e+02 
  357.000  1.669825e+02 
  358.000  1.836861e+02 
  359.000  1.870515e+02 
  360.000  2.808236e+02 
  361.000  2.253271e+02 
  362.000  2.501416e+02 
  363.000  2.691935e+02 
  364.000  2.717867e+02 
  365.000  2.573742e+02 
  366.000  3.572013e+02 
  367.000  3.231347e+02 
  368.000  3.080238e+02 
  369.000  2.994392e+02 
  370.000  3.479985e+02 
  371.000  2.808011e+02 
  372.000  2.985786e+02 
  373.000  3.004944e+02 
  374.000  2.349547e+02 
  375.000  2.172174e+02 
  376.000  3.135242e+02 
  377.000  3.235662e+02 
  378.000  4.219125e+02 
  379.000  3.273737e+02 
  380.000  3.089890e+02 
  381.000  3.494756e+02 
  382.000  2.630254e+02 
  383.000  1.845600e+02 
  384.000  2.043715e+02 
  385.000  3.093190e+02 
  386.000  2.414026e+02 
  387.000  2.784938e+02 
  388.000  2.771445e+02 
  389.000  3.171579e+02 
  390.000  3.861003e+02 
  391.000  4.336103e+02 
  392.000  3.867834e+02 
  393.000  2.081061e+02 
  394.000  2.310951e+02 
  395.000  3.892408e+02 
  396.000  4.019579e+02 
  397.000  1.641184e+02 
  398.000  4.606090e+02 
  399.000  5.539654e+02 
  400.000  5.458516e+02 
  401.000  5.437103e+02 
  402.000  5.774233e+02 
  403.000  5.419072e+02 
  404.000  5.834888e+02 
  405.000  5.361199e+02 
  406.000  5.330692e+02 
  407.000  5.201257e+02 
  408.000  5.644805e+02 
  409.000  6.258959e+02 
  410.000  5.241619e+02 
  411.000  6.165308e+02 
  412.000  6.398472e+02 
  413.000  6.053718e+02 
  414.000  5.950402e+02 
  415.000  6.355682e+02 
  416.000  6.326085e+02 
  417.000  6.142264e+02 
  418.000  6.016869e+02 
  419.000  6.172749e+02 
  420.000  5.231679e+02 
  421.000  6.563257e+02 
  422.000  6.296956e+02 
  423.000  5.324805e+02 
  424.000  5.864191e+02 
  425.000  6.080817e+02 
  426.000  5.852299e+02 
  427.000  5.635845e+02 
  428.000  5.713324e+02 
  429.000  5.203660e+02 
  430.000  4.157022e+02 
  431.000  3.741599e+02 
  432.000  6.742147e+02 
  433.000  6.007819e+02 
  434.000  5.716124e+02 
  435.000  6.225390e+02 
  436.000  6.910020e+02 
  437.000  6.983670e+02 
  438.000  6.262075e+02 
  439.000  6.065549e+02 
  440.000  6.804796e+02 
  441.000  6.789168e+02 
  442.000  7.157071e+02 
  443.000  7.211623e+02 
  444.000  7.171371e+02 
  445.000  7.550322e+02 
  446.000  6.726935e+02 
  447.000  7.679031e+02 
  448.000  7.813760e+02 
  449.000  7.873760e+02 
  450.000  8.052284e+02 
  451.000  8.709501e+02 
  452.000  8.103166e+02 
  453.000  7.527975e+02 
  454.000  8.032306e+02 
  455.000  8.094755e+02 
  456.000  8.297186e+02 
  457.000  8.349915e+02 
  458.000  8.209136e+02 
  459.000  8.214111e+02 
  460.000  8.148476e+02 
  461.000  8.449901e+02 
  462.000  8.318093e+02 
  463.000  8.325919e+02 
  464.000  8.359097e+02 
  465.000  8.242583e+02 
  466.000  8.509241e+02 
  467.000  8.214117e+02 
  468.000  8.700561e+02 
  469.000  8.628542e+02 
  470.000  8.513667e+02 
  471.000  8.502011e+02 
  472.000  8.609326e+02 
  473.000  8.518533e+02 
  474.000  8.589705e+02 
  475.000  8.938989e+02 
  476.000  8.665649e+02 
  477.000  8.587651e+02 
  478.000  9.014742e+02 
  479.000  8.608254e+02 
  480.000  8.780529e+02 
  481.000  8.729523e+02 
  482.000  8.914764e+02 
  483.000  8.926573e+02 
  484.000  8.585590e+02 
  485.000  8.651160e+02 
  486.000  7.016412e+02 
  487.000  7.888688e+02 
  488.000  8.568242e+02 
  489.000  7.967510e+02 
  490.000  9.073534e+02 
  491.000  8.493239e+02 
  492.000  8.164258e+02 
  493.000  8.795632e+02 
  494.000  8.499619e+02 
  495.000  9.088782e+02 
  496.000  8.854072e+02 
  497.000  8.591074e+02 
  498.000  8.390204e+02 
  499.000  8.372023e+02 
  500.000  8.337198e+02 
  501.000  8.152236e+02 
  502.000  8.100726e+02 
  503.000  8.585624e+02 
  504.000  7.989868e+02 
  505.000  8.619731e+02 
  506.000  9.230123e+02 
  507.000  8.590141e+02 
  508.000  8.240108e+02 
  509.000  8.887806e+02 
  510.000  8.613820e+02 
  511.000  8.618176e+02 
  512.000  9.047069e+02 
  513.000  8.281744e+02 
  514.000  8.109495e+02 
  515.000  8.280500e+02 
  516.000  8.699153e+02 
  517.000  6.408701e+02 
  518.000  7.935090e+02 
  519.000  7.518447e+02 
  520.000  8.278337e+02 
  521.000  8.283594e+02 
  522.000  8.612851e+02 
  523.000  8.023823e+02 
  524.000  8.705980e+02 
  525.000  8.636774e+02 
  526.000  8.231306e+02 
  527.000  7.190693e+02 
  528.000  8.636237e+02 
  529.000  8.881617e+02 
  530.000  8.392514e+02 
  531.000  9.135396e+02 
  532.000  8.715338e+02 
  533.000  7.655424e+02 
  534.000  8.325360e+02 
  535.000  8.494893e+02 
  536.000  9.014616e+02 
  537.000  8.364014e+02 
  538.000  8.756051e+02 
  539.000  8.727853e+02 
  540.000  8.542072e+02 
  541.000  7.833635e+02 
  542.000  8.739259e+02 
  543.000  8.360295e+02 
  544.000  8.818942e+02 
  545.000  8.688538e+02 
  546.000  8.496267e+02 
  547.000  8.858235e+02 
  548.000  8.220026e+02 
  549.000  8.652005e+02 
  550.000  8.463994e+02 
  551.000  8.414086e+02 
  552.000  8.780065e+02 
  553.000  8.439224e+02 
  554.000  8.718211e+02 
  555.000  8.746052e+02 
  556.000  8.508182e+02 
  557.000  8.258680e+02 
  558.000  8.575458e+02 
  559.000  8.108516e+02 
  560.000  8.146819e+02 
  561.000  8.956470e+02 
  562.000  8.221210e+02 
  563.000  8.603404e+02 
  564.000  8.483820e+02 
  565.000  8.584337e+02 
  566.000  7.916879e+02 
  567.000  8.486112e+02 
  568.000  8.434997e+02 
  569.000  8.189977e+02 
  570.000  8.249172e+02 
  571.000  8.014969e+02 
  572.000  8.420779e+02 
  573.000  8.529284e+02 
  574.000  8.490699e+02 
  575.000  8.283002e+02 
  576.000  8.136092e+02 
  577.000  8.495514e+02 
  578.000  8.270917e+02 
  579.000  8.227283e+02 
  580.000  8.526323e+02 
  581.000  8.395660e+02 
  582.000  8.536545e+02 
  583.000  8.604264e+02 
  584.000  8.585076e+02 
  585.000  8.533683e+02 
  586.000  8.172531e+02 
  587.000  8.471509e+02 
  588.000  8.275103e+02 
  589.000  7.182936e+02 
  590.000  7.492683e+02 
  591.000  8.082024e+02 
  592.000  7.869625e+02 
  593.000  8.087537e+02 
  594.000  8.135606e+02 
  595.000  7.891321e+02 
  596.000  8.223914e+02 
  597.000  8.223300e+02 
  598.000  8.112245e+02 
  599.000  8.139968e+02 
  600.000  8.193514e+02 
  601.000  8.181838e+02 
  602.000  8.106150e+02 
  603.000  8.170701e+02 
  604.000  8.443293e+02 
  605.000  8.432574e+02 
  606.000  8.341660e+02 
  607.000  8.301469e+02 
  608.000  8.277057e+02 
  609.000  8.197833e+02 
  610.000  8.072084e+02 
  611.000  8.208760e+02 
  612.000  8.107398e+02 
  613.000  7.994261e+02 
  614.000  7.710620e+02 
  615.000  8.085113e+02 
  616.000  7.692140e+02 
  617.000  7.740139e+02 
  618.000  8.109459e+02 
  619.000  8.038853e+02 
  620.000  8.161156e+02 
  621.000  8.304705e+02 
  622.000  7.869095e+02 
  623.000  7.932447e+02 
  624.000  7.942927e+02 
  625.000  7.729218e+02 
  626.000  7.763737e+02 
  627.000  7.859570e+02 
  628.000  7.667888e+02 
  629.000  7.903823e+02 
  630.000  7.679257e+02 
  631.000  7.981912e+02 
  632.000  7.407314e+02 
  633.000  7.999960e+02 
  634.000  7.777112e+02 
  635.000  7.925729e+02 
  636.000  7.656987e+02 
  637.000  7.920367e+02 
  638.000  8.068425e+02 
  639.000  8.008558e+02 
  640.000  7.771951e+02 
  641.000  7.888446e+02 
  642.000  7.804876e+02 
  643.000  7.931849e+02 
  644.000  7.845771e+02 
  645.000  7.898382e+02 
  646.000  7.514920e+02 
  647.000  7.560283e+02 
  648.000  7.482170e+02 
  649.000  7.692946e+02 
  650.000  7.237565e+02 
  651.000  7.798960e+02 
  652.000  7.552431e+02 
  653.000  7.823457e+02 
  654.000  7.711411e+02 
  655.000  7.470105e+02 
  656.000  6.356483e+02 
  657.000  6.806723e+02 
  658.000  7.622791e+02 
  659.000  7.666107e+02 
  660.000  7.738770e+02 
  661.000  7.802423e+02 
  662.000  7.930247e+02 
  663.000  7.841979e+02 
  664.000  7.725147e+02 
  665.000  7.765823e+02 
  666.000  7.867217e+02 
  667.000  7.716925e+02 
  668.000  7.769159e+02 
  669.000  7.886210e+02 
  670.000  7.796356e+02 
  671.000  7.718626e+02 
  672.000  7.697598e+02 
  673.000  7.756758e+02 
  674.000  7.775777e+02 
  675.000  7.660900e+02 
  676.000  7.809246e+02 
  677.000  7.657477e+02 
  678.000  7.787755e+02 
  679.000  7.680240e+02 
  680.000  7.619395e+02 
  681.000  7.626182e+02 
  682.000  7.611881e+02 
  683.000  7.662376e+02 
  684.000  7.519097e+02 
  685.000  7.612138e+02 
  686.000  7.266473e+02 
  687.000  6.350888e+02 
  688.000  6.652123e+02 
  689.000  6.580017e+02 
  690.000  6.768168e+02 
  691.000  6.979485e+02 
  692.000  7.013588e+02 
  693.000  6.888665e+02 
  694.000  6.781984e+02 
  695.000  6.775753e+02 
  696.000  6.923723e+02 
  697.000  7.257503e+02 
  698.000  7.054900e+02 
  699.000  6.894178e+02 
  700.000  6.860284e+02 
  701.000  6.643683e+02 
  702.000  6.656829e+02 
  703.000  6.987909e+02 
  704.000  7.018601e+02 
  705.000  6.973362e+02 
  706.000  6.918840e+02 
  707.000  6.849404e+02 
  708.000  7.087067e+02 
  709.000  6.911290e+02 
  710.000  6.988295e+02 
  711.000  7.001378e+02 
  712.000  6.974348e+02 
  713.000  6.887862e+02 
  714.000  6.984559e+02 
  715.000  6.648069e+02 
  716.000  6.721582e+02 
  717.000  5.938092e+02 
  718.000  5.540814e+02 
  719.000  5.347670e+02 
  720.000  5.197156e+02 
  721.000  6.039014e+02 
  722.000  6.442916e+02 
  723.000  6.247568e+02 
  724.000  5.779197e+02 
  725.000  5.787040e+02 
  726.000  5.753614e+02 
  727.000  5.909529e+02 
  728.000  5.732579e+02 
  729.000  5.686423e+02 
  730.000  5.864562e+02 
  731.000  5.729879e+02 
  732.000  6.159386e+02 
  733.000  6.375269e+02 
  734.000  6.660794e+02 
  735.000  6.554211e+02 
  736.000  6.335271e+02 
  737.000  6.493220e+02 
  738.000  6.577889e+02 
  739.000  6.407828e+02 
  740.000  6.564279e+02 
  741.000  6.567159e+02 
  742.000  6.481865e+02 
  743.000  6.723922e+02 
  744.000  6.808640e+02 
  745.000  6.648979e+02 
  746.000  6.755464e+02 
  747.000  6.863992e+02 
  748.000  6.748611e+02 
  749.000  6.756022e+02 
  750.000  6.653504e+02 
  751.000  6.638234e+02 
  752.000  6.750236e+02 
  753.000  6.690699e+02 
  754.000  6.798667e+02 
  755.000  6.761491e+02 
  756.000  6.631042e+02 
  757.000  6.680900e+02 
  758.000  6.662769e+02 
  759.000  5.986324e+02 
  760.000  2.192700e+02 
  761.000  1.882648e+02 
  762.000  3.838680e+02 
  763.000  3.275035e+02 
  764.000  3.614040e+02 
  765.000  4.400349e+02 
  766.000  5.089033e+02 
  767.000  5.622368e+02 
  768.000  6.154295e+02 
  769.000  6.333761e+02 
  770.000  6.400344e+02 
  771.000  6.452194e+02 
  772.000  6.438817e+02 
  773.000  6.417737e+02 
  774.000  6.491644e+02 
  775.000  6.251580e+02 
  776.000  6.512128e+02 
  777.000  6.467827e+02 
  778.000  6.433035e+02 
  779.000  6.453876e+02 
  780.000  6.373949e+02 
  781.000  6.367932e+02 
  782.000  6.444471e+02 
  783.000  6.293804e+02 
  784.000  6.326893e+02 
  785.000  6.327167e+02 
  786.000  6.195042e+02 
  787.000  6.229537e+02 
  788.000  6.106451e+02 
  789.000  6.034714e+02 
  790.000  5.964445e+02 
  791.000  5.954158e+02 
  792.000  5.878729e+02 
  793.000  5.916293e+02 
  794.000  5.945410e+02 
  795.000  5.858846e+02 
  796.000  5.810815e+02 
  797.000  5.890217e+02 
  798.000  5.988018e+02 
  799.000  5.962065e+02 
  800.000  5.740466e+02 
  801.000  5.855499e+02 
  802.000  5.837643e+02 
  803.000  5.764182e+02 
  804.000  5.848701e+02 
  805.000  5.748682e+02 
  806.000  5.941349e+02 
  807.000  5.907810e+02 
  808.000  5.851188e+02 
  809.000  5.727133e+02 
  810.000  5.673607e+02 
  811.000  5.706215e+02 
  812.000  5.607726e+02 
  813.000  5.487111e+02 
  814.000  5.351484e+02 
  815.000  5.135857e+02 
  816.000  4.891813e+02 
  817.000  4.931510e+02 
  818.000  4.917408e+02 
  819.000  4.849637e+02 
  820.000  4.969280e+02 
  821.000  5.389777e+02 
  822.000  5.048943e+02 
  823.000  4.594613e+02 
  824.000  5.110726e+02 
  825.000  5.395604e+02 
  826.000  5.380714e+02 
  827.000  5.326123e+02 
  828.000  5.123354e+02 
  829.000  5.189546e+02 
  830.000  5.183754e+02 
  831.000  5.110826e+02 
  832.000  5.224361e+02 
  833.000  5.104957e+02 
  834.000  5.231710e+02 
  835.000  5.340072e+02 
  836.000  5.371312e+02 
  837.000  5.324147e+02 
  838.000  5.390643e+02 
  839.000  5.250085e+02 
  840.000  5.401003e+02 
  841.000  5.385954e+02 
  842.000  5.378801e+02 
  843.000  5.403312e+02 
  844.000  5.341155e+02 
  845.000  5.435180e+02 
  846.000  5.497004e+02 
  847.000  5.321675e+02 
  848.000  5.455195e+02 
  849.000  5.468286e+02 
  850.000  4.718182e+02 
  851.000  5.392075e+02 
  852.000  5.189037e+02 
  853.000  5.270483e+02 
  854.000  4.236545e+02 
  855.000  4.673163e+02 
  856.000  5.324277e+02 
  857.000  5.416678e+02 
  858.000  5.334263e+02 
  859.000  5.343724e+02 
  860.000  5.300059e+02 
  861.000  5.300457e+02 
  862.000  5.286259e+02 
  863.000  5.387914e+02 
  864.000  5.379414e+02 
  865.000  5.281046e+02 
  866.000  4.430300e+02 
  867.000  4.717675e+02 
  868.000  5.116900e+02 
  869.000  5.045842e+02 
  870.000  5.253762e+02 
  871.000  5.247045e+02 
  872.000  5.227440e+02 
  873.000  5.247291e+02 
  874.000  5.131780e+02 
  875.000  5.084597e+02 
  876.000  5.125156e+02 
  877.000  5.227180e+02 
  878.000  5.132660e+02 
  879.000  5.144327e+02 
  880.000  5.110448e+02 
  881.000  4.842410e+02 
  882.000  5.107471e+02 
  883.000  4.993577e+02 
  884.000  5.037144e+02 
  885.000  5.080110e+02 
  886.000  4.902726e+02 
  887.000  4.862578e+02 
  888.000  5.007709e+02 
  889.000  5.042608e+02 
  890.000  5.020229e+02 
  891.000  4.975768e+02 
  892.000  4.917876e+02 
  893.000  4.604910e+02 
  894.000  4.691333e+02 
  895.000  4.258702e+02 
  896.000  4.215985e+02 
  897.000  3.905010e+02 
  898.000  3.812876e+02 
  899.000  3.541794e+02 
  900.000  3.489211e+02 
  901.000  3.349727e+02 
  902.000  3.301408e+02 
  903.000  3.925953e+02 
  904.000  4.268788e+02 
  905.000  4.248182e+02 
  906.000  3.960436e+02 
  907.000  3.720158e+02 
  908.000  3.427667e+02 
  909.000  3.376375e+02 
  910.000  3.444857e+02 
  911.000  3.561300e+02 
  912.000  3.507850e+02 
  913.000  3.323697e+02 
  914.000  3.432506e+02 
  915.000  3.474685e+02 
  916.000  3.546481e+02 
  917.000  3.548224e+02 
  918.000  3.604018e+02 
  919.000  3.908108e+02 
  920.000  4.068604e+02 
  921.000  3.937967e+02 
  922.000  3.899413e+02 
  923.000  3.684891e+02 
  924.000  3.713833e+02 
  925.000  3.750800e+02 
  926.000  3.608756e+02 
  927.000  3.591037e+02 
  928.000  3.383824e+02 
  929.000  3.021540e+02 
  930.000  2.635454e+02 
  931.000  2.239684e+02 
  932.000  1.739219e+02 
  933.000  1.429303e+02 
  934.000  1.129673e+02 
  935.000  1.082239e+02 
  936.000  1.177199e+02 
  937.000  1.178949e+02 
  938.000  1.494940e+02 
  939.000  2.508024e+02 
  940.000  2.664032e+02 
  941.000  2.466745e+02 
  942.000  2.057185e+02 
  943.000  1.659051e+02 
  944.000  1.579108e+02 
  945.000  1.763048e+02 
  946.000  1.799255e+02 
  947.000  1.953719e+02 
  948.000  2.065360e+02 
  949.000  2.062180e+02 
  950.000  2.075290e+02 
  951.000  2.289966e+02 
  952.000  2.053628e+02 
  953.000  2.218533e+02 
  954.000  2.385132e+02 
  955.000  2.092185e+02 
  956.000  2.205552e+02 
  957.000  2.685701e+02 
  958.000  2.776054e+02 
  959.000  2.706470e+02 
  960.000  2.659769e+02 
  961.000  2.592680e+02 
  962.000  2.644993e+02 
  963.000  2.917595e+02 
  964.000  2.926307e+02 
  965.000  2.937194e+02 
  966.000  2.869406e+02 
  967.000  3.162313e+02 
  968.000  3.482110e+02 
  969.000  3.670426e+02 
  970.000  3.690525e+02 
  971.000  3.654109e+02 
  972.000  3.632343e+02 
  973.000  3.491254e+02 
  974.000  3.310847e+02 
  975.000  3.246626e+02 
  976.000  3.386370e+02 
  977.000  3.464725e+02 
  978.000  3.537516e+02 
  979.000  3.478721e+02 
  980.000  3.700914e+02 
  981.000  3.766379e+02 
  982.000  3.720103e+02 
  983.000  3.801049e+02 
  984.000  3.869360e+02 
  985.000  3.921331e+02 
  986.000  3.958428e+02 
  987.000  4.034139e+02 
  988.000  3.991555e+02 
  989.000  3.945407e+02 
  990.000  3.986381e+02 
  991.000  4.044712e+02 
  992.000  4.014647e+02 
  993.000  4.017270e+02 
  994.000  4.060716e+02 
  995.000  4.045003e+02 
  996.000  4.044055e+02 
  997.000  4.038719e+02 
  998.000  4.013656e+02 
  999.000  3.999408e+02 
 1000.000  3.970916e+02 
 1001.000  3.969389e+02 
 1002.000  3.926619e+02 
 1003.000  3.889547e+02 
 1004.000  3.878022e+02 
 1005.000  3.631115e+02 
 1006.000  3.824795e+02 
 1007.000  3.887586e+02 
 1008.000  3.874460e+02 
 1009.000  3.811696e+02 
 1010.000  3.843556e+02 
 1011.000  3.864496e+02 
 1012.000  3.881813e+02 
 1013.000  3.866004e+02 
 1014.000  3.896143e+02 
 1015.000  3.825245e+02 
 1016.000  3.855287e+02 
 1017.000  3.820458e+02 
 1018.000  3.863550e+02 
 1019.000  3.762014e+02 
 1020.000  3.758827e+02 
 1021.000  3.805877e+02 
 1022.000  3.732973e+02 
 1023.000  3.791248e+02 
 1024.000  3.763980e+02 
 1025.000  3.787242e+02 
 1026.000  3.802577e+02 
 1027.000  3.775276e+02 
 1028.000  3.788130e+02 
 1029.000  3.739657e+02 
 1030.000  3.786849e+02 
 1031.000  3.779758e+02 
 1032.000  3.770409e+02 
 1033.000  3.702338e+02 
 1034.000  3.743758e+02 
 1035.000  3.704926e+02 
 1036.000  3.753079e+02 
 1037.000  3.674789e+02 
 1038.000  3.711858e+02 
 1039.000  3.726006e+02 
 1040.000  3.681188e+02 
 1041.000  3.700046e+02 
 1042.000  3.710847e+02 
 1043.000  3.646935e+02 
 1044.000  3.682656e+02 
 1045.000  3.665146e+02 
 1046.000  3.557375e+02 
 1047.000  3.621423e+02 
 1048.000  3.656590e+02 
 1049.000  3.632422e+02 
 1050.000  3.609068e+02 
 1051.000  3.606418e+02 
 1052.000  3.587935e+02 
 1053.000  3.589608e+02 
 1054.000  3.550006e+02 
 1055.000  3.573308e+02 
 1056.000  3.561817e+02 
 1057.000  3.550418e+02 
 1058.000  3.502711e+02 
 1059.000  3.393625e+02 
 1060.000  3.521357e+02 
 1061.000  3.397273e+02 
 1062.000  3.485295e+02 
 1063.000  3.424561e+02 
 1064.000  3.463855e+02 
 1065.000  3.453074e+02 
 1066.000  3.347700e+02 
 1067.000  3.423704e+02 
 1068.000  3.394675e+02 
 1069.000  3.130453e+02 
 1070.000  3.317577e+02 
 1071.000  3.312865e+02 
 1072.000  3.312666e+02 
 1073.000  3.201283e+02 
 1074.000  3.314752e+02 
 1075.000  3.226303e+02 
 1076.000  3.286985e+02 
 1077.000  3.266743e+02 
 1078.000  3.260886e+02 
 1079.000  3.132188e+02 
 1080.000  3.184531e+02 
 1081.000  3.065304e+02 
 1082.000  3.121465e+02 
 1083.000  3.016605e+02 
 1084.000  3.108175e+02 
 1085.000  3.012216e+02 
 1086.000  3.064215e+02 
 1087.000  2.933532e+02 
 1088.000  3.114124e+02 
 1089.000  2.922925e+02 
 1090.000  2.972265e+02 
 1091.000  3.005206e+02 
 1092.000  2.899058e+02 
 1093.000  2.783409e+02 
 1094.000  2.501392e+02 
 1095.000  2.712582e+02 
 1096.000  2.705674e+02 
 1097.000  2.652969e+02 
 1098.000  2.424958e+02 
 1099.000  2.261224e+02 
 1100.000  2.310695e+02 
 1101.000  2.328875e+02 
 1102.000  2.220098e+02 
 1103.000  2.322588e+02 
 1104.000  2.276273e+02 
 1105.000  2.200627e+02 
 1106.000  2.111902e+02 
 1107.000  2.124532e+02 
 1108.000  2.127416e+02 
 1109.000  2.193333e+02 
 1110.000  2.191401e+02 
 1111.000  2.126883e+02 
 1112.000  1.952796e+02 
 1113.000  1.739300e+02 
 1114.000  1.694787e+02 
 1115.000  1.440050e+02 
 1116.000  1.285695e+02 
 1117.000  1.013832e+02 
 1118.000  7.687735e+01 
 1119.000  6.335307e+01 
 1120.000  5.100010e+01 
 1121.000  4.862383e+01 
 1122.000  3.749874e+01 
 1123.000  4.305499e+01 
 1124.000  4.699262e+01 
 1125.000  4.391614e+01 
 1126.000  4.232955e+01 
 1127.000  4.484819e+01 
 1128.000  4.609016e+01 
 1129.000  5.806256e+01 
 1130.000  8.923689e+01 
 1131.000  1.004026e+02 
 1132.000  8.654814e+01 
 1133.000  6.228563e+01 
 1134.000  2.981492e+01 
 1135.000  3.233763e+01 
 1136.000  6.616035e+01 
 1137.000  9.047202e+01 
 1138.000  1.126137e+02 
 1139.000  1.246049e+02 
 1140.000  1.197200e+02 
 1141.000  1.066693e+02 
 1142.000  1.059345e+02 
 1143.000  9.329770e+01 
 1144.000  8.144736e+01 
 1145.000  6.674688e+01 
 1146.000  7.096700e+01 
 1147.000  8.356411e+01 
 1148.000  9.432066e+01 
 1149.000  9.969884e+01 
 1150.000  1.000863e+02 
 1151.000  1.078330e+02 
 1152.000  1.116664e+02 
 1153.000  1.173692e+02 
 1154.000  1.169146e+02 
 1155.000  1.292285e+02 
 1156.000  1.404674e+02 
 1157.000  1.698962e+02 
 1158.000  1.827447e+02 
 1159.000  1.914316e+02 
 1160.000  1.937703e+02 
 1161.000  2.009348e+02 
 1162.000  2.172385e+02 
 1163.000  2.291725e+02 
 1164.000  2.269817e+02 
 1165.000  2.325450e+02 
 1166.000  2.289675e+02 
 1167.000  2.342380e+02 
 1168.000  2.357466e+02 
 1169.000  2.291835e+02 
 1170.000  2.368334e+02 
 1171.000  2.418268e+02 
 1172.000  2.387956e+02 
 1173.000  2.349670e+02 
 1174.000  2.352215e+02 
 1175.000  2.384092e+02 
 1176.000  2.380427e+02 
 1177.000  2.427582e+02 
 1178.000  2.333962e+02 
 1179.000  2.323798e+02 
 1180.000  2.337075e+02 
 1181.000  2.276886e+02 
 1182.000  2.232234e+02 
 1183.000  2.107637e+02 
 1184.000  2.230015e+02 
 1185.000  2.327188e+02 
 1186.000  2.293381e+02 
 1187.000  2.226332e+02 
 1188.000  2.199896e+02 
 1189.000  2.111249e+02 
 1190.000  2.322201e+02 
 1191.000  2.391406e+02 
 1192.000  2.425702e+02 
 1193.000  2.416517e+02 
 1194.000  2.405086e+02 
 1195.000  2.332476e+02 
 1196.000  2.337277e+02 
 1197.000  2.314613e+02 
 1198.000  2.231924e+02 
 1199.000  2.123426e+02 
 1200.000  2.273244e+02 
 1201.000  2.295405e+02 
 1202.000  2.304978e+02 
 1203.000  2.179865e+02 
 1204.000  2.226214e+02 
 1205.000  2.352537e+02 
 1206.000  2.372848e+02 
 1207.000  2.402951e+02 
 1208.000  2.357296e+02 
 1209.000  2.193272e+02 
 1210.000  2.317214e+02 
 1211.000  2.235554e+02 
 1212.000  2.313118e+02 
 1213.000  2.351759e+02 
 1214.000  2.336517e+02 
 1215.000  2.355087e+02 
 1216.000  2.391598e+02 
 1217.000  2.423964e+02 
 1218.000  2.431526e+02 
 1219.000  2.417568e+02 
 1220.000  2.434840e+02 
 1221.000  2.434497e+02 
 1222.000  2.422992e+02 
 1223.000  2.415154e+02 
 1224.000  2.456776e+02 
 1225.000  2.448140e+02 
 1226.000  2.463754e+02 
 1227.000  2.391323e+02 
 1228.000  2.480058e+02 
 1229.000  2.488027e+02 
 1230.000  2.491468e+02 
 1231.000  2.498195e+02 
 1232.000  2.472592e+02 
 1233.000  2.493953e+02 
 1234.000  2.501434e+02 
 1235.000  2.489463e+02 
 1236.000  2.508038e+02 
 1237.000  2.511950e+02 
 1238.000  2.512123e+02 
 1239.000  2.484600e+02 
 1240.000  2.473333e+02 
 1241.000  2.493708e+02 
 1242.000  2.477155e+02 
 1243.000  2.448153e+02 
 1244.000  2.422239e+02 
 1245.000  2.461665e+02 
 1246.000  2.439842e+02 
 1247.000  2.423882e+02 
 1248.000  2.440135e+02 
 1249.000  2.429356e+02 
 1250.000  2.416643e+02 
 1251.000  2.396965e+02 
 1252.000  2.384544e+02 
 1253.000  2.359431e+02 
 1254.000  2.354811e+02 
 1255.000  2.343331e+02 
 1256.000  2.331989e+02 
 1257.000  2.297248e+02 
 1258.000  2.287092e+02 
 1259.000  2.246242e+02 
 1260.000  2.231180e+02 
 1261.000  2.207373e+02 
 1262.000  2.121615e+02 
 1263.000  2.132873e+02 
 1264.000  2.090462e+02 
 1265.000  2.090345e+02 
 1266.000  2.087421e+02 
 1267.000  2.030791e+02 
 1268.000  1.992479e+02 
 1269.000  2.002964e+02 
 1270.000  2.070645e+02 
 1271.000  2.102348e+02 
 1272.000  2.113943e+02 
 1273.000  2.130076e+02 
 1274.000  2.139815e+02 
 1275.000  2.162511e+02 
 1276.000  2.171250e+02 
 1277.000  2.171433e+02 
 1278.000  2.166451e+02 
 1279.000  2.155201e+02 
 1280.000  2.155615e+02 
 1281.000  2.106399e+02 
 1282.000  1.880796e+02 
 1283.000  2.069660e+02 
 1284.000  2.155215e+02 
 1285.000  2.174488e+02 
 1286.000  2.166531e+02 
 1287.000  2.166276e+02 
 1288.000  2.103903e+02 
 1289.000  2.100977e+02 
 1290.000  2.050502e+02 
 1291.000  2.086173e+02 
 1292.000  2.115096e+02 
 1293.000  2.118557e+02 
 1294.000  2.063406e+02 
 1295.000  2.051678e+02 
 1296.000  2.017125e+02 
 1297.000  1.975527e+02 
 1298.000  1.954424e+02 
 1299.000  1.970873e+02 
 1300.000  1.958140e+02 
 1301.000  1.947144e+02 
 1302.000  1.901708e+02 
 1303.000  1.831954e+02 
 1304.000  1.809818e+02 
 1305.000  1.811005e+02 
 1306.000  1.803222e+02 
 1307.000  1.783428e+02 
 1308.000  1.744624e+02 
 1309.000  1.692856e+02 
 1310.000  1.680328e+02 
 1311.000  1.675038e+02 
 1312.000  1.612234e+02 
 1313.000  1.484655e+02 
 1314.000  1.480209e+02 
 1315.000  1.455333e+02 
 1316.000  1.528631e+02 
 1317.000  1.542559e+02 
 1318.000  1.455131e+02 
 1319.000  1.383755e+02 
 1320.000  1.272838e+02 
 1321.000  1.229311e+02 
 1322.000  1.287979e+02 
 1323.000  1.359595e+02 
 1324.000  1.396976e+02 
 1325.000  1.370813e+02 
 1326.000  1.297552e+02 
 1327.000  1.146961e+02 
 1328.000  1.006136e+02 
 1329.000  7.399580e+01 
 1330.000  6.719119e+01 
 1331.000  6.256708e+01 
 1332.000  6.266447e+01 
 1333.000  6.875256e+01 
 1334.000  7.507784e+01 
 1335.000  7.981792e+01 
 1336.000  8.070432e+01 
 1337.000  8.184376e+01 
 1338.000  8.524747e+01 
 1339.000  8.575479e+01 
 1340.000  8.812067e+01 
 1341.000  8.757889e+01 
 1342.000  8.780518e+01 
 1343.000  7.677147e+01 
 1344.000  6.479113e+01 
 1345.000  3.992405e+01 
 1346.000  2.549500e+01 
 1347.000  1.898533e+01 
 1348.000  1.082926e+01 
 1349.000  8.679620e+00 
 1350.000  4.153149e+00 
 1351.000  2.932642e+00 
 1352.000  1.271505e+00 
 1353.000  5.156051e-01 
 1354.000  2.695011e-01 
 1355.000  1.324639e-01 
 1356.000  5.884537e-02 
 1357.000  1.840336e-02 
 1358.000  8.819695e-03 
 1359.000  1.542295e-03 
 1360.000  5.939288e-04 
 1361.000  2.444625e-04 
 1362.000  2.023019e-04 
 1363.000  4.428491e-04 
 1364.000  6.184996e-04 
 1365.000  6.417228e-04 
 1366.000  8.893770e-04 
 1367.000  6.595934e-04 
 1368.000  5.930024e-04 
 1369.000  6.480956e-04 
 1370.000  2.546455e-03 
 1371.000  1.000330e-02 
 1372.000  4.797968e-02 
 1373.000  1.104085e-01 
 1374.000  1.806499e-01 
 1375.000  2.158172e-01 
 1376.000  1.822311e-01 
 1377.000  1.355806e-01 
 1378.000  6.944366e-02 
 1379.000  2.804598e-02 
 1380.000  7.066464e-03 
 1381.000  1.921884e-03 
 1382.000  7.984803e-04 
 1383.000  7.059383e-04 
 1384.000  2.251153e-03 
 1385.000  5.255690e-03 
 1386.000  1.472693e-02 
 1387.000  6.971727e-02 
 1388.000  1.346694e-01 
 1389.000  1.997971e-01 
 1390.000  2.157599e-01 
 1391.000  1.857864e-01 
 1392.000  9.618607e-02 
 1393.000  5.282638e-02 
 1394.000  2.850993e-02 
 1395.000  3.836355e-02 
 1396.000  8.054338e-02 
 1397.000  1.527309e-01 
 1398.000  1.640572e-01 
 1399.000  1.483308e-01 
 1400.000  1.315093e-01 
 1401.000  1.657469e-01 
 1402.000  2.706187e-01 
 1403.000  4.274655e-01 
 1404.000  3.724157e-01 
 1405.000  4.656557e-01 
 1406.000  3.883818e-01 
 1407.000  4.813922e-01 
 1408.000  7.459298e-01 
 1409.000  1.194720e+00 
 1410.000  1.954471e+00 
 1411.000  3.244584e+00 
 1412.000  3.160056e+00 
 1413.000  4.299970e+00 
 1414.000  4.078469e+00 
 1415.000  5.699002e+00 
 1416.000  6.810142e+00 
 1417.000  7.669201e+00 
 1418.000  7.834323e+00 
 1419.000  8.351599e+00 
 1420.000  8.873156e+00 
 1421.000  1.203739e+01 
 1422.000  1.317055e+01 
 1423.000  1.404554e+01 
 1424.000  1.391428e+01 
 1425.000  1.344493e+01 
 1426.000  1.305535e+01 
 1427.000  1.489222e+01 
 1428.000  1.653432e+01 
 1429.000  1.792476e+01 
 1430.000  1.756328e+01 
 1431.000  1.503344e+01 
 1432.000  1.394598e+01 
 1433.000  1.385393e+01 
 1434.000  1.267466e+01 
 1435.000  1.479912e+01 
 1436.000  1.571145e+01 
 1437.000  1.626921e+01 
 1438.000  1.882133e+01 
 1439.000  1.935545e+01 
 1440.000  1.909091e+01 
 1441.000  2.060481e+01 
 1442.000  1.920889e+01 
 1443.000  1.965579e+01 
 1444.000  2.062118e+01 
 1445.000  2.083257e+01 
 1446.000  2.297884e+01 
 1447.000  2.475385e+01 
 1448.000  2.529915e+01 
 1449.000  2.408780e+01 
 1450.000  2.205724e+01 
 1451.000  2.285771e+01 
 1452.000  2.619376e+01 
 1453.000  3.317873e+01 
 1454.000  4.098600e+01 
 1455.000  4.578356e+01 
 1456.000  5.128830e+01 
 1457.000  5.258730e+01 
 1458.000  5.440594e+01 
 1459.000  5.048705e+01 
 1460.000  4.623825e+01 
 1461.000  4.424887e+01 
 1462.000  3.908920e+01 
 1463.000  3.882689e+01 
 1464.000  3.748816e+01 
 1465.000  3.475843e+01 
 1466.000  3.030476e+01 
 1467.000  2.860574e+01 
 1468.000  2.540314e+01 
 1469.000  2.197220e+01 
 1470.000  2.063710e+01 
 1471.000  2.444384e+01 
 1472.000  3.066369e+01 
 1473.000  4.030651e+01 
 1474.000  4.704163e+01 
 1475.000  4.796574e+01 
 1476.000  4.804629e+01 
 1477.000  4.563706e+01 
 1478.000  4.258784e+01 
 1479.000  3.989916e+01 
 1480.000  4.211372e+01 
 1481.000  4.498910e+01 
 1482.000  4.969397e+01 
 1483.000  4.981760e+01 
 1484.000  5.041811e+01 
 1485.000  5.079917e+01 
 1486.000  5.367477e+01 
 1487.000  6.192835e+01 
 1488.000  5.478123e+01 
 1489.000  7.424258e+01 
 1490.000  8.489026e+01 
 1491.000  9.180701e+01 
 1492.000  9.082363e+01 
 1493.000  9.670184e+01 
 1494.000  9.689536e+01 
 1495.000  1.003768e+02 
 1496.000  1.043683e+02 
 1497.000  1.072653e+02 
 1498.000  1.145882e+02 
 1499.000  1.186678e+02 
 1500.000  1.250200e+02 
 1501.000  1.235247e+02 
 1502.000  1.202769e+02 
 1503.000  1.066433e+02 
 1504.000  1.125021e+02 
 1505.000  1.164704e+02 
 1506.000  1.182129e+02 
 1507.000  1.276496e+02 
 1508.000  1.277751e+02 
 1509.000  1.305796e+02 
 1510.000  1.333859e+02 
 1511.000  1.356265e+02 
 1512.000  1.341107e+02 
 1513.000  1.343937e+02 
 1514.000  1.325570e+02 
 1515.000  1.363623e+02 
 1516.000  1.355076e+02 
 1517.000  1.357748e+02 
 1518.000  1.404492e+02 
 1519.000  1.408732e+02 
 1520.000  1.449582e+02 
 1521.000  1.439105e+02 
 1522.000  1.431126e+02 
 1523.000  1.471336e+02 
 1524.000  1.455443e+02 
 1525.000  1.417236e+02 
 1526.000  1.459089e+02 
 1527.000  1.450889e+02 
 1528.000  1.470291e+02 
 1529.000  1.465784e+02 
 1530.000  1.379511e+02 
 1531.000  1.480706e+02 
 1532.000  1.478500e+02 
 1533.000  1.475385e+02 
 1534.000  1.456398e+02 
 1535.000  1.465575e+02 
 1536.000  1.485281e+02 
 1537.000  1.493974e+02 
 1538.000  1.457304e+02 
 1539.000  1.491309e+02 
 1540.000  1.438485e+02 
 1541.000  1.469700e+02 
 1542.000  1.478428e+02 
 1543.000  1.475747e+02 
 1544.000  1.496961e+02 
 1545.000  1.506310e+02 
 1546.000  1.510741e+02 
 1547.000  1.498554e+02 
 1548.000  1.455112e+02 
 1549.000  1.492382e+02 
 1550.000  1.484156e+02 
 1551.000  1.476192e+02 
 1552.000  1.501565e+02 
 1553.000  1.494479e+02 
 1554.000  1.439346e+02 
 1555.000  1.464621e+02 
 1556.000  1.437295e+02 
 1557.000  1.484913e+02 
 1558.000  1.472765e+02 
 1559.000  1.471995e+02 
 1560.000  1.446555e+02 
 1561.000  1.479410e+02 
 1562.000  1.477948e+02 
 1563.000  1.454233e+02 
 1564.000  1.422729e+02 
 1565.000  1.440174e+02 
 1566.000  1.412866e+02 
 1567.000  1.405535e+02 
 1568.000  1.365840e+02 
 1569.000  1.358914e+02 
 1570.000  1.315256e+02 
 1571.000  1.350487e+02 
 1572.000  1.347796e+02 
 1573.000  1.329182e+02 
 1574.000  1.337748e+02 
 1575.000  1.244724e+02 
 1576.000  1.337229e+02 
 1577.000  1.208828e+02 
 1578.000  1.324477e+02 
 1579.000  1.334895e+02 
 1580.000  1.367335e+02 
 1581.000  1.358261e+02 
 1582.000  1.336251e+02 
 1583.000  1.357601e+02 
 1584.000  1.350260e+02 
 1585.000  1.393634e+02 
 1586.000  1.376118e+02 
 1587.000  1.363923e+02 
 1588.000  1.345455e+02 
 1589.000  1.231017e+02 
 1590.000  1.325246e+02 
 1591.000  1.295619e+02 
 1592.000  1.362495e+02 
 1593.000  1.389392e+02 
 1594.000  1.375228e+02 
 1595.000  1.379118e+02 
 1596.000  1.291860e+02 
 1597.000  1.336282e+02 
 1598.000  1.349604e+02 
 1599.000  1.290758e+02 
 1600.000  1.301335e+02 
 1601.000  1.246540e+02 
 1602.000  1.276037e+02 
 1603.000  1.270512e+02 
 1604.000  1.292539e+02 
 1605.000  1.273410e+02 
 1606.000  1.270378e+02 
 1607.000  1.273519e+02 
 1608.000  1.286218e+02 
 1609.000  1.281258e+02 
 1610.000  1.202808e+02 
 1611.000  1.244562e+02 
 1612.000  1.263994e+02 
 1613.000  1.299327e+02 
 1614.000  1.286556e+02 
 1615.000  1.313304e+02 
 1616.000  1.234945e+02 
 1617.000  1.276475e+02 
 1618.000  1.316224e+02 
 1619.000  1.317286e+02 
 1620.000  1.288806e+02 
 1621.000  1.273051e+02 
 1622.000  1.305075e+02 
 1623.000  1.333491e+02 
 1624.000  1.343638e+02 
 1625.000  1.314060e+02 
 1626.000  1.326733e+02 
 1627.000  1.325506e+02 
 1628.000  1.334823e+02 
 1629.000  1.332948e+02 
 1630.000  1.293782e+02 
 1631.000  1.313995e+02 
 1632.000  1.310829e+02 
 1633.000  1.293195e+02 
 1634.000  1.260795e+02 
 1635.000  1.294579e+02 
 1636.000  1.288573e+02 
 1637.000  1.228202e+02 
 1638.000  1.219225e+02 
 1639.000  1.202562e+02 
 1640.000  1.207649e+02 
 1641.000  1.197671e+02 
 1642.000  1.196137e+02 
 1643.000  1.225683e+02 
 1644.000  1.205328e+02 
 1645.000  1.205734e+02 
 1646.000  1.220202e+02 
 1647.000  1.231361e+02 
 1648.000  1.224619e+02 
 1649.000  1.196103e+02 
 1650.000  1.226391e+02 
 1651.000  1.198914e+02 
 1652.000  1.221897e+02 
 1653.000  1.210145e+02 
 1654.000  1.223699e+02 
 1655.000  1.201736e+02 
 1656.000  1.226591e+02 
 1657.000  1.217662e+02 
 1658.000  1.226449e+02 
 1659.000  1.204251e+02 
 1660.000  1.217169e+02 
 1661.000  1.221847e+02 
 1662.000  1.211916e+02 
 1663.000  1.204159e+02 
 1664.000  1.198641e+02 
 1665.000  1.186447e+02 
 1666.000  1.182996e+02 
 1667.000  1.197813e+02 
 1668.000  1.177507e+02 
 1669.000  1.181904e+02 
 1670.000  1.208461e+02 
 1671.000  1.200713e+02 
 1672.000  1.143859e+02 
 1673.000  1.174990e+02 
 1674.000  1.178776e+02 
 1675.000  1.167781e+02 
 1676.000  1.148611e+02 
 1677.000  1.154952e+02 
 1678.000  1.163203e+02 
 1679.000  1.147281e+02 
 1680.000  1.109038e+02 
 1681.000  1.071197e+02 
 1682.000  1.102098e+02 
 1683.000  1.128809e+02 
 1684.000  1.149285e+02 
 1685.000  1.150762e+02 
 1686.000  1.136927e+02 
 1687.000  1.138363e+02 
 1688.000  1.136622e+02 
 1689.000  1.122879e+02 
 1690.000  1.119135e+02 
 1691.000  1.133220e+02 
 1692.000  1.135221e+02 
 1693.000  1.131614e+02 
 1694.000  1.129938e+02 
 1695.000  1.128524e+02 
 1696.000  1.121885e+02 
 1697.000  1.113823e+02 
 1698.000  1.119877e+02 
 1699.000  1.112661e+02 
 1700.000  1.098639e+02 
 1701.000  1.101768e+02 
 1702.000  1.098115e+02 
 1703.000  1.073429e+02 
 1704.000  1.088983e+02 
 1705.000  1.093905e+02 
 1706.000  1.076601e+02 
 1707.000  1.071740e+02 
 1708.000  1.042796e+02 
 1709.000  1.061843e+02 
 1710.000  1.073598e+02 
 1711.000  9.917104e+01 
 1712.000  1.060878e+02 
 1713.000  1.064047e+02 
 1714.000  1.065058e+02 
 1715.000  1.065561e+02 
 1716.000  1.061087e+02 
 1717.000  1.052171e+02 
 1718.000  1.046408e+02 
 1719.000  1.051082e+02 
 1720.000  1.017783e+02 
 1721.000  1.002677e+02 
 1722.000  1.012657e+02 
 1723.000  9.546942e+01 
 1724.000  9.688371e+01 
 1725.000  9.864529e+01 
 1726.000  1.001596e+02 
 1727.000  9.965157e+01 
 1728.000  9.739888e+01 
 1729.000  9.965560e+01 
 1730.000  9.982280e+01 
 1731.000  9.762912e+01 
 1732.000  9.594141e+01 
 1733.000  8.980382e+01 
 1734.000  9.125946e+01 
 1735.000  9.081483e+01 
 1736.000  8.638110e+01 
 1737.000  8.500857e+01 
 1738.000  8.891208e+01 
 1739.000  9.024899e+01 
 1740.000  9.005643e+01 
 1741.000  8.780870e+01 
 1742.000  9.054558e+01 
 1743.000  8.860876e+01 
 1744.000  8.947201e+01 
 1745.000  8.682584e+01 
 1746.000  8.686086e+01 
 1747.000  8.508628e+01 
 1748.000  8.818573e+01 
 1749.000  8.789892e+01 
 1750.000  8.747134e+01 
 1751.000  8.605772e+01 
 1752.000  8.641332e+01 
 1753.000  8.613534e+01 
 1754.000  8.616343e+01 
 1755.000  8.404020e+01 
 1756.000  8.501225e+01 
 1757.000  8.507280e+01 
 1758.000  8.482372e+01 
 1759.000  8.517188e+01 
 1760.000  8.394588e+01 
 1761.000  8.104261e+01 
 1762.000  7.903153e+01 
 1763.000  7.861130e+01 
 1764.000  7.466439e+01 
 1765.000  7.596684e+01 
 1766.000  7.497414e+01 
 1767.000  7.531653e+01 
 1768.000  7.423811e+01 
 1769.000  7.444585e+01 
 1770.000  7.279099e+01 
 1771.000  7.291869e+01 
 1772.000  7.161310e+01 
 1773.000  7.142058e+01 
 1774.000  6.669674e+01 
 1775.000  6.254406e+01 
 1776.000  6.216725e+01 
 1777.000  5.859948e+01 
 1778.000  5.617828e+01 
 1779.000  5.674390e+01 
 1780.000  5.493339e+01 
 1781.000  5.411898e+01 
 1782.000  5.340677e+01 
 1783.000  5.078807e+01 
 1784.000  5.083195e+01 
 1785.000  5.072657e+01 
 1786.000  5.075823e+01 
 1787.000  5.116905e+01 
 1788.000  5.084252e+01 
 1789.000  4.588242e+01 
 1790.000  4.553395e+01 
 1791.000  4.118395e+01 
 1792.000  3.976743e+01 
 1793.000  3.466676e+01 
 1794.000  3.107921e+01 
 1795.000  3.133854e+01 
 1796.000  2.635042e+01 
 1797.000  2.287950e+01 
 1798.000  2.296312e+01 
 1799.000  1.687001e+01 
 1800.000  1.678437e+01 
 1801.000  1.273834e+01 
 1802.000  1.023984e+01 
 1803.000  1.019507e+01 
 1804.000  1.002487e+01 
 1805.000  9.359151e+00 
 1806.000  7.778617e+00 
 1807.000  7.299980e+00 
 1808.000  6.618491e+00 
 1809.000  4.759573e+00 
 1810.000  3.509915e+00 
 1811.000  3.506031e+00 
 1812.000  2.340798e+00 
 1813.000  2.346887e+00 
 1814.000  1.899328e+00 
 1815.000  1.020603e+00 
 1816.000  1.007213e+00 
 1817.000  8.129969e-01 
 1818.000  6.450360e-01 
 1819.000  4.577288e-01 
 1820.000  3.890855e-01 
 1821.000  3.921981e-01 
 1822.000  2.903982e-01 
 1823.000  2.861829e-01 
 1824.000  2.451714e-01 
 1825.000  8.508322e-02 
 1826.000  8.562363e-02 
 1827.000  4.720156e-02 
 1828.000  3.529765e-02 
 1829.000  1.090878e-02 
 1830.000  5.046085e-03 
 1831.000  5.040099e-03 
 1832.000  1.968238e-03 
 1833.000  1.899469e-03 
 1834.000  7.423738e-04 
 1835.000  1.395409e-04 
 1836.000  1.400395e-04 
 1837.000  7.019044e-05 
 1838.000  5.552737e-05 
 1839.000  8.019292e-05 
 1840.000  1.894266e-04 
 1841.000  1.938681e-04 
 1842.000  3.734949e-04 
 1843.000  3.621311e-04 
 1844.000  5.774898e-04 
 1845.000  5.057783e-04 
 1846.000  3.558978e-04 
 1847.000  2.106014e-04 
 1848.000  2.173089e-04 
 1849.000  2.157467e-04 
 1850.000  2.179290e-04 
 1851.000  2.012914e-04 
 1852.000  2.167793e-04 
 1853.000  2.123123e-04 
 1854.000  2.183798e-04 
 1855.000  2.354194e-04 
 1856.000  2.740009e-04 
 1857.000  2.856051e-04 
 1858.000  4.831868e-04 
 1859.000  1.192723e-03 
 1860.000  1.180618e-03 
 1861.000  2.965750e-03 
 1862.000  2.612740e-03 
 1863.000  3.006379e-03 
 1864.000  2.273243e-03 
 1865.000  2.286465e-03 
 1866.000  7.391403e-04 
 1867.000  7.282147e-04 
 1868.000  7.491990e-05 
 1869.000  8.452866e-05 
 1870.000  8.711717e-06 
 1871.000  8.763385e-10 
 1872.000  8.705776e-10 
 1873.000  1.395772e-05 
 1874.000  1.395714e-05 
 1875.000  1.323533e-04 
 1876.000  1.289195e-04 
 1877.000  1.426608e-03 
 1878.000  5.210919e-03 
 1879.000  5.330119e-03 
 1880.000  1.229740e-02 
 1881.000  1.268703e-02 
 1882.000  2.046787e-02 
 1883.000  2.520061e-02 
 1884.000  3.379961e-02 
 1885.000  3.365274e-02 
 1886.000  3.265160e-02 
 1887.000  3.813689e-02 
 1888.000  3.765868e-02 
 1889.000  2.646839e-02 
 1890.000  2.550417e-02 
 1891.000  2.048032e-02 
 1892.000  1.987701e-02 
 1893.000  1.591679e-02 
 1894.000  1.228135e-02 
 1895.000  1.199869e-02 
 1896.000  6.733909e-03 
 1897.000  6.711443e-03 
 1898.000  2.334025e-03 
 1899.000  2.300067e-03 
 1900.000  9.235290e-04 
 1901.000  9.283098e-04 
 1902.000  6.044591e-04 
 1903.000  1.109132e-03 
 1904.000  1.100553e-03 
 1905.000  2.381159e-03 
 1906.000  2.393968e-03 
 1907.000  4.507558e-03 
 1908.000  4.429254e-03 
 1909.000  5.451064e-03 
 1910.000  5.465448e-03 
 1911.000  6.109285e-03 
 1912.000  6.448053e-03 
 1913.000  1.133998e-02 
 1914.000  1.712617e-02 
 1915.000  1.703400e-02 
 1916.000  5.219221e-02 
 1917.000  5.251963e-02 
 1918.000  8.294246e-02 
 1919.000  8.267678e-02 
 1920.000  1.552440e-01 
 1921.000  1.616219e-01 
 1922.000  2.212583e-01 
 1923.000  2.512413e-01 
 1924.000  3.083881e-01 
 1925.000  3.230868e-01 
 1926.000  3.250943e-01 
 1927.000  4.718223e-01 
 1928.000  4.673456e-01 
 1929.000  5.385709e-01 
 1930.000  5.602702e-01 
 1931.000  9.869934e-01 
 1932.000  1.017849e+00 
 1933.000  1.203849e+00 
 1934.000  1.483410e+00 
 1935.000  1.956838e+00 
 1936.000  1.984038e+00 
 1937.000  2.126388e+00 
 1938.000  2.913850e+00 
 1939.000  2.784660e+00 
 1940.000  3.475854e+00 
 1941.000  3.510318e+00 
 1942.000  4.738081e+00 
 1943.000  4.599649e+00 
 1944.000  5.180523e+00 
 1945.000  4.868160e+00 
 1946.000  6.722739e+00 
 1947.000  7.142729e+00 
 1948.000  8.076378e+00 
 1949.000  8.590010e+00 
 1950.000  9.442456e+00 
 1951.000  9.169065e+00 
 1952.000  9.204332e+00 
 1953.000  9.875344e+00 
 1954.000  9.947624e+00 
 1955.000  9.935335e+00 
 1956.000  9.553996e+00 
 1957.000  1.059423e+01 
 1958.000  1.064393e+01 
 1959.000  1.258879e+01 
 1960.000  1.249417e+01 
 1961.000  1.570337e+01 
 1962.000  1.539115e+01 
 1963.000  1.905417e+01 
 1964.000  1.907633e+01 
 1965.000  2.416335e+01 
 1966.000  2.357294e+01 
 1967.000  2.740274e+01 
 1968.000  2.748586e+01 
 1969.000  3.095528e+01 
 1970.000  3.122801e+01 
 1971.000  3.338689e+01 
 1972.000  3.336727e+01 
 1973.000  3.377317e+01 
 1974.000  3.469910e+01 
 1975.000  3.742316e+01 
 1976.000  3.765253e+01 
 1977.000  3.958835e+01 
 1978.000  3.757191e+01 
 1979.000  4.130449e+01 
 1980.000  4.013577e+01 
 1981.000  4.274172e+01 
 1982.000  4.312033e+01 
 1983.000  4.406611e+01 
 1984.000  4.369188e+01 
 1985.000  4.430915e+01 
 1986.000  4.342300e+01 
 1987.000  4.410616e+01 
 1988.000  4.538855e+01 
 1989.000  4.519150e+01 
 1990.000  4.506189e+01 
 1991.000  4.482286e+01 
 1992.000  4.426083e+01 
 1993.000  4.229892e+01 
 1994.000  4.264016e+01 
 1995.000  4.010848e+01 
 1996.000  4.014373e+01 
 1997.000  3.358504e+01 
 1998.000  3.294894e+01 
 1999.000  2.571006e+01 
 2000.000  2.575378e+01 
 2001.000  1.926937e+01 
 2002.000  1.930054e+01 
 2003.000  1.619991e+01 
 2004.000  1.620501e+01 
 2005.000  1.661996e+01 
 2006.000  1.618859e+01 
 2007.000  1.832854e+01 
 2008.000  1.832969e+01 
 2009.000  1.972429e+01 
 2010.000  1.976070e+01 
 2011.000  2.018929e+01 
 2012.000  2.017962e+01 
 2013.000  2.055692e+01 
 2014.000  2.035544e+01 
 2015.000  2.144101e+01 
 2016.000  2.142006e+01 
 2017.000  2.396611e+01 
 2018.000  2.402286e+01 
 2019.000  2.850527e+01 
 2020.000  2.830647e+01 
 2021.000  3.214421e+01 
 2022.000  3.327726e+01 
 2023.000  3.809372e+01 
 2024.000  3.814100e+01 
 2025.000  4.154130e+01 
 2026.000  4.191835e+01 
 2027.000  4.425968e+01 
 2028.000  4.442752e+01 
 2029.000  4.576159e+01 
 2030.000  4.522683e+01 
 2031.000  4.712334e+01 
 2032.000  4.791026e+01 
 2033.000  4.924762e+01 
 2034.000  4.920916e+01 
 2035.000  4.823796e+01 
 2036.000  4.936946e+01 
 2037.000  4.969429e+01 
 2038.000  4.702873e+01 
 2039.000  4.852977e+01 
 2040.000  4.892430e+01 
 2041.000  4.842216e+01 
 2042.000  4.797180e+01 
 2043.000  4.727316e+01 
 2044.000  4.726498e+01 
 2045.000  4.547309e+01 
 2046.000  4.544230e+01 
 2047.000  4.519622e+01 
 2048.000  4.209948e+01 
 2049.000  4.233365e+01 
 2050.000  3.873521e+01 
 2051.000  3.852084e+01 
 2052.000  3.614600e+01 
 2053.000  3.564024e+01 
 2054.000  3.522768e+01 
 2055.000  3.549536e+01 
 2056.000  3.601247e+01 
 2057.000  3.587373e+01 
 2058.000  3.692941e+01 
 2059.000  3.694238e+01 
 2060.000  3.720630e+01 
 2061.000  3.622130e+01 
 2062.000  3.731067e+01 
 2063.000  3.717213e+01 
 2064.000  3.503318e+01 
 2065.000  3.708708e+01 
 2066.000  3.713387e+01 
 2067.000  3.756051e+01 
 2068.000  3.724237e+01 
 2069.000  3.836862e+01 
 2070.000  3.708363e+01 
 2071.000  4.028893e+01 
 2072.000  3.982746e+01 
 2073.000  4.258734e+01 
 2074.000  4.252361e+01 
 2075.000  4.430239e+01 
 2076.000  4.425207e+01 
 2077.000  4.562068e+01 
 2078.000  4.561023e+01 
 2079.000  4.485320e+01 
 2080.000  4.624178e+01 
 2081.000  4.579144e+01 
 2082.000  4.667493e+01 
 2083.000  4.586093e+01 
 2084.000  4.648706e+01 
 2085.000  4.687460e+01 
 2086.000  4.751566e+01 
 2087.000  4.749281e+01 
 2088.000  4.802729e+01 
 2089.000  4.809522e+01 
 2090.000  4.836299e+01 
 2091.000  4.800149e+01 
 2092.000  4.617052e+01 
 2093.000  4.780284e+01 
 2094.000  4.825290e+01 
 2095.000  4.668807e+01 
 2096.000  4.809442e+01 
 2097.000  4.782770e+01 
 2098.000  4.776234e+01 
 2099.000  4.809873e+01 
 2100.000  4.822658e+01 
 2101.000  4.857905e+01 
 2102.000  4.891080e+01 
 2103.000  4.816478e+01 
 2104.000  4.914036e+01 
 2105.000  4.909910e+01 
 2106.000  4.955846e+01 
 2107.000  4.941004e+01 
 2108.000  4.939774e+01 
 2109.000  4.914467e+01 
 2110.000  4.782334e+01 
 2111.000  4.893719e+01 
 2112.000  4.870292e+01 
 2113.000  4.845570e+01 
 2114.000  4.860796e+01 
 2115.000  4.843216e+01 
 2116.000  4.810116e+01 
 2117.000  4.687666e+01 
 2118.000  4.796109e+01 
 2119.000  4.839737e+01 
 2120.000  4.723882e+01 
 2121.000  4.846109e+01 
 2122.000  4.804358e+01 
 2123.000  4.807639e+01 
 2124.000  4.757332e+01 
 2125.000  4.860109e+01 
 2126.000  4.915305e+01 
 2127.000  4.829752e+01 
 2128.000  4.960342e+01 
 2129.000  4.949170e+01 
 2130.000  4.946982e+01 
 2131.000  4.976808e+01 
 2132.000  4.967987e+01 
 2133.000  4.976788e+01 
 2134.000  4.961776e+01 
 2135.000  4.975145e+01 
 2136.000  4.793528e+01 
 2137.000  4.960397e+01 
 2138.000  4.959354e+01 
 2139.000  4.934512e+01 
 2140.000  4.932054e+01 
 2141.000  4.936541e+01 
 2142.000  4.897352e+01 
 2143.000  4.872862e+01 
 2144.000  4.814876e+01 
 2145.000  4.766919e+01 
 2146.000  4.641366e+01 
 2147.000  4.688505e+01 
 2148.000  4.690566e+01 
 2149.000  4.573682e+01 
 2150.000  4.568135e+01 
 2151.000  4.485411e+01 
 2152.000  4.474422e+01 
 2153.000  4.430729e+01 
 2154.000  4.441222e+01 
 2155.000  4.439166e+01 
 2156.000  4.454013e+01 
 2157.000  4.442658e+01 
 2158.000  4.445345e+01 
 2159.000  4.424766e+01 
 2160.000  4.419372e+01 
 2161.000  4.414966e+01 
 2162.000  4.355792e+01 
 2163.000  4.371089e+01 
 2164.000  4.309864e+01 
 2165.000  4.176384e+01 
 2166.000  3.751507e+01 
 2167.000  4.113476e+01 
 2168.000  4.243661e+01 
 2169.000  4.356222e+01 
 2170.000  4.362603e+01 
 2171.000  4.400620e+01 
 2172.000  4.375872e+01 
 2173.000  4.391631e+01 
 2174.000  4.359114e+01 
 2175.000  4.364423e+01 
 2176.000  4.337648e+01 
 2177.000  4.282501e+01 
 2178.000  4.313718e+01 
 2179.000  4.118574e+01 
 2180.000  4.284821e+01 
 2181.000  4.278040e+01 
 2182.000  4.210566e+01 
 2183.000  4.106663e+01 
 2184.000  4.212967e+01 
 2185.000  4.223636e+01 
 2186.000  4.243797e+01 
 2187.000  4.238171e+01 
 2188.000  4.131051e+01 
 2189.000  4.127183e+01 
 2190.000  4.177231e+01 
 2191.000  4.235267e+01 
 2192.000  4.223698e+01 
 2193.000  4.159090e+01 
 2194.000  4.148229e+01 
 2195.000  4.135888e+01 
 2196.000  4.065091e+01 
 2197.000  4.049120e+01 
 2198.000  4.014313e+01 
 2199.000  4.008561e+01 
 2200.000  3.993661e+01 
 2201.000  4.018517e+01 
 2202.000  4.012041e+01 
 2203.000  4.091728e+01 
 2204.000  4.092471e+01 
 2205.000  4.080762e+01 
 2206.000  4.015830e+01 
 2207.000  3.964676e+01 
 2208.000  4.198065e+01 
 2209.000  4.111288e+01 
 2210.000  4.260991e+01 
 2211.000  4.257203e+01 
 2212.000  4.243662e+01 
 2213.000  4.251005e+01 
 2214.000  4.233945e+01 
 2215.000  4.240021e+01 
 2216.000  4.204394e+01 
 2217.000  4.143591e+01 
 2218.000  4.197278e+01 
 2219.000  4.210679e+01 
 2220.000  4.203126e+01 
 2221.000  4.195852e+01 
 2222.000  4.179222e+01 
 2223.000  4.186935e+01 
 2224.000  4.176567e+01 
 2225.000  4.164430e+01 
 2226.000  4.092491e+01 
 2227.000  4.104094e+01 
 2228.000  4.108124e+01 
 2229.000  4.145017e+01 
 2230.000  4.102646e+01 
 2231.000  4.108880e+01 
 2232.000  4.108570e+01 
 2233.000  4.096296e+01 
 2234.000  4.088630e+01 
 2235.000  4.062837e+01 
 2236.000  4.046431e+01 
 2237.000  4.048137e+01 
 2238.000  3.997010e+01 
 2239.000  3.913094e+01 
 2240.000  3.957539e+01 
 2241.000  3.996568e+01 
 2242.000  3.987726e+01 
 2243.000  3.918106e+01 
 2244.000  3.947852e+01 
 2245.000  3.947835e+01 
 2246.000  3.939358e+01 
 2247.000  3.935536e+01 
 2248.000  3.828027e+01 
 2249.000  3.907716e+01 
 2250.000  3.871776e+01 
 2251.000  3.867207e+01 
 2252.000  3.873199e+01 
 2253.000  3.811593e+01 
 2254.000  3.716343e+01 
 2255.000  3.790577e+01 
 2256.000  3.761942e+01 
 2257.000  3.761523e+01 
 2258.000  3.751489e+01 
 2259.000  3.755699e+01 
 2260.000  3.720864e+01 
 2261.000  3.702622e+01 
 2262.000  3.709373e+01 
 2263.000  3.575993e+01 
 2264.000  3.707537e+01 
 2265.000  3.685589e+01 
 2266.000  3.636664e+01 
 2267.000  3.668851e+01 
 2268.000  3.672263e+01 
 2269.000  3.663805e+01 
 2270.000  3.652930e+01 
 2271.000  3.628394e+01 
 2272.000  3.661934e+01 
 2273.000  3.659367e+01 
 2274.000  3.648449e+01 
 2275.000  3.594303e+01 
 2276.000  3.642913e+01 
 2277.000  3.643558e+01 
 2278.000  3.640093e+01 
 2279.000  3.628798e+01 
 2280.000  3.617822e+01 
 2281.000  3.431412e+01 
 2282.000  3.542972e+01 
 2283.000  3.552978e+01 
 2284.000  3.537085e+01 
 2285.000  3.524305e+01 
 2286.000  3.502877e+01 
 2287.000  3.509916e+01 
 2288.000  3.497213e+01 
 2289.000  3.442294e+01 
 2290.000  3.442164e+01 
 2291.000  3.378579e+01 
 2292.000  3.395254e+01 
 2293.000  3.388545e+01 
 2294.000  3.192090e+01 
 2295.000  3.276638e+01 
 2296.000  3.263682e+01 
 2297.000  3.208334e+01 
 2298.000  3.279516e+01 
 2299.000  3.293764e+01 
 2300.000  3.284970e+01 
 2301.000  3.282466e+01 
 2302.000  3.333902e+01 
 2303.000  3.323999e+01 
 2304.000  3.312310e+01 
 2305.000  3.364289e+01 
 2306.000  3.367820e+01 
 2307.000  3.371606e+01 
 2308.000  3.371056e+01 
 2309.000  3.348635e+01 
 2310.000  3.318012e+01 
 2311.000  3.328402e+01 
 2312.000  3.312819e+01 
 2313.000  3.246149e+01 
 2314.000  3.227209e+01 
 2315.000  3.074105e+01 
 2316.000  3.119099e+01 
 2317.000  3.088759e+01 
 2318.000  3.275629e+01 
 2319.000  3.262484e+01 
 2320.000  3.073163e+01 
 2321.000  3.080166e+01 
 2322.000  3.077755e+01 
 2323.000  2.955043e+01 
 2324.000  3.037089e+01 
 2325.000  3.061877e+01 
 2326.000  3.046935e+01 
 2327.000  3.104789e+01 
 2328.000  3.125581e+01 
 2329.000  3.095155e+01 
 2330.000  3.089820e+01 
 2331.000  3.074486e+01 
 2332.000  3.029189e+01 
 2333.000  3.027082e+01 
 2334.000  2.933660e+01 
 2335.000  2.891982e+01 
 2336.000  2.910865e+01 
 2337.000  2.824151e+01 
 2338.000  2.809555e+01 
 2339.000  2.736847e+01 
 2340.000  2.738289e+01 
 2341.000  2.741589e+01 
 2342.000  2.682152e+01 
 2343.000  2.669487e+01 
 2344.000  2.661709e+01 
 2345.000  2.618751e+01 
 2346.000  2.625002e+01 
 2347.000  2.608124e+01 
 2348.000  2.587284e+01 
 2349.000  2.599668e+01 
 2350.000  2.583190e+01 
 2351.000  2.602916e+01 
 2352.000  2.562473e+01 
 2353.000  2.502419e+01 
 2354.000  2.567490e+01 
 2355.000  2.596772e+01 
 2356.000  2.645073e+01 
 2357.000  2.623669e+01 
 2358.000  2.621975e+01 
 2359.000  2.670274e+01 
 2360.000  2.672583e+01 
 2361.000  2.652994e+01 
 2362.000  2.591155e+01 
 2363.000  2.587516e+01 
 2364.000  2.591406e+01 
 2365.000  2.487294e+01 
 2366.000  2.492427e+01 
 2367.000  2.362229e+01 
 2368.000  2.350385e+01 
 2369.000  2.327896e+01 
 2370.000  2.243247e+01 
 2371.000  2.269271e+01 
 2372.000  2.270001e+01 
 2373.000  2.256241e+01 
 2374.000  2.146098e+01 
 2375.000  2.214342e+01 
 2376.000  2.205291e+01 
 2377.000  2.198205e+01 
 2378.000  2.191730e+01 
 2379.000  2.207710e+01 
 2380.000  2.200555e+01 
 2381.000  2.146825e+01 
 2382.000  2.152042e+01 
 2383.000  2.048812e+01 
 2384.000  2.046843e+01 
 2385.000  2.062691e+01 
 2386.000  2.077826e+01 
 2387.000  2.081875e+01 
 2388.000  2.137741e+01 
 2389.000  2.130052e+01 
 2390.000  2.183943e+01 
 2391.000  2.180171e+01 
 2392.000  2.169011e+01 
 2393.000  2.184730e+01 
 2394.000  2.213136e+01 
 2395.000  2.193608e+01 
 2396.000  2.185016e+01 
 2397.000  2.195260e+01 
 2398.000  2.173728e+01 
 2399.000  2.145561e+01 
 2400.000  2.125539e+01 
 2401.000  2.065112e+01 
 2402.000  2.075644e+01 
 2403.000  2.060488e+01 
 2404.000  1.933661e+01 
 2405.000  1.946449e+01 
 2406.000  1.918191e+01 
 2407.000  1.819159e+01 
 2408.000  1.822369e+01 
 2409.000  1.816533e+01 
 2410.000  1.694009e+01 
 2411.000  1.695629e+01 
 2412.000  1.693542e+01 
 2413.000  1.610540e+01 
 2414.000  1.554506e+01 
 2415.000  1.545328e+01 
 2416.000  1.496367e+01 
 2417.000  1.563925e+01 
 2418.000  1.577578e+01 
 2419.000  1.713397e+01 
 2420.000  1.695102e+01 
 2421.000  1.693711e+01 
 2422.000  1.783704e+01 
 2423.000  1.771206e+01 
 2424.000  1.776520e+01 
 2425.000  1.804580e+01 
 2426.000  1.827407e+01 
 2427.000  1.799116e+01 
 2428.000  1.788807e+01 
 2429.000  1.800936e+01 
 2430.000  1.790205e+01 
 2431.000  1.725335e+01 
 2432.000  1.736075e+01 
 2433.000  1.718094e+01 
 2434.000  1.609819e+01 
 2435.000  1.592227e+01 
 2436.000  1.636821e+01 
 2437.000  1.627268e+01 
 2438.000  1.588262e+01 
 2439.000  1.620436e+01 
 2440.000  1.520050e+01 
 2441.000  1.502451e+01 
 2442.000  1.511769e+01 
 2443.000  1.354387e+01 
 2444.000  1.347689e+01 
 2445.000  1.224859e+01 
 2446.000  1.189558e+01 
 2447.000  1.192337e+01 
 2448.000  1.150326e+01 
 2449.000  1.150395e+01 
 2450.000  1.158500e+01 
 2451.000  1.169803e+01 
 2452.000  1.169319e+01 
 2453.000  1.187602e+01 
 2454.000  1.333605e+01 
 2455.000  1.319941e+01 
 2456.000  1.317707e+01 
 2457.000  1.254267e+01 
 2458.000  1.355119e+01 
 2459.000  1.364563e+01 
 2460.000  1.356247e+01 
 2461.000  1.282883e+01 
 2462.000  1.286311e+01 
 2463.000  1.260617e+01 
 2464.000  1.165469e+01 
 2465.000  1.156401e+01 
 2466.000  1.147457e+01 
 2467.000  1.024737e+01 
 2468.000  1.024720e+01 
 2469.000  9.975812e+00 
 2470.000  7.974246e+00 
 2471.000  8.315282e+00 
 2472.000  8.282883e+00 
 2473.000  7.703748e+00 
 2474.000  7.567149e+00 
 2475.000  7.522853e+00 
 2476.000  6.068261e+00 
 2477.000  6.157805e+00 
 2478.000  6.128590e+00 
 2479.000  4.752020e+00 
 2480.000  4.821430e+00 
 2481.000  4.584356e+00 
 2482.000  3.590874e+00 
 2483.000  3.491449e+00 
 2484.000  3.655128e+00 
 2485.000  2.945252e+00 
 2486.000  2.927665e+00 
 2487.000  2.644828e+00 
 2488.000  2.562626e+00 
 2489.000  2.561081e+00 
 2490.000  2.574682e+00 
 2491.000  2.635382e+00 
 2492.000  2.646390e+00 
 2493.000  2.604710e+00 
 2494.000  2.557660e+00 
 2495.000  2.530007e+00 
 2496.000  2.514442e+00 
 2497.000  2.768034e+00 
 2498.000  2.749535e+00 
 2499.000  2.762834e+00 
 2500.000  2.495707e+00 
 2501.000  2.037367e+00 
 2502.000  2.049782e+00 
 2503.000  2.028682e+00 
 2504.000  1.775467e+00 
 2505.000  1.795733e+00 
 2506.000  1.567061e+00 
 2507.000  9.628250e-01 
 2508.000  9.494490e-01 
 2509.000  9.459531e-01 
 2510.000  6.839523e-01 
 2511.000  6.882289e-01 
 2512.000  5.513723e-01 
 2513.000  2.924013e-01 
 2514.000  2.919384e-01 
 2515.000  2.905865e-01 
 2516.000  2.349654e-01 
 2517.000  2.330327e-01 
 2518.000  2.294449e-01 
 2519.000  8.130752e-02 
 2520.000  8.120987e-02 
 2521.000  8.138050e-02 
 2522.000  8.119529e-02 
 2523.000  4.794456e-02 
 2524.000  4.779025e-02 
 2525.000  3.175211e-02 
 2526.000  9.416973e-03 
 2527.000  9.361862e-03 
 2528.000  9.402986e-03 
 2529.000  4.522207e-03 
 2530.000  4.529872e-03 
 2531.000  4.543005e-03 
 2532.000  6.060115e-04 
 2533.000  6.007430e-04 
 2534.000  6.057153e-04 
 2535.000  3.515216e-04 
 2536.000  3.536331e-04 
 2537.000  3.503407e-04 
 2538.000  1.643259e-04 
 2539.000  2.012051e-05 
 2540.000  2.018368e-05 
 2541.000  2.030083e-05 
 2542.000  9.001128e-06 
 2543.000  9.371619e-06 
 2544.000  2.513413e-06 
 2545.000  5.572541e-07 
 2546.000  5.596031e-07 
 2547.000  5.463125e-07 
 2548.000  5.549460e-07 
 2549.000  5.652802e-07 
 2550.000  5.626604e-07 
 2551.000  1.427620e-07 
 2552.000  3.191996e-08 
 2553.000  3.163920e-08 
 2554.000  3.234000e-08 
 2555.000  2.337390e-08 
 2556.000  2.323068e-08 
 2557.000  4.636676e-09 
 2558.000  0.000000e+00 
 2559.000  0.000000e+00 
 2560.000  0.000000e+00 
 2561.000  0.000000e+00 
 2562.000  0.000000e+00 
 2563.000  0.000000e+00 
 2564.000  0.000000e+00 
 2565.000  0.000000e+00 
 2566.000  0.000000e+00 
 2567.000  0.000000e+00 
 2568.000  0.000000e+00 
 2569.000  0.000000e+00 
 2570.000  0.000000e+00 
 2571.000  0.000000e+00 
 2572.000  0.000000e+00 
 2573.000  0.000000e+00 
 2574.000  0.000000e+00 
 2575.000  0.000000e+00 
 2576.000  0.000000e+00 
 2577.000  0.000000e+00 
 2578.000  0.000000e+00 
 2579.000  0.000000e+00 
 2580.000  0.000000e+00 
 2581.000  0.000000e+00 
 2582.000  0.000000e+00 
 2583.000  0.000000e+00 
 2584.000  0.000000e+00 
 2585.000  0.000000e+00 
 2586.000  0.000000e+00 
 2587.000  0.000000e+00 
 2588.000  0.000000e+00 
 2589.000  0.000000e+00 
 2590.000  0.000000e+00 
 2591.000  0.000000e+00 
 2592.000  0.000000e+00 
 2593.000  0.000000e+00 
 2594.000  0.000000e+00 
 2595.000  0.000000e+00 
 2596.000  0.000000e+00 
 2597.000  0.000000e+00 
 2598.000  0.000000e+00 
 2599.000  0.000000e+00 
 2600.000  0.000000e+00 
 2601.000  0.000000e+00 
 2602.000  0.000000e+00 
 2603.000  0.000000e+00 
 2604.000  0.000000e+00 
 2605.000  0.000000e+00 
 2606.000  0.000000e+00 
 2607.000  0.000000e+00 
 2608.000  0.000000e+00 
 2609.000  0.000000e+00 
 2610.000  0.000000e+00 
 2611.000  0.000000e+00 
 2612.000  0.000000e+00 
 2613.000  0.000000e+00 
 2614.000  0.000000e+00 
 2615.000  0.000000e+00 
 2616.000  0.000000e+00 
 2617.000  0.000000e+00 
 2618.000  0.000000e+00 
 2619.000  0.000000e+00 
 2620.000  0.000000e+00 
 2621.000  0.000000e+00 
 2622.000  0.000000e+00 
 2623.000  0.000000e+00 
 2624.000  0.000000e+00 
 2625.000  0.000000e+00 
 2626.000  0.000000e+00 
 2627.000  0.000000e+00 
 2628.000  0.000000e+00 
 2629.000  0.000000e+00 
 2630.000  0.000000e+00 
 2631.000  0.000000e+00 
 2632.000  0.000000e+00 
 2633.000  0.000000e+00 
 2634.000  0.000000e+00 
 2635.000  0.000000e+00 
 2636.000  0.000000e+00 
 2637.000  0.000000e+00 
 2638.000  0.000000e+00 
 2639.000  0.000000e+00 
 2640.000  0.000000e+00 
 2641.000  0.000000e+00 
 2642.000  0.000000e+00 
 2643.000  0.000000e+00 
 2644.000  0.000000e+00 
 2645.000  0.000000e+00 
 2646.000  0.000000e+00 
 2647.000  0.000000e+00 
 2648.000  0.000000e+00 
 2649.000  0.000000e+00 
 2650.000  0.000000e+00 
 2651.000  0.000000e+00 
 2652.000  0.000000e+00 
 2653.000  0.000000e+00 
 2654.000  0.000000e+00 
 2655.000  0.000000e+00 
 2656.000  0.000000e+00 
 2657.000  0.000000e+00 
 2658.000  0.000000e+00 
 2659.000  0.000000e+00 
 2660.000  0.000000e+00 
 2661.000  0.000000e+00 
 2662.000  0.000000e+00 
 2663.000  0.000000e+00 
 2664.000  0.000000e+00 
 2665.000  0.000000e+00 
 2666.000  0.000000e+00 
 2667.000  0.000000e+00 
 2668.000  0.000000e+00 
 2669.000  0.000000e+00 
 2670.000  0.000000e+00 
 2671.000  0.000000e+00 
 2672.000  0.000000e+00 
 2673.000  0.000000e+00 
 2674.000  0.000000e+00 
 2675.000  0.000000e+00 
 2676.000  0.000000e+00 
 2677.000  0.000000e+00 
 2678.000  0.000000e+00 
 2679.000  0.000000e+00 
 2680.000  0.000000e+00 
 2681.000  0.000000e+00 
 2682.000  0.000000e+00 
 2683.000  0.000000e+00 
 2684.000  0.000000e+00 
 2685.000  0.000000e+00 
 2686.000  0.000000e+00 
 2687.000  0.000000e+00 
 2688.000  0.000000e+00 
 2689.000  0.000000e+00 
 2690.000  0.000000e+00 
 2691.000  0.000000e+00 
 2692.000  0.000000e+00 
 2693.000  0.000000e+00 
 2694.000  0.000000e+00 
 2695.000  0.000000e+00 
 2696.000  0.000000e+00 
 2697.000  0.000000e+00 
 2698.000  0.000000e+00 
 2699.000  0.000000e+00 
 2700.000  0.000000e+00 
 2701.000  0.000000e+00 
 2702.000  0.000000e+00 
 2703.000  0.000000e+00 
 2704.000  0.000000e+00 
 2705.000  0.000000e+00 
 2706.000  0.000000e+00 
 2707.000  0.000000e+00 
 2708.000  0.000000e+00 
 2709.000  0.000000e+00 
 2710.000  0.000000e+00 
 2711.000  0.000000e+00 
 2712.000  0.000000e+00 
 2713.000  0.000000e+00 
 2714.000  0.000000e+00 
 2715.000  0.000000e+00 
 2716.000  0.000000e+00 
 2717.000  0.000000e+00 
 2718.000  0.000000e+00 
 2719.000  0.000000e+00 
 2720.000  0.000000e+00 
 2721.000  0.000000e+00 
 2722.000  0.000000e+00 
 2723.000  0.000000e+00 
 2724.000  0.000000e+00 
 2725.000  0.000000e+00 
 2726.000  0.000000e+00 
 2727.000  0.000000e+00 
 2728.000  0.000000e+00 
 2729.000  0.000000e+00 
 2730.000  0.000000e+00 
 2731.000  0.000000e+00 
 2732.000  0.000000e+00 
 2733.000  0.000000e+00 
 2734.000  0.000000e+00 
 2735.000  0.000000e+00 
 2736.000  0.000000e+00 
 2737.000  0.000000e+00 
 2738.000  0.000000e+00 
 2739.000  0.000000e+00 
 2740.000  0.000000e+00 
 2741.000  0.000000e+00 
 2742.000  0.000000e+00 
 2743.000  0.000000e+00 
 2744.000  0.000000e+00 
 2745.000  0.000000e+00 
 2746.000  0.000000e+00 
 2747.000  0.000000e+00 
 2748.000  0.000000e+00 
 2749.000  0.000000e+00 
 2750.000  0.000000e+00 
 2751.000  0.000000e+00 
 2752.000  0.000000e+00 
 2753.000  0.000000e+00 
 2754.000  0.000000e+00 
 2755.000  0.000000e+00 
 2756.000  0.000000e+00 
 2757.000  0.000000e+00 
 2758.000  0.000000e+00 
 2759.000  0.000000e+00 
 2760.000  0.000000e+00 
 2761.000  0.000000e+00 
 2762.000  0.000000e+00 
 2763.000  0.000000e+00 
 2764.000  0.000000e+00 
 2765.000  0.000000e+00 
 2766.000  0.000000e+00 
 2767.000  0.000000e+00 
 2768.000  0.000000e+00 
 2769.000  0.000000e+00 
 2770.000  0.000000e+00 
 2771.000  0.000000e+00 
 2772.000  0.000000e+00 
 2773.000  0.000000e+00 
 2774.000  0.000000e+00 
 2775.000  0.000000e+00 
 2776.000  0.000000e+00 
 2777.000  0.000000e+00 
 2778.000  0.000000e+00 
 2779.000  0.000000e+00 
 2780.000  0.000000e+00 
 2781.000  0.000000e+00 
 2782.000  0.000000e+00 
 2783.000  0.000000e+00 
 2784.000  0.000000e+00 
 2785.000  0.000000e+00 
 2786.000  0.000000e+00 
 2787.000  0.000000e+00 
 2788.000  0.000000e+00 
 2789.000  0.000000e+00 
 2790.000  0.000000e+00 
 2791.000  0.000000e+00 
 2792.000  0.000000e+00 
 2793.000  0.000000e+00 
 2794.000  0.000000e+00 
 2795.000  0.000000e+00 
 2796.000  0.000000e+00 
 2797.000  0.000000e+00 
 2798.000  0.000000e+00 
 2799.000  0.000000e+00 
 2800.000  0.000000e+00 
 2801.000  0.000000e+00 
 2802.000  1.822242e-10 
 2803.000  1.819066e-10 
 2804.000  1.810915e-10 
 2805.000  1.826863e-10 
 2806.000  1.062225e-09 
 2807.000  1.058582e-09 
 2808.000  1.063489e-09 
 2809.000  1.202393e-06 
 2810.000  1.204823e-06 
 2811.000  1.203882e-06 
 2812.000  1.205441e-06 
 2813.000  4.779995e-06 
 2814.000  4.781378e-06 
 2815.000  4.790849e-06 
 2816.000  4.768530e-06 
 2817.000  4.566649e-05 
 2818.000  4.567963e-05 
 2819.000  4.562435e-05 
 2820.000  4.557860e-05 
 2821.000  1.154180e-04 
 2822.000  1.152587e-04 
 2823.000  1.152469e-04 
 2824.000  1.149005e-04 
 2825.000  4.669762e-04 
 2826.000  4.677728e-04 
 2827.000  4.668906e-04 
 2828.000  4.660432e-04 
 2829.000  5.712865e-04 
 2830.000  5.717690e-04 
 2831.000  5.705796e-04 
 2832.000  5.721827e-04 
 2833.000  1.396904e-03 
 2834.000  1.398896e-03 
 2835.000  1.398426e-03 
 2836.000  1.396746e-03 
 2837.000  1.595112e-03 
 2838.000  1.592375e-03 
 2839.000  1.595528e-03 
 2840.000  1.586941e-03 
 2841.000  3.400378e-03 
 2842.000  3.462475e-03 
 2843.000  3.448045e-03 
 2844.000  3.449916e-03 
 2845.000  3.853364e-03 
 2846.000  3.851542e-03 
 2847.000  3.846877e-03 
 2848.000  3.848769e-03 
 2849.000  4.952930e-03 
 2850.000  9.028984e-03 
 2851.000  9.028656e-03 
 2852.000  9.029165e-03 
 2853.000  9.075852e-03 
 2854.000  1.446574e-02 
 2855.000  1.453292e-02 
 2856.000  1.452983e-02 
 2857.000  1.738568e-02 
 2858.000  3.448119e-02 
 2859.000  3.436172e-02 
 2860.000  3.413119e-02 
 2861.000  3.437053e-02 
 2862.000  5.960769e-02 
 2863.000  5.954465e-02 
 2864.000  5.954299e-02 
 2865.000  7.137682e-02 
 2866.000  1.091287e-01 
 2867.000  1.086847e-01 
 2868.000  1.077461e-01 
 2869.000  1.082565e-01 
 2870.000  1.475511e-01 
 2871.000  1.482398e-01 
 2872.000  1.466134e-01 
 2873.000  1.636181e-01 
 2874.000  2.335982e-01 
 2875.000  2.349425e-01 
 2876.000  2.360887e-01 
 2877.000  2.364228e-01 
 2878.000  3.129022e-01 
 2879.000  3.128757e-01 
 2880.000  3.122447e-01 
 2881.000  3.124729e-01 
 2882.000  4.936121e-01 
 2883.000  4.941566e-01 
 2884.000  4.937329e-01 
 2885.000  4.924553e-01 
 2886.000  4.910965e-01 
 2887.000  5.438886e-01 
 2888.000  5.433407e-01 
 2889.000  5.404870e-01 
 2890.000  5.894337e-01 
 2891.000  6.818144e-01 
 2892.000  6.813635e-01 
 2893.000  6.803126e-01 
 2894.000  6.777112e-01 
 2895.000  6.742344e-01 
 2896.000  6.731328e-01 
 2897.000  6.733957e-01 
 2898.000  7.133382e-01 
 2899.000  6.939402e-01 
 2900.000  6.959130e-01 
 2901.000  6.939491e-01 
 2902.000  6.944535e-01 
 2903.000  8.079515e-01 
 2904.000  8.066718e-01 
 2905.000  8.068784e-01 
 2906.000  7.950993e-01 
 2907.000  9.701693e-01 
 2908.000  9.690332e-01 
 2909.000  9.686683e-01 
 2910.000  9.672854e-01 
 2911.000  9.661822e-01 
 2912.000  1.099288e+00 
 2913.000  1.096070e+00 
 2914.000  1.094195e+00 
 2915.000  1.132883e+00 
 2916.000  1.443975e+00 
 2917.000  1.455681e+00 
 2918.000  1.453595e+00 
 2919.000  1.452174e+00 
 2920.000  8.892359e+00 
 2921.000  8.887336e+00 
 2922.000  8.862879e+00 
 2923.000  8.788913e+00 
 2924.000  2.329144e+00 
 2925.000  2.354249e+00 
 2926.000  2.316262e+00 
 2927.000  2.350933e+00 
 2928.000  2.350657e+00 
 2929.000  2.518111e+00 
 2930.000  2.558531e+00 
 2931.000  2.556045e+00 
 2932.000  2.673509e+00 
 2933.000  2.673724e+00 
 2934.000  2.678096e+00 
 2935.000  2.666104e+00 
 2936.000  2.668034e+00 
 2937.000  2.444208e+00 
 2938.000  2.445239e+00 
 2939.000  2.430538e+00 
 2940.000  2.437538e+00 
 2941.000  2.499626e+00 
 2942.000  2.302444e+00 
 2943.000  2.270418e+00 
 2944.000  2.287315e+00 
 2945.000  2.288884e+00 
 2946.000  2.342618e+00 
 2947.000  2.297780e+00 
 2948.000  2.334458e+00 
 2949.000  2.388226e+00 
 2950.000  2.555223e+00 
 2951.000  2.549180e+00 
 2952.000  2.533325e+00 
 2953.000  2.548785e+00 
 2954.000  2.542222e+00 
 2955.000  2.634938e+00 
 2956.000  2.640991e+00 
 2957.000  2.637511e+00 
 2958.000  2.680836e+00 
 2959.000  2.532364e+00 
 2960.000  2.520208e+00 
 2961.000  2.513767e+00 
 2962.000  2.522394e+00 
 2963.000  1.982110e+00 
 2964.000  1.978174e+00 
 2965.000  1.978663e+00 
 2966.000  1.974412e+00 
 2967.000  2.000253e+00 
 2968.000  1.631881e+00 
 2969.000  1.627175e+00 
 2970.000  1.624974e+00 
 2971.000  1.621756e+00 
 2972.000  1.778062e+00 
 2973.000  1.777349e+00 
 2974.000  1.776402e+00 
 2975.000  1.773535e+00 
 2976.000  1.794339e+00 
 2977.000  2.358923e+00 
 2978.000  2.351189e+00 
 2979.000  2.331725e+00 
 2980.000  2.349334e+00 
 2981.000  3.252828e+00 
 2982.000  3.241725e+00 
 2983.000  3.245536e+00 
 2984.000  3.241185e+00 
 2985.000  3.272178e+00 
 2986.000  4.116846e+00 
 2987.000  4.110457e+00 
 2988.000  4.077234e+00 
 2989.000  4.098804e+00 
 2990.000  4.150221e+00 
 2991.000  4.163960e+00 
 2992.000  4.159725e+00 
 2993.000  4.153664e+00 
 2994.000  4.148856e+00 
 2995.000  4.097421e+00 
 2996.000  4.090590e+00 
 2997.000  4.015611e+00 
 2998.000  4.069719e+00 
 2999.000  3.850685e+00 
 3000.000  3.788028e+00 
 3001.000  3.847317e+00 
 3002.000  3.846150e+00 
 3003.000  3.858003e+00 
 3004.000  3.320662e+00 
 3005.000  3.321887e+00 
 3006.000  3.315712e+00 
 3007.000  3.315430e+00 
 3008.000  3.243048e+00 
 3009.000  3.249100e+00 
 3010.000  3.243532e+00 
 3011.000  3.250196e+00 
 3012.000  3.246029e+00 
 3013.000  3.035652e+00 
 3014.000  3.028424e+00 
 3015.000  3.014079e+00 
 3016.000  3.024114e+00 
 3017.000  2.743010e+00 
 3018.000  2.752314e+00 
 3019.000  2.751325e+00 
 3020.000  2.719399e+00 
 3021.000  2.719110e+00 
 3022.000  2.712694e+00 
 3023.000  2.705453e+00 
 3024.000  2.699672e+00 
 3025.000  2.694101e+00 
 3026.000  2.468194e+00 
 3027.000  2.459645e+00 
 3028.000  2.447829e+00 
 3029.000  2.457549e+00 
 3030.000  2.428937e+00 
 3031.000  2.108001e+00 
 3032.000  2.104473e+00 
 3033.000  2.064411e+00 
 3034.000  2.093285e+00 
 3035.000  1.793488e+00 
 3036.000  1.785664e+00 
 3037.000  1.774074e+00 
 3038.000  1.755563e+00 
 3039.000  1.714496e+00 
 3040.000  1.499575e+00 
 3041.000  1.539357e+00 
 3042.000  1.547758e+00 
 3043.000  1.553023e+00 
 3044.000  1.554351e+00 
 3045.000  1.388919e+00 
 3046.000  1.391149e+00 
 3047.000  1.394085e+00 
 3048.000  1.383250e+00 
 3049.000  1.376139e+00 
 3050.000  1.376897e+00 
 3051.000  1.375342e+00 
 3052.000  1.373708e+00 
 3053.000  1.371331e+00 
 3054.000  1.559309e+00 
 3055.000  1.542445e+00 
 3056.000  1.558344e+00 
 3057.000  1.554394e+00 
 3058.000  1.532669e+00 
 3059.000  1.743858e+00 
 3060.000  1.749276e+00 
 3061.000  1.749205e+00 
 3062.000  1.746901e+00 
 3063.000  1.918479e+00 
 3064.000  1.891834e+00 
 3065.000  1.896381e+00 
 3066.000  1.912250e+00 
 3067.000  1.894898e+00 
 3068.000  1.971413e+00 
 3069.000  2.000546e+00 
 3070.000  1.999733e+00 
 3071.000  1.994240e+00 
 3072.000  1.995643e+00 
 3073.000  2.014181e+00 
 3074.000  2.006920e+00 
 3075.000  2.011668e+00 
 3076.000  1.995311e+00 
 3077.000  1.693920e+00 
 3078.000  1.694367e+00 
 3079.000  1.690431e+00 
 3080.000  1.686683e+00 
 3081.000  1.678254e+00 
 3082.000  1.557364e+00 
 3083.000  1.554579e+00 
 3084.000  1.561344e+00 
 3085.000  1.559330e+00 
 3086.000  1.547437e+00 
 3087.000  1.391002e+00 
 3088.000  1.398362e+00 
 3089.000  1.397566e+00 
 3090.000  1.397249e+00 
 3091.000  1.382413e+00 
 3092.000  1.189398e+00 
 3093.000  1.188902e+00 
 3094.000  1.186790e+00 
 3095.000  1.184307e+00 
 3096.000  1.213429e+00 
 3097.000  1.208975e+00 
 3098.000  1.185458e+00 
 3099.000  1.204502e+00 
 3100.000  1.208753e+00 
 3101.000  1.262629e+00 
 3102.000  1.261070e+00 
 3103.000  1.260970e+00 
 3104.000  1.259167e+00 
 3105.000  1.259457e+00 
 3106.000  1.464021e+00 
 3107.000  1.457742e+00 
 3108.000  1.463683e+00 
 3109.000  1.461027e+00 
 3110.000  1.459470e+00 
 3111.000  1.836771e+00 
 3112.000  1.832749e+00 
 3113.000  1.821557e+00 
 3114.000  1.822962e+00 
 3115.000  1.773977e+00 
 3116.000  2.408931e+00 
 3117.000  2.508584e+00 
 3118.000  2.518910e+00 
 3119.000  2.508653e+00 
 3120.000  2.511396e+00 
 3121.000  2.841575e+00 
 3122.000  2.848942e+00 
 3123.000  2.853892e+00 
 3124.000  2.851368e+00 
 3125.000  2.862556e+00 
 3126.000  3.191364e+00 
 3127.000  3.175149e+00 
 3128.000  3.187545e+00 
 3129.000  3.157843e+00 
 3130.000  3.354277e+00 
 3131.000  3.334327e+00 
 3132.000  3.349793e+00 
 3133.000  3.342054e+00 
 3134.000  3.391316e+00 
 3135.000  3.161504e+00 
 3136.000  3.157810e+00 
 3137.000  3.156244e+00 
 3138.000  3.154811e+00 
 3139.000  3.143865e+00 
 3140.000  3.195031e+00 
 3141.000  3.202661e+00 
 3142.000  3.189240e+00 
 3143.000  3.194989e+00 
 3144.000  3.252232e+00 
 3145.000  3.752546e+00 
 3146.000  3.748192e+00 
 3147.000  3.717518e+00 
 3148.000  3.734756e+00 
 3149.000  3.735336e+00 
 3150.000  4.492943e+00 
 3151.000  4.478955e+00 
 3152.000  4.241515e+00 
 3153.000  4.475747e+00 
 3154.000  4.510100e+00 
 3155.000  5.545218e+00 
 3156.000  5.540280e+00 
 3157.000  5.525006e+00 
 3158.000  5.526095e+00 
 3159.000  5.518404e+00 
 3160.000  6.362807e+00 
 3161.000  6.348326e+00 
 3162.000  6.358398e+00 
 3163.000  6.340891e+00 
 3164.000  6.290145e+00 
 3165.000  6.402560e+00 
 3166.000  6.415313e+00 
 3167.000  6.391456e+00 
 3168.000  6.351732e+00 
 3169.000  6.380370e+00 
 3170.000  6.017900e+00 
 3171.000  6.157778e+00 
 3172.000  6.154770e+00 
 3173.000  6.153424e+00 
 3174.000  6.066213e+00 
 3175.000  5.434200e+00 
 3176.000  5.425807e+00 
 3177.000  5.421946e+00 
 3178.000  5.396683e+00 
 3179.000  5.392237e+00 
 3180.000  4.382079e+00 
 3181.000  4.309342e+00 
 3182.000  4.366578e+00 
 3183.000  4.361034e+00 
 3184.000  4.287619e+00 
 3185.000  2.988787e+00 
 3186.000  2.984438e+00 
 3187.000  2.976626e+00 
 3188.000  2.971243e+00 
 3189.000  2.974524e+00 
 3190.000  1.764452e+00 
 3191.000  1.762367e+00 
 3192.000  1.760321e+00 
 3193.000  1.757279e+00 
 3194.000  1.729063e+00 
 3195.000  8.868640e-01 
 3196.000  8.820063e-01 
 3197.000  8.847221e-01 
 3198.000  8.831209e-01 
 3199.000  8.831327e-01 
 3200.000  5.585386e-01 
 3201.000  5.445457e-01 
 3202.000  5.569368e-01 
 3203.000  5.574109e-01 
 3204.000  5.547140e-01 
 3205.000  5.465159e-01 
 3206.000  4.322633e-01 
 3207.000  4.317105e-01 
 3208.000  4.312499e-01 
 3209.000  4.307866e-01 
 3210.000  4.297965e-01 
 3211.000  4.433234e-01 
 3212.000  4.426304e-01 
 3213.000  4.424241e-01 
 3214.000  4.418294e-01 
 3215.000  4.283236e-01 
 3216.000  5.921851e-01 
 3217.000  5.916654e-01 
 3218.000  5.918303e-01 
 3219.000  5.904867e-01 
 3220.000  5.902022e-01 
 3221.000  8.053286e-01 
 3222.000  8.054510e-01 
 3223.000  8.022142e-01 
 3224.000  7.979444e-01 
 3225.000  7.992599e-01 
 3226.000  1.084081e+00 
 3227.000  1.086449e+00 
 3228.000  1.083977e+00 
 3229.000  1.081118e+00 
 3230.000  1.080769e+00 
 3231.000  1.080698e+00 
 3232.000  1.538101e+00 
 3233.000  1.535913e+00 
 3234.000  1.513615e+00 
 3235.000  1.535011e+00 
 3236.000  1.536938e+00 
 3237.000  1.835160e+00 
 3238.000  1.833037e+00 
 3239.000  1.827959e+00 
 3240.000  1.827024e+00 
 3241.000  1.822642e+00 
 3242.000  1.863522e+00 
 3243.000  1.838874e+00 
 3244.000  1.862452e+00 
 3245.000  1.857912e+00 
 3246.000  1.890720e+00 
 3247.000  2.023926e+00 
 3248.000  2.020826e+00 
 3249.000  2.016838e+00 
 3250.000  2.016360e+00 
 3251.000  2.014674e+00 
 3252.000  2.011322e+00 
 3253.000  1.836514e+00 
 3254.000  1.822966e+00 
 3255.000  1.824586e+00 
 3256.000  1.829883e+00 
 3257.000  1.854001e+00 
 3258.000  1.655989e+00 
 3259.000  1.658000e+00 
 3260.000  1.640703e+00 
 3261.000  1.654372e+00 
 3262.000  1.646494e+00 
 3263.000  1.839978e+00 
 3264.000  1.842851e+00 
 3265.000  1.842787e+00 
 3266.000  1.826920e+00 
 3267.000  1.855514e+00 
 3268.000  2.231452e+00 
 3269.000  2.220527e+00 
 3270.000  2.225274e+00 
 3271.000  2.219316e+00 
 3272.000  2.220389e+00 
 3273.000  2.213812e+00 
 3274.000  2.650560e+00 
 3275.000  2.646507e+00 
 3276.000  2.606012e+00 
 3277.000  2.638466e+00 
 3278.000  2.654571e+00 
 3279.000  3.083010e+00 
 3280.000  3.073258e+00 
 3281.000  3.033248e+00 
 3282.000  3.064343e+00 
 3283.000  3.060181e+00 
 3284.000  3.066813e+00 
 3285.000  2.991756e+00 
 3286.000  3.022467e+00 
 3287.000  3.020229e+00 
 3288.000  3.015657e+00 
 3289.000  3.031769e+00 
 3290.000  2.608324e+00 
 3291.000  2.576900e+00 
 3292.000  2.599741e+00 
 3293.000  2.592191e+00 
 3294.000  2.584294e+00 
 3295.000  2.146808e+00 
 3296.000  2.113075e+00 
 3297.000  2.061450e+00 
 3298.000  2.091670e+00 
 3299.000  2.140959e+00 
 3300.000  2.181287e+00 
 3301.000  1.847907e+00 
 3302.000  1.862238e+00 
 3303.000  1.861101e+00 
 3304.000  1.860846e+00 
 3305.000  1.858996e+00 
 3306.000  1.566481e+00 
 3307.000  1.570683e+00 
 3308.000  1.567776e+00 
 3309.000  1.567525e+00 
 3310.000  1.564927e+00 
 3311.000  1.565977e+00 
 3312.000  1.496564e+00 
 3313.000  1.490076e+00 
 3314.000  1.496277e+00 
 3315.000  1.493338e+00 
 3316.000  1.480952e+00 
 3317.000  1.789735e+00 
 3318.000  1.771127e+00 
 3319.000  1.778253e+00 
 3320.000  1.614609e+00 
 3321.000  1.773309e+00 
 3322.000  1.794578e+00 
 3323.000  2.357990e+00 
 3324.000  2.362524e+00 
 3325.000  2.342819e+00 
 3326.000  2.346300e+00 
 3327.000  2.350433e+00 
 3328.000  2.947209e+00 
 3329.000  2.946993e+00 
 3330.000  2.945010e+00 
 3331.000  2.923832e+00 
 3332.000  2.920223e+00 
 3333.000  2.972811e+00 
 3334.000  3.297043e+00 
 3335.000  3.287190e+00 
 3336.000  3.287430e+00 
 3337.000  3.273048e+00 
 3338.000  3.273973e+00 
 3339.000  3.338566e+00 
 3340.000  3.307307e+00 
 3341.000  3.284938e+00 
 3342.000  3.328984e+00 
 3343.000  3.322047e+00 
 3344.000  3.362425e+00 
 3345.000  3.420763e+00 
 3346.000  3.410768e+00 
 3347.000  3.415191e+00 
 3348.000  3.413389e+00 
 3349.000  3.408028e+00 
 3350.000  3.357785e+00 
 3351.000  3.366434e+00 
 3352.000  3.369591e+00 
 3353.000  3.315083e+00 
 3354.000  3.360017e+00 
 3355.000  3.393564e+00 
 3356.000  3.658383e+00 
 3357.000  3.649503e+00 
 3358.000  3.633529e+00 
 3359.000  3.647278e+00 
 3360.000  3.642131e+00 
 3361.000  3.634059e+00 
 3362.000  3.927179e+00 
 3363.000  3.926837e+00 
 3364.000  3.926164e+00 
 3365.000  3.904462e+00 
 3366.000  3.899897e+00 
 3367.000  3.927723e+00 
 3368.000  4.330863e+00 
 3369.000  4.300375e+00 
 3370.000  4.221473e+00 
 3371.000  4.311376e+00 
 3372.000  4.318625e+00 
 3373.000  4.709978e+00 
 3374.000  4.679200e+00 
 3375.000  4.716551e+00 
 3376.000  4.714012e+00 
 3377.000  4.695211e+00 
 3378.000  4.708418e+00 
 3379.000  5.101233e+00 
 3380.000  5.109193e+00 
 3381.000  5.088837e+00 
 3382.000  5.048152e+00 
 3383.000  5.053388e+00 
 3384.000  5.061469e+00 
 3385.000  5.332273e+00 
 3386.000  5.335908e+00 
 3387.000  5.328835e+00 
 3388.000  5.320175e+00 
 3389.000  5.337163e+00 
 3390.000  5.474641e+00 
 3391.000  5.468407e+00 
 3392.000  5.457116e+00 
 3393.000  5.449836e+00 
 3394.000  5.445320e+00 
 3395.000  5.434475e+00 
 3396.000  5.462389e+00 
 3397.000  5.284936e+00 
 3398.000  5.433439e+00 
 3399.000  5.347509e+00 
 3400.000  5.482405e+00 
 3401.000  5.221313e+00 
 3402.000  5.538598e+00 
 3403.000  5.537631e+00 
 3404.000  5.545324e+00 
 3405.000  5.535379e+00 
 3406.000  5.531165e+00 
 3407.000  5.493732e+00 
 3408.000  5.724459e+00 
 3409.000  5.631125e+00 
 3410.000  5.677395e+00 
 3411.000  5.704642e+00 
 3412.000  5.718939e+00 
 3413.000  5.977026e+00 
 3414.000  5.985086e+00 
 3415.000  5.893637e+00 
 3416.000  5.823961e+00 
 3417.000  5.961366e+00 
 3418.000  5.977404e+00 
 3419.000  6.151299e+00 
 3420.000  6.149674e+00 
 3421.000  6.137849e+00 
 3422.000  6.112051e+00 
 3423.000  6.126841e+00 
 3424.000  6.130449e+00 
 3425.000  6.297200e+00 
 3426.000  6.289618e+00 
 3427.000  6.126393e+00 
 3428.000  6.197994e+00 
 3429.000  6.249917e+00 
 3430.000  6.259284e+00 
 3431.000  6.230312e+00 
 3432.000  6.260700e+00 
 3433.000  6.240822e+00 
 3434.000  6.244424e+00 
 3435.000  6.221749e+00 
 3436.000  6.235995e+00 
 3437.000  6.215550e+00 
 3438.000  6.223886e+00 
 3439.000  6.217703e+00 
 3440.000  6.208654e+00 
 3441.000  6.204491e+00 
 3442.000  6.149389e+00 
 3443.000  6.249342e+00 
 3444.000  6.240845e+00 
 3445.000  6.222812e+00 
 3446.000  6.209939e+00 
 3447.000  6.218796e+00 
 3448.000  6.207469e+00 
 3449.000  6.263315e+00 
 3450.000  6.254340e+00 
 3451.000  6.256870e+00 
 3452.000  6.246874e+00 
 3453.000  6.240383e+00 
 3454.000  6.222279e+00 
 3455.000  6.308902e+00 
 3456.000  6.281955e+00 
 3457.000  6.291438e+00 
 3458.000  6.279428e+00 
 3459.000  6.284984e+00 
 3460.000  6.271240e+00 
 3461.000  6.333993e+00 
 3462.000  6.330492e+00 
 3463.000  6.325389e+00 
 3464.000  6.306926e+00 
 3465.000  6.307228e+00 
 3466.000  6.270259e+00 
 3467.000  6.265084e+00 
 3468.000  6.271080e+00 
 3469.000  6.265234e+00 
 3470.000  6.263772e+00 
 3471.000  6.209049e+00 
 3472.000  6.235255e+00 
 3473.000  6.197741e+00 
 3474.000  6.231186e+00 
 3475.000  6.221083e+00 
 3476.000  6.228923e+00 
 3477.000  6.161484e+00 
 3478.000  6.218684e+00 
 3479.000  6.229634e+00 
 3480.000  6.221735e+00 
 3481.000  6.201541e+00 
 3482.000  6.210301e+00 
 3483.000  6.200910e+00 
 3484.000  6.185158e+00 
 3485.000  6.216416e+00 
 3486.000  6.188205e+00 
 3487.000  6.203781e+00 
 3488.000  6.208185e+00 
 3489.000  6.200800e+00 
 3490.000  6.166796e+00 
 3491.000  6.262053e+00 
 3492.000  6.229862e+00 
 3493.000  6.247345e+00 
 3494.000  6.189570e+00 
 3495.000  6.233200e+00 
 3496.000  6.240391e+00 
 3497.000  6.271635e+00 
 3498.000  6.260533e+00 
 3499.000  6.256385e+00 
 3500.000  6.250797e+00 
 3501.000  6.186490e+00 
 3502.000  6.235525e+00 
 3503.000  6.231919e+00 
 3504.000  6.226583e+00 
 3505.000  6.219455e+00 
 3506.000  6.214367e+00 
 3507.000  6.206292e+00 
 3508.000  6.187286e+00 
 3509.000  6.127641e+00 
 3510.000  6.122216e+00 
 3511.000  6.116693e+00 
 3512.000  6.092626e+00 
 3513.000  6.099328e+00 
 3514.000  6.092253e+00 
 3515.000  5.964932e+00 
 3516.000  5.939138e+00 
 3517.000  5.947180e+00 
 3518.000  5.932550e+00 
 3519.000  5.933850e+00 
 3520.000  5.922075e+00 
 3521.000  5.926277e+00 
 3522.000  5.756658e+00 
 3523.000  5.744531e+00 
 3524.000  5.688552e+00 
 3525.000  5.749340e+00 
 3526.000  5.744375e+00 
 3527.000  5.727850e+00 
 3528.000  5.531812e+00 
 3529.000  5.525020e+00 
 3530.000  5.527707e+00 
 3531.000  5.492575e+00 
 3532.000  5.517772e+00 
 3533.000  5.511953e+00 
 3534.000  5.324032e+00 
 3535.000  5.304121e+00 
 3536.000  5.346538e+00 
 3537.000  5.339874e+00 
 3538.000  5.231189e+00 
 3539.000  5.293817e+00 
 3540.000  5.282746e+00 
 3541.000  5.290342e+00 
 3542.000  5.278715e+00 
 3543.000  5.274697e+00 
 3544.000  5.272510e+00 
 3545.000  5.258483e+00 
 3546.000  5.255577e+00 
 3547.000  5.235154e+00 
 3548.000  5.222785e+00 
 3549.000  5.223360e+00 
 3550.000  5.218828e+00 
 3551.000  5.211204e+00 
 3552.000  5.206227e+00 
 3553.000  5.241213e+00 
 3554.000  5.243278e+00 
 3555.000  5.204614e+00 
 3556.000  5.104032e+00 
 3557.000  5.226983e+00 
 3558.000  5.217061e+00 
 3559.000  5.241428e+00 
 3560.000  5.122471e+00 
 3561.000  5.218782e+00 
 3562.000  5.228286e+00 
 3563.000  5.220423e+00 
 3564.000  5.197614e+00 
 3565.000  5.211237e+00 
 3566.000  5.120234e+00 
 3567.000  5.116914e+00 
 3568.000  5.113283e+00 
 3569.000  5.100739e+00 
 3570.000  5.090360e+00 
 3571.000  4.974952e+00 
 3572.000  5.084071e+00 
 3573.000  5.084155e+00 
 3574.000  5.073966e+00 
 3575.000  5.070551e+00 
 3576.000  5.068992e+00 
 3577.000  5.054551e+00 
 3578.000  5.079880e+00 
 3579.000  5.074557e+00 
 3580.000  4.999686e+00 
 3581.000  5.051592e+00 
 3582.000  5.050765e+00 
 3583.000  5.056011e+00 
 3584.000  4.990026e+00 
 3585.000  5.082946e+00 
 3586.000  5.082271e+00 
 3587.000  5.076195e+00 
 3588.000  5.081944e+00 
 3589.000  5.073128e+00 
 3590.000  5.072487e+00 
 3591.000  5.212121e+00 
 3592.000  5.210713e+00 
 3593.000  5.190683e+00 
 3594.000  5.192489e+00 
 3595.000  5.197716e+00 
 3596.000  5.132789e+00 
 3597.000  5.135777e+00 
 3598.000  5.329616e+00 
 3599.000  5.300020e+00 
 3600.000  5.309180e+00 
 3601.000  5.291484e+00 
 3602.000  5.308509e+00 
 3603.000  5.295798e+00 
 3604.000  5.381532e+00 
 3605.000  5.368940e+00 
 3606.000  5.374058e+00 
 3607.000  5.358114e+00 
 3608.000  5.360437e+00 
 3609.000  5.350120e+00 
 3610.000  5.339123e+00 
 3611.000  5.469462e+00 
 3612.000  5.458515e+00 
 3613.000  5.453513e+00 
 3614.000  5.451619e+00 
 3615.000  5.445654e+00 
 3616.000  5.437555e+00 
 3617.000  5.556105e+00 
 3618.000  5.550050e+00 
 3619.000  5.543280e+00 
 3620.000  5.537021e+00 
 3621.000  5.529357e+00 
 3622.000  5.528349e+00 
 3623.000  5.520033e+00 
 3624.000  5.562067e+00 
 3625.000  5.557448e+00 
 3626.000  5.561101e+00 
 3627.000  5.556251e+00 
 3628.000  5.549366e+00 
 3629.000  5.529799e+00 
 3630.000  5.617437e+00 
 3631.000  5.643637e+00 
 3632.000  5.644257e+00 
 3633.000  5.635540e+00 
 3634.000  5.629417e+00 
 3635.000  5.627036e+00 
 3636.000  5.609489e+00 
 3637.000  5.663863e+00 
 3638.000  5.680952e+00 
 3639.000  5.677581e+00 
 3640.000  5.650491e+00 
 3641.000  5.666980e+00 
 3642.000  5.655422e+00 
 3643.000  5.606494e+00 
 3644.000  5.517751e+00 
 3645.000  5.545886e+00 
 3646.000  5.588537e+00 
 3647.000  5.572942e+00 
 3648.000  5.572136e+00 
 3649.000  5.550866e+00 
 3650.000  5.438208e+00 
 3651.000  5.426746e+00 
 3652.000  5.412514e+00 
 3653.000  5.297846e+00 
 3654.000  5.303088e+00 
 3655.000  5.387754e+00 
 3656.000  5.392484e+00 
 3657.000  5.131412e+00 
 3658.000  5.116564e+00 
 3659.000  5.043025e+00 
 3660.000  5.055169e+00 
 3661.000  5.116911e+00 
 3662.000  5.098390e+00 
 3663.000  5.094266e+00 
 3664.000  4.768201e+00 
 3665.000  4.764782e+00 
 3666.000  4.758838e+00 
 3667.000  4.754519e+00 
 3668.000  4.681176e+00 
 3669.000  4.741179e+00 
 3670.000  4.602167e+00 
 3671.000  4.511293e+00 
 3672.000  4.585584e+00 
 3673.000  4.581781e+00 
 3674.000  4.582680e+00 
 3675.000  4.576604e+00 
 3676.000  4.572001e+00 
 3677.000  4.621886e+00 
 3678.000  4.705022e+00 
 3679.000  4.547040e+00 
 3680.000  4.708343e+00 
 3681.000  4.705777e+00 
 3682.000  4.640055e+00 
 3683.000  4.508904e+00 
 3684.000  4.877790e+00 
 3685.000  4.936182e+00 
 3686.000  4.947099e+00 
 3687.000  4.924887e+00 
 3688.000  4.936410e+00 
 3689.000  4.913244e+00 
 3690.000  4.889611e+00 
 3691.000  5.177969e+00 
 3692.000  5.169778e+00 
 3693.000  5.185183e+00 
 3694.000  5.169848e+00 
 3695.000  5.143308e+00 
 3696.000  5.136982e+00 
 3697.000  5.270953e+00 
 3698.000  5.272789e+00 
 3699.000  5.107104e+00 
 3700.000  5.132352e+00 
 3701.000  5.177416e+00 
 3702.000  5.221866e+00 
 3703.000  5.323754e+00 
 3704.000  5.338905e+00 
 3705.000  5.227709e+00 
 3706.000  5.292996e+00 
 3707.000  5.256607e+00 
 3708.000  5.293506e+00 
 3709.000  5.183458e+00 
 3710.000  5.299895e+00 
 3711.000  5.232939e+00 
 3712.000  5.188751e+00 
 3713.000  5.256077e+00 
 3714.000  5.227609e+00 
 3715.000  5.190553e+00 
 3716.000  5.234301e+00 
 3717.000  5.245789e+00 
 3718.000  5.227326e+00 
 3719.000  5.207908e+00 
 3720.000  5.228743e+00 
 3721.000  5.177180e+00 
 3722.000  5.183202e+00 
 3723.000  5.210133e+00 
 3724.000  5.205205e+00 
 3725.000  5.113774e+00 
 3726.000  5.134364e+00 
 3727.000  5.114814e+00 
 3728.000  5.117925e+00 
 3729.000  5.092144e+00 
 3730.000  5.108292e+00 
 3731.000  5.095581e+00 
 3732.000  5.051682e+00 
 3733.000  5.057988e+00 
 3734.000  5.050822e+00 
 3735.000  4.990409e+00 
 3736.000  4.956250e+00 
 3737.000  4.993402e+00 
 3738.000  4.933513e+00 
 3739.000  4.810286e+00 
 3740.000  4.736684e+00 
 3741.000  4.694150e+00 
 3742.000  4.872164e+00 
 3743.000  4.930342e+00 
 3744.000  4.919703e+00 
 3745.000  4.768037e+00 
 3746.000  4.672162e+00 
 3747.000  4.770053e+00 
 3748.000  4.891782e+00 
 3749.000  4.876031e+00 
 3750.000  4.852994e+00 
 3751.000  4.845497e+00 
 3752.000  4.883069e+00 
 3753.000  4.719255e+00 
 3754.000  4.783029e+00 
 3755.000  4.810169e+00 
 3756.000  4.834691e+00 
 3757.000  4.821348e+00 
 3758.000  4.788137e+00 
 3759.000  4.799220e+00 
 3760.000  4.811690e+00 
 3761.000  4.833655e+00 
 3762.000  4.794436e+00 
 3763.000  4.724214e+00 
 3764.000  4.806622e+00 
 3765.000  4.788903e+00 
 3766.000  4.801512e+00 
 3767.000  4.801836e+00 
 3768.000  4.778506e+00 
 3769.000  4.767728e+00 
 3770.000  4.775341e+00 
 3771.000  4.745173e+00 
 3772.000  4.772728e+00 
 3773.000  4.705781e+00 
 3774.000  4.791142e+00 
 3775.000  4.807036e+00 
 3776.000  4.717844e+00 
 3777.000  4.707692e+00 
 3778.000  4.788328e+00 
 3779.000  4.770627e+00 
 3780.000  4.754451e+00 
 3781.000  4.788604e+00 
 3782.000  4.752910e+00 
 3783.000  4.802507e+00 
 3784.000  4.789486e+00 
 3785.000  4.789179e+00 
 3786.000  4.775711e+00 
 3787.000  4.664624e+00 
 3788.000  4.795920e+00 
 3789.000  4.792985e+00 
 3790.000  4.797252e+00 
 3791.000  4.710313e+00 
 3792.000  4.765970e+00 
 3793.000  4.715335e+00 
 3794.000  4.776340e+00 
 3795.000  4.752132e+00 
 3796.000  4.833068e+00 
 3797.000  4.836175e+00 
 3798.000  4.815143e+00 
 3799.000  4.783450e+00 
 3800.000  4.730277e+00 
 3801.000  4.822713e+00 
 3802.000  4.805201e+00 
 3803.000  4.841990e+00 
 3804.000  4.823692e+00 
 3805.000  4.826409e+00 
 3806.000  4.814653e+00 
 3807.000  4.752549e+00 
 3808.000  4.782635e+00 
 3809.000  4.797603e+00 
 3810.000  4.817977e+00 
 3811.000  4.838997e+00 
 3812.000  4.850719e+00 
 3813.000  4.817698e+00 
 3814.000  4.835065e+00 
 3815.000  4.833882e+00 
 3816.000  4.788918e+00 
 3817.000  4.837995e+00 
 3818.000  4.804011e+00 
 3819.000  4.875182e+00 
 3820.000  4.877778e+00 
 3821.000  4.875508e+00 
 3822.000  4.869134e+00 
 3823.000  4.844658e+00 
 3824.000  4.850320e+00 
 3825.000  4.841134e+00 
 3826.000  4.841970e+00 
 3827.000  4.838983e+00 
 3828.000  4.822440e+00 
 3829.000  4.823417e+00 
 3830.000  4.824589e+00 
 3831.000  4.814999e+00 
 3832.000  4.788251e+00 
 3833.000  4.758662e+00 
 3834.000  4.775443e+00 
 3835.000  4.738929e+00 
 3836.000  4.702114e+00 
 3837.000  4.740108e+00 
 3838.000  4.757390e+00 
 3839.000  4.727011e+00 
 3840.000  4.723044e+00 
 3841.000  4.718139e+00 
 3842.000  4.709399e+00 
 3843.000  4.704438e+00 
 3844.000  4.698934e+00 
 3845.000  4.697104e+00 
 3846.000  4.700056e+00 
 3847.000  4.613982e+00 
 3848.000  4.612118e+00 
 3849.000  4.607280e+00 
 3850.000  4.582854e+00 
 3851.000  4.590139e+00 
 3852.000  4.590499e+00 
 3853.000  4.572598e+00 
 3854.000  4.503253e+00 
 3855.000  4.499520e+00 
 3856.000  4.494756e+00 
 3857.000  4.486262e+00 
 3858.000  4.476426e+00 
 3859.000  4.454228e+00 
 3860.000  4.443247e+00 
 3861.000  4.466757e+00 
 3862.000  4.396275e+00 
 3863.000  4.291101e+00 
 3864.000  4.355641e+00 
 3865.000  4.370811e+00 
 3866.000  4.378738e+00 
 3867.000  4.327613e+00 
 3868.000  4.352481e+00 
 3869.000  4.268018e+00 
 3870.000  4.292183e+00 
 3871.000  4.269186e+00 
 3872.000  4.213016e+00 
 3873.000  4.280357e+00 
 3874.000  4.274082e+00 
 3875.000  4.264465e+00 
 3876.000  4.272819e+00 
 3877.000  4.268687e+00 
 3878.000  4.263666e+00 
 3879.000  4.256987e+00 
 3880.000  4.254302e+00 
 3881.000  4.246755e+00 
 3882.000  4.232049e+00 
 3883.000  4.227680e+00 
 3884.000  4.273227e+00 
 3885.000  4.156869e+00 
 3886.000  4.216300e+00 
 3887.000  4.263147e+00 
 3888.000  4.263069e+00 
 3889.000  4.262159e+00 
 3890.000  4.248353e+00 
 3891.000  4.243442e+00 
 3892.000  4.300805e+00 
 3893.000  4.299577e+00 
 3894.000  4.282155e+00 
 3895.000  4.292675e+00 
 3896.000  4.273234e+00 
 3897.000  4.228569e+00 
 3898.000  4.209203e+00 
 3899.000  4.310250e+00 
 3900.000  4.279798e+00 
 3901.000  4.300202e+00 
 3902.000  4.299155e+00 
 3903.000  4.287798e+00 
 3904.000  4.292160e+00 
 3905.000  4.287133e+00 
 3906.000  4.271253e+00 
 3907.000  4.296001e+00 
 3908.000  4.285344e+00 
 3909.000  4.287712e+00 
 3910.000  4.284752e+00 
 3911.000  4.282186e+00 
 3912.000  4.279644e+00 
 3913.000  4.273481e+00 
 3914.000  4.287282e+00 
 3915.000  4.294771e+00 
 3916.000  4.283527e+00 
 3917.000  4.282406e+00 
 3918.000  4.272358e+00 
 3919.000  4.264552e+00 
 3920.000  4.277545e+00 
 3921.000  4.256985e+00 
 3922.000  4.305620e+00 
 3923.000  4.304881e+00 
 3924.000  4.300655e+00 
 3925.000  4.300764e+00 
 3926.000  4.286071e+00 
 3927.000  4.287462e+00 
 3928.000  4.294084e+00 
 3929.000  4.289766e+00 
 3930.000  4.347928e+00 
 3931.000  4.345145e+00 
 3932.000  4.323036e+00 
 3933.000  4.333926e+00 
 3934.000  4.280193e+00 
 3935.000  4.308918e+00 
 3936.000  4.328315e+00 
 3937.000  4.325989e+00 
 3938.000  4.367086e+00 
 3939.000  4.386080e+00 
 3940.000  4.382418e+00 
 3941.000  4.376554e+00 
 3942.000  4.375866e+00 
 3943.000  4.373648e+00 
 3944.000  4.336700e+00 
 3945.000  4.486320e+00 
 3946.000  4.472784e+00 
 3947.000  4.473258e+00 
 3948.000  4.450304e+00 
 3949.000  4.463401e+00 
 3950.000  4.415409e+00 
 3951.000  4.446634e+00 
 3952.000  4.291034e+00 
 3953.000  4.437864e+00 
 3954.000  4.433250e+00 
 3955.000  4.425937e+00 
 3956.000  4.385548e+00 
 3957.000  4.393996e+00 
 3958.000  4.356688e+00 
 3959.000  4.366770e+00 
 3960.000  4.413626e+00 
 3961.000  4.426908e+00 
 3962.000  4.387230e+00 
 3963.000  4.420594e+00 
 3964.000  4.399377e+00 
 3965.000  4.396078e+00 
 3966.000  4.400383e+00 
 3967.000  4.395926e+00 
 3968.000  4.404315e+00 
 3969.000  4.381680e+00 
 3970.000  4.368415e+00 
 3971.000  4.350437e+00 
 3972.000  4.372857e+00 
 3973.000  4.332719e+00 
 3974.000  4.348575e+00 
 3975.000  4.361755e+00 
 3976.000  4.358878e+00 
 3977.000  4.288153e+00 
 3978.000  4.306249e+00 
 3979.000  4.291629e+00 
 3980.000  4.296299e+00 
 3981.000  4.305463e+00 
 3982.000  4.296178e+00 
 3983.000  4.277258e+00 
 3984.000  4.275243e+00 
 3985.000  4.230729e+00 
 3986.000  4.136674e+00 
 3987.000  4.254417e+00 
 3988.000  4.258525e+00 
 3989.000  4.229329e+00 
 3990.000  4.227289e+00 
 3991.000  4.165540e+00 
 3992.000  4.216062e+00 
 3993.000  4.133308e+00 
 3994.000  4.127190e+00 
 3995.000  4.102511e+00 
 3996.000  4.033678e+00 
 3997.000  4.139213e+00 
 3998.000  4.116670e+00 
 3999.000  4.038839e+00 
 4000.000  4.078719e+00 
