  290.000  0.000000e+00 
  291.000  2.024991e-06 
  292.000  2.667286e-05 
  293.000  8.575050e-05 
  294.000  5.859503e-04 
  295.000  1.733402e-03 
  296.000  1.052045e-02 
  297.000  1.512121e-02 
  298.000  8.285249e-02 
  299.000  1.615606e-01 
  300.000  3.080119e-01 
  301.000  8.978115e-01 
  302.000  1.049829e+00 
  303.000  2.907059e+00 
  304.000  3.463006e+00 
  305.000  6.571151e+00 
  306.000  7.493536e+00 
  307.000  1.140034e+01 
  308.000  1.512007e+01 
  309.000  1.660650e+01 
  310.000  1.894171e+01 
  311.000  3.746816e+01 
  312.000  3.266912e+01 
  313.000  4.267155e+01 
  314.000  4.478751e+01 
  315.000  5.465576e+01 
  316.000  4.360621e+01 
  317.000  6.445789e+01 
  318.000  6.401225e+01 
  319.000  7.315186e+01 
  320.000  7.236109e+01 
  321.000  9.067653e+01 
  322.000  8.171040e+01 
  323.000  7.282951e+01 
  324.000  9.323148e+01 
  325.000  1.057642e+02 
  326.000  1.481653e+02 
  327.000  1.524487e+02 
  328.000  1.288381e+02 
  329.000  1.551651e+02 
  330.000  1.655240e+02 
  331.000  1.370465e+02 
  332.000  1.533533e+02 
  333.000  1.767889e+02 
  334.000  1.507355e+02 
  335.000  1.649806e+02 
  336.000  1.261828e+02 
  337.000  1.228133e+02 
  338.000  1.523490e+02 
  339.000  1.559366e+02 
  340.000  1.783653e+02 
  341.000  1.530190e+02 
  342.000  1.630404e+02 
  343.000  1.663133e+02 
  344.000  1.527087e+02 
  345.000  1.993242e+02 
  346.000  2.244322e+02 
  347.000  2.166626e+02 
  348.000  2.069604e+02 
  349.000  2.301342e+02 
  350.000  2.385379e+02 
  351.000  2.296064e+02 
  352.000  2.384950e+02 
  353.000  2.204691e+02 
  354.000  2.578649e+02 
  355.000  2.647179e+02 
  356.000  2.534894e+02 
  357.000  1.640648e+02 
  358.000  1.804767e+02 
  359.000  1.837832e+02 
  360.000  2.759169e+02 
  361.000  2.213901e+02 
  362.000  2.457709e+02 
  363.000  2.644900e+02 
  364.000  2.670379e+02 
  365.000  2.528772e+02 
  366.000  3.509601e+02 
  367.000  3.174887e+02 
  368.000  3.026418e+02 
  369.000  2.942072e+02 
  370.000  3.419180e+02 
  371.000  2.758947e+02 
  372.000  2.933616e+02 
  373.000  2.952441e+02 
  374.000  2.308494e+02 
  375.000  2.134220e+02 
  376.000  3.080460e+02 
  377.000  3.179126e+02 
  378.000  4.145406e+02 
  379.000  3.216536e+02 
  380.000  3.035901e+02 
  381.000  3.433693e+02 
  382.000  2.584297e+02 
  383.000  1.813352e+02 
  384.000  2.008006e+02 
  385.000  3.039144e+02 
  386.000  2.371847e+02 
  387.000  2.736277e+02 
  388.000  2.723020e+02 
  389.000  3.116163e+02 
  390.000  3.793542e+02 
  391.000  4.260339e+02 
  392.000  3.800253e+02 
  393.000  2.044699e+02 
  394.000  2.270573e+02 
  395.000  3.824397e+02 
  396.000  3.949346e+02 
  397.000  1.612508e+02 
  398.000  4.525609e+02 
  399.000  5.442862e+02 
  400.000  5.363140e+02 
  401.000  5.342102e+02 
  402.000  5.673343e+02 
  403.000  5.324385e+02 
  404.000  5.732936e+02 
  405.000  5.267524e+02 
  406.000  5.237549e+02 
  407.000  5.110377e+02 
  408.000  5.546176e+02 
  409.000  6.149597e+02 
  410.000  5.150034e+02 
  411.000  6.057582e+02 
  412.000  6.286672e+02 
  413.000  5.947943e+02 
  414.000  5.846431e+02 
  415.000  6.244631e+02 
  416.000  6.215551e+02 
  417.000  6.034941e+02 
  418.000  5.911738e+02 
  419.000  6.064893e+02 
  420.000  5.140267e+02 
  421.000  6.448578e+02 
  422.000  6.186929e+02 
  423.000  5.231766e+02 
  424.000  5.761727e+02 
  425.000  5.974568e+02 
  426.000  5.750042e+02 
  427.000  5.537370e+02 
  428.000  5.613495e+02 
  429.000  5.112738e+02 
  430.000  4.084387e+02 
  431.000  3.676222e+02 
  432.000  6.624342e+02 
  433.000  5.902846e+02 
  434.000  5.616246e+02 
  435.000  6.116616e+02 
  436.000  6.789283e+02 
  437.000  6.861646e+02 
  438.000  6.152658e+02 
  439.000  5.959568e+02 
  440.000  6.685897e+02 
  441.000  6.670542e+02 
  442.000  7.032016e+02 
  443.000  7.085615e+02 
  444.000  7.046067e+02 
  445.000  7.418397e+02 
  446.000  6.609396e+02 
  447.000  7.544856e+02 
  448.000  7.677231e+02 
  449.000  7.736183e+02 
  450.000  7.911586e+02 
  451.000  8.557319e+02 
  452.000  7.961580e+02 
  453.000  7.396440e+02 
  454.000  7.891957e+02 
  455.000  7.953316e+02 
  456.000  8.152209e+02 
  457.000  8.204017e+02 
  458.000  8.065698e+02 
  459.000  8.070585e+02 
  460.000  8.006098e+02 
  461.000  8.302257e+02 
  462.000  8.172751e+02 
  463.000  8.180441e+02 
  464.000  8.213038e+02 
  465.000  8.098560e+02 
  466.000  8.360559e+02 
  467.000  8.070591e+02 
  468.000  8.548536e+02 
  469.000  8.477775e+02 
  470.000  8.364907e+02 
  471.000  8.353455e+02 
  472.000  8.458896e+02 
  473.000  8.369689e+02 
  474.000  8.439617e+02 
  475.000  8.782799e+02 
  476.000  8.514234e+02 
  477.000  8.437599e+02 
  478.000  8.857228e+02 
  479.000  8.457843e+02 
  480.000  8.627106e+02 
  481.000  8.576992e+02 
  482.000  8.758996e+02 
  483.000  8.770600e+02 
  484.000  8.435574e+02 
  485.000  8.499998e+02 
  486.000  6.893814e+02 
  487.000  7.750848e+02 
  488.000  8.418530e+02 
  489.000  7.828294e+02 
  490.000  8.914992e+02 
  491.000  8.344836e+02 
  492.000  8.021603e+02 
  493.000  8.641946e+02 
  494.000  8.351104e+02 
  495.000  8.929974e+02 
  496.000  8.699364e+02 
  497.000  8.440963e+02 
  498.000  8.243603e+02 
  499.000  8.225738e+02 
  500.000  8.191522e+02 
  501.000  8.009792e+02 
  502.000  7.959182e+02 
  503.000  8.435607e+02 
  504.000  7.850261e+02 
  505.000  8.469117e+02 
  506.000  9.068845e+02 
  507.000  8.440045e+02 
  508.000  8.096128e+02 
  509.000  8.732508e+02 
  510.000  8.463311e+02 
  511.000  8.467589e+02 
  512.000  8.888989e+02 
  513.000  8.137037e+02 
  514.000  7.967797e+02 
  515.000  8.135815e+02 
  516.000  8.547153e+02 
  517.000  6.296721e+02 
  518.000  7.796439e+02 
  519.000  7.387077e+02 
  520.000  8.133688e+02 
  521.000  8.138854e+02 
  522.000  8.462358e+02 
  523.000  7.883622e+02 
  524.000  8.553859e+02 
  525.000  8.485864e+02 
  526.000  8.087479e+02 
  527.000  7.065049e+02 
  528.000  8.485335e+02 
  529.000  8.726429e+02 
  530.000  8.245870e+02 
  531.000  8.975771e+02 
  532.000  8.563052e+02 
  533.000  7.521660e+02 
  534.000  8.179890e+02 
  535.000  8.346461e+02 
  536.000  8.857102e+02 
  537.000  8.217868e+02 
  538.000  8.603057e+02 
  539.000  8.575350e+02 
  540.000  8.392815e+02 
  541.000  7.696757e+02 
  542.000  8.586557e+02 
  543.000  8.214216e+02 
  544.000  8.664847e+02 
  545.000  8.536722e+02 
  546.000  8.347811e+02 
  547.000  8.703453e+02 
  548.000  8.076396e+02 
  549.000  8.500827e+02 
  550.000  8.316101e+02 
  551.000  8.267065e+02 
  552.000  8.626650e+02 
  553.000  8.291764e+02 
  554.000  8.565876e+02 
  555.000  8.593231e+02 
  556.000  8.359515e+02 
  557.000  8.114374e+02 
  558.000  8.425616e+02 
  559.000  7.966833e+02 
  560.000  8.004462e+02 
  561.000  8.799954e+02 
  562.000  8.076542e+02 
  563.000  8.451920e+02 
  564.000  8.334181e+02 
  565.000  8.432172e+02 
  566.000  7.776981e+02 
  567.000  8.333195e+02 
  568.000  8.270601e+02 
  569.000  8.000791e+02 
  570.000  8.065372e+02 
  571.000  7.862388e+02 
  572.000  8.238491e+02 
  573.000  8.352812e+02 
  574.000  8.318319e+02 
  575.000  8.114511e+02 
  576.000  7.970784e+02 
  577.000  8.329413e+02 
  578.000  8.116382e+02 
  579.000  8.077147e+02 
  580.000  8.370413e+02 
  581.000  8.245123e+02 
  582.000  8.383359e+02 
  583.000  8.447674e+02 
  584.000  8.426476e+02 
  585.000  8.374842e+02 
  586.000  8.019075e+02 
  587.000  8.299411e+02 
  588.000  8.060363e+02 
  589.000  6.934996e+02 
  590.000  7.229108e+02 
  591.000  7.842808e+02 
  592.000  7.612280e+02 
  593.000  7.874606e+02 
  594.000  7.909138e+02 
  595.000  7.635296e+02 
  596.000  8.010356e+02 
  597.000  7.998835e+02 
  598.000  7.912739e+02 
  599.000  7.949211e+02 
  600.000  8.021575e+02 
  601.000  8.025940e+02 
  602.000  7.954851e+02 
  603.000  8.021918e+02 
  604.000  8.292935e+02 
  605.000  8.284184e+02 
  606.000  8.195339e+02 
  607.000  8.156275e+02 
  608.000  8.132369e+02 
  609.000  8.054581e+02 
  610.000  7.931034e+02 
  611.000  8.065323e+02 
  612.000  7.965734e+02 
  613.000  7.854575e+02 
  614.000  7.575890e+02 
  615.000  7.943839e+02 
  616.000  7.557732e+02 
  617.000  7.604892e+02 
  618.000  7.967759e+02 
  619.000  7.898387e+02 
  620.000  8.018553e+02 
  621.000  8.159593e+02 
  622.000  7.731594e+02 
  623.000  7.793839e+02 
  624.000  7.804127e+02 
  625.000  7.594132e+02 
  626.000  7.625635e+02 
  627.000  7.706068e+02 
  628.000  7.520828e+02 
  629.000  7.742025e+02 
  630.000  7.535995e+02 
  631.000  7.833154e+02 
  632.000  7.251716e+02 
  633.000  7.845689e+02 
  634.000  7.631100e+02 
  635.000  7.772698e+02 
  636.000  7.512228e+02 
  637.000  7.770756e+02 
  638.000  7.921060e+02 
  639.000  7.860405e+02 
  640.000  7.630903e+02 
  641.000  7.744709e+02 
  642.000  7.664506e+02 
  643.000  7.782633e+02 
  644.000  7.696550e+02 
  645.000  7.739329e+02 
  646.000  7.329267e+02 
  647.000  7.349058e+02 
  648.000  7.246354e+02 
  649.000  7.472697e+02 
  650.000  7.071368e+02 
  651.000  7.619177e+02 
  652.000  7.339527e+02 
  653.000  7.647751e+02 
  654.000  7.532783e+02 
  655.000  7.280660e+02 
  656.000  6.199506e+02 
  657.000  6.646111e+02 
  658.000  7.457547e+02 
  659.000  7.508231e+02 
  660.000  7.582723e+02 
  661.000  7.656361e+02 
  662.000  7.785432e+02 
  663.000  7.698106e+02 
  664.000  7.583906e+02 
  665.000  7.624940e+02 
  666.000  7.726077e+02 
  667.000  7.579765e+02 
  668.000  7.632354e+02 
  669.000  7.747859e+02 
  670.000  7.659757e+02 
  671.000  7.583707e+02 
  672.000  7.563084e+02 
  673.000  7.621210e+02 
  674.000  7.639886e+02 
  675.000  7.527018e+02 
  676.000  7.672725e+02 
  677.000  7.523579e+02 
  678.000  7.651560e+02 
  679.000  7.545565e+02 
  680.000  7.483950e+02 
  681.000  7.489590e+02 
  682.000  7.473994e+02 
  683.000  7.523143e+02 
  684.000  7.379268e+02 
  685.000  7.471437e+02 
  686.000  7.133439e+02 
  687.000  6.235472e+02 
  688.000  6.533218e+02 
  689.000  6.458832e+02 
  690.000  6.644995e+02 
  691.000  6.843378e+02 
  692.000  6.855311e+02 
  693.000  6.671965e+02 
  694.000  6.514672e+02 
  695.000  6.527794e+02 
  696.000  6.683250e+02 
  697.000  7.078922e+02 
  698.000  6.864803e+02 
  699.000  6.642169e+02 
  700.000  6.619161e+02 
  701.000  6.395289e+02 
  702.000  6.417696e+02 
  703.000  6.791469e+02 
  704.000  6.823149e+02 
  705.000  6.756218e+02 
  706.000  6.707336e+02 
  707.000  6.647483e+02 
  708.000  6.886545e+02 
  709.000  6.732815e+02 
  710.000  6.788296e+02 
  711.000  6.819789e+02 
  712.000  6.809137e+02 
  713.000  6.710901e+02 
  714.000  6.799529e+02 
  715.000  6.449701e+02 
  716.000  6.496088e+02 
  717.000  5.611067e+02 
  718.000  5.158555e+02 
  719.000  4.950358e+02 
  720.000  4.773086e+02 
  721.000  5.738113e+02 
  722.000  6.191826e+02 
  723.000  5.965424e+02 
  724.000  5.414811e+02 
  725.000  5.436135e+02 
  726.000  5.399944e+02 
  727.000  5.561254e+02 
  728.000  5.379104e+02 
  729.000  5.374797e+02 
  730.000  5.537083e+02 
  731.000  5.402684e+02 
  732.000  5.877714e+02 
  733.000  6.152727e+02 
  734.000  6.462776e+02 
  735.000  6.347789e+02 
  736.000  6.114548e+02 
  737.000  6.283281e+02 
  738.000  6.387713e+02 
  739.000  6.231972e+02 
  740.000  6.405485e+02 
  741.000  6.420500e+02 
  742.000  6.342061e+02 
  743.000  6.590239e+02 
  744.000  6.680388e+02 
  745.000  6.525711e+02 
  746.000  6.633032e+02 
  747.000  6.739125e+02 
  748.000  6.628874e+02 
  749.000  6.636287e+02 
  750.000  6.534266e+02 
  751.000  6.519260e+02 
  752.000  6.631332e+02 
  753.000  6.573428e+02 
  754.000  6.679834e+02 
  755.000  6.643301e+02 
  756.000  6.515159e+02 
  757.000  6.564146e+02 
  758.000  6.546323e+02 
  759.000  5.881700e+02 
  760.000  2.154376e+02 
  761.000  1.849748e+02 
  762.000  3.771582e+02 
  763.000  3.217800e+02 
  764.000  3.550859e+02 
  765.000  4.323453e+02 
  766.000  5.000095e+02 
  767.000  5.524114e+02 
  768.000  6.046743e+02 
  769.000  6.223074e+02 
  770.000  6.288494e+02 
  771.000  6.339429e+02 
  772.000  6.326277e+02 
  773.000  6.305511e+02 
  774.000  6.377879e+02 
  775.000  6.142047e+02 
  776.000  6.398115e+02 
  777.000  6.354324e+02 
  778.000  6.319683e+02 
  779.000  6.339742e+02 
  780.000  6.260838e+02 
  781.000  6.255809e+02 
  782.000  6.330566e+02 
  783.000  6.182180e+02 
  784.000  6.213688e+02 
  785.000  6.210150e+02 
  786.000  6.073356e+02 
  787.000  6.092486e+02 
  788.000  5.964311e+02 
  789.000  5.867685e+02 
  790.000  5.796769e+02 
  791.000  5.791403e+02 
  792.000  5.722354e+02 
  793.000  5.769259e+02 
  794.000  5.819625e+02 
  795.000  5.721325e+02 
  796.000  5.638757e+02 
  797.000  5.725878e+02 
  798.000  5.843792e+02 
  799.000  5.813071e+02 
  800.000  5.580695e+02 
  801.000  5.694270e+02 
  802.000  5.675050e+02 
  803.000  5.605845e+02 
  804.000  5.695676e+02 
  805.000  5.612605e+02 
  806.000  5.809483e+02 
  807.000  5.776897e+02 
  808.000  5.716304e+02 
  809.000  5.588798e+02 
  810.000  5.529583e+02 
  811.000  5.547281e+02 
  812.000  5.432670e+02 
  813.000  5.293116e+02 
  814.000  5.132869e+02 
  815.000  4.890177e+02 
  816.000  4.615250e+02 
  817.000  4.654037e+02 
  818.000  4.643880e+02 
  819.000  4.594138e+02 
  820.000  4.754396e+02 
  821.000  5.213007e+02 
  822.000  4.843129e+02 
  823.000  4.303036e+02 
  824.000  4.884515e+02 
  825.000  5.221847e+02 
  826.000  5.197411e+02 
  827.000  5.136470e+02 
  828.000  4.899922e+02 
  829.000  4.977949e+02 
  830.000  4.989100e+02 
  831.000  4.922940e+02 
  832.000  5.034738e+02 
  833.000  4.929276e+02 
  834.000  5.063302e+02 
  835.000  5.191275e+02 
  836.000  5.214447e+02 
  837.000  5.168113e+02 
  838.000  5.243746e+02 
  839.000  5.113615e+02 
  840.000  5.262971e+02 
  841.000  5.240978e+02 
  842.000  5.240485e+02 
  843.000  5.279805e+02 
  844.000  5.225995e+02 
  845.000  5.321189e+02 
  846.000  5.385116e+02 
  847.000  5.216946e+02 
  848.000  5.341407e+02 
  849.000  5.354863e+02 
  850.000  4.617481e+02 
  851.000  5.273179e+02 
  852.000  5.074839e+02 
  853.000  5.160292e+02 
  854.000  4.147657e+02 
  855.000  4.577661e+02 
  856.000  5.221600e+02 
  857.000  5.315121e+02 
  858.000  5.235529e+02 
  859.000  5.247099e+02 
  860.000  5.206418e+02 
  861.000  5.206302e+02 
  862.000  5.192872e+02 
  863.000  5.292726e+02 
  864.000  5.284907e+02 
  865.000  5.188671e+02 
  866.000  4.352815e+02 
  867.000  4.634971e+02 
  868.000  5.027154e+02 
  869.000  4.957386e+02 
  870.000  5.161414e+02 
  871.000  5.154854e+02 
  872.000  5.135858e+02 
  873.000  5.154849e+02 
  874.000  5.041047e+02 
  875.000  4.994527e+02 
  876.000  5.034316e+02 
  877.000  5.133531e+02 
  878.000  5.038853e+02 
  879.000  5.050071e+02 
  880.000  5.015197e+02 
  881.000  4.751809e+02 
  882.000  5.011022e+02 
  883.000  4.899914e+02 
  884.000  4.942845e+02 
  885.000  4.983063e+02 
  886.000  4.803246e+02 
  887.000  4.766939e+02 
  888.000  4.908859e+02 
  889.000  4.945402e+02 
  890.000  4.918992e+02 
  891.000  4.869883e+02 
  892.000  4.801700e+02 
  893.000  4.464099e+02 
  894.000  4.530664e+02 
  895.000  4.067341e+02 
  896.000  3.984046e+02 
  897.000  3.647104e+02 
  898.000  3.540896e+02 
  899.000  3.239427e+02 
  900.000  3.197394e+02 
  901.000  3.057558e+02 
  902.000  3.016925e+02 
  903.000  3.678596e+02 
  904.000  4.058464e+02 
  905.000  4.037764e+02 
  906.000  3.730703e+02 
  907.000  3.447207e+02 
  908.000  3.140354e+02 
  909.000  3.094190e+02 
  910.000  3.162043e+02 
  911.000  3.293083e+02 
  912.000  3.232245e+02 
  913.000  3.014729e+02 
  914.000  3.138207e+02 
  915.000  3.196791e+02 
  916.000  3.268802e+02 
  917.000  3.281923e+02 
  918.000  3.348263e+02 
  919.000  3.682357e+02 
  920.000  3.874002e+02 
  921.000  3.741898e+02 
  922.000  3.704684e+02 
  923.000  3.490801e+02 
  924.000  3.493557e+02 
  925.000  3.524558e+02 
  926.000  3.386431e+02 
  927.000  3.338060e+02 
  928.000  3.098773e+02 
  929.000  2.705365e+02 
  930.000  2.289039e+02 
  931.000  1.875372e+02 
  932.000  1.373501e+02 
  933.000  1.079313e+02 
  934.000  8.121902e+01 
  935.000  7.723776e+01 
  936.000  8.553170e+01 
  937.000  8.542123e+01 
  938.000  1.145133e+02 
  939.000  2.140633e+02 
  940.000  2.306991e+02 
  941.000  2.113714e+02 
  942.000  1.711782e+02 
  943.000  1.305837e+02 
  944.000  1.236463e+02 
  945.000  1.408502e+02 
  946.000  1.440636e+02 
  947.000  1.595650e+02 
  948.000  1.705429e+02 
  949.000  1.702768e+02 
  950.000  1.718957e+02 
  951.000  1.939343e+02 
  952.000  1.702490e+02 
  953.000  1.871731e+02 
  954.000  2.049088e+02 
  955.000  1.776237e+02 
  956.000  1.871376e+02 
  957.000  2.375721e+02 
  958.000  2.470963e+02 
  959.000  2.396557e+02 
  960.000  2.352887e+02 
  961.000  2.287757e+02 
  962.000  2.342277e+02 
  963.000  2.638366e+02 
  964.000  2.655125e+02 
  965.000  2.661586e+02 
  966.000  2.604546e+02 
  967.000  2.911822e+02 
  968.000  3.279430e+02 
  969.000  3.491247e+02 
  970.000  3.512941e+02 
  971.000  3.477716e+02 
  972.000  3.447545e+02 
  973.000  3.292764e+02 
  974.000  3.098555e+02 
  975.000  3.023225e+02 
  976.000  3.172896e+02 
  977.000  3.279034e+02 
  978.000  3.345971e+02 
  979.000  3.299607e+02 
  980.000  3.545661e+02 
  981.000  3.616705e+02 
  982.000  3.565330e+02 
  983.000  3.661555e+02 
  984.000  3.746548e+02 
  985.000  3.807934e+02 
  986.000  3.858172e+02 
  987.000  3.938384e+02 
  988.000  3.898414e+02 
  989.000  3.854367e+02 
  990.000  3.895932e+02 
  991.000  3.958221e+02 
  992.000  3.930269e+02 
  993.000  3.933378e+02 
  994.000  3.980589e+02 
  995.000  3.968609e+02 
  996.000  3.967615e+02 
  997.000  3.961332e+02 
  998.000  3.933064e+02 
  999.000  3.918177e+02 
 1000.000  3.890884e+02 
 1001.000  3.884462e+02 
 1002.000  3.834817e+02 
 1003.000  3.800378e+02 
 1004.000  3.793449e+02 
 1005.000  3.553750e+02 
 1006.000  3.743949e+02 
 1007.000  3.803891e+02 
 1008.000  3.784805e+02 
 1009.000  3.715278e+02 
 1010.000  3.750003e+02 
 1011.000  3.779252e+02 
 1012.000  3.799552e+02 
 1013.000  3.786744e+02 
 1014.000  3.817399e+02 
 1015.000  3.748172e+02 
 1016.000  3.778806e+02 
 1017.000  3.745341e+02 
 1018.000  3.786113e+02 
 1019.000  3.683644e+02 
 1020.000  3.681571e+02 
 1021.000  3.729810e+02 
 1022.000  3.654832e+02 
 1023.000  3.708899e+02 
 1024.000  3.680467e+02 
 1025.000  3.708805e+02 
 1026.000  3.726357e+02 
 1027.000  3.698633e+02 
 1028.000  3.712189e+02 
 1029.000  3.668317e+02 
 1030.000  3.715548e+02 
 1031.000  3.710285e+02 
 1032.000  3.702138e+02 
 1033.000  3.635212e+02 
 1034.000  3.676544e+02 
 1035.000  3.639029e+02 
 1036.000  3.686401e+02 
 1037.000  3.609921e+02 
 1038.000  3.646563e+02 
 1039.000  3.660217e+02 
 1040.000  3.616080e+02 
 1041.000  3.634525e+02 
 1042.000  3.645175e+02 
 1043.000  3.582527e+02 
 1044.000  3.617631e+02 
 1045.000  3.600058e+02 
 1046.000  3.494024e+02 
 1047.000  3.556975e+02 
 1048.000  3.591862e+02 
 1049.000  3.568252e+02 
 1050.000  3.545068e+02 
 1051.000  3.541985e+02 
 1052.000  3.523680e+02 
 1053.000  3.525368e+02 
 1054.000  3.485953e+02 
 1055.000  3.508722e+02 
 1056.000  3.497317e+02 
 1057.000  3.484493e+02 
 1058.000  3.435395e+02 
 1059.000  3.328737e+02 
 1060.000  3.456636e+02 
 1061.000  3.334434e+02 
 1062.000  3.419294e+02 
 1063.000  3.359808e+02 
 1064.000  3.397263e+02 
 1065.000  3.384677e+02 
 1066.000  3.281599e+02 
 1067.000  3.355097e+02 
 1068.000  3.322134e+02 
 1069.000  3.060177e+02 
 1070.000  3.242527e+02 
 1071.000  3.234247e+02 
 1072.000  3.230623e+02 
 1073.000  3.120721e+02 
 1074.000  3.230971e+02 
 1075.000  3.147883e+02 
 1076.000  3.203919e+02 
 1077.000  3.180232e+02 
 1078.000  3.170012e+02 
 1079.000  3.043789e+02 
 1080.000  3.083998e+02 
 1081.000  2.967525e+02 
 1082.000  3.025815e+02 
 1083.000  2.918479e+02 
 1084.000  3.000816e+02 
 1085.000  2.894421e+02 
 1086.000  2.947072e+02 
 1087.000  2.835162e+02 
 1088.000  3.010060e+02 
 1089.000  2.807458e+02 
 1090.000  2.851007e+02 
 1091.000  2.885497e+02 
 1092.000  2.774340e+02 
 1093.000  2.644570e+02 
 1094.000  2.369011e+02 
 1095.000  2.569853e+02 
 1096.000  2.563655e+02 
 1097.000  2.509240e+02 
 1098.000  2.252220e+02 
 1099.000  2.066088e+02 
 1100.000  2.113183e+02 
 1101.000  2.134044e+02 
 1102.000  2.031179e+02 
 1103.000  2.127186e+02 
 1104.000  2.078171e+02 
 1105.000  1.994116e+02 
 1106.000  1.900115e+02 
 1107.000  1.913192e+02 
 1108.000  1.915941e+02 
 1109.000  1.984106e+02 
 1110.000  1.976741e+02 
 1111.000  1.909893e+02 
 1112.000  1.724195e+02 
 1113.000  1.496245e+02 
 1114.000  1.441096e+02 
 1115.000  1.180500e+02 
 1116.000  1.029269e+02 
 1117.000  7.691022e+01 
 1118.000  5.482282e+01 
 1119.000  4.331825e+01 
 1120.000  3.310953e+01 
 1121.000  3.113178e+01 
 1122.000  2.272039e+01 
 1123.000  2.669215e+01 
 1124.000  2.958139e+01 
 1125.000  2.736997e+01 
 1126.000  2.630711e+01 
 1127.000  2.807870e+01 
 1128.000  2.924027e+01 
 1129.000  3.867680e+01 
 1130.000  6.483390e+01 
 1131.000  7.455616e+01 
 1132.000  6.223535e+01 
 1133.000  4.220450e+01 
 1134.000  1.748471e+01 
 1135.000  1.924890e+01 
 1136.000  4.553953e+01 
 1137.000  6.624228e+01 
 1138.000  8.717229e+01 
 1139.000  9.863143e+01 
 1140.000  9.394894e+01 
 1141.000  8.245864e+01 
 1142.000  8.130020e+01 
 1143.000  6.996614e+01 
 1144.000  5.950338e+01 
 1145.000  4.676039e+01 
 1146.000  5.025872e+01 
 1147.000  6.116571e+01 
 1148.000  7.094812e+01 
 1149.000  7.592722e+01 
 1150.000  7.663028e+01 
 1151.000  8.418611e+01 
 1152.000  8.798937e+01 
 1153.000  9.361626e+01 
 1154.000  9.340238e+01 
 1155.000  1.055689e+02 
 1156.000  1.172079e+02 
 1157.000  1.472956e+02 
 1158.000  1.612298e+02 
 1159.000  1.714327e+02 
 1160.000  1.746466e+02 
 1161.000  1.834160e+02 
 1162.000  2.003267e+02 
 1163.000  2.137210e+02 
 1164.000  2.121471e+02 
 1165.000  2.177783e+02 
 1166.000  2.150500e+02 
 1167.000  2.203944e+02 
 1168.000  2.217087e+02 
 1169.000  2.159066e+02 
 1170.000  2.234373e+02 
 1171.000  2.289285e+02 
 1172.000  2.256259e+02 
 1173.000  2.216102e+02 
 1174.000  2.218816e+02 
 1175.000  2.260443e+02 
 1176.000  2.267462e+02 
 1177.000  2.307238e+02 
 1178.000  2.208139e+02 
 1179.000  2.198537e+02 
 1180.000  2.207352e+02 
 1181.000  2.141242e+02 
 1182.000  2.090228e+02 
 1183.000  1.974612e+02 
 1184.000  2.094416e+02 
 1185.000  2.198910e+02 
 1186.000  2.163152e+02 
 1187.000  2.087296e+02 
 1188.000  2.059877e+02 
 1189.000  1.984674e+02 
 1190.000  2.204134e+02 
 1191.000  2.276366e+02 
 1192.000  2.318470e+02 
 1193.000  2.307711e+02 
 1194.000  2.295589e+02 
 1195.000  2.217518e+02 
 1196.000  2.223293e+02 
 1197.000  2.197431e+02 
 1198.000  2.117948e+02 
 1199.000  2.010024e+02 
 1200.000  2.154843e+02 
 1201.000  2.177467e+02 
 1202.000  2.189828e+02 
 1203.000  2.070098e+02 
 1204.000  2.117367e+02 
 1205.000  2.252114e+02 
 1206.000  2.277785e+02 
 1207.000  2.309094e+02 
 1208.000  2.262706e+02 
 1209.000  2.101635e+02 
 1210.000  2.213833e+02 
 1211.000  2.134683e+02 
 1212.000  2.209913e+02 
 1213.000  2.252193e+02 
 1214.000  2.236591e+02 
 1215.000  2.256438e+02 
 1216.000  2.300960e+02 
 1217.000  2.340748e+02 
 1218.000  2.352678e+02 
 1219.000  2.342206e+02 
 1220.000  2.358896e+02 
 1221.000  2.358981e+02 
 1222.000  2.347765e+02 
 1223.000  2.340992e+02 
 1224.000  2.385649e+02 
 1225.000  2.378127e+02 
 1226.000  2.394744e+02 
 1227.000  2.326577e+02 
 1228.000  2.415911e+02 
 1229.000  2.426117e+02 
 1230.000  2.432242e+02 
 1231.000  2.440515e+02 
 1232.000  2.416345e+02 
 1233.000  2.437840e+02 
 1234.000  2.448738e+02 
 1235.000  2.438417e+02 
 1236.000  2.457798e+02 
 1237.000  2.462818e+02 
 1238.000  2.464005e+02 
 1239.000  2.437336e+02 
 1240.000  2.426937e+02 
 1241.000  2.446975e+02 
 1242.000  2.430687e+02 
 1243.000  2.401924e+02 
 1244.000  2.376489e+02 
 1245.000  2.414934e+02 
 1246.000  2.393377e+02 
 1247.000  2.377645e+02 
 1248.000  2.393609e+02 
 1249.000  2.383281e+02 
 1250.000  2.371147e+02 
 1251.000  2.351978e+02 
 1252.000  2.339569e+02 
 1253.000  2.314622e+02 
 1254.000  2.309116e+02 
 1255.000  2.297606e+02 
 1256.000  2.287492e+02 
 1257.000  2.252638e+02 
 1258.000  2.242220e+02 
 1259.000  2.202061e+02 
 1260.000  2.186790e+02 
 1261.000  2.163035e+02 
 1262.000  2.077684e+02 
 1263.000  2.088719e+02 
 1264.000  2.047455e+02 
 1265.000  2.047227e+02 
 1266.000  2.043560e+02 
 1267.000  1.987721e+02 
 1268.000  1.950521e+02 
 1269.000  1.960849e+02 
 1270.000  2.025360e+02 
 1271.000  2.054865e+02 
 1272.000  2.065782e+02 
 1273.000  2.082257e+02 
 1274.000  2.093055e+02 
 1275.000  2.114854e+02 
 1276.000  2.122134e+02 
 1277.000  2.120252e+02 
 1278.000  2.112731e+02 
 1279.000  2.100521e+02 
 1280.000  2.101893e+02 
 1281.000  2.054598e+02 
 1282.000  1.835370e+02 
 1283.000  2.019037e+02 
 1284.000  2.101197e+02 
 1285.000  2.119607e+02 
 1286.000  2.109462e+02 
 1287.000  2.105800e+02 
 1288.000  2.035145e+02 
 1289.000  2.028523e+02 
 1290.000  1.978827e+02 
 1291.000  2.014005e+02 
 1292.000  2.044845e+02 
 1293.000  2.047991e+02 
 1294.000  1.989770e+02 
 1295.000  1.971647e+02 
 1296.000  1.930809e+02 
 1297.000  1.884898e+02 
 1298.000  1.863347e+02 
 1299.000  1.877404e+02 
 1300.000  1.864080e+02 
 1301.000  1.851205e+02 
 1302.000  1.803568e+02 
 1303.000  1.725825e+02 
 1304.000  1.699566e+02 
 1305.000  1.698742e+02 
 1306.000  1.688774e+02 
 1307.000  1.667462e+02 
 1308.000  1.623184e+02 
 1309.000  1.564858e+02 
 1310.000  1.552294e+02 
 1311.000  1.546552e+02 
 1312.000  1.478377e+02 
 1313.000  1.349608e+02 
 1314.000  1.335327e+02 
 1315.000  1.316912e+02 
 1316.000  1.389291e+02 
 1317.000  1.401436e+02 
 1318.000  1.309389e+02 
 1319.000  1.229382e+02 
 1320.000  1.112957e+02 
 1321.000  1.067881e+02 
 1322.000  1.128813e+02 
 1323.000  1.202111e+02 
 1324.000  1.241596e+02 
 1325.000  1.212557e+02 
 1326.000  1.136305e+02 
 1327.000  9.797898e+01 
 1328.000  8.360559e+01 
 1329.000  5.820742e+01 
 1330.000  5.156908e+01 
 1331.000  4.730196e+01 
 1332.000  4.747916e+01 
 1333.000  5.278654e+01 
 1334.000  5.849169e+01 
 1335.000  6.285506e+01 
 1336.000  6.371857e+01 
 1337.000  6.447461e+01 
 1338.000  6.771501e+01 
 1339.000  6.785397e+01 
 1340.000  7.020065e+01 
 1341.000  6.865270e+01 
 1342.000  6.890119e+01 
 1343.000  5.758651e+01 
 1344.000  4.650947e+01 
 1345.000  2.567303e+01 
 1346.000  1.448818e+01 
 1347.000  1.017095e+01 
 1348.000  4.930436e+00 
 1349.000  3.787106e+00 
 1350.000  1.465931e+00 
 1351.000  9.674199e-01 
 1352.000  3.281171e-01 
 1353.000  1.072109e-01 
 1354.000  4.682010e-02 
 1355.000  1.902187e-02 
 1356.000  6.747375e-03 
 1357.000  1.495338e-03 
 1358.000  6.191725e-04 
 1359.000  6.979703e-05 
 1360.000  2.240808e-05 
 1361.000  7.205050e-06 
 1362.000  1.070975e-08 
 1363.000  1.400798e-05 
 1364.000  2.083926e-05 
 1365.000  2.102443e-05 
 1366.000  3.081460e-05 
 1367.000  2.256878e-05 
 1368.000  2.153727e-05 
 1369.000  2.405865e-05 
 1370.000  1.330291e-04 
 1371.000  6.825370e-04 
 1372.000  4.672092e-03 
 1373.000  1.266058e-02 
 1374.000  2.312270e-02 
 1375.000  2.871297e-02 
 1376.000  2.345099e-02 
 1377.000  1.642873e-02 
 1378.000  7.304776e-03 
 1379.000  2.467534e-03 
 1380.000  4.672868e-04 
 1381.000  9.857373e-05 
 1382.000  3.388308e-05 
 1383.000  2.880339e-05 
 1384.000  1.153671e-04 
 1385.000  3.188396e-04 
 1386.000  1.109062e-03 
 1387.000  7.420979e-03 
 1388.000  1.628184e-02 
 1389.000  2.688557e-02 
 1390.000  2.959835e-02 
 1391.000  2.507066e-02 
 1392.000  1.142700e-02 
 1393.000  5.676176e-03 
 1394.000  2.722795e-03 
 1395.000  3.907899e-03 
 1396.000  9.472087e-03 
 1397.000  2.067872e-02 
 1398.000  2.253642e-02 
 1399.000  2.052123e-02 
 1400.000  1.787476e-02 
 1401.000  2.452722e-02 
 1402.000  4.395432e-02 
 1403.000  7.990430e-02 
 1404.000  6.785539e-02 
 1405.000  9.317864e-02 
 1406.000  7.500330e-02 
 1407.000  1.026338e-01 
 1408.000  1.734511e-01 
 1409.000  3.180560e-01 
 1410.000  5.734887e-01 
 1411.000  1.096254e+00 
 1412.000  1.070765e+00 
 1413.000  1.610704e+00 
 1414.000  1.508054e+00 
 1415.000  2.343263e+00 
 1416.000  2.902546e+00 
 1417.000  3.443520e+00 
 1418.000  3.532668e+00 
 1419.000  3.908225e+00 
 1420.000  4.204847e+00 
 1421.000  6.155291e+00 
 1422.000  6.887717e+00 
 1423.000  7.544910e+00 
 1424.000  7.459592e+00 
 1425.000  7.199714e+00 
 1426.000  7.008296e+00 
 1427.000  8.233428e+00 
 1428.000  9.306762e+00 
 1429.000  1.036730e+01 
 1430.000  1.021425e+01 
 1431.000  8.552993e+00 
 1432.000  7.816736e+00 
 1433.000  7.758053e+00 
 1434.000  6.988029e+00 
 1435.000  8.389811e+00 
 1436.000  9.013393e+00 
 1437.000  9.401634e+00 
 1438.000  1.119940e+01 
 1439.000  1.155219e+01 
 1440.000  1.148453e+01 
 1441.000  1.245677e+01 
 1442.000  1.148687e+01 
 1443.000  1.178741e+01 
 1444.000  1.247179e+01 
 1445.000  1.263507e+01 
 1446.000  1.419097e+01 
 1447.000  1.553912e+01 
 1448.000  1.595828e+01 
 1449.000  1.503532e+01 
 1450.000  1.361290e+01 
 1451.000  1.421829e+01 
 1452.000  1.688428e+01 
 1453.000  2.232582e+01 
 1454.000  2.888103e+01 
 1455.000  3.305855e+01 
 1456.000  3.800143e+01 
 1457.000  3.908170e+01 
 1458.000  4.071392e+01 
 1459.000  3.719520e+01 
 1460.000  3.361015e+01 
 1461.000  3.189770e+01 
 1462.000  2.749551e+01 
 1463.000  2.731231e+01 
 1464.000  2.614343e+01 
 1465.000  2.377759e+01 
 1466.000  2.027085e+01 
 1467.000  1.878177e+01 
 1468.000  1.637392e+01 
 1469.000  1.372947e+01 
 1470.000  1.275545e+01 
 1471.000  1.568912e+01 
 1472.000  2.056788e+01 
 1473.000  2.851873e+01 
 1474.000  3.450941e+01 
 1475.000  3.527856e+01 
 1476.000  3.533957e+01 
 1477.000  3.328974e+01 
 1478.000  3.082889e+01 
 1479.000  2.844533e+01 
 1480.000  3.047373e+01 
 1481.000  3.308057e+01 
 1482.000  3.732372e+01 
 1483.000  3.758676e+01 
 1484.000  3.821888e+01 
 1485.000  3.841943e+01 
 1486.000  4.137307e+01 
 1487.000  4.910088e+01 
 1488.000  4.364728e+01 
 1489.000  6.124451e+01 
 1490.000  7.188772e+01 
 1491.000  7.906075e+01 
 1492.000  7.841599e+01 
 1493.000  8.440195e+01 
 1494.000  8.467716e+01 
 1495.000  8.866749e+01 
 1496.000  9.347278e+01 
 1497.000  9.623486e+01 
 1498.000  1.040265e+02 
 1499.000  1.088401e+02 
 1500.000  1.155930e+02 
 1501.000  1.139576e+02 
 1502.000  1.106357e+02 
 1503.000  9.784625e+01 
 1504.000  1.035530e+02 
 1505.000  1.080125e+02 
 1506.000  1.096979e+02 
 1507.000  1.192326e+02 
 1508.000  1.197484e+02 
 1509.000  1.228523e+02 
 1510.000  1.256390e+02 
 1511.000  1.281127e+02 
 1512.000  1.268730e+02 
 1513.000  1.272848e+02 
 1514.000  1.255445e+02 
 1515.000  1.293974e+02 
 1516.000  1.286817e+02 
 1517.000  1.291379e+02 
 1518.000  1.340302e+02 
 1519.000  1.349169e+02 
 1520.000  1.394783e+02 
 1521.000  1.388088e+02 
 1522.000  1.380594e+02 
 1523.000  1.420663e+02 
 1524.000  1.404446e+02 
 1525.000  1.366823e+02 
 1526.000  1.407760e+02 
 1527.000  1.401704e+02 
 1528.000  1.422857e+02 
 1529.000  1.418600e+02 
 1530.000  1.337290e+02 
 1531.000  1.437400e+02 
 1532.000  1.437535e+02 
 1533.000  1.435828e+02 
 1534.000  1.418336e+02 
 1535.000  1.428053e+02 
 1536.000  1.447303e+02 
 1537.000  1.456394e+02 
 1538.000  1.421476e+02 
 1539.000  1.455471e+02 
 1540.000  1.404194e+02 
 1541.000  1.434808e+02 
 1542.000  1.443316e+02 
 1543.000  1.440795e+02 
 1544.000  1.461756e+02 
 1545.000  1.471606e+02 
 1546.000  1.476581e+02 
 1547.000  1.465172e+02 
 1548.000  1.423516e+02 
 1549.000  1.459964e+02 
 1550.000  1.451167e+02 
 1551.000  1.443296e+02 
 1552.000  1.468109e+02 
 1553.000  1.462030e+02 
 1554.000  1.408082e+02 
 1555.000  1.432795e+02 
 1556.000  1.406140e+02 
 1557.000  1.452935e+02 
 1558.000  1.440864e+02 
 1559.000  1.440018e+02 
 1560.000  1.415126e+02 
 1561.000  1.447418e+02 
 1562.000  1.444949e+02 
 1563.000  1.421610e+02 
 1564.000  1.390680e+02 
 1565.000  1.407820e+02 
 1566.000  1.381114e+02 
 1567.000  1.374189e+02 
 1568.000  1.335707e+02 
 1569.000  1.329307e+02 
 1570.000  1.286905e+02 
 1571.000  1.321365e+02 
 1572.000  1.318951e+02 
 1573.000  1.300792e+02 
 1574.000  1.309153e+02 
 1575.000  1.218054e+02 
 1576.000  1.308567e+02 
 1577.000  1.182949e+02 
 1578.000  1.296081e+02 
 1579.000  1.306217e+02 
 1580.000  1.337905e+02 
 1581.000  1.329014e+02 
 1582.000  1.307180e+02 
 1583.000  1.327737e+02 
 1584.000  1.320477e+02 
 1585.000  1.362752e+02 
 1586.000  1.345613e+02 
 1587.000  1.333681e+02 
 1588.000  1.315718e+02 
 1589.000  1.203538e+02 
 1590.000  1.295255e+02 
 1591.000  1.266288e+02 
 1592.000  1.331158e+02 
 1593.000  1.356876e+02 
 1594.000  1.342745e+02 
 1595.000  1.346676e+02 
 1596.000  1.261460e+02 
 1597.000  1.305207e+02 
 1598.000  1.318842e+02 
 1599.000  1.261949e+02 
 1600.000  1.272706e+02 
 1601.000  1.219106e+02 
 1602.000  1.248387e+02 
 1603.000  1.243288e+02 
 1604.000  1.264970e+02 
 1605.000  1.246239e+02 
 1606.000  1.243220e+02 
 1607.000  1.246072e+02 
 1608.000  1.258224e+02 
 1609.000  1.253360e+02 
 1610.000  1.176453e+02 
 1611.000  1.217373e+02 
 1612.000  1.236265e+02 
 1613.000  1.270741e+02 
 1614.000  1.258240e+02 
 1615.000  1.284330e+02 
 1616.000  1.207557e+02 
 1617.000  1.248459e+02 
 1618.000  1.287323e+02 
 1619.000  1.288699e+02 
 1620.000  1.261180e+02 
 1621.000  1.246014e+02 
 1622.000  1.277346e+02 
 1623.000  1.305239e+02 
 1624.000  1.315258e+02 
 1625.000  1.286989e+02 
 1626.000  1.298715e+02 
 1627.000  1.297631e+02 
 1628.000  1.306516e+02 
 1629.000  1.304338e+02 
 1630.000  1.265393e+02 
 1631.000  1.285152e+02 
 1632.000  1.281900e+02 
 1633.000  1.264634e+02 
 1634.000  1.232294e+02 
 1635.000  1.265302e+02 
 1636.000  1.259533e+02 
 1637.000  1.200632e+02 
 1638.000  1.191846e+02 
 1639.000  1.175357e+02 
 1640.000  1.180426e+02 
 1641.000  1.170361e+02 
 1642.000  1.168844e+02 
 1643.000  1.197391e+02 
 1644.000  1.177012e+02 
 1645.000  1.176773e+02 
 1646.000  1.190882e+02 
 1647.000  1.201704e+02 
 1648.000  1.194722e+02 
 1649.000  1.166718e+02 
 1650.000  1.196239e+02 
 1651.000  1.169196e+02 
 1652.000  1.190982e+02 
 1653.000  1.179415e+02 
 1654.000  1.192615e+02 
 1655.000  1.171264e+02 
 1656.000  1.195443e+02 
 1657.000  1.186730e+02 
 1658.000  1.195455e+02 
 1659.000  1.173709e+02 
 1660.000  1.186016e+02 
 1661.000  1.190553e+02 
 1662.000  1.180873e+02 
 1663.000  1.173748e+02 
 1664.000  1.168758e+02 
 1665.000  1.156857e+02 
 1666.000  1.153972e+02 
 1667.000  1.168867e+02 
 1668.000  1.149041e+02 
 1669.000  1.153271e+02 
 1670.000  1.179128e+02 
 1671.000  1.171472e+02 
 1672.000  1.115976e+02 
 1673.000  1.145880e+02 
 1674.000  1.149292e+02 
 1675.000  1.138543e+02 
 1676.000  1.119720e+02 
 1677.000  1.126087e+02 
 1678.000  1.134534e+02 
 1679.000  1.118995e+02 
 1680.000  1.082076e+02 
 1681.000  1.045300e+02 
 1682.000  1.075445e+02 
 1683.000  1.101363e+02 
 1684.000  1.121155e+02 
 1685.000  1.121977e+02 
 1686.000  1.108478e+02 
 1687.000  1.108867e+02 
 1688.000  1.106365e+02 
 1689.000  1.092935e+02 
 1690.000  1.088346e+02 
 1691.000  1.101898e+02 
 1692.000  1.103787e+02 
 1693.000  1.100380e+02 
 1694.000  1.098705e+02 
 1695.000  1.096663e+02 
 1696.000  1.090201e+02 
 1697.000  1.081978e+02 
 1698.000  1.087530e+02 
 1699.000  1.080512e+02 
 1700.000  1.066855e+02 
 1701.000  1.070197e+02 
 1702.000  1.066639e+02 
 1703.000  1.041881e+02 
 1704.000  1.055674e+02 
 1705.000  1.060436e+02 
 1706.000  1.042483e+02 
 1707.000  1.036982e+02 
 1708.000  1.009214e+02 
 1709.000  1.027640e+02 
 1710.000  1.038974e+02 
 1711.000  9.596181e+01 
 1712.000  1.026539e+02 
 1713.000  1.028802e+02 
 1714.000  1.030062e+02 
 1715.000  1.030415e+02 
 1716.000  1.026368e+02 
 1717.000  1.018073e+02 
 1718.000  1.012375e+02 
 1719.000  1.015494e+02 
 1720.000  9.803880e+01 
 1721.000  9.657067e+01 
 1722.000  9.730527e+01 
 1723.000  9.151603e+01 
 1724.000  9.285548e+01 
 1725.000  9.464814e+01 
 1726.000  9.625043e+01 
 1727.000  9.574565e+01 
 1728.000  9.354919e+01 
 1729.000  9.579848e+01 
 1730.000  9.594026e+01 
 1731.000  9.358361e+01 
 1732.000  9.178846e+01 
 1733.000  8.589780e+01 
 1734.000  8.719196e+01 
 1735.000  8.647001e+01 
 1736.000  8.222819e+01 
 1737.000  8.084216e+01 
 1738.000  8.447874e+01 
 1739.000  8.571922e+01 
 1740.000  8.537726e+01 
 1741.000  8.319858e+01 
 1742.000  8.577313e+01 
 1743.000  8.379505e+01 
 1744.000  8.450446e+01 
 1745.000  8.198036e+01 
 1746.000  8.182573e+01 
 1747.000  8.025966e+01 
 1748.000  8.314922e+01 
 1749.000  8.297663e+01 
 1750.000  8.250793e+01 
 1751.000  8.117411e+01 
 1752.000  8.139088e+01 
 1753.000  8.098434e+01 
 1754.000  8.101038e+01 
 1755.000  7.874335e+01 
 1756.000  7.967316e+01 
 1757.000  7.972960e+01 
 1758.000  7.955527e+01 
 1759.000  7.988155e+01 
 1760.000  7.855769e+01 
 1761.000  7.541185e+01 
 1762.000  7.354032e+01 
 1763.000  7.281119e+01 
 1764.000  6.848948e+01 
 1765.000  6.968410e+01 
 1766.000  6.862469e+01 
 1767.000  6.894347e+01 
 1768.000  6.795628e+01 
 1769.000  6.806149e+01 
 1770.000  6.631802e+01 
 1771.000  6.643445e+01 
 1772.000  6.492341e+01 
 1773.000  6.463158e+01 
 1774.000  5.952814e+01 
 1775.000  5.525103e+01 
 1776.000  5.480114e+01 
 1777.000  5.114499e+01 
 1778.000  4.868143e+01 
 1779.000  4.917188e+01 
 1780.000  4.711895e+01 
 1781.000  4.624645e+01 
 1782.000  4.563828e+01 
 1783.000  4.281112e+01 
 1784.000  4.284871e+01 
 1785.000  4.278918e+01 
 1786.000  4.247324e+01 
 1787.000  4.281789e+01 
 1788.000  4.251243e+01 
 1789.000  3.727842e+01 
 1790.000  3.699643e+01 
 1791.000  3.280048e+01 
 1792.000  3.133726e+01 
 1793.000  2.641473e+01 
 1794.000  2.323460e+01 
 1795.000  2.342948e+01 
 1796.000  1.874566e+01 
 1797.000  1.587235e+01 
 1798.000  1.593131e+01 
 1799.000  1.078605e+01 
 1800.000  1.073216e+01 
 1801.000  7.746761e+00 
 1802.000  5.815062e+00 
 1803.000  5.790270e+00 
 1804.000  5.655542e+00 
 1805.000  5.125490e+00 
 1806.000  4.029389e+00 
 1807.000  3.740488e+00 
 1808.000  3.261043e+00 
 1809.000  2.133481e+00 
 1810.000  1.484894e+00 
 1811.000  1.483544e+00 
 1812.000  8.658479e-01 
 1813.000  8.683229e-01 
 1814.000  6.755593e-01 
 1815.000  3.021756e-01 
 1816.000  2.983078e-01 
 1817.000  2.326455e-01 
 1818.000  1.721645e-01 
 1819.000  1.083039e-01 
 1820.000  8.871736e-02 
 1821.000  8.946308e-02 
 1822.000  5.747838e-02 
 1823.000  5.667176e-02 
 1824.000  4.676538e-02 
 1825.000  1.187229e-02 
 1826.000  1.195488e-02 
 1827.000  5.869993e-03 
 1828.000  3.897230e-03 
 1829.000  9.123004e-04 
 1830.000  3.616743e-04 
 1831.000  3.615049e-04 
 1832.000  1.063672e-04 
 1833.000  1.027349e-04 
 1834.000  3.324241e-05 
 1835.000  4.136938e-06 
 1836.000  4.155507e-06 
 1837.000  1.820650e-06 
 1838.000  1.323843e-06 
 1839.000  1.993990e-06 
 1840.000  5.592372e-06 
 1841.000  5.729095e-06 
 1842.000  1.192018e-05 
 1843.000  1.156941e-05 
 1844.000  2.006304e-05 
 1845.000  1.663295e-05 
 1846.000  1.093005e-05 
 1847.000  5.910982e-06 
 1848.000  6.105666e-06 
 1849.000  6.133914e-06 
 1850.000  6.202397e-06 
 1851.000  5.647608e-06 
 1852.000  6.377564e-06 
 1853.000  6.252369e-06 
 1854.000  6.449126e-06 
 1855.000  7.166490e-06 
 1856.000  8.762068e-06 
 1857.000  9.141980e-06 
 1858.000  1.714995e-05 
 1859.000  4.986603e-05 
 1860.000  4.940831e-05 
 1861.000  1.482410e-04 
 1862.000  1.242595e-04 
 1863.000  1.465858e-04 
 1864.000  1.050008e-04 
 1865.000  1.057176e-04 
 1866.000  2.806123e-05 
 1867.000  2.767363e-05 
 1868.000  1.830235e-06 
 1869.000  2.152693e-06 
 1870.000  0.000000e+00 
 1871.000  0.000000e+00 
 1872.000  0.000000e+00 
 1873.000  4.607829e-11 
 1874.000  4.611659e-11 
 1875.000  4.133758e-06 
 1876.000  4.103831e-06 
 1877.000  7.202516e-05 
 1878.000  3.372075e-04 
 1879.000  3.452088e-04 
 1880.000  1.006106e-03 
 1881.000  1.038777e-03 
 1882.000  1.841710e-03 
 1883.000  2.464393e-03 
 1884.000  3.660945e-03 
 1885.000  3.647498e-03 
 1886.000  3.540772e-03 
 1887.000  4.393840e-03 
 1888.000  4.341491e-03 
 1889.000  2.847933e-03 
 1890.000  2.745918e-03 
 1891.000  2.050274e-03 
 1892.000  1.991175e-03 
 1893.000  1.536862e-03 
 1894.000  1.080467e-03 
 1895.000  1.056323e-03 
 1896.000  5.315138e-04 
 1897.000  5.301034e-04 
 1898.000  1.471537e-04 
 1899.000  1.451141e-04 
 1900.000  4.858301e-05 
 1901.000  4.883828e-05 
 1902.000  2.917900e-05 
 1903.000  6.045284e-05 
 1904.000  6.002723e-05 
 1905.000  1.504314e-04 
 1906.000  1.513467e-04 
 1907.000  3.223012e-04 
 1908.000  3.169237e-04 
 1909.000  4.134573e-04 
 1910.000  4.148307e-04 
 1911.000  4.746687e-04 
 1912.000  5.192244e-04 
 1913.000  1.056853e-03 
 1914.000  1.728562e-03 
 1915.000  1.720315e-03 
 1916.000  7.152976e-03 
 1917.000  7.201653e-03 
 1918.000  1.244204e-02 
 1919.000  1.240878e-02 
 1920.000  2.858305e-02 
 1921.000  2.977087e-02 
 1922.000  4.335623e-02 
 1923.000  5.222903e-02 
 1924.000  6.913405e-02 
 1925.000  7.322881e-02 
 1926.000  7.371223e-02 
 1927.000  1.232334e-01 
 1928.000  1.221033e-01 
 1929.000  1.455912e-01 
 1930.000  1.515055e-01 
 1931.000  3.209630e-01 
 1932.000  3.310805e-01 
 1933.000  4.076264e-01 
 1934.000  5.405389e-01 
 1935.000  7.751956e-01 
 1936.000  7.861197e-01 
 1937.000  8.565210e-01 
 1938.000  1.312266e+00 
 1939.000  1.254262e+00 
 1940.000  1.636923e+00 
 1941.000  1.653389e+00 
 1942.000  2.476631e+00 
 1943.000  2.404527e+00 
 1944.000  2.826021e+00 
 1945.000  2.655905e+00 
 1946.000  4.019337e+00 
 1947.000  4.270776e+00 
 1948.000  5.000762e+00 
 1949.000  5.442163e+00 
 1950.000  6.300622e+00 
 1951.000  6.118545e+00 
 1952.000  6.225214e+00 
 1953.000  6.817155e+00 
 1954.000  7.007985e+00 
 1955.000  6.999602e+00 
 1956.000  6.707404e+00 
 1957.000  7.628973e+00 
 1958.000  7.664976e+00 
 1959.000  9.289126e+00 
 1960.000  9.219563e+00 
 1961.000  1.215307e+01 
 1962.000  1.191167e+01 
 1963.000  1.536861e+01 
 1964.000  1.538679e+01 
 1965.000  2.030955e+01 
 1966.000  1.981356e+01 
 1967.000  2.337952e+01 
 1968.000  2.345075e+01 
 1969.000  2.685148e+01 
 1970.000  2.708830e+01 
 1971.000  2.896337e+01 
 1972.000  2.906114e+01 
 1973.000  2.947580e+01 
 1974.000  3.028407e+01 
 1975.000  3.275759e+01 
 1976.000  3.305846e+01 
 1977.000  3.498015e+01 
 1978.000  3.319852e+01 
 1979.000  3.663890e+01 
 1980.000  3.566856e+01 
 1981.000  3.829097e+01 
 1982.000  3.863019e+01 
 1983.000  3.957617e+01 
 1984.000  3.929678e+01 
 1985.000  3.996280e+01 
 1986.000  3.916356e+01 
 1987.000  3.989463e+01 
 1988.000  4.109900e+01 
 1989.000  4.098229e+01 
 1990.000  4.086472e+01 
 1991.000  4.078355e+01 
 1992.000  4.030814e+01 
 1993.000  3.870278e+01 
 1994.000  3.901494e+01 
 1995.000  3.681440e+01 
 1996.000  3.687260e+01 
 1997.000  3.094623e+01 
 1998.000  3.036002e+01 
 1999.000  2.369434e+01 
 2000.000  2.375183e+01 
 2001.000  1.776172e+01 
 2002.000  1.779040e+01 
 2003.000  1.497158e+01 
 2004.000  1.498523e+01 
 2005.000  1.547655e+01 
 2006.000  1.507480e+01 
 2007.000  1.720528e+01 
 2008.000  1.721403e+01 
 2009.000  1.862473e+01 
 2010.000  1.865904e+01 
 2011.000  1.905488e+01 
 2012.000  1.905338e+01 
 2013.000  1.932399e+01 
 2014.000  1.913451e+01 
 2015.000  2.005117e+01 
 2016.000  2.003894e+01 
 2017.000  2.238942e+01 
 2018.000  2.244233e+01 
 2019.000  2.675453e+01 
 2020.000  2.657630e+01 
 2021.000  3.036308e+01 
 2022.000  3.143318e+01 
 2023.000  3.611599e+01 
 2024.000  3.616843e+01 
 2025.000  3.950512e+01 
 2026.000  3.986348e+01 
 2027.000  4.209855e+01 
 2028.000  4.226677e+01 
 2029.000  4.364347e+01 
 2030.000  4.313322e+01 
 2031.000  4.506102e+01 
 2032.000  4.581326e+01 
 2033.000  4.720655e+01 
 2034.000  4.716942e+01 
 2035.000  4.631883e+01 
 2036.000  4.740506e+01 
 2037.000  4.768375e+01 
 2038.000  4.512579e+01 
 2039.000  4.654857e+01 
 2040.000  4.692673e+01 
 2041.000  4.648161e+01 
 2042.000  4.604904e+01 
 2043.000  4.542613e+01 
 2044.000  4.541801e+01 
 2045.000  4.379702e+01 
 2046.000  4.376712e+01 
 2047.000  4.352984e+01 
 2048.000  4.056178e+01 
 2049.000  4.079004e+01 
 2050.000  3.727859e+01 
 2051.000  3.707206e+01 
 2052.000  3.472452e+01 
 2053.000  3.424069e+01 
 2054.000  3.375724e+01 
 2055.000  3.401354e+01 
 2056.000  3.444516e+01 
 2057.000  3.431226e+01 
 2058.000  3.530790e+01 
 2059.000  3.532010e+01 
 2060.000  3.557183e+01 
 2061.000  3.462990e+01 
 2062.000  3.569555e+01 
 2063.000  3.556280e+01 
 2064.000  3.354492e+01 
 2065.000  3.551136e+01 
 2066.000  3.555712e+01 
 2067.000  3.600200e+01 
 2068.000  3.569685e+01 
 2069.000  3.679818e+01 
 2070.000  3.556696e+01 
 2071.000  3.868930e+01 
 2072.000  3.824593e+01 
 2073.000  4.094555e+01 
 2074.000  4.088403e+01 
 2075.000  4.261981e+01 
 2076.000  4.257116e+01 
 2077.000  4.392956e+01 
 2078.000  4.391925e+01 
 2079.000  4.319142e+01 
 2080.000  4.456521e+01 
 2081.000  4.413094e+01 
 2082.000  4.499958e+01 
 2083.000  4.421545e+01 
 2084.000  4.485348e+01 
 2085.000  4.522715e+01 
 2086.000  4.586852e+01 
 2087.000  4.584619e+01 
 2088.000  4.636471e+01 
 2089.000  4.643002e+01 
 2090.000  4.666479e+01 
 2091.000  4.631573e+01 
 2092.000  4.454948e+01 
 2093.000  4.605650e+01 
 2094.000  4.648986e+01 
 2095.000  4.492723e+01 
 2096.000  4.628102e+01 
 2097.000  4.595387e+01 
 2098.000  4.589080e+01 
 2099.000  4.623882e+01 
 2100.000  4.636146e+01 
 2101.000  4.680323e+01 
 2102.000  4.712259e+01 
 2103.000  4.640358e+01 
 2104.000  4.740567e+01 
 2105.000  4.736575e+01 
 2106.000  4.788701e+01 
 2107.000  4.774334e+01 
 2108.000  4.773615e+01 
 2109.000  4.749133e+01 
 2110.000  4.615281e+01 
 2111.000  4.722749e+01 
 2112.000  4.695721e+01 
 2113.000  4.671859e+01 
 2114.000  4.686588e+01 
 2115.000  4.664204e+01 
 2116.000  4.632302e+01 
 2117.000  4.510796e+01 
 2118.000  4.615121e+01 
 2119.000  4.659146e+01 
 2120.000  4.547589e+01 
 2121.000  4.670093e+01 
 2122.000  4.629833e+01 
 2123.000  4.633012e+01 
 2124.000  4.590567e+01 
 2125.000  4.689715e+01 
 2126.000  4.751435e+01 
 2127.000  4.668708e+01 
 2128.000  4.803672e+01 
 2129.000  4.792827e+01 
 2130.000  4.795406e+01 
 2131.000  4.824292e+01 
 2132.000  4.815754e+01 
 2133.000  4.827919e+01 
 2134.000  4.813330e+01 
 2135.000  4.828556e+01 
 2136.000  4.652265e+01 
 2137.000  4.815343e+01 
 2138.000  4.814304e+01 
 2139.000  4.790163e+01 
 2140.000  4.789355e+01 
 2141.000  4.793620e+01 
 2142.000  4.753025e+01 
 2143.000  4.729232e+01 
 2144.000  4.663708e+01 
 2145.000  4.617233e+01 
 2146.000  4.481211e+01 
 2147.000  4.526701e+01 
 2148.000  4.528666e+01 
 2149.000  4.398671e+01 
 2150.000  4.393313e+01 
 2151.000  4.300273e+01 
 2152.000  4.289715e+01 
 2153.000  4.247255e+01 
 2154.000  4.257293e+01 
 2155.000  4.255140e+01 
 2156.000  4.272380e+01 
 2157.000  4.261467e+01 
 2158.000  4.266914e+01 
 2159.000  4.247141e+01 
 2160.000  4.244584e+01 
 2161.000  4.240332e+01 
 2162.000  4.183477e+01 
 2163.000  4.201616e+01 
 2164.000  4.142744e+01 
 2165.000  4.017132e+01 
 2166.000  3.608438e+01 
 2167.000  3.958711e+01 
 2168.000  4.083979e+01 
 2169.000  4.192133e+01 
 2170.000  4.200907e+01 
 2171.000  4.237495e+01 
 2172.000  4.210688e+01 
 2173.000  4.225832e+01 
 2174.000  4.188996e+01 
 2175.000  4.194077e+01 
 2176.000  4.168328e+01 
 2177.000  4.110547e+01 
 2178.000  4.140491e+01 
 2179.000  3.943699e+01 
 2180.000  4.102867e+01 
 2181.000  4.096355e+01 
 2182.000  4.023051e+01 
 2183.000  3.923648e+01 
 2184.000  4.026556e+01 
 2185.000  4.036734e+01 
 2186.000  4.060117e+01 
 2187.000  4.054716e+01 
 2188.000  3.952087e+01 
 2189.000  3.954211e+01 
 2190.000  4.002143e+01 
 2191.000  4.062288e+01 
 2192.000  4.051175e+01 
 2193.000  3.987021e+01 
 2194.000  3.976591e+01 
 2195.000  3.964743e+01 
 2196.000  3.894126e+01 
 2197.000  3.878810e+01 
 2198.000  3.846320e+01 
 2199.000  3.840791e+01 
 2200.000  3.826498e+01 
 2201.000  3.855998e+01 
 2202.000  3.849767e+01 
 2203.000  3.933253e+01 
 2204.000  3.933949e+01 
 2205.000  3.922677e+01 
 2206.000  3.867366e+01 
 2207.000  3.818085e+01 
 2208.000  4.049491e+01 
 2209.000  3.965767e+01 
 2210.000  4.114353e+01 
 2211.000  4.110678e+01 
 2212.000  4.097583e+01 
 2213.000  4.107097e+01 
 2214.000  4.090596e+01 
 2215.000  4.099195e+01 
 2216.000  4.064734e+01 
 2217.000  4.005906e+01 
 2218.000  4.059466e+01 
 2219.000  4.072409e+01 
 2220.000  4.067865e+01 
 2221.000  4.060808e+01 
 2222.000  4.044640e+01 
 2223.000  4.056124e+01 
 2224.000  4.046064e+01 
 2225.000  4.038213e+01 
 2226.000  3.968438e+01 
 2227.000  3.979546e+01 
 2228.000  3.986715e+01 
 2229.000  4.022501e+01 
 2230.000  3.983559e+01 
 2231.000  3.989594e+01 
 2232.000  3.989123e+01 
 2233.000  3.978021e+01 
 2234.000  3.970560e+01 
 2235.000  3.945301e+01 
 2236.000  3.929353e+01 
 2237.000  3.930796e+01 
 2238.000  3.880268e+01 
 2239.000  3.798787e+01 
 2240.000  3.841211e+01 
 2241.000  3.879077e+01 
 2242.000  3.870249e+01 
 2243.000  3.802174e+01 
 2244.000  3.831025e+01 
 2245.000  3.831568e+01 
 2246.000  3.823326e+01 
 2247.000  3.819335e+01 
 2248.000  3.715797e+01 
 2249.000  3.793136e+01 
 2250.000  3.759258e+01 
 2251.000  3.754808e+01 
 2252.000  3.760315e+01 
 2253.000  3.700517e+01 
 2254.000  3.608029e+01 
 2255.000  3.679851e+01 
 2256.000  3.652039e+01 
 2257.000  3.651299e+01 
 2258.000  3.639923e+01 
 2259.000  3.643994e+01 
 2260.000  3.608507e+01 
 2261.000  3.590802e+01 
 2262.000  3.596994e+01 
 2263.000  3.466135e+01 
 2264.000  3.593624e+01 
 2265.000  3.572339e+01 
 2266.000  3.524301e+01 
 2267.000  3.555481e+01 
 2268.000  3.558824e+01 
 2269.000  3.550616e+01 
 2270.000  3.540065e+01 
 2271.000  3.518048e+01 
 2272.000  3.550556e+01 
 2273.000  3.548333e+01 
 2274.000  3.537735e+01 
 2275.000  3.485221e+01 
 2276.000  3.532659e+01 
 2277.000  3.533273e+01 
 2278.000  3.528152e+01 
 2279.000  3.517194e+01 
 2280.000  3.506545e+01 
 2281.000  3.323658e+01 
 2282.000  3.431703e+01 
 2283.000  3.440893e+01 
 2284.000  3.422315e+01 
 2285.000  3.409941e+01 
 2286.000  3.385381e+01 
 2287.000  3.392173e+01 
 2288.000  3.379367e+01 
 2289.000  3.321722e+01 
 2290.000  3.321588e+01 
 2291.000  3.257388e+01 
 2292.000  3.273457e+01 
 2293.000  3.266980e+01 
 2294.000  3.075050e+01 
 2295.000  3.156491e+01 
 2296.000  3.144002e+01 
 2297.000  3.091797e+01 
 2298.000  3.160386e+01 
 2299.000  3.173944e+01 
 2300.000  3.165463e+01 
 2301.000  3.163042e+01 
 2302.000  3.213321e+01 
 2303.000  3.203769e+01 
 2304.000  3.191805e+01 
 2305.000  3.240901e+01 
 2306.000  3.244296e+01 
 2307.000  3.245561e+01 
 2308.000  3.245026e+01 
 2309.000  3.222637e+01 
 2310.000  3.189475e+01 
 2311.000  3.199457e+01 
 2312.000  3.184472e+01 
 2313.000  3.114800e+01 
 2314.000  3.096622e+01 
 2315.000  2.942146e+01 
 2316.000  2.985203e+01 
 2317.000  2.956161e+01 
 2318.000  3.172092e+01 
 2319.000  3.159358e+01 
 2320.000  2.936679e+01 
 2321.000  2.937208e+01 
 2322.000  2.934905e+01 
 2323.000  2.820360e+01 
 2324.000  2.898663e+01 
 2325.000  2.922318e+01 
 2326.000  2.908599e+01 
 2327.000  2.963824e+01 
 2328.000  2.983669e+01 
 2329.000  2.954324e+01 
 2330.000  2.949230e+01 
 2331.000  2.933456e+01 
 2332.000  2.886175e+01 
 2333.000  2.884166e+01 
 2334.000  2.787910e+01 
 2335.000  2.748301e+01 
 2336.000  2.765006e+01 
 2337.000  2.672337e+01 
 2338.000  2.658525e+01 
 2339.000  2.589727e+01 
 2340.000  2.583497e+01 
 2341.000  2.586611e+01 
 2342.000  2.521480e+01 
 2343.000  2.509575e+01 
 2344.000  2.502264e+01 
 2345.000  2.456306e+01 
 2346.000  2.462170e+01 
 2347.000  2.445074e+01 
 2348.000  2.418689e+01 
 2349.000  2.430268e+01 
 2350.000  2.414866e+01 
 2351.000  2.431827e+01 
 2352.000  2.394044e+01 
 2353.000  2.336693e+01 
 2354.000  2.397459e+01 
 2355.000  2.424806e+01 
 2356.000  2.471339e+01 
 2357.000  2.451344e+01 
 2358.000  2.447974e+01 
 2359.000  2.490290e+01 
 2360.000  2.492449e+01 
 2361.000  2.474186e+01 
 2362.000  2.409750e+01 
 2363.000  2.406370e+01 
 2364.000  2.407846e+01 
 2365.000  2.302040e+01 
 2366.000  2.306798e+01 
 2367.000  2.173827e+01 
 2368.000  2.162935e+01 
 2369.000  2.142246e+01 
 2370.000  2.052916e+01 
 2371.000  2.076740e+01 
 2372.000  2.077416e+01 
 2373.000  2.056768e+01 
 2374.000  1.956370e+01 
 2375.000  2.016395e+01 
 2376.000  1.988619e+01 
 2377.000  1.982239e+01 
 2378.000  1.976410e+01 
 2379.000  1.983790e+01 
 2380.000  1.977371e+01 
 2381.000  1.912739e+01 
 2382.000  1.917398e+01 
 2383.000  1.825434e+01 
 2384.000  1.822984e+01 
 2385.000  1.837109e+01 
 2386.000  1.850600e+01 
 2387.000  1.856456e+01 
 2388.000  1.906287e+01 
 2389.000  1.899444e+01 
 2390.000  1.953382e+01 
 2391.000  1.950022e+01 
 2392.000  1.936730e+01 
 2393.000  1.953929e+01 
 2394.000  1.979351e+01 
 2395.000  1.961903e+01 
 2396.000  1.950212e+01 
 2397.000  1.959373e+01 
 2398.000  1.936263e+01 
 2399.000  1.899467e+01 
 2400.000  1.881762e+01 
 2401.000  1.813982e+01 
 2402.000  1.823254e+01 
 2403.000  1.809960e+01 
 2404.000  1.670350e+01 
 2405.000  1.681417e+01 
 2406.000  1.657028e+01 
 2407.000  1.551898e+01 
 2408.000  1.554656e+01 
 2409.000  1.549697e+01 
 2410.000  1.419010e+01 
 2411.000  1.420387e+01 
 2412.000  1.418660e+01 
 2413.000  1.335268e+01 
 2414.000  1.288830e+01 
 2415.000  1.277828e+01 
 2416.000  1.234164e+01 
 2417.000  1.289907e+01 
 2418.000  1.301190e+01 
 2419.000  1.432769e+01 
 2420.000  1.417495e+01 
 2421.000  1.410451e+01 
 2422.000  1.497136e+01 
 2423.000  1.486676e+01 
 2424.000  1.491166e+01 
 2425.000  1.521979e+01 
 2426.000  1.541262e+01 
 2427.000  1.512506e+01 
 2428.000  1.497710e+01 
 2429.000  1.507901e+01 
 2430.000  1.498951e+01 
 2431.000  1.434848e+01 
 2432.000  1.443814e+01 
 2433.000  1.422353e+01 
 2434.000  1.318025e+01 
 2435.000  1.303656e+01 
 2436.000  1.340205e+01 
 2437.000  1.332676e+01 
 2438.000  1.300766e+01 
 2439.000  1.322189e+01 
 2440.000  1.221753e+01 
 2441.000  1.207643e+01 
 2442.000  1.215170e+01 
 2443.000  1.065913e+01 
 2444.000  1.060674e+01 
 2445.000  9.392744e+00 
 2446.000  9.122348e+00 
 2447.000  9.143970e+00 
 2448.000  8.764132e+00 
 2449.000  8.764960e+00 
 2450.000  8.827007e+00 
 2451.000  8.878358e+00 
 2452.000  8.875041e+00 
 2453.000  9.014164e+00 
 2454.000  1.036016e+01 
 2455.000  1.025441e+01 
 2456.000  1.023746e+01 
 2457.000  9.666985e+00 
 2458.000  1.046819e+01 
 2459.000  1.054162e+01 
 2460.000  1.047787e+01 
 2461.000  9.807174e+00 
 2462.000  9.833828e+00 
 2463.000  9.562345e+00 
 2464.000  8.636437e+00 
 2465.000  8.569702e+00 
 2466.000  8.503879e+00 
 2467.000  7.421140e+00 
 2468.000  7.421417e+00 
 2469.000  7.144855e+00 
 2470.000  5.469918e+00 
 2471.000  5.704211e+00 
 2472.000  5.682347e+00 
 2473.000  5.212123e+00 
 2474.000  5.120029e+00 
 2475.000  5.021975e+00 
 2476.000  3.854092e+00 
 2477.000  3.911258e+00 
 2478.000  3.892996e+00 
 2479.000  2.896029e+00 
 2480.000  2.938552e+00 
 2481.000  2.745462e+00 
 2482.000  2.020339e+00 
 2483.000  1.964580e+00 
 2484.000  2.056868e+00 
 2485.000  1.590959e+00 
 2486.000  1.581603e+00 
 2487.000  1.396095e+00 
 2488.000  1.310212e+00 
 2489.000  1.309568e+00 
 2490.000  1.316669e+00 
 2491.000  1.356093e+00 
 2492.000  1.361910e+00 
 2493.000  1.340609e+00 
 2494.000  1.255761e+00 
 2495.000  1.242357e+00 
 2496.000  1.234887e+00 
 2497.000  1.382990e+00 
 2498.000  1.373940e+00 
 2499.000  1.380777e+00 
 2500.000  1.193907e+00 
 2501.000  9.062241e-01 
 2502.000  9.119099e-01 
 2503.000  9.026855e-01 
 2504.000  7.710309e-01 
 2505.000  7.799719e-01 
 2506.000  6.420119e-01 
 2507.000  3.409008e-01 
 2508.000  3.362461e-01 
 2509.000  3.350884e-01 
 2510.000  2.275304e-01 
 2511.000  2.290079e-01 
 2512.000  1.668002e-01 
 2513.000  7.233945e-02 
 2514.000  7.224913e-02 
 2515.000  7.193866e-02 
 2516.000  5.569563e-02 
 2517.000  5.525593e-02 
 2518.000  5.442338e-02 
 2519.000  1.321667e-02 
 2520.000  1.320687e-02 
 2521.000  1.324071e-02 
 2522.000  1.321663e-02 
 2523.000  7.048604e-03 
 2524.000  7.029138e-03 
 2525.000  3.921240e-03 
 2526.000  7.986335e-04 
 2527.000  7.944604e-04 
 2528.000  7.984517e-04 
 2529.000  3.332934e-04 
 2530.000  3.340679e-04 
 2531.000  3.352475e-04 
 2532.000  2.210770e-05 
 2533.000  2.193430e-05 
 2534.000  2.213482e-05 
 2535.000  1.158588e-05 
 2536.000  1.166545e-05 
 2537.000  1.156673e-05 
 2538.000  3.932058e-06 
 2539.000  2.395758e-07 
 2540.000  2.406154e-07 
 2541.000  2.423018e-07 
 2542.000  9.252342e-08 
 2543.000  9.644665e-08 
 2544.000  1.494781e-08 
 2545.000  0.000000e+00 
 2546.000  0.000000e+00 
 2547.000  0.000000e+00 
 2548.000  0.000000e+00 
 2549.000  0.000000e+00 
 2550.000  0.000000e+00 
 2551.000  0.000000e+00 
 2552.000  0.000000e+00 
 2553.000  0.000000e+00 
 2554.000  0.000000e+00 
 2555.000  0.000000e+00 
 2556.000  0.000000e+00 
 2557.000  0.000000e+00 
 2558.000  0.000000e+00 
 2559.000  0.000000e+00 
 2560.000  0.000000e+00 
 2561.000  0.000000e+00 
 2562.000  0.000000e+00 
 2563.000  0.000000e+00 
 2564.000  0.000000e+00 
 2565.000  0.000000e+00 
 2566.000  0.000000e+00 
 2567.000  0.000000e+00 
 2568.000  0.000000e+00 
 2569.000  0.000000e+00 
 2570.000  0.000000e+00 
 2571.000  0.000000e+00 
 2572.000  0.000000e+00 
 2573.000  0.000000e+00 
 2574.000  0.000000e+00 
 2575.000  0.000000e+00 
 2576.000  0.000000e+00 
 2577.000  0.000000e+00 
 2578.000  0.000000e+00 
 2579.000  0.000000e+00 
 2580.000  0.000000e+00 
 2581.000  0.000000e+00 
 2582.000  0.000000e+00 
 2583.000  0.000000e+00 
 2584.000  0.000000e+00 
 2585.000  0.000000e+00 
 2586.000  0.000000e+00 
 2587.000  0.000000e+00 
 2588.000  0.000000e+00 
 2589.000  0.000000e+00 
 2590.000  0.000000e+00 
 2591.000  0.000000e+00 
 2592.000  0.000000e+00 
 2593.000  0.000000e+00 
 2594.000  0.000000e+00 
 2595.000  0.000000e+00 
 2596.000  0.000000e+00 
 2597.000  0.000000e+00 
 2598.000  0.000000e+00 
 2599.000  0.000000e+00 
 2600.000  0.000000e+00 
 2601.000  0.000000e+00 
 2602.000  0.000000e+00 
 2603.000  0.000000e+00 
 2604.000  0.000000e+00 
 2605.000  0.000000e+00 
 2606.000  0.000000e+00 
 2607.000  0.000000e+00 
 2608.000  0.000000e+00 
 2609.000  0.000000e+00 
 2610.000  0.000000e+00 
 2611.000  0.000000e+00 
 2612.000  0.000000e+00 
 2613.000  0.000000e+00 
 2614.000  0.000000e+00 
 2615.000  0.000000e+00 
 2616.000  0.000000e+00 
 2617.000  0.000000e+00 
 2618.000  0.000000e+00 
 2619.000  0.000000e+00 
 2620.000  0.000000e+00 
 2621.000  0.000000e+00 
 2622.000  0.000000e+00 
 2623.000  0.000000e+00 
 2624.000  0.000000e+00 
 2625.000  0.000000e+00 
 2626.000  0.000000e+00 
 2627.000  0.000000e+00 
 2628.000  0.000000e+00 
 2629.000  0.000000e+00 
 2630.000  0.000000e+00 
 2631.000  0.000000e+00 
 2632.000  0.000000e+00 
 2633.000  0.000000e+00 
 2634.000  0.000000e+00 
 2635.000  0.000000e+00 
 2636.000  0.000000e+00 
 2637.000  0.000000e+00 
 2638.000  0.000000e+00 
 2639.000  0.000000e+00 
 2640.000  0.000000e+00 
 2641.000  0.000000e+00 
 2642.000  0.000000e+00 
 2643.000  0.000000e+00 
 2644.000  0.000000e+00 
 2645.000  0.000000e+00 
 2646.000  0.000000e+00 
 2647.000  0.000000e+00 
 2648.000  0.000000e+00 
 2649.000  0.000000e+00 
 2650.000  0.000000e+00 
 2651.000  0.000000e+00 
 2652.000  0.000000e+00 
 2653.000  0.000000e+00 
 2654.000  0.000000e+00 
 2655.000  0.000000e+00 
 2656.000  0.000000e+00 
 2657.000  0.000000e+00 
 2658.000  0.000000e+00 
 2659.000  0.000000e+00 
 2660.000  0.000000e+00 
 2661.000  0.000000e+00 
 2662.000  0.000000e+00 
 2663.000  0.000000e+00 
 2664.000  0.000000e+00 
 2665.000  0.000000e+00 
 2666.000  0.000000e+00 
 2667.000  0.000000e+00 
 2668.000  0.000000e+00 
 2669.000  0.000000e+00 
 2670.000  0.000000e+00 
 2671.000  0.000000e+00 
 2672.000  0.000000e+00 
 2673.000  0.000000e+00 
 2674.000  0.000000e+00 
 2675.000  0.000000e+00 
 2676.000  0.000000e+00 
 2677.000  0.000000e+00 
 2678.000  0.000000e+00 
 2679.000  0.000000e+00 
 2680.000  0.000000e+00 
 2681.000  0.000000e+00 
 2682.000  0.000000e+00 
 2683.000  0.000000e+00 
 2684.000  0.000000e+00 
 2685.000  0.000000e+00 
 2686.000  0.000000e+00 
 2687.000  0.000000e+00 
 2688.000  0.000000e+00 
 2689.000  0.000000e+00 
 2690.000  0.000000e+00 
 2691.000  0.000000e+00 
 2692.000  0.000000e+00 
 2693.000  0.000000e+00 
 2694.000  0.000000e+00 
 2695.000  0.000000e+00 
 2696.000  0.000000e+00 
 2697.000  0.000000e+00 
 2698.000  0.000000e+00 
 2699.000  0.000000e+00 
 2700.000  0.000000e+00 
 2701.000  0.000000e+00 
 2702.000  0.000000e+00 
 2703.000  0.000000e+00 
 2704.000  0.000000e+00 
 2705.000  0.000000e+00 
 2706.000  0.000000e+00 
 2707.000  0.000000e+00 
 2708.000  0.000000e+00 
 2709.000  0.000000e+00 
 2710.000  0.000000e+00 
 2711.000  0.000000e+00 
 2712.000  0.000000e+00 
 2713.000  0.000000e+00 
 2714.000  0.000000e+00 
 2715.000  0.000000e+00 
 2716.000  0.000000e+00 
 2717.000  0.000000e+00 
 2718.000  0.000000e+00 
 2719.000  0.000000e+00 
 2720.000  0.000000e+00 
 2721.000  0.000000e+00 
 2722.000  0.000000e+00 
 2723.000  0.000000e+00 
 2724.000  0.000000e+00 
 2725.000  0.000000e+00 
 2726.000  0.000000e+00 
 2727.000  0.000000e+00 
 2728.000  0.000000e+00 
 2729.000  0.000000e+00 
 2730.000  0.000000e+00 
 2731.000  0.000000e+00 
 2732.000  0.000000e+00 
 2733.000  0.000000e+00 
 2734.000  0.000000e+00 
 2735.000  0.000000e+00 
 2736.000  0.000000e+00 
 2737.000  0.000000e+00 
 2738.000  0.000000e+00 
 2739.000  0.000000e+00 
 2740.000  0.000000e+00 
 2741.000  0.000000e+00 
 2742.000  0.000000e+00 
 2743.000  0.000000e+00 
 2744.000  0.000000e+00 
 2745.000  0.000000e+00 
 2746.000  0.000000e+00 
 2747.000  0.000000e+00 
 2748.000  0.000000e+00 
 2749.000  0.000000e+00 
 2750.000  0.000000e+00 
 2751.000  0.000000e+00 
 2752.000  0.000000e+00 
 2753.000  0.000000e+00 
 2754.000  0.000000e+00 
 2755.000  0.000000e+00 
 2756.000  0.000000e+00 
 2757.000  0.000000e+00 
 2758.000  0.000000e+00 
 2759.000  0.000000e+00 
 2760.000  0.000000e+00 
 2761.000  0.000000e+00 
 2762.000  0.000000e+00 
 2763.000  0.000000e+00 
 2764.000  0.000000e+00 
 2765.000  0.000000e+00 
 2766.000  0.000000e+00 
 2767.000  0.000000e+00 
 2768.000  0.000000e+00 
 2769.000  0.000000e+00 
 2770.000  0.000000e+00 
 2771.000  0.000000e+00 
 2772.000  0.000000e+00 
 2773.000  0.000000e+00 
 2774.000  0.000000e+00 
 2775.000  0.000000e+00 
 2776.000  0.000000e+00 
 2777.000  0.000000e+00 
 2778.000  0.000000e+00 
 2779.000  0.000000e+00 
 2780.000  0.000000e+00 
 2781.000  0.000000e+00 
 2782.000  0.000000e+00 
 2783.000  0.000000e+00 
 2784.000  0.000000e+00 
 2785.000  0.000000e+00 
 2786.000  0.000000e+00 
 2787.000  0.000000e+00 
 2788.000  0.000000e+00 
 2789.000  0.000000e+00 
 2790.000  0.000000e+00 
 2791.000  0.000000e+00 
 2792.000  0.000000e+00 
 2793.000  0.000000e+00 
 2794.000  0.000000e+00 
 2795.000  0.000000e+00 
 2796.000  0.000000e+00 
 2797.000  0.000000e+00 
 2798.000  0.000000e+00 
 2799.000  0.000000e+00 
 2800.000  0.000000e+00 
 2801.000  0.000000e+00 
 2802.000  0.000000e+00 
 2803.000  0.000000e+00 
 2804.000  0.000000e+00 
 2805.000  0.000000e+00 
 2806.000  0.000000e+00 
 2807.000  0.000000e+00 
 2808.000  0.000000e+00 
 2809.000  1.176196e-10 
 2810.000  1.179612e-10 
 2811.000  1.179723e-10 
 2812.000  1.182288e-10 
 2813.000  8.614955e-08 
 2814.000  8.625035e-08 
 2815.000  8.649698e-08 
 2816.000  8.616935e-08 
 2817.000  1.519594e-06 
 2818.000  1.521141e-06 
 2819.000  1.520400e-06 
 2820.000  1.519977e-06 
 2821.000  4.403044e-06 
 2822.000  4.400157e-06 
 2823.000  4.402888e-06 
 2824.000  4.392822e-06 
 2825.000  2.762190e-05 
 2826.000  2.768536e-05 
 2827.000  2.764935e-05 
 2828.000  2.761540e-05 
 2829.000  3.423499e-05 
 2830.000  3.428400e-05 
 2831.000  3.423279e-05 
 2832.000  3.434904e-05 
 2833.000  1.172433e-04 
 2834.000  1.174653e-04 
 2835.000  1.174808e-04 
 2836.000  1.173944e-04 
 2837.000  1.363308e-04 
 2838.000  1.361605e-04 
 2839.000  1.364935e-04 
 2840.000  1.358224e-04 
 2841.000  3.830976e-04 
 2842.000  3.902418e-04 
 2843.000  3.887628e-04 
 2844.000  3.891222e-04 
 2845.000  4.404341e-04 
 2846.000  4.403931e-04 
 2847.000  4.400258e-04 
 2848.000  4.404091e-04 
 2849.000  6.308781e-04 
 2850.000  1.340342e-03 
 2851.000  1.340715e-03 
 2852.000  1.341209e-03 
 2853.000  1.348566e-03 
 2854.000  2.347789e-03 
 2855.000  2.359427e-03 
 2856.000  2.359665e-03 
 2857.000  3.049565e-03 
 2858.000  7.188656e-03 
 2859.000  7.165593e-03 
 2860.000  7.119347e-03 
 2861.000  7.171111e-03 
 2862.000  1.378090e-02 
 2863.000  1.376985e-02 
 2864.000  1.377300e-02 
 2865.000  1.784474e-02 
 2866.000  3.021493e-02 
 2867.000  3.009839e-02 
 2868.000  2.984477e-02 
 2869.000  2.999251e-02 
 2870.000  4.315378e-02 
 2871.000  4.336434e-02 
 2872.000  4.289761e-02 
 2873.000  5.031678e-02 
 2874.000  7.823508e-02 
 2875.000  7.869933e-02 
 2876.000  7.909738e-02 
 2877.000  7.922339e-02 
 2878.000  1.101017e-01 
 2879.000  1.101120e-01 
 2880.000  1.099094e-01 
 2881.000  1.100091e-01 
 2882.000  1.972699e-01 
 2883.000  1.975171e-01 
 2884.000  1.973774e-01 
 2885.000  1.968961e-01 
 2886.000  1.963821e-01 
 2887.000  2.205789e-01 
 2888.000  2.203898e-01 
 2889.000  2.192648e-01 
 2890.000  2.477593e-01 
 2891.000  2.971439e-01 
 2892.000  2.969852e-01 
 2893.000  2.965648e-01 
 2894.000  2.954684e-01 
 2895.000  2.915891e-01 
 2896.000  2.911497e-01 
 2897.000  2.913003e-01 
 2898.000  3.172213e-01 
 2899.000  3.087603e-01 
 2900.000  3.096721e-01 
 2901.000  3.088322e-01 
 2902.000  3.090909e-01 
 2903.000  3.686965e-01 
 2904.000  3.681529e-01 
 2905.000  3.682877e-01 
 2906.000  3.629510e-01 
 2907.000  4.671444e-01 
 2908.000  4.666429e-01 
 2909.000  4.665129e-01 
 2910.000  4.658921e-01 
 2911.000  4.654061e-01 
 2912.000  5.417762e-01 
 2913.000  5.402423e-01 
 2914.000  5.393708e-01 
 2915.000  5.673862e-01 
 2916.000  7.628306e-01 
 2917.000  7.690826e-01 
 2918.000  7.680478e-01 
 2919.000  7.673645e-01 
 2920.000  6.680345e+00 
 2921.000  6.677155e+00 
 2922.000  6.659364e+00 
 2923.000  6.604367e+00 
 2924.000  1.372757e+00 
 2925.000  1.387660e+00 
 2926.000  1.365376e+00 
 2927.000  1.385920e+00 
 2928.000  1.385864e+00 
 2929.000  1.509615e+00 
 2930.000  1.533965e+00 
 2931.000  1.532592e+00 
 2932.000  1.634846e+00 
 2933.000  1.647931e+00 
 2934.000  1.650734e+00 
 2935.000  1.643450e+00 
 2936.000  1.644748e+00 
 2937.000  1.481765e+00 
 2938.000  1.482487e+00 
 2939.000  1.473671e+00 
 2940.000  1.478012e+00 
 2941.000  1.534841e+00 
 2942.000  1.399320e+00 
 2943.000  1.379936e+00 
 2944.000  1.390286e+00 
 2945.000  1.391320e+00 
 2946.000  1.432027e+00 
 2947.000  1.404699e+00 
 2948.000  1.427204e+00 
 2949.000  1.474710e+00 
 2950.000  1.608945e+00 
 2951.000  1.605224e+00 
 2952.000  1.595322e+00 
 2953.000  1.605140e+00 
 2954.000  1.601089e+00 
 2955.000  1.675220e+00 
 2956.000  1.679156e+00 
 2957.000  1.677029e+00 
 2958.000  1.717336e+00 
 2959.000  1.612939e+00 
 2960.000  1.605272e+00 
 2961.000  1.601245e+00 
 2962.000  1.606814e+00 
 2963.000  1.206274e+00 
 2964.000  1.203935e+00 
 2965.000  1.204289e+00 
 2966.000  1.201757e+00 
 2967.000  1.225384e+00 
 2968.000  9.651199e-01 
 2969.000  9.623777e-01 
 2970.000  9.611164e-01 
 2971.000  9.592535e-01 
 2972.000  1.071215e+00 
 2973.000  1.070830e+00 
 2974.000  1.070305e+00 
 2975.000  1.068623e+00 
 2976.000  1.087998e+00 
 2977.000  1.513168e+00 
 2978.000  1.508264e+00 
 2979.000  1.495836e+00 
 2980.000  1.507190e+00 
 2981.000  2.222431e+00 
 2982.000  2.214929e+00 
 2983.000  2.217618e+00 
 2984.000  2.214729e+00 
 2985.000  2.247209e+00 
 2986.000  2.954801e+00 
 2987.000  2.950321e+00 
 2988.000  2.926580e+00 
 2989.000  2.942168e+00 
 2990.000  2.985247e+00 
 2991.000  2.995237e+00 
 2992.000  2.992298e+00 
 2993.000  2.988045e+00 
 2994.000  2.986545e+00 
 2995.000  2.941481e+00 
 2996.000  2.936679e+00 
 2997.000  2.882952e+00 
 2998.000  2.921900e+00 
 2999.000  2.733336e+00 
 3000.000  2.688954e+00 
 3001.000  2.731136e+00 
 3002.000  2.730403e+00 
 3003.000  2.743618e+00 
 3004.000  2.294786e+00 
 3005.000  2.295711e+00 
 3006.000  2.291522e+00 
 3007.000  2.291405e+00 
 3008.000  2.234610e+00 
 3009.000  2.238856e+00 
 3010.000  2.235097e+00 
 3011.000  2.239764e+00 
 3012.000  2.237509e+00 
 3013.000  2.062896e+00 
 3014.000  2.058056e+00 
 3015.000  2.048378e+00 
 3016.000  2.055270e+00 
 3017.000  1.830511e+00 
 3018.000  1.836784e+00 
 3019.000  1.836188e+00 
 3020.000  1.814944e+00 
 3021.000  1.809895e+00 
 3022.000  1.799699e+00 
 3023.000  1.794961e+00 
 3024.000  1.791191e+00 
 3025.000  1.787561e+00 
 3026.000  1.608204e+00 
 3027.000  1.602692e+00 
 3028.000  1.595051e+00 
 3029.000  1.601444e+00 
 3030.000  1.576253e+00 
 3031.000  1.329232e+00 
 3032.000  1.327059e+00 
 3033.000  1.301847e+00 
 3034.000  1.320106e+00 
 3035.000  1.097379e+00 
 3036.000  1.092635e+00 
 3037.000  1.085584e+00 
 3038.000  1.074298e+00 
 3039.000  1.047232e+00 
 3040.000  8.921279e-01 
 3041.000  9.158313e-01 
 3042.000  9.208663e-01 
 3043.000  9.240350e-01 
 3044.000  9.248624e-01 
 3045.000  8.089009e-01 
 3046.000  8.102320e-01 
 3047.000  8.119738e-01 
 3048.000  8.038821e-01 
 3049.000  7.978447e-01 
 3050.000  7.983168e-01 
 3051.000  7.974485e-01 
 3052.000  7.965336e-01 
 3053.000  7.951883e-01 
 3054.000  9.274966e-01 
 3055.000  9.175039e-01 
 3056.000  9.269994e-01 
 3057.000  9.246883e-01 
 3058.000  9.091121e-01 
 3059.000  1.060149e+00 
 3060.000  1.063487e+00 
 3061.000  1.063490e+00 
 3062.000  1.062134e+00 
 3063.000  1.188329e+00 
 3064.000  1.171874e+00 
 3065.000  1.174741e+00 
 3066.000  1.184621e+00 
 3067.000  1.172515e+00 
 3068.000  1.231296e+00 
 3069.000  1.249545e+00 
 3070.000  1.249092e+00 
 3071.000  1.245714e+00 
 3072.000  1.246644e+00 
 3073.000  1.261093e+00 
 3074.000  1.256601e+00 
 3075.000  1.259628e+00 
 3076.000  1.246966e+00 
 3077.000  1.025273e+00 
 3078.000  1.025589e+00 
 3079.000  1.023251e+00 
 3080.000  1.021027e+00 
 3081.000  1.015968e+00 
 3082.000  9.295252e-01 
 3083.000  9.279037e-01 
 3084.000  9.319823e-01 
 3085.000  9.308207e-01 
 3086.000  9.234278e-01 
 3087.000  8.137768e-01 
 3088.000  8.181179e-01 
 3089.000  8.176878e-01 
 3090.000  8.175377e-01 
 3091.000  8.088917e-01 
 3092.000  6.748477e-01 
 3093.000  6.745955e-01 
 3094.000  6.734262e-01 
 3095.000  6.720459e-01 
 3096.000  6.931513e-01 
 3097.000  6.906364e-01 
 3098.000  6.772303e-01 
 3099.000  6.881388e-01 
 3100.000  6.905971e-01 
 3101.000  7.281244e-01 
 3102.000  7.272562e-01 
 3103.000  7.272292e-01 
 3104.000  7.262199e-01 
 3105.000  7.275437e-01 
 3106.000  8.734911e-01 
 3107.000  8.697805e-01 
 3108.000  8.733598e-01 
 3109.000  8.718097e-01 
 3110.000  8.709158e-01 
 3111.000  1.147407e+00 
 3112.000  1.144941e+00 
 3113.000  1.137994e+00 
 3114.000  1.138917e+00 
 3115.000  1.112714e+00 
 3116.000  1.611569e+00 
 3117.000  1.678299e+00 
 3118.000  1.685271e+00 
 3119.000  1.678470e+00 
 3120.000  1.680369e+00 
 3121.000  1.952115e+00 
 3122.000  1.957248e+00 
 3123.000  1.960723e+00 
 3124.000  1.959061e+00 
 3125.000  1.974570e+00 
 3126.000  2.256620e+00 
 3127.000  2.245230e+00 
 3128.000  2.254072e+00 
 3129.000  2.233144e+00 
 3130.000  2.399304e+00 
 3131.000  2.385115e+00 
 3132.000  2.396259e+00 
 3133.000  2.390804e+00 
 3134.000  2.440935e+00 
 3135.000  2.256571e+00 
 3136.000  2.254000e+00 
 3137.000  2.252949e+00 
 3138.000  2.251992e+00 
 3139.000  2.244244e+00 
 3140.000  2.291041e+00 
 3141.000  2.296579e+00 
 3142.000  2.287023e+00 
 3143.000  2.291213e+00 
 3144.000  2.350192e+00 
 3145.000  2.798028e+00 
 3146.000  2.794853e+00 
 3147.000  2.772052e+00 
 3148.000  2.784977e+00 
 3149.000  2.785482e+00 
 3150.000  3.480010e+00 
 3151.000  3.469264e+00 
 3152.000  3.285434e+00 
 3153.000  3.466957e+00 
 3154.000  3.504936e+00 
 3155.000  4.494326e+00 
 3156.000  4.490437e+00 
 3157.000  4.478169e+00 
 3158.000  4.479165e+00 
 3159.000  4.473043e+00 
 3160.000  5.316802e+00 
 3161.000  5.304835e+00 
 3162.000  5.313385e+00 
 3163.000  5.298888e+00 
 3164.000  5.247682e+00 
 3165.000  5.359599e+00 
 3166.000  5.370419e+00 
 3167.000  5.350594e+00 
 3168.000  5.317482e+00 
 3169.000  5.341602e+00 
 3170.000  5.017545e+00 
 3171.000  5.134310e+00 
 3172.000  5.131941e+00 
 3173.000  5.130957e+00 
 3174.000  5.032458e+00 
 3175.000  4.407764e+00 
 3176.000  4.401091e+00 
 3177.000  4.398093e+00 
 3178.000  4.377737e+00 
 3179.000  4.374263e+00 
 3180.000  3.422678e+00 
 3181.000  3.365969e+00 
 3182.000  3.410778e+00 
 3183.000  3.406553e+00 
 3184.000  3.327845e+00 
 3185.000  2.158840e+00 
 3186.000  2.155772e+00 
 3187.000  2.150204e+00 
 3188.000  2.146389e+00 
 3189.000  2.148834e+00 
 3190.000  1.154696e+00 
 3191.000  1.153371e+00 
 3192.000  1.152071e+00 
 3193.000  1.150120e+00 
 3194.000  1.124490e+00 
 3195.000  5.057477e-01 
 3196.000  5.029970e-01 
 3197.000  5.045651e-01 
 3198.000  5.036717e-01 
 3199.000  5.036976e-01 
 3200.000  2.922510e-01 
 3201.000  2.849402e-01 
 3202.000  2.914351e-01 
 3203.000  2.916945e-01 
 3204.000  2.902943e-01 
 3205.000  2.839414e-01 
 3206.000  2.146682e-01 
 3207.000  2.144029e-01 
 3208.000  2.141829e-01 
 3209.000  2.139619e-01 
 3210.000  2.134791e-01 
 3211.000  2.220293e-01 
 3212.000  2.216916e-01 
 3213.000  2.215977e-01 
 3214.000  2.213089e-01 
 3215.000  2.136634e-01 
 3216.000  3.141756e-01 
 3217.000  3.139137e-01 
 3218.000  3.140148e-01 
 3219.000  3.133156e-01 
 3220.000  3.131783e-01 
 3221.000  4.553820e-01 
 3222.000  4.554710e-01 
 3223.000  4.536603e-01 
 3224.000  4.512651e-01 
 3225.000  4.511815e-01 
 3226.000  6.529495e-01 
 3227.000  6.544045e-01 
 3228.000  6.529436e-01 
 3229.000  6.512498e-01 
 3230.000  6.510681e-01 
 3231.000  6.510539e-01 
 3232.000  9.959519e-01 
 3233.000  9.945787e-01 
 3234.000  9.801818e-01 
 3235.000  9.940807e-01 
 3236.000  9.963222e-01 
 3237.000  1.239156e+00 
 3238.000  1.237774e+00 
 3239.000  1.234397e+00 
 3240.000  1.233817e+00 
 3241.000  1.230908e+00 
 3242.000  1.266235e+00 
 3243.000  1.249539e+00 
 3244.000  1.265613e+00 
 3245.000  1.262580e+00 
 3246.000  1.291784e+00 
 3247.000  1.405078e+00 
 3248.000  1.402979e+00 
 3249.000  1.400263e+00 
 3250.000  1.399984e+00 
 3251.000  1.398867e+00 
 3252.000  1.396591e+00 
 3253.000  1.251151e+00 
 3254.000  1.241969e+00 
 3255.000  1.243119e+00 
 3256.000  1.246775e+00 
 3257.000  1.270220e+00 
 3258.000  1.108692e+00 
 3259.000  1.110077e+00 
 3260.000  1.098535e+00 
 3261.000  1.107725e+00 
 3262.000  1.102489e+00 
 3263.000  1.254688e+00 
 3264.000  1.256691e+00 
 3265.000  1.256691e+00 
 3266.000  1.245913e+00 
 3267.000  1.269731e+00 
 3268.000  1.579637e+00 
 3269.000  1.571955e+00 
 3270.000  1.575367e+00 
 3271.000  1.571200e+00 
 3272.000  1.572011e+00 
 3273.000  1.567406e+00 
 3274.000  1.937396e+00 
 3275.000  1.934497e+00 
 3276.000  1.904959e+00 
 3277.000  1.928746e+00 
 3278.000  1.945874e+00 
 3279.000  2.322628e+00 
 3280.000  2.315353e+00 
 3281.000  2.285281e+00 
 3282.000  2.308781e+00 
 3283.000  2.305716e+00 
 3284.000  2.310785e+00 
 3285.000  2.246293e+00 
 3286.000  2.269421e+00 
 3287.000  2.267811e+00 
 3288.000  2.264448e+00 
 3289.000  2.281777e+00 
 3290.000  1.917853e+00 
 3291.000  1.894801e+00 
 3292.000  1.911651e+00 
 3293.000  1.906154e+00 
 3294.000  1.900401e+00 
 3295.000  1.539027e+00 
 3296.000  1.514887e+00 
 3297.000  1.477919e+00 
 3298.000  1.499627e+00 
 3299.000  1.535009e+00 
 3300.000  1.572473e+00 
 3301.000  1.320574e+00 
 3302.000  1.330849e+00 
 3303.000  1.330069e+00 
 3304.000  1.329921e+00 
 3305.000  1.328631e+00 
 3306.000  1.123131e+00 
 3307.000  1.126171e+00 
 3308.000  1.124115e+00 
 3309.000  1.123963e+00 
 3310.000  1.122128e+00 
 3311.000  1.129141e+00 
 3312.000  1.101037e+00 
 3313.000  1.096289e+00 
 3314.000  1.100874e+00 
 3315.000  1.098736e+00 
 3316.000  1.089648e+00 
 3317.000  1.341030e+00 
 3318.000  1.327117e+00 
 3319.000  1.332485e+00 
 3320.000  1.209890e+00 
 3321.000  1.328840e+00 
 3322.000  1.349165e+00 
 3323.000  1.818675e+00 
 3324.000  1.822207e+00 
 3325.000  1.807044e+00 
 3326.000  1.809764e+00 
 3327.000  1.812986e+00 
 3328.000  2.314981e+00 
 3329.000  2.314855e+00 
 3330.000  2.313342e+00 
 3331.000  2.296751e+00 
 3332.000  2.293961e+00 
 3333.000  2.349016e+00 
 3334.000  2.629762e+00 
 3335.000  2.621945e+00 
 3336.000  2.622177e+00 
 3337.000  2.610748e+00 
 3338.000  2.611526e+00 
 3339.000  2.660633e+00 
 3340.000  2.635762e+00 
 3341.000  2.617977e+00 
 3342.000  2.653121e+00 
 3343.000  2.647635e+00 
 3344.000  2.694020e+00 
 3345.000  2.755819e+00 
 3346.000  2.747801e+00 
 3347.000  2.751399e+00 
 3348.000  2.749982e+00 
 3349.000  2.745697e+00 
 3350.000  2.705253e+00 
 3351.000  2.713228e+00 
 3352.000  2.715806e+00 
 3353.000  2.671908e+00 
 3354.000  2.708158e+00 
 3355.000  2.750340e+00 
 3356.000  3.019421e+00 
 3357.000  3.012120e+00 
 3358.000  2.998966e+00 
 3359.000  3.010343e+00 
 3360.000  3.006123e+00 
 3361.000  2.999490e+00 
 3362.000  3.299146e+00 
 3363.000  3.298890e+00 
 3364.000  3.298357e+00 
 3365.000  3.280155e+00 
 3366.000  3.290156e+00 
 3367.000  3.313659e+00 
 3368.000  3.733913e+00 
 3369.000  3.707655e+00 
 3370.000  3.639655e+00 
 3371.000  3.717195e+00 
 3372.000  3.723474e+00 
 3373.000  4.140471e+00 
 3374.000  4.113445e+00 
 3375.000  4.146310e+00 
 3376.000  4.144108e+00 
 3377.000  4.127612e+00 
 3378.000  4.151277e+00 
 3379.000  4.578827e+00 
 3380.000  4.585997e+00 
 3381.000  4.567752e+00 
 3382.000  4.531261e+00 
 3383.000  4.535986e+00 
 3384.000  4.543265e+00 
 3385.000  4.832840e+00 
 3386.000  4.836163e+00 
 3387.000  4.829780e+00 
 3388.000  4.821959e+00 
 3389.000  4.849617e+00 
 3390.000  5.000677e+00 
 3391.000  4.995004e+00 
 3392.000  4.984713e+00 
 3393.000  4.978084e+00 
 3394.000  4.973981e+00 
 3395.000  4.964097e+00 
 3396.000  4.995426e+00 
 3397.000  4.833165e+00 
 3398.000  4.968995e+00 
 3399.000  4.890430e+00 
 3400.000  5.013818e+00 
 3401.000  4.785565e+00 
 3402.000  5.084678e+00 
 3403.000  5.083807e+00 
 3404.000  5.090887e+00 
 3405.000  5.081773e+00 
 3406.000  5.077920e+00 
 3407.000  5.043571e+00 
 3408.000  5.287457e+00 
 3409.000  5.201266e+00 
 3410.000  5.244020e+00 
 3411.000  5.269205e+00 
 3412.000  5.290581e+00 
 3413.000  5.580884e+00 
 3414.000  5.588425e+00 
 3415.000  5.503050e+00 
 3416.000  5.438005e+00 
 3417.000  5.566319e+00 
 3418.000  5.581308e+00 
 3419.000  5.772291e+00 
 3420.000  5.770782e+00 
 3421.000  5.759701e+00 
 3422.000  5.735506e+00 
 3423.000  5.749398e+00 
 3424.000  5.758422e+00 
 3425.000  5.938871e+00 
 3426.000  5.931733e+00 
 3427.000  5.777807e+00 
 3428.000  5.845345e+00 
 3429.000  5.894326e+00 
 3430.000  5.903172e+00 
 3431.000  5.869255e+00 
 3432.000  5.897894e+00 
 3433.000  5.879179e+00 
 3434.000  5.882585e+00 
 3435.000  5.861236e+00 
 3436.000  5.878290e+00 
 3437.000  5.848711e+00 
 3438.000  5.856564e+00 
 3439.000  5.850756e+00 
 3440.000  5.842250e+00 
 3441.000  5.838342e+00 
 3442.000  5.786502e+00 
 3443.000  5.879718e+00 
 3444.000  5.871733e+00 
 3445.000  5.854776e+00 
 3446.000  5.842673e+00 
 3447.000  5.851017e+00 
 3448.000  5.844185e+00 
 3449.000  5.897833e+00 
 3450.000  5.889389e+00 
 3451.000  5.891779e+00 
 3452.000  5.882375e+00 
 3453.000  5.876270e+00 
 3454.000  5.859231e+00 
 3455.000  5.947861e+00 
 3456.000  5.922462e+00 
 3457.000  5.931412e+00 
 3458.000  5.920097e+00 
 3459.000  5.925343e+00 
 3460.000  5.914494e+00 
 3461.000  5.984540e+00 
 3462.000  5.981239e+00 
 3463.000  5.976425e+00 
 3464.000  5.958987e+00 
 3465.000  5.959280e+00 
 3466.000  5.924358e+00 
 3467.000  5.915992e+00 
 3468.000  5.921662e+00 
 3469.000  5.916149e+00 
 3470.000  5.914774e+00 
 3471.000  5.863108e+00 
 3472.000  5.889005e+00 
 3473.000  5.855216e+00 
 3474.000  5.886819e+00 
 3475.000  5.877281e+00 
 3476.000  5.884696e+00 
 3477.000  5.820989e+00 
 3478.000  5.875035e+00 
 3479.000  5.881609e+00 
 3480.000  5.874158e+00 
 3481.000  5.855099e+00 
 3482.000  5.863377e+00 
 3483.000  5.854516e+00 
 3484.000  5.840285e+00 
 3485.000  5.862802e+00 
 3486.000  5.836201e+00 
 3487.000  5.850898e+00 
 3488.000  5.855058e+00 
 3489.000  5.848099e+00 
 3490.000  5.816035e+00 
 3491.000  5.901193e+00 
 3492.000  5.870863e+00 
 3493.000  5.887346e+00 
 3494.000  5.832906e+00 
 3495.000  5.874029e+00 
 3496.000  5.881257e+00 
 3497.000  5.897594e+00 
 3498.000  5.887161e+00 
 3499.000  5.883268e+00 
 3500.000  5.878018e+00 
 3501.000  5.817553e+00 
 3502.000  5.863669e+00 
 3503.000  5.846129e+00 
 3504.000  5.841130e+00 
 3505.000  5.834448e+00 
 3506.000  5.829681e+00 
 3507.000  5.822112e+00 
 3508.000  5.804277e+00 
 3509.000  5.731185e+00 
 3510.000  5.726118e+00 
 3511.000  5.720959e+00 
 3512.000  5.698454e+00 
 3513.000  5.704729e+00 
 3514.000  5.698118e+00 
 3515.000  5.562353e+00 
 3516.000  5.538306e+00 
 3517.000  5.545811e+00 
 3518.000  5.532175e+00 
 3519.000  5.533393e+00 
 3520.000  5.522166e+00 
 3521.000  5.526090e+00 
 3522.000  5.354986e+00 
 3523.000  5.343711e+00 
 3524.000  5.291644e+00 
 3525.000  5.348197e+00 
 3526.000  5.343584e+00 
 3527.000  5.328219e+00 
 3528.000  5.129252e+00 
 3529.000  5.122960e+00 
 3530.000  5.125457e+00 
 3531.000  5.092887e+00 
 3532.000  5.116256e+00 
 3533.000  5.110562e+00 
 3534.000  4.920680e+00 
 3535.000  4.902284e+00 
 3536.000  4.941493e+00 
 3537.000  4.935339e+00 
 3538.000  4.834893e+00 
 3539.000  4.892783e+00 
 3540.000  4.877921e+00 
 3541.000  4.884942e+00 
 3542.000  4.874211e+00 
 3543.000  4.870507e+00 
 3544.000  4.868493e+00 
 3545.000  4.855166e+00 
 3546.000  4.852489e+00 
 3547.000  4.823337e+00 
 3548.000  4.811947e+00 
 3549.000  4.812482e+00 
 3550.000  4.808313e+00 
 3551.000  4.801295e+00 
 3552.000  4.796715e+00 
 3553.000  4.833480e+00 
 3554.000  4.835390e+00 
 3555.000  4.799739e+00 
 3556.000  4.706987e+00 
 3557.000  4.820381e+00 
 3558.000  4.810894e+00 
 3559.000  4.839931e+00 
 3560.000  4.730091e+00 
 3561.000  4.819031e+00 
 3562.000  4.827814e+00 
 3563.000  4.820559e+00 
 3564.000  4.799502e+00 
 3565.000  4.812088e+00 
 3566.000  4.718757e+00 
 3567.000  4.715703e+00 
 3568.000  4.712362e+00 
 3569.000  4.700808e+00 
 3570.000  4.691249e+00 
 3571.000  4.584698e+00 
 3572.000  4.689794e+00 
 3573.000  4.689878e+00 
 3574.000  4.680485e+00 
 3575.000  4.677341e+00 
 3576.000  4.675909e+00 
 3577.000  4.662592e+00 
 3578.000  4.689085e+00 
 3579.000  4.684178e+00 
 3580.000  4.615072e+00 
 3581.000  4.662991e+00 
 3582.000  4.662233e+00 
 3583.000  4.666993e+00 
 3584.000  4.606091e+00 
 3585.000  4.695442e+00 
 3586.000  4.694824e+00 
 3587.000  4.689217e+00 
 3588.000  4.694534e+00 
 3589.000  4.686398e+00 
 3590.000  4.685811e+00 
 3591.000  4.830614e+00 
 3592.000  4.829314e+00 
 3593.000  4.810757e+00 
 3594.000  4.812437e+00 
 3595.000  4.817287e+00 
 3596.000  4.757188e+00 
 3597.000  4.759964e+00 
 3598.000  4.957183e+00 
 3599.000  4.929662e+00 
 3600.000  4.938188e+00 
 3601.000  4.921735e+00 
 3602.000  4.937577e+00 
 3603.000  4.925759e+00 
 3604.000  5.011324e+00 
 3605.000  4.999606e+00 
 3606.000  5.004378e+00 
 3607.000  4.989536e+00 
 3608.000  4.991706e+00 
 3609.000  4.982251e+00 
 3610.000  4.972015e+00 
 3611.000  5.104837e+00 
 3612.000  5.094626e+00 
 3613.000  5.089963e+00 
 3614.000  5.088203e+00 
 3615.000  5.082643e+00 
 3616.000  5.075089e+00 
 3617.000  5.203074e+00 
 3618.000  5.197411e+00 
 3619.000  5.191076e+00 
 3620.000  5.185222e+00 
 3621.000  5.178052e+00 
 3622.000  5.177151e+00 
 3623.000  5.169370e+00 
 3624.000  5.215174e+00 
 3625.000  5.210850e+00 
 3626.000  5.214282e+00 
 3627.000  5.209741e+00 
 3628.000  5.203291e+00 
 3629.000  5.184951e+00 
 3630.000  5.285497e+00 
 3631.000  5.310155e+00 
 3632.000  5.310745e+00 
 3633.000  5.302549e+00 
 3634.000  5.296796e+00 
 3635.000  5.294561e+00 
 3636.000  5.277785e+00 
 3637.000  5.341829e+00 
 3638.000  5.357954e+00 
 3639.000  5.354782e+00 
 3640.000  5.329239e+00 
 3641.000  5.344799e+00 
 3642.000  5.333904e+00 
 3643.000  5.276286e+00 
 3644.000  5.192776e+00 
 3645.000  5.219260e+00 
 3646.000  5.259407e+00 
 3647.000  5.244738e+00 
 3648.000  5.243987e+00 
 3649.000  5.223790e+00 
 3650.000  5.089082e+00 
 3651.000  5.078362e+00 
 3652.000  5.065052e+00 
 3653.000  4.957752e+00 
 3654.000  4.962663e+00 
 3655.000  5.041901e+00 
 3656.000  5.046334e+00 
 3657.000  4.752311e+00 
 3658.000  4.738567e+00 
 3659.000  4.670468e+00 
 3660.000  4.681720e+00 
 3661.000  4.738907e+00 
 3662.000  4.721817e+00 
 3663.000  4.718004e+00 
 3664.000  4.356666e+00 
 3665.000  4.353547e+00 
 3666.000  4.348122e+00 
 3667.000  4.344182e+00 
 3668.000  4.277174e+00 
 3669.000  4.332005e+00 
 3670.000  4.178131e+00 
 3671.000  4.095636e+00 
 3672.000  4.163088e+00 
 3673.000  4.159640e+00 
 3674.000  4.160462e+00 
 3675.000  4.154952e+00 
 3676.000  4.150740e+00 
 3677.000  4.225308e+00 
 3678.000  4.301317e+00 
 3679.000  4.156896e+00 
 3680.000  4.304364e+00 
 3681.000  4.302025e+00 
 3682.000  4.241948e+00 
 3683.000  4.122054e+00 
 3684.000  4.507761e+00 
 3685.000  4.561731e+00 
 3686.000  4.571826e+00 
 3687.000  4.551303e+00 
 3688.000  4.561960e+00 
 3689.000  4.540398e+00 
 3690.000  4.518566e+00 
 3691.000  4.837219e+00 
 3692.000  4.829574e+00 
 3693.000  4.843971e+00 
 3694.000  4.829652e+00 
 3695.000  4.804865e+00 
 3696.000  4.798962e+00 
 3697.000  4.961672e+00 
 3698.000  4.963407e+00 
 3699.000  4.807450e+00 
 3700.000  4.831223e+00 
 3701.000  4.873651e+00 
 3702.000  4.915498e+00 
 3703.000  5.011117e+00 
 3704.000  5.031516e+00 
 3705.000  4.926727e+00 
 3706.000  4.988263e+00 
 3707.000  4.953975e+00 
 3708.000  4.988757e+00 
 3709.000  4.885051e+00 
 3710.000  4.994792e+00 
 3711.000  4.929310e+00 
 3712.000  4.887692e+00 
 3713.000  4.951119e+00 
 3714.000  4.924309e+00 
 3715.000  4.889410e+00 
 3716.000  4.930626e+00 
 3717.000  4.941609e+00 
 3718.000  4.921657e+00 
 3719.000  4.903380e+00 
 3720.000  4.923004e+00 
 3721.000  4.874462e+00 
 3722.000  4.880139e+00 
 3723.000  4.905502e+00 
 3724.000  4.900869e+00 
 3725.000  4.802121e+00 
 3726.000  4.821462e+00 
 3727.000  4.803111e+00 
 3728.000  4.806039e+00 
 3729.000  4.781835e+00 
 3730.000  4.797066e+00 
 3731.000  4.785136e+00 
 3732.000  4.735043e+00 
 3733.000  4.740960e+00 
 3734.000  4.734250e+00 
 3735.000  4.677629e+00 
 3736.000  4.645618e+00 
 3737.000  4.680449e+00 
 3738.000  4.624319e+00 
 3739.000  4.505043e+00 
 3740.000  4.436119e+00 
 3741.000  4.396290e+00 
 3742.000  4.563014e+00 
 3743.000  4.617507e+00 
 3744.000  4.607391e+00 
 3745.000  4.465359e+00 
 3746.000  4.364204e+00 
 3747.000  4.455650e+00 
 3748.000  4.569362e+00 
 3749.000  4.554656e+00 
 3750.000  4.533143e+00 
 3751.000  4.526147e+00 
 3752.000  4.561249e+00 
 3753.000  4.404850e+00 
 3754.000  4.464381e+00 
 3755.000  4.489720e+00 
 3756.000  4.512614e+00 
 3757.000  4.500167e+00 
 3758.000  4.469027e+00 
 3759.000  4.479378e+00 
 3760.000  4.492107e+00 
 3761.000  4.512620e+00 
 3762.000  4.476013e+00 
 3763.000  4.410460e+00 
 3764.000  4.487402e+00 
 3765.000  4.470866e+00 
 3766.000  4.482644e+00 
 3767.000  4.484398e+00 
 3768.000  4.462616e+00 
 3769.000  4.452557e+00 
 3770.000  4.459673e+00 
 3771.000  4.431506e+00 
 3772.000  4.457245e+00 
 3773.000  4.394610e+00 
 3774.000  4.487092e+00 
 3775.000  4.501985e+00 
 3776.000  4.418459e+00 
 3777.000  4.408957e+00 
 3778.000  4.484483e+00 
 3779.000  4.467911e+00 
 3780.000  4.452768e+00 
 3781.000  4.491764e+00 
 3782.000  4.458290e+00 
 3783.000  4.504818e+00 
 3784.000  4.492610e+00 
 3785.000  4.492329e+00 
 3786.000  4.479702e+00 
 3787.000  4.375528e+00 
 3788.000  4.506705e+00 
 3789.000  4.503954e+00 
 3790.000  4.507969e+00 
 3791.000  4.426279e+00 
 3792.000  4.478587e+00 
 3793.000  4.431012e+00 
 3794.000  4.488345e+00 
 3795.000  4.465602e+00 
 3796.000  4.554664e+00 
 3797.000  4.557600e+00 
 3798.000  4.537785e+00 
 3799.000  4.507924e+00 
 3800.000  4.457820e+00 
 3801.000  4.544999e+00 
 3802.000  4.528501e+00 
 3803.000  4.565695e+00 
 3804.000  4.548447e+00 
 3805.000  4.551016e+00 
 3806.000  4.539937e+00 
 3807.000  4.481382e+00 
 3808.000  4.509758e+00 
 3809.000  4.523879e+00 
 3810.000  4.552342e+00 
 3811.000  4.572210e+00 
 3812.000  4.583292e+00 
 3813.000  4.552098e+00 
 3814.000  4.568515e+00 
 3815.000  4.567403e+00 
 3816.000  4.525084e+00 
 3817.000  4.585142e+00 
 3818.000  4.552941e+00 
 3819.000  4.620399e+00 
 3820.000  4.622865e+00 
 3821.000  4.620720e+00 
 3822.000  4.614686e+00 
 3823.000  4.591495e+00 
 3824.000  4.596868e+00 
 3825.000  4.591651e+00 
 3826.000  4.592451e+00 
 3827.000  4.589624e+00 
 3828.000  4.573940e+00 
 3829.000  4.574872e+00 
 3830.000  4.576146e+00 
 3831.000  4.567057e+00 
 3832.000  4.548803e+00 
 3833.000  4.520699e+00 
 3834.000  4.536647e+00 
 3835.000  4.501966e+00 
 3836.000  4.466997e+00 
 3837.000  4.503098e+00 
 3838.000  4.519523e+00 
 3839.000  4.499680e+00 
 3840.000  4.495909e+00 
 3841.000  4.491245e+00 
 3842.000  4.482932e+00 
 3843.000  4.478217e+00 
 3844.000  4.472982e+00 
 3845.000  4.471394e+00 
 3846.000  4.474209e+00 
 3847.000  4.393966e+00 
 3848.000  4.392196e+00 
 3849.000  4.387595e+00 
 3850.000  4.364339e+00 
 3851.000  4.371284e+00 
 3852.000  4.371632e+00 
 3853.000  4.354591e+00 
 3854.000  4.294285e+00 
 3855.000  4.290730e+00 
 3856.000  4.286193e+00 
 3857.000  4.278100e+00 
 3858.000  4.268725e+00 
 3859.000  4.247564e+00 
 3860.000  4.237231e+00 
 3861.000  4.259656e+00 
 3862.000  4.201605e+00 
 3863.000  4.101094e+00 
 3864.000  4.162782e+00 
 3865.000  4.177286e+00 
 3866.000  4.184867e+00 
 3867.000  4.136011e+00 
 3868.000  4.159785e+00 
 3869.000  4.082178e+00 
 3870.000  4.105296e+00 
 3871.000  4.083306e+00 
 3872.000  4.029586e+00 
 3873.000  4.094001e+00 
 3874.000  4.088005e+00 
 3875.000  4.078863e+00 
 3876.000  4.093848e+00 
 3877.000  4.089895e+00 
 3878.000  4.085090e+00 
 3879.000  4.078696e+00 
 3880.000  4.076128e+00 
 3881.000  4.068903e+00 
 3882.000  4.054819e+00 
 3883.000  4.050638e+00 
 3884.000  4.101089e+00 
 3885.000  3.989423e+00 
 3886.000  4.046465e+00 
 3887.000  4.091432e+00 
 3888.000  4.091362e+00 
 3889.000  4.090495e+00 
 3890.000  4.077271e+00 
 3891.000  4.072562e+00 
 3892.000  4.130911e+00 
 3893.000  4.129736e+00 
 3894.000  4.113009e+00 
 3895.000  4.123119e+00 
 3896.000  4.104451e+00 
 3897.000  4.061555e+00 
 3898.000  4.042961e+00 
 3899.000  4.146554e+00 
 3900.000  4.117264e+00 
 3901.000  4.136960e+00 
 3902.000  4.136018e+00 
 3903.000  4.125159e+00 
 3904.000  4.129422e+00 
 3905.000  4.124610e+00 
 3906.000  4.109398e+00 
 3907.000  4.137610e+00 
 3908.000  4.127410e+00 
 3909.000  4.129755e+00 
 3910.000  4.126968e+00 
 3911.000  4.124561e+00 
 3912.000  4.122177e+00 
 3913.000  4.116305e+00 
 3914.000  4.132195e+00 
 3915.000  4.139475e+00 
 3916.000  4.128701e+00 
 3917.000  4.127682e+00 
 3918.000  4.118059e+00 
 3919.000  4.110595e+00 
 3920.000  4.123182e+00 
 3921.000  4.103333e+00 
 3922.000  4.153769e+00 
 3923.000  4.153112e+00 
 3924.000  4.149092e+00 
 3925.000  4.149254e+00 
 3926.000  4.135135e+00 
 3927.000  4.136534e+00 
 3928.000  4.142980e+00 
 3929.000  4.138871e+00 
 3930.000  4.197641e+00 
 3931.000  4.195004e+00 
 3932.000  4.173709e+00 
 3933.000  4.184272e+00 
 3934.000  4.132444e+00 
 3935.000  4.160227e+00 
 3936.000  4.178860e+00 
 3937.000  4.176666e+00 
 3938.000  4.218079e+00 
 3939.000  4.236468e+00 
 3940.000  4.232975e+00 
 3941.000  4.227355e+00 
 3942.000  4.226735e+00 
 3943.000  4.224637e+00 
 3944.000  4.188991e+00 
 3945.000  4.349318e+00 
 3946.000  4.336202e+00 
 3947.000  4.336668e+00 
 3948.000  4.314420e+00 
 3949.000  4.327123e+00 
 3950.000  4.280603e+00 
 3951.000  4.310880e+00 
 3952.000  4.147203e+00 
 3953.000  4.291261e+00 
 3954.000  4.286837e+00 
 3955.000  4.279804e+00 
 3956.000  4.240787e+00 
 3957.000  4.248994e+00 
 3958.000  4.212955e+00 
 3959.000  4.222743e+00 
 3960.000  4.268092e+00 
 3961.000  4.282188e+00 
 3962.000  4.243845e+00 
 3963.000  4.276158e+00 
 3964.000  4.255672e+00 
 3965.000  4.252520e+00 
 3966.000  4.256723e+00 
 3967.000  4.252227e+00 
 3968.000  4.260380e+00 
 3969.000  4.239626e+00 
 3970.000  4.226829e+00 
 3971.000  4.209471e+00 
 3972.000  4.231202e+00 
 3973.000  4.192402e+00 
 3974.000  4.207782e+00 
 3975.000  4.220573e+00 
 3976.000  4.217826e+00 
 3977.000  4.150570e+00 
 3978.000  4.168122e+00 
 3979.000  4.154006e+00 
 3980.000  4.158560e+00 
 3981.000  4.167465e+00 
 3982.000  4.158514e+00 
 3983.000  4.139988e+00 
 3984.000  4.138074e+00 
 3985.000  4.095393e+00 
 3986.000  4.004378e+00 
 3987.000  4.118389e+00 
 3988.000  4.122398e+00 
 3989.000  4.094168e+00 
 3990.000  4.092226e+00 
 3991.000  4.032482e+00 
 3992.000  4.081422e+00 
 3993.000  4.001916e+00 
 3994.000  3.996021e+00 
 3995.000  3.972156e+00 
 3996.000  3.905539e+00 
 3997.000  4.007750e+00 
 3998.000  3.985952e+00 
 3999.000  3.910365e+00 
 4000.000  3.949005e+00 
