  290.000  0.000000e+00 
  291.000  2.061007e-06 
  292.000  2.714721e-05 
  293.000  8.727531e-05 
  294.000  5.963679e-04 
  295.000  1.764227e-03 
  296.000  1.070753e-02 
  297.000  1.539011e-02 
  298.000  8.432585e-02 
  299.000  1.644339e-01 
  300.000  3.134898e-01 
  301.000  9.137785e-01 
  302.000  1.068497e+00 
  303.000  2.958757e+00 
  304.000  3.524590e+00 
  305.000  6.688011e+00 
  306.000  7.626796e+00 
  307.000  1.160307e+01 
  308.000  1.538896e+01 
  309.000  1.690182e+01 
  310.000  1.927856e+01 
  311.000  3.813449e+01 
  312.000  3.325008e+01 
  313.000  4.343039e+01 
  314.000  4.558397e+01 
  315.000  5.562771e+01 
  316.000  4.438168e+01 
  317.000  6.560417e+01 
  318.000  6.515059e+01 
  319.000  7.445274e+01 
  320.000  7.364790e+01 
  321.000  9.228904e+01 
  322.000  8.316350e+01 
  323.000  7.412466e+01 
  324.000  9.488943e+01 
  325.000  1.076450e+02 
  326.000  1.508001e+02 
  327.000  1.551597e+02 
  328.000  1.311292e+02 
  329.000  1.579244e+02 
  330.000  1.684676e+02 
  331.000  1.394836e+02 
  332.000  1.560804e+02 
  333.000  1.799327e+02 
  334.000  1.534160e+02 
  335.000  1.679145e+02 
  336.000  1.284267e+02 
  337.000  1.249973e+02 
  338.000  1.550583e+02 
  339.000  1.587096e+02 
  340.000  1.815372e+02 
  341.000  1.557402e+02 
  342.000  1.659397e+02 
  343.000  1.692709e+02 
  344.000  1.554243e+02 
  345.000  2.028689e+02 
  346.000  2.284234e+02 
  347.000  2.205155e+02 
  348.000  2.106408e+02 
  349.000  2.342267e+02 
  350.000  2.427799e+02 
  351.000  2.336896e+02 
  352.000  2.427362e+02 
  353.000  2.243898e+02 
  354.000  2.624506e+02 
  355.000  2.694254e+02 
  356.000  2.579972e+02 
  357.000  1.669825e+02 
  358.000  1.836861e+02 
  359.000  1.870515e+02 
  360.000  2.808236e+02 
  361.000  2.253271e+02 
  362.000  2.501416e+02 
  363.000  2.691935e+02 
  364.000  2.717867e+02 
  365.000  2.573742e+02 
  366.000  3.572014e+02 
  367.000  3.231348e+02 
  368.000  3.080238e+02 
  369.000  2.994392e+02 
  370.000  3.479985e+02 
  371.000  2.808011e+02 
  372.000  2.985786e+02 
  373.000  3.004944e+02 
  374.000  2.349547e+02 
  375.000  2.172174e+02 
  376.000  3.135241e+02 
  377.000  3.235662e+02 
  378.000  4.219125e+02 
  379.000  3.273737e+02 
  380.000  3.089890e+02 
  381.000  3.494755e+02 
  382.000  2.630254e+02 
  383.000  1.845600e+02 
  384.000  2.043715e+02 
  385.000  3.093190e+02 
  386.000  2.414026e+02 
  387.000  2.784938e+02 
  388.000  2.771445e+02 
  389.000  3.171580e+02 
  390.000  3.861004e+02 
  391.000  4.336103e+02 
  392.000  3.867834e+02 
  393.000  2.081061e+02 
  394.000  2.310951e+02 
  395.000  3.892408e+02 
  396.000  4.019579e+02 
  397.000  1.641184e+02 
  398.000  4.606090e+02 
  399.000  5.539655e+02 
  400.000  5.458515e+02 
  401.000  5.437103e+02 
  402.000  5.774233e+02 
  403.000  5.419071e+02 
  404.000  5.834888e+02 
  405.000  5.361199e+02 
  406.000  5.330692e+02 
  407.000  5.201257e+02 
  408.000  5.644806e+02 
  409.000  6.258959e+02 
  410.000  5.241619e+02 
  411.000  6.165308e+02 
  412.000  6.398472e+02 
  413.000  6.053718e+02 
  414.000  5.950401e+02 
  415.000  6.355682e+02 
  416.000  6.326085e+02 
  417.000  6.142264e+02 
  418.000  6.016869e+02 
  419.000  6.172748e+02 
  420.000  5.231678e+02 
  421.000  6.563257e+02 
  422.000  6.296955e+02 
  423.000  5.324806e+02 
  424.000  5.864191e+02 
  425.000  6.080817e+02 
  426.000  5.852299e+02 
  427.000  5.635845e+02 
  428.000  5.713323e+02 
  429.000  5.203660e+02 
  430.000  4.157022e+02 
  431.000  3.741599e+02 
  432.000  6.742147e+02 
  433.000  6.007819e+02 
  434.000  5.716123e+02 
  435.000  6.225391e+02 
  436.000  6.910020e+02 
  437.000  6.983671e+02 
  438.000  6.262075e+02 
  439.000  6.065549e+02 
  440.000  6.804797e+02 
  441.000  6.789168e+02 
  442.000  7.157071e+02 
  443.000  7.211623e+02 
  444.000  7.171370e+02 
  445.000  7.550323e+02 
  446.000  6.726936e+02 
  447.000  7.679031e+02 
  448.000  7.813760e+02 
  449.000  7.873760e+02 
  450.000  8.052283e+02 
  451.000  8.709501e+02 
  452.000  8.103166e+02 
  453.000  7.527975e+02 
  454.000  8.032306e+02 
  455.000  8.094755e+02 
  456.000  8.297186e+02 
  457.000  8.349915e+02 
  458.000  8.209136e+02 
  459.000  8.214110e+02 
  460.000  8.148475e+02 
  461.000  8.449901e+02 
  462.000  8.318093e+02 
  463.000  8.325919e+02 
  464.000  8.359097e+02 
  465.000  8.242582e+02 
  466.000  8.509241e+02 
  467.000  8.214116e+02 
  468.000  8.700561e+02 
  469.000  8.628542e+02 
  470.000  8.513666e+02 
  471.000  8.502011e+02 
  472.000  8.609326e+02 
  473.000  8.518533e+02 
  474.000  8.589705e+02 
  475.000  8.938989e+02 
  476.000  8.665649e+02 
  477.000  8.587651e+02 
  478.000  9.014742e+02 
  479.000  8.608254e+02 
  480.000  8.780529e+02 
  481.000  8.729522e+02 
  482.000  8.914764e+02 
  483.000  8.926573e+02 
  484.000  8.585590e+02 
  485.000  8.651160e+02 
  486.000  7.016412e+02 
  487.000  7.888688e+02 
  488.000  8.568242e+02 
  489.000  7.967510e+02 
  490.000  9.073534e+02 
  491.000  8.493239e+02 
  492.000  8.164258e+02 
  493.000  8.795632e+02 
  494.000  8.499618e+02 
  495.000  9.088784e+02 
  496.000  8.854071e+02 
  497.000  8.591074e+02 
  498.000  8.390204e+02 
  499.000  8.372023e+02 
  500.000  8.337197e+02 
  501.000  8.152236e+02 
  502.000  8.100727e+02 
  503.000  8.585625e+02 
  504.000  7.989868e+02 
  505.000  8.619731e+02 
  506.000  9.230123e+02 
  507.000  8.590141e+02 
  508.000  8.240107e+02 
  509.000  8.887806e+02 
  510.000  8.613820e+02 
  511.000  8.618176e+02 
  512.000  9.047069e+02 
  513.000  8.281743e+02 
  514.000  8.109496e+02 
  515.000  8.280501e+02 
  516.000  8.699154e+02 
  517.000  6.408701e+02 
  518.000  7.935090e+02 
  519.000  7.518448e+02 
  520.000  8.278337e+02 
  521.000  8.283594e+02 
  522.000  8.612851e+02 
  523.000  8.023823e+02 
  524.000  8.705980e+02 
  525.000  8.636774e+02 
  526.000  8.231306e+02 
  527.000  7.190693e+02 
  528.000  8.636237e+02 
  529.000  8.881617e+02 
  530.000  8.392513e+02 
  531.000  9.135396e+02 
  532.000  8.715337e+02 
  533.000  7.655424e+02 
  534.000  8.325360e+02 
  535.000  8.494893e+02 
  536.000  9.014616e+02 
  537.000  8.364014e+02 
  538.000  8.756051e+02 
  539.000  8.727853e+02 
  540.000  8.542073e+02 
  541.000  7.833635e+02 
  542.000  8.739259e+02 
  543.000  8.360295e+02 
  544.000  8.818942e+02 
  545.000  8.688538e+02 
  546.000  8.496267e+02 
  547.000  8.858235e+02 
  548.000  8.220026e+02 
  549.000  8.652005e+02 
  550.000  8.463994e+02 
  551.000  8.414086e+02 
  552.000  8.780065e+02 
  553.000  8.439224e+02 
  554.000  8.718212e+02 
  555.000  8.746052e+02 
  556.000  8.508182e+02 
  557.000  8.258680e+02 
  558.000  8.575458e+02 
  559.000  8.108517e+02 
  560.000  8.146824e+02 
  561.000  8.956482e+02 
  562.000  8.222059e+02 
  563.000  8.604368e+02 
  564.000  8.484987e+02 
  565.000  8.586146e+02 
  566.000  7.918181e+02 
  567.000  8.489120e+02 
  568.000  8.447290e+02 
  569.000  8.228591e+02 
  570.000  8.282372e+02 
  571.000  8.026599e+02 
  572.000  8.450194e+02 
  573.000  8.552205e+02 
  574.000  8.510754e+02 
  575.000  8.302850e+02 
  576.000  8.155436e+02 
  577.000  8.508274e+02 
  578.000  8.278433e+02 
  579.000  8.231790e+02 
  580.000  8.531220e+02 
  581.000  8.398709e+02 
  582.000  8.540665e+02 
  583.000  8.610209e+02 
  584.000  8.591522e+02 
  585.000  8.542520e+02 
  586.000  8.182181e+02 
  587.000  8.491561e+02 
  588.000  8.333904e+02 
  589.000  7.286494e+02 
  590.000  7.604936e+02 
  591.000  8.164395e+02 
  592.000  7.970767e+02 
  593.000  8.147471e+02 
  594.000  8.206329e+02 
  595.000  7.991013e+02 
  596.000  8.282424e+02 
  597.000  8.291151e+02 
  598.000  8.160617e+02 
  599.000  8.180596e+02 
  600.000  8.217538e+02 
  601.000  8.194708e+02 
  602.000  8.114909e+02 
  603.000  8.174951e+02 
  604.000  8.445646e+02 
  605.000  8.433441e+02 
  606.000  8.342128e+02 
  607.000  8.301583e+02 
  608.000  8.277106e+02 
  609.000  8.197841e+02 
  610.000  8.072087e+02 
  611.000  8.208762e+02 
  612.000  8.107399e+02 
  613.000  7.994263e+02 
  614.000  7.710621e+02 
  615.000  8.085114e+02 
  616.000  7.692141e+02 
  617.000  7.740139e+02 
  618.000  8.109459e+02 
  619.000  8.038854e+02 
  620.000  8.161157e+02 
  621.000  8.304706e+02 
  622.000  7.869097e+02 
  623.000  7.932449e+02 
  624.000  7.942934e+02 
  625.000  7.729241e+02 
  626.000  7.765772e+02 
  627.000  7.873107e+02 
  628.000  7.678817e+02 
  629.000  7.923668e+02 
  630.000  7.686829e+02 
  631.000  7.989659e+02 
  632.000  7.429253e+02 
  633.000  8.009873e+02 
  634.000  7.786490e+02 
  635.000  7.936031e+02 
  636.000  7.667299e+02 
  637.000  7.930901e+02 
  638.000  8.074528e+02 
  639.000  8.014716e+02 
  640.000  7.775646e+02 
  641.000  7.894092e+02 
  642.000  7.808976e+02 
  643.000  7.941547e+02 
  644.000  7.855210e+02 
  645.000  7.915961e+02 
  646.000  7.560554e+02 
  647.000  7.626918e+02 
  648.000  7.570972e+02 
  649.000  7.765247e+02 
  650.000  7.270759e+02 
  651.000  7.835325e+02 
  652.000  7.620640e+02 
  653.000  7.856041e+02 
  654.000  7.748153e+02 
  655.000  7.519590e+02 
  656.000  6.395024e+02 
  657.000  6.841682e+02 
  658.000  7.649619e+02 
  659.000  7.686113e+02 
  660.000  7.756190e+02 
  661.000  7.811293e+02 
  662.000  7.934650e+02 
  663.000  7.848538e+02 
  664.000  7.729553e+02 
  665.000  7.769478e+02 
  666.000  7.869202e+02 
  667.000  7.719187e+02 
  668.000  7.770035e+02 
  669.000  7.886671e+02 
  670.000  7.796666e+02 
  671.000  7.718665e+02 
  672.000  7.697607e+02 
  673.000  7.756765e+02 
  674.000  7.775794e+02 
  675.000  7.660917e+02 
  676.000  7.809302e+02 
  677.000  7.657558e+02 
  678.000  7.787853e+02 
  679.000  7.680641e+02 
  680.000  7.621352e+02 
  681.000  7.629830e+02 
  682.000  7.615239e+02 
  683.000  7.667729e+02 
  684.000  7.527095e+02 
  685.000  7.617825e+02 
  686.000  7.273489e+02 
  687.000  6.354645e+02 
  688.000  6.654367e+02 
  689.000  6.585262e+02 
  690.000  6.772285e+02 
  691.000  6.991412e+02 
  692.000  7.043785e+02 
  693.000  6.971042e+02 
  694.000  6.910270e+02 
  695.000  6.887003e+02 
  696.000  7.026192e+02 
  697.000  7.301204e+02 
  698.000  7.111645e+02 
  699.000  7.007341e+02 
  700.000  6.964351e+02 
  701.000  6.757559e+02 
  702.000  6.762382e+02 
  703.000  7.051160e+02 
  704.000  7.080594e+02 
  705.000  7.054952e+02 
  706.000  6.996401e+02 
  707.000  6.919730e+02 
  708.000  7.152592e+02 
  709.000  6.960454e+02 
  710.000  7.054898e+02 
  711.000  7.051881e+02 
  712.000  7.011146e+02 
  713.000  6.936032e+02 
  714.000  7.038111e+02 
  715.000  6.718078e+02 
  716.000  6.813557e+02 
  717.000  6.132704e+02 
  718.000  5.792875e+02 
  719.000  5.617184e+02 
  720.000  5.495435e+02 
  721.000  6.207554e+02 
  722.000  6.560527e+02 
  723.000  6.395986e+02 
  724.000  6.010374e+02 
  725.000  6.005457e+02 
  726.000  5.975294e+02 
  727.000  6.123559e+02 
  728.000  5.954729e+02 
  729.000  5.871200e+02 
  730.000  6.060972e+02 
  731.000  5.928707e+02 
  732.000  6.309865e+02 
  733.000  6.470225e+02 
  734.000  6.730179e+02 
  735.000  6.632702e+02 
  736.000  6.429740e+02 
  737.000  6.575870e+02 
  738.000  6.642083e+02 
  739.000  6.462300e+02 
  740.000  6.601741e+02 
  741.000  6.594225e+02 
  742.000  6.504391e+02 
  743.000  6.737634e+02 
  744.000  6.818665e+02 
  745.000  6.655654e+02 
  746.000  6.759832e+02 
  747.000  6.867380e+02 
  748.000  6.750535e+02 
  749.000  6.757442e+02 
  750.000  6.655347e+02 
  751.000  6.640079e+02 
  752.000  6.751041e+02 
  753.000  6.691002e+02 
  754.000  6.798694e+02 
  755.000  6.761524e+02 
  756.000  6.631053e+02 
  757.000  6.680911e+02 
  758.000  6.662788e+02 
  759.000  5.986340e+02 
  760.000  2.192708e+02 
  761.000  1.882651e+02 
  762.000  3.838698e+02 
  763.000  3.275042e+02 
  764.000  3.614066e+02 
  765.000  4.400354e+02 
  766.000  5.089044e+02 
  767.000  5.622377e+02 
  768.000  6.154307e+02 
  769.000  6.333771e+02 
  770.000  6.400355e+02 
  771.000  6.452213e+02 
  772.000  6.438841e+02 
  773.000  6.417811e+02 
  774.000  6.491929e+02 
  775.000  6.251832e+02 
  776.000  6.512318e+02 
  777.000  6.468240e+02 
  778.000  6.433839e+02 
  779.000  6.455037e+02 
  780.000  6.375429e+02 
  781.000  6.368657e+02 
  782.000  6.445574e+02 
  783.000  6.295206e+02 
  784.000  6.328508e+02 
  785.000  6.333367e+02 
  786.000  6.206510e+02 
  787.000  6.253673e+02 
  788.000  6.136803e+02 
  789.000  6.087737e+02 
  790.000  6.019082e+02 
  791.000  6.004648e+02 
  792.000  5.924832e+02 
  793.000  5.953731e+02 
  794.000  5.964048e+02 
  795.000  5.888917e+02 
  796.000  5.871666e+02 
  797.000  5.943094e+02 
  798.000  6.021920e+02 
  799.000  6.000502e+02 
  800.000  5.791661e+02 
  801.000  5.906196e+02 
  802.000  5.889803e+02 
  803.000  5.813766e+02 
  804.000  5.892393e+02 
  805.000  5.779207e+02 
  806.000  5.965334e+02 
  807.000  5.931481e+02 
  808.000  5.879128e+02 
  809.000  5.759908e+02 
  810.000  5.712064e+02 
  811.000  5.757051e+02 
  812.000  5.674011e+02 
  813.000  5.571762e+02 
  814.000  5.459926e+02 
  815.000  5.271768e+02 
  816.000  5.059996e+02 
  817.000  5.099628e+02 
  818.000  5.082111e+02 
  819.000  4.999155e+02 
  820.000  5.080139e+02 
  821.000  5.459991e+02 
  822.000  5.150394e+02 
  823.000  4.782286e+02 
  824.000  5.229543e+02 
  825.000  5.463246e+02 
  826.000  5.457240e+02 
  827.000  5.409120e+02 
  828.000  5.239730e+02 
  829.000  5.294228e+02 
  830.000  5.273496e+02 
  831.000  5.195806e+02 
  832.000  5.309259e+02 
  833.000  5.179501e+02 
  834.000  5.297969e+02 
  835.000  5.387598e+02 
  836.000  5.425460e+02 
  837.000  5.378378e+02 
  838.000  5.435901e+02 
  839.000  5.288467e+02 
  840.000  5.438453e+02 
  841.000  5.429693e+02 
  842.000  5.416878e+02 
  843.000  5.428201e+02 
  844.000  5.359811e+02 
  845.000  5.451425e+02 
  846.000  5.510519e+02 
  847.000  5.331677e+02 
  848.000  5.470982e+02 
  849.000  5.483556e+02 
  850.000  4.733795e+02 
  851.000  5.413204e+02 
  852.000  5.209182e+02 
  853.000  5.285947e+02 
  854.000  4.249257e+02 
  855.000  4.684998e+02 
  856.000  5.330735e+02 
  857.000  5.422501e+02 
  858.000  5.339583e+02 
  859.000  5.345931e+02 
  860.000  5.301746e+02 
  861.000  5.302023e+02 
  862.000  5.287118e+02 
  863.000  5.388793e+02 
  864.000  5.379838e+02 
  865.000  5.281119e+02 
  866.000  4.430352e+02 
  867.000  4.717897e+02 
  868.000  5.117177e+02 
  869.000  5.046076e+02 
  870.000  5.254218e+02 
  871.000  5.247466e+02 
  872.000  5.227629e+02 
  873.000  5.247921e+02 
  874.000  5.132676e+02 
  875.000  5.085630e+02 
  876.000  5.126570e+02 
  877.000  5.228544e+02 
  878.000  5.135643e+02 
  879.000  5.147487e+02 
  880.000  5.115007e+02 
  881.000  4.848058e+02 
  882.000  5.114265e+02 
  883.000  4.999606e+02 
  884.000  5.043040e+02 
  885.000  5.088838e+02 
  886.000  4.914564e+02 
  887.000  4.870224e+02 
  888.000  5.015836e+02 
  889.000  5.051990e+02 
  890.000  5.031662e+02 
  891.000  4.991821e+02 
  892.000  4.943583e+02 
  893.000  4.656752e+02 
  894.000  4.759062e+02 
  895.000  4.360690e+02 
  896.000  4.355244e+02 
  897.000  4.073437e+02 
  898.000  3.996047e+02 
  899.000  3.759848e+02 
  900.000  3.697874e+02 
  901.000  3.561868e+02 
  902.000  3.507380e+02 
  903.000  4.083719e+02 
  904.000  4.386232e+02 
  905.000  4.366293e+02 
  906.000  4.101469e+02 
  907.000  3.906501e+02 
  908.000  3.633935e+02 
  909.000  3.578607e+02 
  910.000  3.646158e+02 
  911.000  3.745983e+02 
  912.000  3.700823e+02 
  913.000  3.553670e+02 
  914.000  3.645476e+02 
  915.000  3.670826e+02 
  916.000  3.741043e+02 
  917.000  3.731960e+02 
  918.000  3.776699e+02 
  919.000  4.046952e+02 
  920.000  4.176212e+02 
  921.000  4.049289e+02 
  922.000  4.010199e+02 
  923.000  3.798779e+02 
  924.000  3.851330e+02 
  925.000  3.892772e+02 
  926.000  3.748760e+02 
  927.000  3.759377e+02 
  928.000  3.586123e+02 
  929.000  3.261880e+02 
  930.000  2.916926e+02 
  931.000  2.554571e+02 
  932.000  2.079581e+02 
  933.000  1.773122e+02 
  934.000  1.459832e+02 
  935.000  1.406654e+02 
  936.000  1.506719e+02 
  937.000  1.513093e+02 
  938.000  1.832729e+02 
  939.000  2.808670e+02 
  940.000  2.947853e+02 
  941.000  2.754459e+02 
  942.000  2.354869e+02 
  943.000  1.990241e+02 
  944.000  1.902316e+02 
  945.000  2.087794e+02 
  946.000  2.127138e+02 
  947.000  2.272383e+02 
  948.000  2.380589e+02 
  949.000  2.377610e+02 
  950.000  2.386738e+02 
  951.000  2.585212e+02 
  952.000  2.361283e+02 
  953.000  2.514124e+02 
  954.000  2.662744e+02 
  955.000  2.359938e+02 
  956.000  2.490335e+02 
  957.000  2.928382e+02 
  958.000  3.011859e+02 
  959.000  2.949955e+02 
  960.000  2.901997e+02 
  961.000  2.835257e+02 
  962.000  2.884132e+02 
  963.000  3.125857e+02 
  964.000  3.126660e+02 
  965.000  3.142105e+02 
  966.000  3.065612e+02 
  967.000  3.338221e+02 
  968.000  3.606819e+02 
  969.000  3.770490e+02 
  970.000  3.788987e+02 
  971.000  3.752179e+02 
  972.000  3.738439e+02 
  973.000  3.612432e+02 
  974.000  3.448267e+02 
  975.000  3.395830e+02 
  976.000  3.523546e+02 
  977.000  3.574682e+02 
  978.000  3.651761e+02 
  979.000  3.582762e+02 
  980.000  3.779633e+02 
  981.000  3.839146e+02 
  982.000  3.798392e+02 
  983.000  3.864465e+02 
  984.000  3.916986e+02 
  985.000  3.959933e+02 
  986.000  3.985027e+02 
  987.000  4.055734e+02 
  988.000  4.011588e+02 
  989.000  3.964366e+02 
  990.000  4.004229e+02 
  991.000  4.058264e+02 
  992.000  4.026840e+02 
  993.000  4.029012e+02 
  994.000  4.067299e+02 
  995.000  4.050328e+02 
  996.000  4.049444e+02 
  997.000  4.045869e+02 
  998.000  4.022614e+02 
  999.000  4.009132e+02 
 1000.000  3.980027e+02 
 1001.000  3.982767e+02 
 1002.000  3.946625e+02 
 1003.000  3.907825e+02 
 1004.000  3.892476e+02 
 1005.000  3.643063e+02 
 1006.000  3.836819e+02 
 1007.000  3.901125e+02 
 1008.000  3.893383e+02 
 1009.000  3.837484e+02 
 1010.000  3.866353e+02 
 1011.000  3.879736e+02 
 1012.000  3.894204e+02 
 1013.000  3.876039e+02 
 1014.000  3.905280e+02 
 1015.000  3.834015e+02 
 1016.000  3.861851e+02 
 1017.000  3.826477e+02 
 1018.000  3.872057e+02 
 1019.000  3.772869e+02 
 1020.000  3.768763e+02 
 1021.000  3.814069e+02 
 1022.000  3.744067e+02 
 1023.000  3.805108e+02 
 1024.000  3.779268e+02 
 1025.000  3.797770e+02 
 1026.000  3.810954e+02 
 1027.000  3.784438e+02 
 1028.000  3.796493e+02 
 1029.000  3.745965e+02 
 1030.000  3.790785e+02 
 1031.000  3.783058e+02 
 1032.000  3.772830e+02 
 1033.000  3.703977e+02 
 1034.000  3.744861e+02 
 1035.000  3.706051e+02 
 1036.000  3.753983e+02 
 1037.000  3.675314e+02 
 1038.000  3.712190e+02 
 1039.000  3.726552e+02 
 1040.000  3.681821e+02 
 1041.000  3.700752e+02 
 1042.000  3.711519e+02 
 1043.000  3.647480e+02 
 1044.000  3.683191e+02 
 1045.000  3.665999e+02 
 1046.000  3.558354e+02 
 1047.000  3.622545e+02 
 1048.000  3.657409e+02 
 1049.000  3.632973e+02 
 1050.000  3.609644e+02 
 1051.000  3.607830e+02 
 1052.000  3.589492e+02 
 1053.000  3.590606e+02 
 1054.000  3.551354e+02 
 1055.000  3.575447e+02 
 1056.000  3.564070e+02 
 1057.000  3.553369e+02 
 1058.000  3.508306e+02 
 1059.000  3.398004e+02 
 1060.000  3.524401e+02 
 1061.000  3.399885e+02 
 1062.000  3.489612e+02 
 1063.000  3.428712e+02 
 1064.000  3.468997e+02 
 1065.000  3.458699e+02 
 1066.000  3.352939e+02 
 1067.000  3.431180e+02 
 1068.000  3.405996e+02 
 1069.000  3.143819e+02 
 1070.000  3.332223e+02 
 1071.000  3.330672e+02 
 1072.000  3.333449e+02 
 1073.000  3.222459e+02 
 1074.000  3.336979e+02 
 1075.000  3.245189e+02 
 1076.000  3.308969e+02 
 1077.000  3.292022e+02 
 1078.000  3.290049e+02 
 1079.000  3.161140e+02 
 1080.000  3.223331e+02 
 1081.000  3.103519e+02 
 1082.000  3.156880e+02 
 1083.000  3.055804e+02 
 1084.000  3.154069e+02 
 1085.000  3.068959e+02 
 1086.000  3.119464e+02 
 1087.000  2.974050e+02 
 1088.000  3.156814e+02 
 1089.000  2.978824e+02 
 1090.000  3.032487e+02 
 1091.000  3.063405e+02 
 1092.000  2.963427e+02 
 1093.000  2.862511e+02 
 1094.000  2.579440e+02 
 1095.000  2.796366e+02 
 1096.000  2.788739e+02 
 1097.000  2.738359e+02 
 1098.000  2.541743e+02 
 1099.000  2.403036e+02 
 1100.000  2.453649e+02 
 1101.000  2.468663e+02 
 1102.000  2.356251e+02 
 1103.000  2.462588e+02 
 1104.000  2.419717e+02 
 1105.000  2.353911e+02 
 1106.000  2.272711e+02 
 1107.000  2.284134e+02 
 1108.000  2.286490e+02 
 1109.000  2.347670e+02 
 1110.000  2.350205e+02 
 1111.000  2.289203e+02 
 1112.000  2.131372e+02 
 1113.000  1.938978e+02 
 1114.000  1.905890e+02 
 1115.000  1.667911e+02 
 1116.000  1.518026e+02 
 1117.000  1.251783e+02 
 1118.000  9.982753e+01 
 1119.000  8.505380e+01 
 1120.000  7.140441e+01 
 1121.000  6.882843e+01 
 1122.000  5.557155e+01 
 1123.000  6.250348e+01 
 1124.000  6.730169e+01 
 1125.000  6.341993e+01 
 1126.000  6.128593e+01 
 1127.000  6.457005e+01 
 1128.000  6.568776e+01 
 1129.000  7.946507e+01 
 1130.000  1.134557e+02 
 1131.000  1.253126e+02 
 1132.000  1.109610e+02 
 1133.000  8.403542e+01 
 1134.000  4.550651e+01 
 1135.000  4.875154e+01 
 1136.000  8.819614e+01 
 1137.000  1.144810e+02 
 1138.000  1.360796e+02 
 1139.000  1.480003e+02 
 1140.000  1.432456e+02 
 1141.000  1.293566e+02 
 1142.000  1.292453e+02 
 1143.000  1.160530e+02 
 1144.000  1.035842e+02 
 1145.000  8.795699e+01 
 1146.000  9.267707e+01 
 1147.000  1.061407e+02 
 1148.000  1.170902e+02 
 1149.000  1.225341e+02 
 1150.000  1.225789e+02 
 1151.000  1.300364e+02 
 1152.000  1.336729e+02 
 1153.000  1.391223e+02 
 1154.000  1.385270e+02 
 1155.000  1.503801e+02 
 1156.000  1.606129e+02 
 1157.000  1.881376e+02 
 1158.000  1.995379e+02 
 1159.000  2.065424e+02 
 1160.000  2.080058e+02 
 1161.000  2.134405e+02 
 1162.000  2.288739e+02 
 1163.000  2.392367e+02 
 1164.000  2.365053e+02 
 1165.000  2.419595e+02 
 1166.000  2.376996e+02 
 1167.000  2.428336e+02 
 1168.000  2.444958e+02 
 1169.000  2.373637e+02 
 1170.000  2.449987e+02 
 1171.000  2.494514e+02 
 1172.000  2.467254e+02 
 1173.000  2.431461e+02 
 1174.000  2.433828e+02 
 1175.000  2.456121e+02 
 1176.000  2.442720e+02 
 1177.000  2.495803e+02 
 1178.000  2.408852e+02 
 1179.000  2.398350e+02 
 1180.000  2.415504e+02 
 1181.000  2.361914e+02 
 1182.000  2.324074e+02 
 1183.000  2.193361e+02 
 1184.000  2.315874e+02 
 1185.000  2.404482e+02 
 1186.000  2.373094e+02 
 1187.000  2.315580e+02 
 1188.000  2.290634e+02 
 1189.000  2.191036e+02 
 1190.000  2.390358e+02 
 1191.000  2.455637e+02 
 1192.000  2.482298e+02 
 1193.000  2.474697e+02 
 1194.000  2.464130e+02 
 1195.000  2.397751e+02 
 1196.000  2.401578e+02 
 1197.000  2.382233e+02 
 1198.000  2.298020e+02 
 1199.000  2.190883e+02 
 1200.000  2.342674e+02 
 1201.000  2.364013e+02 
 1202.000  2.370880e+02 
 1203.000  2.242985e+02 
 1204.000  2.287721e+02 
 1205.000  2.404265e+02 
 1206.000  2.419402e+02 
 1207.000  2.447949e+02 
 1208.000  2.403750e+02 
 1209.000  2.239767e+02 
 1210.000  2.372338e+02 
 1211.000  2.289799e+02 
 1212.000  2.368199e+02 
 1213.000  2.402919e+02 
 1214.000  2.388292e+02 
 1215.000  2.405420e+02 
 1216.000  2.434145e+02 
 1217.000  2.459397e+02 
 1218.000  2.462969e+02 
 1219.000  2.446157e+02 
 1220.000  2.463700e+02 
 1221.000  2.462996e+02 
 1222.000  2.451426e+02 
 1223.000  2.442785e+02 
 1224.000  2.481086e+02 
 1225.000  2.471604e+02 
 1226.000  2.486107e+02 
 1227.000  2.411069e+02 
 1228.000  2.497901e+02 
 1229.000  2.503801e+02 
 1230.000  2.504849e+02 
 1231.000  2.510128e+02 
 1232.000  2.483679e+02 
 1233.000  2.504599e+02 
 1234.000  2.508996e+02 
 1235.000  2.495778e+02 
 1236.000  2.512414e+02 
 1237.000  2.516265e+02 
 1238.000  2.515828e+02 
 1239.000  2.487474e+02 
 1240.000  2.476107e+02 
 1241.000  2.496459e+02 
 1242.000  2.479935e+02 
 1243.000  2.450698e+02 
 1244.000  2.425202e+02 
 1245.000  2.464439e+02 
 1246.000  2.442924e+02 
 1247.000  2.427005e+02 
 1248.000  2.443080e+02 
 1249.000  2.432246e+02 
 1250.000  2.419384e+02 
 1251.000  2.399404e+02 
 1252.000  2.387154e+02 
 1253.000  2.362276e+02 
 1254.000  2.358491e+02 
 1255.000  2.347205e+02 
 1256.000  2.335727e+02 
 1257.000  2.300844e+02 
 1258.000  2.291060e+02 
 1259.000  2.250234e+02 
 1260.000  2.235572e+02 
 1261.000  2.212078e+02 
 1262.000  2.127274e+02 
 1263.000  2.138541e+02 
 1264.000  2.095782e+02 
 1265.000  2.095746e+02 
 1266.000  2.093499e+02 
 1267.000  2.037052e+02 
 1268.000  1.998341e+02 
 1269.000  2.008792e+02 
 1270.000  2.078185e+02 
 1271.000  2.111293e+02 
 1272.000  2.123301e+02 
 1273.000  2.138860e+02 
 1274.000  2.147495e+02 
 1275.000  2.170621e+02 
 1276.000  2.180469e+02 
 1277.000  2.182440e+02 
 1278.000  2.179744e+02 
 1279.000  2.169476e+02 
 1280.000  2.169043e+02 
 1281.000  2.118871e+02 
 1282.000  1.891189e+02 
 1283.000  2.081628e+02 
 1284.000  2.168761e+02 
 1285.000  2.188490e+02 
 1286.000  2.182516e+02 
 1287.000  2.185237e+02 
 1288.000  2.131169e+02 
 1289.000  2.131511e+02 
 1290.000  2.081161e+02 
 1291.000  2.116597e+02 
 1292.000  2.143216e+02 
 1293.000  2.146901e+02 
 1294.000  2.095273e+02 
 1295.000  2.089486e+02 
 1296.000  2.061065e+02 
 1297.000  2.024035e+02 
 1298.000  2.003619e+02 
 1299.000  2.021763e+02 
 1300.000  2.009795e+02 
 1301.000  2.000483e+02 
 1302.000  1.957772e+02 
 1303.000  1.896599e+02 
 1304.000  1.878476e+02 
 1305.000  1.881532e+02 
 1306.000  1.875687e+02 
 1307.000  1.857724e+02 
 1308.000  1.824625e+02 
 1309.000  1.779946e+02 
 1310.000  1.767727e+02 
 1311.000  1.762690e+02 
 1312.000  1.706547e+02 
 1313.000  1.582888e+02 
 1314.000  1.588285e+02 
 1315.000  1.557342e+02 
 1316.000  1.629319e+02 
 1317.000  1.644678e+02 
 1318.000  1.563825e+02 
 1319.000  1.503340e+02 
 1320.000  1.401386e+02 
 1321.000  1.360853e+02 
 1322.000  1.414813e+02 
 1323.000  1.481678e+02 
 1324.000  1.515709e+02 
 1325.000  1.492600e+02 
 1326.000  1.424931e+02 
 1327.000  1.285719e+02 
 1328.000  1.154320e+02 
 1329.000  8.891795e+01 
 1330.000  8.239072e+01 
 1331.000  7.771098e+01 
 1332.000  7.762278e+01 
 1333.000  8.420991e+01 
 1334.000  9.074229e+01 
 1335.000  9.555403e+01 
 1336.000  9.634651e+01 
 1337.000  9.775748e+01 
 1338.000  1.011083e+02 
 1339.000  1.018301e+02 
 1340.000  1.040382e+02 
 1341.000  1.044700e+02 
 1342.000  1.046491e+02 
 1343.000  9.458457e+01 
 1344.000  8.261071e+01 
 1345.000  5.566574e+01 
 1346.000  3.908136e+01 
 1347.000  3.060123e+01 
 1348.000  1.975401e+01 
 1349.000  1.641707e+01 
 1350.000  9.230258e+00 
 1351.000  6.904183e+00 
 1352.000  3.609862e+00 
 1353.000  1.739753e+00 
 1354.000  1.044254e+00 
 1355.000  5.948378e-01 
 1356.000  3.142162e-01 
 1357.000  1.275383e-01 
 1358.000  6.922521e-02 
 1359.000  1.712275e-02 
 1360.000  7.698704e-03 
 1361.000  3.836137e-03 
 1362.000  3.272041e-03 
 1363.000  6.454115e-03 
 1364.000  8.544112e-03 
 1365.000  8.986630e-03 
 1366.000  1.184811e-02 
 1367.000  8.985715e-03 
 1368.000  7.848103e-03 
 1369.000  8.420493e-03 
 1370.000  2.523395e-02 
 1371.000  7.899357e-02 
 1372.000  2.838248e-01 
 1373.000  5.684008e-01 
 1374.000  8.500420e-01 
 1375.000  9.827915e-01 
 1376.000  8.531821e-01 
 1377.000  6.681987e-01 
 1378.000  3.849690e-01 
 1379.000  1.810197e-01 
 1380.000  5.788849e-02 
 1381.000  1.954593e-02 
 1382.000  9.489658e-03 
 1383.000  8.644278e-03 
 1384.000  2.271463e-02 
 1385.000  4.595823e-02 
 1386.000  1.076367e-01 
 1387.000  3.837094e-01 
 1388.000  6.651680e-01 
 1389.000  9.084967e-01 
 1390.000  9.652553e-01 
 1391.000  8.466030e-01 
 1392.000  4.885440e-01 
 1393.000  2.935812e-01 
 1394.000  1.751750e-01 
 1395.000  2.235923e-01 
 1396.000  4.154690e-01 
 1397.000  7.020458e-01 
 1398.000  7.449538e-01 
 1399.000  6.743646e-01 
 1400.000  6.070279e-01 
 1401.000  7.196375e-01 
 1402.000  1.085590e+00 
 1403.000  1.542480e+00 
 1404.000  1.373536e+00 
 1405.000  1.607680e+00 
 1406.000  1.382148e+00 
 1407.000  1.599578e+00 
 1408.000  2.302356e+00 
 1409.000  3.326519e+00 
 1410.000  5.009924e+00 
 1411.000  7.461668e+00 
 1412.000  7.249928e+00 
 1413.000  9.165998e+00 
 1414.000  8.790658e+00 
 1415.000  1.134578e+01 
 1416.000  1.315029e+01 
 1417.000  1.428478e+01 
 1418.000  1.454002e+01 
 1419.000  1.510843e+01 
 1420.000  1.588152e+01 
 1421.000  2.029951e+01 
 1422.000  2.179053e+01 
 1423.000  2.279532e+01 
 1424.000  2.262086e+01 
 1425.000  2.193736e+01 
 1426.000  2.125759e+01 
 1427.000  2.368846e+01 
 1428.000  2.590257e+01 
 1429.000  2.746824e+01 
 1430.000  2.678907e+01 
 1431.000  2.337517e+01 
 1432.000  2.196179e+01 
 1433.000  2.184103e+01 
 1434.000  2.024860e+01 
 1435.000  2.309451e+01 
 1436.000  2.427220e+01 
 1437.000  2.498497e+01 
 1438.000  2.819415e+01 
 1439.000  2.893123e+01 
 1440.000  2.834534e+01 
 1441.000  3.047928e+01 
 1442.000  2.867970e+01 
 1443.000  2.928945e+01 
 1444.000  3.051754e+01 
 1445.000  3.076756e+01 
 1446.000  3.343553e+01 
 1447.000  3.553769e+01 
 1448.000  3.620203e+01 
 1449.000  3.477865e+01 
 1450.000  3.220501e+01 
 1451.000  3.315155e+01 
 1452.000  3.692219e+01 
 1453.000  4.508925e+01 
 1454.000  5.363089e+01 
 1455.000  5.867776e+01 
 1456.000  6.436344e+01 
 1457.000  6.582484e+01 
 1458.000  6.775758e+01 
 1459.000  6.371946e+01 
 1460.000  5.904136e+01 
 1461.000  5.690292e+01 
 1462.000  5.130164e+01 
 1463.000  5.095571e+01 
 1464.000  4.953881e+01 
 1465.000  4.666714e+01 
 1466.000  4.147247e+01 
 1467.000  3.974731e+01 
 1468.000  3.585652e+01 
 1469.000  3.184263e+01 
 1470.000  3.018666e+01 
 1471.000  3.463155e+01 
 1472.000  4.184548e+01 
 1473.000  5.257406e+01 
 1474.000  5.950039e+01 
 1475.000  6.058819e+01 
 1476.000  6.068782e+01 
 1477.000  5.809530e+01 
 1478.000  5.461653e+01 
 1479.000  5.183752e+01 
 1480.000  5.410696e+01 
 1481.000  5.701796e+01 
 1482.000  6.192456e+01 
 1483.000  6.183964e+01 
 1484.000  6.240871e+01 
 1485.000  6.300365e+01 
 1486.000  6.558903e+01 
 1487.000  7.388008e+01 
 1488.000  6.512786e+01 
 1489.000  8.573623e+01 
 1490.000  9.587127e+01 
 1491.000  1.023020e+02 
 1492.000  1.009844e+02 
 1493.000  1.066130e+02 
 1494.000  1.067124e+02 
 1495.000  1.096093e+02 
 1496.000  1.126398e+02 
 1497.000  1.156247e+02 
 1498.000  1.223056e+02 
 1499.000  1.255598e+02 
 1500.000  1.314208e+02 
 1501.000  1.300941e+02 
 1502.000  1.270237e+02 
 1503.000  1.128689e+02 
 1504.000  1.187711e+02 
 1505.000  1.221784e+02 
 1506.000  1.239518e+02 
 1507.000  1.331118e+02 
 1508.000  1.328650e+02 
 1509.000  1.353511e+02 
 1510.000  1.381228e+02 
 1511.000  1.401214e+02 
 1512.000  1.383769e+02 
 1513.000  1.385503e+02 
 1514.000  1.366574e+02 
 1515.000  1.403567e+02 
 1516.000  1.393951e+02 
 1517.000  1.394836e+02 
 1518.000  1.438869e+02 
 1519.000  1.438825e+02 
 1520.000  1.474764e+02 
 1521.000  1.461066e+02 
 1522.000  1.452822e+02 
 1523.000  1.492529e+02 
 1524.000  1.477185e+02 
 1525.000  1.439140e+02 
 1526.000  1.481126e+02 
 1527.000  1.471192e+02 
 1528.000  1.488716e+02 
 1529.000  1.484082e+02 
 1530.000  1.394803e+02 
 1531.000  1.495336e+02 
 1532.000  1.491127e+02 
 1533.000  1.486818e+02 
 1534.000  1.466841e+02 
 1535.000  1.475397e+02 
 1536.000  1.495204e+02 
 1537.000  1.503418e+02 
 1538.000  1.465789e+02 
 1539.000  1.499283e+02 
 1540.000  1.445933e+02 
 1541.000  1.477198e+02 
 1542.000  1.485979e+02 
 1543.000  1.483206e+02 
 1544.000  1.504313e+02 
 1545.000  1.513075e+02 
 1546.000  1.516970e+02 
 1547.000  1.503772e+02 
 1548.000  1.460491e+02 
 1549.000  1.497908e+02 
 1550.000  1.489377e+02 
 1551.000  1.481318e+02 
 1552.000  1.506801e+02 
 1553.000  1.500066e+02 
 1554.000  1.444736e+02 
 1555.000  1.469718e+02 
 1556.000  1.441888e+02 
 1557.000  1.489491e+02 
 1558.000  1.477455e+02 
 1559.000  1.477111e+02 
 1560.000  1.451587e+02 
 1561.000  1.484824e+02 
 1562.000  1.483274e+02 
 1563.000  1.459547e+02 
 1564.000  1.428506e+02 
 1565.000  1.445947e+02 
 1566.000  1.418539e+02 
 1567.000  1.410966e+02 
 1568.000  1.370833e+02 
 1569.000  1.363555e+02 
 1570.000  1.319483e+02 
 1571.000  1.354836e+02 
 1572.000  1.351943e+02 
 1573.000  1.333222e+02 
 1574.000  1.341835e+02 
 1575.000  1.248580e+02 
 1576.000  1.341381e+02 
 1577.000  1.212553e+02 
 1578.000  1.328594e+02 
 1579.000  1.339094e+02 
 1580.000  1.371685e+02 
 1581.000  1.362590e+02 
 1582.000  1.340769e+02 
 1583.000  1.362478e+02 
 1584.000  1.355179e+02 
 1585.000  1.398833e+02 
 1586.000  1.381261e+02 
 1587.000  1.369025e+02 
 1588.000  1.349880e+02 
 1589.000  1.235368e+02 
 1590.000  1.330256e+02 
 1591.000  1.300526e+02 
 1592.000  1.368570e+02 
 1593.000  1.396076e+02 
 1594.000  1.382105e+02 
 1595.000  1.385895e+02 
 1596.000  1.298217e+02 
 1597.000  1.342532e+02 
 1598.000  1.355370e+02 
 1599.000  1.295737e+02 
 1600.000  1.305991e+02 
 1601.000  1.251007e+02 
 1602.000  1.280231e+02 
 1603.000  1.274417e+02 
 1604.000  1.296399e+02 
 1605.000  1.277221e+02 
 1606.000  1.274225e+02 
 1607.000  1.277568e+02 
 1608.000  1.290544e+02 
 1609.000  1.285575e+02 
 1610.000  1.207004e+02 
 1611.000  1.248831e+02 
 1612.000  1.268429e+02 
 1613.000  1.303954e+02 
 1614.000  1.291146e+02 
 1615.000  1.318048e+02 
 1616.000  1.239530e+02 
 1617.000  1.280955e+02 
 1618.000  1.320854e+02 
 1619.000  1.321623e+02 
 1620.000  1.292749e+02 
 1621.000  1.276724e+02 
 1622.000  1.308849e+02 
 1623.000  1.337199e+02 
 1624.000  1.347446e+02 
 1625.000  1.317113e+02 
 1626.000  1.330411e+02 
 1627.000  1.329076e+02 
 1628.000  1.338623e+02 
 1629.000  1.337036e+02 
 1630.000  1.298291e+02 
 1631.000  1.318583e+02 
 1632.000  1.316002e+02 
 1633.000  1.298296e+02 
 1634.000  1.265906e+02 
 1635.000  1.299835e+02 
 1636.000  1.293716e+02 
 1637.000  1.233002e+02 
 1638.000  1.223998e+02 
 1639.000  1.207445e+02 
 1640.000  1.212461e+02 
 1641.000  1.202714e+02 
 1642.000  1.201186e+02 
 1643.000  1.231138e+02 
 1644.000  1.211123e+02 
 1645.000  1.212081e+02 
 1646.000  1.226632e+02 
 1647.000  1.237911e+02 
 1648.000  1.231478e+02 
 1649.000  1.202963e+02 
 1650.000  1.233439e+02 
 1651.000  1.206013e+02 
 1652.000  1.229683e+02 
 1653.000  1.217945e+02 
 1654.000  1.231595e+02 
 1655.000  1.209441e+02 
 1656.000  1.234488e+02 
 1657.000  1.225510e+02 
 1658.000  1.234210e+02 
 1659.000  1.211959e+02 
 1660.000  1.225206e+02 
 1661.000  1.229930e+02 
 1662.000  1.219929e+02 
 1663.000  1.211739e+02 
 1664.000  1.205836e+02 
 1665.000  1.193577e+02 
 1666.000  1.189683e+02 
 1667.000  1.204187e+02 
 1668.000  1.183780e+02 
 1669.000  1.188252e+02 
 1670.000  1.214989e+02 
 1671.000  1.207282e+02 
 1672.000  1.150134e+02 
 1673.000  1.181841e+02 
 1674.000  1.185894e+02 
 1675.000  1.174850e+02 
 1676.000  1.155672e+02 
 1677.000  1.161889e+02 
 1678.000  1.169821e+02 
 1679.000  1.153816e+02 
 1680.000  1.115018e+02 
 1681.000  1.076830e+02 
 1682.000  1.107901e+02 
 1683.000  1.134879e+02 
 1684.000  1.155610e+02 
 1685.000  1.157637e+02 
 1686.000  1.143726e+02 
 1687.000  1.146038e+02 
 1688.000  1.144995e+02 
 1689.000  1.131184e+02 
 1690.000  1.128233e+02 
 1691.000  1.142561e+02 
 1692.000  1.144614e+02 
 1693.000  1.140876e+02 
 1694.000  1.139224e+02 
 1695.000  1.138361e+02 
 1696.000  1.131671e+02 
 1697.000  1.123882e+02 
 1698.000  1.130251e+02 
 1699.000  1.122975e+02 
 1700.000  1.108858e+02 
 1701.000  1.111714e+02 
 1702.000  1.108036e+02 
 1703.000  1.083815e+02 
 1704.000  1.100639e+02 
 1705.000  1.105621e+02 
 1706.000  1.089177e+02 
 1707.000  1.084927e+02 
 1708.000  1.055414e+02 
 1709.000  1.074698e+02 
 1710.000  1.086589e+02 
 1711.000  1.003807e+02 
 1712.000  1.073826e+02 
 1713.000  1.077698e+02 
 1714.000  1.078468e+02 
 1715.000  1.079067e+02 
 1716.000  1.074258e+02 
 1717.000  1.064938e+02 
 1718.000  1.059184e+02 
 1719.000  1.065135e+02 
 1720.000  1.034017e+02 
 1721.000  1.018758e+02 
 1722.000  1.030898e+02 
 1723.000  9.738756e+01 
 1724.000  9.884138e+01 
 1725.000  1.005402e+02 
 1726.000  1.019488e+02 
 1727.000  1.014429e+02 
 1728.000  9.917437e+01 
 1729.000  1.013984e+02 
 1730.000  1.015813e+02 
 1731.000  9.956856e+01 
 1732.000  9.800821e+01 
 1733.000  9.175113e+01 
 1734.000  9.332272e+01 
 1735.000  9.313965e+01 
 1736.000  8.860627e+01 
 1737.000  8.726539e+01 
 1738.000  9.134196e+01 
 1739.000  9.273640e+01 
 1740.000  9.268038e+01 
 1741.000  9.041127e+01 
 1742.000  9.324158e+01 
 1743.000  9.137376e+01 
 1744.000  9.236331e+01 
 1745.000  8.964872e+01 
 1746.000  8.985227e+01 
 1747.000  8.791795e+01 
 1748.000  9.114455e+01 
 1749.000  9.074938e+01 
 1750.000  9.036855e+01 
 1751.000  8.890850e+01 
 1752.000  8.936983e+01 
 1753.000  8.921782e+01 
 1754.000  8.924726e+01 
 1755.000  8.728228e+01 
 1756.000  8.827390e+01 
 1757.000  8.833708e+01 
 1758.000  8.800021e+01 
 1759.000  8.836168e+01 
 1760.000  8.725396e+01 
 1761.000  8.462093e+01 
 1762.000  8.252126e+01 
 1763.000  8.240685e+01 
 1764.000  7.889124e+01 
 1765.000  8.026759e+01 
 1766.000  7.936504e+01 
 1767.000  7.968785e+01 
 1768.000  7.854694e+01 
 1769.000  7.885050e+01 
 1770.000  7.728133e+01 
 1771.000  7.741691e+01 
 1772.000  7.635152e+01 
 1773.000  7.623905e+01 
 1774.000  7.201260e+01 
 1775.000  6.812261e+01 
 1776.000  6.780972e+01 
 1777.000  6.443194e+01 
 1778.000  6.214804e+01 
 1779.000  6.277357e+01 
 1780.000  6.123892e+01 
 1781.000  6.052427e+01 
 1782.000  5.972744e+01 
 1783.000  5.738397e+01 
 1784.000  5.743305e+01 
 1785.000  5.728078e+01 
 1786.000  5.760070e+01 
 1787.000  5.806613e+01 
 1788.000  5.773306e+01 
 1789.000  5.324645e+01 
 1790.000  5.284101e+01 
 1791.000  4.861245e+01 
 1792.000  4.729019e+01 
 1793.000  4.234019e+01 
 1794.000  3.857898e+01 
 1795.000  3.889977e+01 
 1796.000  3.396952e+01 
 1797.000  3.013353e+01 
 1798.000  3.024244e+01 
 1799.000  2.368354e+01 
 1800.000  2.356203e+01 
 1801.000  1.866241e+01 
 1802.000  1.578358e+01 
 1803.000  1.571340e+01 
 1804.000  1.553983e+01 
 1805.000  1.481443e+01 
 1806.000  1.283618e+01 
 1807.000  1.215885e+01 
 1808.000  1.133259e+01 
 1809.000  8.763689e+00 
 1810.000  6.789147e+00 
 1811.000  6.780701e+00 
 1812.000  4.997332e+00 
 1813.000  5.009430e+00 
 1814.000  4.192678e+00 
 1815.000  2.586939e+00 
 1816.000  2.552419e+00 
 1817.000  2.121567e+00 
 1818.000  1.768162e+00 
 1819.000  1.375016e+00 
 1820.000  1.206294e+00 
 1821.000  1.215600e+00 
 1822.000  9.923269e-01 
 1823.000  9.775856e-01 
 1824.000  8.646934e-01 
 1825.000  3.801975e-01 
 1826.000  3.824504e-01 
 1827.000  2.326861e-01 
 1828.000  1.892657e-01 
 1829.000  7.300202e-02 
 1830.000  3.851209e-02 
 1831.000  3.844696e-02 
 1832.000  1.859494e-02 
 1833.000  1.793483e-02 
 1834.000  8.233061e-03 
 1835.000  2.145097e-03 
 1836.000  2.151382e-03 
 1837.000  1.209315e-03 
 1838.000  1.015310e-03 
 1839.000  1.405555e-03 
 1840.000  2.869030e-03 
 1841.000  2.934279e-03 
 1842.000  5.215828e-03 
 1843.000  5.053460e-03 
 1844.000  7.504795e-03 
 1845.000  6.830398e-03 
 1846.000  5.094315e-03 
 1847.000  3.255169e-03 
 1848.000  3.356352e-03 
 1849.000  3.312492e-03 
 1850.000  3.343571e-03 
 1851.000  3.126558e-03 
 1852.000  3.261203e-03 
 1853.000  3.191758e-03 
 1854.000  3.275620e-03 
 1855.000  3.455727e-03 
 1856.000  3.869188e-03 
 1857.000  4.030308e-03 
 1858.000  6.245224e-03 
 1859.000  1.335463e-02 
 1860.000  1.321001e-02 
 1861.000  2.853100e-02 
 1862.000  2.603513e-02 
 1863.000  2.931127e-02 
 1864.000  2.321182e-02 
 1865.000  2.333036e-02 
 1866.000  8.969228e-03 
 1867.000  8.830532e-03 
 1868.000  1.323590e-03 
 1869.000  1.450431e-03 
 1870.000  2.128120e-04 
 1871.000  7.163568e-05 
 1872.000  7.111875e-05 
 1873.000  3.037732e-04 
 1874.000  3.035746e-04 
 1875.000  1.953321e-03 
 1876.000  1.876822e-03 
 1877.000  1.410816e-02 
 1878.000  4.172149e-02 
 1879.000  4.265086e-02 
 1880.000  8.207456e-02 
 1881.000  8.462943e-02 
 1882.000  1.260068e-01 
 1883.000  1.462230e-01 
 1884.000  1.819766e-01 
 1885.000  1.811002e-01 
 1886.000  1.756552e-01 
 1887.000  1.970274e-01 
 1888.000  1.944702e-01 
 1889.000  1.449680e-01 
 1890.000  1.396250e-01 
 1891.000  1.186385e-01 
 1892.000  1.150909e-01 
 1893.000  9.510215e-02 
 1894.000  7.876915e-02 
 1895.000  7.691921e-02 
 1896.000  4.737808e-02 
 1897.000  4.719731e-02 
 1898.000  1.981554e-02 
 1899.000  1.951762e-02 
 1900.000  9.149191e-03 
 1901.000  9.200001e-03 
 1902.000  6.442396e-03 
 1903.000  1.066152e-02 
 1904.000  1.057384e-02 
 1905.000  2.018595e-02 
 1906.000  2.028452e-02 
 1907.000  3.439663e-02 
 1908.000  3.378247e-02 
 1909.000  3.978997e-02 
 1910.000  3.987595e-02 
 1911.000  4.369907e-02 
 1912.000  4.497725e-02 
 1913.000  7.065869e-02 
 1914.000  9.971931e-02 
 1915.000  9.913965e-02 
 1916.000  2.397998e-01 
 1917.000  2.412138e-01 
 1918.000  3.529287e-01 
 1919.000  3.516674e-01 
 1920.000  5.663690e-01 
 1921.000  5.894480e-01 
 1922.000  7.656103e-01 
 1923.000  8.338038e-01 
 1924.000  9.697679e-01 
 1925.000  1.006595e+00 
 1926.000  1.012575e+00 
 1927.000  1.326622e+00 
 1928.000  1.313740e+00 
 1929.000  1.470727e+00 
 1930.000  1.529641e+00 
 1931.000  2.345534e+00 
 1932.000  2.418432e+00 
 1933.000  2.764354e+00 
 1934.000  3.233885e+00 
 1935.000  4.000952e+00 
 1936.000  4.056032e+00 
 1937.000  4.286602e+00 
 1938.000  5.410867e+00 
 1939.000  5.170452e+00 
 1940.000  6.213760e+00 
 1941.000  6.274752e+00 
 1942.000  7.828990e+00 
 1943.000  7.599691e+00 
 1944.000  8.254766e+00 
 1945.000  7.756467e+00 
 1946.000  9.982957e+00 
 1947.000  1.060605e+01 
 1948.000  1.164101e+01 
 1949.000  1.218277e+01 
 1950.000  1.285205e+01 
 1951.000  1.247945e+01 
 1952.000  1.238498e+01 
 1953.000  1.309763e+01 
 1954.000  1.299395e+01 
 1955.000  1.297755e+01 
 1956.000  1.251680e+01 
 1957.000  1.363050e+01 
 1958.000  1.369420e+01 
 1959.000  1.586397e+01 
 1960.000  1.574446e+01 
 1961.000  1.904846e+01 
 1962.000  1.866949e+01 
 1963.000  2.231383e+01 
 1964.000  2.233950e+01 
 1965.000  2.737058e+01 
 1966.000  2.670157e+01 
 1967.000  3.064719e+01 
 1968.000  3.073989e+01 
 1969.000  3.418513e+01 
 1970.000  3.448614e+01 
 1971.000  3.686779e+01 
 1972.000  3.674575e+01 
 1973.000  3.714590e+01 
 1974.000  3.816420e+01 
 1975.000  4.105764e+01 
 1976.000  4.122363e+01 
 1977.000  4.312312e+01 
 1978.000  4.092658e+01 
 1979.000  4.484382e+01 
 1980.000  4.352037e+01 
 1981.000  4.604239e+01 
 1982.000  4.645023e+01 
 1983.000  4.736830e+01 
 1984.000  4.692076e+01 
 1985.000  4.748109e+01 
 1986.000  4.653154e+01 
 1987.000  4.714767e+01 
 1988.000  4.848386e+01 
 1989.000  4.821988e+01 
 1990.000  4.808166e+01 
 1991.000  4.769122e+01 
 1992.000  4.706561e+01 
 1993.000  4.480619e+01 
 1994.000  4.516776e+01 
 1995.000  4.237198e+01 
 1996.000  4.238988e+01 
 1997.000  3.537359e+01 
 1998.000  3.470369e+01 
 1999.000  2.707501e+01 
 2000.000  2.710810e+01 
 2001.000  2.029459e+01 
 2002.000  2.032748e+01 
 2003.000  1.702384e+01 
 2004.000  1.702252e+01 
 2005.000  1.735661e+01 
 2006.000  1.690618e+01 
 2007.000  1.901042e+01 
 2008.000  1.900616e+01 
 2009.000  2.035945e+01 
 2010.000  2.039711e+01 
 2011.000  2.084775e+01 
 2012.000  2.083236e+01 
 2013.000  2.130351e+01 
 2014.000  2.109479e+01 
 2015.000  2.231766e+01 
 2016.000  2.229055e+01 
 2017.000  2.497146e+01 
 2018.000  2.503069e+01 
 2019.000  2.958324e+01 
 2020.000  2.937096e+01 
 2021.000  3.318285e+01 
 2022.000  3.435264e+01 
 2023.000  3.920119e+01 
 2024.000  3.924469e+01 
 2025.000  4.264191e+01 
 2026.000  4.302913e+01 
 2027.000  4.542469e+01 
 2028.000  4.559111e+01 
 2029.000  4.686354e+01 
 2030.000  4.631609e+01 
 2031.000  4.814967e+01 
 2032.000  4.895393e+01 
 2033.000  5.022037e+01 
 2034.000  5.018136e+01 
 2035.000  4.911831e+01 
 2036.000  5.027067e+01 
 2037.000  5.063468e+01 
 2038.000  4.791889e+01 
 2039.000  4.946417e+01 
 2040.000  4.986651e+01 
 2041.000  4.932433e+01 
 2042.000  4.886580e+01 
 2043.000  4.811105e+01 
 2044.000  4.810294e+01 
 2045.000  4.619054e+01 
 2046.000  4.615947e+01 
 2047.000  4.590970e+01 
 2048.000  4.275103e+01 
 2049.000  4.298727e+01 
 2050.000  3.937363e+01 
 2051.000  3.915590e+01 
 2052.000  3.679776e+01 
 2053.000  3.628164e+01 
 2054.000  3.594095e+01 
 2055.000  3.621421e+01 
 2056.000  3.679980e+01 
 2057.000  3.665820e+01 
 2058.000  3.775080e+01 
 2059.000  3.776422e+01 
 2060.000  3.803455e+01 
 2061.000  3.702779e+01 
 2062.000  3.812030e+01 
 2063.000  3.797892e+01 
 2064.000  3.576767e+01 
 2065.000  3.786480e+01 
 2066.000  3.791206e+01 
 2067.000  3.831505e+01 
 2068.000  3.799068e+01 
 2069.000  3.911979e+01 
 2070.000  3.780897e+01 
 2071.000  4.103382e+01 
 2072.000  4.056401e+01 
 2073.000  4.333044e+01 
 2074.000  4.326578e+01 
 2075.000  4.505335e+01 
 2076.000  4.500238e+01 
 2077.000  4.635660e+01 
 2078.000  4.634619e+01 
 2079.000  4.557629e+01 
 2080.000  4.695460e+01 
 2081.000  4.649752e+01 
 2082.000  4.737920e+01 
 2083.000  4.655260e+01 
 2084.000  4.715753e+01 
 2085.000  4.755087e+01 
 2086.000  4.818071e+01 
 2087.000  4.815775e+01 
 2088.000  4.869780e+01 
 2089.000  4.876689e+01 
 2090.000  4.905959e+01 
 2091.000  4.869309e+01 
 2092.000  4.683556e+01 
 2093.000  4.855251e+01 
 2094.000  4.900983e+01 
 2095.000  4.746981e+01 
 2096.000  4.889947e+01 
 2097.000  4.869190e+01 
 2098.000  4.862556e+01 
 2099.000  4.894564e+01 
 2100.000  4.907595e+01 
 2101.000  4.934227e+01 
 2102.000  4.967946e+01 
 2103.000  4.892192e+01 
 2104.000  4.985706e+01 
 2105.000  4.981536e+01 
 2106.000  5.021162e+01 
 2107.000  5.006147e+01 
 2108.000  5.004477e+01 
 2109.000  4.978860e+01 
 2110.000  4.850521e+01 
 2111.000  4.963515e+01 
 2112.000  4.943708e+01 
 2113.000  4.918635e+01 
 2114.000  4.934058e+01 
 2115.000  4.921099e+01 
 2116.000  4.887487e+01 
 2117.000  4.766285e+01 
 2118.000  4.876567e+01 
 2119.000  4.919106e+01 
 2120.000  4.801371e+01 
 2121.000  4.921257e+01 
 2122.000  4.878879e+01 
 2123.000  4.882198e+01 
 2124.000  4.825709e+01 
 2125.000  4.929984e+01 
 2126.000  4.978413e+01 
 2127.000  4.891782e+01 
 2128.000  5.016282e+01 
 2129.000  5.005006e+01 
 2130.000  4.998618e+01 
 2131.000  5.028776e+01 
 2132.000  5.019851e+01 
 2133.000  5.025514e+01 
 2134.000  5.010376e+01 
 2135.000  5.021873e+01 
 2136.000  4.838570e+01 
 2137.000  5.005985e+01 
 2138.000  5.004953e+01 
 2139.000  4.979902e+01 
 2140.000  4.976023e+01 
 2141.000  4.980615e+01 
 2142.000  4.943303e+01 
 2143.000  4.918602e+01 
 2144.000  4.868272e+01 
 2145.000  4.819803e+01 
 2146.000  4.705647e+01 
 2147.000  4.753458e+01 
 2148.000  4.755566e+01 
 2149.000  4.652443e+01 
 2150.000  4.646818e+01 
 2151.000  4.574776e+01 
 2152.000  4.563586e+01 
 2153.000  4.519536e+01 
 2154.000  4.530258e+01 
 2155.000  4.528290e+01 
 2156.000  4.540672e+01 
 2157.000  4.529115e+01 
 2158.000  4.529255e+01 
 2159.000  4.508305e+01 
 2160.000  4.500365e+01 
 2161.000  4.495895e+01 
 2162.000  4.435653e+01 
 2163.000  4.448121e+01 
 2164.000  4.385834e+01 
 2165.000  4.247503e+01 
 2166.000  3.815405e+01 
 2167.000  4.181640e+01 
 2168.000  4.313998e+01 
 2169.000  4.428541e+01 
 2170.000  4.432610e+01 
 2171.000  4.471254e+01 
 2172.000  4.448780e+01 
 2173.000  4.464819e+01 
 2174.000  4.436675e+01 
 2175.000  4.442094e+01 
 2176.000  4.414859e+01 
 2177.000  4.363047e+01 
 2178.000  4.394867e+01 
 2179.000  4.204577e+01 
 2180.000  4.374311e+01 
 2181.000  4.367404e+01 
 2182.000  4.306423e+01 
 2183.000  4.200236e+01 
 2184.000  4.307700e+01 
 2185.000  4.318623e+01 
 2186.000  4.335492e+01 
 2187.000  4.329760e+01 
 2188.000  4.220417e+01 
 2189.000  4.211147e+01 
 2190.000  4.262228e+01 
 2191.000  4.317328e+01 
 2192.000  4.305552e+01 
 2193.000  4.241607e+01 
 2194.000  4.230545e+01 
 2195.000  4.217974e+01 
 2196.000  4.148261e+01 
 2197.000  4.131977e+01 
 2198.000  4.095640e+01 
 2199.000  4.089785e+01 
 2200.000  4.074598e+01 
 2201.000  4.094810e+01 
 2202.000  4.088226e+01 
 2203.000  4.163038e+01 
 2204.000  4.163808e+01 
 2205.000  4.151909e+01 
 2206.000  4.079451e+01 
 2207.000  4.027499e+01 
 2208.000  4.258565e+01 
 2209.000  4.170552e+01 
 2210.000  4.318671e+01 
 2211.000  4.314846e+01 
 2212.000  4.301108e+01 
 2213.000  4.306344e+01 
 2214.000  4.289076e+01 
 2215.000  4.292796e+01 
 2216.000  4.256740e+01 
 2217.000  4.195181e+01 
 2218.000  4.248013e+01 
 2219.000  4.261590e+01 
 2220.000  4.251486e+01 
 2221.000  4.244142e+01 
 2222.000  4.227339e+01 
 2223.000  4.231506e+01 
 2224.000  4.221041e+01 
 2225.000  4.205308e+01 
 2226.000  4.132676e+01 
 2227.000  4.144459e+01 
 2228.000  4.145573e+01 
 2229.000  4.182816e+01 
 2230.000  4.138132e+01 
 2231.000  4.144433e+01 
 2232.000  4.144205e+01 
 2233.000  4.131026e+01 
 2234.000  4.123306e+01 
 2235.000  4.097481e+01 
 2236.000  4.080949e+01 
 2237.000  4.082781e+01 
 2238.000  4.031915e+01 
 2239.000  3.947278e+01 
 2240.000  3.992749e+01 
 2241.000  4.032138e+01 
 2242.000  4.023349e+01 
 2243.000  3.953462e+01 
 2244.000  3.983489e+01 
 2245.000  3.982975e+01 
 2246.000  3.974435e+01 
 2247.000  3.970735e+01 
 2248.000  3.861459e+01 
 2249.000  3.941855e+01 
 2250.000  3.904709e+01 
 2251.000  3.900113e+01 
 2252.000  3.906329e+01 
 2253.000  3.844075e+01 
 2254.000  3.748024e+01 
 2255.000  3.823110e+01 
 2256.000  3.794241e+01 
 2257.000  3.794005e+01 
 2258.000  3.785214e+01 
 2259.000  3.789472e+01 
 2260.000  3.755820e+01 
 2261.000  3.737417e+01 
 2262.000  3.744431e+01 
 2263.000  3.611015e+01 
 2264.000  3.743857e+01 
 2265.000  3.721705e+01 
 2266.000  3.672847e+01 
 2267.000  3.705365e+01 
 2268.000  3.708514e+01 
 2269.000  3.699982e+01 
 2270.000  3.689010e+01 
 2271.000  3.662669e+01 
 2272.000  3.696536e+01 
 2273.000  3.693421e+01 
 2274.000  3.682411e+01 
 2275.000  3.627770e+01 
 2276.000  3.676565e+01 
 2277.000  3.677225e+01 
 2278.000  3.674974e+01 
 2279.000  3.663580e+01 
 2280.000  3.652507e+01 
 2281.000  3.466273e+01 
 2282.000  3.578975e+01 
 2283.000  3.589369e+01 
 2284.000  3.575970e+01 
 2285.000  3.563059e+01 
 2286.000  3.544804e+01 
 2287.000  3.551935e+01 
 2288.000  3.539382e+01 
 2289.000  3.487701e+01 
 2290.000  3.487578e+01 
 2291.000  3.425696e+01 
 2292.000  3.442612e+01 
 2293.000  3.435817e+01 
 2294.000  3.238520e+01 
 2295.000  3.324305e+01 
 2296.000  3.311168e+01 
 2297.000  3.254017e+01 
 2298.000  3.326220e+01 
 2299.000  3.340413e+01 
 2300.000  3.331501e+01 
 2301.000  3.328969e+01 
 2302.000  3.380494e+01 
 2303.000  3.370461e+01 
 2304.000  3.359016e+01 
 2305.000  3.412370e+01 
 2306.000  3.415958e+01 
 2307.000  3.421934e+01 
 2308.000  3.421383e+01 
 2309.000  3.399105e+01 
 2310.000  3.371080e+01 
 2311.000  3.381643e+01 
 2312.000  3.365816e+01 
 2313.000  3.303114e+01 
 2314.000  3.283848e+01 
 2315.000  3.134397e+01 
 2316.000  3.180278e+01 
 2317.000  3.149348e+01 
 2318.000  3.306618e+01 
 2319.000  3.293354e+01 
 2320.000  3.137309e+01 
 2321.000  3.149767e+01 
 2322.000  3.147305e+01 
 2323.000  3.019569e+01 
 2324.000  3.103411e+01 
 2325.000  3.128745e+01 
 2326.000  3.112348e+01 
 2327.000  3.171448e+01 
 2328.000  3.192690e+01 
 2329.000  3.161885e+01 
 2330.000  3.156439e+01 
 2331.000  3.141476e+01 
 2332.000  3.098526e+01 
 2333.000  3.096374e+01 
 2334.000  3.007451e+01 
 2335.000  2.964728e+01 
 2336.000  2.984865e+01 
 2337.000  2.905072e+01 
 2338.000  2.890060e+01 
 2339.000  2.815272e+01 
 2340.000  2.823802e+01 
 2341.000  2.827207e+01 
 2342.000  2.773616e+01 
 2343.000  2.760521e+01 
 2344.000  2.752479e+01 
 2345.000  2.713288e+01 
 2346.000  2.719766e+01 
 2347.000  2.703087e+01 
 2348.000  2.687506e+01 
 2349.000  2.700370e+01 
 2350.000  2.683254e+01 
 2351.000  2.705148e+01 
 2352.000  2.663116e+01 
 2353.000  2.600969e+01 
 2354.000  2.668603e+01 
 2355.000  2.699037e+01 
 2356.000  2.747887e+01 
 2357.000  2.725650e+01 
 2358.000  2.725079e+01 
 2359.000  2.777314e+01 
 2360.000  2.779713e+01 
 2361.000  2.759338e+01 
 2362.000  2.701465e+01 
 2363.000  2.697668e+01 
 2364.000  2.703190e+01 
 2365.000  2.602658e+01 
 2366.000  2.608026e+01 
 2367.000  2.483857e+01 
 2368.000  2.471402e+01 
 2369.000  2.447751e+01 
 2370.000  2.368726e+01 
 2371.000  2.396201e+01 
 2372.000  2.396968e+01 
 2373.000  2.390383e+01 
 2374.000  2.273688e+01 
 2375.000  2.347544e+01 
 2376.000  2.356816e+01 
 2377.000  2.349238e+01 
 2378.000  2.342313e+01 
 2379.000  2.366510e+01 
 2380.000  2.358835e+01 
 2381.000  2.316585e+01 
 2382.000  2.322206e+01 
 2383.000  2.210808e+01 
 2384.000  2.209406e+01 
 2385.000  2.226506e+01 
 2386.000  2.242837e+01 
 2387.000  2.243313e+01 
 2388.000  2.303502e+01 
 2389.000  2.295209e+01 
 2390.000  2.347253e+01 
 2391.000  2.343190e+01 
 2392.000  2.333689e+01 
 2393.000  2.346322e+01 
 2394.000  2.376817e+01 
 2395.000  2.355834e+01 
 2396.000  2.350715e+01 
 2397.000  2.361725e+01 
 2398.000  2.341526e+01 
 2399.000  2.322068e+01 
 2400.000  2.300385e+01 
 2401.000  2.249962e+01 
 2402.000  2.261424e+01 
 2403.000  2.244898e+01 
 2404.000  2.134809e+01 
 2405.000  2.148911e+01 
 2406.000  2.117700e+01 
 2407.000  2.029915e+01 
 2408.000  2.033483e+01 
 2409.000  2.026956e+01 
 2410.000  1.917812e+01 
 2411.000  1.919630e+01 
 2412.000  1.917252e+01 
 2413.000  1.839388e+01 
 2414.000  1.775377e+01 
 2415.000  1.767838e+01 
 2416.000  1.714154e+01 
 2417.000  1.791528e+01 
 2418.000  1.807149e+01 
 2419.000  1.939924e+01 
 2420.000  1.919191e+01 
 2421.000  1.922827e+01 
 2422.000  2.010017e+01 
 2423.000  1.995910e+01 
 2424.000  2.001874e+01 
 2425.000  2.025249e+01 
 2426.000  2.050842e+01 
 2427.000  2.023190e+01 
 2428.000  2.016694e+01 
 2429.000  2.030339e+01 
 2430.000  2.018214e+01 
 2431.000  1.956374e+01 
 2432.000  1.968525e+01 
 2433.000  1.953876e+01 
 2434.000  1.846500e+01 
 2435.000  1.826292e+01 
 2436.000  1.877412e+01 
 2437.000  1.866117e+01 
 2438.000  1.821356e+01 
 2439.000  1.862545e+01 
 2440.000  1.767955e+01 
 2441.000  1.747453e+01 
 2442.000  1.758259e+01 
 2443.000  1.603790e+01 
 2444.000  1.595830e+01 
 2445.000  1.479431e+01 
 2446.000  1.436763e+01 
 2447.000  1.440090e+01 
 2448.000  1.397135e+01 
 2449.000  1.397190e+01 
 2450.000  1.407004e+01 
 2451.000  1.421295e+01 
 2452.000  1.420673e+01 
 2453.000  1.442851e+01 
 2454.000  1.588552e+01 
 2455.000  1.572238e+01 
 2456.000  1.569539e+01 
 2457.000  1.501744e+01 
 2458.000  1.616667e+01 
 2459.000  1.627887e+01 
 2460.000  1.617921e+01 
 2461.000  1.544204e+01 
 2462.000  1.548287e+01 
 2463.000  1.524971e+01 
 2464.000  1.435020e+01 
 2465.000  1.423808e+01 
 2466.000  1.412749e+01 
 2467.000  1.286690e+01 
 2468.000  1.286626e+01 
 2469.000  1.261705e+01 
 2470.000  1.043590e+01 
 2471.000  1.088178e+01 
 2472.000  1.083895e+01 
 2473.000  1.020115e+01 
 2474.000  1.001987e+01 
 2475.000  1.004994e+01 
 2476.000  8.430266e+00 
 2477.000  8.554255e+00 
 2478.000  8.513261e+00 
 2479.000  6.838241e+00 
 2480.000  6.937792e+00 
 2481.000  6.674112e+00 
 2482.000  5.490133e+00 
 2483.000  5.337809e+00 
 2484.000  5.587716e+00 
 2485.000  4.662128e+00 
 2486.000  4.634016e+00 
 2487.000  4.251955e+00 
 2488.000  4.212937e+00 
 2489.000  4.210092e+00 
 2490.000  4.232145e+00 
 2491.000  4.309225e+00 
 2492.000  4.326915e+00 
 2493.000  4.258462e+00 
 2494.000  4.300252e+00 
 2495.000  4.253372e+00 
 2496.000  4.226819e+00 
 2497.000  4.585683e+00 
 2498.000  4.554624e+00 
 2499.000  4.576236e+00 
 2500.000  4.259335e+00 
 2501.000  3.664368e+00 
 2502.000  3.686256e+00 
 2503.000  3.647878e+00 
 2504.000  3.259448e+00 
 2505.000  3.296262e+00 
 2506.000  2.994704e+00 
 2507.000  2.052697e+00 
 2508.000  2.023854e+00 
 2509.000  2.016079e+00 
 2510.000  1.537785e+00 
 2511.000  1.547152e+00 
 2512.000  1.324459e+00 
 2513.000  8.156817e-01 
 2514.000  8.142054e-01 
 2515.000  8.102517e-01 
 2516.000  6.798795e-01 
 2517.000  6.741344e-01 
 2518.000  6.636056e-01 
 2519.000  3.092031e-01 
 2520.000  3.087349e-01 
 2521.000  3.092863e-01 
 2522.000  3.084852e-01 
 2523.000  1.986609e-01 
 2524.000  1.979593e-01 
 2525.000  1.486812e-01 
 2526.000  5.843162e-02 
 2527.000  5.806449e-02 
 2528.000  5.829419e-02 
 2529.000  3.162986e-02 
 2530.000  3.166977e-02 
 2531.000  3.174783e-02 
 2532.000  7.080839e-03 
 2533.000  7.015108e-03 
 2534.000  7.068977e-03 
 2535.000  4.479710e-03 
 2536.000  4.503946e-03 
 2537.000  4.459376e-03 
 2538.000  2.624385e-03 
 2539.000  5.375725e-04 
 2540.000  5.388096e-04 
 2541.000  5.414868e-04 
 2542.000  2.726917e-04 
 2543.000  2.836795e-04 
 2544.000  1.120876e-04 
 2545.000  3.802180e-05 
 2546.000  3.813855e-05 
 2547.000  3.719049e-05 
 2548.000  3.769908e-05 
 2549.000  3.835752e-05 
 2550.000  3.813638e-05 
 2551.000  1.442529e-05 
 2552.000  5.080721e-06 
 2553.000  5.028612e-06 
 2554.000  5.132413e-06 
 2555.000  3.908609e-06 
 2556.000  3.878940e-06 
 2557.000  1.236710e-06 
 2558.000  6.081032e-08 
 2559.000  6.112664e-08 
 2560.000  6.028583e-08 
 2561.000  6.176998e-09 
 2562.000  6.199325e-09 
 2563.000  6.246872e-09 
 2564.000  0.000000e+00 
 2565.000  0.000000e+00 
 2566.000  0.000000e+00 
 2567.000  0.000000e+00 
 2568.000  0.000000e+00 
 2569.000  0.000000e+00 
 2570.000  0.000000e+00 
 2571.000  0.000000e+00 
 2572.000  0.000000e+00 
 2573.000  0.000000e+00 
 2574.000  0.000000e+00 
 2575.000  0.000000e+00 
 2576.000  0.000000e+00 
 2577.000  0.000000e+00 
 2578.000  0.000000e+00 
 2579.000  0.000000e+00 
 2580.000  0.000000e+00 
 2581.000  0.000000e+00 
 2582.000  0.000000e+00 
 2583.000  0.000000e+00 
 2584.000  0.000000e+00 
 2585.000  0.000000e+00 
 2586.000  0.000000e+00 
 2587.000  0.000000e+00 
 2588.000  0.000000e+00 
 2589.000  0.000000e+00 
 2590.000  0.000000e+00 
 2591.000  0.000000e+00 
 2592.000  0.000000e+00 
 2593.000  0.000000e+00 
 2594.000  0.000000e+00 
 2595.000  0.000000e+00 
 2596.000  0.000000e+00 
 2597.000  0.000000e+00 
 2598.000  0.000000e+00 
 2599.000  0.000000e+00 
 2600.000  0.000000e+00 
 2601.000  0.000000e+00 
 2602.000  0.000000e+00 
 2603.000  0.000000e+00 
 2604.000  0.000000e+00 
 2605.000  0.000000e+00 
 2606.000  0.000000e+00 
 2607.000  0.000000e+00 
 2608.000  0.000000e+00 
 2609.000  0.000000e+00 
 2610.000  0.000000e+00 
 2611.000  0.000000e+00 
 2612.000  0.000000e+00 
 2613.000  0.000000e+00 
 2614.000  0.000000e+00 
 2615.000  0.000000e+00 
 2616.000  0.000000e+00 
 2617.000  0.000000e+00 
 2618.000  0.000000e+00 
 2619.000  0.000000e+00 
 2620.000  0.000000e+00 
 2621.000  0.000000e+00 
 2622.000  0.000000e+00 
 2623.000  0.000000e+00 
 2624.000  0.000000e+00 
 2625.000  0.000000e+00 
 2626.000  0.000000e+00 
 2627.000  0.000000e+00 
 2628.000  0.000000e+00 
 2629.000  0.000000e+00 
 2630.000  0.000000e+00 
 2631.000  0.000000e+00 
 2632.000  0.000000e+00 
 2633.000  0.000000e+00 
 2634.000  0.000000e+00 
 2635.000  0.000000e+00 
 2636.000  0.000000e+00 
 2637.000  0.000000e+00 
 2638.000  0.000000e+00 
 2639.000  0.000000e+00 
 2640.000  0.000000e+00 
 2641.000  0.000000e+00 
 2642.000  0.000000e+00 
 2643.000  0.000000e+00 
 2644.000  0.000000e+00 
 2645.000  0.000000e+00 
 2646.000  0.000000e+00 
 2647.000  0.000000e+00 
 2648.000  0.000000e+00 
 2649.000  0.000000e+00 
 2650.000  0.000000e+00 
 2651.000  0.000000e+00 
 2652.000  0.000000e+00 
 2653.000  0.000000e+00 
 2654.000  0.000000e+00 
 2655.000  0.000000e+00 
 2656.000  0.000000e+00 
 2657.000  0.000000e+00 
 2658.000  0.000000e+00 
 2659.000  0.000000e+00 
 2660.000  0.000000e+00 
 2661.000  0.000000e+00 
 2662.000  0.000000e+00 
 2663.000  0.000000e+00 
 2664.000  0.000000e+00 
 2665.000  0.000000e+00 
 2666.000  0.000000e+00 
 2667.000  0.000000e+00 
 2668.000  0.000000e+00 
 2669.000  0.000000e+00 
 2670.000  0.000000e+00 
 2671.000  0.000000e+00 
 2672.000  0.000000e+00 
 2673.000  0.000000e+00 
 2674.000  0.000000e+00 
 2675.000  0.000000e+00 
 2676.000  0.000000e+00 
 2677.000  0.000000e+00 
 2678.000  0.000000e+00 
 2679.000  0.000000e+00 
 2680.000  0.000000e+00 
 2681.000  0.000000e+00 
 2682.000  0.000000e+00 
 2683.000  0.000000e+00 
 2684.000  0.000000e+00 
 2685.000  0.000000e+00 
 2686.000  0.000000e+00 
 2687.000  0.000000e+00 
 2688.000  0.000000e+00 
 2689.000  0.000000e+00 
 2690.000  0.000000e+00 
 2691.000  0.000000e+00 
 2692.000  0.000000e+00 
 2693.000  0.000000e+00 
 2694.000  0.000000e+00 
 2695.000  0.000000e+00 
 2696.000  0.000000e+00 
 2697.000  0.000000e+00 
 2698.000  0.000000e+00 
 2699.000  0.000000e+00 
 2700.000  0.000000e+00 
 2701.000  0.000000e+00 
 2702.000  0.000000e+00 
 2703.000  0.000000e+00 
 2704.000  0.000000e+00 
 2705.000  0.000000e+00 
 2706.000  0.000000e+00 
 2707.000  0.000000e+00 
 2708.000  0.000000e+00 
 2709.000  0.000000e+00 
 2710.000  0.000000e+00 
 2711.000  0.000000e+00 
 2712.000  0.000000e+00 
 2713.000  0.000000e+00 
 2714.000  0.000000e+00 
 2715.000  0.000000e+00 
 2716.000  0.000000e+00 
 2717.000  0.000000e+00 
 2718.000  0.000000e+00 
 2719.000  0.000000e+00 
 2720.000  0.000000e+00 
 2721.000  0.000000e+00 
 2722.000  0.000000e+00 
 2723.000  0.000000e+00 
 2724.000  0.000000e+00 
 2725.000  0.000000e+00 
 2726.000  0.000000e+00 
 2727.000  0.000000e+00 
 2728.000  0.000000e+00 
 2729.000  0.000000e+00 
 2730.000  0.000000e+00 
 2731.000  0.000000e+00 
 2732.000  0.000000e+00 
 2733.000  0.000000e+00 
 2734.000  0.000000e+00 
 2735.000  0.000000e+00 
 2736.000  0.000000e+00 
 2737.000  0.000000e+00 
 2738.000  0.000000e+00 
 2739.000  0.000000e+00 
 2740.000  0.000000e+00 
 2741.000  0.000000e+00 
 2742.000  0.000000e+00 
 2743.000  0.000000e+00 
 2744.000  0.000000e+00 
 2745.000  0.000000e+00 
 2746.000  0.000000e+00 
 2747.000  0.000000e+00 
 2748.000  0.000000e+00 
 2749.000  0.000000e+00 
 2750.000  0.000000e+00 
 2751.000  0.000000e+00 
 2752.000  0.000000e+00 
 2753.000  0.000000e+00 
 2754.000  0.000000e+00 
 2755.000  0.000000e+00 
 2756.000  0.000000e+00 
 2757.000  0.000000e+00 
 2758.000  0.000000e+00 
 2759.000  0.000000e+00 
 2760.000  0.000000e+00 
 2761.000  0.000000e+00 
 2762.000  0.000000e+00 
 2763.000  0.000000e+00 
 2764.000  0.000000e+00 
 2765.000  0.000000e+00 
 2766.000  0.000000e+00 
 2767.000  0.000000e+00 
 2768.000  0.000000e+00 
 2769.000  0.000000e+00 
 2770.000  0.000000e+00 
 2771.000  0.000000e+00 
 2772.000  0.000000e+00 
 2773.000  0.000000e+00 
 2774.000  0.000000e+00 
 2775.000  0.000000e+00 
 2776.000  0.000000e+00 
 2777.000  0.000000e+00 
 2778.000  0.000000e+00 
 2779.000  0.000000e+00 
 2780.000  0.000000e+00 
 2781.000  0.000000e+00 
 2782.000  0.000000e+00 
 2783.000  0.000000e+00 
 2784.000  0.000000e+00 
 2785.000  0.000000e+00 
 2786.000  0.000000e+00 
 2787.000  0.000000e+00 
 2788.000  0.000000e+00 
 2789.000  0.000000e+00 
 2790.000  0.000000e+00 
 2791.000  0.000000e+00 
 2792.000  0.000000e+00 
 2793.000  0.000000e+00 
 2794.000  1.862684e-09 
 2795.000  1.865447e-09 
 2796.000  1.866405e-09 
 2797.000  1.869291e-09 
 2798.000  6.490315e-09 
 2799.000  6.490958e-09 
 2800.000  6.508111e-09 
 2801.000  1.181299e-08 
 2802.000  1.371029e-06 
 2803.000  1.367609e-06 
 2804.000  1.360457e-06 
 2805.000  1.371401e-06 
 2806.000  3.576596e-06 
 2807.000  3.561649e-06 
 2808.000  3.575473e-06 
 2809.000  2.972573e-05 
 2810.000  2.976753e-05 
 2811.000  2.972594e-05 
 2812.000  2.974620e-05 
 2813.000  9.853857e-05 
 2814.000  9.850656e-05 
 2815.000  9.864126e-05 
 2816.000  9.812164e-05 
 2817.000  5.941747e-04 
 2818.000  5.940453e-04 
 2819.000  5.930267e-04 
 2820.000  5.921326e-04 
 2821.000  1.337448e-03 
 2822.000  1.334931e-03 
 2823.000  1.334121e-03 
 2824.000  1.329440e-03 
 2825.000  3.938468e-03 
 2826.000  3.943570e-03 
 2827.000  3.934522e-03 
 2828.000  3.925779e-03 
 2829.000  4.766828e-03 
 2830.000  4.768915e-03 
 2831.000  4.757058e-03 
 2832.000  4.768479e-03 
 2833.000  9.191867e-03 
 2834.000  9.201977e-03 
 2835.000  9.195902e-03 
 2836.000  9.181883e-03 
 2837.000  1.033827e-02 
 2838.000  1.031718e-02 
 2839.000  1.033428e-02 
 2840.000  1.027535e-02 
 2841.000  1.806531e-02 
 2842.000  1.839039e-02 
 2843.000  1.830893e-02 
 2844.000  1.831408e-02 
 2845.000  2.022726e-02 
 2846.000  2.021242e-02 
 2847.000  2.018262e-02 
 2848.000  2.018730e-02 
 2849.000  2.409666e-02 
 2850.000  3.901390e-02 
 2851.000  3.900406e-02 
 2852.000  3.899786e-02 
 2853.000  3.919106e-02 
 2854.000  5.794796e-02 
 2855.000  5.820458e-02 
 2856.000  5.817972e-02 
 2857.000  6.596145e-02 
 2858.000  1.142717e-01 
 2859.000  1.138557e-01 
 2860.000  1.130717e-01 
 2861.000  1.138446e-01 
 2862.000  1.809310e-01 
 2863.000  1.807077e-01 
 2864.000  1.806709e-01 
 2865.000  2.051046e-01 
 2866.000  2.897187e-01 
 2867.000  2.884982e-01 
 2868.000  2.859655e-01 
 2869.000  2.872785e-01 
 2870.000  3.739322e-01 
 2871.000  3.756233e-01 
 2872.000  3.714485e-01 
 2873.000  4.003975e-01 
 2874.000  5.352106e-01 
 2875.000  5.382251e-01 
 2876.000  5.407852e-01 
 2877.000  5.414847e-01 
 2878.000  6.874784e-01 
 2879.000  6.873366e-01 
 2880.000  6.858671e-01 
 2881.000  6.862850e-01 
 2882.000  9.853174e-01 
 2883.000  9.863033e-01 
 2884.000  9.853572e-01 
 2885.000  9.827067e-01 
 2886.000  9.798952e-01 
 2887.000  1.072326e+00 
 2888.000  1.071137e+00 
 2889.000  1.065402e+00 
 2890.000  1.133677e+00 
 2891.000  1.277302e+00 
 2892.000  1.276346e+00 
 2893.000  1.274267e+00 
 2894.000  1.269285e+00 
 2895.000  1.271507e+00 
 2896.000  1.269320e+00 
 2897.000  1.269706e+00 
 2898.000  1.319628e+00 
 2899.000  1.287400e+00 
 2900.000  1.290963e+00 
 2901.000  1.287223e+00 
 2902.000  1.288063e+00 
 2903.000  1.467109e+00 
 2904.000  1.464676e+00 
 2905.000  1.464942e+00 
 2906.000  1.443448e+00 
 2907.000  1.693114e+00 
 2908.000  1.691019e+00 
 2909.000  1.690271e+00 
 2910.000  1.687746e+00 
 2911.000  1.685709e+00 
 2912.000  1.880993e+00 
 2913.000  1.875361e+00 
 2914.000  1.872031e+00 
 2915.000  1.917295e+00 
 2916.000  2.339563e+00 
 2917.000  2.358388e+00 
 2918.000  2.354868e+00 
 2919.000  2.352427e+00 
 2920.000  1.067759e+01 
 2921.000  1.067092e+01 
 2922.000  1.064092e+01 
 2923.000  1.055149e+01 
 2924.000  3.454613e+00 
 2925.000  3.491666e+00 
 2926.000  3.435147e+00 
 2927.000  3.486384e+00 
 2928.000  3.485793e+00 
 2929.000  3.681447e+00 
 2930.000  3.740345e+00 
 2931.000  3.736516e+00 
 2932.000  3.855339e+00 
 2933.000  3.837800e+00 
 2934.000  3.843904e+00 
 2935.000  3.826522e+00 
 2936.000  3.829121e+00 
 2937.000  3.558206e+00 
 2938.000  3.559547e+00 
 2939.000  3.537990e+00 
 2940.000  3.548024e+00 
 2941.000  3.607129e+00 
 2942.000  3.357318e+00 
 2943.000  3.310491e+00 
 2944.000  3.334998e+00 
 2945.000  3.337155e+00 
 2946.000  3.399210e+00 
 2947.000  3.334020e+00 
 2948.000  3.387107e+00 
 2949.000  3.441572e+00 
 2950.000  3.626272e+00 
 2951.000  3.617571e+00 
 2952.000  3.594946e+00 
 2953.000  3.616759e+00 
 2954.000  3.607320e+00 
 2955.000  3.709021e+00 
 2956.000  3.717415e+00 
 2957.000  3.712387e+00 
 2958.000  3.754359e+00 
 2959.000  3.567775e+00 
 2960.000  3.550536e+00 
 2961.000  3.541353e+00 
 2962.000  3.553394e+00 
 2963.000  2.902862e+00 
 2964.000  2.897006e+00 
 2965.000  2.897632e+00 
 2966.000  2.891316e+00 
 2967.000  2.916342e+00 
 2968.000  2.454191e+00 
 2969.000  2.447045e+00 
 2970.000  2.443665e+00 
 2971.000  2.438757e+00 
 2972.000  2.632368e+00 
 2973.000  2.631238e+00 
 2974.000  2.629762e+00 
 2975.000  2.625444e+00 
 2976.000  2.644849e+00 
 2977.000  3.317444e+00 
 2978.000  3.306482e+00 
 2979.000  3.279028e+00 
 2980.000  3.303706e+00 
 2981.000  4.335778e+00 
 2982.000  4.320868e+00 
 2983.000  4.325839e+00 
 2984.000  4.319930e+00 
 2985.000  4.346375e+00 
 2986.000  5.268212e+00 
 2987.000  5.259908e+00 
 2988.000  5.217268e+00 
 2989.000  5.244741e+00 
 2990.000  5.301231e+00 
 2991.000  5.318652e+00 
 2992.000  5.313114e+00 
 2993.000  5.305244e+00 
 2994.000  5.297369e+00 
 2995.000  5.245814e+00 
 2996.000  5.236944e+00 
 2997.000  5.140832e+00 
 2998.000  5.209978e+00 
 2999.000  4.977576e+00 
 3000.000  4.896467e+00 
 3001.000  4.972987e+00 
 3002.000  4.971363e+00 
 3003.000  4.981122e+00 
 3004.000  4.393791e+00 
 3005.000  4.395310e+00 
 3006.000  4.387038e+00 
 3007.000  4.386565e+00 
 3008.000  4.301873e+00 
 3009.000  4.309802e+00 
 3010.000  4.302317e+00 
 3011.000  4.311057e+00 
 3012.000  4.305187e+00 
 3013.000  4.074122e+00 
 3014.000  4.064327e+00 
 3015.000  4.044979e+00 
 3016.000  4.058350e+00 
 3017.000  3.738709e+00 
 3018.000  3.751302e+00 
 3019.000  3.749867e+00 
 3020.000  3.706266e+00 
 3021.000  3.713310e+00 
 3022.000  3.713050e+00 
 3023.000  3.703044e+00 
 3024.000  3.695038e+00 
 3025.000  3.687321e+00 
 3026.000  3.430719e+00 
 3027.000  3.418750e+00 
 3028.000  3.402240e+00 
 3029.000  3.415665e+00 
 3030.000  3.386120e+00 
 3031.000  3.010864e+00 
 3032.000  3.005745e+00 
 3033.000  2.948448e+00 
 3034.000  2.989608e+00 
 3035.000  2.628110e+00 
 3036.000  2.616576e+00 
 3037.000  2.599523e+00 
 3038.000  2.572332e+00 
 3039.000  2.515663e+00 
 3040.000  2.249632e+00 
 3041.000  2.309248e+00 
 3042.000  2.321788e+00 
 3043.000  2.329621e+00 
 3044.000  2.331551e+00 
 3045.000  2.121730e+00 
 3046.000  2.125080e+00 
 3047.000  2.129505e+00 
 3048.000  2.116422e+00 
 3049.000  2.109072e+00 
 3050.000  2.110173e+00 
 3051.000  2.107729e+00 
 3052.000  2.105165e+00 
 3053.000  2.101464e+00 
 3054.000  2.338395e+00 
 3055.000  2.313039e+00 
 3056.000  2.336815e+00 
 3057.000  2.330827e+00 
 3058.000  2.303139e+00 
 3059.000  2.565965e+00 
 3060.000  2.573861e+00 
 3061.000  2.573682e+00 
 3062.000  2.570215e+00 
 3063.000  2.778438e+00 
 3064.000  2.739769e+00 
 3065.000  2.746275e+00 
 3066.000  2.769174e+00 
 3067.000  2.746452e+00 
 3068.000  2.834123e+00 
 3069.000  2.875917e+00 
 3070.000  2.874664e+00 
 3071.000  2.866681e+00 
 3072.000  2.868611e+00 
 3073.000  2.889678e+00 
 3074.000  2.879175e+00 
 3075.000  2.885901e+00 
 3076.000  2.866498e+00 
 3077.000  2.500638e+00 
 3078.000  2.501221e+00 
 3079.000  2.495336e+00 
 3080.000  2.489727e+00 
 3081.000  2.477210e+00 
 3082.000  2.326635e+00 
 3083.000  2.322403e+00 
 3084.000  2.332441e+00 
 3085.000  2.329361e+00 
 3086.000  2.312222e+00 
 3087.000  2.114276e+00 
 3088.000  2.125399e+00 
 3089.000  2.124126e+00 
 3090.000  2.123581e+00 
 3091.000  2.100969e+00 
 3092.000  1.855592e+00 
 3093.000  1.854761e+00 
 3094.000  1.851412e+00 
 3095.000  1.847483e+00 
 3096.000  1.883163e+00 
 3097.000  1.876198e+00 
 3098.000  1.839648e+00 
 3099.000  1.869146e+00 
 3100.000  1.875689e+00 
 3101.000  1.943857e+00 
 3102.000  1.941400e+00 
 3103.000  1.941191e+00 
 3104.000  1.938358e+00 
 3105.000  1.936685e+00 
 3106.000  2.191525e+00 
 3107.000  2.182066e+00 
 3108.000  2.190897e+00 
 3109.000  2.186860e+00 
 3110.000  2.184470e+00 
 3111.000  2.644269e+00 
 3112.000  2.638406e+00 
 3113.000  2.622221e+00 
 3114.000  2.624170e+00 
 3115.000  2.546568e+00 
 3116.000  3.275563e+00 
 3117.000  3.410978e+00 
 3118.000  3.424930e+00 
 3119.000  3.410895e+00 
 3120.000  3.414536e+00 
 3121.000  3.777759e+00 
 3122.000  3.787454e+00 
 3123.000  3.793938e+00 
 3124.000  3.790484e+00 
 3125.000  3.794753e+00 
 3126.000  4.146073e+00 
 3127.000  4.124909e+00 
 3128.000  4.140915e+00 
 3129.000  4.102235e+00 
 3130.000  4.315322e+00 
 3131.000  4.289557e+00 
 3132.000  4.309351e+00 
 3133.000  4.299295e+00 
 3134.000  4.343859e+00 
 3135.000  4.082941e+00 
 3136.000  4.078088e+00 
 3137.000  4.075984e+00 
 3138.000  4.074051e+00 
 3139.000  4.059833e+00 
 3140.000  4.110189e+00 
 3141.000  4.119921e+00 
 3142.000  4.102574e+00 
 3143.000  4.109887e+00 
 3144.000  4.160971e+00 
 3145.000  4.677118e+00 
 3146.000  4.671607e+00 
 3147.000  4.633294e+00 
 3148.000  4.654696e+00 
 3149.000  4.655337e+00 
 3150.000  5.421817e+00 
 3151.000  5.404841e+00 
 3152.000  5.118227e+00 
 3153.000  5.400779e+00 
 3154.000  5.429799e+00 
 3155.000  6.440284e+00 
 3156.000  6.434437e+00 
 3157.000  6.416587e+00 
 3158.000  6.417742e+00 
 3159.000  6.408700e+00 
 3160.000  7.200727e+00 
 3161.000  7.184215e+00 
 3162.000  7.195490e+00 
 3163.000  7.175554e+00 
 3164.000  7.126693e+00 
 3165.000  7.228213e+00 
 3166.000  7.242474e+00 
 3167.000  7.215406e+00 
 3168.000  7.170427e+00 
 3169.000  7.202621e+00 
 3170.000  6.817164e+00 
 3171.000  6.975489e+00 
 3172.000  6.971952e+00 
 3173.000  6.970296e+00 
 3174.000  6.896685e+00 
 3175.000  6.292226e+00 
 3176.000  6.282374e+00 
 3177.000  6.277771e+00 
 3178.000  6.248388e+00 
 3179.000  6.243107e+00 
 3180.000  5.239587e+00 
 3181.000  5.152507e+00 
 3182.000  5.220831e+00 
 3183.000  5.214092e+00 
 3184.000  5.149937e+00 
 3185.000  3.812939e+00 
 3186.000  3.807298e+00 
 3187.000  3.797241e+00 
 3188.000  3.790284e+00 
 3189.000  3.794378e+00 
 3190.000  2.448169e+00 
 3191.000  2.445217e+00 
 3192.000  2.442319e+00 
 3193.000  2.438040e+00 
 3194.000  2.409858e+00 
 3195.000  1.380794e+00 
 3196.000  1.373194e+00 
 3197.000  1.377385e+00 
 3198.000  1.374856e+00 
 3199.000  1.374837e+00 
 3200.000  9.356453e-01 
 3201.000  9.121799e-01 
 3202.000  9.329111e-01 
 3203.000  9.336805e-01 
 3204.000  9.291384e-01 
 3205.000  9.201565e-01 
 3206.000  7.558480e-01 
 3207.000  7.548596e-01 
 3208.000  7.540318e-01 
 3209.000  7.531998e-01 
 3210.000  7.514464e-01 
 3211.000  7.696616e-01 
 3212.000  7.684363e-01 
 3213.000  7.680560e-01 
 3214.000  7.670006e-01 
 3215.000  7.457467e-01 
 3216.000  9.781858e-01 
 3217.000  9.772972e-01 
 3218.000  9.775398e-01 
 3219.000  9.752911e-01 
 3220.000  9.747914e-01 
 3221.000  1.260120e+00 
 3222.000  1.260273e+00 
 3223.000  1.255170e+00 
 3224.000  1.248451e+00 
 3225.000  1.252148e+00 
 3226.000  1.607519e+00 
 3227.000  1.610981e+00 
 3228.000  1.607266e+00 
 3229.000  1.602978e+00 
 3230.000  1.602412e+00 
 3231.000  1.602258e+00 
 3232.000  2.144717e+00 
 3233.000  2.141602e+00 
 3234.000  2.110446e+00 
 3235.000  2.140214e+00 
 3236.000  2.141386e+00 
 3237.000  2.471692e+00 
 3238.000  2.468762e+00 
 3239.000  2.461851e+00 
 3240.000  2.460522e+00 
 3241.000  2.454548e+00 
 3242.000  2.496601e+00 
 3243.000  2.463509e+00 
 3244.000  2.495024e+00 
 3245.000  2.488870e+00 
 3246.000  2.523259e+00 
 3247.000  2.666704e+00 
 3248.000  2.662548e+00 
 3249.000  2.657224e+00 
 3250.000  2.656524e+00 
 3251.000  2.654234e+00 
 3252.000  2.649746e+00 
 3253.000  2.458972e+00 
 3254.000  2.440769e+00 
 3255.000  2.442873e+00 
 3256.000  2.449900e+00 
 3257.000  2.472515e+00 
 3258.000  2.253321e+00 
 3259.000  2.256003e+00 
 3260.000  2.232413e+00 
 3261.000  2.250957e+00 
 3262.000  2.240183e+00 
 3263.000  2.464978e+00 
 3264.000  2.468766e+00 
 3265.000  2.468621e+00 
 3266.000  2.447306e+00 
 3267.000  2.479678e+00 
 3268.000  2.898544e+00 
 3269.000  2.884288e+00 
 3270.000  2.890387e+00 
 3271.000  2.882582e+00 
 3272.000  2.883909e+00 
 3273.000  2.875302e+00 
 3274.000  3.350517e+00 
 3275.000  3.345317e+00 
 3276.000  3.294055e+00 
 3277.000  3.335002e+00 
 3278.000  3.348896e+00 
 3279.000  3.801266e+00 
 3280.000  3.789160e+00 
 3281.000  3.739748e+00 
 3282.000  3.778005e+00 
 3283.000  3.772791e+00 
 3284.000  3.780886e+00 
 3285.000  3.699448e+00 
 3286.000  3.737342e+00 
 3287.000  3.734494e+00 
 3288.000  3.728760e+00 
 3289.000  3.742682e+00 
 3290.000  3.287055e+00 
 3291.000  3.247388e+00 
 3292.000  3.276107e+00 
 3293.000  3.266528e+00 
 3294.000  3.256511e+00 
 3295.000  2.764422e+00 
 3296.000  2.720931e+00 
 3297.000  2.654402e+00 
 3298.000  2.693261e+00 
 3299.000  2.756672e+00 
 3300.000  2.797851e+00 
 3301.000  2.389832e+00 
 3302.000  2.408324e+00 
 3303.000  2.406811e+00 
 3304.000  2.406440e+00 
 3305.000  2.404006e+00 
 3306.000  2.020276e+00 
 3307.000  2.025659e+00 
 3308.000  2.021875e+00 
 3309.000  2.021516e+00 
 3310.000  2.018130e+00 
 3311.000  2.011591e+00 
 3312.000  1.890691e+00 
 3313.000  1.882466e+00 
 3314.000  1.890270e+00 
 3315.000  1.886527e+00 
 3316.000  1.870852e+00 
 3317.000  2.226223e+00 
 3318.000  2.203043e+00 
 3319.000  2.211872e+00 
 3320.000  2.008294e+00 
 3321.000  2.205654e+00 
 3322.000  2.226988e+00 
 3323.000  2.865589e+00 
 3324.000  2.871060e+00 
 3325.000  2.847076e+00 
 3326.000  2.851268e+00 
 3327.000  2.856251e+00 
 3328.000  3.526539e+00 
 3329.000  3.526232e+00 
 3330.000  3.523812e+00 
 3331.000  3.498425e+00 
 3332.000  3.494061e+00 
 3333.000  3.542238e+00 
 3334.000  3.900321e+00 
 3335.000  3.888623e+00 
 3336.000  3.888864e+00 
 3337.000  3.871808e+00 
 3338.000  3.872859e+00 
 3339.000  3.952325e+00 
 3340.000  3.915277e+00 
 3341.000  3.888752e+00 
 3342.000  3.940851e+00 
 3343.000  3.932595e+00 
 3344.000  3.965542e+00 
 3345.000  4.018764e+00 
 3346.000  4.006987e+00 
 3347.000  4.012149e+00 
 3348.000  4.009997e+00 
 3349.000  4.003664e+00 
 3350.000  3.944606e+00 
 3351.000  3.953526e+00 
 3352.000  3.957200e+00 
 3353.000  3.893153e+00 
 3354.000  3.945889e+00 
 3355.000  3.969741e+00 
 3356.000  4.216367e+00 
 3357.000  4.206104e+00 
 3358.000  4.187668e+00 
 3359.000  4.203485e+00 
 3360.000  4.197525e+00 
 3361.000  4.188196e+00 
 3362.000  4.458611e+00 
 3363.000  4.458193e+00 
 3364.000  4.457400e+00 
 3365.000  4.432732e+00 
 3366.000  4.414381e+00 
 3367.000  4.445852e+00 
 3368.000  4.814601e+00 
 3369.000  4.780683e+00 
 3370.000  4.692944e+00 
 3371.000  4.792864e+00 
 3372.000  4.800900e+00 
 3373.000  5.150291e+00 
 3374.000  5.116610e+00 
 3375.000  5.157427e+00 
 3376.000  5.154624e+00 
 3377.000  5.134040e+00 
 3378.000  5.137915e+00 
 3379.000  5.484522e+00 
 3380.000  5.493058e+00 
 3381.000  5.471151e+00 
 3382.000  5.427390e+00 
 3383.000  5.432997e+00 
 3384.000  5.441663e+00 
 3385.000  5.685895e+00 
 3386.000  5.689749e+00 
 3387.000  5.682185e+00 
 3388.000  5.672928e+00 
 3389.000  5.680882e+00 
 3390.000  5.803163e+00 
 3391.000  5.796537e+00 
 3392.000  5.784552e+00 
 3393.000  5.776819e+00 
 3394.000  5.772015e+00 
 3395.000  5.760504e+00 
 3396.000  5.784350e+00 
 3397.000  5.596422e+00 
 3398.000  5.753661e+00 
 3399.000  5.662649e+00 
 3400.000  5.805479e+00 
 3401.000  5.520422e+00 
 3402.000  5.849077e+00 
 3403.000  5.848044e+00 
 3404.000  5.856156e+00 
 3405.000  5.845640e+00 
 3406.000  5.841178e+00 
 3407.000  5.801634e+00 
 3408.000  6.014117e+00 
 3409.000  5.916048e+00 
 3410.000  5.964645e+00 
 3411.000  5.993259e+00 
 3412.000  6.001747e+00 
 3413.000  6.224218e+00 
 3414.000  6.232604e+00 
 3415.000  6.137362e+00 
 3416.000  6.064795e+00 
 3417.000  6.207873e+00 
 3418.000  6.224563e+00 
 3419.000  6.378643e+00 
 3420.000  6.376948e+00 
 3421.000  6.364676e+00 
 3422.000  6.337914e+00 
 3423.000  6.353240e+00 
 3424.000  6.352620e+00 
 3425.000  6.503770e+00 
 3426.000  6.495932e+00 
 3427.000  6.327344e+00 
 3428.000  6.401286e+00 
 3429.000  6.454904e+00 
 3430.000  6.464570e+00 
 3431.000  6.440795e+00 
 3432.000  6.472202e+00 
 3433.000  6.451643e+00 
 3434.000  6.455360e+00 
 3435.000  6.431911e+00 
 3436.000  6.443858e+00 
 3437.000  6.432992e+00 
 3438.000  6.441612e+00 
 3439.000  6.435207e+00 
 3440.000  6.425835e+00 
 3441.000  6.421519e+00 
 3442.000  6.364484e+00 
 3443.000  6.468719e+00 
 3444.000  6.459916e+00 
 3445.000  6.441244e+00 
 3446.000  6.427912e+00 
 3447.000  6.437074e+00 
 3448.000  6.422409e+00 
 3449.000  6.479552e+00 
 3450.000  6.470261e+00 
 3451.000  6.472873e+00 
 3452.000  6.462528e+00 
 3453.000  6.455807e+00 
 3454.000  6.437073e+00 
 3455.000  6.520098e+00 
 3456.000  6.492243e+00 
 3457.000  6.502039e+00 
 3458.000  6.489621e+00 
 3459.000  6.495358e+00 
 3460.000  6.479553e+00 
 3461.000  6.534503e+00 
 3462.000  6.530886e+00 
 3463.000  6.525617e+00 
 3464.000  6.506564e+00 
 3465.000  6.506871e+00 
 3466.000  6.468728e+00 
 3467.000  6.466619e+00 
 3468.000  6.472804e+00 
 3469.000  6.466765e+00 
 3470.000  6.465251e+00 
 3471.000  6.408763e+00 
 3472.000  6.434952e+00 
 3473.000  6.394837e+00 
 3474.000  6.429341e+00 
 3475.000  6.418912e+00 
 3476.000  6.426998e+00 
 3477.000  6.357410e+00 
 3478.000  6.416425e+00 
 3479.000  6.431226e+00 
 3480.000  6.423068e+00 
 3481.000  6.402215e+00 
 3482.000  6.411255e+00 
 3483.000  6.401556e+00 
 3484.000  6.384823e+00 
 3485.000  6.423691e+00 
 3486.000  6.394535e+00 
 3487.000  6.410626e+00 
 3488.000  6.415173e+00 
 3489.000  6.407538e+00 
 3490.000  6.372396e+00 
 3491.000  6.475191e+00 
 3492.000  6.441900e+00 
 3493.000  6.459975e+00 
 3494.000  6.400229e+00 
 3495.000  6.445339e+00 
 3496.000  6.452444e+00 
 3497.000  6.497014e+00 
 3498.000  6.485508e+00 
 3499.000  6.481208e+00 
 3500.000  6.475413e+00 
 3501.000  6.408792e+00 
 3502.000  6.459585e+00 
 3503.000  6.469132e+00 
 3504.000  6.463590e+00 
 3505.000  6.456184e+00 
 3506.000  6.450900e+00 
 3507.000  6.442513e+00 
 3508.000  6.422806e+00 
 3509.000  6.377029e+00 
 3510.000  6.371379e+00 
 3511.000  6.365627e+00 
 3512.000  6.340576e+00 
 3513.000  6.347547e+00 
 3514.000  6.340180e+00 
 3515.000  6.223510e+00 
 3516.000  6.196593e+00 
 3517.000  6.204980e+00 
 3518.000  6.189712e+00 
 3519.000  6.191064e+00 
 3520.000  6.178985e+00 
 3521.000  6.183364e+00 
 3522.000  6.018691e+00 
 3523.000  6.006007e+00 
 3524.000  5.947476e+00 
 3525.000  6.011028e+00 
 3526.000  6.005832e+00 
 3527.000  5.988552e+00 
 3528.000  5.799518e+00 
 3529.000  5.792394e+00 
 3530.000  5.795207e+00 
 3531.000  5.758371e+00 
 3532.000  5.784783e+00 
 3533.000  5.778928e+00 
 3534.000  5.596936e+00 
 3535.000  5.576001e+00 
 3536.000  5.620587e+00 
 3537.000  5.613578e+00 
 3538.000  5.499317e+00 
 3539.000  5.565152e+00 
 3540.000  5.557993e+00 
 3541.000  5.565982e+00 
 3542.000  5.553744e+00 
 3543.000  5.549514e+00 
 3544.000  5.547209e+00 
 3545.000  5.532755e+00 
 3546.000  5.529694e+00 
 3547.000  5.518142e+00 
 3548.000  5.505100e+00 
 3549.000  5.505702e+00 
 3550.000  5.500921e+00 
 3551.000  5.492881e+00 
 3552.000  5.487631e+00 
 3553.000  5.520106e+00 
 3554.000  5.522276e+00 
 3555.000  5.481551e+00 
 3556.000  5.375613e+00 
 3557.000  5.505102e+00 
 3558.000  5.494922e+00 
 3559.000  5.514178e+00 
 3560.000  5.389027e+00 
 3561.000  5.490345e+00 
 3562.000  5.500340e+00 
 3563.000  5.492063e+00 
 3564.000  5.468062e+00 
 3565.000  5.482390e+00 
 3566.000  5.395676e+00 
 3567.000  5.392172e+00 
 3568.000  5.388342e+00 
 3569.000  5.375119e+00 
 3570.000  5.364179e+00 
 3571.000  5.242712e+00 
 3572.000  5.353274e+00 
 3573.000  5.353359e+00 
 3574.000  5.342626e+00 
 3575.000  5.339026e+00 
 3576.000  5.337379e+00 
 3577.000  5.322169e+00 
 3578.000  5.345810e+00 
 3579.000  5.340205e+00 
 3580.000  5.261410e+00 
 3581.000  5.316029e+00 
 3582.000  5.315153e+00 
 3583.000  5.320733e+00 
 3584.000  5.251288e+00 
 3585.000  5.345609e+00 
 3586.000  5.344894e+00 
 3587.000  5.338500e+00 
 3588.000  5.344543e+00 
 3589.000  5.335268e+00 
 3590.000  5.334589e+00 
 3591.000  5.466178e+00 
 3592.000  5.464696e+00 
 3593.000  5.443686e+00 
 3594.000  5.445576e+00 
 3595.000  5.451053e+00 
 3596.000  5.382889e+00 
 3597.000  5.386019e+00 
 3598.000  5.572465e+00 
 3599.000  5.541516e+00 
 3600.000  5.551089e+00 
 3601.000  5.532583e+00 
 3602.000  5.550379e+00 
 3603.000  5.537084e+00 
 3604.000  5.621162e+00 
 3605.000  5.608006e+00 
 3606.000  5.613348e+00 
 3607.000  5.596688e+00 
 3608.000  5.599110e+00 
 3609.000  5.588200e+00 
 3610.000  5.576709e+00 
 3611.000  5.701941e+00 
 3612.000  5.690524e+00 
 3613.000  5.685305e+00 
 3614.000  5.683326e+00 
 3615.000  5.677104e+00 
 3616.000  5.668655e+00 
 3617.000  5.775828e+00 
 3618.000  5.769529e+00 
 3619.000  5.762486e+00 
 3620.000  5.755976e+00 
 3621.000  5.748005e+00 
 3622.000  5.746905e+00 
 3623.000  5.738256e+00 
 3624.000  5.775819e+00 
 3625.000  5.771018e+00 
 3626.000  5.774806e+00 
 3627.000  5.769766e+00 
 3628.000  5.762611e+00 
 3629.000  5.742287e+00 
 3630.000  5.816051e+00 
 3631.000  5.843174e+00 
 3632.000  5.843811e+00 
 3633.000  5.834780e+00 
 3634.000  5.828437e+00 
 3635.000  5.825967e+00 
 3636.000  5.807991e+00 
 3637.000  5.852213e+00 
 3638.000  5.869865e+00 
 3639.000  5.866378e+00 
 3640.000  5.838383e+00 
 3641.000  5.855415e+00 
 3642.000  5.843467e+00 
 3643.000  5.803620e+00 
 3644.000  5.711752e+00 
 3645.000  5.740871e+00 
 3646.000  5.785017e+00 
 3647.000  5.768869e+00 
 3648.000  5.768031e+00 
 3649.000  5.746133e+00 
 3650.000  5.656473e+00 
 3651.000  5.644546e+00 
 3652.000  5.629739e+00 
 3653.000  5.510464e+00 
 3654.000  5.515911e+00 
 3655.000  5.603971e+00 
 3656.000  5.608886e+00 
 3657.000  5.384772e+00 
 3658.000  5.369188e+00 
 3659.000  5.292014e+00 
 3660.000  5.304752e+00 
 3661.000  5.369538e+00 
 3662.000  5.350035e+00 
 3663.000  5.345704e+00 
 3664.000  5.061445e+00 
 3665.000  5.057811e+00 
 3666.000  5.051497e+00 
 3667.000  5.046909e+00 
 3668.000  4.969050e+00 
 3669.000  5.032740e+00 
 3670.000  4.911873e+00 
 3671.000  4.814880e+00 
 3672.000  4.894166e+00 
 3673.000  4.890103e+00 
 3674.000  4.891059e+00 
 3675.000  4.884569e+00 
 3676.000  4.879667e+00 
 3677.000  4.903775e+00 
 3678.000  4.991978e+00 
 3679.000  4.824357e+00 
 3680.000  4.995493e+00 
 3681.000  4.992766e+00 
 3682.000  4.923032e+00 
 3683.000  4.783878e+00 
 3684.000  5.127891e+00 
 3685.000  5.189273e+00 
 3686.000  5.200745e+00 
 3687.000  5.177389e+00 
 3688.000  5.189499e+00 
 3689.000  5.165245e+00 
 3690.000  5.140396e+00 
 3691.000  5.393492e+00 
 3692.000  5.384954e+00 
 3693.000  5.400995e+00 
 3694.000  5.385018e+00 
 3695.000  5.357368e+00 
 3696.000  5.350774e+00 
 3697.000  5.454980e+00 
 3698.000  5.456876e+00 
 3699.000  5.285401e+00 
 3700.000  5.311526e+00 
 3701.000  5.358160e+00 
 3702.000  5.404155e+00 
 3703.000  5.509800e+00 
 3704.000  5.519756e+00 
 3705.000  5.404788e+00 
 3706.000  5.472281e+00 
 3707.000  5.434655e+00 
 3708.000  5.472799e+00 
 3709.000  5.359019e+00 
 3710.000  5.479395e+00 
 3711.000  5.412394e+00 
 3712.000  5.366686e+00 
 3713.000  5.436316e+00 
 3714.000  5.406867e+00 
 3715.000  5.368536e+00 
 3716.000  5.413779e+00 
 3717.000  5.425508e+00 
 3718.000  5.408781e+00 
 3719.000  5.388683e+00 
 3720.000  5.410237e+00 
 3721.000  5.356879e+00 
 3722.000  5.363106e+00 
 3723.000  5.390967e+00 
 3724.000  5.385864e+00 
 3725.000  5.303130e+00 
 3726.000  5.324477e+00 
 3727.000  5.304200e+00 
 3728.000  5.307422e+00 
 3729.000  5.280681e+00 
 3730.000  5.297347e+00 
 3731.000  5.284162e+00 
 3732.000  5.246923e+00 
 3733.000  5.253469e+00 
 3734.000  5.246021e+00 
 3735.000  5.183269e+00 
 3736.000  5.147786e+00 
 3737.000  5.186370e+00 
 3738.000  5.124161e+00 
 3739.000  4.999729e+00 
 3740.000  4.923225e+00 
 3741.000  4.879012e+00 
 3742.000  5.064032e+00 
 3743.000  5.124496e+00 
 3744.000  5.113531e+00 
 3745.000  4.955885e+00 
 3746.000  4.866932e+00 
 3747.000  4.968900e+00 
 3748.000  5.095699e+00 
 3749.000  5.079287e+00 
 3750.000  5.055285e+00 
 3751.000  5.047471e+00 
 3752.000  5.086605e+00 
 3753.000  4.919173e+00 
 3754.000  4.985643e+00 
 3755.000  5.013928e+00 
 3756.000  5.039484e+00 
 3757.000  5.025572e+00 
 3758.000  4.991038e+00 
 3759.000  5.002587e+00 
 3760.000  5.014501e+00 
 3761.000  5.037388e+00 
 3762.000  4.996511e+00 
 3763.000  4.923326e+00 
 3764.000  5.009202e+00 
 3765.000  4.990732e+00 
 3766.000  5.003868e+00 
 3767.000  5.002833e+00 
 3768.000  4.978522e+00 
 3769.000  4.967289e+00 
 3770.000  4.975216e+00 
 3771.000  4.943780e+00 
 3772.000  4.972485e+00 
 3773.000  4.902797e+00 
 3774.000  4.979627e+00 
 3775.000  4.996143e+00 
 3776.000  4.903438e+00 
 3777.000  4.892881e+00 
 3778.000  4.976685e+00 
 3779.000  4.958283e+00 
 3780.000  4.941466e+00 
 3781.000  4.970357e+00 
 3782.000  4.933304e+00 
 3783.000  4.984779e+00 
 3784.000  4.971259e+00 
 3785.000  4.970936e+00 
 3786.000  4.956952e+00 
 3787.000  4.841599e+00 
 3788.000  4.970326e+00 
 3789.000  4.967280e+00 
 3790.000  4.971697e+00 
 3791.000  4.881592e+00 
 3792.000  4.939270e+00 
 3793.000  4.886789e+00 
 3794.000  4.950008e+00 
 3795.000  4.924915e+00 
 3796.000  4.996634e+00 
 3797.000  4.999842e+00 
 3798.000  4.978094e+00 
 3799.000  4.945323e+00 
 3800.000  4.890347e+00 
 3801.000  4.985826e+00 
 3802.000  4.967717e+00 
 3803.000  5.003388e+00 
 3804.000  4.984476e+00 
 3805.000  4.987279e+00 
 3806.000  4.975127e+00 
 3807.000  4.910948e+00 
 3808.000  4.942032e+00 
 3809.000  4.957496e+00 
 3810.000  4.969947e+00 
 3811.000  4.991626e+00 
 3812.000  5.003713e+00 
 3813.000  4.969646e+00 
 3814.000  4.987557e+00 
 3815.000  4.986332e+00 
 3816.000  4.939786e+00 
 3817.000  4.977733e+00 
 3818.000  4.942763e+00 
 3819.000  5.015985e+00 
 3820.000  5.018652e+00 
 3821.000  5.016312e+00 
 3822.000  5.009751e+00 
 3823.000  4.984563e+00 
 3824.000  4.990385e+00 
 3825.000  4.977715e+00 
 3826.000  4.978572e+00 
 3827.000  4.975495e+00 
 3828.000  4.958481e+00 
 3829.000  4.959481e+00 
 3830.000  4.960525e+00 
 3831.000  4.950661e+00 
 3832.000  4.916597e+00 
 3833.000  4.886210e+00 
 3834.000  4.903437e+00 
 3835.000  4.865941e+00 
 3836.000  4.828134e+00 
 3837.000  4.867142e+00 
 3838.000  4.884884e+00 
 3839.000  4.845424e+00 
 3840.000  4.841352e+00 
 3841.000  4.836320e+00 
 3842.000  4.827357e+00 
 3843.000  4.822268e+00 
 3844.000  4.816621e+00 
 3845.000  4.814592e+00 
 3846.000  4.817614e+00 
 3847.000  4.727822e+00 
 3848.000  4.725907e+00 
 3849.000  4.720946e+00 
 3850.000  4.695914e+00 
 3851.000  4.703374e+00 
 3852.000  4.703739e+00 
 3853.000  4.685393e+00 
 3854.000  4.609105e+00 
 3855.000  4.605279e+00 
 3856.000  4.600400e+00 
 3857.000  4.591702e+00 
 3858.000  4.581631e+00 
 3859.000  4.558909e+00 
 3860.000  4.547526e+00 
 3861.000  4.571583e+00 
 3862.000  4.491074e+00 
 3863.000  4.383628e+00 
 3864.000  4.449556e+00 
 3865.000  4.465050e+00 
 3866.000  4.473144e+00 
 3867.000  4.420912e+00 
 3868.000  4.446313e+00 
 3869.000  4.357200e+00 
 3870.000  4.381866e+00 
 3871.000  4.358385e+00 
 3872.000  4.301037e+00 
 3873.000  4.369781e+00 
 3874.000  4.363372e+00 
 3875.000  4.353474e+00 
 3876.000  4.355628e+00 
 3877.000  4.351412e+00 
 3878.000  4.346291e+00 
 3879.000  4.339478e+00 
 3880.000  4.336737e+00 
 3881.000  4.329041e+00 
 3882.000  4.314047e+00 
 3883.000  4.309589e+00 
 3884.000  4.349870e+00 
 3885.000  4.231421e+00 
 3886.000  4.291914e+00 
 3887.000  4.339599e+00 
 3888.000  4.339514e+00 
 3889.000  4.338585e+00 
 3890.000  4.324472e+00 
 3891.000  4.319470e+00 
 3892.000  4.374843e+00 
 3893.000  4.373590e+00 
 3894.000  4.355865e+00 
 3895.000  4.366563e+00 
 3896.000  4.346783e+00 
 3897.000  4.301346e+00 
 3898.000  4.281644e+00 
 3899.000  4.378554e+00 
 3900.000  4.347615e+00 
 3901.000  4.368277e+00 
 3902.000  4.367146e+00 
 3903.000  4.355544e+00 
 3904.000  4.359908e+00 
 3905.000  4.354722e+00 
 3906.000  4.338527e+00 
 3907.000  4.359661e+00 
 3908.000  4.348783e+00 
 3909.000  4.351121e+00 
 3910.000  4.348055e+00 
 3911.000  4.345387e+00 
 3912.000  4.342745e+00 
 3913.000  4.336428e+00 
 3914.000  4.348112e+00 
 3915.000  4.355647e+00 
 3916.000  4.344184e+00 
 3917.000  4.342986e+00 
 3918.000  4.332736e+00 
 3919.000  4.324759e+00 
 3920.000  4.337874e+00 
 3921.000  4.316988e+00 
 3922.000  4.363084e+00 
 3923.000  4.362280e+00 
 3924.000  4.357943e+00 
 3925.000  4.357999e+00 
 3926.000  4.343056e+00 
 3927.000  4.344411e+00 
 3928.000  4.351066e+00 
 3929.000  4.346636e+00 
 3930.000  4.403218e+00 
 3931.000  4.400352e+00 
 3932.000  4.377914e+00 
 3933.000  4.388895e+00 
 3934.000  4.334433e+00 
 3935.000  4.363474e+00 
 3936.000  4.383129e+00 
 3937.000  4.380727e+00 
 3938.000  4.420741e+00 
 3939.000  4.439926e+00 
 3940.000  4.436176e+00 
 3941.000  4.430199e+00 
 3942.000  4.429461e+00 
 3943.000  4.427173e+00 
 3944.000  4.389730e+00 
 3945.000  4.527339e+00 
 3946.000  4.513677e+00 
 3947.000  4.514152e+00 
 3948.000  4.490983e+00 
 3949.000  4.504197e+00 
 3950.000  4.455762e+00 
 3951.000  4.487268e+00 
 3952.000  4.341394e+00 
 3953.000  4.487999e+00 
 3954.000  4.483298e+00 
 3955.000  4.475867e+00 
 3956.000  4.434988e+00 
 3957.000  4.443497e+00 
 3958.000  4.405735e+00 
 3959.000  4.415895e+00 
 3960.000  4.463243e+00 
 3961.000  4.475597e+00 
 3962.000  4.435448e+00 
 3963.000  4.469145e+00 
 3964.000  4.447659e+00 
 3965.000  4.444290e+00 
 3966.000  4.448607e+00 
 3967.000  4.444180e+00 
 3968.000  4.452626e+00 
 3969.000  4.428667e+00 
 3970.000  4.415226e+00 
 3971.000  4.397022e+00 
 3972.000  4.419649e+00 
 3973.000  4.379048e+00 
 3974.000  4.395041e+00 
 3975.000  4.408329e+00 
 3976.000  4.405386e+00 
 3977.000  4.332880e+00 
 3978.000  4.351135e+00 
 3979.000  4.336332e+00 
 3980.000  4.341021e+00 
 3981.000  4.350249e+00 
 3982.000  4.340837e+00 
 3983.000  4.321818e+00 
 3984.000  4.319752e+00 
 3985.000  4.274332e+00 
 3986.000  4.179279e+00 
 3987.000  4.298208e+00 
 3988.000  4.302329e+00 
 3989.000  4.272804e+00 
 3990.000  4.270715e+00 
 3991.000  4.208304e+00 
 3992.000  4.259315e+00 
 3993.000  4.175189e+00 
 3994.000  4.168982e+00 
 3995.000  4.144029e+00 
 3996.000  4.074474e+00 
 3997.000  4.181051e+00 
 3998.000  4.158255e+00 
 3999.000  4.079751e+00 
 4000.000  4.120010e+00 
