  290.000  0.000000e+00 
  291.000  2.024991e-06 
  292.000  2.667286e-05 
  293.000  8.575050e-05 
  294.000  5.859491e-04 
  295.000  1.733404e-03 
  296.000  1.052042e-02 
  297.000  1.512120e-02 
  298.000  8.285241e-02 
  299.000  1.615607e-01 
  300.000  3.080119e-01 
  301.000  8.978123e-01 
  302.000  1.049828e+00 
  303.000  2.907060e+00 
  304.000  3.463004e+00 
  305.000  6.571147e+00 
  306.000  7.493532e+00 
  307.000  1.140034e+01 
  308.000  1.512007e+01 
  309.000  1.660649e+01 
  310.000  1.894171e+01 
  311.000  3.746814e+01 
  312.000  3.266909e+01 
  313.000  4.267153e+01 
  314.000  4.478748e+01 
  315.000  5.465574e+01 
  316.000  4.360619e+01 
  317.000  6.445784e+01 
  318.000  6.401221e+01 
  319.000  7.315182e+01 
  320.000  7.236108e+01 
  321.000  9.067645e+01 
  322.000  8.171036e+01 
  323.000  7.282948e+01 
  324.000  9.323141e+01 
  325.000  1.057642e+02 
  326.000  1.481651e+02 
  327.000  1.524486e+02 
  328.000  1.288380e+02 
  329.000  1.551650e+02 
  330.000  1.655239e+02 
  331.000  1.370464e+02 
  332.000  1.533532e+02 
  333.000  1.767887e+02 
  334.000  1.507354e+02 
  335.000  1.649804e+02 
  336.000  1.261827e+02 
  337.000  1.228132e+02 
  338.000  1.523489e+02 
  339.000  1.559365e+02 
  340.000  1.783652e+02 
  341.000  1.530189e+02 
  342.000  1.630402e+02 
  343.000  1.663132e+02 
  344.000  1.527086e+02 
  345.000  1.993241e+02 
  346.000  2.244320e+02 
  347.000  2.166624e+02 
  348.000  2.069603e+02 
  349.000  2.301340e+02 
  350.000  2.385377e+02 
  351.000  2.296063e+02 
  352.000  2.384948e+02 
  353.000  2.204690e+02 
  354.000  2.578647e+02 
  355.000  2.647178e+02 
  356.000  2.534892e+02 
  357.000  1.640647e+02 
  358.000  1.804766e+02 
  359.000  1.837831e+02 
  360.000  2.759167e+02 
  361.000  2.213900e+02 
  362.000  2.457708e+02 
  363.000  2.644898e+02 
  364.000  2.670377e+02 
  365.000  2.528771e+02 
  366.000  3.509599e+02 
  367.000  3.174886e+02 
  368.000  3.026416e+02 
  369.000  2.942071e+02 
  370.000  3.419178e+02 
  371.000  2.758946e+02 
  372.000  2.933615e+02 
  373.000  2.952439e+02 
  374.000  2.308492e+02 
  375.000  2.134220e+02 
  376.000  3.080459e+02 
  377.000  3.179124e+02 
  378.000  4.145404e+02 
  379.000  3.216535e+02 
  380.000  3.035899e+02 
  381.000  3.433691e+02 
  382.000  2.584295e+02 
  383.000  1.813351e+02 
  384.000  2.008005e+02 
  385.000  3.039142e+02 
  386.000  2.371846e+02 
  387.000  2.736277e+02 
  388.000  2.723019e+02 
  389.000  3.116162e+02 
  390.000  3.793539e+02 
  391.000  4.260338e+02 
  392.000  3.800251e+02 
  393.000  2.044698e+02 
  394.000  2.270572e+02 
  395.000  3.824395e+02 
  396.000  3.949344e+02 
  397.000  1.612507e+02 
  398.000  4.525607e+02 
  399.000  5.442859e+02 
  400.000  5.363138e+02 
  401.000  5.342100e+02 
  402.000  5.673339e+02 
  403.000  5.324383e+02 
  404.000  5.732933e+02 
  405.000  5.267522e+02 
  406.000  5.237548e+02 
  407.000  5.110375e+02 
  408.000  5.546173e+02 
  409.000  6.149595e+02 
  410.000  5.150031e+02 
  411.000  6.057580e+02 
  412.000  6.286671e+02 
  413.000  5.947941e+02 
  414.000  5.846429e+02 
  415.000  6.244629e+02 
  416.000  6.215548e+02 
  417.000  6.034939e+02 
  418.000  5.911735e+02 
  419.000  6.064891e+02 
  420.000  5.140265e+02 
  421.000  6.448576e+02 
  422.000  6.186927e+02 
  423.000  5.231764e+02 
  424.000  5.761725e+02 
  425.000  5.974566e+02 
  426.000  5.750041e+02 
  427.000  5.537368e+02 
  428.000  5.613494e+02 
  429.000  5.112736e+02 
  430.000  4.084386e+02 
  431.000  3.676221e+02 
  432.000  6.624340e+02 
  433.000  5.902844e+02 
  434.000  5.616245e+02 
  435.000  6.116614e+02 
  436.000  6.789280e+02 
  437.000  6.861643e+02 
  438.000  6.152656e+02 
  439.000  5.959565e+02 
  440.000  6.685895e+02 
  441.000  6.670540e+02 
  442.000  7.032014e+02 
  443.000  7.085613e+02 
  444.000  7.046064e+02 
  445.000  7.418395e+02 
  446.000  6.609395e+02 
  447.000  7.544854e+02 
  448.000  7.677229e+02 
  449.000  7.736180e+02 
  450.000  7.911584e+02 
  451.000  8.557318e+02 
  452.000  7.961578e+02 
  453.000  7.396439e+02 
  454.000  7.891956e+02 
  455.000  7.953314e+02 
  456.000  8.152206e+02 
  457.000  8.204016e+02 
  458.000  8.065696e+02 
  459.000  8.070584e+02 
  460.000  8.006096e+02 
  461.000  8.302255e+02 
  462.000  8.172750e+02 
  463.000  8.180439e+02 
  464.000  8.213036e+02 
  465.000  8.098559e+02 
  466.000  8.360557e+02 
  467.000  8.070591e+02 
  468.000  8.548535e+02 
  469.000  8.477773e+02 
  470.000  8.364906e+02 
  471.000  8.353453e+02 
  472.000  8.458894e+02 
  473.000  8.369688e+02 
  474.000  8.439616e+02 
  475.000  8.782797e+02 
  476.000  8.514232e+02 
  477.000  8.437598e+02 
  478.000  8.857226e+02 
  479.000  8.457841e+02 
  480.000  8.627104e+02 
  481.000  8.576990e+02 
  482.000  8.758995e+02 
  483.000  8.770599e+02 
  484.000  8.435573e+02 
  485.000  8.499997e+02 
  486.000  6.893813e+02 
  487.000  7.750848e+02 
  488.000  8.418528e+02 
  489.000  7.828293e+02 
  490.000  8.914991e+02 
  491.000  8.344835e+02 
  492.000  8.021602e+02 
  493.000  8.641945e+02 
  494.000  8.351104e+02 
  495.000  8.929973e+02 
  496.000  8.699363e+02 
  497.000  8.440961e+02 
  498.000  8.243601e+02 
  499.000  8.225737e+02 
  500.000  8.191521e+02 
  501.000  8.009791e+02 
  502.000  7.959182e+02 
  503.000  8.435607e+02 
  504.000  7.850259e+02 
  505.000  8.469117e+02 
  506.000  9.068844e+02 
  507.000  8.440044e+02 
  508.000  8.096127e+02 
  509.000  8.732507e+02 
  510.000  8.463309e+02 
  511.000  8.467589e+02 
  512.000  8.888988e+02 
  513.000  8.137036e+02 
  514.000  7.967797e+02 
  515.000  8.135814e+02 
  516.000  8.547152e+02 
  517.000  6.296721e+02 
  518.000  7.796439e+02 
  519.000  7.387076e+02 
  520.000  8.133688e+02 
  521.000  8.138853e+02 
  522.000  8.462357e+02 
  523.000  7.883622e+02 
  524.000  8.553859e+02 
  525.000  8.485863e+02 
  526.000  8.087478e+02 
  527.000  7.065049e+02 
  528.000  8.485335e+02 
  529.000  8.726428e+02 
  530.000  8.245869e+02 
  531.000  8.975771e+02 
  532.000  8.563052e+02 
  533.000  7.521660e+02 
  534.000  8.179890e+02 
  535.000  8.346460e+02 
  536.000  8.857102e+02 
  537.000  8.217867e+02 
  538.000  8.603055e+02 
  539.000  8.575350e+02 
  540.000  8.392815e+02 
  541.000  7.696756e+02 
  542.000  8.586557e+02 
  543.000  8.214215e+02 
  544.000  8.664847e+02 
  545.000  8.536722e+02 
  546.000  8.347811e+02 
  547.000  8.703453e+02 
  548.000  8.076396e+02 
  549.000  8.500827e+02 
  550.000  8.316102e+02 
  551.000  8.267065e+02 
  552.000  8.626650e+02 
  553.000  8.291765e+02 
  554.000  8.565877e+02 
  555.000  8.593231e+02 
  556.000  8.359517e+02 
  557.000  8.114376e+02 
  558.000  8.425618e+02 
  559.000  7.966835e+02 
  560.000  8.004471e+02 
  561.000  8.799976e+02 
  562.000  8.077927e+02 
  563.000  8.453494e+02 
  564.000  8.336086e+02 
  565.000  8.435125e+02 
  566.000  7.779110e+02 
  567.000  8.339504e+02 
  568.000  8.291643e+02 
  569.000  8.063575e+02 
  570.000  8.119398e+02 
  571.000  7.880312e+02 
  572.000  8.286369e+02 
  573.000  8.390173e+02 
  574.000  8.351023e+02 
  575.000  8.146864e+02 
  576.000  8.002302e+02 
  577.000  8.353453e+02 
  578.000  8.130015e+02 
  579.000  8.085829e+02 
  580.000  8.379845e+02 
  581.000  8.250661e+02 
  582.000  8.389169e+02 
  583.000  8.456495e+02 
  584.000  8.437368e+02 
  585.000  8.388400e+02 
  586.000  8.033912e+02 
  587.000  8.332172e+02 
  588.000  8.155947e+02 
  589.000  7.102115e+02 
  590.000  7.410198e+02 
  591.000  7.976407e+02 
  592.000  7.775795e+02 
  593.000  7.972158e+02 
  594.000  8.024036e+02 
  595.000  7.796487e+02 
  596.000  8.105532e+02 
  597.000  8.108945e+02 
  598.000  7.991427e+02 
  599.000  8.015316e+02 
  600.000  8.060748e+02 
  601.000  8.044451e+02 
  602.000  7.968304e+02 
  603.000  8.030103e+02 
  604.000  8.296783e+02 
  605.000  8.285605e+02 
  606.000  8.196108e+02 
  607.000  8.156466e+02 
  608.000  8.132451e+02 
  609.000  8.054595e+02 
  610.000  7.931041e+02 
  611.000  8.065328e+02 
  612.000  7.965737e+02 
  613.000  7.854576e+02 
  614.000  7.575892e+02 
  615.000  7.943840e+02 
  616.000  7.557734e+02 
  617.000  7.604894e+02 
  618.000  7.967761e+02 
  619.000  7.898389e+02 
  620.000  8.018556e+02 
  621.000  8.159596e+02 
  622.000  7.731598e+02 
  623.000  7.793843e+02 
  624.000  7.804142e+02 
  625.000  7.594174e+02 
  626.000  7.628961e+02 
  627.000  7.728094e+02 
  628.000  7.538636e+02 
  629.000  7.774303e+02 
  630.000  7.548355e+02 
  631.000  7.845797e+02 
  632.000  7.287373e+02 
  633.000  7.865416e+02 
  634.000  7.644871e+02 
  635.000  7.790453e+02 
  636.000  7.527990e+02 
  637.000  7.786867e+02 
  638.000  7.930085e+02 
  639.000  7.870803e+02 
  640.000  7.637281e+02 
  641.000  7.753054e+02 
  642.000  7.670276e+02 
  643.000  7.797452e+02 
  644.000  7.712302e+02 
  645.000  7.767981e+02 
  646.000  7.403339e+02 
  647.000  7.456967e+02 
  648.000  7.389758e+02 
  649.000  7.589758e+02 
  650.000  7.125471e+02 
  651.000  7.678426e+02 
  652.000  7.449926e+02 
  653.000  7.700861e+02 
  654.000  7.592563e+02 
  655.000  7.360966e+02 
  656.000  6.262078e+02 
  657.000  6.702906e+02 
  658.000  7.501204e+02 
  659.000  7.540812e+02 
  660.000  7.611088e+02 
  661.000  7.669929e+02 
  662.000  7.793939e+02 
  663.000  7.707794e+02 
  664.000  7.592427e+02 
  665.000  7.631246e+02 
  666.000  7.730296e+02 
  667.000  7.583065e+02 
  668.000  7.633787e+02 
  669.000  7.748612e+02 
  670.000  7.660263e+02 
  671.000  7.583774e+02 
  672.000  7.563101e+02 
  673.000  7.621226e+02 
  674.000  7.639917e+02 
  675.000  7.527047e+02 
  676.000  7.672817e+02 
  677.000  7.523712e+02 
  678.000  7.651721e+02 
  679.000  7.546215e+02 
  680.000  7.487104e+02 
  681.000  7.494501e+02 
  682.000  7.480662e+02 
  683.000  7.530798e+02 
  684.000  7.391161e+02 
  685.000  7.481940e+02 
  686.000  7.142531e+02 
  687.000  6.241537e+02 
  688.000  6.536857e+02 
  689.000  6.467307e+02 
  690.000  6.651685e+02 
  691.000  6.862681e+02 
  692.000  6.904065e+02 
  693.000  6.803731e+02 
  694.000  6.718548e+02 
  695.000  6.705167e+02 
  696.000  6.846790e+02 
  697.000  7.149549e+02 
  698.000  6.956080e+02 
  699.000  6.822314e+02 
  700.000  6.785139e+02 
  701.000  6.576495e+02 
  702.000  6.585856e+02 
  703.000  6.893049e+02 
  704.000  6.922659e+02 
  705.000  6.886599e+02 
  706.000  6.831302e+02 
  707.000  6.759976e+02 
  708.000  6.991424e+02 
  709.000  6.811694e+02 
  710.000  6.894831e+02 
  711.000  6.900782e+02 
  712.000  6.868340e+02 
  713.000  6.788254e+02 
  714.000  6.885584e+02 
  715.000  6.562054e+02 
  716.000  6.643739e+02 
  717.000  5.917635e+02 
  718.000  5.551533e+02 
  719.000  5.369080e+02 
  720.000  5.233157e+02 
  721.000  6.005828e+02 
  722.000  6.381016e+02 
  723.000  6.202189e+02 
  724.000  5.776996e+02 
  725.000  5.779338e+02 
  726.000  5.747855e+02 
  727.000  5.897834e+02 
  728.000  5.727354e+02 
  729.000  5.666181e+02 
  730.000  5.846130e+02 
  731.000  5.714767e+02 
  732.000  6.116307e+02 
  733.000  6.304729e+02 
  734.000  6.574297e+02 
  735.000  6.473459e+02 
  736.000  6.265170e+02 
  737.000  6.415296e+02 
  738.000  6.490576e+02 
  739.000  6.319311e+02 
  740.000  6.465720e+02 
  741.000  6.464076e+02 
  742.000  6.378314e+02 
  743.000  6.612346e+02 
  744.000  6.693995e+02 
  745.000  6.535681e+02 
  746.000  6.639310e+02 
  747.000  6.745856e+02 
  748.000  6.631320e+02 
  749.000  6.638586e+02 
  750.000  6.538334e+02 
  751.000  6.523333e+02 
  752.000  6.632635e+02 
  753.000  6.573923e+02 
  754.000  6.679885e+02 
  755.000  6.643361e+02 
  756.000  6.515182e+02 
  757.000  6.564169e+02 
  758.000  6.546357e+02 
  759.000  5.881730e+02 
  760.000  2.154390e+02 
  761.000  1.849754e+02 
  762.000  3.771614e+02 
  763.000  3.217813e+02 
  764.000  3.550902e+02 
  765.000  4.323464e+02 
  766.000  5.000117e+02 
  767.000  5.524131e+02 
  768.000  6.046765e+02 
  769.000  6.223094e+02 
  770.000  6.288514e+02 
  771.000  6.339462e+02 
  772.000  6.326320e+02 
  773.000  6.305631e+02 
  774.000  6.378337e+02 
  775.000  6.142454e+02 
  776.000  6.398422e+02 
  777.000  6.354991e+02 
  778.000  6.320975e+02 
  779.000  6.341606e+02 
  780.000  6.263212e+02 
  781.000  6.256977e+02 
  782.000  6.332341e+02 
  783.000  6.184436e+02 
  784.000  6.216613e+02 
  785.000  6.219281e+02 
  786.000  6.091730e+02 
  787.000  6.131065e+02 
  788.000  6.012799e+02 
  789.000  5.952031e+02 
  790.000  5.883683e+02 
  791.000  5.871803e+02 
  792.000  5.795811e+02 
  793.000  5.829005e+02 
  794.000  5.849550e+02 
  795.000  5.769404e+02 
  796.000  5.735390e+02 
  797.000  5.809996e+02 
  798.000  5.897963e+02 
  799.000  5.874406e+02 
  800.000  5.662141e+02 
  801.000  5.774952e+02 
  802.000  5.758033e+02 
  803.000  5.684751e+02 
  804.000  5.765270e+02 
  805.000  5.661354e+02 
  806.000  5.847849e+02 
  807.000  5.814763e+02 
  808.000  5.760961e+02 
  809.000  5.641150e+02 
  810.000  5.591000e+02 
  811.000  5.628350e+02 
  812.000  5.538202e+02 
  813.000  5.427551e+02 
  814.000  5.304448e+02 
  815.000  5.104280e+02 
  816.000  4.878131e+02 
  817.000  4.917135e+02 
  818.000  4.901838e+02 
  819.000  4.828809e+02 
  820.000  4.929975e+02 
  821.000  5.325839e+02 
  822.000  5.004250e+02 
  823.000  4.594254e+02 
  824.000  5.072328e+02 
  825.000  5.330447e+02 
  826.000  5.319584e+02 
  827.000  5.268703e+02 
  828.000  5.083672e+02 
  829.000  5.143744e+02 
  830.000  5.131688e+02 
  831.000  5.057996e+02 
  832.000  5.169498e+02 
  833.000  5.047747e+02 
  834.000  5.168746e+02 
  835.000  5.267193e+02 
  836.000  5.300714e+02 
  837.000  5.254399e+02 
  838.000  5.315893e+02 
  839.000  5.174841e+02 
  840.000  5.322723e+02 
  841.000  5.310626e+02 
  842.000  5.301172e+02 
  843.000  5.319601e+02 
  844.000  5.255852e+02 
  845.000  5.347199e+02 
  846.000  5.406769e+02 
  847.000  5.232994e+02 
  848.000  5.366665e+02 
  849.000  5.379306e+02 
  850.000  4.642455e+02 
  851.000  5.306942e+02 
  852.000  5.107029e+02 
  853.000  5.185043e+02 
  854.000  4.167986e+02 
  855.000  4.596598e+02 
  856.000  5.233492e+02 
  857.000  5.324800e+02 
  858.000  5.243346e+02 
  859.000  5.250930e+02 
  860.000  5.208177e+02 
  861.000  5.208517e+02 
  862.000  5.194262e+02 
  863.000  5.294149e+02 
  864.000  5.285602e+02 
  865.000  5.188802e+02 
  866.000  4.352912e+02 
  867.000  4.635339e+02 
  868.000  5.027612e+02 
  869.000  4.957777e+02 
  870.000  5.162159e+02 
  871.000  5.155545e+02 
  872.000  5.136182e+02 
  873.000  5.155877e+02 
  874.000  5.042499e+02 
  875.000  4.996199e+02 
  876.000  5.036320e+02 
  877.000  5.136690e+02 
  878.000  5.043901e+02 
  879.000  5.056043e+02 
  880.000  5.022756e+02 
  881.000  4.760225e+02 
  882.000  5.021147e+02 
  883.000  4.908916e+02 
  884.000  4.951665e+02 
  885.000  4.995097e+02 
  886.000  4.822146e+02 
  887.000  4.779931e+02 
  888.000  4.924370e+02 
  889.000  4.958542e+02 
  890.000  4.937438e+02 
  891.000  4.895742e+02 
  892.000  4.843013e+02 
  893.000  4.546710e+02 
  894.000  4.638430e+02 
  895.000  4.227917e+02 
  896.000  4.201755e+02 
  897.000  3.908494e+02 
  898.000  3.824158e+02 
  899.000  3.572254e+02 
  900.000  3.516686e+02 
  901.000  3.381006e+02 
  902.000  3.330914e+02 
  903.000  3.924637e+02 
  904.000  4.244541e+02 
  905.000  4.224550e+02 
  906.000  3.951451e+02 
  907.000  3.734312e+02 
  908.000  3.455119e+02 
  909.000  3.403038e+02 
  910.000  3.469976e+02 
  911.000  3.577515e+02 
  912.000  3.528428e+02 
  913.000  3.362737e+02 
  914.000  3.462664e+02 
  915.000  3.497121e+02 
  916.000  3.567021e+02 
  917.000  3.564201e+02 
  918.000  3.614404e+02 
  919.000  3.899045e+02 
  920.000  4.043553e+02 
  921.000  3.916738e+02 
  922.000  3.878622e+02 
  923.000  3.669132e+02 
  924.000  3.707532e+02 
  925.000  3.745785e+02 
  926.000  3.605463e+02 
  927.000  3.600028e+02 
  928.000  3.410651e+02 
  929.000  3.070366e+02 
  930.000  2.707607e+02 
  931.000  2.331660e+02 
  932.000  1.848827e+02 
  933.000  1.544200e+02 
  934.000  1.242547e+02 
  935.000  1.193446e+02 
  936.000  1.289503e+02 
  937.000  1.292909e+02 
  938.000  1.606736e+02 
  939.000  2.590796e+02 
  940.000  2.737502e+02 
  941.000  2.544812e+02 
  942.000  2.145434e+02 
  943.000  1.766042e+02 
  944.000  1.684070e+02 
  945.000  1.866236e+02 
  946.000  1.903133e+02 
  947.000  2.051737e+02 
  948.000  2.160367e+02 
  949.000  2.157250e+02 
  950.000  2.168557e+02 
  951.000  2.373505e+02 
  952.000  2.145588e+02 
  953.000  2.303143e+02 
  954.000  2.459854e+02 
  955.000  2.167412e+02 
  956.000  2.285738e+02 
  957.000  2.741099e+02 
  958.000  2.827071e+02 
  959.000  2.761704e+02 
  960.000  2.715200e+02 
  961.000  2.649309e+02 
  962.000  2.699319e+02 
  963.000  2.954671e+02 
  964.000  2.959933e+02 
  965.000  2.972482e+02 
  966.000  2.902193e+02 
  967.000  3.181675e+02 
  968.000  3.474501e+02 
  969.000  3.649124e+02 
  970.000  3.668177e+02 
  971.000  3.632219e+02 
  972.000  3.614227e+02 
  973.000  3.481946e+02 
  974.000  3.311476e+02 
  975.000  3.253294e+02 
  976.000  3.385590e+02 
  977.000  3.451133e+02 
  978.000  3.524453e+02 
  979.000  3.462349e+02 
  980.000  3.669952e+02 
  981.000  3.731737e+02 
  982.000  3.688592e+02 
  983.000  3.761793e+02 
  984.000  3.822179e+02 
  985.000  3.869384e+02 
  986.000  3.900695e+02 
  987.000  3.972934e+02 
  988.000  3.930419e+02 
  989.000  3.884613e+02 
  990.000  3.924392e+02 
  991.000  3.979861e+02 
  992.000  3.949738e+02 
  993.000  3.952120e+02 
  994.000  3.993130e+02 
  995.000  3.976617e+02 
  996.000  3.975713e+02 
  997.000  3.971225e+02 
  998.000  3.947375e+02 
  999.000  3.933704e+02 
 1000.000  3.905448e+02 
 1001.000  3.905776e+02 
 1002.000  3.866591e+02 
 1003.000  3.829427e+02 
 1004.000  3.816467e+02 
 1005.000  3.572800e+02 
 1006.000  3.763129e+02 
 1007.000  3.825473e+02 
 1008.000  3.814880e+02 
 1009.000  3.756150e+02 
 1010.000  3.786174e+02 
 1011.000  3.803514e+02 
 1012.000  3.819308e+02 
 1013.000  3.802764e+02 
 1014.000  3.831991e+02 
 1015.000  3.762174e+02 
 1016.000  3.791279e+02 
 1017.000  3.755536e+02 
 1018.000  3.799697e+02 
 1019.000  3.700941e+02 
 1020.000  3.697416e+02 
 1021.000  3.742897e+02 
 1022.000  3.672511e+02 
 1023.000  3.730952e+02 
 1024.000  3.704772e+02 
 1025.000  3.725589e+02 
 1026.000  3.739733e+02 
 1027.000  3.713246e+02 
 1028.000  3.725533e+02 
 1029.000  3.677025e+02 
 1030.000  3.722564e+02 
 1031.000  3.715135e+02 
 1032.000  3.705572e+02 
 1033.000  3.638533e+02 
 1034.000  3.678551e+02 
 1035.000  3.640677e+02 
 1036.000  3.687893e+02 
 1037.000  3.610809e+02 
 1038.000  3.647147e+02 
 1039.000  3.661140e+02 
 1040.000  3.617142e+02 
 1041.000  3.635702e+02 
 1042.000  3.646300e+02 
 1043.000  3.583450e+02 
 1044.000  3.618543e+02 
 1045.000  3.601476e+02 
 1046.000  3.495641e+02 
 1047.000  3.558632e+02 
 1048.000  3.592979e+02 
 1049.000  3.569194e+02 
 1050.000  3.546150e+02 
 1051.000  3.544014e+02 
 1052.000  3.525916e+02 
 1053.000  3.527158e+02 
 1054.000  3.488705e+02 
 1055.000  3.511796e+02 
 1056.000  3.500555e+02 
 1057.000  3.489433e+02 
 1058.000  3.443915e+02 
 1059.000  3.336375e+02 
 1060.000  3.461142e+02 
 1061.000  3.338840e+02 
 1062.000  3.426257e+02 
 1063.000  3.366513e+02 
 1064.000  3.405546e+02 
 1065.000  3.395690e+02 
 1066.000  3.290736e+02 
 1067.000  3.367098e+02 
 1068.000  3.340225e+02 
 1069.000  3.081495e+02 
 1070.000  3.265900e+02 
 1071.000  3.262625e+02 
 1072.000  3.263704e+02 
 1073.000  3.154437e+02 
 1074.000  3.266375e+02 
 1075.000  3.178045e+02 
 1076.000  3.238994e+02 
 1077.000  3.220517e+02 
 1078.000  3.216425e+02 
 1079.000  3.089887e+02 
 1080.000  3.145522e+02 
 1081.000  3.028127e+02 
 1082.000  3.082118e+02 
 1083.000  2.980706e+02 
 1084.000  3.073539e+02 
 1085.000  2.983863e+02 
 1086.000  3.034330e+02 
 1087.000  2.899666e+02 
 1088.000  3.078037e+02 
 1089.000  2.895790e+02 
 1090.000  2.946114e+02 
 1091.000  2.977633e+02 
 1092.000  2.875958e+02 
 1093.000  2.768560e+02 
 1094.000  2.490989e+02 
 1095.000  2.700950e+02 
 1096.000  2.693877e+02 
 1097.000  2.643084e+02 
 1098.000  2.432194e+02 
 1099.000  2.281684e+02 
 1100.000  2.330801e+02 
 1101.000  2.347372e+02 
 1102.000  2.238955e+02 
 1103.000  2.341330e+02 
 1104.000  2.297253e+02 
 1105.000  2.226984e+02 
 1106.000  2.142846e+02 
 1107.000  2.154812e+02 
 1108.000  2.157491e+02 
 1109.000  2.220436e+02 
 1110.000  2.220488e+02 
 1111.000  2.158548e+02 
 1112.000  1.994061e+02 
 1113.000  1.792723e+02 
 1114.000  1.753721e+02 
 1115.000  1.509695e+02 
 1116.000  1.359363e+02 
 1117.000  1.093167e+02 
 1118.000  8.475636e+01 
 1119.000  7.088776e+01 
 1120.000  5.813367e+01 
 1121.000  5.569598e+01 
 1122.000  4.382580e+01 
 1123.000  4.987498e+01 
 1124.000  5.411885e+01 
 1125.000  5.076032e+01 
 1126.000  4.898034e+01 
 1127.000  5.176431e+01 
 1128.000  5.295631e+01 
 1129.000  6.553658e+01 
 1130.000  9.753610e+01 
 1131.000  1.088575e+02 
 1132.000  9.494727e+01 
 1133.000  6.986473e+01 
 1134.000  3.528979e+01 
 1135.000  3.806888e+01 
 1136.000  7.381199e+01 
 1137.000  9.866181e+01 
 1138.000  1.203467e+02 
 1139.000  1.321397e+02 
 1140.000  1.273667e+02 
 1141.000  1.141414e+02 
 1142.000  1.136561e+02 
 1143.000  1.009506e+02 
 1144.000  8.898553e+01 
 1145.000  7.406445e+01 
 1146.000  7.843594e+01 
 1147.000  9.124422e+01 
 1148.000  1.019621e+02 
 1149.000  1.073003e+02 
 1150.000  1.075403e+02 
 1151.000  1.150700e+02 
 1152.000  1.187724e+02 
 1153.000  1.242960e+02 
 1154.000  1.237797e+02 
 1155.000  1.357304e+02 
 1156.000  1.464015e+02 
 1157.000  1.746060e+02 
 1158.000  1.866449e+02 
 1159.000  1.944856e+02 
 1160.000  1.964174e+02 
 1161.000  2.027416e+02 
 1162.000  2.183981e+02 
 1163.000  2.294641e+02 
 1164.000  2.270843e+02 
 1165.000  2.324997e+02 
 1166.000  2.286923e+02 
 1167.000  2.338115e+02 
 1168.000  2.353586e+02 
 1169.000  2.286674e+02 
 1170.000  2.361775e+02 
 1171.000  2.408558e+02 
 1172.000  2.380056e+02 
 1173.000  2.343475e+02 
 1174.000  2.345898e+02 
 1175.000  2.373185e+02 
 1176.000  2.365472e+02 
 1177.000  2.414316e+02 
 1178.000  2.325134e+02 
 1179.000  2.315003e+02 
 1180.000  2.329686e+02 
 1181.000  2.273313e+02 
 1182.000  2.232290e+02 
 1183.000  2.107275e+02 
 1184.000  2.227599e+02 
 1185.000  2.319489e+02 
 1186.000  2.287285e+02 
 1187.000  2.225393e+02 
 1188.000  2.200031e+02 
 1189.000  2.108313e+02 
 1190.000  2.310715e+02 
 1191.000  2.377057e+02 
 1192.000  2.407521e+02 
 1193.000  2.399167e+02 
 1194.000  2.388296e+02 
 1195.000  2.319580e+02 
 1196.000  2.323886e+02 
 1197.000  2.303017e+02 
 1198.000  2.221120e+02 
 1199.000  2.115077e+02 
 1200.000  2.263132e+02 
 1201.000  2.284563e+02 
 1202.000  2.292826e+02 
 1203.000  2.168708e+02 
 1204.000  2.213570e+02 
 1205.000  2.333558e+02 
 1206.000  2.351322e+02 
 1207.000  2.380238e+02 
 1208.000  2.335990e+02 
 1209.000  2.174838e+02 
 1210.000  2.300274e+02 
 1211.000  2.219658e+02 
 1212.000  2.296227e+02 
 1213.000  2.332532e+02 
 1214.000  2.317813e+02 
 1215.000  2.335446e+02 
 1216.000  2.368015e+02 
 1217.000  2.396789e+02 
 1218.000  2.402519e+02 
 1219.000  2.387587e+02 
 1220.000  2.404670e+02 
 1221.000  2.404178e+02 
 1222.000  2.392845e+02 
 1223.000  2.384800e+02 
 1224.000  2.424278e+02 
 1225.000  2.415432e+02 
 1226.000  2.430298e+02 
 1227.000  2.358016e+02 
 1228.000  2.444389e+02 
 1229.000  2.451334e+02 
 1230.000  2.453691e+02 
 1231.000  2.459681e+02 
 1232.000  2.434162e+02 
 1233.000  2.454961e+02 
 1234.000  2.460990e+02 
 1235.000  2.448694e+02 
 1236.000  2.465793e+02 
 1237.000  2.469931e+02 
 1238.000  2.469840e+02 
 1239.000  2.442543e+02 
 1240.000  2.431329e+02 
 1241.000  2.451338e+02 
 1242.000  2.435087e+02 
 1243.000  2.406349e+02 
 1244.000  2.381209e+02 
 1245.000  2.419956e+02 
 1246.000  2.398556e+02 
 1247.000  2.382893e+02 
 1248.000  2.398678e+02 
 1249.000  2.388172e+02 
 1250.000  2.375617e+02 
 1251.000  2.356154e+02 
 1252.000  2.344024e+02 
 1253.000  2.319450e+02 
 1254.000  2.315269e+02 
 1255.000  2.304074e+02 
 1256.000  2.292871e+02 
 1257.000  2.258678e+02 
 1258.000  2.248859e+02 
 1259.000  2.208733e+02 
 1260.000  2.194106e+02 
 1261.000  2.170849e+02 
 1262.000  2.086998e+02 
 1263.000  2.098065e+02 
 1264.000  2.056245e+02 
 1265.000  2.056166e+02 
 1266.000  2.053585e+02 
 1267.000  1.998022e+02 
 1268.000  1.960210e+02 
 1269.000  1.970498e+02 
 1270.000  2.037731e+02 
 1271.000  2.069483e+02 
 1272.000  2.081052e+02 
 1273.000  2.096662e+02 
 1274.000  2.105761e+02 
 1275.000  2.128245e+02 
 1276.000  2.137309e+02 
 1277.000  2.138255e+02 
 1278.000  2.134338e+02 
 1279.000  2.123707e+02 
 1280.000  2.123751e+02 
 1281.000  2.074990e+02 
 1282.000  1.852435e+02 
 1283.000  2.038681e+02 
 1284.000  2.123424e+02 
 1285.000  2.142556e+02 
 1286.000  2.135590e+02 
 1287.000  2.136613e+02 
 1288.000  2.078867e+02 
 1289.000  2.077390e+02 
 1290.000  2.027847e+02 
 1291.000  2.062806e+02 
 1292.000  2.090258e+02 
 1293.000  2.093754e+02 
 1294.000  2.041073e+02 
 1295.000  2.032072e+02 
 1296.000  2.000731e+02 
 1297.000  1.961794e+02 
 1298.000  1.941357e+02 
 1299.000  1.958259e+02 
 1300.000  1.946069e+02 
 1301.000  1.935999e+02 
 1302.000  1.892509e+02 
 1303.000  1.827585e+02 
 1304.000  1.807543e+02 
 1305.000  1.809493e+02 
 1306.000  1.802684e+02 
 1307.000  1.783997e+02 
 1308.000  1.748273e+02 
 1309.000  1.700377e+02 
 1310.000  1.688190e+02 
 1311.000  1.683125e+02 
 1312.000  1.624154e+02 
 1313.000  1.500375e+02 
 1314.000  1.500079e+02 
 1315.000  1.473136e+02 
 1316.000  1.544702e+02 
 1317.000  1.558988e+02 
 1318.000  1.475763e+02 
 1319.000  1.410031e+02 
 1320.000  1.304599e+02 
 1321.000  1.262998e+02 
 1322.000  1.318843e+02 
 1323.000  1.387431e+02 
 1324.000  1.422834e+02 
 1325.000  1.398420e+02 
 1326.000  1.328616e+02 
 1327.000  1.185070e+02 
 1328.000  1.050171e+02 
 1329.000  7.881298e+01 
 1330.000  7.220496e+01 
 1331.000  6.761300e+01 
 1332.000  6.764471e+01 
 1333.000  7.385279e+01 
 1334.000  8.018802e+01 
 1335.000  8.490002e+01 
 1336.000  8.574379e+01 
 1337.000  8.698669e+01 
 1338.000  9.032633e+01 
 1339.000  9.093124e+01 
 1340.000  9.320528e+01 
 1341.000  9.308399e+01 
 1342.000  9.328910e+01 
 1343.000  8.280160e+01 
 1344.000  7.095782e+01 
 1345.000  4.548369e+01 
 1346.000  3.030555e+01 
 1347.000  2.306718e+01 
 1348.000  1.390949e+01 
 1349.000  1.132598e+01 
 1350.000  5.826551e+00 
 1351.000  4.218927e+00 
 1352.000  1.989585e+00 
 1353.000  8.709605e-01 
 1354.000  4.843272e-01 
 1355.000  2.542779e-01 
 1356.000  1.220673e-01 
 1357.000  4.292501e-02 
 1358.000  2.171913e-02 
 1359.000  4.431157e-03 
 1360.000  1.825663e-03 
 1361.000  8.184668e-04 
 1362.000  6.862954e-04 
 1363.000  1.437792e-03 
 1364.000  1.961684e-03 
 1365.000  2.049735e-03 
 1366.000  2.780259e-03 
 1367.000  2.079467e-03 
 1368.000  1.841638e-03 
 1369.000  1.996572e-03 
 1370.000  6.955333e-03 
 1371.000  2.474644e-02 
 1372.000  1.044834e-01 
 1373.000  2.262910e-01 
 1374.000  3.558713e-01 
 1375.000  4.191116e-01 
 1376.000  3.582195e-01 
 1377.000  2.725456e-01 
 1378.000  1.469922e-01 
 1379.000  6.343658e-02 
 1380.000  1.774411e-02 
 1381.000  5.303286e-03 
 1382.000  2.359704e-03 
 1383.000  2.114400e-03 
 1384.000  6.196446e-03 
 1385.000  1.359047e-02 
 1386.000  3.519858e-02 
 1387.000  1.470652e-01 
 1388.000  2.709771e-01 
 1389.000  3.874223e-01 
 1390.000  4.154134e-01 
 1391.000  3.604160e-01 
 1392.000  1.956370e-01 
 1393.000  1.116928e-01 
 1394.000  6.297685e-02 
 1395.000  8.279554e-02 
 1396.000  1.648097e-01 
 1397.000  2.970486e-01 
 1398.000  3.173780e-01 
 1399.000  2.868802e-01 
 1400.000  2.560319e-01 
 1401.000  3.138061e-01 
 1402.000  4.949741e-01 
 1403.000  7.454504e-01 
 1404.000  6.556660e-01 
 1405.000  7.953543e-01 
 1406.000  6.721892e-01 
 1407.000  8.072302e-01 
 1408.000  1.211217e+00 
 1409.000  1.852242e+00 
 1410.000  2.922738e+00 
 1411.000  4.621879e+00 
 1412.000  4.496755e+00 
 1413.000  5.918119e+00 
 1414.000  5.640413e+00 
 1415.000  7.604168e+00 
 1416.000  8.966548e+00 
 1417.000  9.931099e+00 
 1418.000  1.012901e+01 
 1419.000  1.067098e+01 
 1420.000  1.128468e+01 
 1421.000  1.490796e+01 
 1422.000  1.617608e+01 
 1423.000  1.709991e+01 
 1424.000  1.695267e+01 
 1425.000  1.640206e+01 
 1426.000  1.591236e+01 
 1427.000  1.796385e+01 
 1428.000  1.981243e+01 
 1429.000  2.127049e+01 
 1430.000  2.079914e+01 
 1431.000  1.795205e+01 
 1432.000  1.674607e+01 
 1433.000  1.664301e+01 
 1434.000  1.531460e+01 
 1435.000  1.769913e+01 
 1436.000  1.870775e+01 
 1437.000  1.932120e+01 
 1438.000  2.211084e+01 
 1439.000  2.271578e+01 
 1440.000  2.233992e+01 
 1441.000  2.407105e+01 
 1442.000  2.253141e+01 
 1443.000  2.303481e+01 
 1444.000  2.409291e+01 
 1445.000  2.431732e+01 
 1446.000  2.664752e+01 
 1447.000  2.853677e+01 
 1448.000  2.912119e+01 
 1449.000  2.783529e+01 
 1450.000  2.560910e+01 
 1451.000  2.646123e+01 
 1452.000  2.994261e+01 
 1453.000  3.732735e+01 
 1454.000  4.534916e+01 
 1455.000  5.020081e+01 
 1456.000  5.571712e+01 
 1457.000  5.706447e+01 
 1458.000  5.890253e+01 
 1459.000  5.497795e+01 
 1460.000  5.060672e+01 
 1461.000  4.857927e+01 
 1462.000  4.329990e+01 
 1463.000  4.300868e+01 
 1464.000  4.165289e+01 
 1465.000  3.889055e+01 
 1466.000  3.419113e+01 
 1467.000  3.249127e+01 
 1468.000  2.905210e+01 
 1469.000  2.541922e+01 
 1470.000  2.397151e+01 
 1471.000  2.800024e+01 
 1472.000  3.455548e+01 
 1473.000  4.453446e+01 
 1474.000  5.128338e+01 
 1475.000  5.225542e+01 
 1476.000  5.234233e+01 
 1477.000  4.988294e+01 
 1478.000  4.669600e+01 
 1479.000  4.399648e+01 
 1480.000  4.620538e+01 
 1481.000  4.906721e+01 
 1482.000  5.379353e+01 
 1483.000  5.383669e+01 
 1484.000  5.441162e+01 
 1485.000  5.486969e+01 
 1486.000  5.759314e+01 
 1487.000  6.575728e+01 
 1488.000  5.807606e+01 
 1489.000  7.771217e+01 
 1490.000  8.799767e+01 
 1491.000  9.460374e+01 
 1492.000  9.350087e+01 
 1493.000  9.917686e+01 
 1494.000  9.932906e+01 
 1495.000  1.025095e+02 
 1496.000  1.060422e+02 
 1497.000  1.089245e+02 
 1498.000  1.158586e+02 
 1499.000  1.195279e+02 
 1500.000  1.255639e+02 
 1501.000  1.241641e+02 
 1502.000  1.210418e+02 
 1503.000  1.074227e+02 
 1504.000  1.131976e+02 
 1505.000  1.168648e+02 
 1506.000  1.185892e+02 
 1507.000  1.277479e+02 
 1508.000  1.277153e+02 
 1509.000  1.303363e+02 
 1510.000  1.330797e+02 
 1511.000  1.351781e+02 
 1512.000  1.335922e+02 
 1513.000  1.338226e+02 
 1514.000  1.319940e+02 
 1515.000  1.356882e+02 
 1516.000  1.348026e+02 
 1517.000  1.349898e+02 
 1518.000  1.394676e+02 
 1519.000  1.397030e+02 
 1520.000  1.435080e+02 
 1521.000  1.423417e+02 
 1522.000  1.415461e+02 
 1523.000  1.454754e+02 
 1524.000  1.439371e+02 
 1525.000  1.401892e+02 
 1526.000  1.443074e+02 
 1527.000  1.434274e+02 
 1528.000  1.452540e+02 
 1529.000  1.448055e+02 
 1530.000  1.362002e+02 
 1531.000  1.461154e+02 
 1532.000  1.458129e+02 
 1533.000  1.454559e+02 
 1534.000  1.435477e+02 
 1535.000  1.444229e+02 
 1536.000  1.463635e+02 
 1537.000  1.471970e+02 
 1538.000  1.435530e+02 
 1539.000  1.468723e+02 
 1540.000  1.416595e+02 
 1541.000  1.447286e+02 
 1542.000  1.455884e+02 
 1543.000  1.453210e+02 
 1544.000  1.474008e+02 
 1545.000  1.482943e+02 
 1546.000  1.487067e+02 
 1547.000  1.474883e+02 
 1548.000  1.432043e+02 
 1549.000  1.468727e+02 
 1550.000  1.460255e+02 
 1551.000  1.452489e+02 
 1552.000  1.477475e+02 
 1553.000  1.470813e+02 
 1554.000  1.416557e+02 
 1555.000  1.441266e+02 
 1556.000  1.414275e+02 
 1557.000  1.460874e+02 
 1558.000  1.449169e+02 
 1559.000  1.448520e+02 
 1560.000  1.423487e+02 
 1561.000  1.455933e+02 
 1562.000  1.454191e+02 
 1563.000  1.431355e+02 
 1564.000  1.400395e+02 
 1565.000  1.417534e+02 
 1566.000  1.390659e+02 
 1567.000  1.383353e+02 
 1568.000  1.344162e+02 
 1569.000  1.337207e+02 
 1570.000  1.294132e+02 
 1571.000  1.328802e+02 
 1572.000  1.326072e+02 
 1573.000  1.307736e+02 
 1574.000  1.316174e+02 
 1575.000  1.224672e+02 
 1576.000  1.315692e+02 
 1577.000  1.189347e+02 
 1578.000  1.303147e+02 
 1579.000  1.313418e+02 
 1580.000  1.345358e+02 
 1581.000  1.336433e+02 
 1582.000  1.314888e+02 
 1583.000  1.336019e+02 
 1584.000  1.328824e+02 
 1585.000  1.371561e+02 
 1586.000  1.354327e+02 
 1587.000  1.342328e+02 
 1588.000  1.324116e+02 
 1589.000  1.211178e+02 
 1590.000  1.304488e+02 
 1591.000  1.275329e+02 
 1592.000  1.341341e+02 
 1593.000  1.368030e+02 
 1594.000  1.354196e+02 
 1595.000  1.357975e+02 
 1596.000  1.272059e+02 
 1597.000  1.315661e+02 
 1598.000  1.328544e+02 
 1599.000  1.270387e+02 
 1600.000  1.280642e+02 
 1601.000  1.226722e+02 
 1602.000  1.255587e+02 
 1603.000  1.250035e+02 
 1604.000  1.271659e+02 
 1605.000  1.252843e+02 
 1606.000  1.249880e+02 
 1607.000  1.253052e+02 
 1608.000  1.265649e+02 
 1609.000  1.260772e+02 
 1610.000  1.183637e+02 
 1611.000  1.224695e+02 
 1612.000  1.243860e+02 
 1613.000  1.278659e+02 
 1614.000  1.266095e+02 
 1615.000  1.292442e+02 
 1616.000  1.215382e+02 
 1617.000  1.256143e+02 
 1618.000  1.295264e+02 
 1619.000  1.296182e+02 
 1620.000  1.268030e+02 
 1621.000  1.252435e+02 
 1622.000  1.283944e+02 
 1623.000  1.311793e+02 
 1624.000  1.321850e+02 
 1625.000  1.292464e+02 
 1626.000  1.305184e+02 
 1627.000  1.303933e+02 
 1628.000  1.313186e+02 
 1629.000  1.311467e+02 
 1630.000  1.273163e+02 
 1631.000  1.293058e+02 
 1632.000  1.290199e+02 
 1633.000  1.272841e+02 
 1634.000  1.241010e+02 
 1635.000  1.274268e+02 
 1636.000  1.268318e+02 
 1637.000  1.208853e+02 
 1638.000  1.200021e+02 
 1639.000  1.183696e+02 
 1640.000  1.188665e+02 
 1641.000  1.178959e+02 
 1642.000  1.177455e+02 
 1643.000  1.206660e+02 
 1644.000  1.186805e+02 
 1645.000  1.187440e+02 
 1646.000  1.201692e+02 
 1647.000  1.212708e+02 
 1648.000  1.206216e+02 
 1649.000  1.178198e+02 
 1650.000  1.208038e+02 
 1651.000  1.181063e+02 
 1652.000  1.203939e+02 
 1653.000  1.192398e+02 
 1654.000  1.205758e+02 
 1655.000  1.184095e+02 
 1656.000  1.208600e+02 
 1657.000  1.199806e+02 
 1658.000  1.208403e+02 
 1659.000  1.186570e+02 
 1660.000  1.199403e+02 
 1661.000  1.204020e+02 
 1662.000  1.194233e+02 
 1663.000  1.186426e+02 
 1664.000  1.180841e+02 
 1665.000  1.168831e+02 
 1666.000  1.165251e+02 
 1667.000  1.179678e+02 
 1668.000  1.159682e+02 
 1669.000  1.164035e+02 
 1670.000  1.190208e+02 
 1671.000  1.182612e+02 
 1672.000  1.126623e+02 
 1673.000  1.157459e+02 
 1674.000  1.161293e+02 
 1675.000  1.150469e+02 
 1676.000  1.131630e+02 
 1677.000  1.137808e+02 
 1678.000  1.145781e+02 
 1679.000  1.130101e+02 
 1680.000  1.092286e+02 
 1681.000  1.054958e+02 
 1682.000  1.085394e+02 
 1683.000  1.111754e+02 
 1684.000  1.131984e+02 
 1685.000  1.133670e+02 
 1686.000  1.120044e+02 
 1687.000  1.121831e+02 
 1688.000  1.120419e+02 
 1689.000  1.106886e+02 
 1690.000  1.103548e+02 
 1691.000  1.117491e+02 
 1692.000  1.119480e+02 
 1693.000  1.115882e+02 
 1694.000  1.114246e+02 
 1695.000  1.113094e+02 
 1696.000  1.106549e+02 
 1697.000  1.098743e+02 
 1698.000  1.104830e+02 
 1699.000  1.097713e+02 
 1700.000  1.083895e+02 
 1701.000  1.086857e+02 
 1702.000  1.083256e+02 
 1703.000  1.059197e+02 
 1704.000  1.075026e+02 
 1705.000  1.079888e+02 
 1706.000  1.063251e+02 
 1707.000  1.058739e+02 
 1708.000  1.030055e+02 
 1709.000  1.048872e+02 
 1710.000  1.060485e+02 
 1711.000  9.796391e+01 
 1712.000  1.047968e+02 
 1713.000  1.051386e+02 
 1714.000  1.052277e+02 
 1715.000  1.052816e+02 
 1716.000  1.048279e+02 
 1717.000  1.039346e+02 
 1718.000  1.033690e+02 
 1719.000  1.038829e+02 
 1720.000  1.007035e+02 
 1721.000  9.921287e+01 
 1722.000  1.002856e+02 
 1723.000  9.462965e+01 
 1724.000  9.603658e+01 
 1725.000  9.774138e+01 
 1726.000  9.918467e+01 
 1727.000  9.868670e+01 
 1728.000  9.646671e+01 
 1729.000  9.867053e+01 
 1730.000  9.884193e+01 
 1731.000  9.676337e+01 
 1732.000  9.515879e+01 
 1733.000  8.907709e+01 
 1734.000  9.055709e+01 
 1735.000  9.023077e+01 
 1736.000  8.583187e+01 
 1737.000  8.449695e+01 
 1738.000  8.840632e+01 
 1739.000  8.974512e+01 
 1740.000  8.961397e+01 
 1741.000  8.739588e+01 
 1742.000  9.012554e+01 
 1743.000  8.825170e+01 
 1744.000  8.915331e+01 
 1745.000  8.652435e+01 
 1746.000  8.663042e+01 
 1747.000  8.481908e+01 
 1748.000  8.791965e+01 
 1749.000  8.759290e+01 
 1750.000  8.719231e+01 
 1751.000  8.578338e+01 
 1752.000  8.617901e+01 
 1753.000  8.595873e+01 
 1754.000  8.598692e+01 
 1755.000  8.396841e+01 
 1756.000  8.493209e+01 
 1757.000  8.499273e+01 
 1758.000  8.471326e+01 
 1759.000  8.506108e+01 
 1760.000  8.390557e+01 
 1761.000  8.116705e+01 
 1762.000  7.915298e+01 
 1763.000  7.886763e+01 
 1764.000  7.516930e+01 
 1765.000  7.648062e+01 
 1766.000  7.554198e+01 
 1767.000  7.587389e+01 
 1768.000  7.478753e+01 
 1769.000  7.503157e+01 
 1770.000  7.344424e+01 
 1771.000  7.357308e+01 
 1772.000  7.238853e+01 
 1773.000  7.223473e+01 
 1774.000  6.779580e+01 
 1775.000  6.381778e+01 
 1776.000  6.347563e+01 
 1777.000  6.004495e+01 
 1778.000  5.771749e+01 
 1779.000  5.829852e+01 
 1780.000  5.663379e+01 
 1781.000  5.587202e+01 
 1782.000  5.513659e+01 
 1783.000  5.267577e+01 
 1784.000  5.272106e+01 
 1785.000  5.259844e+01 
 1786.000  5.275562e+01 
 1787.000  5.318227e+01 
 1788.000  5.285784e+01 
 1789.000  4.816983e+01 
 1790.000  4.780356e+01 
 1791.000  4.355847e+01 
 1792.000  4.220410e+01 
 1793.000  3.722953e+01 
 1794.000  3.361358e+01 
 1795.000  3.389360e+01 
 1796.000  2.898696e+01 
 1797.000  2.540489e+01 
 1798.000  2.549726e+01 
 1799.000  1.927277e+01 
 1800.000  1.917446e+01 
 1801.000  1.482577e+01 
 1802.000  1.219474e+01 
 1803.000  1.214101e+01 
 1804.000  1.196815e+01 
 1805.000  1.128112e+01 
 1806.000  9.553792e+00 
 1807.000  9.002327e+00 
 1808.000  8.266018e+00 
 1809.000  6.140978e+00 
 1810.000  4.626969e+00 
 1811.000  4.621558e+00 
 1812.000  3.226981e+00 
 1813.000  3.235109e+00 
 1814.000  2.656804e+00 
 1815.000  1.519322e+00 
 1816.000  1.499233e+00 
 1817.000  1.225713e+00 
 1818.000  9.946780e-01 
 1819.000  7.354785e-01 
 1820.000  6.338439e-01 
 1821.000  6.388314e-01 
 1822.000  4.948328e-01 
 1823.000  4.875731e-01 
 1824.000  4.235608e-01 
 1825.000  1.634969e-01 
 1826.000  1.645033e-01 
 1827.000  9.466996e-02 
 1828.000  7.357704e-02 
 1829.000  2.508694e-02 
 1830.000  1.228894e-02 
 1831.000  1.227150e-02 
 1832.000  5.276404e-03 
 1833.000  5.090689e-03 
 1834.000  2.134184e-03 
 1835.000  4.637854e-04 
 1836.000  4.653059e-04 
 1837.000  2.451736e-04 
 1838.000  1.993200e-04 
 1839.000  2.827973e-04 
 1840.000  6.267833e-04 
 1841.000  6.412776e-04 
 1842.000  1.194784e-03 
 1843.000  1.158044e-03 
 1844.000  1.790229e-03 
 1845.000  1.595859e-03 
 1846.000  1.151808e-03 
 1847.000  7.047772e-04 
 1848.000  7.269775e-04 
 1849.000  7.195469e-04 
 1850.000  7.265832e-04 
 1851.000  6.747130e-04 
 1852.000  7.159024e-04 
 1853.000  7.009237e-04 
 1854.000  7.202380e-04 
 1855.000  7.687972e-04 
 1856.000  8.794877e-04 
 1857.000  9.164502e-04 
 1858.000  1.492173e-03 
 1859.000  3.461414e-03 
 1860.000  3.425209e-03 
 1861.000  8.055529e-03 
 1862.000  7.212061e-03 
 1863.000  8.220682e-03 
 1864.000  6.342432e-03 
 1865.000  6.377257e-03 
 1866.000  2.222097e-03 
 1867.000  2.188555e-03 
 1868.000  2.653111e-04 
 1869.000  2.953556e-04 
 1870.000  3.547004e-05 
 1871.000  1.202759e-08 
 1872.000  1.194497e-08 
 1873.000  5.396286e-05 
 1874.000  5.394548e-05 
 1875.000  4.319547e-04 
 1876.000  4.181303e-04 
 1877.000  3.906387e-03 
 1878.000  1.301311e-02 
 1879.000  1.330721e-02 
 1880.000  2.831140e-02 
 1881.000  2.920116e-02 
 1882.000  4.548984e-02 
 1883.000  5.451052e-02 
 1884.000  7.066894e-02 
 1885.000  7.034662e-02 
 1886.000  6.824331e-02 
 1887.000  7.821876e-02 
 1888.000  7.722213e-02 
 1889.000  5.568587e-02 
 1890.000  5.364631e-02 
 1891.000  4.418055e-02 
 1892.000  4.287007e-02 
 1893.000  3.480203e-02 
 1894.000  2.772192e-02 
 1895.000  2.707791e-02 
 1896.000  1.582576e-02 
 1897.000  1.576950e-02 
 1898.000  5.956001e-03 
 1899.000  5.868019e-03 
 1900.000  2.520699e-03 
 1901.000  2.534067e-03 
 1902.000  1.703313e-03 
 1903.000  2.987785e-03 
 1904.000  2.964007e-03 
 1905.000  6.072395e-03 
 1906.000  6.103682e-03 
 1907.000  1.097944e-02 
 1908.000  1.078627e-02 
 1909.000  1.301477e-02 
 1910.000  1.304626e-02 
 1911.000  1.445750e-02 
 1912.000  1.508414e-02 
 1913.000  2.522211e-02 
 1914.000  3.698194e-02 
 1915.000  3.677557e-02 
 1916.000  1.013805e-01 
 1917.000  1.019989e-01 
 1918.000  1.558050e-01 
 1919.000  1.552797e-01 
 1920.000  2.720836e-01 
 1921.000  2.832196e-01 
 1922.000  3.789322e-01 
 1923.000  4.221208e-01 
 1924.000  5.055277e-01 
 1925.000  5.274782e-01 
 1926.000  5.306897e-01 
 1927.000  7.351335e-01 
 1928.000  7.280832e-01 
 1929.000  8.285074e-01 
 1930.000  8.618000e-01 
 1931.000  1.426175e+00 
 1932.000  1.470642e+00 
 1933.000  1.713669e+00 
 1934.000  2.061942e+00 
 1935.000  2.642959e+00 
 1936.000  2.679534e+00 
 1937.000  2.854293e+00 
 1938.000  3.768393e+00 
 1939.000  3.601150e+00 
 1940.000  4.421302e+00 
 1941.000  4.464938e+00 
 1942.000  5.817063e+00 
 1943.000  5.646917e+00 
 1944.000  6.260303e+00 
 1945.000  5.882634e+00 
 1946.000  7.871521e+00 
 1947.000  8.363070e+00 
 1948.000  9.334380e+00 
 1949.000  9.854655e+00 
 1950.000  1.063652e+01 
 1951.000  1.032837e+01 
 1952.000  1.031650e+01 
 1953.000  1.099560e+01 
 1954.000  1.100025e+01 
 1955.000  1.098653e+01 
 1956.000  1.057862e+01 
 1957.000  1.163369e+01 
 1958.000  1.168818e+01 
 1959.000  1.369938e+01 
 1960.000  1.359630e+01 
 1961.000  1.680247e+01 
 1962.000  1.646830e+01 
 1963.000  2.007733e+01 
 1964.000  2.010056e+01 
 1965.000  2.508908e+01 
 1966.000  2.447594e+01 
 1967.000  2.829499e+01 
 1968.000  2.838070e+01 
 1969.000  3.178242e+01 
 1970.000  3.206235e+01 
 1971.000  3.427790e+01 
 1972.000  3.421468e+01 
 1973.000  3.460999e+01 
 1974.000  3.555882e+01 
 1975.000  3.830861e+01 
 1976.000  3.850647e+01 
 1977.000  4.039505e+01 
 1978.000  3.833749e+01 
 1979.000  4.208536e+01 
 1980.000  4.087077e+01 
 1981.000  4.339863e+01 
 1982.000  4.378305e+01 
 1983.000  4.470193e+01 
 1984.000  4.430245e+01 
 1985.000  4.488513e+01 
 1986.000  4.398746e+01 
 1987.000  4.463168e+01 
 1988.000  4.591406e+01 
 1989.000  4.569181e+01 
 1990.000  4.556080e+01 
 1991.000  4.526313e+01 
 1992.000  4.468333e+01 
 1993.000  4.263030e+01 
 1994.000  4.297425e+01 
 1995.000  4.037541e+01 
 1996.000  4.040227e+01 
 1997.000  3.376316e+01 
 1998.000  3.312372e+01 
 1999.000  2.584466e+01 
 2000.000  2.588284e+01 
 2001.000  1.937065e+01 
 2002.000  1.940202e+01 
 2003.000  1.626924e+01 
 2004.000  1.627138e+01 
 2005.000  1.664537e+01 
 2006.000  1.621337e+01 
 2007.000  1.830188e+01 
 2008.000  1.830057e+01 
 2009.000  1.965378e+01 
 2010.000  1.969010e+01 
 2011.000  2.012062e+01 
 2012.000  2.010854e+01 
 2013.000  2.051869e+01 
 2014.000  2.031762e+01 
 2015.000  2.144222e+01 
 2016.000  2.141889e+01 
 2017.000  2.397778e+01 
 2018.000  2.403461e+01 
 2019.000  2.846979e+01 
 2020.000  2.826854e+01 
 2021.000  3.202946e+01 
 2022.000  3.315852e+01 
 2023.000  3.790574e+01 
 2024.000  3.795042e+01 
 2025.000  4.129072e+01 
 2026.000  4.166558e+01 
 2027.000  4.398948e+01 
 2028.000  4.415364e+01 
 2029.000  4.543848e+01 
 2030.000  4.490758e+01 
 2031.000  4.674476e+01 
 2032.000  4.752544e+01 
 2033.000  4.880929e+01 
 2034.000  4.877127e+01 
 2035.000  4.777790e+01 
 2036.000  4.889872e+01 
 2037.000  4.923423e+01 
 2038.000  4.659344e+01 
 2039.000  4.808730e+01 
 2040.000  4.847832e+01 
 2041.000  4.796761e+01 
 2042.000  4.752158e+01 
 2043.000  4.681122e+01 
 2044.000  4.680322e+01 
 2045.000  4.499097e+01 
 2046.000  4.496059e+01 
 2047.000  4.471720e+01 
 2048.000  4.164775e+01 
 2049.000  4.187867e+01 
 2050.000  3.833599e+01 
 2051.000  3.812390e+01 
 2052.000  3.579724e+01 
 2053.000  3.529576e+01 
 2054.000  3.492076e+01 
 2055.000  3.518618e+01 
 2056.000  3.572336e+01 
 2057.000  3.558581e+01 
 2058.000  3.663877e+01 
 2059.000  3.665171e+01 
 2060.000  3.691378e+01 
 2061.000  3.593660e+01 
 2062.000  3.700839e+01 
 2063.000  3.687104e+01 
 2064.000  3.473847e+01 
 2065.000  3.677516e+01 
 2066.000  3.682131e+01 
 2067.000  3.723051e+01 
 2068.000  3.691524e+01 
 2069.000  3.802322e+01 
 2070.000  3.674947e+01 
 2071.000  3.990757e+01 
 2072.000  3.945054e+01 
 2073.000  4.216544e+01 
 2074.000  4.210242e+01 
 2075.000  4.385406e+01 
 2076.000  4.380433e+01 
 2077.000  4.514314e+01 
 2078.000  4.513289e+01 
 2079.000  4.438347e+01 
 2080.000  4.574362e+01 
 2081.000  4.529821e+01 
 2082.000  4.616564e+01 
 2083.000  4.536037e+01 
 2084.000  4.596662e+01 
 2085.000  4.634992e+01 
 2086.000  4.697511e+01 
 2087.000  4.695260e+01 
 2088.000  4.748016e+01 
 2089.000  4.754741e+01 
 2090.000  4.782114e+01 
 2091.000  4.746378e+01 
 2092.000  4.565323e+01 
 2093.000  4.729321e+01 
 2094.000  4.773857e+01 
 2095.000  4.621137e+01 
 2096.000  4.760325e+01 
 2097.000  4.736623e+01 
 2098.000  4.730159e+01 
 2099.000  4.762524e+01 
 2100.000  4.775193e+01 
 2101.000  4.806170e+01 
 2102.000  4.839001e+01 
 2103.000  4.765202e+01 
 2104.000  4.859353e+01 
 2105.000  4.855278e+01 
 2106.000  4.897735e+01 
 2107.000  4.883078e+01 
 2108.000  4.881682e+01 
 2109.000  4.856682e+01 
 2110.000  4.728451e+01 
 2111.000  4.838591e+01 
 2112.000  4.817108e+01 
 2113.000  4.792665e+01 
 2114.000  4.807710e+01 
 2115.000  4.792397e+01 
 2116.000  4.759653e+01 
 2117.000  4.639854e+01 
 2118.000  4.747200e+01 
 2119.000  4.789608e+01 
 2120.000  4.674961e+01 
 2121.000  4.794078e+01 
 2122.000  4.752784e+01 
 2123.000  4.756023e+01 
 2124.000  4.703961e+01 
 2125.000  4.805594e+01 
 2126.000  4.856956e+01 
 2127.000  4.772428e+01 
 2128.000  4.898162e+01 
 2129.000  4.887139e+01 
 2130.000  4.883200e+01 
 2131.000  4.912651e+01 
 2132.000  4.903939e+01 
 2133.000  4.911251e+01 
 2134.000  4.896446e+01 
 2135.000  4.908785e+01 
 2136.000  4.729599e+01 
 2137.000  4.893809e+01 
 2138.000  4.892789e+01 
 2139.000  4.868289e+01 
 2140.000  4.865269e+01 
 2141.000  4.869725e+01 
 2142.000  4.832018e+01 
 2143.000  4.807863e+01 
 2144.000  4.754144e+01 
 2145.000  4.706801e+01 
 2146.000  4.588279e+01 
 2147.000  4.634888e+01 
 2148.000  4.636933e+01 
 2149.000  4.527920e+01 
 2150.000  4.522435e+01 
 2151.000  4.445681e+01 
 2152.000  4.434797e+01 
 2153.000  4.391709e+01 
 2154.000  4.402118e+01 
 2155.000  4.400138e+01 
 2156.000  4.413688e+01 
 2157.000  4.402443e+01 
 2158.000  4.404004e+01 
 2159.000  4.383625e+01 
 2160.000  4.377251e+01 
 2161.000  4.372895e+01 
 2162.000  4.314292e+01 
 2163.000  4.328125e+01 
 2164.000  4.267509e+01 
 2165.000  4.134287e+01 
 2166.000  3.713699e+01 
 2167.000  4.071214e+01 
 2168.000  4.200069e+01 
 2169.000  4.311527e+01 
 2170.000  4.316821e+01 
 2171.000  4.354446e+01 
 2172.000  4.331092e+01 
 2173.000  4.346698e+01 
 2174.000  4.316608e+01 
 2175.000  4.321871e+01 
 2176.000  4.295365e+01 
 2177.000  4.242587e+01 
 2178.000  4.273520e+01 
 2179.000  4.083813e+01 
 2180.000  4.248663e+01 
 2181.000  4.241946e+01 
 2182.000  4.178387e+01 
 2183.000  4.075316e+01 
 2184.000  4.180278e+01 
 2185.000  4.190871e+01 
 2186.000  4.209289e+01 
 2187.000  4.203716e+01 
 2188.000  4.097509e+01 
 2189.000  4.091426e+01 
 2190.000  4.141046e+01 
 2191.000  4.196835e+01 
 2192.000  4.185379e+01 
 2193.000  4.122173e+01 
 2194.000  4.111416e+01 
 2195.000  4.099190e+01 
 2196.000  4.030077e+01 
 2197.000  4.014249e+01 
 2198.000  3.979399e+01 
 2199.000  3.973703e+01 
 2200.000  3.958939e+01 
 2201.000  3.981398e+01 
 2202.000  3.974988e+01 
 2203.000  4.051233e+01 
 2204.000  4.051975e+01 
 2205.000  4.040388e+01 
 2206.000  3.973384e+01 
 2207.000  3.922776e+01 
 2208.000  4.151146e+01 
 2209.000  4.065345e+01 
 2210.000  4.211784e+01 
 2211.000  4.208046e+01 
 2212.000  4.194659e+01 
 2213.000  4.200982e+01 
 2214.000  4.184129e+01 
 2215.000  4.189098e+01 
 2216.000  4.153905e+01 
 2217.000  4.093836e+01 
 2218.000  4.146234e+01 
 2219.000  4.159478e+01 
 2220.000  4.150970e+01 
 2221.000  4.143793e+01 
 2222.000  4.127381e+01 
 2223.000  4.133456e+01 
 2224.000  4.123227e+01 
 2225.000  4.109768e+01 
 2226.000  4.038779e+01 
 2227.000  4.050262e+01 
 2228.000  4.052986e+01 
 2229.000  4.089390e+01 
 2230.000  4.046767e+01 
 2231.000  4.052921e+01 
 2232.000  4.052658e+01 
 2233.000  4.040218e+01 
 2234.000  4.032661e+01 
 2235.000  4.007301e+01 
 2236.000  3.991125e+01 
 2237.000  3.992863e+01 
 2238.000  3.942740e+01 
 2239.000  3.859968e+01 
 2240.000  3.904082e+01 
 2241.000  3.942590e+01 
 2242.000  3.933932e+01 
 2243.000  3.865411e+01 
 2244.000  3.894761e+01 
 2245.000  3.894534e+01 
 2246.000  3.886176e+01 
 2247.000  3.882481e+01 
 2248.000  3.776088e+01 
 2249.000  3.854700e+01 
 2250.000  3.818868e+01 
 2251.000  3.814367e+01 
 2252.000  3.820359e+01 
 2253.000  3.759553e+01 
 2254.000  3.665608e+01 
 2255.000  3.738922e+01 
 2256.000  3.710682e+01 
 2257.000  3.710360e+01 
 2258.000  3.701040e+01 
 2259.000  3.705198e+01 
 2260.000  3.671469e+01 
 2261.000  3.653474e+01 
 2262.000  3.660231e+01 
 2263.000  3.529152e+01 
 2264.000  3.658977e+01 
 2265.000  3.637321e+01 
 2266.000  3.589270e+01 
 2267.000  3.621042e+01 
 2268.000  3.624308e+01 
 2269.000  3.615965e+01 
 2270.000  3.605236e+01 
 2271.000  3.580354e+01 
 2272.000  3.613455e+01 
 2273.000  3.610726e+01 
 2274.000  3.599958e+01 
 2275.000  3.546535e+01 
 2276.000  3.594385e+01 
 2277.000  3.595025e+01 
 2278.000  3.592168e+01 
 2279.000  3.581025e+01 
 2280.000  3.570197e+01 
 2281.000  3.387078e+01 
 2282.000  3.497200e+01 
 2283.000  3.507214e+01 
 2284.000  3.492673e+01 
 2285.000  3.480059e+01 
 2286.000  3.460352e+01 
 2287.000  3.467308e+01 
 2288.000  3.454905e+01 
 2289.000  3.402327e+01 
 2290.000  3.402202e+01 
 2291.000  3.340436e+01 
 2292.000  3.356927e+01 
 2293.000  3.350296e+01 
 2294.000  3.156900e+01 
 2295.000  3.240520e+01 
 2296.000  3.227710e+01 
 2297.000  3.172548e+01 
 2298.000  3.242939e+01 
 2299.000  3.256958e+01 
 2300.000  3.248265e+01 
 2301.000  3.245791e+01 
 2302.000  3.296381e+01 
 2303.000  3.286592e+01 
 2304.000  3.275230e+01 
 2305.000  3.326923e+01 
 2306.000  3.330418e+01 
 2307.000  3.335070e+01 
 2308.000  3.334528e+01 
 2309.000  3.312577e+01 
 2310.000  3.283608e+01 
 2311.000  3.293893e+01 
 2312.000  3.278474e+01 
 2313.000  3.214633e+01 
 2314.000  3.195880e+01 
 2315.000  3.046999e+01 
 2316.000  3.091598e+01 
 2317.000  3.061527e+01 
 2318.000  3.232608e+01 
 2319.000  3.219638e+01 
 2320.000  3.047733e+01 
 2321.000  3.056955e+01 
 2322.000  3.054563e+01 
 2323.000  2.931823e+01 
 2324.000  3.013226e+01 
 2325.000  3.037822e+01 
 2326.000  3.022580e+01 
 2327.000  3.079972e+01 
 2328.000  3.100600e+01 
 2329.000  3.070532e+01 
 2330.000  3.065241e+01 
 2331.000  3.050359e+01 
 2332.000  3.006865e+01 
 2333.000  3.004774e+01 
 2334.000  2.914848e+01 
 2335.000  2.873439e+01 
 2336.000  2.892564e+01 
 2337.000  2.810284e+01 
 2338.000  2.795761e+01 
 2339.000  2.723411e+01 
 2340.000  2.727816e+01 
 2341.000  2.731104e+01 
 2342.000  2.675208e+01 
 2343.000  2.662576e+01 
 2344.000  2.654819e+01 
 2345.000  2.614171e+01 
 2346.000  2.620411e+01 
 2347.000  2.603939e+01 
 2348.000  2.585701e+01 
 2349.000  2.598078e+01 
 2350.000  2.581610e+01 
 2351.000  2.601912e+01 
 2352.000  2.561484e+01 
 2353.000  2.501652e+01 
 2354.000  2.566704e+01 
 2355.000  2.595976e+01 
 2356.000  2.643694e+01 
 2357.000  2.622301e+01 
 2358.000  2.621155e+01 
 2359.000  2.670350e+01 
 2360.000  2.672658e+01 
 2361.000  2.653068e+01 
 2362.000  2.593927e+01 
 2363.000  2.590282e+01 
 2364.000  2.594847e+01 
 2365.000  2.494033e+01 
 2366.000  2.499178e+01 
 2367.000  2.373662e+01 
 2368.000  2.361760e+01 
 2369.000  2.339161e+01 
 2370.000  2.258371e+01 
 2371.000  2.284568e+01 
 2372.000  2.285301e+01 
 2373.000  2.274748e+01 
 2374.000  2.163700e+01 
 2375.000  2.233207e+01 
 2376.000  2.231952e+01 
 2377.000  2.224777e+01 
 2378.000  2.218222e+01 
 2379.000  2.237332e+01 
 2380.000  2.230078e+01 
 2381.000  2.182073e+01 
 2382.000  2.187372e+01 
 2383.000  2.082444e+01 
 2384.000  2.080740e+01 
 2385.000  2.096847e+01 
 2386.000  2.112230e+01 
 2387.000  2.114896e+01 
 2388.000  2.171644e+01 
 2389.000  2.163828e+01 
 2390.000  2.216095e+01 
 2391.000  2.212263e+01 
 2392.000  2.202051e+01 
 2393.000  2.216348e+01 
 2394.000  2.245159e+01 
 2395.000  2.225343e+01 
 2396.000  2.218318e+01 
 2397.000  2.228713e+01 
 2398.000  2.208172e+01 
 2399.000  2.184148e+01 
 2400.000  2.163759e+01 
 2401.000  2.108375e+01 
 2402.000  2.119123e+01 
 2403.000  2.103643e+01 
 2404.000  1.985798e+01 
 2405.000  1.998923e+01 
 2406.000  1.969897e+01 
 2407.000  1.876911e+01 
 2408.000  1.880216e+01 
 2409.000  1.874189e+01 
 2410.000  1.759039e+01 
 2411.000  1.760714e+01 
 2412.000  1.758540e+01 
 2413.000  1.678777e+01 
 2414.000  1.620362e+01 
 2415.000  1.612063e+01 
 2416.000  1.562046e+01 
 2417.000  1.632562e+01 
 2418.000  1.646806e+01 
 2419.000  1.779489e+01 
 2420.000  1.760480e+01 
 2421.000  1.761269e+01 
 2422.000  1.848991e+01 
 2423.000  1.836025e+01 
 2424.000  1.841523e+01 
 2425.000  1.867298e+01 
 2426.000  1.890907e+01 
 2427.000  1.863416e+01 
 2428.000  1.854964e+01 
 2429.000  1.867529e+01 
 2430.000  1.856390e+01 
 2431.000  1.793642e+01 
 2432.000  1.804796e+01 
 2433.000  1.788570e+01 
 2434.000  1.682275e+01 
 2435.000  1.663878e+01 
 2436.000  1.710467e+01 
 2437.000  1.700348e+01 
 2438.000  1.659577e+01 
 2439.000  1.695048e+01 
 2440.000  1.598423e+01 
 2441.000  1.579903e+01 
 2442.000  1.589688e+01 
 2443.000  1.435403e+01 
 2444.000  1.428292e+01 
 2445.000  1.309695e+01 
 2446.000  1.271936e+01 
 2447.000  1.274895e+01 
 2448.000  1.232977e+01 
 2449.000  1.233039e+01 
 2450.000  1.241713e+01 
 2451.000  1.254421e+01 
 2452.000  1.253888e+01 
 2453.000  1.273478e+01 
 2454.000  1.417774e+01 
 2455.000  1.403231e+01 
 2456.000  1.400840e+01 
 2457.000  1.336640e+01 
 2458.000  1.442095e+01 
 2459.000  1.452125e+01 
 2460.000  1.443257e+01 
 2461.000  1.370540e+01 
 2462.000  1.374184e+01 
 2463.000  1.349904e+01 
 2464.000  1.257965e+01 
 2465.000  1.248157e+01 
 2466.000  1.238484e+01 
 2467.000  1.115546e+01 
 2468.000  1.115510e+01 
 2469.000  1.089668e+01 
 2470.000  8.843436e+00 
 2471.000  9.221471e+00 
 2472.000  9.185370e+00 
 2473.000  8.587345e+00 
 2474.000  8.434922e+00 
 2475.000  8.420300e+00 
 2476.000  6.911458e+00 
 2477.000  7.013286e+00 
 2478.000  6.979853e+00 
 2479.000  5.496023e+00 
 2480.000  5.576176e+00 
 2481.000  5.330865e+00 
 2482.000  4.267604e+00 
 2483.000  4.149328e+00 
 2484.000  4.343729e+00 
 2485.000  3.553692e+00 
 2486.000  3.532373e+00 
 2487.000  3.214241e+00 
 2488.000  3.146443e+00 
 2489.000  3.144439e+00 
 2490.000  3.161031e+00 
 2491.000  3.228144e+00 
 2492.000  3.241520e+00 
 2493.000  3.190359e+00 
 2494.000  3.175292e+00 
 2495.000  3.140826e+00 
 2496.000  3.121372e+00 
 2497.000  3.414361e+00 
 2498.000  3.391400e+00 
 2499.000  3.407656e+00 
 2500.000  3.121040e+00 
 2501.000  2.609465e+00 
 2502.000  2.625219e+00 
 2503.000  2.598053e+00 
 2504.000  2.294416e+00 
 2505.000  2.320477e+00 
 2506.000  2.062948e+00 
 2507.000  1.331569e+00 
 2508.000  1.312972e+00 
 2509.000  1.308040e+00 
 2510.000  9.680704e-01 
 2511.000  9.740511e-01 
 2512.000  8.045324e-01 
 2513.000  4.564816e-01 
 2514.000  4.557110e-01 
 2515.000  4.535533e-01 
 2516.000  3.727079e-01 
 2517.000  3.696036e-01 
 2518.000  3.638748e-01 
 2519.000  1.460530e-01 
 2520.000  1.458564e-01 
 2521.000  1.461417e-01 
 2522.000  1.457879e-01 
 2523.000  8.940355e-02 
 2524.000  8.910296e-02 
 2525.000  6.263001e-02 
 2526.000  2.108894e-02 
 2527.000  2.096134e-02 
 2528.000  2.104918e-02 
 2529.000  1.066995e-02 
 2530.000  1.068590e-02 
 2531.000  1.071473e-02 
 2532.000  1.805232e-03 
 2533.000  1.789046e-03 
 2534.000  1.803364e-03 
 2535.000  1.087488e-03 
 2536.000  1.093721e-03 
 2537.000  1.083244e-03 
 2538.000  5.638308e-04 
 2539.000  8.716129e-05 
 2540.000  8.740128e-05 
 2541.000  8.787486e-05 
 2542.000  4.118666e-05 
 2543.000  4.286549e-05 
 2544.000  1.373146e-05 
 2545.000  3.697660e-06 
 2546.000  3.711311e-06 
 2547.000  3.621273e-06 
 2548.000  3.675037e-06 
 2549.000  3.741521e-06 
 2550.000  3.722242e-06 
 2551.000  1.134140e-06 
 2552.000  3.124110e-07 
 2553.000  3.094535e-07 
 2554.000  3.160919e-07 
 2555.000  2.337195e-07 
 2556.000  2.321297e-07 
 2557.000  5.742716e-08 
 2558.000  0.000000e+00 
 2559.000  0.000000e+00 
 2560.000  0.000000e+00 
 2561.000  0.000000e+00 
 2562.000  0.000000e+00 
 2563.000  0.000000e+00 
 2564.000  0.000000e+00 
 2565.000  0.000000e+00 
 2566.000  0.000000e+00 
 2567.000  0.000000e+00 
 2568.000  0.000000e+00 
 2569.000  0.000000e+00 
 2570.000  0.000000e+00 
 2571.000  0.000000e+00 
 2572.000  0.000000e+00 
 2573.000  0.000000e+00 
 2574.000  0.000000e+00 
 2575.000  0.000000e+00 
 2576.000  0.000000e+00 
 2577.000  0.000000e+00 
 2578.000  0.000000e+00 
 2579.000  0.000000e+00 
 2580.000  0.000000e+00 
 2581.000  0.000000e+00 
 2582.000  0.000000e+00 
 2583.000  0.000000e+00 
 2584.000  0.000000e+00 
 2585.000  0.000000e+00 
 2586.000  0.000000e+00 
 2587.000  0.000000e+00 
 2588.000  0.000000e+00 
 2589.000  0.000000e+00 
 2590.000  0.000000e+00 
 2591.000  0.000000e+00 
 2592.000  0.000000e+00 
 2593.000  0.000000e+00 
 2594.000  0.000000e+00 
 2595.000  0.000000e+00 
 2596.000  0.000000e+00 
 2597.000  0.000000e+00 
 2598.000  0.000000e+00 
 2599.000  0.000000e+00 
 2600.000  0.000000e+00 
 2601.000  0.000000e+00 
 2602.000  0.000000e+00 
 2603.000  0.000000e+00 
 2604.000  0.000000e+00 
 2605.000  0.000000e+00 
 2606.000  0.000000e+00 
 2607.000  0.000000e+00 
 2608.000  0.000000e+00 
 2609.000  0.000000e+00 
 2610.000  0.000000e+00 
 2611.000  0.000000e+00 
 2612.000  0.000000e+00 
 2613.000  0.000000e+00 
 2614.000  0.000000e+00 
 2615.000  0.000000e+00 
 2616.000  0.000000e+00 
 2617.000  0.000000e+00 
 2618.000  0.000000e+00 
 2619.000  0.000000e+00 
 2620.000  0.000000e+00 
 2621.000  0.000000e+00 
 2622.000  0.000000e+00 
 2623.000  0.000000e+00 
 2624.000  0.000000e+00 
 2625.000  0.000000e+00 
 2626.000  0.000000e+00 
 2627.000  0.000000e+00 
 2628.000  0.000000e+00 
 2629.000  0.000000e+00 
 2630.000  0.000000e+00 
 2631.000  0.000000e+00 
 2632.000  0.000000e+00 
 2633.000  0.000000e+00 
 2634.000  0.000000e+00 
 2635.000  0.000000e+00 
 2636.000  0.000000e+00 
 2637.000  0.000000e+00 
 2638.000  0.000000e+00 
 2639.000  0.000000e+00 
 2640.000  0.000000e+00 
 2641.000  0.000000e+00 
 2642.000  0.000000e+00 
 2643.000  0.000000e+00 
 2644.000  0.000000e+00 
 2645.000  0.000000e+00 
 2646.000  0.000000e+00 
 2647.000  0.000000e+00 
 2648.000  0.000000e+00 
 2649.000  0.000000e+00 
 2650.000  0.000000e+00 
 2651.000  0.000000e+00 
 2652.000  0.000000e+00 
 2653.000  0.000000e+00 
 2654.000  0.000000e+00 
 2655.000  0.000000e+00 
 2656.000  0.000000e+00 
 2657.000  0.000000e+00 
 2658.000  0.000000e+00 
 2659.000  0.000000e+00 
 2660.000  0.000000e+00 
 2661.000  0.000000e+00 
 2662.000  0.000000e+00 
 2663.000  0.000000e+00 
 2664.000  0.000000e+00 
 2665.000  0.000000e+00 
 2666.000  0.000000e+00 
 2667.000  0.000000e+00 
 2668.000  0.000000e+00 
 2669.000  0.000000e+00 
 2670.000  0.000000e+00 
 2671.000  0.000000e+00 
 2672.000  0.000000e+00 
 2673.000  0.000000e+00 
 2674.000  0.000000e+00 
 2675.000  0.000000e+00 
 2676.000  0.000000e+00 
 2677.000  0.000000e+00 
 2678.000  0.000000e+00 
 2679.000  0.000000e+00 
 2680.000  0.000000e+00 
 2681.000  0.000000e+00 
 2682.000  0.000000e+00 
 2683.000  0.000000e+00 
 2684.000  0.000000e+00 
 2685.000  0.000000e+00 
 2686.000  0.000000e+00 
 2687.000  0.000000e+00 
 2688.000  0.000000e+00 
 2689.000  0.000000e+00 
 2690.000  0.000000e+00 
 2691.000  0.000000e+00 
 2692.000  0.000000e+00 
 2693.000  0.000000e+00 
 2694.000  0.000000e+00 
 2695.000  0.000000e+00 
 2696.000  0.000000e+00 
 2697.000  0.000000e+00 
 2698.000  0.000000e+00 
 2699.000  0.000000e+00 
 2700.000  0.000000e+00 
 2701.000  0.000000e+00 
 2702.000  0.000000e+00 
 2703.000  0.000000e+00 
 2704.000  0.000000e+00 
 2705.000  0.000000e+00 
 2706.000  0.000000e+00 
 2707.000  0.000000e+00 
 2708.000  0.000000e+00 
 2709.000  0.000000e+00 
 2710.000  0.000000e+00 
 2711.000  0.000000e+00 
 2712.000  0.000000e+00 
 2713.000  0.000000e+00 
 2714.000  0.000000e+00 
 2715.000  0.000000e+00 
 2716.000  0.000000e+00 
 2717.000  0.000000e+00 
 2718.000  0.000000e+00 
 2719.000  0.000000e+00 
 2720.000  0.000000e+00 
 2721.000  0.000000e+00 
 2722.000  0.000000e+00 
 2723.000  0.000000e+00 
 2724.000  0.000000e+00 
 2725.000  0.000000e+00 
 2726.000  0.000000e+00 
 2727.000  0.000000e+00 
 2728.000  0.000000e+00 
 2729.000  0.000000e+00 
 2730.000  0.000000e+00 
 2731.000  0.000000e+00 
 2732.000  0.000000e+00 
 2733.000  0.000000e+00 
 2734.000  0.000000e+00 
 2735.000  0.000000e+00 
 2736.000  0.000000e+00 
 2737.000  0.000000e+00 
 2738.000  0.000000e+00 
 2739.000  0.000000e+00 
 2740.000  0.000000e+00 
 2741.000  0.000000e+00 
 2742.000  0.000000e+00 
 2743.000  0.000000e+00 
 2744.000  0.000000e+00 
 2745.000  0.000000e+00 
 2746.000  0.000000e+00 
 2747.000  0.000000e+00 
 2748.000  0.000000e+00 
 2749.000  0.000000e+00 
 2750.000  0.000000e+00 
 2751.000  0.000000e+00 
 2752.000  0.000000e+00 
 2753.000  0.000000e+00 
 2754.000  0.000000e+00 
 2755.000  0.000000e+00 
 2756.000  0.000000e+00 
 2757.000  0.000000e+00 
 2758.000  0.000000e+00 
 2759.000  0.000000e+00 
 2760.000  0.000000e+00 
 2761.000  0.000000e+00 
 2762.000  0.000000e+00 
 2763.000  0.000000e+00 
 2764.000  0.000000e+00 
 2765.000  0.000000e+00 
 2766.000  0.000000e+00 
 2767.000  0.000000e+00 
 2768.000  0.000000e+00 
 2769.000  0.000000e+00 
 2770.000  0.000000e+00 
 2771.000  0.000000e+00 
 2772.000  0.000000e+00 
 2773.000  0.000000e+00 
 2774.000  0.000000e+00 
 2775.000  0.000000e+00 
 2776.000  0.000000e+00 
 2777.000  0.000000e+00 
 2778.000  0.000000e+00 
 2779.000  0.000000e+00 
 2780.000  0.000000e+00 
 2781.000  0.000000e+00 
 2782.000  0.000000e+00 
 2783.000  0.000000e+00 
 2784.000  0.000000e+00 
 2785.000  0.000000e+00 
 2786.000  0.000000e+00 
 2787.000  0.000000e+00 
 2788.000  0.000000e+00 
 2789.000  0.000000e+00 
 2790.000  0.000000e+00 
 2791.000  0.000000e+00 
 2792.000  0.000000e+00 
 2793.000  0.000000e+00 
 2794.000  0.000000e+00 
 2795.000  0.000000e+00 
 2796.000  0.000000e+00 
 2797.000  0.000000e+00 
 2798.000  2.329154e-10 
 2799.000  2.330531e-10 
 2800.000  2.337858e-10 
 2801.000  4.855709e-10 
 2802.000  2.121441e-09 
 2803.000  2.117009e-09 
 2804.000  2.106795e-09 
 2805.000  2.124619e-09 
 2806.000  4.422949e-07 
 2807.000  4.406243e-07 
 2808.000  4.425142e-07 
 2809.000  4.985533e-06 
 2810.000  4.994186e-06 
 2811.000  4.988864e-06 
 2812.000  4.993921e-06 
 2813.000  1.830852e-05 
 2814.000  1.830861e-05 
 2815.000  1.833972e-05 
 2816.000  1.824916e-05 
 2817.000  1.421453e-04 
 2818.000  1.421532e-04 
 2819.000  1.419483e-04 
 2820.000  1.417728e-04 
 2821.000  3.415431e-04 
 2822.000  3.409929e-04 
 2823.000  3.408786e-04 
 2824.000  3.397751e-04 
 2825.000  1.195797e-03 
 2826.000  1.197612e-03 
 2827.000  1.195126e-03 
 2828.000  1.192735e-03 
 2829.000  1.456025e-03 
 2830.000  1.456979e-03 
 2831.000  1.453678e-03 
 2832.000  1.457490e-03 
 2833.000  3.192776e-03 
 2834.000  3.196844e-03 
 2835.000  3.195296e-03 
 2836.000  3.190980e-03 
 2837.000  3.621671e-03 
 2838.000  3.614919e-03 
 2839.000  3.621541e-03 
 2840.000  3.601511e-03 
 2841.000  7.051386e-03 
 2842.000  7.179289e-03 
 2843.000  7.148503e-03 
 2844.000  7.151526e-03 
 2845.000  7.948759e-03 
 2846.000  7.944039e-03 
 2847.000  7.933463e-03 
 2848.000  7.936412e-03 
 2849.000  9.866513e-03 
 2850.000  1.705781e-02 
 2851.000  1.705549e-02 
 2852.000  1.705475e-02 
 2853.000  1.714123e-02 
 2854.000  2.644080e-02 
 2855.000  2.656092e-02 
 2856.000  2.655266e-02 
 2857.000  3.099417e-02 
 2858.000  5.787589e-02 
 2859.000  5.767064e-02 
 2860.000  5.727906e-02 
 2861.000  5.767600e-02 
 2862.000  9.628824e-02 
 2863.000  9.617865e-02 
 2864.000  9.616819e-02 
 2865.000  1.124335e-01 
 2866.000  1.659286e-01 
 2867.000  1.652427e-01 
 2868.000  1.638047e-01 
 2869.000  1.645697e-01 
 2870.000  2.198442e-01 
 2871.000  2.208556e-01 
 2872.000  2.184180e-01 
 2873.000  2.398917e-01 
 2874.000  3.325542e-01 
 2875.000  3.344489e-01 
 2876.000  3.360618e-01 
 2877.000  3.365185e-01 
 2878.000  4.373773e-01 
 2879.000  4.373158e-01 
 2880.000  4.364092e-01 
 2881.000  4.367036e-01 
 2882.000  6.608211e-01 
 2883.000  6.615186e-01 
 2884.000  6.609203e-01 
 2885.000  6.591789e-01 
 2886.000  6.573293e-01 
 2887.000  7.242000e-01 
 2888.000  7.234368e-01 
 2889.000  7.196029e-01 
 2890.000  7.759345e-01 
 2891.000  8.868799e-01 
 2892.000  8.862580e-01 
 2893.000  8.848552e-01 
 2894.000  8.814368e-01 
 2895.000  8.795527e-01 
 2896.000  8.780807e-01 
 2897.000  8.783882e-01 
 2898.000  9.223482e-01 
 2899.000  8.980649e-01 
 2900.000  9.005868e-01 
 2901.000  8.980139e-01 
 2902.000  8.986359e-01 
 2903.000  1.035870e+00 
 2904.000  1.034193e+00 
 2905.000  1.034423e+00 
 2906.000  1.019286e+00 
 2907.000  1.221720e+00 
 2908.000  1.220253e+00 
 2909.000  1.219756e+00 
 2910.000  1.217977e+00 
 2911.000  1.216551e+00 
 2912.000  1.372455e+00 
 2913.000  1.368394e+00 
 2914.000  1.366012e+00 
 2915.000  1.407233e+00 
 2916.000  1.759548e+00 
 2917.000  1.773763e+00 
 2918.000  1.771173e+00 
 2919.000  1.769392e+00 
 2920.000  9.508448e+00 
 2921.000  9.502813e+00 
 2922.000  9.476401e+00 
 2923.000  9.397056e+00 
 2924.000  2.729502e+00 
 2925.000  2.758855e+00 
 2926.000  2.714275e+00 
 2927.000  2.754837e+00 
 2928.000  2.754446e+00 
 2929.000  2.932436e+00 
 2930.000  2.979434e+00 
 2931.000  2.976468e+00 
 2932.000  3.093774e+00 
 2933.000  3.087085e+00 
 2934.000  3.092068e+00 
 2935.000  3.078160e+00 
 2936.000  3.080324e+00 
 2937.000  2.839492e+00 
 2938.000  2.840631e+00 
 2939.000  2.823494e+00 
 2940.000  2.831569e+00 
 2941.000  2.892144e+00 
 2942.000  2.675636e+00 
 2943.000  2.638372e+00 
 2944.000  2.657960e+00 
 2945.000  2.659734e+00 
 2946.000  2.716501e+00 
 2947.000  2.664459e+00 
 2948.000  2.706941e+00 
 2949.000  2.760575e+00 
 2950.000  2.933545e+00 
 2951.000  2.926561e+00 
 2952.000  2.908312e+00 
 2953.000  2.926013e+00 
 2954.000  2.918432e+00 
 2955.000  3.014302e+00 
 2956.000  3.021181e+00 
 2957.000  3.017150e+00 
 2958.000  3.059545e+00 
 2959.000  2.897330e+00 
 2960.000  2.883379e+00 
 2961.000  2.875970e+00 
 2962.000  2.885797e+00 
 2963.000  2.306420e+00 
 2964.000  2.301806e+00 
 2965.000  2.302343e+00 
 2966.000  2.297362e+00 
 2967.000  2.322709e+00 
 2968.000  1.920541e+00 
 2969.000  1.914978e+00 
 2970.000  1.912362e+00 
 2971.000  1.908550e+00 
 2972.000  2.078285e+00 
 2973.000  2.077425e+00 
 2974.000  2.076292e+00 
 2975.000  2.072913e+00 
 2976.000  2.093064e+00 
 2977.000  2.695564e+00 
 2978.000  2.686694e+00 
 2979.000  2.664422e+00 
 2980.000  2.684512e+00 
 2981.000  3.631110e+00 
 2982.000  3.618673e+00 
 2983.000  3.622885e+00 
 2984.000  3.617986e+00 
 2985.000  3.646809e+00 
 2986.000  4.514067e+00 
 2987.000  4.507010e+00 
 2988.000  4.470532e+00 
 2989.000  4.494132e+00 
 2990.000  4.547027e+00 
 2991.000  4.562028e+00 
 2992.000  4.557337e+00 
 2993.000  4.550645e+00 
 2994.000  4.544628e+00 
 2995.000  4.493396e+00 
 2996.000  4.485856e+00 
 2997.000  4.403584e+00 
 2998.000  4.462870e+00 
 2999.000  4.240562e+00 
 3000.000  4.171516e+00 
 3001.000  4.236761e+00 
 3002.000  4.235429e+00 
 3003.000  4.246253e+00 
 3004.000  3.694089e+00 
 3005.000  3.695412e+00 
 3006.000  3.688503e+00 
 3007.000  3.688151e+00 
 3008.000  3.611688e+00 
 3009.000  3.618389e+00 
 3010.000  3.612150e+00 
 3011.000  3.619532e+00 
 3012.000  3.614715e+00 
 3013.000  3.398060e+00 
 3014.000  3.389932e+00 
 3015.000  3.373838e+00 
 3016.000  3.385033e+00 
 3017.000  3.091243e+00 
 3018.000  3.101694e+00 
 3019.000  3.100547e+00 
 3020.000  3.064535e+00 
 3021.000  3.066990e+00 
 3022.000  3.062990e+00 
 3023.000  3.054777e+00 
 3024.000  3.048214e+00 
 3025.000  3.041889e+00 
 3026.000  2.805660e+00 
 3027.000  2.795909e+00 
 3028.000  2.782444e+00 
 3029.000  2.793462e+00 
 3030.000  2.764740e+00 
 3031.000  2.425009e+00 
 3032.000  2.420921e+00 
 3033.000  2.374806e+00 
 3034.000  2.407992e+00 
 3035.000  2.086376e+00 
 3036.000  2.077250e+00 
 3037.000  2.063741e+00 
 3038.000  2.042182e+00 
 3039.000  1.995667e+00 
 3040.000  1.762513e+00 
 3041.000  1.809248e+00 
 3042.000  1.819098e+00 
 3043.000  1.825262e+00 
 3044.000  1.826801e+00 
 3045.000  1.645405e+00 
 3046.000  1.648027e+00 
 3047.000  1.651483e+00 
 3048.000  1.639867e+00 
 3049.000  1.632694e+00 
 3050.000  1.633572e+00 
 3051.000  1.631706e+00 
 3052.000  1.629745e+00 
 3053.000  1.626904e+00 
 3054.000  1.832539e+00 
 3055.000  1.812697e+00 
 3056.000  1.831357e+00 
 3057.000  1.826692e+00 
 3058.000  1.802904e+00 
 3059.000  2.032625e+00 
 3060.000  2.038912e+00 
 3061.000  2.038802e+00 
 3062.000  2.036088e+00 
 3063.000  2.220719e+00 
 3064.000  2.189846e+00 
 3065.000  2.195081e+00 
 3066.000  2.213419e+00 
 3067.000  2.194202e+00 
 3068.000  2.274749e+00 
 3069.000  2.308332e+00 
 3070.000  2.307363e+00 
 3071.000  2.300992e+00 
 3072.000  2.302579e+00 
 3073.000  2.322011e+00 
 3074.000  2.313609e+00 
 3075.000  2.319051e+00 
 3076.000  2.301678e+00 
 3077.000  1.977344e+00 
 3078.000  1.977838e+00 
 3079.000  1.973216e+00 
 3080.000  1.968813e+00 
 3081.000  1.958947e+00 
 3082.000  1.827416e+00 
 3083.000  1.824123e+00 
 3084.000  1.832036e+00 
 3085.000  1.829648e+00 
 3086.000  1.815909e+00 
 3087.000  1.644503e+00 
 3088.000  1.653182e+00 
 3089.000  1.652218e+00 
 3090.000  1.651821e+00 
 3091.000  1.634258e+00 
 3092.000  1.422235e+00 
 3093.000  1.421622e+00 
 3094.000  1.419078e+00 
 3095.000  1.416089e+00 
 3096.000  1.447573e+00 
 3097.000  1.442241e+00 
 3098.000  1.414167e+00 
 3099.000  1.436865e+00 
 3100.000  1.441918e+00 
 3101.000  1.500999e+00 
 3102.000  1.499126e+00 
 3103.000  1.498987e+00 
 3104.000  1.496824e+00 
 3105.000  1.496412e+00 
 3106.000  1.719067e+00 
 3107.000  1.711673e+00 
 3108.000  1.718627e+00 
 3109.000  1.715486e+00 
 3110.000  1.713637e+00 
 3111.000  2.120342e+00 
 3112.000  2.115672e+00 
 3113.000  2.102726e+00 
 3114.000  2.104320e+00 
 3115.000  2.045162e+00 
 3116.000  2.712100e+00 
 3117.000  2.824260e+00 
 3118.000  2.835852e+00 
 3119.000  2.824270e+00 
 3120.000  2.827325e+00 
 3121.000  3.167891e+00 
 3122.000  3.176065e+00 
 3123.000  3.181547e+00 
 3124.000  3.178694e+00 
 3125.000  3.187082e+00 
 3126.000  3.521669e+00 
 3127.000  3.503738e+00 
 3128.000  3.517378e+00 
 3129.000  3.484566e+00 
 3130.000  3.685680e+00 
 3131.000  3.663720e+00 
 3132.000  3.680674e+00 
 3133.000  3.672130e+00 
 3134.000  3.718883e+00 
 3135.000  3.478909e+00 
 3136.000  3.474812e+00 
 3137.000  3.473056e+00 
 3138.000  3.471448e+00 
 3139.000  3.459371e+00 
 3140.000  3.509822e+00 
 3141.000  3.518170e+00 
 3142.000  3.503395e+00 
 3143.000  3.509678e+00 
 3144.000  3.563714e+00 
 3145.000  4.065076e+00 
 3146.000  4.060325e+00 
 3147.000  4.027063e+00 
 3148.000  4.045704e+00 
 3149.000  4.046299e+00 
 3150.000  4.798971e+00 
 3151.000  4.783991e+00 
 3152.000  4.530343e+00 
 3153.000  4.780487e+00 
 3154.000  4.812125e+00 
 3155.000  5.824646e+00 
 3156.000  5.819412e+00 
 3157.000  5.803322e+00 
 3158.000  5.804421e+00 
 3159.000  5.796296e+00 
 3160.000  6.608255e+00 
 3161.000  6.593163e+00 
 3162.000  6.603572e+00 
 3163.000  6.585337e+00 
 3164.000  6.536224e+00 
 3165.000  6.643195e+00 
 3166.000  6.656368e+00 
 3167.000  6.631558e+00 
 3168.000  6.590285e+00 
 3169.000  6.619940e+00 
 3170.000  6.253363e+00 
 3171.000  6.398658e+00 
 3172.000  6.395478e+00 
 3173.000  6.394023e+00 
 3174.000  6.313950e+00 
 3175.000  5.701993e+00 
 3176.000  5.693130e+00 
 3177.000  5.689023e+00 
 3178.000  5.662462e+00 
 3179.000  5.657741e+00 
 3180.000  4.662891e+00 
 3181.000  4.585448e+00 
 3182.000  4.646306e+00 
 3183.000  4.640361e+00 
 3184.000  4.571834e+00 
 3185.000  3.272129e+00 
 3186.000  3.267332e+00 
 3187.000  3.258744e+00 
 3188.000  3.252815e+00 
 3189.000  3.256371e+00 
 3190.000  2.003785e+00 
 3191.000  2.001395e+00 
 3192.000  1.999050e+00 
 3193.000  1.995572e+00 
 3194.000  1.967625e+00 
 3195.000  1.059291e+00 
 3196.000  1.053476e+00 
 3197.000  1.056706e+00 
 3198.000  1.054781e+00 
 3199.000  1.054782e+00 
 3200.000  6.887739e-01 
 3201.000  6.715099e-01 
 3202.000  6.867813e-01 
 3203.000  6.873577e-01 
 3204.000  6.840238e-01 
 3205.000  6.755111e-01 
 3206.000  5.432142e-01 
 3207.000  5.425125e-01 
 3208.000  5.419260e-01 
 3209.000  5.413368e-01 
 3210.000  5.400853e-01 
 3211.000  5.553754e-01 
 3212.000  5.545000e-01 
 3213.000  5.542341e-01 
 3214.000  5.534816e-01 
 3215.000  5.372850e-01 
 3216.000  7.259914e-01 
 3217.000  7.253442e-01 
 3218.000  7.255365e-01 
 3219.000  7.238789e-01 
 3220.000  7.235203e-01 
 3221.000  9.642351e-01 
 3222.000  9.643682e-01 
 3223.000  9.604794e-01 
 3224.000  9.553535e-01 
 3225.000  9.575020e-01 
 3226.000  1.267920e+00 
 3227.000  1.270673e+00 
 3228.000  1.267763e+00 
 3229.000  1.264402e+00 
 3230.000  1.263976e+00 
 3231.000  1.263876e+00 
 3232.000  1.751305e+00 
 3233.000  1.748789e+00 
 3234.000  1.723376e+00 
 3235.000  1.747713e+00 
 3236.000  1.749341e+00 
 3237.000  2.057947e+00 
 3238.000  2.055540e+00 
 3239.000  2.049819e+00 
 3240.000  2.048743e+00 
 3241.000  2.043802e+00 
 3242.000  2.084912e+00 
 3243.000  2.057309e+00 
 3244.000  2.083660e+00 
 3245.000  2.078552e+00 
 3246.000  2.111590e+00 
 3247.000  2.247584e+00 
 3248.000  2.244114e+00 
 3249.000  2.239658e+00 
 3250.000  2.239100e+00 
 3251.000  2.237201e+00 
 3252.000  2.233451e+00 
 3253.000  2.053801e+00 
 3254.000  2.038626e+00 
 3255.000  2.040412e+00 
 3256.000  2.046311e+00 
 3257.000  2.069571e+00 
 3258.000  1.864725e+00 
 3259.000  1.866969e+00 
 3260.000  1.847471e+00 
 3261.000  1.862842e+00 
 3262.000  1.853951e+00 
 3263.000  2.057869e+00 
 3264.000  2.061059e+00 
 3265.000  2.060965e+00 
 3266.000  2.043196e+00 
 3267.000  2.072900e+00 
 3268.000  2.462066e+00 
 3269.000  2.449987e+00 
 3270.000  2.455198e+00 
 3271.000  2.448598e+00 
 3272.000  2.449756e+00 
 3273.000  2.442475e+00 
 3274.000  2.889969e+00 
 3275.000  2.885520e+00 
 3276.000  2.841338e+00 
 3277.000  2.876693e+00 
 3278.000  2.891689e+00 
 3279.000  3.324860e+00 
 3280.000  3.314310e+00 
 3281.000  3.271130e+00 
 3282.000  3.304631e+00 
 3283.000  3.300109e+00 
 3284.000  3.307229e+00 
 3285.000  3.230515e+00 
 3286.000  3.263645e+00 
 3287.000  3.261196e+00 
 3288.000  3.256227e+00 
 3289.000  3.271214e+00 
 3290.000  2.839516e+00 
 3291.000  2.805280e+00 
 3292.000  2.830119e+00 
 3293.000  2.821875e+00 
 3294.000  2.813251e+00 
 3295.000  2.359174e+00 
 3296.000  2.322083e+00 
 3297.000  2.265332e+00 
 3298.000  2.298519e+00 
 3299.000  2.352661e+00 
 3300.000  2.392762e+00 
 3301.000  2.034171e+00 
 3302.000  2.049931e+00 
 3303.000  2.048663e+00 
 3304.000  2.048366e+00 
 3305.000  2.046313e+00 
 3306.000  1.722295e+00 
 3307.000  1.726900e+00 
 3308.000  1.723691e+00 
 3309.000  1.723401e+00 
 3310.000  1.720531e+00 
 3311.000  1.718594e+00 
 3312.000  1.630449e+00 
 3313.000  1.623370e+00 
 3314.000  1.630113e+00 
 3315.000  1.626900e+00 
 3316.000  1.613394e+00 
 3317.000  1.936678e+00 
 3318.000  1.916529e+00 
 3319.000  1.924226e+00 
 3320.000  1.747136e+00 
 3321.000  1.918848e+00 
 3322.000  1.939818e+00 
 3323.000  2.525447e+00 
 3324.000  2.530288e+00 
 3325.000  2.509168e+00 
 3326.000  2.512881e+00 
 3327.000  2.517291e+00 
 3328.000  3.135230e+00 
 3329.000  3.134980e+00 
 3330.000  3.132851e+00 
 3331.000  3.110304e+00 
 3332.000  3.106446e+00 
 3333.000  3.156372e+00 
 3334.000  3.489330e+00 
 3335.000  3.478884e+00 
 3336.000  3.479120e+00 
 3337.000  3.463883e+00 
 3338.000  3.464843e+00 
 3339.000  3.534395e+00 
 3340.000  3.501284e+00 
 3341.000  3.477586e+00 
 3342.000  3.524197e+00 
 3343.000  3.516835e+00 
 3344.000  3.553486e+00 
 3345.000  3.608729e+00 
 3346.000  3.598171e+00 
 3347.000  3.602822e+00 
 3348.000  3.600907e+00 
 3349.000  3.595236e+00 
 3350.000  3.542221e+00 
 3351.000  3.550858e+00 
 3352.000  3.554173e+00 
 3353.000  3.496666e+00 
 3354.000  3.544047e+00 
 3355.000  3.573026e+00 
 3356.000  3.826693e+00 
 3357.000  3.817391e+00 
 3358.000  3.800673e+00 
 3359.000  3.815042e+00 
 3360.000  3.809647e+00 
 3361.000  3.801193e+00 
 3362.000  4.080993e+00 
 3363.000  4.080624e+00 
 3364.000  4.079913e+00 
 3365.000  4.057348e+00 
 3366.000  4.047074e+00 
 3367.000  4.075940e+00 
 3368.000  4.458884e+00 
 3369.000  4.427485e+00 
 3370.000  4.346240e+00 
 3371.000  4.438790e+00 
 3372.000  4.446244e+00 
 3373.000  4.814388e+00 
 3374.000  4.782917e+00 
 3375.000  4.821085e+00 
 3376.000  4.818477e+00 
 3377.000  4.799250e+00 
 3378.000  4.808218e+00 
 3379.000  5.175517e+00 
 3380.000  5.183582e+00 
 3381.000  5.162921e+00 
 3382.000  5.121635e+00 
 3383.000  5.126937e+00 
 3384.000  5.135126e+00 
 3385.000  5.390513e+00 
 3386.000  5.394178e+00 
 3387.000  5.387019e+00 
 3388.000  5.378254e+00 
 3389.000  5.391007e+00 
 3390.000  5.519711e+00 
 3391.000  5.513418e+00 
 3392.000  5.502026e+00 
 3393.000  5.494679e+00 
 3394.000  5.490119e+00 
 3395.000  5.479178e+00 
 3396.000  5.504937e+00 
 3397.000  5.326096e+00 
 3398.000  5.475747e+00 
 3399.000  5.389141e+00 
 3400.000  5.525079e+00 
 3401.000  5.258208e+00 
 3402.000  5.574768e+00 
 3403.000  5.573790e+00 
 3404.000  5.581528e+00 
 3405.000  5.571512e+00 
 3406.000  5.567265e+00 
 3407.000  5.529582e+00 
 3408.000  5.748832e+00 
 3409.000  5.655096e+00 
 3410.000  5.701556e+00 
 3411.000  5.728914e+00 
 3412.000  5.740404e+00 
 3413.000  5.979135e+00 
 3414.000  5.987195e+00 
 3415.000  5.895708e+00 
 3416.000  5.826004e+00 
 3417.000  5.963453e+00 
 3418.000  5.979492e+00 
 3419.000  6.142116e+00 
 3420.000  6.140490e+00 
 3421.000  6.128679e+00 
 3422.000  6.102914e+00 
 3423.000  6.117678e+00 
 3424.000  6.119351e+00 
 3425.000  6.276631e+00 
 3426.000  6.269071e+00 
 3427.000  6.106375e+00 
 3428.000  6.177738e+00 
 3429.000  6.229488e+00 
 3430.000  6.238820e+00 
 3431.000  6.212530e+00 
 3432.000  6.242828e+00 
 3433.000  6.223002e+00 
 3434.000  6.226590e+00 
 3435.000  6.203977e+00 
 3436.000  6.216949e+00 
 3437.000  6.200816e+00 
 3438.000  6.209129e+00 
 3439.000  6.202958e+00 
 3440.000  6.193927e+00 
 3441.000  6.189771e+00 
 3442.000  6.134798e+00 
 3443.000  6.234843e+00 
 3444.000  6.226363e+00 
 3445.000  6.208369e+00 
 3446.000  6.195521e+00 
 3447.000  6.204357e+00 
 3448.000  6.191752e+00 
 3449.000  6.247151e+00 
 3450.000  6.238196e+00 
 3451.000  6.240718e+00 
 3452.000  6.230746e+00 
 3453.000  6.224269e+00 
 3454.000  6.206209e+00 
 3455.000  6.289838e+00 
 3456.000  6.262969e+00 
 3457.000  6.272421e+00 
 3458.000  6.260445e+00 
 3459.000  6.265982e+00 
 3460.000  6.251568e+00 
 3461.000  6.309938e+00 
 3462.000  6.306448e+00 
 3463.000  6.301363e+00 
 3464.000  6.282967e+00 
 3465.000  6.283266e+00 
 3466.000  6.246436e+00 
 3467.000  6.242640e+00 
 3468.000  6.248614e+00 
 3469.000  6.242787e+00 
 3470.000  6.241327e+00 
 3471.000  6.186799e+00 
 3472.000  6.212526e+00 
 3473.000  6.174546e+00 
 3474.000  6.207864e+00 
 3475.000  6.197797e+00 
 3476.000  6.205606e+00 
 3477.000  6.138418e+00 
 3478.000  6.195402e+00 
 3479.000  6.207786e+00 
 3480.000  6.199913e+00 
 3481.000  6.179787e+00 
 3482.000  6.188515e+00 
 3483.000  6.179155e+00 
 3484.000  6.163247e+00 
 3485.000  6.197164e+00 
 3486.000  6.169038e+00 
 3487.000  6.184565e+00 
 3488.000  6.188953e+00 
 3489.000  6.181589e+00 
 3490.000  6.147688e+00 
 3491.000  6.244485e+00 
 3492.000  6.212383e+00 
 3493.000  6.229816e+00 
 3494.000  6.172201e+00 
 3495.000  6.215706e+00 
 3496.000  6.222729e+00 
 3497.000  6.259040e+00 
 3498.000  6.247959e+00 
 3499.000  6.243818e+00 
 3500.000  6.238238e+00 
 3501.000  6.174058e+00 
 3502.000  6.222993e+00 
 3503.000  6.224974e+00 
 3504.000  6.219643e+00 
 3505.000  6.212519e+00 
 3506.000  6.207436e+00 
 3507.000  6.199367e+00 
 3508.000  6.180391e+00 
 3509.000  6.127585e+00 
 3510.000  6.122159e+00 
 3511.000  6.116634e+00 
 3512.000  6.092564e+00 
 3513.000  6.099266e+00 
 3514.000  6.092188e+00 
 3515.000  5.971499e+00 
 3516.000  5.945675e+00 
 3517.000  5.953724e+00 
 3518.000  5.939076e+00 
 3519.000  5.940376e+00 
 3520.000  5.928677e+00 
 3521.000  5.932882e+00 
 3522.000  5.768224e+00 
 3523.000  5.756071e+00 
 3524.000  5.699978e+00 
 3525.000  5.760886e+00 
 3526.000  5.755909e+00 
 3527.000  5.739350e+00 
 3528.000  5.549570e+00 
 3529.000  5.542755e+00 
 3530.000  5.545449e+00 
 3531.000  5.510202e+00 
 3532.000  5.535478e+00 
 3533.000  5.529748e+00 
 3534.000  5.347495e+00 
 3535.000  5.327495e+00 
 3536.000  5.370096e+00 
 3537.000  5.363401e+00 
 3538.000  5.254235e+00 
 3539.000  5.317138e+00 
 3540.000  5.307884e+00 
 3541.000  5.315515e+00 
 3542.000  5.303831e+00 
 3543.000  5.299793e+00 
 3544.000  5.297593e+00 
 3545.000  5.283632e+00 
 3546.000  5.280710e+00 
 3547.000  5.264332e+00 
 3548.000  5.251894e+00 
 3549.000  5.252470e+00 
 3550.000  5.247910e+00 
 3551.000  5.240242e+00 
 3552.000  5.235235e+00 
 3553.000  5.268585e+00 
 3554.000  5.270658e+00 
 3555.000  5.231790e+00 
 3556.000  5.130681e+00 
 3557.000  5.254273e+00 
 3558.000  5.244417e+00 
 3559.000  5.266247e+00 
 3560.000  5.146724e+00 
 3561.000  5.243489e+00 
 3562.000  5.253037e+00 
 3563.000  5.245134e+00 
 3564.000  5.222215e+00 
 3565.000  5.235901e+00 
 3566.000  5.148225e+00 
 3567.000  5.144884e+00 
 3568.000  5.141232e+00 
 3569.000  5.128616e+00 
 3570.000  5.118180e+00 
 3571.000  5.002207e+00 
 3572.000  5.110082e+00 
 3573.000  5.110165e+00 
 3574.000  5.099921e+00 
 3575.000  5.096488e+00 
 3576.000  5.094918e+00 
 3577.000  5.080400e+00 
 3578.000  5.104598e+00 
 3579.000  5.099247e+00 
 3580.000  5.024010e+00 
 3581.000  5.076166e+00 
 3582.000  5.075333e+00 
 3583.000  5.080631e+00 
 3584.000  5.014323e+00 
 3585.000  5.106252e+00 
 3586.000  5.105571e+00 
 3587.000  5.099465e+00 
 3588.000  5.105239e+00 
 3589.000  5.096382e+00 
 3590.000  5.095736e+00 
 3591.000  5.229646e+00 
 3592.000  5.228230e+00 
 3593.000  5.208131e+00 
 3594.000  5.209942e+00 
 3595.000  5.215184e+00 
 3596.000  5.150008e+00 
 3597.000  5.153005e+00 
 3598.000  5.340460e+00 
 3599.000  5.310802e+00 
 3600.000  5.319978e+00 
 3601.000  5.302245e+00 
 3602.000  5.319302e+00 
 3603.000  5.306563e+00 
 3604.000  5.390146e+00 
 3605.000  5.377532e+00 
 3606.000  5.382657e+00 
 3607.000  5.366684e+00 
 3608.000  5.369009e+00 
 3609.000  5.358617e+00 
 3610.000  5.347601e+00 
 3611.000  5.473584e+00 
 3612.000  5.462626e+00 
 3613.000  5.457618e+00 
 3614.000  5.455721e+00 
 3615.000  5.449750e+00 
 3616.000  5.441642e+00 
 3617.000  5.553402e+00 
 3618.000  5.547348e+00 
 3619.000  5.540578e+00 
 3620.000  5.534322e+00 
 3621.000  5.526659e+00 
 3622.000  5.525630e+00 
 3623.000  5.517317e+00 
 3624.000  5.556763e+00 
 3625.000  5.552146e+00 
 3626.000  5.555793e+00 
 3627.000  5.550946e+00 
 3628.000  5.544065e+00 
 3629.000  5.524514e+00 
 3630.000  5.604827e+00 
 3631.000  5.630966e+00 
 3632.000  5.631582e+00 
 3633.000  5.622882e+00 
 3634.000  5.616772e+00 
 3635.000  5.614394e+00 
 3636.000  5.596972e+00 
 3637.000  5.646150e+00 
 3638.000  5.663183e+00 
 3639.000  5.659821e+00 
 3640.000  5.632813e+00 
 3641.000  5.649249e+00 
 3642.000  5.637724e+00 
 3643.000  5.593453e+00 
 3644.000  5.504915e+00 
 3645.000  5.532982e+00 
 3646.000  5.575531e+00 
 3647.000  5.559971e+00 
 3648.000  5.559165e+00 
 3649.000  5.537999e+00 
 3650.000  5.436923e+00 
 3651.000  5.425462e+00 
 3652.000  5.411232e+00 
 3653.000  5.296589e+00 
 3654.000  5.301827e+00 
 3655.000  5.386471e+00 
 3656.000  5.391198e+00 
 3657.000  5.150028e+00 
 3658.000  5.135125e+00 
 3659.000  5.061317e+00 
 3660.000  5.073502e+00 
 3661.000  5.135467e+00 
 3662.000  5.116851e+00 
 3663.000  5.112710e+00 
 3664.000  4.809543e+00 
 3665.000  4.806093e+00 
 3666.000  4.800095e+00 
 3667.000  4.795737e+00 
 3668.000  4.721756e+00 
 3669.000  4.782278e+00 
 3670.000  4.653107e+00 
 3671.000  4.561226e+00 
 3672.000  4.636337e+00 
 3673.000  4.632490e+00 
 3674.000  4.633397e+00 
 3675.000  4.627252e+00 
 3676.000  4.622604e+00 
 3677.000  4.660987e+00 
 3678.000  4.744825e+00 
 3679.000  4.585505e+00 
 3680.000  4.748170e+00 
 3681.000  4.745582e+00 
 3682.000  4.679302e+00 
 3683.000  4.547039e+00 
 3684.000  4.899354e+00 
 3685.000  4.958003e+00 
 3686.000  4.968966e+00 
 3687.000  4.946653e+00 
 3688.000  4.958226e+00 
 3689.000  4.935003e+00 
 3690.000  4.911263e+00 
 3691.000  5.179990e+00 
 3692.000  5.171794e+00 
 3693.000  5.187202e+00 
 3694.000  5.171860e+00 
 3695.000  5.145307e+00 
 3696.000  5.138976e+00 
 3697.000  5.258164e+00 
 3698.000  5.259993e+00 
 3699.000  5.094708e+00 
 3700.000  5.119893e+00 
 3701.000  5.164845e+00 
 3702.000  5.209185e+00 
 3703.000  5.310916e+00 
 3704.000  5.323625e+00 
 3705.000  5.212743e+00 
 3706.000  5.277842e+00 
 3707.000  5.241554e+00 
 3708.000  5.278346e+00 
 3709.000  5.168611e+00 
 3710.000  5.284712e+00 
 3711.000  5.218883e+00 
 3712.000  5.174812e+00 
 3713.000  5.241954e+00 
 3714.000  5.213561e+00 
 3715.000  5.176603e+00 
 3716.000  5.220230e+00 
 3717.000  5.231623e+00 
 3718.000  5.214204e+00 
 3719.000  5.194832e+00 
 3720.000  5.215613e+00 
 3721.000  5.164177e+00 
 3722.000  5.170183e+00 
 3723.000  5.197044e+00 
 3724.000  5.192126e+00 
 3725.000  5.105918e+00 
 3726.000  5.126474e+00 
 3727.000  5.106953e+00 
 3728.000  5.110056e+00 
 3729.000  5.084313e+00 
 3730.000  5.100404e+00 
 3731.000  5.087710e+00 
 3732.000  5.047364e+00 
 3733.000  5.053663e+00 
 3734.000  5.046501e+00 
 3735.000  4.986137e+00 
 3736.000  4.952006e+00 
 3737.000  4.989124e+00 
 3738.000  4.929284e+00 
 3739.000  4.807652e+00 
 3740.000  4.734088e+00 
 3741.000  4.691576e+00 
 3742.000  4.869491e+00 
 3743.000  4.927635e+00 
 3744.000  4.917046e+00 
 3745.000  4.765459e+00 
 3746.000  4.674126e+00 
 3747.000  4.772057e+00 
 3748.000  4.893835e+00 
 3749.000  4.878075e+00 
 3750.000  4.855026e+00 
 3751.000  4.847524e+00 
 3752.000  4.885110e+00 
 3753.000  4.722572e+00 
 3754.000  4.786388e+00 
 3755.000  4.813546e+00 
 3756.000  4.838082e+00 
 3757.000  4.824728e+00 
 3758.000  4.791534e+00 
 3759.000  4.802623e+00 
 3760.000  4.814651e+00 
 3761.000  4.836629e+00 
 3762.000  4.797384e+00 
 3763.000  4.727116e+00 
 3764.000  4.809573e+00 
 3765.000  4.791841e+00 
 3766.000  4.804456e+00 
 3767.000  4.804204e+00 
 3768.000  4.780861e+00 
 3769.000  4.770074e+00 
 3770.000  4.777689e+00 
 3771.000  4.747505e+00 
 3772.000  4.775071e+00 
 3773.000  4.708122e+00 
 3774.000  4.788452e+00 
 3775.000  4.804335e+00 
 3776.000  4.715191e+00 
 3777.000  4.705043e+00 
 3778.000  4.785632e+00 
 3779.000  4.767938e+00 
 3780.000  4.751769e+00 
 3781.000  4.783132e+00 
 3782.000  4.747477e+00 
 3783.000  4.797015e+00 
 3784.000  4.784007e+00 
 3785.000  4.783698e+00 
 3786.000  4.770243e+00 
 3787.000  4.659265e+00 
 3788.000  4.787241e+00 
 3789.000  4.784310e+00 
 3790.000  4.788566e+00 
 3791.000  4.701782e+00 
 3792.000  4.757338e+00 
 3793.000  4.706792e+00 
 3794.000  4.767685e+00 
 3795.000  4.743518e+00 
 3796.000  4.819194e+00 
 3797.000  4.822291e+00 
 3798.000  4.801317e+00 
 3799.000  4.769713e+00 
 3800.000  4.716691e+00 
 3801.000  4.808827e+00 
 3802.000  4.791363e+00 
 3803.000  4.827053e+00 
 3804.000  4.808809e+00 
 3805.000  4.811516e+00 
 3806.000  4.799794e+00 
 3807.000  4.737880e+00 
 3808.000  4.767870e+00 
 3809.000  4.782791e+00 
 3810.000  4.799479e+00 
 3811.000  4.820417e+00 
 3812.000  4.832092e+00 
 3813.000  4.799196e+00 
 3814.000  4.816494e+00 
 3815.000  4.815314e+00 
 3816.000  4.770453e+00 
 3817.000  4.813997e+00 
 3818.000  4.780180e+00 
 3819.000  4.850996e+00 
 3820.000  4.853577e+00 
 3821.000  4.851316e+00 
 3822.000  4.844973e+00 
 3823.000  4.820615e+00 
 3824.000  4.826248e+00 
 3825.000  4.815749e+00 
 3826.000  4.816579e+00 
 3827.000  4.813605e+00 
 3828.000  4.797147e+00 
 3829.000  4.798117e+00 
 3830.000  4.799215e+00 
 3831.000  4.789674e+00 
 3832.000  4.760297e+00 
 3833.000  4.730878e+00 
 3834.000  4.747559e+00 
 3835.000  4.711257e+00 
 3836.000  4.674654e+00 
 3837.000  4.712425e+00 
 3838.000  4.729605e+00 
 3839.000  4.695910e+00 
 3840.000  4.691966e+00 
 3841.000  4.687091e+00 
 3842.000  4.678406e+00 
 3843.000  4.673477e+00 
 3844.000  4.668006e+00 
 3845.000  4.666125e+00 
 3846.000  4.669055e+00 
 3847.000  4.582889e+00 
 3848.000  4.581035e+00 
 3849.000  4.576228e+00 
 3850.000  4.551965e+00 
 3851.000  4.559199e+00 
 3852.000  4.559554e+00 
 3853.000  4.541773e+00 
 3854.000  4.470681e+00 
 3855.000  4.466972e+00 
 3856.000  4.462241e+00 
 3857.000  4.453807e+00 
 3858.000  4.444039e+00 
 3859.000  4.422002e+00 
 3860.000  4.411041e+00 
 3861.000  4.434377e+00 
 3862.000  4.360864e+00 
 3863.000  4.256536e+00 
 3864.000  4.320554e+00 
 3865.000  4.335600e+00 
 3866.000  4.343461e+00 
 3867.000  4.292746e+00 
 3868.000  4.317412e+00 
 3869.000  4.232431e+00 
 3870.000  4.256393e+00 
 3871.000  4.233586e+00 
 3872.000  4.177882e+00 
 3873.000  4.244660e+00 
 3874.000  4.238437e+00 
 3875.000  4.228868e+00 
 3876.000  4.234452e+00 
 3877.000  4.230356e+00 
 3878.000  4.225379e+00 
 3879.000  4.218758e+00 
 3880.000  4.216095e+00 
 3881.000  4.208614e+00 
 3882.000  4.194039e+00 
 3883.000  4.189707e+00 
 3884.000  4.232236e+00 
 3885.000  4.116992e+00 
 3886.000  4.175851e+00 
 3887.000  4.222248e+00 
 3888.000  4.222168e+00 
 3889.000  4.221266e+00 
 3890.000  4.207570e+00 
 3891.000  4.202704e+00 
 3892.000  4.258240e+00 
 3893.000  4.257022e+00 
 3894.000  4.239771e+00 
 3895.000  4.250186e+00 
 3896.000  4.230935e+00 
 3897.000  4.186710e+00 
 3898.000  4.167535e+00 
 3899.000  4.265086e+00 
 3900.000  4.234951e+00 
 3901.000  4.255115e+00 
 3902.000  4.254051e+00 
 3903.000  4.242786e+00 
 3904.000  4.247075e+00 
 3905.000  4.242072e+00 
 3906.000  4.226331e+00 
 3907.000  4.249123e+00 
 3908.000  4.238555e+00 
 3909.000  4.240871e+00 
 3910.000  4.237917e+00 
 3911.000  4.235353e+00 
 3912.000  4.232813e+00 
 3913.000  4.226691e+00 
 3914.000  4.239353e+00 
 3915.000  4.246734e+00 
 3916.000  4.235591e+00 
 3917.000  4.234457e+00 
 3918.000  4.224497e+00 
 3919.000  4.216753e+00 
 3920.000  4.229575e+00 
 3921.000  4.209235e+00 
 3922.000  4.255957e+00 
 3923.000  4.255204e+00 
 3924.000  4.251004e+00 
 3925.000  4.251089e+00 
 3926.000  4.236543e+00 
 3927.000  4.237895e+00 
 3928.000  4.244417e+00 
 3929.000  4.240127e+00 
 3930.000  4.296613e+00 
 3931.000  4.293843e+00 
 3932.000  4.271976e+00 
 3933.000  4.282716e+00 
 3934.000  4.229599e+00 
 3935.000  4.257964e+00 
 3936.000  4.277143e+00 
 3937.000  4.274826e+00 
 3938.000  4.314760e+00 
 3939.000  4.333508e+00 
 3940.000  4.329872e+00 
 3941.000  4.324061e+00 
 3942.000  4.323364e+00 
 3943.000  4.321156e+00 
 3944.000  4.284632e+00 
 3945.000  4.426535e+00 
 3946.000  4.413178e+00 
 3947.000  4.413644e+00 
 3948.000  4.390994e+00 
 3949.000  4.403914e+00 
 3950.000  4.356561e+00 
 3951.000  4.387368e+00 
 3952.000  4.238620e+00 
 3953.000  4.382828e+00 
 3954.000  4.378257e+00 
 3955.000  4.371019e+00 
 3956.000  4.331117e+00 
 3957.000  4.339446e+00 
 3958.000  4.302587e+00 
 3959.000  4.312529e+00 
 3960.000  4.358788e+00 
 3961.000  4.371441e+00 
 3962.000  4.332246e+00 
 3963.000  4.365177e+00 
 3964.000  4.344212e+00 
 3965.000  4.340940e+00 
 3966.000  4.345176e+00 
 3967.000  4.340816e+00 
 3968.000  4.349084e+00 
 3969.000  4.326280e+00 
 3970.000  4.313169e+00 
 3971.000  4.295403e+00 
 3972.000  4.317526e+00 
 3973.000  4.277882e+00 
 3974.000  4.293523e+00 
 3975.000  4.306522e+00 
 3976.000  4.303667e+00 
 3977.000  4.233397e+00 
 3978.000  4.251250e+00 
 3979.000  4.236804e+00 
 3980.000  4.241401e+00 
 3981.000  4.250434e+00 
 3982.000  4.241256e+00 
 3983.000  4.222627e+00 
 3984.000  4.220626e+00 
 3985.000  4.176498e+00 
 3986.000  4.083637e+00 
 3987.000  4.199859e+00 
 3988.000  4.203902e+00 
 3989.000  4.175068e+00 
 3990.000  4.173042e+00 
 3991.000  4.112074e+00 
 3992.000  4.161934e+00 
 3993.000  4.080019e+00 
 3994.000  4.073968e+00 
 3995.000  4.049597e+00 
 3996.000  3.981641e+00 
 3997.000  4.085804e+00 
 3998.000  4.063540e+00 
 3999.000  3.986771e+00 
 4000.000  4.026126e+00 
