  290.000  0.000000e+00 
  291.000  2.165998e-06 
  292.000  2.853002e-05 
  293.000  9.172082e-05 
  294.000  6.267460e-04 
  295.000  1.854095e-03 
  296.000  1.125294e-02 
  297.000  1.617400e-02 
  298.000  8.862104e-02 
  299.000  1.728093e-01 
  300.000  3.294575e-01 
  301.000  9.603229e-01 
  302.000  1.122922e+00 
  303.000  3.109461e+00 
  304.000  3.704112e+00 
  305.000  7.028658e+00 
  306.000  8.015267e+00 
  307.000  1.219407e+01 
  308.000  1.617278e+01 
  309.000  1.776271e+01 
  310.000  2.026049e+01 
  311.000  4.007682e+01 
  312.000  3.494363e+01 
  313.000  4.564248e+01 
  314.000  4.790573e+01 
  315.000  5.846101e+01 
  316.000  4.664217e+01 
  317.000  6.894560e+01 
  318.000  6.846892e+01 
  319.000  7.824483e+01 
  320.000  7.739902e+01 
  321.000  9.698956e+01 
  322.000  8.739923e+01 
  323.000  7.790002e+01 
  324.000  9.972237e+01 
  325.000  1.131277e+02 
  326.000  1.584807e+02 
  327.000  1.630623e+02 
  328.000  1.378079e+02 
  329.000  1.659678e+02 
  330.000  1.770480e+02 
  331.000  1.465878e+02 
  332.000  1.640299e+02 
  333.000  1.890971e+02 
  334.000  1.612298e+02 
  335.000  1.764667e+02 
  336.000  1.349677e+02 
  337.000  1.313637e+02 
  338.000  1.629556e+02 
  339.000  1.667930e+02 
  340.000  1.907832e+02 
  341.000  1.636723e+02 
  342.000  1.743913e+02 
  343.000  1.778921e+02 
  344.000  1.633403e+02 
  345.000  2.132013e+02 
  346.000  2.400573e+02 
  347.000  2.317467e+02 
  348.000  2.213691e+02 
  349.000  2.461562e+02 
  350.000  2.551449e+02 
  351.000  2.455916e+02 
  352.000  2.550991e+02 
  353.000  2.358182e+02 
  354.000  2.758174e+02 
  355.000  2.831476e+02 
  356.000  2.711373e+02 
  357.000  1.754870e+02 
  358.000  1.930415e+02 
  359.000  1.965782e+02 
  360.000  2.951263e+02 
  361.000  2.368033e+02 
  362.000  2.628815e+02 
  363.000  2.829037e+02 
  364.000  2.856290e+02 
  365.000  2.704825e+02 
  366.000  3.753939e+02 
  367.000  3.395923e+02 
  368.000  3.237117e+02 
  369.000  3.146898e+02 
  370.000  3.657222e+02 
  371.000  2.951024e+02 
  372.000  3.137853e+02 
  373.000  3.157989e+02 
  374.000  2.469210e+02 
  375.000  2.282804e+02 
  376.000  3.294921e+02 
  377.000  3.400455e+02 
  378.000  4.434007e+02 
  379.000  3.440469e+02 
  380.000  3.247259e+02 
  381.000  3.672745e+02 
  382.000  2.764214e+02 
  383.000  1.939597e+02 
  384.000  2.147803e+02 
  385.000  3.250727e+02 
  386.000  2.536973e+02 
  387.000  2.926775e+02 
  388.000  2.912595e+02 
  389.000  3.333108e+02 
  390.000  4.057645e+02 
  391.000  4.556942e+02 
  392.000  4.064823e+02 
  393.000  2.187050e+02 
  394.000  2.428648e+02 
  395.000  4.090648e+02 
  396.000  4.224297e+02 
  397.000  1.724770e+02 
  398.000  4.840678e+02 
  399.000  5.821788e+02 
  400.000  5.736517e+02 
  401.000  5.714015e+02 
  402.000  6.068315e+02 
  403.000  5.695063e+02 
  404.000  6.132057e+02 
  405.000  5.634244e+02 
  406.000  5.602182e+02 
  407.000  5.466155e+02 
  408.000  5.932292e+02 
  409.000  6.577725e+02 
  410.000  5.508574e+02 
  411.000  6.479304e+02 
  412.000  6.724344e+02 
  413.000  6.362032e+02 
  414.000  6.253453e+02 
  415.000  6.679375e+02 
  416.000  6.648269e+02 
  417.000  6.455085e+02 
  418.000  6.323305e+02 
  419.000  6.487123e+02 
  420.000  5.498125e+02 
  421.000  6.897520e+02 
  422.000  6.617655e+02 
  423.000  5.595994e+02 
  424.000  6.162852e+02 
  425.000  6.390508e+02 
  426.000  6.150353e+02 
  427.000  5.922874e+02 
  428.000  6.004300e+02 
  429.000  5.468679e+02 
  430.000  4.368737e+02 
  431.000  3.932156e+02 
  432.000  7.085518e+02 
  433.000  6.313794e+02 
  434.000  6.007241e+02 
  435.000  6.542444e+02 
  436.000  7.261942e+02 
  437.000  7.339343e+02 
  438.000  6.580996e+02 
  439.000  6.374464e+02 
  440.000  7.151358e+02 
  441.000  7.134934e+02 
  442.000  7.521573e+02 
  443.000  7.578904e+02 
  444.000  7.536602e+02 
  445.000  7.934854e+02 
  446.000  7.069531e+02 
  447.000  8.070116e+02 
  448.000  8.211707e+02 
  449.000  8.274762e+02 
  450.000  8.462377e+02 
  451.000  9.153065e+02 
  452.000  8.515850e+02 
  453.000  7.911367e+02 
  454.000  8.441382e+02 
  455.000  8.507011e+02 
  456.000  8.719752e+02 
  457.000  8.775165e+02 
  458.000  8.627217e+02 
  459.000  8.632446e+02 
  460.000  8.563468e+02 
  461.000  8.880244e+02 
  462.000  8.741724e+02 
  463.000  8.749948e+02 
  464.000  8.784814e+02 
  465.000  8.662367e+02 
  466.000  8.942604e+02 
  467.000  8.632451e+02 
  468.000  9.143668e+02 
  469.000  9.067981e+02 
  470.000  8.947255e+02 
  471.000  8.935005e+02 
  472.000  9.047787e+02 
  473.000  8.952370e+02 
  474.000  9.027166e+02 
  475.000  9.394238e+02 
  476.000  9.106978e+02 
  477.000  9.025009e+02 
  478.000  9.473849e+02 
  479.000  9.046660e+02 
  480.000  9.227706e+02 
  481.000  9.174103e+02 
  482.000  9.368779e+02 
  483.000  9.381190e+02 
  484.000  9.022841e+02 
  485.000  9.091749e+02 
  486.000  7.373746e+02 
  487.000  8.290446e+02 
  488.000  9.004610e+02 
  489.000  8.373282e+02 
  490.000  9.535633e+02 
  491.000  8.925784e+02 
  492.000  8.580049e+02 
  493.000  9.243580e+02 
  494.000  8.932488e+02 
  495.000  9.551658e+02 
  496.000  9.304993e+02 
  497.000  9.028603e+02 
  498.000  8.817503e+02 
  499.000  8.798396e+02 
  500.000  8.761797e+02 
  501.000  8.567415e+02 
  502.000  8.513283e+02 
  503.000  9.022875e+02 
  504.000  8.396777e+02 
  505.000  9.058718e+02 
  506.000  9.700198e+02 
  507.000  9.027621e+02 
  508.000  8.659761e+02 
  509.000  9.340444e+02 
  510.000  9.052507e+02 
  511.000  9.057083e+02 
  512.000  9.507819e+02 
  513.000  8.703517e+02 
  514.000  8.522497e+02 
  515.000  8.702210e+02 
  516.000  9.142185e+02 
  517.000  6.735084e+02 
  518.000  8.339208e+02 
  519.000  7.901347e+02 
  520.000  8.699937e+02 
  521.000  8.705461e+02 
  522.000  9.051486e+02 
  523.000  8.432461e+02 
  524.000  9.149358e+02 
  525.000  9.076629e+02 
  526.000  8.650510e+02 
  527.000  7.556901e+02 
  528.000  9.076063e+02 
  529.000  9.333940e+02 
  530.000  8.819927e+02 
  531.000  9.600642e+02 
  532.000  9.159191e+02 
  533.000  8.045300e+02 
  534.000  8.749354e+02 
  535.000  8.927520e+02 
  536.000  9.473712e+02 
  537.000  8.789976e+02 
  538.000  9.201980e+02 
  539.000  9.172345e+02 
  540.000  8.977103e+02 
  541.000  8.232585e+02 
  542.000  9.184333e+02 
  543.000  8.786069e+02 
  544.000  9.268073e+02 
  545.000  9.131027e+02 
  546.000  8.928964e+02 
  547.000  9.309366e+02 
  548.000  8.638654e+02 
  549.000  9.092634e+02 
  550.000  8.895047e+02 
  551.000  8.842598e+02 
  552.000  9.227215e+02 
  553.000  8.869016e+02 
  554.000  9.162211e+02 
  555.000  9.191471e+02 
  556.000  8.941486e+02 
  557.000  8.679278e+02 
  558.000  9.012188e+02 
  559.000  8.521469e+02 
  560.000  8.561729e+02 
  561.000  9.412631e+02 
  562.000  8.641918e+02 
  563.000  9.043849e+02 
  564.000  8.918658e+02 
  565.000  9.025819e+02 
  566.000  8.323157e+02 
  567.000  8.926499e+02 
  568.000  8.896227e+02 
  569.000  8.699150e+02 
  570.000  8.748402e+02 
  571.000  8.452128e+02 
  572.000  8.919718e+02 
  573.000  9.015981e+02 
  574.000  8.968880e+02 
  575.000  8.750137e+02 
  576.000  8.594601e+02 
  577.000  8.961077e+02 
  578.000  8.711389e+02 
  579.000  8.657437e+02 
  580.000  8.973654e+02 
  581.000  8.831581e+02 
  582.000  8.980054e+02 
  583.000  9.055936e+02 
  584.000  9.037993e+02 
  585.000  8.988651e+02 
  586.000  8.610969e+02 
  587.000  8.948665e+02 
  588.000  8.836790e+02 
  589.000  7.796984e+02 
  590.000  8.143439e+02 
  591.000  8.690378e+02 
  592.000  8.512573e+02 
  593.000  8.642237e+02 
  594.000  8.718649e+02 
  595.000  8.531879e+02 
  596.000  8.782234e+02 
  597.000  8.804084e+02 
  598.000  8.640684e+02 
  599.000  8.651340e+02 
  600.000  8.667958e+02 
  601.000  8.628503e+02 
  602.000  8.539161e+02 
  603.000  8.597328e+02 
  604.000  8.878878e+02 
  605.000  8.864082e+02 
  606.000  8.767590e+02 
  607.000  8.724511e+02 
  608.000  8.698702e+02 
  609.000  8.615345e+02 
  610.000  8.483181e+02 
  611.000  8.626816e+02 
  612.000  8.520289e+02 
  613.000  8.401390e+02 
  614.000  8.103304e+02 
  615.000  8.496868e+02 
  616.000  8.083881e+02 
  617.000  8.134325e+02 
  618.000  8.522453e+02 
  619.000  8.448251e+02 
  620.000  8.576783e+02 
  621.000  8.727643e+02 
  622.000  8.269850e+02 
  623.000  8.336430e+02 
  624.000  8.347454e+02 
  625.000  8.122897e+02 
  626.000  8.163962e+02 
  627.000  8.290072e+02 
  628.000  8.084425e+02 
  629.000  8.353671e+02 
  630.000  8.088353e+02 
  631.000  8.406846e+02 
  632.000  7.836899e+02 
  633.000  8.434039e+02 
  634.000  8.195832e+02 
  635.000  8.356260e+02 
  636.000  8.072773e+02 
  637.000  8.349246e+02 
  638.000  8.493162e+02 
  639.000  8.431451e+02 
  640.000  8.176924e+02 
  641.000  8.302982e+02 
  642.000  8.211061e+02 
  643.000  8.358164e+02 
  644.000  8.268152e+02 
  645.000  8.340715e+02 
  646.000  8.006617e+02 
  647.000  8.104694e+02 
  648.000  8.076106e+02 
  649.000  8.257691e+02 
  650.000  7.685196e+02 
  651.000  8.282755e+02 
  652.000  8.100269e+02 
  653.000  8.299468e+02 
  654.000  8.191728e+02 
  655.000  7.968757e+02 
  656.000  6.772231e+02 
  657.000  7.236809e+02 
  658.000  8.074951e+02 
  659.000  8.102162e+02 
  660.000  8.172629e+02 
  661.000  8.220228e+02 
  662.000  8.345927e+02 
  663.000  8.256218e+02 
  664.000  8.130419e+02 
  665.000  8.170388e+02 
  666.000  8.274388e+02 
  667.000  8.115311e+02 
  668.000  8.166903e+02 
  669.000  8.288924e+02 
  670.000  8.194136e+02 
  671.000  8.111802e+02 
  672.000  8.089631e+02 
  673.000  8.151801e+02 
  674.000  8.171812e+02 
  675.000  8.051082e+02 
  676.000  8.207076e+02 
  677.000  8.047639e+02 
  678.000  8.184591e+02 
  679.000  8.072330e+02 
  680.000  8.012133e+02 
  681.000  8.022208e+02 
  682.000  8.008033e+02 
  683.000  8.064725e+02 
  684.000  7.920518e+02 
  685.000  8.014866e+02 
  686.000  7.653412e+02 
  687.000  6.683350e+02 
  688.000  6.996273e+02 
  689.000  6.927719e+02 
  690.000  7.122691e+02 
  691.000  7.363542e+02 
  692.000  7.443337e+02 
  693.000  7.438795e+02 
  694.000  7.439230e+02 
  695.000  7.390640e+02 
  696.000  7.524658e+02 
  697.000  7.732047e+02 
  698.000  7.550916e+02 
  699.000  7.520040e+02 
  700.000  7.461991e+02 
  701.000  7.258580e+02 
  702.000  7.251974e+02 
  703.000  7.496370e+02 
  704.000  7.525643e+02 
  705.000  7.526023e+02 
  706.000  7.458972e+02 
  707.000  7.368398e+02 
  708.000  7.606463e+02 
  709.000  7.381958e+02 
  710.000  7.505369e+02 
  711.000  7.479908e+02 
  712.000  7.418206e+02 
  713.000  7.354874e+02 
  714.000  7.469417e+02 
  715.000  7.155651e+02 
  716.000  7.285847e+02 
  717.000  6.716677e+02 
  718.000  6.444450e+02 
  719.000  6.286218e+02 
  720.000  6.203234e+02 
  721.000  6.756400e+02 
  722.000  7.054382e+02 
  723.000  6.925524e+02 
  724.000  6.641430e+02 
  725.000  6.617136e+02 
  726.000  6.590507e+02 
  727.000  6.734805e+02 
  728.000  6.570021e+02 
  729.000  6.427758e+02 
  730.000  6.644214e+02 
  731.000  6.509494e+02 
  732.000  6.839507e+02 
  733.000  6.929564e+02 
  734.000  7.167316e+02 
  735.000  7.077757e+02 
  736.000  6.887032e+02 
  737.000  7.024076e+02 
  738.000  7.068020e+02 
  739.000  6.865726e+02 
  740.000  6.988876e+02 
  741.000  6.966780e+02 
  742.000  6.866227e+02 
  743.000  7.097458e+02 
  744.000  7.178853e+02 
  745.000  7.003007e+02 
  746.000  7.109379e+02 
  747.000  7.222990e+02 
  748.000  7.097408e+02 
  749.000  7.103486e+02 
  750.000  6.997628e+02 
  751.000  6.981588e+02 
  752.000  7.095929e+02 
  753.000  7.032155e+02 
  754.000  7.144957e+02 
  755.000  7.105903e+02 
  756.000  6.968758e+02 
  757.000  7.021154e+02 
  758.000  7.002120e+02 
  759.000  6.291219e+02 
  760.000  2.304383e+02 
  761.000  1.978530e+02 
  762.000  4.034211e+02 
  763.000  3.441835e+02 
  764.000  3.798148e+02 
  765.000  4.624452e+02 
  766.000  5.348223e+02 
  767.000  5.908712e+02 
  768.000  6.467736e+02 
  769.000  6.656335e+02 
  770.000  6.726310e+02 
  771.000  6.780820e+02 
  772.000  6.766776e+02 
  773.000  6.744739e+02 
  774.000  6.822921e+02 
  775.000  6.570555e+02 
  776.000  6.844218e+02 
  777.000  6.798204e+02 
  778.000  6.762585e+02 
  779.000  6.785354e+02 
  780.000  6.702126e+02 
  781.000  6.693971e+02 
  782.000  6.775320e+02 
  783.000  6.617703e+02 
  784.000  6.653786e+02 
  785.000  6.663712e+02 
  786.000  6.536404e+02 
  787.000  6.605283e+02 
  788.000  6.491024e+02 
  789.000  6.471008e+02 
  790.000  6.401084e+02 
  791.000  6.380097e+02 
  792.000  6.290118e+02 
  793.000  6.308434e+02 
  794.000  6.293218e+02 
  795.000  6.230086e+02 
  796.000  6.254943e+02 
  797.000  6.318797e+02 
  798.000  6.375158e+02 
  799.000  6.358972e+02 
  800.000  6.157329e+02 
  801.000  6.276974e+02 
  802.000  6.261797e+02 
  803.000  6.178306e+02 
  804.000  6.252729e+02 
  805.000  6.115477e+02 
  806.000  6.302023e+02 
  807.000  6.266019e+02 
  808.000  6.216895e+02 
  809.000  6.098283e+02 
  810.000  6.055824e+02 
  811.000  6.120249e+02 
  812.000  6.054462e+02 
  813.000  5.972738e+02 
  814.000  5.888856e+02 
  815.000  5.730411e+02 
  816.000  5.555422e+02 
  817.000  5.596597e+02 
  818.000  5.573124e+02 
  819.000  5.463966e+02 
  820.000  5.492888e+02 
  821.000  5.833780e+02 
  822.000  5.553143e+02 
  823.000  5.293682e+02 
  824.000  5.661378e+02 
  825.000  5.833806e+02 
  826.000  5.840375e+02 
  827.000  5.799034e+02 
  828.000  5.668923e+02 
  829.000  5.709299e+02 
  830.000  5.666226e+02 
  831.000  5.577955e+02 
  832.000  5.697266e+02 
  833.000  5.546382e+02 
  834.000  5.659268e+02 
  835.000  5.727271e+02 
  836.000  5.776419e+02 
  837.000  5.727182e+02 
  838.000  5.775089e+02 
  839.000  5.610623e+02 
  840.000  5.766949e+02 
  841.000  5.766552e+02 
  842.000  5.745209e+02 
  843.000  5.738793e+02 
  844.000  5.658335e+02 
  845.000  5.751297e+02 
  846.000  5.809654e+02 
  847.000  5.615244e+02 
  848.000  5.771240e+02 
  849.000  5.783735e+02 
  850.000  4.996283e+02 
  851.000  5.717896e+02 
  852.000  5.502130e+02 
  853.000  5.576333e+02 
  854.000  4.483094e+02 
  855.000  4.939814e+02 
  856.000  5.613348e+02 
  857.000  5.707623e+02 
  858.000  5.618217e+02 
  859.000  5.621486e+02 
  860.000  5.574036e+02 
  861.000  5.574164e+02 
  862.000  5.557529e+02 
  863.000  5.664413e+02 
  864.000  5.654376e+02 
  865.000  5.550145e+02 
  866.000  4.656027e+02 
  867.000  4.958450e+02 
  868.000  5.378137e+02 
  869.000  5.303355e+02 
  870.000  5.522404e+02 
  871.000  5.515260e+02 
  872.000  5.494087e+02 
  873.000  5.516024e+02 
  874.000  5.395278e+02 
  875.000  5.346020e+02 
  876.000  5.389991e+02 
  877.000  5.497425e+02 
  878.000  5.401551e+02 
  879.000  5.414256e+02 
  880.000  5.382045e+02 
  881.000  5.102271e+02 
  882.000  5.383525e+02 
  883.000  5.262021e+02 
  884.000  5.307486e+02 
  885.000  5.359482e+02 
  886.000  5.179689e+02 
  887.000  5.130612e+02 
  888.000  5.284387e+02 
  889.000  5.321520e+02 
  890.000  5.302123e+02 
  891.000  5.267936e+02 
  892.000  5.230496e+02 
  893.000  4.965546e+02 
  894.000  5.095201e+02 
  895.000  4.725921e+02 
  896.000  4.774315e+02 
  897.000  4.521747e+02 
  898.000  4.462709e+02 
  899.000  4.270078e+02 
  900.000  4.190185e+02 
  901.000  4.053829e+02 
  902.000  3.987638e+02 
  903.000  4.515876e+02 
  904.000  4.773069e+02 
  905.000  4.753467e+02 
  906.000  4.509831e+02 
  907.000  4.374545e+02 
  908.000  4.120699e+02 
  909.000  4.056322e+02 
  910.000  4.125308e+02 
  911.000  4.203579e+02 
  912.000  4.169373e+02 
  913.000  4.074820e+02 
  914.000  4.143318e+02 
  915.000  4.143374e+02 
  916.000  4.214497e+02 
  917.000  4.188405e+02 
  918.000  4.218366e+02 
  919.000  4.450268e+02 
  920.000  4.539886e+02 
  921.000  4.412395e+02 
  922.000  4.370645e+02 
  923.000  4.153396e+02 
  924.000  4.243607e+02 
  925.000  4.293205e+02 
  926.000  4.137975e+02 
  927.000  4.190839e+02 
  928.000  4.060602e+02 
  929.000  3.781479e+02 
  930.000  3.490913e+02 
  931.000  3.177000e+02 
  932.000  2.743440e+02 
  933.000  2.451875e+02 
  934.000  2.128222e+02 
  935.000  2.065179e+02 
  936.000  2.167033e+02 
  937.000  2.185221e+02 
  938.000  2.496129e+02 
  939.000  3.400144e+02 
  940.000  3.514120e+02 
  941.000  3.323785e+02 
  942.000  2.935993e+02 
  943.000  2.638712e+02 
  944.000  2.535434e+02 
  945.000  2.719940e+02 
  946.000  2.765986e+02 
  947.000  2.893863e+02 
  948.000  2.996621e+02 
  949.000  2.995070e+02 
  950.000  2.997200e+02 
  951.000  3.168974e+02 
  952.000  2.966310e+02 
  953.000  3.099773e+02 
  954.000  3.220402e+02 
  955.000  2.894397e+02 
  956.000  3.060479e+02 
  957.000  3.438404e+02 
  958.000  3.514593e+02 
  959.000  3.464423e+02 
  960.000  3.413486e+02 
  961.000  3.345667e+02 
  962.000  3.391054e+02 
  963.000  3.591497e+02 
  964.000  3.580065e+02 
  965.000  3.604128e+02 
  966.000  3.510998e+02 
  967.000  3.763740e+02 
  968.000  3.967083e+02 
  969.000  4.102614e+02 
  970.000  4.119944e+02 
  971.000  4.080842e+02 
  972.000  4.078199e+02 
  973.000  3.968406e+02 
  974.000  3.820886e+02 
  975.000  3.784029e+02 
  976.000  3.899455e+02 
  977.000  3.912267e+02 
  978.000  3.999734e+02 
  979.000  3.912516e+02 
  980.000  4.082203e+02 
  981.000  4.136263e+02 
  982.000  4.101726e+02 
  983.000  4.149829e+02 
  984.000  4.182571e+02 
  985.000  4.215010e+02 
  986.000  4.224576e+02 
  987.000  4.291969e+02 
  988.000  4.243481e+02 
  989.000  4.192419e+02 
  990.000  4.232797e+02 
  991.000  4.283619e+02 
  992.000  4.248717e+02 
  993.000  4.250389e+02 
  994.000  4.285062e+02 
  995.000  4.263457e+02 
  996.000  4.262615e+02 
  997.000  4.261310e+02 
  998.000  4.238698e+02 
  999.000  4.225495e+02 
 1000.000  4.194132e+02 
 1001.000  4.204076e+02 
 1002.000  4.175364e+02 
 1003.000  4.132167e+02 
 1004.000  4.110685e+02 
 1005.000  3.845084e+02 
 1006.000  4.048800e+02 
 1007.000  4.118483e+02 
 1008.000  4.117879e+02 
 1009.000  4.068779e+02 
 1010.000  4.094912e+02 
 1011.000  4.098393e+02 
 1012.000  4.109622e+02 
 1013.000  4.086021e+02 
 1014.000  4.115622e+02 
 1015.000  4.040268e+02 
 1016.000  4.069138e+02 
 1017.000  4.031067e+02 
 1018.000  4.079916e+02 
 1019.000  3.979997e+02 
 1020.000  3.973169e+02 
 1021.000  4.018078e+02 
 1022.000  3.950052e+02 
 1023.000  4.018064e+02 
 1024.000  3.992905e+02 
 1025.000  4.004400e+02 
 1026.000  4.015537e+02 
 1027.000  3.988667e+02 
 1028.000  4.000331e+02 
 1029.000  3.945038e+02 
 1030.000  3.989954e+02 
 1031.000  3.979851e+02 
 1032.000  3.967869e+02 
 1033.000  3.895038e+02 
 1034.000  3.937542e+02 
 1035.000  3.896279e+02 
 1036.000  3.946344e+02 
 1037.000  3.863146e+02 
 1038.000  3.901631e+02 
 1039.000  3.917019e+02 
 1040.000  3.870132e+02 
 1041.000  3.890126e+02 
 1042.000  3.901392e+02 
 1043.000  3.833915e+02 
 1044.000  3.871432e+02 
 1045.000  3.853805e+02 
 1046.000  3.740854e+02 
 1047.000  3.808510e+02 
 1048.000  3.844917e+02 
 1049.000  3.818513e+02 
 1050.000  3.794465e+02 
 1051.000  3.793195e+02 
 1052.000  3.774105e+02 
 1053.000  3.775167e+02 
 1054.000  3.734545e+02 
 1055.000  3.760070e+02 
 1056.000  3.748250e+02 
 1057.000  3.738496e+02 
 1058.000  3.694301e+02 
 1059.000  3.577657e+02 
 1060.000  3.707643e+02 
 1061.000  3.576695e+02 
 1062.000  3.672901e+02 
 1063.000  3.608702e+02 
 1064.000  3.652395e+02 
 1065.000  3.644361e+02 
 1066.000  3.532654e+02 
 1067.000  3.615025e+02 
 1068.000  3.595044e+02 
 1069.000  3.322380e+02 
 1070.000  3.522132e+02 
 1071.000  3.524911e+02 
 1072.000  3.531985e+02 
 1073.000  3.415880e+02 
 1074.000  3.537672e+02 
 1075.000  3.436496e+02 
 1076.000  3.507834e+02 
 1077.000  3.494629e+02 
 1078.000  3.497994e+02 
 1079.000  3.362204e+02 
 1080.000  3.441483e+02 
 1081.000  3.314753e+02 
 1082.000  3.366780e+02 
 1083.000  3.265908e+02 
 1084.000  3.378636e+02 
 1085.000  3.304847e+02 
 1086.000  3.355633e+02 
 1087.000  3.181626e+02 
 1088.000  3.376693e+02 
 1089.000  3.208693e+02 
 1090.000  3.271199e+02 
 1091.000  3.300611e+02 
 1092.000  3.204482e+02 
 1093.000  3.120095e+02 
 1094.000  2.821540e+02 
 1095.000  3.057471e+02 
 1096.000  3.048144e+02 
 1097.000  2.998513e+02 
 1098.000  2.839962e+02 
 1099.000  2.734077e+02 
 1100.000  2.788578e+02 
 1101.000  2.799025e+02 
 1102.000  2.675576e+02 
 1103.000  2.792325e+02 
 1104.000  2.752713e+02 
 1105.000  2.699532e+02 
 1106.000  2.627330e+02 
 1107.000  2.636585e+02 
 1108.000  2.637279e+02 
 1109.000  2.691981e+02 
 1110.000  2.700285e+02 
 1111.000  2.641826e+02 
 1112.000  2.504261e+02 
 1113.000  2.340070e+02 
 1114.000  2.323212e+02 
 1115.000  2.109624e+02 
 1116.000  1.967064e+02 
 1117.000  1.718637e+02 
 1118.000  1.460925e+02 
 1119.000  1.296692e+02 
 1120.000  1.147594e+02 
 1121.000  1.121152e+02 
 1122.000  9.605962e+01 
 1123.000  1.049751e+02 
 1124.000  1.109411e+02 
 1125.000  1.056751e+02 
 1126.000  1.024937e+02 
 1127.000  1.072853e+02 
 1128.000  1.078421e+02 
 1129.000  1.238017e+02 
 1130.000  1.603567e+02 
 1131.000  1.728454e+02 
 1132.000  1.584883e+02 
 1133.000  1.285016e+02 
 1134.000  8.199023e+01 
 1135.000  8.644972e+01 
 1136.000  1.329626e+02 
 1137.000  1.611737e+02 
 1138.000  1.805366e+02 
 1139.000  1.923814e+02 
 1140.000  1.880160e+02 
 1141.000  1.729832e+02 
 1142.000  1.741972e+02 
 1143.000  1.604116e+02 
 1144.000  1.474338e+02 
 1145.000  1.311880e+02 
 1146.000  1.366137e+02 
 1147.000  1.508747e+02 
 1148.000  1.615277e+02 
 1149.000  1.669244e+02 
 1150.000  1.664357e+02 
 1151.000  1.732225e+02 
 1152.000  1.764628e+02 
 1153.000  1.813961e+02 
 1154.000  1.807493e+02 
 1155.000  1.918207e+02 
 1156.000  2.002844e+02 
 1157.000  2.250139e+02 
 1158.000  2.344888e+02 
 1159.000  2.391481e+02 
 1160.000  2.393482e+02 
 1161.000  2.422918e+02 
 1162.000  2.571588e+02 
 1163.000  2.656752e+02 
 1164.000  2.619923e+02 
 1165.000  2.676286e+02 
 1166.000  2.622006e+02 
 1167.000  2.674180e+02 
 1168.000  2.693915e+02 
 1169.000  2.610884e+02 
 1170.000  2.690876e+02 
 1171.000  2.729615e+02 
 1172.000  2.705587e+02 
 1173.000  2.671882e+02 
 1174.000  2.674126e+02 
 1175.000  2.683191e+02 
 1176.000  2.654727e+02 
 1177.000  2.719140e+02 
 1178.000  2.637812e+02 
 1179.000  2.626292e+02 
 1180.000  2.650042e+02 
 1181.000  2.603775e+02 
 1182.000  2.574458e+02 
 1183.000  2.428223e+02 
 1184.000  2.556783e+02 
 1185.000  2.636812e+02 
 1186.000  2.607529e+02 
 1187.000  2.561747e+02 
 1188.000  2.537978e+02 
 1189.000  2.417046e+02 
 1190.000  2.608672e+02 
 1191.000  2.671415e+02 
 1192.000  2.688264e+02 
 1193.000  2.682606e+02 
 1194.000  2.672841e+02 
 1195.000  2.612369e+02 
 1196.000  2.614945e+02 
 1197.000  2.599551e+02 
 1198.000  2.508926e+02 
 1199.000  2.398558e+02 
 1200.000  2.560692e+02 
 1201.000  2.581834e+02 
 1202.000  2.585056e+02 
 1203.000  2.446753e+02 
 1204.000  2.491344e+02 
 1205.000  2.599334e+02 
 1206.000  2.607694e+02 
 1207.000  2.635444e+02 
 1208.000  2.591218e+02 
 1209.000  2.419110e+02 
 1210.000  2.570958e+02 
 1211.000  2.483078e+02 
 1212.000  2.566619e+02 
 1213.000  2.597357e+02 
 1214.000  2.582959e+02 
 1215.000  2.598869e+02 
 1216.000  2.617766e+02 
 1217.000  2.634095e+02 
 1218.000  2.632151e+02 
 1219.000  2.610437e+02 
 1220.000  2.629294e+02 
 1221.000  2.628058e+02 
 1222.000  2.615822e+02 
 1223.000  2.605621e+02 
 1224.000  2.641158e+02 
 1225.000  2.629993e+02 
 1226.000  2.643678e+02 
 1227.000  2.561169e+02 
 1228.000  2.649713e+02 
 1229.000  2.653016e+02 
 1230.000  2.650757e+02 
 1231.000  2.654279e+02 
 1232.000  2.625314e+02 
 1233.000  2.646685e+02 
 1234.000  2.646111e+02 
 1235.000  2.630387e+02 
 1236.000  2.647694e+02 
 1237.000  2.649895e+02 
 1238.000  2.648565e+02 
 1239.000  2.618245e+02 
 1240.000  2.605533e+02 
 1241.000  2.626885e+02 
 1242.000  2.609551e+02 
 1243.000  2.578843e+02 
 1244.000  2.552308e+02 
 1245.000  2.593826e+02 
 1246.000  2.571106e+02 
 1247.000  2.554440e+02 
 1248.000  2.571540e+02 
 1249.000  2.559626e+02 
 1250.000  2.546081e+02 
 1251.000  2.524659e+02 
 1252.000  2.512017e+02 
 1253.000  2.486199e+02 
 1254.000  2.483384e+02 
 1255.000  2.471783e+02 
 1256.000  2.459533e+02 
 1257.000  2.421868e+02 
 1258.000  2.412893e+02 
 1259.000  2.370027e+02 
 1260.000  2.355167e+02 
 1261.000  2.330912e+02 
 1262.000  2.243136e+02 
 1263.000  2.254968e+02 
 1264.000  2.209550e+02 
 1265.000  2.209610e+02 
 1266.000  2.208177e+02 
 1267.000  2.149123e+02 
 1268.000  2.107872e+02 
 1269.000  2.118795e+02 
 1270.000  2.194094e+02 
 1271.000  2.230834e+02 
 1272.000  2.244029e+02 
 1273.000  2.259540e+02 
 1274.000  2.267025e+02 
 1275.000  2.291926e+02 
 1276.000  2.303796e+02 
 1277.000  2.308368e+02 
 1278.000  2.308746e+02 
 1279.000  2.299307e+02 
 1280.000  2.297651e+02 
 1281.000  2.243547e+02 
 1282.000  2.001403e+02 
 1283.000  2.203655e+02 
 1284.000  2.297351e+02 
 1285.000  2.318717e+02 
 1286.000  2.315176e+02 
 1287.000  2.322216e+02 
 1288.000  2.277254e+02 
 1289.000  2.282223e+02 
 1290.000  2.229532e+02 
 1291.000  2.266284e+02 
 1292.000  2.290769e+02 
 1293.000  2.294959e+02 
 1294.000  2.245666e+02 
 1295.000  2.248198e+02 
 1296.000  2.227139e+02 
 1297.000  2.194901e+02 
 1298.000  2.174379e+02 
 1299.000  2.195643e+02 
 1300.000  2.184223e+02 
 1301.000  2.176633e+02 
 1302.000  2.135742e+02 
 1303.000  2.084327e+02 
 1304.000  2.071052e+02 
 1305.000  2.077093e+02 
 1306.000  2.073554e+02 
 1307.000  2.057556e+02 
 1308.000  2.031307e+02 
 1309.000  1.995205e+02 
 1310.000  1.982928e+02 
 1311.000  1.977659e+02 
 1312.000  1.929583e+02 
 1313.000  1.806601e+02 
 1314.000  1.828029e+02 
 1315.000  1.785678e+02 
 1316.000  1.857894e+02 
 1317.000  1.876190e+02 
 1318.000  1.802371e+02 
 1319.000  1.757803e+02 
 1320.000  1.667368e+02 
 1321.000  1.630649e+02 
 1322.000  1.677619e+02 
 1323.000  1.737547e+02 
 1324.000  1.767067e+02 
 1325.000  1.747253e+02 
 1326.000  1.687036e+02 
 1327.000  1.563219e+02 
 1328.000  1.446737e+02 
 1329.000  1.184571e+02 
 1330.000  1.126468e+02 
 1331.000  1.080727e+02 
 1332.000  1.074563e+02 
 1333.000  1.148461e+02 
 1334.000  1.214647e+02 
 1335.000  1.262299e+02 
 1336.000  1.267191e+02 
 1337.000  1.284461e+02 
 1338.000  1.316143e+02 
 1339.000  1.324054e+02 
 1340.000  1.342478e+02 
 1341.000  1.360583e+02 
 1342.000  1.361368e+02 
 1343.000  1.277053e+02 
 1344.000  1.162564e+02 
 1345.000  8.771321e+01 
 1346.000  6.887449e+01 
 1347.000  5.764849e+01 
 1348.000  4.300172e+01 
 1349.000  3.749998e+01 
 1350.000  2.545520e+01 
 1351.000  2.055395e+01 
 1352.000  1.338298e+01 
 1353.000  7.991441e+00 
 1354.000  5.651581e+00 
 1355.000  3.839553e+00 
 1356.000  2.490415e+00 
 1357.000  1.367975e+00 
 1358.000  8.760212e-01 
 1359.000  3.311504e-01 
 1360.000  1.829026e-01 
 1361.000  1.145059e-01 
 1362.000  1.016899e-01 
 1363.000  1.715115e-01 
 1364.000  2.115304e-01 
 1365.000  2.235798e-01 
 1366.000  2.750779e-01 
 1367.000  2.183442e-01 
 1368.000  1.890361e-01 
 1369.000  1.979631e-01 
 1370.000  4.254349e-01 
 1371.000  9.856067e-01 
 1372.000  2.459713e+00 
 1373.000  4.097451e+00 
 1374.000  5.466712e+00 
 1375.000  6.052714e+00 
 1376.000  5.446376e+00 
 1377.000  4.566871e+00 
 1378.000  3.062707e+00 
 1379.000  1.762490e+00 
 1380.000  7.681998e-01 
 1381.000  3.456641e-01 
 1382.000  2.047840e-01 
 1383.000  1.931619e-01 
 1384.000  3.928359e-01 
 1385.000  6.577036e-01 
 1386.000  1.221833e+00 
 1387.000  3.033310e+00 
 1388.000  4.555843e+00 
 1389.000  5.637957e+00 
 1390.000  5.863327e+00 
 1391.000  5.299731e+00 
 1392.000  3.532392e+00 
 1393.000  2.405872e+00 
 1394.000  1.640315e+00 
 1395.000  1.956761e+00 
 1396.000  3.092672e+00 
 1397.000  4.511107e+00 
 1398.000  4.710597e+00 
 1399.000  4.312190e+00 
 1400.000  3.961092e+00 
 1401.000  4.393834e+00 
 1402.000  5.968548e+00 
 1403.000  7.503633e+00 
 1404.000  6.879211e+00 
 1405.000  7.512088e+00 
 1406.000  6.723928e+00 
 1407.000  7.254066e+00 
 1408.000  9.468759e+00 
 1409.000  1.212635e+01 
 1410.000  1.636624e+01 
 1411.000  2.143383e+01 
 1412.000  2.076108e+01 
 1413.000  2.418735e+01 
 1414.000  2.354159e+01 
 1415.000  2.774642e+01 
 1416.000  3.088450e+01 
 1417.000  3.233686e+01 
 1418.000  3.275948e+01 
 1419.000  3.316590e+01 
 1420.000  3.437389e+01 
 1421.000  4.087936e+01 
 1422.000  4.278584e+01 
 1423.000  4.383723e+01 
 1424.000  4.360148e+01 
 1425.000  4.263759e+01 
 1426.000  4.120381e+01 
 1427.000  4.461274e+01 
 1428.000  4.780667e+01 
 1429.000  4.930078e+01 
 1430.000  4.778617e+01 
 1431.000  4.280057e+01 
 1432.000  4.089761e+01 
 1433.000  4.074821e+01 
 1434.000  3.844855e+01 
 1435.000  4.252058e+01 
 1436.000  4.409577e+01 
 1437.000  4.504801e+01 
 1438.000  4.918441e+01 
 1439.000  5.034974e+01 
 1440.000  4.889455e+01 
 1441.000  5.234765e+01 
 1442.000  4.986909e+01 
 1443.000  5.082603e+01 
 1444.000  5.249998e+01 
 1445.000  5.281082e+01 
 1446.000  5.630155e+01 
 1447.000  5.882039e+01 
 1448.000  5.972686e+01 
 1449.000  5.806544e+01 
 1450.000  5.468511e+01 
 1451.000  5.579628e+01 
 1452.000  5.997838e+01 
 1453.000  6.977673e+01 
 1454.000  7.907837e+01 
 1455.000  8.417032e+01 
 1456.000  8.989135e+01 
 1457.000  9.162157e+01 
 1458.000  9.378208e+01 
 1459.000  8.976488e+01 
 1460.000  8.449258e+01 
 1461.000  8.220233e+01 
 1462.000  7.608455e+01 
 1463.000  7.556892e+01 
 1464.000  7.409335e+01 
 1465.000  7.123645e+01 
 1466.000  6.493375e+01 
 1467.000  6.344633e+01 
 1468.000  5.844302e+01 
 1469.000  5.374456e+01 
 1470.000  5.158165e+01 
 1471.000  5.673298e+01 
 1472.000  6.522417e+01 
 1473.000  7.719967e+01 
 1474.000  8.387760e+01 
 1475.000  8.535688e+01 
 1476.000  8.549413e+01 
 1477.000  8.276994e+01 
 1478.000  7.867518e+01 
 1479.000  7.597092e+01 
 1480.000  7.828399e+01 
 1481.000  8.101636e+01 
 1482.000  8.616632e+01 
 1483.000  8.560950e+01 
 1484.000  8.620940e+01 
 1485.000  8.725802e+01 
 1486.000  8.922427e+01 
 1487.000  9.735429e+01 
 1488.000  8.550845e+01 
 1489.000  1.083787e+02 
 1490.000  1.176600e+02 
 1491.000  1.234819e+02 
 1492.000  1.215376e+02 
 1493.000  1.270049e+02 
 1494.000  1.269435e+02 
 1495.000  1.290325e+02 
 1496.000  1.305524e+02 
 1497.000  1.338399e+02 
 1498.000  1.397657e+02 
 1499.000  1.418326e+02 
 1500.000  1.472370e+02 
 1501.000  1.461158e+02 
 1502.000  1.432383e+02 
 1503.000  1.276421e+02 
 1504.000  1.339073e+02 
 1505.000  1.365875e+02 
 1506.000  1.385069e+02 
 1507.000  1.476717e+02 
 1508.000  1.468441e+02 
 1509.000  1.489872e+02 
 1510.000  1.518380e+02 
 1511.000  1.535919e+02 
 1512.000  1.514205e+02 
 1513.000  1.514587e+02 
 1514.000  1.493903e+02 
 1515.000  1.531192e+02 
 1516.000  1.519597e+02 
 1517.000  1.517871e+02 
 1518.000  1.560189e+02 
 1519.000  1.553851e+02 
 1520.000  1.584522e+02 
 1521.000  1.565480e+02 
 1522.000  1.556492e+02 
 1523.000  1.597493e+02 
 1524.000  1.582174e+02 
 1525.000  1.542544e+02 
 1526.000  1.586814e+02 
 1527.000  1.573948e+02 
 1528.000  1.589650e+02 
 1529.000  1.584626e+02 
 1530.000  1.486588e+02 
 1531.000  1.591217e+02 
 1532.000  1.583983e+02 
 1533.000  1.577761e+02 
 1534.000  1.555407e+02 
 1535.000  1.563511e+02 
 1536.000  1.584471e+02 
 1537.000  1.592432e+02 
 1538.000  1.551549e+02 
 1539.000  1.586030e+02 
 1540.000  1.529248e+02 
 1541.000  1.562174e+02 
 1542.000  1.571470e+02 
 1543.000  1.568434e+02 
 1544.000  1.590458e+02 
 1545.000  1.598831e+02 
 1546.000  1.601569e+02 
 1547.000  1.587548e+02 
 1548.000  1.541518e+02 
 1549.000  1.581022e+02 
 1550.000  1.572291e+02 
 1551.000  1.564098e+02 
 1552.000  1.590994e+02 
 1553.000  1.583347e+02 
 1554.000  1.524955e+02 
 1555.000  1.550809e+02 
 1556.000  1.521315e+02 
 1557.000  1.571101e+02 
 1558.000  1.558816e+02 
 1559.000  1.558600e+02 
 1560.000  1.531674e+02 
 1561.000  1.567102e+02 
 1562.000  1.566050e+02 
 1563.000  1.541179e+02 
 1564.000  1.508004e+02 
 1565.000  1.526943e+02 
 1566.000  1.498009e+02 
 1567.000  1.489712e+02 
 1568.000  1.446942e+02 
 1569.000  1.438800e+02 
 1570.000  1.391925e+02 
 1571.000  1.429230e+02 
 1572.000  1.425905e+02 
 1573.000  1.406093e+02 
 1574.000  1.415200e+02 
 1575.000  1.316925e+02 
 1576.000  1.414816e+02 
 1577.000  1.278893e+02 
 1578.000  1.401332e+02 
 1579.000  1.412475e+02 
 1580.000  1.446917e+02 
 1581.000  1.437334e+02 
 1582.000  1.414676e+02 
 1583.000  1.437980e+02 
 1584.000  1.430371e+02 
 1585.000  1.476616e+02 
 1586.000  1.458077e+02 
 1587.000  1.445167e+02 
 1588.000  1.424866e+02 
 1589.000  1.304231e+02 
 1590.000  1.405029e+02 
 1591.000  1.373638e+02 
 1592.000  1.445604e+02 
 1593.000  1.475200e+02 
 1594.000  1.461387e+02 
 1595.000  1.465226e+02 
 1596.000  1.372539e+02 
 1597.000  1.418932e+02 
 1598.000  1.431733e+02 
 1599.000  1.367988e+02 
 1600.000  1.378302e+02 
 1601.000  1.320282e+02 
 1602.000  1.350589e+02 
 1603.000  1.344077e+02 
 1604.000  1.367101e+02 
 1605.000  1.346887e+02 
 1606.000  1.343786e+02 
 1607.000  1.347579e+02 
 1608.000  1.361595e+02 
 1609.000  1.356363e+02 
 1610.000  1.273664e+02 
 1611.000  1.317696e+02 
 1612.000  1.338512e+02 
 1613.000  1.376092e+02 
 1614.000  1.362585e+02 
 1615.000  1.391055e+02 
 1616.000  1.308357e+02 
 1617.000  1.351720e+02 
 1618.000  1.393833e+02 
 1619.000  1.394225e+02 
 1620.000  1.363345e+02 
 1621.000  1.346131e+02 
 1622.000  1.380013e+02 
 1623.000  1.409804e+02 
 1624.000  1.420592e+02 
 1625.000  1.387670e+02 
 1626.000  1.402513e+02 
 1627.000  1.400956e+02 
 1628.000  1.411226e+02 
 1629.000  1.410036e+02 
 1630.000  1.369931e+02 
 1631.000  1.391353e+02 
 1632.000  1.389460e+02 
 1633.000  1.370759e+02 
 1634.000  1.336195e+02 
 1635.000  1.372019e+02 
 1636.000  1.365995e+02 
 1637.000  1.301739e+02 
 1638.000  1.292243e+02 
 1639.000  1.275010e+02 
 1640.000  1.280171e+02 
 1641.000  1.270258e+02 
 1642.000  1.268658e+02 
 1643.000  1.300679e+02 
 1644.000  1.280137e+02 
 1645.000  1.281913e+02 
 1646.000  1.297313e+02 
 1647.000  1.309323e+02 
 1648.000  1.302996e+02 
 1649.000  1.273050e+02 
 1650.000  1.305316e+02 
 1651.000  1.276580e+02 
 1652.000  1.302405e+02 
 1653.000  1.290089e+02 
 1654.000  1.304558e+02 
 1655.000  1.281020e+02 
 1656.000  1.307585e+02 
 1657.000  1.298085e+02 
 1658.000  1.307098e+02 
 1659.000  1.283644e+02 
 1660.000  1.298022e+02 
 1661.000  1.303040e+02 
 1662.000  1.292434e+02 
 1663.000  1.283218e+02 
 1664.000  1.276463e+02 
 1665.000  1.263495e+02 
 1666.000  1.258777e+02 
 1667.000  1.273554e+02 
 1668.000  1.251980e+02 
 1669.000  1.256780e+02 
 1670.000  1.284627e+02 
 1671.000  1.276613e+02 
 1672.000  1.216199e+02 
 1673.000  1.250728e+02 
 1674.000  1.255359e+02 
 1675.000  1.243686e+02 
 1676.000  1.223527e+02 
 1677.000  1.229876e+02 
 1678.000  1.237321e+02 
 1679.000  1.220402e+02 
 1680.000  1.178884e+02 
 1681.000  1.138296e+02 
 1682.000  1.171150e+02 
 1683.000  1.199829e+02 
 1684.000  1.221934e+02 
 1685.000  1.225253e+02 
 1686.000  1.210539e+02 
 1687.000  1.214182e+02 
 1688.000  1.214074e+02 
 1689.000  1.199462e+02 
 1690.000  1.197474e+02 
 1691.000  1.212859e+02 
 1692.000  1.215075e+02 
 1693.000  1.210946e+02 
 1694.000  1.209247e+02 
 1695.000  1.209090e+02 
 1696.000  1.201993e+02 
 1697.000  1.194202e+02 
 1698.000  1.201299e+02 
 1699.000  1.193574e+02 
 1700.000  1.178617e+02 
 1701.000  1.181188e+02 
 1702.000  1.177288e+02 
 1703.000  1.152524e+02 
 1704.000  1.171955e+02 
 1705.000  1.177268e+02 
 1706.000  1.161237e+02 
 1707.000  1.157606e+02 
 1708.000  1.125812e+02 
 1709.000  1.146391e+02 
 1710.000  1.159014e+02 
 1711.000  1.070850e+02 
 1712.000  1.145553e+02 
 1713.000  1.150563e+02 
 1714.000  1.151025e+02 
 1715.000  1.151755e+02 
 1716.000  1.146193e+02 
 1717.000  1.135832e+02 
 1718.000  1.129775e+02 
 1719.000  1.137812e+02 
 1720.000  1.108307e+02 
 1721.000  1.092038e+02 
 1722.000  1.107858e+02 
 1723.000  1.049416e+02 
 1724.000  1.065196e+02 
 1725.000  1.082054e+02 
 1726.000  1.095287e+02 
 1727.000  1.089964e+02 
 1728.000  1.065891e+02 
 1729.000  1.088742e+02 
 1730.000  1.090835e+02 
 1731.000  1.072302e+02 
 1732.000  1.057802e+02 
 1733.000  9.903983e+01 
 1734.000  1.008512e+02 
 1735.000  1.010443e+02 
 1736.000  9.614038e+01 
 1737.000  9.477428e+01 
 1738.000  9.930195e+01 
 1739.000  1.008401e+02 
 1740.000  1.009786e+02 
 1741.000  9.857008e+01 
 1742.000  1.016678e+02 
 1743.000  9.980724e+01 
 1744.000  1.010323e+02 
 1745.000  9.808031e+01 
 1746.000  9.853703e+01 
 1747.000  9.627224e+01 
 1748.000  9.983055e+01 
 1749.000  9.924512e+01 
 1750.000  9.891666e+01 
 1751.000  9.731898e+01 
 1752.000  9.793984e+01 
 1753.000  9.797072e+01 
 1754.000  9.800352e+01 
 1755.000  9.616225e+01 
 1756.000  9.722849e+01 
 1757.000  9.729852e+01 
 1758.000  9.678473e+01 
 1759.000  9.718266e+01 
 1760.000  9.620457e+01 
 1761.000  9.383846e+01 
 1762.000  9.151041e+01 
 1763.000  9.186331e+01 
 1764.000  8.883995e+01 
 1765.000  9.039014e+01 
 1766.000  8.959309e+01 
 1767.000  8.985270e+01 
 1768.000  8.856645e+01 
 1769.000  8.903437e+01 
 1770.000  8.747779e+01 
 1771.000  8.763135e+01 
 1772.000  8.690995e+01 
 1773.000  8.688795e+01 
 1774.000  8.328470e+01 
 1775.000  7.970769e+01 
 1776.000  7.945671e+01 
 1777.000  7.626287e+01 
 1778.000  7.415877e+01 
 1779.000  7.490502e+01 
 1780.000  7.372871e+01 
 1781.000  7.317858e+01 
 1782.000  7.221482e+01 
 1783.000  7.020914e+01 
 1784.000  7.026863e+01 
 1785.000  7.002869e+01 
 1786.000  7.071272e+01 
 1787.000  7.128321e+01 
 1788.000  7.093581e+01 
 1789.000  6.710519e+01 
 1790.000  6.659293e+01 
 1791.000  6.266279e+01 
 1792.000  6.143176e+01 
 1793.000  5.684367e+01 
 1794.000  5.292145e+01 
 1795.000  5.335996e+01 
 1796.000  4.871300e+01 
 1797.000  4.445916e+01 
 1798.000  4.461804e+01 
 1799.000  3.775266e+01 
 1800.000  3.755685e+01 
 1801.000  3.148420e+01 
 1802.000  2.820362e+01 
 1803.000  2.807606e+01 
 1804.000  2.797865e+01 
 1805.000  2.726523e+01 
 1806.000  2.477829e+01 
 1807.000  2.376314e+01 
 1808.000  2.280206e+01 
 1809.000  1.921606e+01 
 1810.000  1.589385e+01 
 1811.000  1.587181e+01 
 1812.000  1.306141e+01 
 1813.000  1.309058e+01 
 1814.000  1.145687e+01 
 1815.000  8.292725e+00 
 1816.000  8.180125e+00 
 1817.000  7.069779e+00 
 1818.000  6.205872e+00 
 1819.000  5.370326e+00 
 1820.000  4.913405e+00 
 1821.000  4.949848e+00 
 1822.000  4.459217e+00 
 1823.000  4.391393e+00 
 1824.000  4.053058e+00 
 1825.000  2.345873e+00 
 1826.000  2.358730e+00 
 1827.000  1.636059e+00 
 1828.000  1.454128e+00 
 1829.000  7.378804e-01 
 1830.000  4.635626e-01 
 1831.000  4.625330e-01 
 1832.000  2.865916e-01 
 1833.000  2.762499e-01 
 1834.000  1.570446e-01 
 1835.000  6.109068e-02 
 1836.000  6.122844e-02 
 1837.000  4.008462e-02 
 1838.000  3.582828e-02 
 1839.000  4.648520e-02 
 1840.000  7.817496e-02 
 1841.000  7.989515e-02 
 1842.000  1.251290e-01 
 1843.000  1.211415e-01 
 1844.000  1.637039e-01 
 1845.000  1.550997e-01 
 1846.000  1.249943e-01 
 1847.000  8.846234e-02 
 1848.000  9.114095e-02 
 1849.000  8.977596e-02 
 1850.000  9.054910e-02 
 1851.000  8.608505e-02 
 1852.000  8.705729e-02 
 1853.000  8.514084e-02 
 1854.000  8.713511e-02 
 1855.000  8.983998e-02 
 1856.000  9.595771e-02 
 1857.000  9.988257e-02 
 1858.000  1.377636e-01 
 1859.000  2.421349e-01 
 1860.000  2.393401e-01 
 1861.000  4.230473e-01 
 1862.000  4.006481e-01 
 1863.000  4.377721e-01 
 1864.000  3.686900e-01 
 1865.000  3.702980e-01 
 1866.000  1.804742e-01 
 1867.000  1.775546e-01 
 1868.000  4.387359e-02 
 1869.000  4.663371e-02 
 1870.000  1.108397e-02 
 1871.000  4.950491e-03 
 1872.000  4.911424e-03 
 1873.000  1.380501e-02 
 1874.000  1.378709e-02 
 1875.000  5.301387e-02 
 1876.000  5.019779e-02 
 1877.000  2.276693e-01 
 1878.000  5.087101e-01 
 1879.000  5.197218e-01 
 1880.000  8.050061e-01 
 1881.000  8.295969e-01 
 1882.000  1.110561e+00 
 1883.000  1.210249e+00 
 1884.000  1.386063e+00 
 1885.000  1.378706e+00 
 1886.000  1.336852e+00 
 1887.000  1.442106e+00 
 1888.000  1.422730e+00 
 1889.000  1.146913e+00 
 1890.000  1.104130e+00 
 1891.000  1.003538e+00 
 1892.000  9.730627e-01 
 1893.000  8.384269e-01 
 1894.000  7.540293e-01 
 1895.000  7.359487e-01 
 1896.000  5.129870e-01 
 1897.000  5.107723e-01 
 1898.000  2.739305e-01 
 1899.000  2.696727e-01 
 1900.000  1.552918e-01 
 1901.000  1.562838e-01 
 1902.000  1.204271e-01 
 1903.000  1.737816e-01 
 1904.000  1.722634e-01 
 1905.000  2.783835e-01 
 1906.000  2.795978e-01 
 1907.000  4.126312e-01 
 1908.000  4.050539e-01 
 1909.000  4.534519e-01 
 1910.000  4.542036e-01 
 1911.000  4.848925e-01 
 1912.000  4.860805e-01 
 1913.000  6.675628e-01 
 1914.000  8.611397e-01 
 1915.000  8.557435e-01 
 1916.000  1.560094e+00 
 1917.000  1.568677e+00 
 1918.000  2.074047e+00 
 1919.000  2.065826e+00 
 1920.000  2.788582e+00 
 1921.000  2.901236e+00 
 1922.000  3.514480e+00 
 1923.000  3.662674e+00 
 1924.000  4.021100e+00 
 1925.000  4.122945e+00 
 1926.000  4.146258e+00 
 1927.000  4.857926e+00 
 1928.000  4.809621e+00 
 1929.000  5.181490e+00 
 1930.000  5.387785e+00 
 1931.000  7.041574e+00 
 1932.000  7.259084e+00 
 1933.000  7.929967e+00 
 1934.000  8.781773e+00 
 1935.000  1.007153e+01 
 1936.000  1.020877e+01 
 1937.000  1.059076e+01 
 1938.000  1.219465e+01 
 1939.000  1.165162e+01 
 1940.000  1.331562e+01 
 1941.000  1.344493e+01 
 1942.000  1.531565e+01 
 1943.000  1.486594e+01 
 1944.000  1.538890e+01 
 1945.000  1.445885e+01 
 1946.000  1.711788e+01 
 1947.000  1.818527e+01 
 1948.000  1.918718e+01 
 1949.000  1.974142e+01 
 1950.000  1.979770e+01 
 1951.000  1.922297e+01 
 1952.000  1.879009e+01 
 1953.000  1.957232e+01 
 1954.000  1.907978e+01 
 1955.000  1.905520e+01 
 1956.000  1.845193e+01 
 1957.000  1.970645e+01 
 1958.000  1.979819e+01 
 1959.000  2.231211e+01 
 1960.000  2.214362e+01 
 1961.000  2.554890e+01 
 1962.000  2.504031e+01 
 1963.000  2.856217e+01 
 1964.000  2.859468e+01 
 1965.000  3.359746e+01 
 1966.000  3.277599e+01 
 1967.000  3.698899e+01 
 1968.000  3.710058e+01 
 1969.000  4.064682e+01 
 1970.000  4.100454e+01 
 1971.000  4.383262e+01 
 1972.000  4.356508e+01 
 1973.000  4.399395e+01 
 1974.000  4.519987e+01 
 1975.000  4.846606e+01 
 1976.000  4.855884e+01 
 1977.000  5.047507e+01 
 1978.000  4.790404e+01 
 1979.000  5.225909e+01 
 1980.000  5.065301e+01 
 1981.000  5.313935e+01 
 1982.000  5.361011e+01 
 1983.000  5.451553e+01 
 1984.000  5.394865e+01 
 1985.000  5.445000e+01 
 1986.000  5.336117e+01 
 1987.000  5.389160e+01 
 1988.000  5.537999e+01 
 1989.000  5.500877e+01 
 1990.000  5.485122e+01 
 1991.000  5.420149e+01 
 1992.000  5.345979e+01 
 1993.000  5.064186e+01 
 1994.000  5.105066e+01 
 1995.000  4.772000e+01 
 1996.000  4.771909e+01 
 1997.000  3.969203e+01 
 1998.000  3.894048e+01 
 1999.000  3.037408e+01 
 2000.000  3.039692e+01 
 2001.000  2.277771e+01 
 2002.000  2.281471e+01 
 2003.000  1.905029e+01 
 2004.000  1.904154e+01 
 2005.000  1.926711e+01 
 2006.000  1.876717e+01 
 2007.000  2.091210e+01 
 2008.000  2.090165e+01 
 2009.000  2.225726e+01 
 2010.000  2.229852e+01 
 2011.000  2.280313e+01 
 2012.000  2.278064e+01 
 2013.000  2.341696e+01 
 2014.000  2.318763e+01 
 2015.000  2.467540e+01 
 2016.000  2.463978e+01 
 2017.000  2.765143e+01 
 2018.000  2.771714e+01 
 2019.000  3.258569e+01 
 2020.000  3.234556e+01 
 2021.000  3.629806e+01 
 2022.000  3.757785e+01 
 2023.000  4.270279e+01 
 2024.000  4.274501e+01 
 2025.000  4.630127e+01 
 2026.000  4.672195e+01 
 2027.000  4.931181e+01 
 2028.000  4.948658e+01 
 2029.000  5.073119e+01 
 2030.000  5.013882e+01 
 2031.000  5.196791e+01 
 2032.000  5.283620e+01 
 2033.000  5.406469e+01 
 2034.000  5.402296e+01 
 2035.000  5.277477e+01 
 2036.000  5.401319e+01 
 2037.000  5.445569e+01 
 2038.000  5.153522e+01 
 2039.000  5.321967e+01 
 2040.000  5.365282e+01 
 2041.000  5.302927e+01 
 2042.000  5.253655e+01 
 2043.000  5.166363e+01 
 2044.000  5.165518e+01 
 2045.000  4.947760e+01 
 2046.000  4.944457e+01 
 2047.000  4.917727e+01 
 2048.000  4.577519e+01 
 2049.000  4.602681e+01 
 2050.000  4.221584e+01 
 2051.000  4.198260e+01 
 2052.000  3.953383e+01 
 2053.000  3.897826e+01 
 2054.000  3.872625e+01 
 2055.000  3.902087e+01 
 2056.000  3.973499e+01 
 2057.000  3.958228e+01 
 2058.000  4.078307e+01 
 2059.000  4.079778e+01 
 2060.000  4.109053e+01 
 2061.000  4.000308e+01 
 2062.000  4.115401e+01 
 2063.000  4.100159e+01 
 2064.000  3.857724e+01 
 2065.000  4.083930e+01 
 2066.000  4.088996e+01 
 2067.000  4.127839e+01 
 2068.000  4.092914e+01 
 2069.000  4.211728e+01 
 2070.000  4.070546e+01 
 2071.000  4.411622e+01 
 2072.000  4.361132e+01 
 2073.000  4.652208e+01 
 2074.000  4.645290e+01 
 2075.000  4.834132e+01 
 2076.000  4.828686e+01 
 2077.000  4.968634e+01 
 2078.000  4.967543e+01 
 2079.000  4.884967e+01 
 2080.000  5.028083e+01 
 2081.000  4.979161e+01 
 2082.000  5.071377e+01 
 2083.000  4.982882e+01 
 2084.000  5.043291e+01 
 2085.000  5.085382e+01 
 2086.000  5.149831e+01 
 2087.000  5.147402e+01 
 2088.000  5.204890e+01 
 2089.000  5.212299e+01 
 2090.000  5.246588e+01 
 2091.000  5.207419e+01 
 2092.000  5.008762e+01 
 2093.000  5.201087e+01 
 2094.000  5.250103e+01 
 2095.000  5.092154e+01 
 2096.000  5.245501e+01 
 2097.000  5.232317e+01 
 2098.000  5.225215e+01 
 2099.000  5.256413e+01 
 2100.000  5.270431e+01 
 2101.000  5.285912e+01 
 2102.000  5.322059e+01 
 2103.000  5.240931e+01 
 2104.000  5.333184e+01 
 2105.000  5.328748e+01 
 2106.000  5.361240e+01 
 2107.000  5.345233e+01 
 2108.000  5.342847e+01 
 2109.000  5.315522e+01 
 2110.000  5.186368e+01 
 2111.000  5.307211e+01 
 2112.000  5.291648e+01 
 2113.000  5.264834e+01 
 2114.000  5.281311e+01 
 2115.000  5.274403e+01 
 2116.000  5.238403e+01 
 2117.000  5.113076e+01 
 2118.000  5.231406e+01 
 2119.000  5.274471e+01 
 2120.000  5.148255e+01 
 2121.000  5.270616e+01 
 2122.000  5.225253e+01 
 2123.000  5.228797e+01 
 2124.000  5.160627e+01 
 2125.000  5.272163e+01 
 2126.000  5.313235e+01 
 2127.000  5.220801e+01 
 2128.000  5.342699e+01 
 2129.000  5.330713e+01 
 2130.000  5.318006e+01 
 2131.000  5.350116e+01 
 2132.000  5.340606e+01 
 2133.000  5.342062e+01 
 2134.000  5.325994e+01 
 2135.000  5.335386e+01 
 2136.000  5.140662e+01 
 2137.000  5.317061e+01 
 2138.000  5.315987e+01 
 2139.000  5.289404e+01 
 2140.000  5.283308e+01 
 2141.000  5.288250e+01 
 2142.000  5.251749e+01 
 2143.000  5.225532e+01 
 2144.000  5.183645e+01 
 2145.000  5.132059e+01 
 2146.000  5.028583e+01 
 2147.000  5.079699e+01 
 2148.000  5.081973e+01 
 2149.000  4.993675e+01 
 2150.000  4.987660e+01 
 2151.000  4.927554e+01 
 2152.000  4.915522e+01 
 2153.000  4.868807e+01 
 2154.000  4.880379e+01 
 2155.000  4.878397e+01 
 2156.000  4.887742e+01 
 2157.000  4.875321e+01 
 2158.000  4.871759e+01 
 2159.000  4.849245e+01 
 2160.000  4.837119e+01 
 2161.000  4.832335e+01 
 2162.000  4.767604e+01 
 2163.000  4.776568e+01 
 2164.000  4.709702e+01 
 2165.000  4.557504e+01 
 2166.000  4.093887e+01 
 2167.000  4.484146e+01 
 2168.000  4.626099e+01 
 2169.000  4.749047e+01 
 2170.000  4.749905e+01 
 2171.000  4.791334e+01 
 2172.000  4.771053e+01 
 2173.000  4.788273e+01 
 2174.000  4.765002e+01 
 2175.000  4.770841e+01 
 2176.000  4.741610e+01 
 2177.000  4.692124e+01 
 2178.000  4.726363e+01 
 2179.000  4.533850e+01 
 2180.000  4.716895e+01 
 2181.000  4.709466e+01 
 2182.000  4.655047e+01 
 2183.000  4.540337e+01 
 2184.000  4.654645e+01 
 2185.000  4.666467e+01 
 2186.000  4.679323e+01 
 2187.000  4.673156e+01 
 2188.000  4.555228e+01 
 2189.000  4.537569e+01 
 2190.000  4.592628e+01 
 2191.000  4.646114e+01 
 2192.000  4.633459e+01 
 2193.000  4.567325e+01 
 2194.000  4.555432e+01 
 2195.000  4.541912e+01 
 2196.000  4.470405e+01 
 2197.000  4.452874e+01 
 2198.000  4.412510e+01 
 2199.000  4.406218e+01 
 2200.000  4.389873e+01 
 2201.000  4.404294e+01 
 2202.000  4.397229e+01 
 2203.000  4.468550e+01 
 2204.000  4.469394e+01 
 2205.000  4.456639e+01 
 2206.000  4.369765e+01 
 2207.000  4.314133e+01 
 2208.000  4.553039e+01 
 2209.000  4.458956e+01 
 2210.000  4.612009e+01 
 2211.000  4.607941e+01 
 2212.000  4.593221e+01 
 2213.000  4.595650e+01 
 2214.000  4.577240e+01 
 2215.000  4.577759e+01 
 2216.000  4.539326e+01 
 2217.000  4.473647e+01 
 2218.000  4.527784e+01 
 2219.000  4.542273e+01 
 2220.000  4.528022e+01 
 2221.000  4.520218e+01 
 2222.000  4.502304e+01 
 2223.000  4.501544e+01 
 2224.000  4.490429e+01 
 2225.000  4.468795e+01 
 2226.000  4.391629e+01 
 2227.000  4.404185e+01 
 2228.000  4.401132e+01 
 2229.000  4.440687e+01 
 2230.000  4.390533e+01 
 2231.000  4.397234e+01 
 2232.000  4.397041e+01 
 2233.000  4.381852e+01 
 2234.000  4.373680e+01 
 2235.000  4.346545e+01 
 2236.000  4.329023e+01 
 2237.000  4.331046e+01 
 2238.000  4.277979e+01 
 2239.000  4.188192e+01 
 2240.000  4.237337e+01 
 2241.000  4.279153e+01 
 2242.000  4.269925e+01 
 2243.000  4.196154e+01 
 2244.000  4.228038e+01 
 2245.000  4.226793e+01 
 2246.000  4.217744e+01 
 2247.000  4.213937e+01 
 2248.000  4.096725e+01 
 2249.000  4.182035e+01 
 2250.000  4.141365e+01 
 2251.000  4.136505e+01 
 2252.000  4.143232e+01 
 2253.000  4.076917e+01 
 2254.000  3.975061e+01 
 2255.000  4.055002e+01 
 2256.000  4.024395e+01 
 2257.000  4.024293e+01 
 2258.000  4.016716e+01 
 2259.000  4.021247e+01 
 2260.000  3.987645e+01 
 2261.000  3.968118e+01 
 2262.000  3.975721e+01 
 2263.000  3.835661e+01 
 2264.000  3.976780e+01 
 2265.000  3.953262e+01 
 2266.000  3.902135e+01 
 2267.000  3.936695e+01 
 2268.000  3.939338e+01 
 2269.000  3.930289e+01 
 2270.000  3.918646e+01 
 2271.000  3.888462e+01 
 2272.000  3.924429e+01 
 2273.000  3.920073e+01 
 2274.000  3.908400e+01 
 2275.000  3.850418e+01 
 2276.000  3.901828e+01 
 2277.000  3.902541e+01 
 2278.000  3.901569e+01 
 2279.000  3.889484e+01 
 2280.000  3.877741e+01 
 2281.000  3.682789e+01 
 2282.000  3.802542e+01 
 2283.000  3.813816e+01 
 2284.000  3.803146e+01 
 2285.000  3.789427e+01 
 2286.000  3.774831e+01 
 2287.000  3.782436e+01 
 2288.000  3.769310e+01 
 2289.000  3.719593e+01 
 2290.000  3.719472e+01 
 2291.000  3.657078e+01 
 2292.000  3.675148e+01 
 2293.000  3.667904e+01 
 2294.000  3.459581e+01 
 2295.000  3.551232e+01 
 2296.000  3.537207e+01 
 2297.000  3.474741e+01 
 2298.000  3.551851e+01 
 2299.000  3.566192e+01 
 2300.000  3.556688e+01 
 2301.000  3.553993e+01 
 2302.000  3.608096e+01 
 2303.000  3.597396e+01 
 2304.000  3.585521e+01 
 2305.000  3.643111e+01 
 2306.000  3.646951e+01 
 2307.000  3.656364e+01 
 2308.000  3.655784e+01 
 2309.000  3.632387e+01 
 2310.000  3.606503e+01 
 2311.000  3.617812e+01 
 2312.000  3.600890e+01 
 2313.000  3.540972e+01 
 2314.000  3.520327e+01 
 2315.000  3.368601e+01 
 2316.000  3.417918e+01 
 2317.000  3.384685e+01 
 2318.000  3.506784e+01 
 2319.000  3.492725e+01 
 2320.000  3.376949e+01 
 2321.000  3.397616e+01 
 2322.000  3.394968e+01 
 2323.000  3.253960e+01 
 2324.000  3.344318e+01 
 2325.000  3.371626e+01 
 2326.000  3.351628e+01 
 2327.000  3.415278e+01 
 2328.000  3.438161e+01 
 2329.000  3.405381e+01 
 2330.000  3.399522e+01 
 2331.000  3.384031e+01 
 2332.000  3.342113e+01 
 2333.000  3.339797e+01 
 2334.000  3.253412e+01 
 2335.000  3.207200e+01 
 2336.000  3.229694e+01 
 2337.000  3.156091e+01 
 2338.000  3.139786e+01 
 2339.000  3.058540e+01 
 2340.000  3.078003e+01 
 2341.000  3.081719e+01 
 2342.000  3.033628e+01 
 2343.000  3.019310e+01 
 2344.000  3.010518e+01 
 2345.000  2.975270e+01 
 2346.000  2.982377e+01 
 2347.000  2.964826e+01 
 2348.000  2.956001e+01 
 2349.000  2.970154e+01 
 2350.000  2.951331e+01 
 2351.000  2.977462e+01 
 2352.000  2.931202e+01 
 2353.000  2.862109e+01 
 2354.000  2.936536e+01 
 2355.000  2.970028e+01 
 2356.000  3.021807e+01 
 2357.000  2.997355e+01 
 2358.000  2.997869e+01 
 2359.000  3.057588e+01 
 2360.000  3.060231e+01 
 2361.000  3.037800e+01 
 2362.000  2.983536e+01 
 2363.000  2.979345e+01 
 2364.000  2.986891e+01 
 2365.000  2.886928e+01 
 2366.000  2.892882e+01 
 2367.000  2.773035e+01 
 2368.000  2.759129e+01 
 2369.000  2.732725e+01 
 2370.000  2.657900e+01 
 2371.000  2.688728e+01 
 2372.000  2.689587e+01 
 2373.000  2.694085e+01 
 2374.000  2.562561e+01 
 2375.000  2.647376e+01 
 2376.000  2.685523e+01 
 2377.000  2.676884e+01 
 2378.000  2.668991e+01 
 2379.000  2.707374e+01 
 2380.000  2.698591e+01 
 2381.000  2.671991e+01 
 2382.000  2.678470e+01 
 2383.000  2.549977e+01 
 2384.000  2.549474e+01 
 2385.000  2.569201e+01 
 2386.000  2.588041e+01 
 2387.000  2.580622e+01 
 2388.000  2.649855e+01 
 2389.000  2.640308e+01 
 2390.000  2.691005e+01 
 2391.000  2.686341e+01 
 2392.000  2.678097e+01 
 2393.000  2.684739e+01 
 2394.000  2.719624e+01 
 2395.000  2.695605e+01 
 2396.000  2.696009e+01 
 2397.000  2.708628e+01 
 2398.000  2.688643e+01 
 2399.000  2.681348e+01 
 2400.000  2.656298e+01 
 2401.000  2.621224e+01 
 2402.000  2.634566e+01 
 2403.000  2.615302e+01 
 2404.000  2.528324e+01 
 2405.000  2.545012e+01 
 2406.000  2.508033e+01 
 2407.000  2.438375e+01 
 2408.000  2.442647e+01 
 2409.000  2.434794e+01 
 2410.000  2.345620e+01 
 2411.000  2.347828e+01 
 2412.000  2.344903e+01 
 2413.000  2.276084e+01 
 2414.000  2.196862e+01 
 2415.000  2.190923e+01 
 2416.000  2.126166e+01 
 2417.000  2.222118e+01 
 2418.000  2.241474e+01 
 2419.000  2.369139e+01 
 2420.000  2.343800e+01 
 2421.000  2.354432e+01 
 2422.000  2.435086e+01 
 2423.000  2.417970e+01 
 2424.000  2.425170e+01 
 2425.000  2.440301e+01 
 2426.000  2.471114e+01 
 2427.000  2.442386e+01 
 2428.000  2.440074e+01 
 2429.000  2.456553e+01 
 2430.000  2.441853e+01 
 2431.000  2.385312e+01 
 2432.000  2.400098e+01 
 2433.000  2.388961e+01 
 2434.000  2.281330e+01 
 2435.000  2.256330e+01 
 2436.000  2.319454e+01 
 2437.000  2.304963e+01 
 2438.000  2.249644e+01 
 2439.000  2.305380e+01 
 2440.000  2.220537e+01 
 2441.000  2.194752e+01 
 2442.000  2.208289e+01 
 2443.000  2.062927e+01 
 2444.000  2.052656e+01 
 2445.000  1.948654e+01 
 2446.000  1.892418e+01 
 2447.000  1.896765e+01 
 2448.000  1.853900e+01 
 2449.000  1.853939e+01 
 2450.000  1.866927e+01 
 2451.000  1.880524e+01 
 2452.000  1.879660e+01 
 2453.000  1.908961e+01 
 2454.000  2.047392e+01 
 2455.000  2.026321e+01 
 2456.000  2.022797e+01 
 2457.000  1.945137e+01 
 2458.000  2.080082e+01 
 2459.000  2.094464e+01 
 2460.000  2.081588e+01 
 2461.000  2.010581e+01 
 2462.000  2.015844e+01 
 2463.000  1.994950e+01 
 2464.000  1.916895e+01 
 2465.000  1.901859e+01 
 2466.000  1.887030e+01 
 2467.000  1.764072e+01 
 2468.000  1.763931e+01 
 2469.000  1.742073e+01 
 2470.000  1.503085e+01 
 2471.000  1.567247e+01 
 2472.000  1.561022e+01 
 2473.000  1.492454e+01 
 2474.000  1.465879e+01 
 2475.000  1.483124e+01 
 2476.000  1.305305e+01 
 2477.000  1.324443e+01 
 2478.000  1.318036e+01 
 2479.000  1.109528e+01 
 2480.000  1.125629e+01 
 2481.000  1.095464e+01 
 2482.000  9.568065e+00 
 2483.000  9.302077e+00 
 2484.000  9.737043e+00 
 2485.000  8.508986e+00 
 2486.000  8.457209e+00 
 2487.000  7.881839e+00 
 2488.000  7.997683e+00 
 2489.000  7.991730e+00 
 2490.000  8.033036e+00 
 2491.000  8.122698e+00 
 2492.000  8.155481e+00 
 2493.000  8.025903e+00 
 2494.000  8.285748e+00 
 2495.000  8.194691e+00 
 2496.000  8.142815e+00 
 2497.000  8.664837e+00 
 2498.000  8.605389e+00 
 2499.000  8.645460e+00 
 2500.000  8.296534e+00 
 2501.000  7.560738e+00 
 2502.000  7.605013e+00 
 2503.000  7.524959e+00 
 2504.000  6.911670e+00 
 2505.000  6.988917e+00 
 2506.000  6.618135e+00 
 2507.000  5.145861e+00 
 2508.000  5.072742e+00 
 2509.000  5.052440e+00 
 2510.000  4.137631e+00 
 2511.000  4.162168e+00 
 2512.000  3.817224e+00 
 2513.000  2.786910e+00 
 2514.000  2.781230e+00 
 2515.000  2.767090e+00 
 2516.000  2.439013e+00 
 2517.000  2.417852e+00 
 2518.000  2.379544e+00 
 2519.000  1.497399e+00 
 2520.000  1.494651e+00 
 2521.000  1.496840e+00 
 2522.000  1.492484e+00 
 2523.000  1.078518e+00 
 2524.000  1.074365e+00 
 2525.000  9.174472e-01 
 2526.000  4.979682e-01 
 2527.000  4.946182e-01 
 2528.000  4.963538e-01 
 2529.000  3.161190e-01 
 2530.000  3.163767e-01 
 2531.000  3.170156e-01 
 2532.000  1.248801e-01 
 2533.000  1.236447e-01 
 2534.000  1.245176e-01 
 2535.000  8.869843e-02 
 2536.000  8.912358e-02 
 2537.000  8.818734e-02 
 2538.000  6.588874e-02 
 2539.000  2.403279e-02 
 2540.000  2.406725e-02 
 2541.000  2.416584e-02 
 2542.000  1.441431e-02 
 2543.000  1.498214e-02 
 2544.000  8.907061e-03 
 2545.000  4.764864e-03 
 2546.000  4.773815e-03 
 2547.000  4.649601e-03 
 2548.000  4.701633e-03 
 2549.000  4.778065e-03 
 2550.000  4.744886e-03 
 2551.000  2.735441e-03 
 2552.000  1.550136e-03 
 2553.000  1.531871e-03 
 2554.000  1.561082e-03 
 2555.000  1.274824e-03 
 2556.000  1.263197e-03 
 2557.000  6.603023e-04 
 2558.000  9.110253e-05 
 2559.000  9.139731e-05 
 2560.000  8.996398e-05 
 2561.000  1.682674e-05 
 2562.000  1.685463e-05 
 2563.000  1.695074e-05 
 2564.000  8.073624e-06 
 2565.000  6.321313e-07 
 2566.000  6.390069e-07 
 2567.000  6.255486e-07 
 2568.000  1.475223e-07 
 2569.000  1.465882e-07 
 2570.000  1.468196e-07 
 2571.000  1.005504e-08 
 2572.000  1.015760e-08 
 2573.000  1.016105e-08 
 2574.000  1.014429e-08 
 2575.000  5.632138e-12 
 2576.000  5.705932e-12 
 2577.000  0.000000e+00 
 2578.000  0.000000e+00 
 2579.000  0.000000e+00 
 2580.000  0.000000e+00 
 2581.000  0.000000e+00 
 2582.000  0.000000e+00 
 2583.000  0.000000e+00 
 2584.000  0.000000e+00 
 2585.000  0.000000e+00 
 2586.000  0.000000e+00 
 2587.000  0.000000e+00 
 2588.000  0.000000e+00 
 2589.000  0.000000e+00 
 2590.000  0.000000e+00 
 2591.000  0.000000e+00 
 2592.000  0.000000e+00 
 2593.000  0.000000e+00 
 2594.000  0.000000e+00 
 2595.000  0.000000e+00 
 2596.000  0.000000e+00 
 2597.000  0.000000e+00 
 2598.000  0.000000e+00 
 2599.000  0.000000e+00 
 2600.000  0.000000e+00 
 2601.000  0.000000e+00 
 2602.000  0.000000e+00 
 2603.000  0.000000e+00 
 2604.000  0.000000e+00 
 2605.000  0.000000e+00 
 2606.000  0.000000e+00 
 2607.000  0.000000e+00 
 2608.000  0.000000e+00 
 2609.000  0.000000e+00 
 2610.000  0.000000e+00 
 2611.000  0.000000e+00 
 2612.000  0.000000e+00 
 2613.000  0.000000e+00 
 2614.000  0.000000e+00 
 2615.000  0.000000e+00 
 2616.000  0.000000e+00 
 2617.000  0.000000e+00 
 2618.000  0.000000e+00 
 2619.000  0.000000e+00 
 2620.000  0.000000e+00 
 2621.000  0.000000e+00 
 2622.000  0.000000e+00 
 2623.000  0.000000e+00 
 2624.000  0.000000e+00 
 2625.000  0.000000e+00 
 2626.000  0.000000e+00 
 2627.000  0.000000e+00 
 2628.000  0.000000e+00 
 2629.000  0.000000e+00 
 2630.000  0.000000e+00 
 2631.000  0.000000e+00 
 2632.000  8.228291e-09 
 2633.000  8.256227e-09 
 2634.000  8.238672e-09 
 2635.000  8.303811e-09 
 2636.000  5.547843e-08 
 2637.000  5.558682e-08 
 2638.000  6.346959e-08 
 2639.000  7.067417e-08 
 2640.000  6.617458e-08 
 2641.000  7.132325e-08 
 2642.000  6.989942e-08 
 2643.000  5.928146e-08 
 2644.000  5.960469e-08 
 2645.000  4.657469e-08 
 2646.000  1.523618e-08 
 2647.000  1.525027e-08 
 2648.000  1.519012e-08 
 2649.000  1.545354e-08 
 2650.000  0.000000e+00 
 2651.000  0.000000e+00 
 2652.000  0.000000e+00 
 2653.000  0.000000e+00 
 2654.000  0.000000e+00 
 2655.000  0.000000e+00 
 2656.000  0.000000e+00 
 2657.000  0.000000e+00 
 2658.000  0.000000e+00 
 2659.000  0.000000e+00 
 2660.000  0.000000e+00 
 2661.000  0.000000e+00 
 2662.000  0.000000e+00 
 2663.000  0.000000e+00 
 2664.000  0.000000e+00 
 2665.000  0.000000e+00 
 2666.000  0.000000e+00 
 2667.000  0.000000e+00 
 2668.000  0.000000e+00 
 2669.000  0.000000e+00 
 2670.000  0.000000e+00 
 2671.000  0.000000e+00 
 2672.000  0.000000e+00 
 2673.000  0.000000e+00 
 2674.000  0.000000e+00 
 2675.000  0.000000e+00 
 2676.000  0.000000e+00 
 2677.000  0.000000e+00 
 2678.000  0.000000e+00 
 2679.000  0.000000e+00 
 2680.000  0.000000e+00 
 2681.000  0.000000e+00 
 2682.000  0.000000e+00 
 2683.000  0.000000e+00 
 2684.000  0.000000e+00 
 2685.000  0.000000e+00 
 2686.000  0.000000e+00 
 2687.000  0.000000e+00 
 2688.000  0.000000e+00 
 2689.000  0.000000e+00 
 2690.000  0.000000e+00 
 2691.000  0.000000e+00 
 2692.000  0.000000e+00 
 2693.000  0.000000e+00 
 2694.000  0.000000e+00 
 2695.000  0.000000e+00 
 2696.000  0.000000e+00 
 2697.000  0.000000e+00 
 2698.000  0.000000e+00 
 2699.000  0.000000e+00 
 2700.000  0.000000e+00 
 2701.000  0.000000e+00 
 2702.000  0.000000e+00 
 2703.000  0.000000e+00 
 2704.000  0.000000e+00 
 2705.000  0.000000e+00 
 2706.000  0.000000e+00 
 2707.000  0.000000e+00 
 2708.000  0.000000e+00 
 2709.000  0.000000e+00 
 2710.000  0.000000e+00 
 2711.000  0.000000e+00 
 2712.000  0.000000e+00 
 2713.000  0.000000e+00 
 2714.000  0.000000e+00 
 2715.000  0.000000e+00 
 2716.000  0.000000e+00 
 2717.000  0.000000e+00 
 2718.000  0.000000e+00 
 2719.000  0.000000e+00 
 2720.000  0.000000e+00 
 2721.000  0.000000e+00 
 2722.000  0.000000e+00 
 2723.000  0.000000e+00 
 2724.000  0.000000e+00 
 2725.000  0.000000e+00 
 2726.000  0.000000e+00 
 2727.000  0.000000e+00 
 2728.000  0.000000e+00 
 2729.000  0.000000e+00 
 2730.000  0.000000e+00 
 2731.000  0.000000e+00 
 2732.000  0.000000e+00 
 2733.000  0.000000e+00 
 2734.000  0.000000e+00 
 2735.000  0.000000e+00 
 2736.000  0.000000e+00 
 2737.000  0.000000e+00 
 2738.000  0.000000e+00 
 2739.000  0.000000e+00 
 2740.000  0.000000e+00 
 2741.000  0.000000e+00 
 2742.000  0.000000e+00 
 2743.000  0.000000e+00 
 2744.000  0.000000e+00 
 2745.000  0.000000e+00 
 2746.000  0.000000e+00 
 2747.000  0.000000e+00 
 2748.000  0.000000e+00 
 2749.000  0.000000e+00 
 2750.000  0.000000e+00 
 2751.000  0.000000e+00 
 2752.000  0.000000e+00 
 2753.000  0.000000e+00 
 2754.000  0.000000e+00 
 2755.000  0.000000e+00 
 2756.000  0.000000e+00 
 2757.000  0.000000e+00 
 2758.000  0.000000e+00 
 2759.000  0.000000e+00 
 2760.000  0.000000e+00 
 2761.000  0.000000e+00 
 2762.000  0.000000e+00 
 2763.000  0.000000e+00 
 2764.000  0.000000e+00 
 2765.000  0.000000e+00 
 2766.000  0.000000e+00 
 2767.000  0.000000e+00 
 2768.000  0.000000e+00 
 2769.000  0.000000e+00 
 2770.000  0.000000e+00 
 2771.000  0.000000e+00 
 2772.000  0.000000e+00 
 2773.000  0.000000e+00 
 2774.000  0.000000e+00 
 2775.000  0.000000e+00 
 2776.000  0.000000e+00 
 2777.000  0.000000e+00 
 2778.000  0.000000e+00 
 2779.000  0.000000e+00 
 2780.000  0.000000e+00 
 2781.000  0.000000e+00 
 2782.000  0.000000e+00 
 2783.000  0.000000e+00 
 2784.000  0.000000e+00 
 2785.000  0.000000e+00 
 2786.000  2.603804e-08 
 2787.000  2.601440e-08 
 2788.000  2.612604e-08 
 2789.000  2.613425e-08 
 2790.000  2.818633e-06 
 2791.000  2.815949e-06 
 2792.000  2.813804e-06 
 2793.000  4.572182e-06 
 2794.000  1.839167e-05 
 2795.000  1.840116e-05 
 2796.000  1.839290e-05 
 2797.000  1.840351e-05 
 2798.000  4.159568e-05 
 2799.000  4.155967e-05 
 2800.000  4.162930e-05 
 2801.000  5.813457e-05 
 2802.000  1.368937e-04 
 2803.000  1.364447e-04 
 2804.000  1.356242e-04 
 2805.000  1.366079e-04 
 2806.000  3.054256e-04 
 2807.000  3.039106e-04 
 2808.000  3.048499e-04 
 2809.000  1.348713e-03 
 2810.000  1.349742e-03 
 2811.000  1.346994e-03 
 2812.000  1.347051e-03 
 2813.000  3.515287e-03 
 2814.000  3.511898e-03 
 2815.000  3.514456e-03 
 2816.000  3.493715e-03 
 2817.000  1.248984e-02 
 2818.000  1.248054e-02 
 2819.000  1.245258e-02 
 2820.000  1.242726e-02 
 2821.000  2.412057e-02 
 2822.000  2.406253e-02 
 2823.000  2.403529e-02 
 2824.000  2.393843e-02 
 2825.000  5.015828e-02 
 2826.000  5.020190e-02 
 2827.000  5.006538e-02 
 2828.000  4.993300e-02 
 2829.000  5.987840e-02 
 2830.000  5.987916e-02 
 2831.000  5.970495e-02 
 2832.000  5.982302e-02 
 2833.000  8.991738e-02 
 2834.000  8.998612e-02 
 2835.000  8.989649e-02 
 2836.000  8.972935e-02 
 2837.000  9.915596e-02 
 2838.000  9.892060e-02 
 2839.000  9.905133e-02 
 2840.000  9.845344e-02 
 2841.000  1.395989e-01 
 2842.000  1.420724e-01 
 2843.000  1.414048e-01 
 2844.000  1.414062e-01 
 2845.000  1.538785e-01 
 2846.000  1.537239e-01 
 2847.000  1.534559e-01 
 2848.000  1.534498e-01 
 2849.000  1.692927e-01 
 2850.000  2.377722e-01 
 2851.000  2.376594e-01 
 2852.000  2.375687e-01 
 2853.000  2.386926e-01 
 2854.000  3.194821e-01 
 2855.000  3.208254e-01 
 2856.000  3.206173e-01 
 2857.000  3.435957e-01 
 2858.000  5.051391e-01 
 2859.000  5.032085e-01 
 2860.000  4.996528e-01 
 2861.000  5.029766e-01 
 2862.000  7.119452e-01 
 2863.000  7.109378e-01 
 2864.000  7.106642e-01 
 2865.000  7.621484e-01 
 2866.000  9.789148e-01 
 2867.000  9.746467e-01 
 2868.000  9.659467e-01 
 2869.000  9.702385e-01 
 2870.000  1.188078e+00 
 2871.000  1.193274e+00 
 2872.000  1.179837e+00 
 2873.000  1.226715e+00 
 2874.000  1.515605e+00 
 2875.000  1.523951e+00 
 2876.000  1.531010e+00 
 2877.000  1.532800e+00 
 2878.000  1.841715e+00 
 2879.000  1.841108e+00 
 2880.000  1.836944e+00 
 2881.000  1.837835e+00 
 2882.000  2.361458e+00 
 2883.000  2.363574e+00 
 2884.000  2.361061e+00 
 2885.000  2.354466e+00 
 2886.000  2.347487e+00 
 2887.000  2.528527e+00 
 2888.000  2.525462e+00 
 2889.000  2.511680e+00 
 2890.000  2.605564e+00 
 2891.000  2.851046e+00 
 2892.000  2.848663e+00 
 2893.000  2.843772e+00 
 2894.000  2.832405e+00 
 2895.000  2.863526e+00 
 2896.000  2.858351e+00 
 2897.000  2.858969e+00 
 2898.000  2.913608e+00 
 2899.000  2.865040e+00 
 2900.000  2.872751e+00 
 2901.000  2.864210e+00 
 2902.000  2.865862e+00 
 2903.000  3.173633e+00 
 2904.000  3.168129e+00 
 2905.000  3.168465e+00 
 2906.000  3.121740e+00 
 2907.000  3.500772e+00 
 2908.000  3.496208e+00 
 2909.000  3.494427e+00 
 2910.000  3.488973e+00 
 2911.000  3.484531e+00 
 2912.000  3.789165e+00 
 2913.000  3.777568e+00 
 2914.000  3.770606e+00 
 2915.000  3.819255e+00 
 2916.000  4.408283e+00 
 2917.000  4.443486e+00 
 2918.000  4.436586e+00 
 2919.000  4.431717e+00 
 2920.000  1.351796e+01 
 2921.000  1.350871e+01 
 2922.000  1.346992e+01 
 2923.000  1.335590e+01 
 2924.000  5.823163e+00 
 2925.000  5.885307e+00 
 2926.000  5.789738e+00 
 2927.000  5.875783e+00 
 2928.000  5.874476e+00 
 2929.000  6.088544e+00 
 2930.000  6.185628e+00 
 2931.000  6.178969e+00 
 2932.000  6.286187e+00 
 2933.000  6.235440e+00 
 2934.000  6.245079e+00 
 2935.000  6.216560e+00 
 2936.000  6.220503e+00 
 2937.000  5.890685e+00 
 2938.000  5.892641e+00 
 2939.000  5.856692e+00 
 2940.000  5.873040e+00 
 2941.000  5.918299e+00 
 2942.000  5.596597e+00 
 2943.000  5.518320e+00 
 2944.000  5.558954e+00 
 2945.000  5.562332e+00 
 2946.000  5.630036e+00 
 2947.000  5.521848e+00 
 2948.000  5.609552e+00 
 2949.000  5.660213e+00 
 2950.000  5.853445e+00 
 2951.000  5.839196e+00 
 2952.000  5.802474e+00 
 2953.000  5.837477e+00 
 2954.000  5.822041e+00 
 2955.000  5.922941e+00 
 2956.000  5.936138e+00 
 2957.000  5.927902e+00 
 2958.000  5.964389e+00 
 2959.000  5.721150e+00 
 2960.000  5.693327e+00 
 2961.000  5.678422e+00 
 2962.000  5.697550e+00 
 2963.000  4.900555e+00 
 2964.000  4.890516e+00 
 2965.000  4.891419e+00 
 2966.000  4.880603e+00 
 2967.000  4.901046e+00 
 2968.000  4.303205e+00 
 2969.000  4.290553e+00 
 2970.000  4.284506e+00 
 2971.000  4.275778e+00 
 2972.000  4.520681e+00 
 2973.000  4.518612e+00 
 2974.000  4.515951e+00 
 2975.000  4.508407e+00 
 2976.000  4.521914e+00 
 2977.000  5.334989e+00 
 2978.000  5.317225e+00 
 2979.000  5.272939e+00 
 2980.000  5.312488e+00 
 2981.000  6.494339e+00 
 2982.000  6.471839e+00 
 2983.000  6.479119e+00 
 2984.000  6.470104e+00 
 2985.000  6.487289e+00 
 2986.000  7.485722e+00 
 2987.000  7.473741e+00 
 2988.000  7.412975e+00 
 2989.000  7.451829e+00 
 2990.000  7.514666e+00 
 2991.000  7.539178e+00 
 2992.000  7.531145e+00 
 2993.000  7.519809e+00 
 2994.000  7.507077e+00 
 2995.000  7.463789e+00 
 2996.000  7.450991e+00 
 2997.000  7.314072e+00 
 2998.000  7.412272e+00 
 2999.000  7.173229e+00 
 3000.000  7.056174e+00 
 3001.000  7.166276e+00 
 3002.000  7.163765e+00 
 3003.000  7.170260e+00 
 3004.000  6.534680e+00 
 3005.000  6.536788e+00 
 3006.000  6.524333e+00 
 3007.000  6.523476e+00 
 3008.000  6.419474e+00 
 3009.000  6.431157e+00 
 3010.000  6.419839e+00 
 3011.000  6.432731e+00 
 3012.000  6.424171e+00 
 3013.000  6.172898e+00 
 3014.000  6.157908e+00 
 3015.000  6.128448e+00 
 3016.000  6.148559e+00 
 3017.000  5.782156e+00 
 3018.000  5.801493e+00 
 3019.000  5.799135e+00 
 3020.000  5.731570e+00 
 3021.000  5.755256e+00 
 3022.000  5.768165e+00 
 3023.000  5.752474e+00 
 3024.000  5.739890e+00 
 3025.000  5.727756e+00 
 3026.000  5.439493e+00 
 3027.000  5.420376e+00 
 3028.000  5.394061e+00 
 3029.000  5.415207e+00 
 3030.000  5.386018e+00 
 3031.000  4.944252e+00 
 3032.000  4.935712e+00 
 3033.000  4.841495e+00 
 3034.000  4.908947e+00 
 3035.000  4.464984e+00 
 3036.000  4.445271e+00 
 3037.000  4.416179e+00 
 3038.000  4.369866e+00 
 3039.000  4.280263e+00 
 3040.000  3.940337e+00 
 3041.000  4.044646e+00 
 3042.000  4.066493e+00 
 3043.000  4.080098e+00 
 3044.000  4.083363e+00 
 3045.000  3.806836e+00 
 3046.000  3.812740e+00 
 3047.000  3.820573e+00 
 3048.000  3.803954e+00 
 3049.000  3.797233e+00 
 3050.000  3.799102e+00 
 3051.000  3.794592e+00 
 3052.000  3.789865e+00 
 3053.000  3.783090e+00 
 3054.000  4.090640e+00 
 3055.000  4.046167e+00 
 3056.000  4.087639e+00 
 3057.000  4.077044e+00 
 3058.000  4.037925e+00 
 3059.000  4.374230e+00 
 3060.000  4.387558e+00 
 3061.000  4.387119e+00 
 3062.000  4.381077e+00 
 3063.000  4.637906e+00 
 3064.000  4.573219e+00 
 3065.000  4.583940e+00 
 3066.000  4.622023e+00 
 3067.000  4.588608e+00 
 3068.000  4.682515e+00 
 3069.000  4.751419e+00 
 3070.000  4.749202e+00 
 3071.000  4.735865e+00 
 3072.000  4.738909e+00 
 3073.000  4.761554e+00 
 3074.000  4.744102e+00 
 3075.000  4.755037e+00 
 3076.000  4.730367e+00 
 3077.000  4.278119e+00 
 3078.000  4.278983e+00 
 3079.000  4.268780e+00 
 3080.000  4.259051e+00 
 3081.000  4.237506e+00 
 3082.000  4.044073e+00 
 3083.000  4.036592e+00 
 3084.000  4.053910e+00 
 3085.000  4.048432e+00 
 3086.000  4.019979e+00 
 3087.000  3.761026e+00 
 3088.000  3.780694e+00 
 3089.000  3.778314e+00 
 3090.000  3.777226e+00 
 3091.000  3.736890e+00 
 3092.000  3.417081e+00 
 3093.000  3.415446e+00 
 3094.000  3.409173e+00 
 3095.000  3.401833e+00 
 3096.000  3.445892e+00 
 3097.000  3.433042e+00 
 3098.000  3.366061e+00 
 3099.000  3.419931e+00 
 3100.000  3.431799e+00 
 3101.000  3.519456e+00 
 3102.000  3.514903e+00 
 3103.000  3.514416e+00 
 3104.000  3.509183e+00 
 3105.000  3.502222e+00 
 3106.000  3.827262e+00 
 3107.000  3.810633e+00 
 3108.000  3.825945e+00 
 3109.000  3.818785e+00 
 3110.000  3.814501e+00 
 3111.000  4.385207e+00 
 3112.000  4.375359e+00 
 3113.000  4.348394e+00 
 3114.000  4.351501e+00 
 3115.000  4.210547e+00 
 3116.000  5.044068e+00 
 3117.000  5.252455e+00 
 3118.000  5.273798e+00 
 3119.000  5.252045e+00 
 3120.000  5.257512e+00 
 3121.000  5.646384e+00 
 3122.000  5.660724e+00 
 3123.000  5.670263e+00 
 3124.000  5.664949e+00 
 3125.000  5.654751e+00 
 3126.000  6.022189e+00 
 3127.000  5.991304e+00 
 3128.000  6.014406e+00 
 3129.000  5.958080e+00 
 3130.000  6.187489e+00 
 3131.000  6.150394e+00 
 3132.000  6.178627e+00 
 3133.000  6.164060e+00 
 3134.000  6.199665e+00 
 3135.000  5.899858e+00 
 3136.000  5.892720e+00 
 3137.000  5.889558e+00 
 3138.000  5.886642e+00 
 3139.000  5.865975e+00 
 3140.000  5.908803e+00 
 3141.000  5.922671e+00 
 3142.000  5.897610e+00 
 3143.000  5.907999e+00 
 3144.000  5.947484e+00 
 3145.000  6.461489e+00 
 3146.000  6.453759e+00 
 3147.000  6.400712e+00 
 3148.000  6.430162e+00 
 3149.000  6.430930e+00 
 3150.000  7.176392e+00 
 3151.000  7.153792e+00 
 3152.000  6.774310e+00 
 3153.000  7.148156e+00 
 3154.000  7.169315e+00 
 3155.000  8.105444e+00 
 3156.000  8.097942e+00 
 3157.000  8.075334e+00 
 3158.000  8.076643e+00 
 3159.000  8.065120e+00 
 3160.000  8.756631e+00 
 3161.000  8.736397e+00 
 3162.000  8.749953e+00 
 3163.000  8.725554e+00 
 3164.000  8.677300e+00 
 3165.000  8.751047e+00 
 3166.000  8.768142e+00 
 3167.000  8.735204e+00 
 3168.000  8.680582e+00 
 3169.000  8.719388e+00 
 3170.000  8.291045e+00 
 3171.000  8.483437e+00 
 3172.000  8.478971e+00 
 3173.000  8.476794e+00 
 3174.000  8.420073e+00 
 3175.000  7.861426e+00 
 3176.000  7.848944e+00 
 3177.000  7.843019e+00 
 3178.000  7.806139e+00 
 3179.000  7.799370e+00 
 3180.000  6.831112e+00 
 3181.000  6.717434e+00 
 3182.000  6.806358e+00 
 3183.000  6.797425e+00 
 3184.000  6.746925e+00 
 3185.000  5.404483e+00 
 3186.000  5.396352e+00 
 3187.000  5.381964e+00 
 3188.000  5.371968e+00 
 3189.000  5.377637e+00 
 3190.000  3.878865e+00 
 3191.000  3.874093e+00 
 3192.000  3.869405e+00 
 3193.000  3.862529e+00 
 3194.000  3.836565e+00 
 3195.000  2.542456e+00 
 3196.000  2.528390e+00 
 3197.000  2.536036e+00 
 3198.000  2.531307e+00 
 3199.000  2.531201e+00 
 3200.000  1.898388e+00 
 3201.000  1.850726e+00 
 3202.000  1.892735e+00 
 3203.000  1.894243e+00 
 3204.000  1.884975e+00 
 3205.000  1.877084e+00 
 3206.000  1.619939e+00 
 3207.000  1.617772e+00 
 3208.000  1.615948e+00 
 3209.000  1.614115e+00 
 3210.000  1.610309e+00 
 3211.000  1.634044e+00 
 3212.000  1.631393e+00 
 3213.000  1.630535e+00 
 3214.000  1.628245e+00 
 3215.000  1.588105e+00 
 3216.000  1.942071e+00 
 3217.000  1.940246e+00 
 3218.000  1.940665e+00 
 3219.000  1.936138e+00 
 3220.000  1.935085e+00 
 3221.000  2.328581e+00 
 3222.000  2.328790e+00 
 3223.000  2.319287e+00 
 3224.000  2.306799e+00 
 3225.000  2.316859e+00 
 3226.000  2.765896e+00 
 3227.000  2.771766e+00 
 3228.000  2.765285e+00 
 3229.000  2.757818e+00 
 3230.000  2.756757e+00 
 3231.000  2.756406e+00 
 3232.000  3.401423e+00 
 3233.000  3.396374e+00 
 3234.000  3.346858e+00 
 3235.000  3.393957e+00 
 3236.000  3.393281e+00 
 3237.000  3.748469e+00 
 3238.000  3.743911e+00 
 3239.000  3.733319e+00 
 3240.000  3.731189e+00 
 3241.000  3.722018e+00 
 3242.000  3.759833e+00 
 3243.000  3.709885e+00 
 3244.000  3.757231e+00 
 3245.000  3.747850e+00 
 3246.000  3.784546e+00 
 3247.000  3.936645e+00 
 3248.000  3.930401e+00 
 3249.000  3.922433e+00 
 3250.000  3.921291e+00 
 3251.000  3.917802e+00 
 3252.000  3.911071e+00 
 3253.000  3.708334e+00 
 3254.000  3.680781e+00 
 3255.000  3.683852e+00 
 3256.000  3.694347e+00 
 3257.000  3.713151e+00 
 3258.000  3.477778e+00 
 3259.000  3.481829e+00 
 3260.000  3.445334e+00 
 3261.000  3.473864e+00 
 3262.000  3.457150e+00 
 3263.000  3.726788e+00 
 3264.000  3.732420e+00 
 3265.000  3.732105e+00 
 3266.000  3.699788e+00 
 3267.000  3.739361e+00 
 3268.000  4.211686e+00 
 3269.000  4.190870e+00 
 3270.000  4.199632e+00 
 3271.000  4.188191e+00 
 3272.000  4.190019e+00 
 3273.000  4.177413e+00 
 3274.000  4.696081e+00 
 3275.000  4.688681e+00 
 3276.000  4.616724e+00 
 3277.000  4.674000e+00 
 3278.000  4.684032e+00 
 3279.000  5.160002e+00 
 3280.000  5.143453e+00 
 3281.000  5.076266e+00 
 3282.000  5.128078e+00 
 3283.000  5.120885e+00 
 3284.000  5.131757e+00 
 3285.000  5.041281e+00 
 3286.000  5.092805e+00 
 3287.000  5.088809e+00 
 3288.000  5.080881e+00 
 3289.000  5.091346e+00 
 3290.000  4.600373e+00 
 3291.000  4.544763e+00 
 3292.000  4.584859e+00 
 3293.000  4.571359e+00 
 3294.000  4.557246e+00 
 3295.000  3.981277e+00 
 3296.000  3.918560e+00 
 3297.000  3.822670e+00 
 3298.000  3.878550e+00 
 3299.000  3.969785e+00 
 3300.000  4.012908e+00 
 3301.000  3.469101e+00 
 3302.000  3.495881e+00 
 3303.000  3.493621e+00 
 3304.000  3.493019e+00 
 3305.000  3.489421e+00 
 3306.000  2.922014e+00 
 3307.000  2.929747e+00 
 3308.000  2.924221e+00 
 3309.000  2.923648e+00 
 3310.000  2.918698e+00 
 3311.000  2.897286e+00 
 3312.000  2.665398e+00 
 3313.000  2.653760e+00 
 3314.000  2.664718e+00 
 3315.000  2.659400e+00 
 3316.000  2.637259e+00 
 3317.000  3.074514e+00 
 3318.000  3.042452e+00 
 3319.000  3.054596e+00 
 3320.000  2.773410e+00 
 3321.000  3.045911e+00 
 3322.000  3.067948e+00 
 3323.000  3.844000e+00 
 3324.000  3.851285e+00 
 3325.000  3.819058e+00 
 3326.000  3.824627e+00 
 3327.000  3.831258e+00 
 3328.000  4.634409e+00 
 3329.000  4.633941e+00 
 3330.000  4.630695e+00 
 3331.000  4.597270e+00 
 3332.000  4.591470e+00 
 3333.000  4.634411e+00 
 3334.000  5.059430e+00 
 3335.000  5.044196e+00 
 3336.000  5.044451e+00 
 3337.000  5.022269e+00 
 3338.000  5.023574e+00 
 3339.000  5.131928e+00 
 3340.000  5.083764e+00 
 3341.000  5.049265e+00 
 3342.000  5.116854e+00 
 3343.000  5.106076e+00 
 3344.000  5.128582e+00 
 3345.000  5.176295e+00 
 3346.000  5.161078e+00 
 3347.000  5.167679e+00 
 3348.000  5.164862e+00 
 3349.000  5.156658e+00 
 3350.000  5.080547e+00 
 3351.000  5.089932e+00 
 3352.000  5.094615e+00 
 3353.000  5.012115e+00 
 3354.000  5.079962e+00 
 3355.000  5.089625e+00 
 3356.000  5.304630e+00 
 3357.000  5.291681e+00 
 3358.000  5.268451e+00 
 3359.000  5.288314e+00 
 3360.000  5.280781e+00 
 3361.000  5.269008e+00 
 3362.000  5.498779e+00 
 3363.000  5.498226e+00 
 3364.000  5.497211e+00 
 3365.000  5.466751e+00 
 3366.000  5.427038e+00 
 3367.000  5.465696e+00 
 3368.000  5.782534e+00 
 3369.000  5.741768e+00 
 3370.000  5.636361e+00 
 3371.000  5.756338e+00 
 3372.000  5.765958e+00 
 3373.000  6.051822e+00 
 3374.000  6.012215e+00 
 3375.000  6.060143e+00 
 3376.000  6.056818e+00 
 3377.000  6.032602e+00 
 3378.000  6.024093e+00 
 3379.000  6.308248e+00 
 3380.000  6.318040e+00 
 3381.000  6.292818e+00 
 3382.000  6.242460e+00 
 3383.000  6.248883e+00 
 3384.000  6.258826e+00 
 3385.000  6.468902e+00 
 3386.000  6.473260e+00 
 3387.000  6.464630e+00 
 3388.000  6.454073e+00 
 3389.000  6.450965e+00 
 3390.000  6.556585e+00 
 3391.000  6.549080e+00 
 3392.000  6.535520e+00 
 3393.000  6.526763e+00 
 3394.000  6.521317e+00 
 3395.000  6.508291e+00 
 3396.000  6.526655e+00 
 3397.000  6.314591e+00 
 3398.000  6.491990e+00 
 3399.000  6.389280e+00 
 3400.000  6.550418e+00 
 3401.000  6.218611e+00 
 3402.000  6.580665e+00 
 3403.000  6.579488e+00 
 3404.000  6.588601e+00 
 3405.000  6.576756e+00 
 3406.000  6.571722e+00 
 3407.000  6.527219e+00 
 3408.000  6.720065e+00 
 3409.000  6.610472e+00 
 3410.000  6.664759e+00 
 3411.000  6.696717e+00 
 3412.000  6.698545e+00 
 3413.000  6.877231e+00 
 3414.000  6.886485e+00 
 3415.000  6.781240e+00 
 3416.000  6.701050e+00 
 3417.000  6.859127e+00 
 3418.000  6.877559e+00 
 3419.000  7.008440e+00 
 3420.000  7.006567e+00 
 3421.000  6.993073e+00 
 3422.000  6.963658e+00 
 3423.000  6.980486e+00 
 3424.000  6.974793e+00 
 3425.000  7.110240e+00 
 3426.000  7.101661e+00 
 3427.000  6.917344e+00 
 3428.000  6.998173e+00 
 3429.000  7.056781e+00 
 3430.000  7.067340e+00 
 3431.000  7.050272e+00 
 3432.000  7.084641e+00 
 3433.000  7.062129e+00 
 3434.000  7.066187e+00 
 3435.000  7.040511e+00 
 3436.000  7.050423e+00 
 3437.000  7.054356e+00 
 3438.000  7.063802e+00 
 3439.000  7.056771e+00 
 3440.000  7.046487e+00 
 3441.000  7.041748e+00 
 3442.000  6.979198e+00 
 3443.000  7.094642e+00 
 3444.000  7.084981e+00 
 3445.000  7.064496e+00 
 3446.000  7.049866e+00 
 3447.000  7.059909e+00 
 3448.000  7.040458e+00 
 3449.000  7.102687e+00 
 3450.000  7.092498e+00 
 3451.000  7.095356e+00 
 3452.000  7.084010e+00 
 3453.000  7.076637e+00 
 3454.000  7.056097e+00 
 3455.000  7.137542e+00 
 3456.000  7.107044e+00 
 3457.000  7.117762e+00 
 3458.000  7.104163e+00 
 3459.000  7.110436e+00 
 3460.000  7.091328e+00 
 3461.000  7.137434e+00 
 3462.000  7.133478e+00 
 3463.000  7.127719e+00 
 3464.000  7.106903e+00 
 3465.000  7.107234e+00 
 3466.000  7.065567e+00 
 3467.000  7.067947e+00 
 3468.000  7.074703e+00 
 3469.000  7.068098e+00 
 3470.000  7.066438e+00 
 3471.000  7.004693e+00 
 3472.000  7.032359e+00 
 3473.000  6.986658e+00 
 3474.000  7.024351e+00 
 3475.000  7.012954e+00 
 3476.000  7.021783e+00 
 3477.000  6.945751e+00 
 3478.000  7.010223e+00 
 3479.000  7.031473e+00 
 3480.000  7.022549e+00 
 3481.000  6.999746e+00 
 3482.000  7.009625e+00 
 3483.000  6.999016e+00 
 3484.000  6.980207e+00 
 3485.000  7.032391e+00 
 3486.000  7.000468e+00 
 3487.000  7.018081e+00 
 3488.000  7.023055e+00 
 3489.000  7.014692e+00 
 3490.000  6.976216e+00 
 3491.000  7.095082e+00 
 3492.000  7.058599e+00 
 3493.000  7.078401e+00 
 3494.000  7.012932e+00 
 3495.000  7.062357e+00 
 3496.000  7.069781e+00 
 3497.000  7.136470e+00 
 3498.000  7.123829e+00 
 3499.000  7.119102e+00 
 3500.000  7.112733e+00 
 3501.000  7.039550e+00 
 3502.000  7.095339e+00 
 3503.000  7.125208e+00 
 3504.000  7.119101e+00 
 3505.000  7.110940e+00 
 3506.000  7.105115e+00 
 3507.000  7.095874e+00 
 3508.000  7.074210e+00 
 3509.000  7.047372e+00 
 3510.000  7.041124e+00 
 3511.000  7.034764e+00 
 3512.000  7.007075e+00 
 3513.000  7.014775e+00 
 3514.000  7.006629e+00 
 3515.000  6.900964e+00 
 3516.000  6.871114e+00 
 3517.000  6.880409e+00 
 3518.000  6.863475e+00 
 3519.000  6.864971e+00 
 3520.000  6.851830e+00 
 3521.000  6.856683e+00 
 3522.000  6.692149e+00 
 3523.000  6.678042e+00 
 3524.000  6.612958e+00 
 3525.000  6.683616e+00 
 3526.000  6.677835e+00 
 3527.000  6.658617e+00 
 3528.000  6.472005e+00 
 3529.000  6.464051e+00 
 3530.000  6.467186e+00 
 3531.000  6.426075e+00 
 3532.000  6.455545e+00 
 3533.000  6.449309e+00 
 3534.000  6.268435e+00 
 3535.000  6.244983e+00 
 3536.000  6.294916e+00 
 3537.000  6.287061e+00 
 3538.000  6.159088e+00 
 3539.000  6.232818e+00 
 3540.000  6.231461e+00 
 3541.000  6.240414e+00 
 3542.000  6.226689e+00 
 3543.000  6.221944e+00 
 3544.000  6.219354e+00 
 3545.000  6.203513e+00 
 3546.000  6.200076e+00 
 3547.000  6.201840e+00 
 3548.000  6.187179e+00 
 3549.000  6.187851e+00 
 3550.000  6.182474e+00 
 3551.000  6.173432e+00 
 3552.000  6.167528e+00 
 3553.000  6.197471e+00 
 3554.000  6.199903e+00 
 3555.000  6.154176e+00 
 3556.000  6.035235e+00 
 3557.000  6.180609e+00 
 3558.000  6.169499e+00 
 3559.000  6.181536e+00 
 3560.000  6.041233e+00 
 3561.000  6.154809e+00 
 3562.000  6.166009e+00 
 3563.000  6.156726e+00 
 3564.000  6.129817e+00 
 3565.000  6.145875e+00 
 3566.000  6.062107e+00 
 3567.000  6.058166e+00 
 3568.000  6.053859e+00 
 3569.000  6.038998e+00 
 3570.000  6.026701e+00 
 3571.000  5.890407e+00 
 3572.000  6.008008e+00 
 3573.000  6.008098e+00 
 3574.000  5.996048e+00 
 3575.000  5.992004e+00 
 3576.000  5.990153e+00 
 3577.000  5.973077e+00 
 3578.000  5.995106e+00 
 3579.000  5.988815e+00 
 3580.000  5.900446e+00 
 3581.000  5.961694e+00 
 3582.000  5.960709e+00 
 3583.000  5.967025e+00 
 3584.000  5.889142e+00 
 3585.000  5.989779e+00 
 3586.000  5.988974e+00 
 3587.000  5.981805e+00 
 3588.000  5.988571e+00 
 3589.000  5.978174e+00 
 3590.000  5.977409e+00 
 3591.000  6.102252e+00 
 3592.000  6.100593e+00 
 3593.000  6.077134e+00 
 3594.000  6.079238e+00 
 3595.000  6.085349e+00 
 3596.000  6.009156e+00 
 3597.000  6.012645e+00 
 3598.000  6.195966e+00 
 3599.000  6.161549e+00 
 3600.000  6.172189e+00 
 3601.000  6.151607e+00 
 3602.000  6.171390e+00 
 3603.000  6.156603e+00 
 3604.000  6.241895e+00 
 3605.000  6.227280e+00 
 3606.000  6.233208e+00 
 3607.000  6.214704e+00 
 3608.000  6.217389e+00 
 3609.000  6.205101e+00 
 3610.000  6.192337e+00 
 3611.000  6.315362e+00 
 3612.000  6.302713e+00 
 3613.000  6.296927e+00 
 3614.000  6.294732e+00 
 3615.000  6.287835e+00 
 3616.000  6.278473e+00 
 3617.000  6.373153e+00 
 3618.000  6.366197e+00 
 3619.000  6.358420e+00 
 3620.000  6.351233e+00 
 3621.000  6.342432e+00 
 3622.000  6.341142e+00 
 3623.000  6.331594e+00 
 3624.000  6.364005e+00 
 3625.000  6.358710e+00 
 3626.000  6.362880e+00 
 3627.000  6.357321e+00 
 3628.000  6.349433e+00 
 3629.000  6.327035e+00 
 3630.000  6.383219e+00 
 3631.000  6.412981e+00 
 3632.000  6.413675e+00 
 3633.000  6.403760e+00 
 3634.000  6.396793e+00 
 3635.000  6.394077e+00 
 3636.000  6.374549e+00 
 3637.000  6.405507e+00 
 3638.000  6.424823e+00 
 3639.000  6.421001e+00 
 3640.000  6.390355e+00 
 3641.000  6.408993e+00 
 3642.000  6.395910e+00 
 3643.000  6.367864e+00 
 3644.000  6.267059e+00 
 3645.000  6.299005e+00 
 3646.000  6.347437e+00 
 3647.000  6.329716e+00 
 3648.000  6.328790e+00 
 3649.000  6.304886e+00 
 3650.000  6.245933e+00 
 3651.000  6.232759e+00 
 3652.000  6.216404e+00 
 3653.000  6.084695e+00 
 3654.000  6.090706e+00 
 3655.000  6.187936e+00 
 3656.000  6.193358e+00 
 3657.000  6.016040e+00 
 3658.000  5.998623e+00 
 3659.000  5.912397e+00 
 3660.000  5.926624e+00 
 3661.000  5.999001e+00 
 3662.000  5.977113e+00 
 3663.000  5.972269e+00 
 3664.000  5.741595e+00 
 3665.000  5.737468e+00 
 3666.000  5.730302e+00 
 3667.000  5.725093e+00 
 3668.000  5.636768e+00 
 3669.000  5.709011e+00 
 3670.000  5.612323e+00 
 3671.000  5.501494e+00 
 3672.000  5.592082e+00 
 3673.000  5.587436e+00 
 3674.000  5.588523e+00 
 3675.000  5.581104e+00 
 3676.000  5.575492e+00 
 3677.000  5.559138e+00 
 3678.000  5.659124e+00 
 3679.000  5.469097e+00 
 3680.000  5.663099e+00 
 3681.000  5.660005e+00 
 3682.000  5.580946e+00 
 3683.000  5.423192e+00 
 3684.000  5.742729e+00 
 3685.000  5.811467e+00 
 3686.000  5.824310e+00 
 3687.000  5.798149e+00 
 3688.000  5.811706e+00 
 3689.000  5.784637e+00 
 3690.000  5.756804e+00 
 3691.000  5.966660e+00 
 3692.000  5.957211e+00 
 3693.000  5.974952e+00 
 3694.000  5.957273e+00 
 3695.000  5.926680e+00 
 3696.000  5.919381e+00 
 3697.000  5.983228e+00 
 3698.000  5.985302e+00 
 3699.000  5.797218e+00 
 3700.000  5.825868e+00 
 3701.000  5.877012e+00 
 3702.000  5.927458e+00 
 3703.000  6.043535e+00 
 3704.000  6.046154e+00 
 3705.000  5.920216e+00 
 3706.000  5.994142e+00 
 3707.000  5.952922e+00 
 3708.000  5.994699e+00 
 3709.000  5.870064e+00 
 3710.000  6.001915e+00 
 3711.000  5.931754e+00 
 3712.000  5.881656e+00 
 3713.000  5.957962e+00 
 3714.000  5.925683e+00 
 3715.000  5.883669e+00 
 3716.000  5.933248e+00 
 3717.000  5.945896e+00 
 3718.000  5.931004e+00 
 3719.000  5.908961e+00 
 3720.000  5.932591e+00 
 3721.000  5.874078e+00 
 3722.000  5.880901e+00 
 3723.000  5.911448e+00 
 3724.000  5.905847e+00 
 3725.000  5.832419e+00 
 3726.000  5.855892e+00 
 3727.000  5.833586e+00 
 3728.000  5.837124e+00 
 3729.000  5.807710e+00 
 3730.000  5.825919e+00 
 3731.000  5.811412e+00 
 3732.000  5.782499e+00 
 3733.000  5.789708e+00 
 3734.000  5.781496e+00 
 3735.000  5.712333e+00 
 3736.000  5.673223e+00 
 3737.000  5.715741e+00 
 3738.000  5.647178e+00 
 3739.000  5.515246e+00 
 3740.000  5.430850e+00 
 3741.000  5.382073e+00 
 3742.000  5.586165e+00 
 3743.000  5.652860e+00 
 3744.000  5.640842e+00 
 3745.000  5.466935e+00 
 3746.000  5.384440e+00 
 3747.000  5.497246e+00 
 3748.000  5.637523e+00 
 3749.000  5.619362e+00 
 3750.000  5.592803e+00 
 3751.000  5.584154e+00 
 3752.000  5.627444e+00 
 3753.000  5.446920e+00 
 3754.000  5.520517e+00 
 3755.000  5.551833e+00 
 3756.000  5.580126e+00 
 3757.000  5.564717e+00 
 3758.000  5.526546e+00 
 3759.000  5.539329e+00 
 3760.000  5.550880e+00 
 3761.000  5.576210e+00 
 3762.000  5.530958e+00 
 3763.000  5.449938e+00 
 3764.000  5.544996e+00 
 3765.000  5.524545e+00 
 3766.000  5.539082e+00 
 3767.000  5.535920e+00 
 3768.000  5.509014e+00 
 3769.000  5.496579e+00 
 3770.000  5.505346e+00 
 3771.000  5.470556e+00 
 3772.000  5.502315e+00 
 3773.000  5.425240e+00 
 3774.000  5.492542e+00 
 3775.000  5.510754e+00 
 3776.000  5.408495e+00 
 3777.000  5.396848e+00 
 3778.000  5.489279e+00 
 3779.000  5.468976e+00 
 3780.000  5.450424e+00 
 3781.000  5.472655e+00 
 3782.000  5.431853e+00 
 3783.000  5.488525e+00 
 3784.000  5.473635e+00 
 3785.000  5.473274e+00 
 3786.000  5.457873e+00 
 3787.000  5.330769e+00 
 3788.000  5.461492e+00 
 3789.000  5.458141e+00 
 3790.000  5.462990e+00 
 3791.000  5.363977e+00 
 3792.000  5.427349e+00 
 3793.000  5.369678e+00 
 3794.000  5.439140e+00 
 3795.000  5.411562e+00 
 3796.000  5.472712e+00 
 3797.000  5.476221e+00 
 3798.000  5.452395e+00 
 3799.000  5.416500e+00 
 3800.000  5.356280e+00 
 3801.000  5.460721e+00 
 3802.000  5.440882e+00 
 3803.000  5.476535e+00 
 3804.000  5.455830e+00 
 3805.000  5.458894e+00 
 3806.000  5.445588e+00 
 3807.000  5.375336e+00 
 3808.000  5.409355e+00 
 3809.000  5.426276e+00 
 3810.000  5.427454e+00 
 3811.000  5.451125e+00 
 3812.000  5.464320e+00 
 3813.000  5.427113e+00 
 3814.000  5.446668e+00 
 3815.000  5.445326e+00 
 3816.000  5.394269e+00 
 3817.000  5.417421e+00 
 3818.000  5.379358e+00 
 3819.000  5.459044e+00 
 3820.000  5.461942e+00 
 3821.000  5.459391e+00 
 3822.000  5.452245e+00 
 3823.000  5.424828e+00 
 3824.000  5.431160e+00 
 3825.000  5.412738e+00 
 3826.000  5.413664e+00 
 3827.000  5.410315e+00 
 3828.000  5.391809e+00 
 3829.000  5.392892e+00 
 3830.000  5.393802e+00 
 3831.000  5.383072e+00 
 3832.000  5.336594e+00 
 3833.000  5.303607e+00 
 3834.000  5.322300e+00 
 3835.000  5.281597e+00 
 3836.000  5.240557e+00 
 3837.000  5.282894e+00 
 3838.000  5.302146e+00 
 3839.000  5.247448e+00 
 3840.000  5.243035e+00 
 3841.000  5.237582e+00 
 3842.000  5.227870e+00 
 3843.000  5.222356e+00 
 3844.000  5.216236e+00 
 3845.000  5.213821e+00 
 3846.000  5.217089e+00 
 3847.000  5.117610e+00 
 3848.000  5.115533e+00 
 3849.000  5.110159e+00 
 3850.000  5.083059e+00 
 3851.000  5.091132e+00 
 3852.000  5.091523e+00 
 3853.000  5.071660e+00 
 3854.000  4.981590e+00 
 3855.000  4.977452e+00 
 3856.000  4.972173e+00 
 3857.000  4.962770e+00 
 3858.000  4.951881e+00 
 3859.000  4.927318e+00 
 3860.000  4.914812e+00 
 3861.000  4.940808e+00 
 3862.000  4.841805e+00 
 3863.000  4.725965e+00 
 3864.000  4.797038e+00 
 3865.000  4.813739e+00 
 3866.000  4.822460e+00 
 3867.000  4.766147e+00 
 3868.000  4.793528e+00 
 3869.000  4.693416e+00 
 3870.000  4.719982e+00 
 3871.000  4.694685e+00 
 3872.000  4.632909e+00 
 3873.000  4.706955e+00 
 3874.000  4.700047e+00 
 3875.000  4.689253e+00 
 3876.000  4.682460e+00 
 3877.000  4.677925e+00 
 3878.000  4.672415e+00 
 3879.000  4.665088e+00 
 3880.000  4.662138e+00 
 3881.000  4.653861e+00 
 3882.000  4.637739e+00 
 3883.000  4.632942e+00 
 3884.000  4.667500e+00 
 3885.000  4.540398e+00 
 3886.000  4.605305e+00 
 3887.000  4.656468e+00 
 3888.000  4.656374e+00 
 3889.000  4.655374e+00 
 3890.000  4.640121e+00 
 3891.000  4.634750e+00 
 3892.000  4.689838e+00 
 3893.000  4.688491e+00 
 3894.000  4.669487e+00 
 3895.000  4.680952e+00 
 3896.000  4.659744e+00 
 3897.000  4.611032e+00 
 3898.000  4.589908e+00 
 3899.000  4.685460e+00 
 3900.000  4.652350e+00 
 3901.000  4.674352e+00 
 3902.000  4.673035e+00 
 3903.000  4.660511e+00 
 3904.000  4.665074e+00 
 3905.000  4.659358e+00 
 3906.000  4.641921e+00 
 3907.000  4.658812e+00 
 3908.000  4.647087e+00 
 3909.000  4.649485e+00 
 3910.000  4.646108e+00 
 3911.000  4.643157e+00 
 3912.000  4.640233e+00 
 3913.000  4.633382e+00 
 3914.000  4.642593e+00 
 3915.000  4.650545e+00 
 3916.000  4.638210e+00 
 3917.000  4.636837e+00 
 3918.000  4.625797e+00 
 3919.000  4.617186e+00 
 3920.000  4.631094e+00 
 3921.000  4.608680e+00 
 3922.000  4.653300e+00 
 3923.000  4.652359e+00 
 3924.000  4.647649e+00 
 3925.000  4.647623e+00 
 3926.000  4.631602e+00 
 3927.000  4.632963e+00 
 3928.000  4.639975e+00 
 3929.000  4.635167e+00 
 3930.000  4.692213e+00 
 3931.000  4.689084e+00 
 3932.000  4.665101e+00 
 3933.000  4.676726e+00 
 3934.000  4.618620e+00 
 3935.000  4.649492e+00 
 3936.000  4.670379e+00 
 3937.000  4.667746e+00 
 3938.000  4.708068e+00 
 3939.000  4.728434e+00 
 3940.000  4.724377e+00 
 3941.000  4.717946e+00 
 3942.000  4.717095e+00 
 3943.000  4.714594e+00 
 3944.000  4.674655e+00 
 3945.000  4.802056e+00 
 3946.000  4.787561e+00 
 3947.000  4.788061e+00 
 3948.000  4.763483e+00 
 3949.000  4.777494e+00 
 3950.000  4.726118e+00 
 3951.000  4.759532e+00 
 3952.000  4.620167e+00 
 3953.000  4.773435e+00 
 3954.000  4.768383e+00 
 3955.000  4.760427e+00 
 3956.000  4.716898e+00 
 3957.000  4.725896e+00 
 3958.000  4.685683e+00 
 3959.000  4.696437e+00 
 3960.000  4.746741e+00 
 3961.000  4.758422e+00 
 3962.000  4.715687e+00 
 3963.000  4.751462e+00 
 3964.000  4.728569e+00 
 3965.000  4.724936e+00 
 3966.000  4.729477e+00 
 3967.000  4.724791e+00 
 3968.000  4.733719e+00 
 3969.000  4.706688e+00 
 3970.000  4.692356e+00 
 3971.000  4.672962e+00 
 3972.000  4.696961e+00 
 3973.000  4.653767e+00 
 3974.000  4.670715e+00 
 3975.000  4.684789e+00 
 3976.000  4.681615e+00 
 3977.000  4.603154e+00 
 3978.000  4.622505e+00 
 3979.000  4.606735e+00 
 3980.000  4.611673e+00 
 3981.000  4.621433e+00 
 3982.000  4.611392e+00 
 3983.000  4.591233e+00 
 3984.000  4.588995e+00 
 3985.000  4.540041e+00 
 3986.000  4.439042e+00 
 3987.000  4.565322e+00 
 3988.000  4.569660e+00 
 3989.000  4.538261e+00 
 3990.000  4.536002e+00 
 3991.000  4.469676e+00 
 3992.000  4.523816e+00 
 3993.000  4.433745e+00 
 3994.000  4.427119e+00 
 3995.000  4.400586e+00 
 3996.000  4.326691e+00 
 3997.000  4.439830e+00 
 3998.000  4.415588e+00 
 3999.000  4.332289e+00 
 4000.000  4.375006e+00 
