  290.000  0.000000e+00 
  291.000  2.165990e-06 
  292.000  2.852997e-05 
  293.000  9.172082e-05 
  294.000  6.267460e-04 
  295.000  1.854091e-03 
  296.000  1.125293e-02 
  297.000  1.617400e-02 
  298.000  8.862104e-02 
  299.000  1.728091e-01 
  300.000  3.294576e-01 
  301.000  9.603224e-01 
  302.000  1.122923e+00 
  303.000  3.109465e+00 
  304.000  3.704113e+00 
  305.000  7.028666e+00 
  306.000  8.015265e+00 
  307.000  1.219407e+01 
  308.000  1.617278e+01 
  309.000  1.776270e+01 
  310.000  2.026050e+01 
  311.000  4.007681e+01 
  312.000  3.494363e+01 
  313.000  4.564246e+01 
  314.000  4.790574e+01 
  315.000  5.846103e+01 
  316.000  4.664217e+01 
  317.000  6.894558e+01 
  318.000  6.846889e+01 
  319.000  7.824483e+01 
  320.000  7.739903e+01 
  321.000  9.698956e+01 
  322.000  8.739925e+01 
  323.000  7.790002e+01 
  324.000  9.972237e+01 
  325.000  1.131277e+02 
  326.000  1.584807e+02 
  327.000  1.630623e+02 
  328.000  1.378079e+02 
  329.000  1.659679e+02 
  330.000  1.770480e+02 
  331.000  1.465878e+02 
  332.000  1.640299e+02 
  333.000  1.890970e+02 
  334.000  1.612298e+02 
  335.000  1.764667e+02 
  336.000  1.349677e+02 
  337.000  1.313637e+02 
  338.000  1.629557e+02 
  339.000  1.667930e+02 
  340.000  1.907832e+02 
  341.000  1.636723e+02 
  342.000  1.743913e+02 
  343.000  1.778921e+02 
  344.000  1.633403e+02 
  345.000  2.132012e+02 
  346.000  2.400573e+02 
  347.000  2.317467e+02 
  348.000  2.213690e+02 
  349.000  2.461561e+02 
  350.000  2.551449e+02 
  351.000  2.455916e+02 
  352.000  2.550991e+02 
  353.000  2.358182e+02 
  354.000  2.758174e+02 
  355.000  2.831476e+02 
  356.000  2.711373e+02 
  357.000  1.754870e+02 
  358.000  1.930414e+02 
  359.000  1.965782e+02 
  360.000  2.951263e+02 
  361.000  2.368033e+02 
  362.000  2.628815e+02 
  363.000  2.829038e+02 
  364.000  2.856290e+02 
  365.000  2.704825e+02 
  366.000  3.753939e+02 
  367.000  3.395923e+02 
  368.000  3.237116e+02 
  369.000  3.146898e+02 
  370.000  3.657223e+02 
  371.000  2.951024e+02 
  372.000  3.137853e+02 
  373.000  3.157988e+02 
  374.000  2.469210e+02 
  375.000  2.282804e+02 
  376.000  3.294920e+02 
  377.000  3.400455e+02 
  378.000  4.434007e+02 
  379.000  3.440469e+02 
  380.000  3.247259e+02 
  381.000  3.672744e+02 
  382.000  2.764214e+02 
  383.000  1.939596e+02 
  384.000  2.147803e+02 
  385.000  3.250727e+02 
  386.000  2.536973e+02 
  387.000  2.926775e+02 
  388.000  2.912595e+02 
  389.000  3.333108e+02 
  390.000  4.057645e+02 
  391.000  4.556942e+02 
  392.000  4.064823e+02 
  393.000  2.187050e+02 
  394.000  2.428648e+02 
  395.000  4.090648e+02 
  396.000  4.224297e+02 
  397.000  1.724770e+02 
  398.000  4.840678e+02 
  399.000  5.821788e+02 
  400.000  5.736517e+02 
  401.000  5.714014e+02 
  402.000  6.068315e+02 
  403.000  5.695063e+02 
  404.000  6.132057e+02 
  405.000  5.634244e+02 
  406.000  5.602182e+02 
  407.000  5.466155e+02 
  408.000  5.932294e+02 
  409.000  6.577726e+02 
  410.000  5.508574e+02 
  411.000  6.479304e+02 
  412.000  6.724343e+02 
  413.000  6.362032e+02 
  414.000  6.253453e+02 
  415.000  6.679374e+02 
  416.000  6.648270e+02 
  417.000  6.455086e+02 
  418.000  6.323306e+02 
  419.000  6.487123e+02 
  420.000  5.498125e+02 
  421.000  6.897520e+02 
  422.000  6.617655e+02 
  423.000  5.595994e+02 
  424.000  6.162850e+02 
  425.000  6.390508e+02 
  426.000  6.150353e+02 
  427.000  5.922874e+02 
  428.000  6.004300e+02 
  429.000  5.468679e+02 
  430.000  4.368737e+02 
  431.000  3.932155e+02 
  432.000  7.085519e+02 
  433.000  6.313793e+02 
  434.000  6.007240e+02 
  435.000  6.542444e+02 
  436.000  7.261942e+02 
  437.000  7.339343e+02 
  438.000  6.580996e+02 
  439.000  6.374463e+02 
  440.000  7.151357e+02 
  441.000  7.134934e+02 
  442.000  7.521573e+02 
  443.000  7.578904e+02 
  444.000  7.536602e+02 
  445.000  7.934854e+02 
  446.000  7.069531e+02 
  447.000  8.070116e+02 
  448.000  8.211707e+02 
  449.000  8.274762e+02 
  450.000  8.462377e+02 
  451.000  9.153065e+02 
  452.000  8.515851e+02 
  453.000  7.911367e+02 
  454.000  8.441382e+02 
  455.000  8.507011e+02 
  456.000  8.719752e+02 
  457.000  8.775165e+02 
  458.000  8.627216e+02 
  459.000  8.632445e+02 
  460.000  8.563467e+02 
  461.000  8.880244e+02 
  462.000  8.741723e+02 
  463.000  8.749947e+02 
  464.000  8.784814e+02 
  465.000  8.662367e+02 
  466.000  8.942604e+02 
  467.000  8.632451e+02 
  468.000  9.143668e+02 
  469.000  9.067981e+02 
  470.000  8.947255e+02 
  471.000  8.935005e+02 
  472.000  9.047787e+02 
  473.000  8.952370e+02 
  474.000  9.027166e+02 
  475.000  9.394238e+02 
  476.000  9.106978e+02 
  477.000  9.025007e+02 
  478.000  9.473849e+02 
  479.000  9.046660e+02 
  480.000  9.227706e+02 
  481.000  9.174103e+02 
  482.000  9.368779e+02 
  483.000  9.381190e+02 
  484.000  9.022841e+02 
  485.000  9.091749e+02 
  486.000  7.373746e+02 
  487.000  8.290446e+02 
  488.000  9.004609e+02 
  489.000  8.373283e+02 
  490.000  9.535634e+02 
  491.000  8.925784e+02 
  492.000  8.580049e+02 
  493.000  9.243580e+02 
  494.000  8.932488e+02 
  495.000  9.551658e+02 
  496.000  9.304993e+02 
  497.000  9.028603e+02 
  498.000  8.817503e+02 
  499.000  8.798396e+02 
  500.000  8.761796e+02 
  501.000  8.567415e+02 
  502.000  8.513283e+02 
  503.000  9.022875e+02 
  504.000  8.396777e+02 
  505.000  9.058718e+02 
  506.000  9.700197e+02 
  507.000  9.027621e+02 
  508.000  8.659761e+02 
  509.000  9.340444e+02 
  510.000  9.052507e+02 
  511.000  9.057083e+02 
  512.000  9.507819e+02 
  513.000  8.703517e+02 
  514.000  8.522497e+02 
  515.000  8.702211e+02 
  516.000  9.142185e+02 
  517.000  6.735084e+02 
  518.000  8.339208e+02 
  519.000  7.901347e+02 
  520.000  8.699936e+02 
  521.000  8.705461e+02 
  522.000  9.051486e+02 
  523.000  8.432461e+02 
  524.000  9.149358e+02 
  525.000  9.076628e+02 
  526.000  8.650510e+02 
  527.000  7.556901e+02 
  528.000  9.076063e+02 
  529.000  9.333941e+02 
  530.000  8.819927e+02 
  531.000  9.600642e+02 
  532.000  9.159191e+02 
  533.000  8.045300e+02 
  534.000  8.749354e+02 
  535.000  8.927520e+02 
  536.000  9.473712e+02 
  537.000  8.789976e+02 
  538.000  9.201980e+02 
  539.000  9.172344e+02 
  540.000  8.977102e+02 
  541.000  8.232585e+02 
  542.000  9.184333e+02 
  543.000  8.786069e+02 
  544.000  9.268073e+02 
  545.000  9.131027e+02 
  546.000  8.928964e+02 
  547.000  9.309366e+02 
  548.000  8.638654e+02 
  549.000  9.092634e+02 
  550.000  8.895047e+02 
  551.000  8.842598e+02 
  552.000  9.227214e+02 
  553.000  8.869016e+02 
  554.000  9.162211e+02 
  555.000  9.191471e+02 
  556.000  8.941486e+02 
  557.000  8.679279e+02 
  558.000  9.012188e+02 
  559.000  8.521469e+02 
  560.000  8.561732e+02 
  561.000  9.412642e+02 
  562.000  8.642844e+02 
  563.000  9.044901e+02 
  564.000  8.919930e+02 
  565.000  9.027792e+02 
  566.000  8.324568e+02 
  567.000  8.931031e+02 
  568.000  8.911772e+02 
  569.000  8.741678e+02 
  570.000  8.782805e+02 
  571.000  8.465297e+02 
  572.000  8.950181e+02 
  573.000  9.041159e+02 
  574.000  8.990888e+02 
  575.000  8.771934e+02 
  576.000  8.615870e+02 
  577.000  8.977276e+02 
  578.000  8.720120e+02 
  579.000  8.663468e+02 
  580.000  8.979245e+02 
  581.000  8.836221e+02 
  582.000  8.984923e+02 
  583.000  9.061685e+02 
  584.000  9.045090e+02 
  585.000  8.997888e+02 
  586.000  8.621024e+02 
  587.000  8.970560e+02 
  588.000  8.901605e+02 
  589.000  7.913210e+02 
  590.000  8.269558e+02 
  591.000  8.781649e+02 
  592.000  8.625594e+02 
  593.000  8.708068e+02 
  594.000  8.796658e+02 
  595.000  8.643237e+02 
  596.000  8.846614e+02 
  597.000  8.879152e+02 
  598.000  8.693877e+02 
  599.000  8.695992e+02 
  600.000  8.691976e+02 
  601.000  8.642149e+02 
  602.000  8.548303e+02 
  603.000  8.603000e+02 
  604.000  8.881434e+02 
  605.000  8.865020e+02 
  606.000  8.768096e+02 
  607.000  8.724633e+02 
  608.000  8.698754e+02 
  609.000  8.615353e+02 
  610.000  8.483183e+02 
  611.000  8.626817e+02 
  612.000  8.520290e+02 
  613.000  8.401390e+02 
  614.000  8.103304e+02 
  615.000  8.496868e+02 
  616.000  8.083881e+02 
  617.000  8.134325e+02 
  618.000  8.522454e+02 
  619.000  8.448251e+02 
  620.000  8.576785e+02 
  621.000  8.727643e+02 
  622.000  8.269850e+02 
  623.000  8.336431e+02 
  624.000  8.347459e+02 
  625.000  8.122914e+02 
  626.000  8.166183e+02 
  627.000  8.304688e+02 
  628.000  8.096427e+02 
  629.000  8.375562e+02 
  630.000  8.096637e+02 
  631.000  8.412778e+02 
  632.000  7.861150e+02 
  633.000  8.446857e+02 
  634.000  8.206438e+02 
  635.000  8.369648e+02 
  636.000  8.084606e+02 
  637.000  8.361353e+02 
  638.000  8.499072e+02 
  639.000  8.438705e+02 
  640.000  8.181924e+02 
  641.000  8.308454e+02 
  642.000  8.215924e+02 
  643.000  8.368361e+02 
  644.000  8.278932e+02 
  645.000  8.360070e+02 
  646.000  8.057208e+02 
  647.000  8.178995e+02 
  648.000  8.175884e+02 
  649.000  8.338346e+02 
  650.000  7.721602e+02 
  651.000  8.322677e+02 
  652.000  8.176432e+02 
  653.000  8.333128e+02 
  654.000  8.232210e+02 
  655.000  8.023676e+02 
  656.000  6.814935e+02 
  657.000  7.275482e+02 
  658.000  8.102766e+02 
  659.000  8.124230e+02 
  660.000  8.191861e+02 
  661.000  8.229539e+02 
  662.000  8.350968e+02 
  663.000  8.262578e+02 
  664.000  8.135489e+02 
  665.000  8.175346e+02 
  666.000  8.278046e+02 
  667.000  8.117795e+02 
  668.000  8.167863e+02 
  669.000  8.289427e+02 
  670.000  8.194473e+02 
  671.000  8.111844e+02 
  672.000  8.089637e+02 
  673.000  8.151808e+02 
  674.000  8.171831e+02 
  675.000  8.051099e+02 
  676.000  8.207138e+02 
  677.000  8.047728e+02 
  678.000  8.184698e+02 
  679.000  8.072786e+02 
  680.000  8.014378e+02 
  681.000  8.026793e+02 
  682.000  8.012986e+02 
  683.000  8.070004e+02 
  684.000  7.929225e+02 
  685.000  8.021948e+02 
  686.000  7.661461e+02 
  687.000  6.687654e+02 
  688.000  6.998818e+02 
  689.000  6.933713e+02 
  690.000  7.127325e+02 
  691.000  7.377098e+02 
  692.000  7.477836e+02 
  693.000  7.535231e+02 
  694.000  7.591984e+02 
  695.000  7.521997e+02 
  696.000  7.645329e+02 
  697.000  7.781833e+02 
  698.000  7.616374e+02 
  699.000  7.654204e+02 
  700.000  7.584772e+02 
  701.000  7.393708e+02 
  702.000  7.376860e+02 
  703.000  7.569638e+02 
  704.000  7.597554e+02 
  705.000  7.621783e+02 
  706.000  7.549985e+02 
  707.000  7.450775e+02 
  708.000  7.683073e+02 
  709.000  7.439086e+02 
  710.000  7.583411e+02 
  711.000  7.538666e+02 
  712.000  7.460685e+02 
  713.000  7.410750e+02 
  714.000  7.531419e+02 
  715.000  7.236982e+02 
  716.000  7.392504e+02 
  717.000  6.953777e+02 
  718.000  6.759904e+02 
  719.000  6.626567e+02 
  720.000  6.587401e+02 
  721.000  6.957198e+02 
  722.000  7.189876e+02 
  723.000  7.100386e+02 
  724.000  6.927103e+02 
  725.000  6.884898e+02 
  726.000  6.863168e+02 
  727.000  6.996661e+02 
  728.000  6.844118e+02 
  729.000  6.652210e+02 
  730.000  6.884249e+02 
  731.000  6.754124e+02 
  732.000  7.019758e+02 
  733.000  7.040504e+02 
  734.000  7.247552e+02 
  735.000  7.169415e+02 
  736.000  6.998611e+02 
  737.000  7.121209e+02 
  738.000  7.142867e+02 
  739.000  6.929109e+02 
  740.000  7.032152e+02 
  741.000  6.997942e+02 
  742.000  6.890152e+02 
  743.000  7.113242e+02 
  744.000  7.189927e+02 
  745.000  7.010233e+02 
  746.000  7.113664e+02 
  747.000  7.227089e+02 
  748.000  7.100024e+02 
  749.000  7.105099e+02 
  750.000  7.000786e+02 
  751.000  6.984756e+02 
  752.000  7.096844e+02 
  753.000  7.032495e+02 
  754.000  7.144981e+02 
  755.000  7.105934e+02 
  756.000  6.968766e+02 
  757.000  7.021161e+02 
  758.000  7.002136e+02 
  759.000  6.291234e+02 
  760.000  2.304391e+02 
  761.000  1.978532e+02 
  762.000  4.034231e+02 
  763.000  3.441841e+02 
  764.000  3.798176e+02 
  765.000  4.624455e+02 
  766.000  5.348234e+02 
  767.000  5.908719e+02 
  768.000  6.467746e+02 
  769.000  6.656343e+02 
  770.000  6.726319e+02 
  771.000  6.780837e+02 
  772.000  6.766801e+02 
  773.000  6.744820e+02 
  774.000  6.823251e+02 
  775.000  6.570848e+02 
  776.000  6.844435e+02 
  777.000  6.798686e+02 
  778.000  6.763526e+02 
  779.000  6.786716e+02 
  780.000  6.703864e+02 
  781.000  6.694814e+02 
  782.000  6.776602e+02 
  783.000  6.619336e+02 
  784.000  6.656647e+02 
  785.000  6.670523e+02 
  786.000  6.549927e+02 
  787.000  6.633835e+02 
  788.000  6.526978e+02 
  789.000  6.534529e+02 
  790.000  6.466533e+02 
  791.000  6.440422e+02 
  792.000  6.345120e+02 
  793.000  6.352910e+02 
  794.000  6.313016e+02 
  795.000  6.265635e+02 
  796.000  6.328189e+02 
  797.000  6.382144e+02 
  798.000  6.415303e+02 
  799.000  6.404650e+02 
  800.000  6.218660e+02 
  801.000  6.337651e+02 
  802.000  6.324279e+02 
  803.000  6.237662e+02 
  804.000  6.304905e+02 
  805.000  6.151682e+02 
  806.000  6.330353e+02 
  807.000  6.293983e+02 
  808.000  6.249973e+02 
  809.000  6.137151e+02 
  810.000  6.101450e+02 
  811.000  6.180787e+02 
  812.000  6.133742e+02 
  813.000  6.074654e+02 
  814.000  6.020657e+02 
  815.000  5.897501e+02 
  816.000  5.766564e+02 
  817.000  5.806949e+02 
  818.000  5.778765e+02 
  819.000  5.649628e+02 
  820.000  5.627256e+02 
  821.000  5.915636e+02 
  822.000  5.675194e+02 
  823.000  5.534002e+02 
  824.000  5.806147e+02 
  825.000  5.912861e+02 
  826.000  5.931180e+02 
  827.000  5.898085e+02 
  828.000  5.811160e+02 
  829.000  5.836183e+02 
  830.000  5.774070e+02 
  831.000  5.680018e+02 
  832.000  5.799582e+02 
  833.000  5.635917e+02 
  834.000  5.738575e+02 
  835.000  5.783591e+02 
  836.000  5.841045e+02 
  837.000  5.792135e+02 
  838.000  5.829026e+02 
  839.000  5.656281e+02 
  840.000  5.811472e+02 
  841.000  5.818825e+02 
  842.000  5.790601e+02 
  843.000  5.768216e+02 
  844.000  5.678977e+02 
  845.000  5.768658e+02 
  846.000  5.824081e+02 
  847.000  5.627008e+02 
  848.000  5.788135e+02 
  849.000  5.800059e+02 
  850.000  5.013005e+02 
  851.000  5.742913e+02 
  852.000  5.525977e+02 
  853.000  5.592872e+02 
  854.000  4.496714e+02 
  855.000  4.952479e+02 
  856.000  5.623030e+02 
  857.000  5.714868e+02 
  858.000  5.624081e+02 
  859.000  5.624837e+02 
  860.000  5.575997e+02 
  861.000  5.575986e+02 
  862.000  5.558518e+02 
  863.000  5.665427e+02 
  864.000  5.654852e+02 
  865.000  5.550206e+02 
  866.000  4.656067e+02 
  867.000  4.958694e+02 
  868.000  5.378444e+02 
  869.000  5.303610e+02 
  870.000  5.522924e+02 
  871.000  5.515737e+02 
  872.000  5.494279e+02 
  873.000  5.516747e+02 
  874.000  5.396322e+02 
  875.000  5.347224e+02 
  876.000  5.392020e+02 
  877.000  5.499975e+02 
  878.000  5.405469e+02 
  879.000  5.418403e+02 
  880.000  5.387847e+02 
  881.000  5.108719e+02 
  882.000  5.391284e+02 
  883.000  5.268884e+02 
  884.000  5.314180e+02 
  885.000  5.369595e+02 
  886.000  5.193881e+02 
  887.000  5.141484e+02 
  888.000  5.295900e+02 
  889.000  5.332199e+02 
  890.000  5.314866e+02 
  891.000  5.284860e+02 
  892.000  5.260810e+02 
  893.000  5.027966e+02 
  894.000  5.177048e+02 
  895.000  4.852654e+02 
  896.000  4.950623e+02 
  897.000  4.739113e+02 
  898.000  4.701308e+02 
  899.000  4.564400e+02 
  900.000  4.469855e+02 
  901.000  4.341041e+02 
  902.000  4.266734e+02 
  903.000  4.716848e+02 
  904.000  4.916436e+02 
  905.000  4.898440e+02 
  906.000  4.687835e+02 
  907.000  4.619954e+02 
  908.000  4.399535e+02 
  909.000  4.329068e+02 
  910.000  4.395577e+02 
  911.000  4.447004e+02 
  912.000  4.426125e+02 
  913.000  4.392961e+02 
  914.000  4.432530e+02 
  915.000  4.406125e+02 
  916.000  4.474453e+02 
  917.000  4.432413e+02 
  918.000  4.445789e+02 
  919.000  4.627117e+02 
  920.000  4.673609e+02 
  921.000  4.551989e+02 
  922.000  4.509740e+02 
  923.000  4.297433e+02 
  924.000  4.420390e+02 
  925.000  4.475114e+02 
  926.000  4.315320e+02 
  927.000  4.406866e+02 
  928.000  4.326367e+02 
  929.000  4.109654e+02 
  930.000  3.897042e+02 
  931.000  3.663539e+02 
  932.000  3.321079e+02 
  933.000  3.088428e+02 
  934.000  2.804783e+02 
  935.000  2.737008e+02 
  936.000  2.820166e+02 
  937.000  2.855526e+02 
  938.000  3.104175e+02 
  939.000  3.820247e+02 
  940.000  3.897003e+02 
  941.000  3.725964e+02 
  942.000  3.386353e+02 
  943.000  3.210334e+02 
  944.000  3.098051e+02 
  945.000  3.257486e+02 
  946.000  3.308124e+02 
  947.000  3.400589e+02 
  948.000  3.486727e+02 
  949.000  3.488257e+02 
  950.000  3.481794e+02 
  951.000  3.605511e+02 
  952.000  3.449052e+02 
  953.000  3.547208e+02 
  954.000  3.625370e+02 
  955.000  3.299573e+02 
  956.000  3.497183e+02 
  957.000  3.777158e+02 
  958.000  3.841342e+02 
  959.000  3.808739e+02 
  960.000  3.758736e+02 
  961.000  3.695000e+02 
  962.000  3.733940e+02 
  963.000  3.876379e+02 
  964.000  3.852948e+02 
  965.000  3.885438e+02 
  966.000  3.780569e+02 
  967.000  3.998208e+02 
  968.000  4.124862e+02 
  969.000  4.226351e+02 
  970.000  4.241955e+02 
  971.000  4.202598e+02 
  972.000  4.210872e+02 
  973.000  4.122495e+02 
  974.000  3.999223e+02 
  975.000  3.980182e+02 
  976.000  4.077106e+02 
  977.000  4.051081e+02 
  978.000  4.144697e+02 
  979.000  4.044108e+02 
  980.000  4.179290e+02 
  981.000  4.225724e+02 
  982.000  4.199037e+02 
  983.000  4.227835e+02 
  984.000  4.240434e+02 
  985.000  4.261611e+02 
  986.000  4.256342e+02 
  987.000  4.317713e+02 
  988.000  4.267459e+02 
  989.000  4.215193e+02 
  990.000  4.254266e+02 
  991.000  4.298726e+02 
  992.000  4.261798e+02 
  993.000  4.262997e+02 
  994.000  4.294400e+02 
  995.000  4.269448e+02 
  996.000  4.268686e+02 
  997.000  4.269559e+02 
  998.000  4.249395e+02 
  999.000  4.237118e+02 
 1000.000  4.204995e+02 
 1001.000  4.219044e+02 
 1002.000  4.199638e+02 
 1003.000  4.154304e+02 
 1004.000  4.126875e+02 
 1005.000  3.858430e+02 
 1006.000  4.061715e+02 
 1007.000  4.133607e+02 
 1008.000  4.140787e+02 
 1009.000  4.100232e+02 
 1010.000  4.122636e+02 
 1011.000  4.115473e+02 
 1012.000  4.123457e+02 
 1013.000  4.098012e+02 
 1014.000  4.126533e+02 
 1015.000  4.050743e+02 
 1016.000  4.078472e+02 
 1017.000  4.039605e+02 
 1018.000  4.090073e+02 
 1019.000  3.991678e+02 
 1020.000  3.985072e+02 
 1021.000  4.027870e+02 
 1022.000  3.961984e+02 
 1023.000  4.033611e+02 
 1024.000  4.010087e+02 
 1025.000  4.017018e+02 
 1026.000  4.025533e+02 
 1027.000  3.999634e+02 
 1028.000  4.010335e+02 
 1029.000  3.952333e+02 
 1030.000  3.994896e+02 
 1031.000  3.983472e+02 
 1032.000  3.970229e+02 
 1033.000  3.897498e+02 
 1034.000  3.939404e+02 
 1035.000  3.897529e+02 
 1036.000  3.947327e+02 
 1037.000  3.863672e+02 
 1038.000  3.901922e+02 
 1039.000  3.917567e+02 
 1040.000  3.870788e+02 
 1041.000  3.890867e+02 
 1042.000  3.902089e+02 
 1043.000  3.834458e+02 
 1044.000  3.871962e+02 
 1045.000  3.854718e+02 
 1046.000  3.741924e+02 
 1047.000  3.809748e+02 
 1048.000  3.845949e+02 
 1049.000  3.819005e+02 
 1050.000  3.795106e+02 
 1051.000  3.794838e+02 
 1052.000  3.775930e+02 
 1053.000  3.776281e+02 
 1054.000  3.736120e+02 
 1055.000  3.762110e+02 
 1056.000  3.750399e+02 
 1057.000  3.742132e+02 
 1058.000  3.700731e+02 
 1059.000  3.583088e+02 
 1060.000  3.710899e+02 
 1061.000  3.579868e+02 
 1062.000  3.677745e+02 
 1063.000  3.613337e+02 
 1064.000  3.658488e+02 
 1065.000  3.652331e+02 
 1066.000  3.540135e+02 
 1067.000  3.623690e+02 
 1068.000  3.607434e+02 
 1069.000  3.337372e+02 
 1070.000  3.538783e+02 
 1071.000  3.546400e+02 
 1072.000  3.557135e+02 
 1073.000  3.441494e+02 
 1074.000  3.564532e+02 
 1075.000  3.459164e+02 
 1076.000  3.534289e+02 
 1077.000  3.525142e+02 
 1078.000  3.533317e+02 
 1079.000  3.397230e+02 
 1080.000  3.488932e+02 
 1081.000  3.361483e+02 
 1082.000  3.409809e+02 
 1083.000  3.313714e+02 
 1084.000  3.434883e+02 
 1085.000  3.375366e+02 
 1086.000  3.423947e+02 
 1087.000  3.230700e+02 
 1088.000  3.428372e+02 
 1089.000  3.277728e+02 
 1090.000  3.345698e+02 
 1091.000  3.372159e+02 
 1092.000  3.284211e+02 
 1093.000  3.219946e+02 
 1094.000  2.920841e+02 
 1095.000  3.163737e+02 
 1096.000  3.152961e+02 
 1097.000  3.106313e+02 
 1098.000  2.994235e+02 
 1099.000  2.928419e+02 
 1100.000  2.983779e+02 
 1101.000  2.988606e+02 
 1102.000  2.860233e+02 
 1103.000  2.980992e+02 
 1104.000  2.946801e+02 
 1105.000  2.909932e+02 
 1106.000  2.851999e+02 
 1107.000  2.857686e+02 
 1108.000  2.855666e+02 
 1109.000  2.898801e+02 
 1110.000  2.911311e+02 
 1111.000  2.858470e+02 
 1112.000  2.751375e+02 
 1113.000  2.629229e+02 
 1114.000  2.629563e+02 
 1115.000  2.461764e+02 
 1116.000  2.342008e+02 
 1117.000  2.150041e+02 
 1118.000  1.927824e+02 
 1119.000  1.768444e+02 
 1120.000  1.635101e+02 
 1121.000  1.614756e+02 
 1122.000  1.455772e+02 
 1123.000  1.549116e+02 
 1124.000  1.609487e+02 
 1125.000  1.547404e+02 
 1126.000  1.506018e+02 
 1127.000  1.568741e+02 
 1128.000  1.562483e+02 
 1129.000  1.715123e+02 
 1130.000  2.040029e+02 
 1131.000  2.152497e+02 
 1132.000  2.033886e+02 
 1133.000  1.751682e+02 
 1134.000  1.291506e+02 
 1135.000  1.343356e+02 
 1136.000  1.792801e+02 
 1137.000  2.047673e+02 
 1138.000  2.180534e+02 
 1139.000  2.287218e+02 
 1140.000  2.254400e+02 
 1141.000  2.110020e+02 
 1142.000  2.139172e+02 
 1143.000  2.013145e+02 
 1144.000  1.898334e+02 
 1145.000  1.759504e+02 
 1146.000  1.813815e+02 
 1147.000  1.940967e+02 
 1148.000  2.024809e+02 
 1149.000  2.070739e+02 
 1150.000  2.061216e+02 
 1151.000  2.112323e+02 
 1152.000  2.136127e+02 
 1153.000  2.173409e+02 
 1154.000  2.169466e+02 
 1155.000  2.259548e+02 
 1156.000  2.314053e+02 
 1157.000  2.507689e+02 
 1158.000  2.575686e+02 
 1159.000  2.595216e+02 
 1160.000  2.584430e+02 
 1161.000  2.586089e+02 
 1162.000  2.721637e+02 
 1163.000  2.784247e+02 
 1164.000  2.739708e+02 
 1165.000  2.795826e+02 
 1166.000  2.733217e+02 
 1167.000  2.783954e+02 
 1168.000  2.805804e+02 
 1169.000  2.715528e+02 
 1170.000  2.795266e+02 
 1171.000  2.826416e+02 
 1172.000  2.806803e+02 
 1173.000  2.776952e+02 
 1174.000  2.778976e+02 
 1175.000  2.774440e+02 
 1176.000  2.732552e+02 
 1177.000  2.804890e+02 
 1178.000  2.733114e+02 
 1179.000  2.721161e+02 
 1180.000  2.750243e+02 
 1181.000  2.713630e+02 
 1182.000  2.694438e+02 
 1183.000  2.540073e+02 
 1184.000  2.668087e+02 
 1185.000  2.735482e+02 
 1186.000  2.709776e+02 
 1187.000  2.678222e+02 
 1188.000  2.656973e+02 
 1189.000  2.520765e+02 
 1190.000  2.695114e+02 
 1191.000  2.752335e+02 
 1192.000  2.758855e+02 
 1193.000  2.755363e+02 
 1194.000  2.746908e+02 
 1195.000  2.695175e+02 
 1196.000  2.696394e+02 
 1197.000  2.685638e+02 
 1198.000  2.593143e+02 
 1199.000  2.485046e+02 
 1200.000  2.649341e+02 
 1201.000  2.669224e+02 
 1202.000  2.668715e+02 
 1203.000  2.526972e+02 
 1204.000  2.569263e+02 
 1205.000  2.663696e+02 
 1206.000  2.665106e+02 
 1207.000  2.690798e+02 
 1208.000  2.648707e+02 
 1209.000  2.476960e+02 
 1210.000  2.640297e+02 
 1211.000  2.551501e+02 
 1212.000  2.636034e+02 
 1213.000  2.661451e+02 
 1214.000  2.648014e+02 
 1215.000  2.662009e+02 
 1216.000  2.670563e+02 
 1217.000  2.677641e+02 
 1218.000  2.670561e+02 
 1219.000  2.645228e+02 
 1220.000  2.664494e+02 
 1221.000  2.662829e+02 
 1222.000  2.650539e+02 
 1223.000  2.639353e+02 
 1224.000  2.670663e+02 
 1225.000  2.658424e+02 
 1226.000  2.670732e+02 
 1227.000  2.585002e+02 
 1228.000  2.671110e+02 
 1229.000  2.671852e+02 
 1230.000  2.666619e+02 
 1231.000  2.668351e+02 
 1232.000  2.638370e+02 
 1233.000  2.659199e+02 
 1234.000  2.654786e+02 
 1235.000  2.637560e+02 
 1236.000  2.653666e+02 
 1237.000  2.654497e+02 
 1238.000  2.652393e+02 
 1239.000  2.621386e+02 
 1240.000  2.608229e+02 
 1241.000  2.629543e+02 
 1242.000  2.612237e+02 
 1243.000  2.581798e+02 
 1244.000  2.555222e+02 
 1245.000  2.596785e+02 
 1246.000  2.574161e+02 
 1247.000  2.557722e+02 
 1248.000  2.574808e+02 
 1249.000  2.562597e+02 
 1250.000  2.548870e+02 
 1251.000  2.526922e+02 
 1252.000  2.514628e+02 
 1253.000  2.489098e+02 
 1254.000  2.487308e+02 
 1255.000  2.475932e+02 
 1256.000  2.463515e+02 
 1257.000  2.425673e+02 
 1258.000  2.417128e+02 
 1259.000  2.374301e+02 
 1260.000  2.359918e+02 
 1261.000  2.336047e+02 
 1262.000  2.249469e+02 
 1263.000  2.261281e+02 
 1264.000  2.215443e+02 
 1265.000  2.215577e+02 
 1266.000  2.214954e+02 
 1267.000  2.156146e+02 
 1268.000  2.114383e+02 
 1269.000  2.125242e+02 
 1270.000  2.202627e+02 
 1271.000  2.241071e+02 
 1272.000  2.254776e+02 
 1273.000  2.269514e+02 
 1274.000  2.275562e+02 
 1275.000  2.300987e+02 
 1276.000  2.314181e+02 
 1277.000  2.320965e+02 
 1278.000  2.324196e+02 
 1279.000  2.315941e+02 
 1280.000  2.313210e+02 
 1281.000  2.257859e+02 
 1282.000  2.013211e+02 
 1283.000  2.217268e+02 
 1284.000  2.312781e+02 
 1285.000  2.334705e+02 
 1286.000  2.333555e+02 
 1287.000  2.344318e+02 
 1288.000  2.310063e+02 
 1289.000  2.319151e+02 
 1290.000  2.266699e+02 
 1291.000  2.302887e+02 
 1292.000  2.324058e+02 
 1293.000  2.328532e+02 
 1294.000  2.283672e+02 
 1295.000  2.294098e+02 
 1296.000  2.281056e+02 
 1297.000  2.254997e+02 
 1298.000  2.235279e+02 
 1299.000  2.258331e+02 
 1300.000  2.248016e+02 
 1301.000  2.242230e+02 
 1302.000  2.205048e+02 
 1303.000  2.165838e+02 
 1304.000  2.157825e+02 
 1305.000  2.166573e+02 
 1306.000  2.165245e+02 
 1307.000  2.152093e+02 
 1308.000  2.133938e+02 
 1309.000  2.108343e+02 
 1310.000  2.096693e+02 
 1311.000  2.091138e+02 
 1312.000  2.054294e+02 
 1313.000  1.938965e+02 
 1314.000  1.976334e+02 
 1315.000  1.923928e+02 
 1316.000  1.991543e+02 
 1317.000  2.011895e+02 
 1318.000  1.949903e+02 
 1319.000  1.925989e+02 
 1320.000  1.854776e+02 
 1321.000  1.825090e+02 
 1322.000  1.860035e+02 
 1323.000  1.906899e+02 
 1324.000  1.929306e+02 
 1325.000  1.913586e+02 
 1326.000  1.866179e+02 
 1327.000  1.769205e+02 
 1328.000  1.681234e+02 
 1329.000  1.452130e+02 
 1330.000  1.411796e+02 
 1331.000  1.374930e+02 
 1332.000  1.360457e+02 
 1333.000  1.435013e+02 
 1334.000  1.491702e+02 
 1335.000  1.531694e+02 
 1336.000  1.530822e+02 
 1337.000  1.548132e+02 
 1338.000  1.573341e+02 
 1339.000  1.577585e+02 
 1340.000  1.588833e+02 
 1341.000  1.617139e+02 
 1342.000  1.616470e+02 
 1343.000  1.557343e+02 
 1344.000  1.465036e+02 
 1345.000  1.214926e+02 
 1346.000  1.039754e+02 
 1347.000  9.229810e+01 
 1348.000  7.682083e+01 
 1349.000  6.989874e+01 
 1350.000  5.472771e+01 
 1351.000  4.727391e+01 
 1352.000  3.636866e+01 
 1353.000  2.587850e+01 
 1354.000  2.077331e+01 
 1355.000  1.619238e+01 
 1356.000  1.230724e+01 
 1357.000  8.482946e+00 
 1358.000  6.285047e+00 
 1359.000  3.340882e+00 
 1360.000  2.212303e+00 
 1361.000  1.655105e+00 
 1362.000  1.523360e+00 
 1363.000  2.201742e+00 
 1364.000  2.551831e+00 
 1365.000  2.677638e+00 
 1366.000  3.092314e+00 
 1367.000  2.592618e+00 
 1368.000  2.289069e+00 
 1369.000  2.346943e+00 
 1370.000  3.858024e+00 
 1371.000  6.857266e+00 
 1372.000  1.263306e+01 
 1373.000  1.789627e+01 
 1374.000  2.169988e+01 
 1375.000  2.313080e+01 
 1376.000  2.146109e+01 
 1377.000  1.911378e+01 
 1378.000  1.459110e+01 
 1379.000  1.003335e+01 
 1380.000  5.707062e+00 
 1381.000  3.307675e+00 
 1382.000  2.318317e+00 
 1383.000  2.245083e+00 
 1384.000  3.645280e+00 
 1385.000  5.168311e+00 
 1386.000  7.874322e+00 
 1387.000  1.440379e+01 
 1388.000  1.906955e+01 
 1389.000  2.185368e+01 
 1390.000  2.230603e+01 
 1391.000  2.080672e+01 
 1392.000  1.574763e+01 
 1393.000  1.203649e+01 
 1394.000  9.230546e+00 
 1395.000  1.039471e+01 
 1396.000  1.424817e+01 
 1397.000  1.835160e+01 
 1398.000  1.889665e+01 
 1399.000  1.761992e+01 
 1400.000  1.647903e+01 
 1401.000  1.746949e+01 
 1402.000  2.163988e+01 
 1403.000  2.482720e+01 
 1404.000  2.335510e+01 
 1405.000  2.438996e+01 
 1406.000  2.262229e+01 
 1407.000  2.337875e+01 
 1408.000  2.800081e+01 
 1409.000  3.271949e+01 
 1410.000  4.009623e+01 
 1411.000  4.754505e+01 
 1412.000  4.592984e+01 
 1413.000  5.050880e+01 
 1414.000  4.980594e+01 
 1415.000  5.490759e+01 
 1416.000  5.897977e+01 
 1417.000  6.038354e+01 
 1418.000  6.092063e+01 
 1419.000  6.071299e+01 
 1420.000  6.214758e+01 
 1421.000  6.979245e+01 
 1422.000  7.143833e+01 
 1423.000  7.217071e+01 
 1424.000  7.192929e+01 
 1425.000  7.108097e+01 
 1426.000  6.852714e+01 
 1427.000  7.248005e+01 
 1428.000  7.629941e+01 
 1429.000  7.686201e+01 
 1430.000  7.409869e+01 
 1431.000  6.795103e+01 
 1432.000  6.590509e+01 
 1433.000  6.579121e+01 
 1434.000  6.305035e+01 
 1435.000  6.787207e+01 
 1436.000  6.956351e+01 
 1437.000  7.060973e+01 
 1438.000  7.488486e+01 
 1439.000  7.652948e+01 
 1440.000  7.373994e+01 
 1441.000  7.868613e+01 
 1442.000  7.578208e+01 
 1443.000  7.713664e+01 
 1444.000  7.910151e+01 
 1445.000  7.944285e+01 
 1446.000  8.332227e+01 
 1447.000  8.578710e+01 
 1448.000  8.694827e+01 
 1449.000  8.542178e+01 
 1450.000  8.180806e+01 
 1451.000  8.282263e+01 
 1452.000  8.647952e+01 
 1453.000  9.639873e+01 
 1454.000  1.048734e+02 
 1455.000  1.089535e+02 
 1456.000  1.137759e+02 
 1457.000  1.156216e+02 
 1458.000  1.178757e+02 
 1459.000  1.145962e+02 
 1460.000  1.093911e+02 
 1461.000  1.073123e+02 
 1462.000  1.015807e+02 
 1463.000  1.008901e+02 
 1464.000  9.960030e+01 
 1465.000  9.743216e+01 
 1466.000  9.081989e+01 
 1467.000  9.018643e+01 
 1468.000  8.461742e+01 
 1469.000  8.023545e+01 
 1470.000  7.784863e+01 
 1471.000  8.251119e+01 
 1472.000  9.079372e+01 
 1473.000  1.019884e+02 
 1474.000  1.069014e+02 
 1475.000  1.088369e+02 
 1476.000  1.090094e+02 
 1477.000  1.066797e+02 
 1478.000  1.025000e+02 
 1479.000  1.004923e+02 
 1480.000  1.025671e+02 
 1481.000  1.044697e+02 
 1482.000  1.092315e+02 
 1483.000  1.080390e+02 
 1484.000  1.087416e+02 
 1485.000  1.103173e+02 
 1486.000  1.112141e+02 
 1487.000  1.179942e+02 
 1488.000  1.033924e+02 
 1489.000  1.268178e+02 
 1490.000  1.341386e+02 
 1491.000  1.388733e+02 
 1492.000  1.363367e+02 
 1493.000  1.413185e+02 
 1494.000  1.410742e+02 
 1495.000  1.421860e+02 
 1496.000  1.419011e+02 
 1497.000  1.453540e+02 
 1498.000  1.501141e+02 
 1499.000  1.507883e+02 
 1500.000  1.554632e+02 
 1501.000  1.546196e+02 
 1502.000  1.521534e+02 
 1503.000  1.359293e+02 
 1504.000  1.422531e+02 
 1505.000  1.440222e+02 
 1506.000  1.460037e+02 
 1507.000  1.546877e+02 
 1508.000  1.533117e+02 
 1509.000  1.550166e+02 
 1510.000  1.577995e+02 
 1511.000  1.592396e+02 
 1512.000  1.567517e+02 
 1513.000  1.566716e+02 
 1514.000  1.545325e+02 
 1515.000  1.581112e+02 
 1516.000  1.568208e+02 
 1517.000  1.563982e+02 
 1518.000  1.602644e+02 
 1519.000  1.590462e+02 
 1520.000  1.614642e+02 
 1521.000  1.591365e+02 
 1522.000  1.582130e+02 
 1523.000  1.622464e+02 
 1524.000  1.607892e+02 
 1525.000  1.568683e+02 
 1526.000  1.613046e+02 
 1527.000  1.598033e+02 
 1528.000  1.611252e+02 
 1529.000  1.606114e+02 
 1530.000  1.504346e+02 
 1531.000  1.607980e+02 
 1532.000  1.598250e+02 
 1533.000  1.590509e+02 
 1534.000  1.566975e+02 
 1535.000  1.574279e+02 
 1536.000  1.595365e+02 
 1537.000  1.602729e+02 
 1538.000  1.560671e+02 
 1539.000  1.594508e+02 
 1540.000  1.537115e+02 
 1541.000  1.570096e+02 
 1542.000  1.579447e+02 
 1543.000  1.576306e+02 
 1544.000  1.598182e+02 
 1545.000  1.605192e+02 
 1546.000  1.607934e+02 
 1547.000  1.593349e+02 
 1548.000  1.546730e+02 
 1549.000  1.586375e+02 
 1550.000  1.577859e+02 
 1551.000  1.569750e+02 
 1552.000  1.596735e+02 
 1553.000  1.588772e+02 
 1554.000  1.530188e+02 
 1555.000  1.555668e+02 
 1556.000  1.525800e+02 
 1557.000  1.575506e+02 
 1558.000  1.563390e+02 
 1559.000  1.563469e+02 
 1560.000  1.536464e+02 
 1561.000  1.572321e+02 
 1562.000  1.571770e+02 
 1563.000  1.547088e+02 
 1564.000  1.513874e+02 
 1565.000  1.532755e+02 
 1566.000  1.503719e+02 
 1567.000  1.495123e+02 
 1568.000  1.451846e+02 
 1569.000  1.443268e+02 
 1570.000  1.395919e+02 
 1571.000  1.433337e+02 
 1572.000  1.429762e+02 
 1573.000  1.409835e+02 
 1574.000  1.418986e+02 
 1575.000  1.320514e+02 
 1576.000  1.418679e+02 
 1577.000  1.282346e+02 
 1578.000  1.405157e+02 
 1579.000  1.416388e+02 
 1580.000  1.450984e+02 
 1581.000  1.441381e+02 
 1582.000  1.418974e+02 
 1583.000  1.442700e+02 
 1584.000  1.435147e+02 
 1585.000  1.481693e+02 
 1586.000  1.463098e+02 
 1587.000  1.449579e+02 
 1588.000  1.429697e+02 
 1589.000  1.308963e+02 
 1590.000  1.410465e+02 
 1591.000  1.378959e+02 
 1592.000  1.451732e+02 
 1593.000  1.482176e+02 
 1594.000  1.467930e+02 
 1595.000  1.472249e+02 
 1596.000  1.379125e+02 
 1597.000  1.425331e+02 
 1598.000  1.437509e+02 
 1599.000  1.372840e+02 
 1600.000  1.382735e+02 
 1601.000  1.324534e+02 
 1602.000  1.354465e+02 
 1603.000  1.347598e+02 
 1604.000  1.370540e+02 
 1605.000  1.350280e+02 
 1606.000  1.347222e+02 
 1607.000  1.351259e+02 
 1608.000  1.365601e+02 
 1609.000  1.360360e+02 
 1610.000  1.277591e+02 
 1611.000  1.321664e+02 
 1612.000  1.342661e+02 
 1613.000  1.380437e+02 
 1614.000  1.366895e+02 
 1615.000  1.395522e+02 
 1616.000  1.312705e+02 
 1617.000  1.355889e+02 
 1618.000  1.398140e+02 
 1619.000  1.398161e+02 
 1620.000  1.366817e+02 
 1621.000  1.349283e+02 
 1622.000  1.383250e+02 
 1623.000  1.413021e+02 
 1624.000  1.423816e+02 
 1625.000  1.389985e+02 
 1626.000  1.405586e+02 
 1627.000  1.403889e+02 
 1628.000  1.414435e+02 
 1629.000  1.413517e+02 
 1630.000  1.373975e+02 
 1631.000  1.395468e+02 
 1632.000  1.394380e+02 
 1633.000  1.375606e+02 
 1634.000  1.341101e+02 
 1635.000  1.377063e+02 
 1636.000  1.370382e+02 
 1637.000  1.306250e+02 
 1638.000  1.296727e+02 
 1639.000  1.279648e+02 
 1640.000  1.284702e+02 
 1641.000  1.275087e+02 
 1642.000  1.273489e+02 
 1643.000  1.305972e+02 
 1644.000  1.285879e+02 
 1645.000  1.288332e+02 
 1646.000  1.303816e+02 
 1647.000  1.315957e+02 
 1648.000  1.310014e+02 
 1649.000  1.280103e+02 
 1650.000  1.312558e+02 
 1651.000  1.283913e+02 
 1652.000  1.310569e+02 
 1653.000  1.298273e+02 
 1654.000  1.312840e+02 
 1655.000  1.289087e+02 
 1656.000  1.315844e+02 
 1657.000  1.306290e+02 
 1658.000  1.314648e+02 
 1659.000  1.291141e+02 
 1660.000  1.305955e+02 
 1661.000  1.311012e+02 
 1662.000  1.300815e+02 
 1663.000  1.291058e+02 
 1664.000  1.283808e+02 
 1665.000  1.270771e+02 
 1666.000  1.265497e+02 
 1667.000  1.279334e+02 
 1668.000  1.257670e+02 
 1669.000  1.262576e+02 
 1670.000  1.291087e+02 
 1671.000  1.283144e+02 
 1672.000  1.222429e+02 
 1673.000  1.257153e+02 
 1674.000  1.262073e+02 
 1675.000  1.250347e+02 
 1676.000  1.230182e+02 
 1677.000  1.236346e+02 
 1678.000  1.243778e+02 
 1679.000  1.226777e+02 
 1680.000  1.184621e+02 
 1681.000  1.143628e+02 
 1682.000  1.176641e+02 
 1683.000  1.205608e+02 
 1684.000  1.227962e+02 
 1685.000  1.231554e+02 
 1686.000  1.216770e+02 
 1687.000  1.221466e+02 
 1688.000  1.222723e+02 
 1689.000  1.208026e+02 
 1690.000  1.207027e+02 
 1691.000  1.222691e+02 
 1692.000  1.224945e+02 
 1693.000  1.220629e+02 
 1694.000  1.218961e+02 
 1695.000  1.219455e+02 
 1696.000  1.212304e+02 
 1697.000  1.204873e+02 
 1698.000  1.212301e+02 
 1699.000  1.204511e+02 
 1700.000  1.189457e+02 
 1701.000  1.191610e+02 
 1702.000  1.187681e+02 
 1703.000  1.163562e+02 
 1704.000  1.184519e+02 
 1705.000  1.189895e+02 
 1706.000  1.175011e+02 
 1707.000  1.172105e+02 
 1708.000  1.139642e+02 
 1709.000  1.160479e+02 
 1710.000  1.173166e+02 
 1711.000  1.084045e+02 
 1712.000  1.159674e+02 
 1713.000  1.165485e+02 
 1714.000  1.165630e+02 
 1715.000  1.166422e+02 
 1716.000  1.160380e+02 
 1717.000  1.149517e+02 
 1718.000  1.143432e+02 
 1719.000  1.153049e+02 
 1720.000  1.126497e+02 
 1721.000  1.110011e+02 
 1722.000  1.128576e+02 
 1723.000  1.071596e+02 
 1724.000  1.087777e+02 
 1725.000  1.103652e+02 
 1726.000  1.115419e+02 
 1727.000  1.110064e+02 
 1728.000  1.085778e+02 
 1729.000  1.108108e+02 
 1730.000  1.110314e+02 
 1731.000  1.094180e+02 
 1732.000  1.081460e+02 
 1733.000  1.012625e+02 
 1734.000  1.032136e+02 
 1735.000  1.037652e+02 
 1736.000  9.873769e+01 
 1737.000  9.740910e+01 
 1738.000  1.021534e+02 
 1739.000  1.037493e+02 
 1740.000  1.040688e+02 
 1741.000  1.016444e+02 
 1742.000  1.048454e+02 
 1743.000  1.030814e+02 
 1744.000  1.044781e+02 
 1745.000  1.014356e+02 
 1746.000  1.021141e+02 
 1747.000  9.963611e+01 
 1748.000  1.033340e+02 
 1749.000  1.025818e+02 
 1750.000  1.023226e+02 
 1751.000  1.006702e+02 
 1752.000  1.014022e+02 
 1753.000  1.016146e+02 
 1754.000  1.016490e+02 
 1755.000  1.000089e+02 
 1756.000  1.010937e+02 
 1757.000  1.011668e+02 
 1758.000  1.004792e+02 
 1759.000  1.008926e+02 
 1760.000  1.000977e+02 
 1761.000  9.810838e+01 
 1762.000  9.567465e+01 
 1763.000  9.648796e+01 
 1764.000  9.412305e+01 
 1765.000  9.576567e+01 
 1766.000  9.512656e+01 
 1767.000  9.526624e+01 
 1768.000  9.390268e+01 
 1769.000  9.451640e+01 
 1770.000  9.301352e+01 
 1771.000  9.317690e+01 
 1772.000  9.286662e+01 
 1773.000  9.291290e+01 
 1774.000  9.018562e+01 
 1775.000  8.720263e+01 
 1776.000  8.700604e+01 
 1777.000  8.421410e+01 
 1778.000  8.247925e+01 
 1779.000  8.330915e+01 
 1780.000  8.256099e+01 
 1781.000  8.225307e+01 
 1782.000  8.116962e+01 
 1783.000  7.962646e+01 
 1784.000  7.969360e+01 
 1785.000  7.936803e+01 
 1786.000  8.026884e+01 
 1787.000  8.091585e+01 
 1788.000  8.058347e+01 
 1789.000  7.771935e+01 
 1790.000  7.712517e+01 
 1791.000  7.403405e+01 
 1792.000  7.293957e+01 
 1793.000  6.932699e+01 
 1794.000  6.578103e+01 
 1795.000  6.632492e+01 
 1796.000  6.264056e+01 
 1797.000  5.862333e+01 
 1798.000  5.883132e+01 
 1799.000  5.293975e+01 
 1800.000  5.266332e+01 
 1801.000  4.641492e+01 
 1802.000  4.335281e+01 
 1803.000  4.315463e+01 
 1804.000  4.329631e+01 
 1805.000  4.279425e+01 
 1806.000  4.028353e+01 
 1807.000  3.905845e+01 
 1808.000  3.818934e+01 
 1809.000  3.439001e+01 
 1810.000  3.013753e+01 
 1811.000  3.009299e+01 
 1812.000  2.678161e+01 
 1813.000  2.683822e+01 
 1814.000  2.443433e+01 
 1815.000  1.992341e+01 
 1816.000  1.964989e+01 
 1817.000  1.757820e+01 
 1818.000  1.595656e+01 
 1819.000  1.497194e+01 
 1820.000  1.421595e+01 
 1821.000  1.431867e+01 
 1822.000  1.368056e+01 
 1823.000  1.346935e+01 
 1824.000  1.290797e+01 
 1825.000  9.186664e+00 
 1826.000  9.234378e+00 
 1827.000  7.190832e+00 
 1828.000  6.768290e+00 
 1829.000  4.295814e+00 
 1830.000  3.148671e+00 
 1831.000  3.140597e+00 
 1832.000  2.342480e+00 
 1833.000  2.257067e+00 
 1834.000  1.549612e+00 
 1835.000  8.332532e-01 
 1836.000  8.347682e-01 
 1837.000  6.252456e-01 
 1838.000  5.819054e-01 
 1839.000  7.074920e-01 
 1840.000  1.003102e+00 
 1841.000  1.024697e+00 
 1842.000  1.410205e+00 
 1843.000  1.364593e+00 
 1844.000  1.697079e+00 
 1845.000  1.649835e+00 
 1846.000  1.424158e+00 
 1847.000  1.103183e+00 
 1848.000  1.136017e+00 
 1849.000  1.123577e+00 
 1850.000  1.132697e+00 
 1851.000  1.092888e+00 
 1852.000  1.087063e+00 
 1853.000  1.062627e+00 
 1854.000  1.085042e+00 
 1855.000  1.102131e+00 
 1856.000  1.133763e+00 
 1857.000  1.179596e+00 
 1858.000  1.468435e+00 
 1859.000  2.160399e+00 
 1860.000  2.134469e+00 
 1861.000  3.162090e+00 
 1862.000  3.067537e+00 
 1863.000  3.261326e+00 
 1864.000  2.900451e+00 
 1865.000  2.911711e+00 
 1866.000  1.760212e+00 
 1867.000  1.730927e+00 
 1868.000  6.648222e-01 
 1869.000  6.929458e-01 
 1870.000  2.550921e-01 
 1871.000  1.462343e-01 
 1872.000  1.450169e-01 
 1873.000  2.861125e-01 
 1874.000  2.856226e-01 
 1875.000  6.975372e-01 
 1876.000  6.541777e-01 
 1877.000  1.914894e+00 
 1878.000  3.342120e+00 
 1879.000  3.413111e+00 
 1880.000  4.463501e+00 
 1881.000  4.598183e+00 
 1882.000  5.605021e+00 
 1883.000  5.863551e+00 
 1884.000  6.333674e+00 
 1885.000  6.298051e+00 
 1886.000  6.105974e+00 
 1887.000  6.448706e+00 
 1888.000  6.360166e+00 
 1889.000  5.494160e+00 
 1890.000  5.287644e+00 
 1891.000  5.062884e+00 
 1892.000  4.907624e+00 
 1893.000  4.388076e+00 
 1894.000  4.196298e+00 
 1895.000  4.094348e+00 
 1896.000  3.183247e+00 
 1897.000  3.168478e+00 
 1898.000  2.097589e+00 
 1899.000  2.064300e+00 
 1900.000  1.425429e+00 
 1901.000  1.435675e+00 
 1902.000  1.202469e+00 
 1903.000  1.537933e+00 
 1904.000  1.523989e+00 
 1905.000  2.124839e+00 
 1906.000  2.133396e+00 
 1907.000  2.785811e+00 
 1908.000  2.733742e+00 
 1909.000  2.945833e+00 
 1910.000  2.949761e+00 
 1911.000  3.077575e+00 
 1912.000  3.033156e+00 
 1913.000  3.751806e+00 
 1914.000  4.471406e+00 
 1915.000  4.442086e+00 
 1916.000  6.491818e+00 
 1917.000  6.525881e+00 
 1918.000  7.891506e+00 
 1919.000  7.858246e+00 
 1920.000  9.304973e+00 
 1921.000  9.678780e+00 
 1922.000  1.102612e+01 
 1923.000  1.116861e+01 
 1924.000  1.180100e+01 
 1925.000  1.197057e+01 
 1926.000  1.203605e+01 
 1927.000  1.306276e+01 
 1928.000  1.293091e+01 
 1929.000  1.346747e+01 
 1930.000  1.400154e+01 
 1931.000  1.625229e+01 
 1932.000  1.675232e+01 
 1933.000  1.758460e+01 
 1934.000  1.879406e+01 
 1935.000  2.033199e+01 
 1936.000  2.060724e+01 
 1937.000  2.103191e+01 
 1938.000  2.268228e+01 
 1939.000  2.167080e+01 
 1940.000  2.369094e+01 
 1941.000  2.391944e+01 
 1942.000  2.545197e+01 
 1943.000  2.470343e+01 
 1944.000  2.451016e+01 
 1945.000  2.302774e+01 
 1946.000  2.555571e+01 
 1947.000  2.714827e+01 
 1948.000  2.766402e+01 
 1949.000  2.815235e+01 
 1950.000  2.709694e+01 
 1951.000  2.630967e+01 
 1952.000  2.537569e+01 
 1953.000  2.617489e+01 
 1954.000  2.518529e+01 
 1955.000  2.515243e+01 
 1956.000  2.444197e+01 
 1957.000  2.576444e+01 
 1958.000  2.588411e+01 
 1959.000  2.847052e+01 
 1960.000  2.825521e+01 
 1961.000  3.135127e+01 
 1962.000  3.072696e+01 
 1963.000  3.363368e+01 
 1964.000  3.367173e+01 
 1965.000  3.820486e+01 
 1966.000  3.727057e+01 
 1967.000  4.143934e+01 
 1968.000  4.156417e+01 
 1969.000  4.501291e+01 
 1970.000  4.540895e+01 
 1971.000  4.853746e+01 
 1972.000  4.815571e+01 
 1973.000  4.861199e+01 
 1974.000  4.994446e+01 
 1975.000  5.339769e+01 
 1976.000  5.342868e+01 
 1977.000  5.524546e+01 
 1978.000  5.243146e+01 
 1979.000  5.697659e+01 
 1980.000  5.518268e+01 
 1981.000  5.747785e+01 
 1982.000  5.798710e+01 
 1983.000  5.881957e+01 
 1984.000  5.817377e+01 
 1985.000  5.859021e+01 
 1986.000  5.741867e+01 
 1987.000  5.782278e+01 
 1988.000  5.939455e+01 
 1989.000  5.894026e+01 
 1990.000  5.877156e+01 
 1991.000  5.788316e+01 
 1992.000  5.707141e+01 
 1993.000  5.383456e+01 
 1994.000  5.426925e+01 
 1995.000  5.056915e+01 
 1996.000  5.055498e+01 
 1997.000  4.193623e+01 
 1998.000  4.114228e+01 
 1999.000  3.208556e+01 
 2000.000  3.210061e+01 
 2001.000  2.407653e+01 
 2002.000  2.411571e+01 
 2003.000  2.008404e+01 
 2004.000  2.007023e+01 
 2005.000  2.017290e+01 
 2006.000  1.964951e+01 
 2007.000  2.172044e+01 
 2008.000  2.170607e+01 
 2009.000  2.299470e+01 
 2010.000  2.303739e+01 
 2011.000  2.356961e+01 
 2012.000  2.354293e+01 
 2013.000  2.431310e+01 
 2014.000  2.407508e+01 
 2015.000  2.575197e+01 
 2016.000  2.571131e+01 
 2017.000  2.890001e+01 
 2018.000  2.896878e+01 
 2019.000  3.389882e+01 
 2020.000  3.364516e+01 
 2021.000  3.753418e+01 
 2022.000  3.885768e+01 
 2023.000  4.399470e+01 
 2024.000  4.403522e+01 
 2025.000  4.757024e+01 
 2026.000  4.800260e+01 
 2027.000  5.065323e+01 
 2028.000  5.082929e+01 
 2029.000  5.198609e+01 
 2030.000  5.137923e+01 
 2031.000  5.311306e+01 
 2032.000  5.400067e+01 
 2033.000  5.513536e+01 
 2034.000  5.509299e+01 
 2035.000  5.372687e+01 
 2036.000  5.498782e+01 
 2037.000  5.548739e+01 
 2038.000  5.251177e+01 
 2039.000  5.424837e+01 
 2040.000  5.469008e+01 
 2041.000  5.402063e+01 
 2042.000  5.351889e+01 
 2043.000  5.257444e+01 
 2044.000  5.256602e+01 
 2045.000  5.024066e+01 
 2046.000  5.020729e+01 
 2047.000  4.993604e+01 
 2048.000  4.646476e+01 
 2049.000  4.671955e+01 
 2050.000  4.290387e+01 
 2051.000  4.266697e+01 
 2052.000  4.024974e+01 
 2053.000  3.968358e+01 
 2054.000  3.953007e+01 
 2055.000  3.983095e+01 
 2056.000  4.063483e+01 
 2057.000  4.047880e+01 
 2058.000  4.172652e+01 
 2059.000  4.174171e+01 
 2060.000  4.204185e+01 
 2061.000  4.092937e+01 
 2062.000  4.208103e+01 
 2063.000  4.192532e+01 
 2064.000  3.941288e+01 
 2065.000  4.172409e+01 
 2066.000  4.177578e+01 
 2067.000  4.213129e+01 
 2068.000  4.177497e+01 
 2069.000  4.296217e+01 
 2070.000  4.152179e+01 
 2071.000  4.494629e+01 
 2072.000  4.443205e+01 
 2073.000  4.734057e+01 
 2074.000  4.727032e+01 
 2075.000  4.916491e+01 
 2076.000  4.910968e+01 
 2077.000  5.048494e+01 
 2078.000  5.047402e+01 
 2079.000  4.963476e+01 
 2080.000  5.104773e+01 
 2081.000  5.055122e+01 
 2082.000  5.146771e+01 
 2083.000  5.056960e+01 
 2084.000  5.114386e+01 
 2085.000  5.157087e+01 
 2086.000  5.219838e+01 
 2087.000  5.217393e+01 
 2088.000  5.275469e+01 
 2089.000  5.282997e+01 
 2090.000  5.320432e+01 
 2091.000  5.280728e+01 
 2092.000  5.079278e+01 
 2093.000  5.282125e+01 
 2094.000  5.331921e+01 
 2095.000  5.177805e+01 
 2096.000  5.333729e+01 
 2097.000  5.328488e+01 
 2098.000  5.321271e+01 
 2099.000  5.350166e+01 
 2100.000  5.364452e+01 
 2101.000  5.368468e+01 
 2102.000  5.405197e+01 
 2103.000  5.322818e+01 
 2104.000  5.409417e+01 
 2105.000  5.404941e+01 
 2106.000  5.429057e+01 
 2107.000  5.412865e+01 
 2108.000  5.409904e+01 
 2109.000  5.382254e+01 
 2110.000  5.258521e+01 
 2111.000  5.381062e+01 
 2112.000  5.370304e+01 
 2113.000  5.343108e+01 
 2114.000  5.359813e+01 
 2115.000  5.359052e+01 
 2116.000  5.322490e+01 
 2117.000  5.199253e+01 
 2118.000  5.319595e+01 
 2119.000  5.361099e+01 
 2120.000  5.232827e+01 
 2121.000  5.351654e+01 
 2122.000  5.305610e+01 
 2123.000  5.309202e+01 
 2124.000  5.233130e+01 
 2125.000  5.346249e+01 
 2126.000  5.378324e+01 
 2127.000  5.284774e+01 
 2128.000  5.398398e+01 
 2129.000  5.386304e+01 
 2130.000  5.368204e+01 
 2131.000  5.400634e+01 
 2132.000  5.391023e+01 
 2133.000  5.388420e+01 
 2134.000  5.372229e+01 
 2135.000  5.377275e+01 
 2136.000  5.181039e+01 
 2137.000  5.357427e+01 
 2138.000  5.356362e+01 
 2139.000  5.329593e+01 
 2140.000  5.321586e+01 
 2141.000  5.326604e+01 
 2142.000  5.294637e+01 
 2143.000  5.268220e+01 
 2144.000  5.236310e+01 
 2145.000  5.184216e+01 
 2146.000  5.095794e+01 
 2147.000  5.147608e+01 
 2148.000  5.149928e+01 
 2149.000  5.080101e+01 
 2150.000  5.073996e+01 
 2151.000  5.028280e+01 
 2152.000  5.016017e+01 
 2153.000  4.969002e+01 
 2154.000  4.980826e+01 
 2155.000  4.978891e+01 
 2156.000  4.984794e+01 
 2157.000  4.972142e+01 
 2158.000  4.965166e+01 
 2159.000  4.942235e+01 
 2160.000  4.926578e+01 
 2161.000  4.921721e+01 
 2162.000  4.855807e+01 
 2163.000  4.860949e+01 
 2164.000  4.792915e+01 
 2165.000  4.634682e+01 
 2166.000  4.163226e+01 
 2167.000  4.557665e+01 
 2168.000  4.701959e+01 
 2169.000  4.826993e+01 
 2170.000  4.824674e+01 
 2171.000  4.866769e+01 
 2172.000  4.849572e+01 
 2173.000  4.867089e+01 
 2174.000  4.849567e+01 
 2175.000  4.855522e+01 
 2176.000  4.825786e+01 
 2177.000  4.780954e+01 
 2178.000  4.815855e+01 
 2179.000  4.630577e+01 
 2180.000  4.817540e+01 
 2181.000  4.809966e+01 
 2182.000  4.764616e+01 
 2183.000  4.647246e+01 
 2184.000  4.762535e+01 
 2185.000  4.774644e+01 
 2186.000  4.782955e+01 
 2187.000  4.776663e+01 
 2188.000  4.656169e+01 
 2189.000  4.631209e+01 
 2190.000  4.687417e+01 
 2191.000  4.736712e+01 
 2192.000  4.723822e+01 
 2193.000  4.658782e+01 
 2194.000  4.646663e+01 
 2195.000  4.632886e+01 
 2196.000  4.563146e+01 
 2197.000  4.545264e+01 
 2198.000  4.502974e+01 
 2199.000  4.496566e+01 
 2200.000  4.479897e+01 
 2201.000  4.488001e+01 
 2202.000  4.480813e+01 
 2203.000  4.545283e+01 
 2204.000  4.546154e+01 
 2205.000  4.533192e+01 
 2206.000  4.436677e+01 
 2207.000  4.380205e+01 
 2208.000  4.615064e+01 
 2209.000  4.519711e+01 
 2210.000  4.670104e+01 
 2211.000  4.665998e+01 
 2212.000  4.651040e+01 
 2213.000  4.650665e+01 
 2214.000  4.632046e+01 
 2215.000  4.629490e+01 
 2216.000  4.590635e+01 
 2217.000  4.524170e+01 
 2218.000  4.576936e+01 
 2219.000  4.591594e+01 
 2220.000  4.574084e+01 
 2221.000  4.566212e+01 
 2222.000  4.548082e+01 
 2223.000  4.542656e+01 
 2224.000  4.531451e+01 
 2225.000  4.505263e+01 
 2226.000  4.427479e+01 
 2227.000  4.440134e+01 
 2228.000  4.433254e+01 
 2229.000  4.473110e+01 
 2230.000  4.420174e+01 
 2231.000  4.426931e+01 
 2232.000  4.426743e+01 
 2233.000  4.410334e+01 
 2234.000  4.402121e+01 
 2235.000  4.375036e+01 
 2236.000  4.357410e+01 
 2237.000  4.359468e+01 
 2238.000  4.306792e+01 
 2239.000  4.216410e+01 
 2240.000  4.266681e+01 
 2241.000  4.308797e+01 
 2242.000  4.299538e+01 
 2243.000  4.225550e+01 
 2244.000  4.257669e+01 
 2245.000  4.255788e+01 
 2246.000  4.246688e+01 
 2247.000  4.242900e+01 
 2248.000  4.123713e+01 
 2249.000  4.209595e+01 
 2250.000  4.167537e+01 
 2251.000  4.162656e+01 
 2252.000  4.169478e+01 
 2253.000  4.102414e+01 
 2254.000  3.999931e+01 
 2255.000  4.080642e+01 
 2256.000  4.049851e+01 
 2257.000  4.049807e+01 
 2258.000  4.043655e+01 
 2259.000  4.048228e+01 
 2260.000  4.016269e+01 
 2261.000  3.996611e+01 
 2262.000  4.004331e+01 
 2263.000  3.864597e+01 
 2264.000  4.006790e+01 
 2265.000  3.983105e+01 
 2266.000  3.932273e+01 
 2267.000  3.967109e+01 
 2268.000  3.968974e+01 
 2269.000  3.959865e+01 
 2270.000  3.948144e+01 
 2271.000  3.915774e+01 
 2272.000  3.952002e+01 
 2273.000  3.946490e+01 
 2274.000  3.934748e+01 
 2275.000  3.876384e+01 
 2276.000  3.927802e+01 
 2277.000  3.928528e+01 
 2278.000  3.928596e+01 
 2279.000  3.916436e+01 
 2280.000  3.904620e+01 
 2281.000  3.710775e+01 
 2282.000  3.831446e+01 
 2283.000  3.842902e+01 
 2284.000  3.835206e+01 
 2285.000  3.821379e+01 
 2286.000  3.810950e+01 
 2287.000  3.818635e+01 
 2288.000  3.805483e+01 
 2289.000  3.759907e+01 
 2290.000  3.759793e+01 
 2291.000  3.699936e+01 
 2292.000  3.718225e+01 
 2293.000  3.710904e+01 
 2294.000  3.501946e+01 
 2295.000  3.594727e+01 
 2296.000  3.580538e+01 
 2297.000  3.516042e+01 
 2298.000  3.594076e+01 
 2299.000  3.607575e+01 
 2300.000  3.597967e+01 
 2301.000  3.595249e+01 
 2302.000  3.649171e+01 
 2303.000  3.638357e+01 
 2304.000  3.626497e+01 
 2305.000  3.685137e+01 
 2306.000  3.689028e+01 
 2307.000  3.701255e+01 
 2308.000  3.700676e+01 
 2309.000  3.677178e+01 
 2310.000  3.654426e+01 
 2311.000  3.665892e+01 
 2312.000  3.648752e+01 
 2313.000  3.594453e+01 
 2314.000  3.573503e+01 
 2315.000  3.426740e+01 
 2316.000  3.476915e+01 
 2317.000  3.443115e+01 
 2318.000  3.525745e+01 
 2319.000  3.511617e+01 
 2320.000  3.439698e+01 
 2321.000  3.467049e+01 
 2322.000  3.464354e+01 
 2323.000  3.317570e+01 
 2324.000  3.409699e+01 
 2325.000  3.437547e+01 
 2326.000  3.414592e+01 
 2327.000  3.479443e+01 
 2328.000  3.502761e+01 
 2329.000  3.469719e+01 
 2330.000  3.463755e+01 
 2331.000  3.448277e+01 
 2332.000  3.409183e+01 
 2333.000  3.406826e+01 
 2334.000  3.327298e+01 
 2335.000  3.280042e+01 
 2336.000  3.303407e+01 
 2337.000  3.239361e+01 
 2338.000  3.222631e+01 
 2339.000  3.139246e+01 
 2340.000  3.168477e+01 
 2341.000  3.172307e+01 
 2342.000  3.131616e+01 
 2343.000  3.116839e+01 
 2344.000  3.107768e+01 
 2345.000  3.078330e+01 
 2346.000  3.085687e+01 
 2347.000  3.067900e+01 
 2348.000  3.065959e+01 
 2349.000  3.080642e+01 
 2350.000  3.061123e+01 
 2351.000  3.090100e+01 
 2352.000  3.042094e+01 
 2353.000  2.968989e+01 
 2354.000  3.046199e+01 
 2355.000  3.080945e+01 
 2356.000  3.132850e+01 
 2357.000  3.107503e+01 
 2358.000  3.108655e+01 
 2359.000  3.172115e+01 
 2360.000  3.174859e+01 
 2361.000  3.151591e+01 
 2362.000  3.103963e+01 
 2363.000  3.099605e+01 
 2364.000  3.108270e+01 
 2365.000  3.013913e+01 
 2366.000  3.020131e+01 
 2367.000  2.911583e+01 
 2368.000  2.896984e+01 
 2369.000  2.869262e+01 
 2370.000  2.802067e+01 
 2371.000  2.834567e+01 
 2372.000  2.835473e+01 
 2373.000  2.851308e+01 
 2374.000  2.712110e+01 
 2375.000  2.802779e+01 
 2376.000  2.868641e+01 
 2377.000  2.859414e+01 
 2378.000  2.850982e+01 
 2379.000  2.902198e+01 
 2380.000  2.892782e+01 
 2381.000  2.883635e+01 
 2382.000  2.890626e+01 
 2383.000  2.751955e+01 
 2384.000  2.752473e+01 
 2385.000  2.773771e+01 
 2386.000  2.794109e+01 
 2387.000  2.776970e+01 
 2388.000  2.851468e+01 
 2389.000  2.841192e+01 
 2390.000  2.887074e+01 
 2391.000  2.882067e+01 
 2392.000  2.874824e+01 
 2393.000  2.873473e+01 
 2394.000  2.910806e+01 
 2395.000  2.885095e+01 
 2396.000  2.891451e+01 
 2397.000  2.904980e+01 
 2398.000  2.885493e+01 
 2399.000  2.890635e+01 
 2400.000  2.863625e+01 
 2401.000  2.848007e+01 
 2402.000  2.862498e+01 
 2403.000  2.841561e+01 
 2404.000  2.784915e+01 
 2405.000  2.803290e+01 
 2406.000  2.762551e+01 
 2407.000  2.719608e+01 
 2408.000  2.724366e+01 
 2409.000  2.715600e+01 
 2410.000  2.655816e+01 
 2411.000  2.658307e+01 
 2412.000  2.654988e+01 
 2413.000  2.603736e+01 
 2414.000  2.513101e+01 
 2415.000  2.508506e+01 
 2416.000  2.434307e+01 
 2417.000  2.544154e+01 
 2418.000  2.566305e+01 
 2419.000  2.675630e+01 
 2420.000  2.647002e+01 
 2421.000  2.663179e+01 
 2422.000  2.726979e+01 
 2423.000  2.707797e+01 
 2424.000  2.715846e+01 
 2425.000  2.719837e+01 
 2426.000  2.754166e+01 
 2427.000  2.725041e+01 
 2428.000  2.725635e+01 
 2429.000  2.744026e+01 
 2430.000  2.727588e+01 
 2431.000  2.682586e+01 
 2432.000  2.699198e+01 
 2433.000  2.691113e+01 
 2434.000  2.591815e+01 
 2435.000  2.563395e+01 
 2436.000  2.635089e+01 
 2437.000  2.618101e+01 
 2438.000  2.555248e+01 
 2439.000  2.621626e+01 
 2440.000  2.555931e+01 
 2441.000  2.526229e+01 
 2442.000  2.541790e+01 
 2443.000  2.424986e+01 
 2444.000  2.412892e+01 
 2445.000  2.334614e+01 
 2446.000  2.267217e+01 
 2447.000  2.272402e+01 
 2448.000  2.235639e+01 
 2449.000  2.235664e+01 
 2450.000  2.251304e+01 
 2451.000  2.256174e+01 
 2452.000  2.255110e+01 
 2453.000  2.290236e+01 
 2454.000  2.400264e+01 
 2455.000  2.375533e+01 
 2456.000  2.371374e+01 
 2457.000  2.287086e+01 
 2458.000  2.427933e+01 
 2459.000  2.444685e+01 
 2460.000  2.429621e+01 
 2461.000  2.371576e+01 
 2462.000  2.377750e+01 
 2463.000  2.359612e+01 
 2464.000  2.304753e+01 
 2465.000  2.286636e+01 
 2466.000  2.268767e+01 
 2467.000  2.170281e+01 
 2468.000  2.170071e+01 
 2469.000  2.152269e+01 
 2470.000  1.922741e+01 
 2471.000  2.004776e+01 
 2472.000  1.996770e+01 
 2473.000  1.935723e+01 
 2474.000  1.901215e+01 
 2475.000  1.933681e+01 
 2476.000  1.769796e+01 
 2477.000  1.795698e+01 
 2478.000  1.786967e+01 
 2479.000  1.567753e+01 
 2480.000  1.590464e+01 
 2481.000  1.558799e+01 
 2482.000  1.429423e+01 
 2483.000  1.389641e+01 
 2484.000  1.454573e+01 
 2485.000  1.324091e+01 
 2486.000  1.315992e+01 
 2487.000  1.238280e+01 
 2488.000  1.276953e+01 
 2489.000  1.275951e+01 
 2490.000  1.282493e+01 
 2491.000  1.288912e+01 
 2492.000  1.294061e+01 
 2493.000  1.273449e+01 
 2494.000  1.323706e+01 
 2495.000  1.309090e+01 
 2496.000  1.300734e+01 
 2497.000  1.360741e+01 
 2498.000  1.351334e+01 
 2499.000  1.357555e+01 
 2500.000  1.327988e+01 
 2501.000  1.260098e+01 
 2502.000  1.267387e+01 
 2503.000  1.253958e+01 
 2504.000  1.180146e+01 
 2505.000  1.193251e+01 
 2506.000  1.159911e+01 
 2507.000  9.910899e+00 
 2508.000  9.769113e+00 
 2509.000  9.729060e+00 
 2510.000  8.483197e+00 
 2511.000  8.532665e+00 
 2512.000  8.177081e+00 
 2513.000  6.763120e+00 
 2514.000  6.748373e+00 
 2515.000  6.713110e+00 
 2516.000  6.180017e+00 
 2517.000  6.125527e+00 
 2518.000  6.027621e+00 
 2519.000  4.674069e+00 
 2520.000  4.664551e+00 
 2521.000  4.670444e+00 
 2522.000  4.655919e+00 
 2523.000  3.724492e+00 
 2524.000  3.709407e+00 
 2525.000  3.439893e+00 
 2526.000  2.371064e+00 
 2527.000  2.354448e+00 
 2528.000  2.362043e+00 
 2529.000  1.732725e+00 
 2530.000  1.733650e+00 
 2531.000  1.736662e+00 
 2532.000  1.019745e+00 
 2533.000  1.009263e+00 
 2534.000  1.015991e+00 
 2535.000  8.024310e-01 
 2536.000  8.059627e-01 
 2537.000  7.971864e-01 
 2538.000  6.947602e-01 
 2539.000  3.827634e-01 
 2540.000  3.830996e-01 
 2541.000  3.844559e-01 
 2542.000  2.662688e-01 
 2543.000  2.766051e-01 
 2544.000  2.141632e-01 
 2545.000  1.550402e-01 
 2546.000  1.552129e-01 
 2547.000  1.510592e-01 
 2548.000  1.524628e-01 
 2549.000  1.548234e-01 
 2550.000  1.536315e-01 
 2551.000  1.163366e-01 
 2552.000  8.927209e-02 
 2553.000  8.813274e-02 
 2554.000  8.972424e-02 
 2555.000  7.795117e-02 
 2556.000  7.716376e-02 
 2557.000  5.554752e-02 
 2558.000  1.660792e-02 
 2559.000  1.664069e-02 
 2560.000  1.635909e-02 
 2561.000  5.203340e-03 
 2562.000  5.205417e-03 
 2563.000  5.228537e-03 
 2564.000  3.622899e-03 
 2565.000  7.486577e-04 
 2566.000  7.556065e-04 
 2567.000  7.385266e-04 
 2568.000  2.770294e-04 
 2569.000  2.748416e-04 
 2570.000  2.748429e-04 
 2571.000  6.622886e-05 
 2572.000  6.677103e-05 
 2573.000  6.666031e-05 
 2574.000  6.641771e-05 
 2575.000  4.029010e-05 
 2576.000  4.073672e-05 
 2577.000  2.187560e-05 
 2578.000  6.877423e-06 
 2579.000  6.957325e-06 
 2580.000  6.936981e-06 
 2581.000  2.085932e-06 
 2582.000  2.061083e-06 
 2583.000  2.060850e-06 
 2584.000  4.287978e-07 
 2585.000  4.254869e-07 
 2586.000  4.100479e-07 
 2587.000  4.401679e-07 
 2588.000  3.330938e-07 
 2589.000  3.336153e-07 
 2590.000  3.328889e-07 
 2591.000  1.219896e-10 
 2592.000  1.223856e-10 
 2593.000  1.201826e-10 
 2594.000  1.225075e-10 
 2595.000  1.338346e-10 
 2596.000  1.344827e-10 
 2597.000  1.092492e-10 
 2598.000  6.943901e-11 
 2599.000  6.960137e-11 
 2600.000  6.858093e-11 
 2601.000  5.039573e-12 
 2602.000  5.049310e-12 
 2603.000  5.056880e-12 
 2604.000  4.115845e-12 
 2605.000  0.000000e+00 
 2606.000  0.000000e+00 
 2607.000  0.000000e+00 
 2608.000  0.000000e+00 
 2609.000  0.000000e+00 
 2610.000  0.000000e+00 
 2611.000  0.000000e+00 
 2612.000  0.000000e+00 
 2613.000  0.000000e+00 
 2614.000  0.000000e+00 
 2615.000  4.683076e-12 
 2616.000  4.664066e-12 
 2617.000  4.683319e-12 
 2618.000  4.751106e-11 
 2619.000  4.735426e-11 
 2620.000  4.776313e-11 
 2621.000  4.763949e-11 
 2622.000  1.953665e-07 
 2623.000  1.871758e-07 
 2624.000  2.575599e-07 
 2625.000  1.408903e-06 
 2626.000  1.296638e-06 
 2627.000  1.439982e-06 
 2628.000  1.487947e-06 
 2629.000  1.016147e-05 
 2630.000  1.023715e-05 
 2631.000  1.324143e-05 
 2632.000  8.000019e-05 
 2633.000  8.008706e-05 
 2634.000  7.973271e-05 
 2635.000  8.017816e-05 
 2636.000  2.942060e-04 
 2637.000  2.941035e-04 
 2638.000  3.137540e-04 
 2639.000  3.525125e-04 
 2640.000  3.293064e-04 
 2641.000  3.541067e-04 
 2642.000  3.462370e-04 
 2643.000  3.113226e-04 
 2644.000  3.122979e-04 
 2645.000  2.747887e-04 
 2646.000  1.396903e-04 
 2647.000  1.394785e-04 
 2648.000  1.385904e-04 
 2649.000  1.406511e-04 
 2650.000  3.114276e-05 
 2651.000  3.132161e-05 
 2652.000  2.450700e-05 
 2653.000  4.110675e-06 
 2654.000  4.072613e-06 
 2655.000  3.880382e-06 
 2656.000  4.064033e-06 
 2657.000  3.188930e-07 
 2658.000  3.189822e-07 
 2659.000  2.914660e-07 
 2660.000  0.000000e+00 
 2661.000  0.000000e+00 
 2662.000  0.000000e+00 
 2663.000  0.000000e+00 
 2664.000  0.000000e+00 
 2665.000  0.000000e+00 
 2666.000  0.000000e+00 
 2667.000  0.000000e+00 
 2668.000  0.000000e+00 
 2669.000  0.000000e+00 
 2670.000  0.000000e+00 
 2671.000  0.000000e+00 
 2672.000  0.000000e+00 
 2673.000  0.000000e+00 
 2674.000  0.000000e+00 
 2675.000  0.000000e+00 
 2676.000  0.000000e+00 
 2677.000  0.000000e+00 
 2678.000  0.000000e+00 
 2679.000  0.000000e+00 
 2680.000  0.000000e+00 
 2681.000  0.000000e+00 
 2682.000  0.000000e+00 
 2683.000  0.000000e+00 
 2684.000  0.000000e+00 
 2685.000  0.000000e+00 
 2686.000  0.000000e+00 
 2687.000  0.000000e+00 
 2688.000  0.000000e+00 
 2689.000  0.000000e+00 
 2690.000  0.000000e+00 
 2691.000  0.000000e+00 
 2692.000  0.000000e+00 
 2693.000  0.000000e+00 
 2694.000  0.000000e+00 
 2695.000  0.000000e+00 
 2696.000  0.000000e+00 
 2697.000  0.000000e+00 
 2698.000  0.000000e+00 
 2699.000  0.000000e+00 
 2700.000  0.000000e+00 
 2701.000  0.000000e+00 
 2702.000  0.000000e+00 
 2703.000  0.000000e+00 
 2704.000  0.000000e+00 
 2705.000  0.000000e+00 
 2706.000  0.000000e+00 
 2707.000  0.000000e+00 
 2708.000  0.000000e+00 
 2709.000  0.000000e+00 
 2710.000  0.000000e+00 
 2711.000  0.000000e+00 
 2712.000  0.000000e+00 
 2713.000  0.000000e+00 
 2714.000  5.364856e-10 
 2715.000  5.361314e-10 
 2716.000  5.351791e-10 
 2717.000  5.537443e-10 
 2718.000  4.173806e-09 
 2719.000  4.205271e-09 
 2720.000  4.220555e-09 
 2721.000  4.201641e-09 
 2722.000  2.250242e-06 
 2723.000  2.267980e-06 
 2724.000  2.266197e-06 
 2725.000  8.898200e-06 
 2726.000  8.913666e-06 
 2727.000  8.839766e-06 
 2728.000  8.970213e-06 
 2729.000  1.160069e-05 
 2730.000  1.158960e-05 
 2731.000  1.161225e-05 
 2732.000  1.281276e-05 
 2733.000  9.175973e-06 
 2734.000  9.160781e-06 
 2735.000  9.219206e-06 
 2736.000  4.352173e-06 
 2737.000  4.358027e-06 
 2738.000  4.364938e-06 
 2739.000  4.614300e-06 
 2740.000  2.305141e-06 
 2741.000  2.303897e-06 
 2742.000  2.314086e-06 
 2743.000  2.306793e-06 
 2744.000  8.400917e-07 
 2745.000  8.414298e-07 
 2746.000  8.417589e-07 
 2747.000  1.165759e-06 
 2748.000  0.000000e+00 
 2749.000  0.000000e+00 
 2750.000  0.000000e+00 
 2751.000  0.000000e+00 
 2752.000  0.000000e+00 
 2753.000  0.000000e+00 
 2754.000  0.000000e+00 
 2755.000  0.000000e+00 
 2756.000  0.000000e+00 
 2757.000  0.000000e+00 
 2758.000  0.000000e+00 
 2759.000  0.000000e+00 
 2760.000  0.000000e+00 
 2761.000  0.000000e+00 
 2762.000  0.000000e+00 
 2763.000  0.000000e+00 
 2764.000  0.000000e+00 
 2765.000  0.000000e+00 
 2766.000  0.000000e+00 
 2767.000  0.000000e+00 
 2768.000  0.000000e+00 
 2769.000  0.000000e+00 
 2770.000  0.000000e+00 
 2771.000  0.000000e+00 
 2772.000  0.000000e+00 
 2773.000  0.000000e+00 
 2774.000  0.000000e+00 
 2775.000  0.000000e+00 
 2776.000  0.000000e+00 
 2777.000  0.000000e+00 
 2778.000  0.000000e+00 
 2779.000  0.000000e+00 
 2780.000  0.000000e+00 
 2781.000  0.000000e+00 
 2782.000  8.130635e-07 
 2783.000  8.180547e-07 
 2784.000  8.243483e-07 
 2785.000  1.024704e-06 
 2786.000  5.163518e-05 
 2787.000  5.154846e-05 
 2788.000  5.172965e-05 
 2789.000  5.170591e-05 
 2790.000  2.359402e-04 
 2791.000  2.355340e-04 
 2792.000  2.351733e-04 
 2793.000  2.987169e-04 
 2794.000  9.271535e-04 
 2795.000  9.270534e-04 
 2796.000  9.260657e-04 
 2797.000  9.260264e-04 
 2798.000  1.932641e-03 
 2799.000  1.929775e-03 
 2800.000  1.931816e-03 
 2801.000  2.277479e-03 
 2802.000  4.450586e-03 
 2803.000  4.433751e-03 
 2804.000  4.404865e-03 
 2805.000  4.434569e-03 
 2806.000  8.657965e-03 
 2807.000  8.610680e-03 
 2808.000  8.632964e-03 
 2809.000  2.408144e-02 
 2810.000  2.408992e-02 
 2811.000  2.403104e-02 
 2812.000  2.402220e-02 
 2813.000  5.080895e-02 
 2814.000  5.073928e-02 
 2815.000  5.075545e-02 
 2816.000  5.043527e-02 
 2817.000  1.219464e-01 
 2818.000  1.218144e-01 
 2819.000  1.215005e-01 
 2820.000  1.212129e-01 
 2821.000  2.058621e-01 
 2822.000  2.052977e-01 
 2823.000  2.049965e-01 
 2824.000  2.041018e-01 
 2825.000  3.367076e-01 
 2826.000  3.369090e-01 
 2827.000  3.359023e-01 
 2828.000  3.349229e-01 
 2829.000  3.972784e-01 
 2830.000  3.971761e-01 
 2831.000  3.959139e-01 
 2832.000  3.965893e-01 
 2833.000  5.074688e-01 
 2834.000  5.077476e-01 
 2835.000  5.071337e-01 
 2836.000  5.060828e-01 
 2837.000  5.501412e-01 
 2838.000  5.487186e-01 
 2839.000  5.493268e-01 
 2840.000  5.458952e-01 
 2841.000  6.682064e-01 
 2842.000  6.799285e-01 
 2843.000  6.766168e-01 
 2844.000  6.765075e-01 
 2845.000  7.266642e-01 
 2846.000  7.258096e-01 
 2847.000  7.244200e-01 
 2848.000  7.242669e-01 
 2849.000  7.596092e-01 
 2850.000  9.540972e-01 
 2851.000  9.535102e-01 
 2852.000  9.530123e-01 
 2853.000  9.573865e-01 
 2854.000  1.173825e+00 
 2855.000  1.178595e+00 
 2856.000  1.177665e+00 
 2857.000  1.217320e+00 
 2858.000  1.569942e+00 
 2859.000  1.563763e+00 
 2860.000  1.552536e+00 
 2861.000  1.562684e+00 
 2862.000  1.997347e+00 
 2863.000  1.994293e+00 
 2864.000  1.993298e+00 
 2865.000  2.061087e+00 
 2866.000  2.455971e+00 
 2867.000  2.445036e+00 
 2868.000  2.422985e+00 
 2869.000  2.433523e+00 
 2870.000  2.823846e+00 
 2871.000  2.835932e+00 
 2872.000  2.803738e+00 
 2873.000  2.848750e+00 
 2874.000  3.308783e+00 
 2875.000  3.326744e+00 
 2876.000  3.341893e+00 
 2877.000  3.345540e+00 
 2878.000  3.829294e+00 
 2879.000  3.827732e+00 
 2880.000  3.818777e+00 
 2881.000  3.820336e+00 
 2882.000  4.513412e+00 
 2883.000  4.517163e+00 
 2884.000  4.512067e+00 
 2885.000  4.499171e+00 
 2886.000  4.485543e+00 
 2887.000  4.764562e+00 
 2888.000  4.758477e+00 
 2889.000  4.732203e+00 
 2890.000  4.830512e+00 
 2891.000  5.176385e+00 
 2892.000  5.171777e+00 
 2893.000  5.162614e+00 
 2894.000  5.141696e+00 
 2895.000  5.240533e+00 
 2896.000  5.230775e+00 
 2897.000  5.231621e+00 
 2898.000  5.265803e+00 
 2899.000  5.232654e+00 
 2900.000  5.246490e+00 
 2901.000  5.230644e+00 
 2902.000  5.233413e+00 
 2903.000  5.653464e+00 
 2904.000  5.643393e+00 
 2905.000  5.643725e+00 
 2906.000  5.560236e+00 
 2907.000  6.031076e+00 
 2908.000  6.022962e+00 
 2909.000  6.019642e+00 
 2910.000  6.009995e+00 
 2911.000  6.002093e+00 
 2912.000  6.380069e+00 
 2913.000  6.360278e+00 
 2914.000  6.348293e+00 
 2915.000  6.385756e+00 
 2916.000  7.030853e+00 
 2917.000  7.086732e+00 
 2918.000  7.075461e+00 
 2919.000  7.067430e+00 
 2920.000  1.518633e+01 
 2921.000  1.517537e+01 
 2922.000  1.513122e+01 
 2923.000  1.500259e+01 
 2924.000  8.460222e+00 
 2925.000  8.550228e+00 
 2926.000  8.411108e+00 
 2927.000  8.535831e+00 
 2928.000  8.533651e+00 
 2929.000  8.699543e+00 
 2930.000  8.837971e+00 
 2931.000  8.828167e+00 
 2932.000  8.901243e+00 
 2933.000  8.821465e+00 
 2934.000  8.834856e+00 
 2935.000  8.794267e+00 
 2936.000  8.799603e+00 
 2937.000  8.472828e+00 
 2938.000  8.475408e+00 
 2939.000  8.423470e+00 
 2940.000  8.446747e+00 
 2941.000  8.464600e+00 
 2942.000  8.131435e+00 
 2943.000  8.017509e+00 
 2944.000  8.076351e+00 
 2945.000  8.081062e+00 
 2946.000  8.134111e+00 
 2947.000  7.977610e+00 
 2948.000  8.104124e+00 
 2949.000  8.141702e+00 
 2950.000  8.293199e+00 
 2951.000  8.272833e+00 
 2952.000  8.220629e+00 
 2953.000  8.270040e+00 
 2954.000  8.247994e+00 
 2955.000  8.312985e+00 
 2956.000  8.331327e+00 
 2957.000  8.319591e+00 
 2958.000  8.344306e+00 
 2959.000  8.079318e+00 
 2960.000  8.039870e+00 
 2961.000  8.018667e+00 
 2962.000  8.045522e+00 
 2963.000  7.241089e+00 
 2964.000  7.226116e+00 
 2965.000  7.227311e+00 
 2966.000  7.211188e+00 
 2967.000  7.221441e+00 
 2968.000  6.589299e+00 
 2969.000  6.569812e+00 
 2970.000  6.560437e+00 
 2971.000  6.546959e+00 
 2972.000  6.797024e+00 
 2973.000  6.793795e+00 
 2974.000  6.789674e+00 
 2975.000  6.778214e+00 
 2976.000  6.779974e+00 
 2977.000  7.586227e+00 
 2978.000  7.560847e+00 
 2979.000  7.497756e+00 
 2980.000  7.553873e+00 
 2981.000  8.675366e+00 
 2982.000  8.645176e+00 
 2983.000  8.654763e+00 
 2984.000  8.642584e+00 
 2985.000  8.647006e+00 
 2986.000  9.556568e+00 
 2987.000  9.541130e+00 
 2988.000  9.463414e+00 
 2989.000  9.512872e+00 
 2990.000  9.573640e+00 
 2991.000  9.604726e+00 
 2992.000  9.594348e+00 
 2993.000  9.579764e+00 
 2994.000  9.563035e+00 
 2995.000  9.544434e+00 
 2996.000  9.527928e+00 
 2997.000  9.352706e+00 
 2998.000  9.478138e+00 
 2999.000  9.276792e+00 
 3000.000  9.125277e+00 
 3001.000  9.267529e+00 
 3002.000  9.264144e+00 
 3003.000  9.266897e+00 
 3004.000  8.691987e+00 
 3005.000  8.694664e+00 
 3006.000  8.677974e+00 
 3007.000  8.676708e+00 
 3008.000  8.564194e+00 
 3009.000  8.579656e+00 
 3010.000  8.564433e+00 
 3011.000  8.581507e+00 
 3012.000  8.570851e+00 
 3013.000  8.343162e+00 
 3014.000  8.322776e+00 
 3015.000  8.282835e+00 
 3016.000  8.309893e+00 
 3017.000  7.957601e+00 
 3018.000  7.984095e+00 
 3019.000  7.980731e+00 
 3020.000  7.887632e+00 
 3021.000  7.932162e+00 
 3022.000  7.960474e+00 
 3023.000  7.938692e+00 
 3024.000  7.921199e+00 
 3025.000  7.904326e+00 
 3026.000  7.643117e+00 
 3027.000  7.616136e+00 
 3028.000  7.579038e+00 
 3029.000  7.608629e+00 
 3030.000  7.584128e+00 
 3031.000  7.157872e+00 
 3032.000  7.145387e+00 
 3033.000  7.008868e+00 
 3034.000  7.106396e+00 
 3035.000  6.660545e+00 
 3036.000  6.631025e+00 
 3037.000  6.587518e+00 
 3038.000  6.518322e+00 
 3039.000  6.391443e+00 
 3040.000  6.033815e+00 
 3041.000  6.193432e+00 
 3042.000  6.226776e+00 
 3043.000  6.247498e+00 
 3044.000  6.252386e+00 
 3045.000  5.954413e+00 
 3046.000  5.963541e+00 
 3047.000  5.975687e+00 
 3048.000  5.956906e+00 
 3049.000  5.952357e+00 
 3050.000  5.955177e+00 
 3051.000  5.947998e+00 
 3052.000  5.940477e+00 
 3053.000  5.929748e+00 
 3054.000  6.252068e+00 
 3055.000  6.183982e+00 
 3056.000  6.247249e+00 
 3057.000  6.230941e+00 
 3058.000  6.180627e+00 
 3059.000  6.530771e+00 
 3060.000  6.550545e+00 
 3061.000  6.549764e+00 
 3062.000  6.540619e+00 
 3063.000  6.797722e+00 
 3064.000  6.702785e+00 
 3065.000  6.718369e+00 
 3066.000  6.774055e+00 
 3067.000  6.729600e+00 
 3068.000  6.797932e+00 
 3069.000  6.897830e+00 
 3070.000  6.894476e+00 
 3071.000  6.874981e+00 
 3072.000  6.879264e+00 
 3073.000  6.896698e+00 
 3074.000  6.871286e+00 
 3075.000  6.886990e+00 
 3076.000  6.858305e+00 
 3077.000  6.402248e+00 
 3078.000  6.403413e+00 
 3079.000  6.388016e+00 
 3080.000  6.373333e+00 
 3081.000  6.340964e+00 
 3082.000  6.137308e+00 
 3083.000  6.125833e+00 
 3084.000  6.151992e+00 
 3085.000  6.143556e+00 
 3086.000  6.101860e+00 
 3087.000  5.826350e+00 
 3088.000  5.856704e+00 
 3089.000  5.852900e+00 
 3090.000  5.851099e+00 
 3091.000  5.788502e+00 
 3092.000  5.457474e+00 
 3093.000  5.454755e+00 
 3094.000  5.444630e+00 
 3095.000  5.432800e+00 
 3096.000  5.475598e+00 
 3097.000  5.455073e+00 
 3098.000  5.348538e+00 
 3099.000  5.434030e+00 
 3100.000  5.452783e+00 
 3101.000  5.540772e+00 
 3102.000  5.533497e+00 
 3103.000  5.532626e+00 
 3104.000  5.524279e+00 
 3105.000  5.509425e+00 
 3106.000  5.842826e+00 
 3107.000  5.817333e+00 
 3108.000  5.840601e+00 
 3109.000  5.829565e+00 
 3110.000  5.822918e+00 
 3111.000  6.396980e+00 
 3112.000  6.382497e+00 
 3113.000  6.343047e+00 
 3114.000  6.347463e+00 
 3115.000  6.130385e+00 
 3116.000  6.903311e+00 
 3117.000  7.188386e+00 
 3118.000  7.217472e+00 
 3119.000  7.187580e+00 
 3120.000  7.194939e+00 
 3121.000  7.527720e+00 
 3122.000  7.546710e+00 
 3123.000  7.559298e+00 
 3124.000  7.552085e+00 
 3125.000  7.524300e+00 
 3126.000  7.843253e+00 
 3127.000  7.802909e+00 
 3128.000  7.832876e+00 
 3129.000  7.759399e+00 
 3130.000  7.967592e+00 
 3131.000  7.919704e+00 
 3132.000  7.955936e+00 
 3133.000  7.937057e+00 
 3134.000  7.959454e+00 
 3135.000  7.667670e+00 
 3136.000  7.658295e+00 
 3137.000  7.654082e+00 
 3138.000  7.650192e+00 
 3139.000  7.623234e+00 
 3140.000  7.644877e+00 
 3141.000  7.662718e+00 
 3142.000  7.630195e+00 
 3143.000  7.643535e+00 
 3144.000  7.666382e+00 
 3145.000  8.087852e+00 
 3146.000  8.078083e+00 
 3147.000  8.011593e+00 
 3148.000  8.048361e+00 
 3149.000  8.049231e+00 
 3150.000  8.650963e+00 
 3151.000  8.623620e+00 
 3152.000  8.166075e+00 
 3153.000  8.616629e+00 
 3154.000  8.628758e+00 
 3155.000  9.349885e+00 
 3156.000  9.341125e+00 
 3157.000  9.314940e+00 
 3158.000  9.316347e+00 
 3159.000  9.302951e+00 
 3160.000  9.800565e+00 
 3161.000  9.777808e+00 
 3162.000  9.792871e+00 
 3163.000  9.765455e+00 
 3164.000  9.719646e+00 
 3165.000  9.744723e+00 
 3166.000  9.763640e+00 
 3167.000  9.726843e+00 
 3168.000  9.665904e+00 
 3169.000  9.708996e+00 
 3170.000  9.269800e+00 
 3171.000  9.484787e+00 
 3172.000  9.479679e+00 
 3173.000  9.477128e+00 
 3174.000  9.437766e+00 
 3175.000  8.982452e+00 
 3176.000  8.968065e+00 
 3177.000  8.961169e+00 
 3178.000  8.918907e+00 
 3179.000  8.911049e+00 
 3180.000  8.103385e+00 
 3181.000  7.968423e+00 
 3182.000  8.073795e+00 
 3183.000  8.063087e+00 
 3184.000  8.029067e+00 
 3185.000  6.885058e+00 
 3186.000  6.874592e+00 
 3187.000  6.856152e+00 
 3188.000  6.843309e+00 
 3189.000  6.850423e+00 
 3190.000  5.450363e+00 
 3191.000  5.443569e+00 
 3192.000  5.436896e+00 
 3193.000  5.427148e+00 
 3194.000  5.407947e+00 
 3195.000  4.068224e+00 
 3196.000  4.045644e+00 
 3197.000  4.057805e+00 
 3198.000  4.050167e+00 
 3199.000  4.049924e+00 
 3200.000  3.308589e+00 
 3201.000  3.225464e+00 
 3202.000  3.298618e+00 
 3203.000  3.301186e+00 
 3204.000  3.284976e+00 
 3205.000  3.283038e+00 
 3206.000  2.956974e+00 
 3207.000  2.952960e+00 
 3208.000  2.949572e+00 
 3209.000  2.946170e+00 
 3210.000  2.939165e+00 
 3211.000  2.958153e+00 
 3212.000  2.953295e+00 
 3213.000  2.951684e+00 
 3214.000  2.947481e+00 
 3215.000  2.880727e+00 
 3216.000  3.311035e+00 
 3217.000  3.307856e+00 
 3218.000  3.308503e+00 
 3219.000  3.300718e+00 
 3220.000  3.298854e+00 
 3221.000  3.727201e+00 
 3222.000  3.727458e+00 
 3223.000  3.712172e+00 
 3224.000  3.692109e+00 
 3225.000  3.711586e+00 
 3226.000  4.157109e+00 
 3227.000  4.165846e+00 
 3228.000  4.156020e+00 
 3229.000  4.144714e+00 
 3230.000  4.143034e+00 
 3231.000  4.142421e+00 
 3232.000  4.758685e+00 
 3233.000  4.751524e+00 
 3234.000  4.682154e+00 
 3235.000  4.747948e+00 
 3236.000  4.744706e+00 
 3237.000  5.047457e+00 
 3238.000  5.041222e+00 
 3239.000  5.026861e+00 
 3240.000  5.023897e+00 
 3241.000  5.011451e+00 
 3242.000  5.031854e+00 
 3243.000  4.964911e+00 
 3244.000  5.028176e+00 
 3245.000  5.015524e+00 
 3246.000  5.051644e+00 
 3247.000  5.186721e+00 
 3248.000  5.178403e+00 
 3249.000  5.167813e+00 
 3250.000  5.166217e+00 
 3251.000  5.161529e+00 
 3252.000  5.152568e+00 
 3253.000  4.978780e+00 
 3254.000  4.941700e+00 
 3255.000  4.945735e+00 
 3256.000  4.959739e+00 
 3257.000  4.971768e+00 
 3258.000  4.772862e+00 
 3259.000  4.778343e+00 
 3260.000  4.728180e+00 
 3261.000  4.767256e+00 
 3262.000  4.744242e+00 
 3263.000  5.022741e+00 
 3264.000  5.030251e+00 
 3265.000  5.029745e+00 
 3266.000  4.986109e+00 
 3267.000  5.031348e+00 
 3268.000  5.487360e+00 
 3269.000  5.460157e+00 
 3270.000  5.471488e+00 
 3271.000  5.456498e+00 
 3272.000  5.458796e+00 
 3273.000  5.442290e+00 
 3274.000  5.927736e+00 
 3275.000  5.918305e+00 
 3276.000  5.827387e+00 
 3277.000  5.899593e+00 
 3278.000  5.904632e+00 
 3279.000  6.338201e+00 
 3280.000  6.317780e+00 
 3281.000  6.235163e+00 
 3282.000  6.298712e+00 
 3283.000  6.289785e+00 
 3284.000  6.303046e+00 
 3285.000  6.213711e+00 
 3286.000  6.277126e+00 
 3287.000  6.272109e+00 
 3288.000  6.262247e+00 
 3289.000  6.268453e+00 
 3290.000  5.812798e+00 
 3291.000  5.742455e+00 
 3292.000  5.793041e+00 
 3293.000  5.775905e+00 
 3294.000  5.757996e+00 
 3295.000  5.158964e+00 
 3296.000  5.077627e+00 
 3297.000  4.953307e+00 
 3298.000  5.025649e+00 
 3299.000  5.143797e+00 
 3300.000  5.186223e+00 
 3301.000  4.535490e+00 
 3302.000  4.570447e+00 
 3303.000  4.567440e+00 
 3304.000  4.566598e+00 
 3305.000  4.561842e+00 
 3306.000  3.808207e+00 
 3307.000  3.818240e+00 
 3308.000  3.810994e+00 
 3309.000  3.810203e+00 
 3310.000  3.803708e+00 
 3311.000  3.765790e+00 
 3312.000  3.401616e+00 
 3313.000  3.386728e+00 
 3314.000  3.400677e+00 
 3315.000  3.393854e+00 
 3316.000  3.365564e+00 
 3317.000  3.853385e+00 
 3318.000  3.813162e+00 
 3319.000  3.828342e+00 
 3320.000  3.475893e+00 
 3321.000  3.817378e+00 
 3322.000  3.839003e+00 
 3323.000  4.703475e+00 
 3324.000  4.712347e+00 
 3325.000  4.672872e+00 
 3326.000  4.679645e+00 
 3327.000  4.687715e+00 
 3328.000  5.569090e+00 
 3329.000  5.568478e+00 
 3330.000  5.564528e+00 
 3331.000  5.524312e+00 
 3332.000  5.517294e+00 
 3333.000  5.553104e+00 
 3334.000  6.022473e+00 
 3335.000  6.004296e+00 
 3336.000  6.004555e+00 
 3337.000  5.978108e+00 
 3338.000  5.979618e+00 
 3339.000  6.114149e+00 
 3340.000  6.056721e+00 
 3341.000  6.015577e+00 
 3342.000  6.096056e+00 
 3343.000  6.083170e+00 
 3344.000  6.094407e+00 
 3345.000  6.135007e+00 
 3346.000  6.116938e+00 
 3347.000  6.124727e+00 
 3348.000  6.121353e+00 
 3349.000  6.111594e+00 
 3350.000  6.021355e+00 
 3351.000  6.030295e+00 
 3352.000  6.035809e+00 
 3353.000  5.938033e+00 
 3354.000  6.018379e+00 
 3355.000  6.013738e+00 
 3356.000  6.168983e+00 
 3357.000  6.153898e+00 
 3358.000  6.126856e+00 
 3359.000  6.149930e+00 
 3360.000  6.141142e+00 
 3361.000  6.127424e+00 
 3362.000  6.283770e+00 
 3363.000  6.283112e+00 
 3364.000  6.281924e+00 
 3365.000  6.247089e+00 
 3366.000  6.189114e+00 
 3367.000  6.233178e+00 
 3368.000  6.463819e+00 
 3369.000  6.418229e+00 
 3370.000  6.300383e+00 
 3371.000  6.434474e+00 
 3372.000  6.445206e+00 
 3373.000  6.635901e+00 
 3374.000  6.592450e+00 
 3375.000  6.644982e+00 
 3376.000  6.641315e+00 
 3377.000  6.614740e+00 
 3378.000  6.596168e+00 
 3379.000  6.794664e+00 
 3380.000  6.805195e+00 
 3381.000  6.778012e+00 
 3382.000  6.723754e+00 
 3383.000  6.730656e+00 
 3384.000  6.741349e+00 
 3385.000  6.901190e+00 
 3386.000  6.905822e+00 
 3387.000  6.896597e+00 
 3388.000  6.885318e+00 
 3389.000  6.873638e+00 
 3390.000  6.957840e+00 
 3391.000  6.949863e+00 
 3392.000  6.935460e+00 
 3393.000  6.926156e+00 
 3394.000  6.920364e+00 
 3395.000  6.906528e+00 
 3396.000  6.918025e+00 
 3397.000  6.693232e+00 
 3398.000  6.881255e+00 
 3399.000  6.772375e+00 
 3400.000  6.943162e+00 
 3401.000  6.584508e+00 
 3402.000  6.962145e+00 
 3403.000  6.960892e+00 
 3404.000  6.970524e+00 
 3405.000  6.957984e+00 
 3406.000  6.952649e+00 
 3407.000  6.905558e+00 
 3408.000  7.066844e+00 
 3409.000  6.951587e+00 
 3410.000  7.008667e+00 
 3411.000  7.042265e+00 
 3412.000  7.039005e+00 
 3413.000  7.164235e+00 
 3414.000  7.173868e+00 
 3415.000  7.064225e+00 
 3416.000  6.980682e+00 
 3417.000  7.145349e+00 
 3418.000  7.164543e+00 
 3419.000  7.264994e+00 
 3420.000  7.263045e+00 
 3421.000  7.249051e+00 
 3422.000  7.218553e+00 
 3423.000  7.235991e+00 
 3424.000  7.226757e+00 
 3425.000  7.340187e+00 
 3426.000  7.331326e+00 
 3427.000  7.141044e+00 
 3428.000  7.224480e+00 
 3429.000  7.284979e+00 
 3430.000  7.295874e+00 
 3431.000  7.286369e+00 
 3432.000  7.321885e+00 
 3433.000  7.298614e+00 
 3434.000  7.302803e+00 
 3435.000  7.276261e+00 
 3436.000  7.284416e+00 
 3437.000  7.303728e+00 
 3438.000  7.313504e+00 
 3439.000  7.306221e+00 
 3440.000  7.295569e+00 
 3441.000  7.290658e+00 
 3442.000  7.225894e+00 
 3443.000  7.346457e+00 
 3444.000  7.336450e+00 
 3445.000  7.315233e+00 
 3446.000  7.300080e+00 
 3447.000  7.310475e+00 
 3448.000  7.288102e+00 
 3449.000  7.352602e+00 
 3450.000  7.342051e+00 
 3451.000  7.345007e+00 
 3452.000  7.333259e+00 
 3453.000  7.325624e+00 
 3454.000  7.304357e+00 
 3455.000  7.379969e+00 
 3456.000  7.348431e+00 
 3457.000  7.359510e+00 
 3458.000  7.345446e+00 
 3459.000  7.351931e+00 
 3460.000  7.330984e+00 
 3461.000  7.366167e+00 
 3462.000  7.362082e+00 
 3463.000  7.356134e+00 
 3464.000  7.334650e+00 
 3465.000  7.334988e+00 
 3466.000  7.291984e+00 
 3467.000  7.298697e+00 
 3468.000  7.305670e+00 
 3469.000  7.298847e+00 
 3470.000  7.297131e+00 
 3471.000  7.233367e+00 
 3472.000  7.261316e+00 
 3473.000  7.212578e+00 
 3474.000  7.251487e+00 
 3475.000  7.239719e+00 
 3476.000  7.248833e+00 
 3477.000  7.170339e+00 
 3478.000  7.236894e+00 
 3479.000  7.263446e+00 
 3480.000  7.254225e+00 
 3481.000  7.230668e+00 
 3482.000  7.240870e+00 
 3483.000  7.229909e+00 
 3484.000  7.210152e+00 
 3485.000  7.272970e+00 
 3486.000  7.239954e+00 
 3487.000  7.258167e+00 
 3488.000  7.263309e+00 
 3489.000  7.254658e+00 
 3490.000  7.214863e+00 
 3491.000  7.343556e+00 
 3492.000  7.305795e+00 
 3493.000  7.326287e+00 
 3494.000  7.258523e+00 
 3495.000  7.309677e+00 
 3496.000  7.317132e+00 
 3497.000  7.402448e+00 
 3498.000  7.389332e+00 
 3499.000  7.384427e+00 
 3500.000  7.377819e+00 
 3501.000  7.301907e+00 
 3502.000  7.359772e+00 
 3503.000  7.408485e+00 
 3504.000  7.402132e+00 
 3505.000  7.393645e+00 
 3506.000  7.387587e+00 
 3507.000  7.377975e+00 
 3508.000  7.355490e+00 
 3509.000  7.349164e+00 
 3510.000  7.342648e+00 
 3511.000  7.336012e+00 
 3512.000  7.307136e+00 
 3513.000  7.315163e+00 
 3514.000  7.306665e+00 
 3515.000  7.217892e+00 
 3516.000  7.186669e+00 
 3517.000  7.196389e+00 
 3518.000  7.178675e+00 
 3519.000  7.180236e+00 
 3520.000  7.166674e+00 
 3521.000  7.171746e+00 
 3522.000  7.016259e+00 
 3523.000  7.001467e+00 
 3524.000  6.933228e+00 
 3525.000  7.007306e+00 
 3526.000  7.001243e+00 
 3527.000  6.981092e+00 
 3528.000  6.807278e+00 
 3529.000  6.798910e+00 
 3530.000  6.802205e+00 
 3531.000  6.758962e+00 
 3532.000  6.789957e+00 
 3533.000  6.783603e+00 
 3534.000  6.613921e+00 
 3535.000  6.589176e+00 
 3536.000  6.641857e+00 
 3537.000  6.633567e+00 
 3538.000  6.498538e+00 
 3539.000  6.576329e+00 
 3540.000  6.581095e+00 
 3541.000  6.590547e+00 
 3542.000  6.576050e+00 
 3543.000  6.571034e+00 
 3544.000  6.568298e+00 
 3545.000  6.551817e+00 
 3546.000  6.548185e+00 
 3547.000  6.563675e+00 
 3548.000  6.548156e+00 
 3549.000  6.548865e+00 
 3550.000  6.543171e+00 
 3551.000  6.533601e+00 
 3552.000  6.527349e+00 
 3553.000  6.552936e+00 
 3554.000  6.555506e+00 
 3555.000  6.507153e+00 
 3556.000  6.381388e+00 
 3557.000  6.535097e+00 
 3558.000  6.523569e+00 
 3559.000  6.527345e+00 
 3560.000  6.379191e+00 
 3561.000  6.499118e+00 
 3562.000  6.510942e+00 
 3563.000  6.501138e+00 
 3564.000  6.472720e+00 
 3565.000  6.489673e+00 
 3566.000  6.413744e+00 
 3567.000  6.409571e+00 
 3568.000  6.405011e+00 
 3569.000  6.389286e+00 
 3570.000  6.376274e+00 
 3571.000  6.232188e+00 
 3572.000  6.350438e+00 
 3573.000  6.350532e+00 
 3574.000  6.337791e+00 
 3575.000  6.333514e+00 
 3576.000  6.331554e+00 
 3577.000  6.313503e+00 
 3578.000  6.332603e+00 
 3579.000  6.325956e+00 
 3580.000  6.232609e+00 
 3581.000  6.297302e+00 
 3582.000  6.296259e+00 
 3583.000  6.302967e+00 
 3584.000  6.220696e+00 
 3585.000  6.322237e+00 
 3586.000  6.321384e+00 
 3587.000  6.313815e+00 
 3588.000  6.320954e+00 
 3589.000  6.309977e+00 
 3590.000  6.309166e+00 
 3591.000  6.420008e+00 
 3592.000  6.418259e+00 
 3593.000  6.393576e+00 
 3594.000  6.395788e+00 
 3595.000  6.402214e+00 
 3596.000  6.321980e+00 
 3597.000  6.325648e+00 
 3598.000  6.495647e+00 
 3599.000  6.459564e+00 
 3600.000  6.470715e+00 
 3601.000  6.449135e+00 
 3602.000  6.469872e+00 
 3603.000  6.454368e+00 
 3604.000  6.536232e+00 
 3605.000  6.520926e+00 
 3606.000  6.527130e+00 
 3607.000  6.507751e+00 
 3608.000  6.510560e+00 
 3609.000  6.497566e+00 
 3610.000  6.484198e+00 
 3611.000  6.598293e+00 
 3612.000  6.585073e+00 
 3613.000  6.579026e+00 
 3614.000  6.576729e+00 
 3615.000  6.569520e+00 
 3616.000  6.559737e+00 
 3617.000  6.636656e+00 
 3618.000  6.629410e+00 
 3619.000  6.621310e+00 
 3620.000  6.613822e+00 
 3621.000  6.604655e+00 
 3622.000  6.603249e+00 
 3623.000  6.593303e+00 
 3624.000  6.618725e+00 
 3625.000  6.613216e+00 
 3626.000  6.617551e+00 
 3627.000  6.611767e+00 
 3628.000  6.603560e+00 
 3629.000  6.580262e+00 
 3630.000  6.615825e+00 
 3631.000  6.646668e+00 
 3632.000  6.647386e+00 
 3633.000  6.637106e+00 
 3634.000  6.629883e+00 
 3635.000  6.627065e+00 
 3636.000  6.606949e+00 
 3637.000  6.623010e+00 
 3638.000  6.642979e+00 
 3639.000  6.639024e+00 
 3640.000  6.607334e+00 
 3641.000  6.626601e+00 
 3642.000  6.613072e+00 
 3643.000  6.598266e+00 
 3644.000  6.493812e+00 
 3645.000  6.526910e+00 
 3646.000  6.577093e+00 
 3647.000  6.558726e+00 
 3648.000  6.557765e+00 
 3649.000  6.533067e+00 
 3650.000  6.508141e+00 
 3651.000  6.494411e+00 
 3652.000  6.477366e+00 
 3653.000  6.340126e+00 
 3654.000  6.346385e+00 
 3655.000  6.447695e+00 
 3656.000  6.453342e+00 
 3657.000  6.333587e+00 
 3658.000  6.315248e+00 
 3659.000  6.224469e+00 
 3660.000  6.239443e+00 
 3661.000  6.315638e+00 
 3662.000  6.292515e+00 
 3663.000  6.287413e+00 
 3664.000  6.126200e+00 
 3665.000  6.121794e+00 
 3666.000  6.114144e+00 
 3667.000  6.108584e+00 
 3668.000  6.014340e+00 
 3669.000  6.091419e+00 
 3670.000  6.026456e+00 
 3671.000  5.907447e+00 
 3672.000  6.004717e+00 
 3673.000  5.999724e+00 
 3674.000  6.000890e+00 
 3675.000  5.992920e+00 
 3676.000  5.986875e+00 
 3677.000  5.928103e+00 
 3678.000  6.034723e+00 
 3679.000  5.832081e+00 
 3680.000  6.038957e+00 
 3681.000  6.035655e+00 
 3682.000  5.951346e+00 
 3683.000  5.783119e+00 
 3684.000  6.058532e+00 
 3685.000  6.131047e+00 
 3686.000  6.144593e+00 
 3687.000  6.116991e+00 
 3688.000  6.131291e+00 
 3689.000  6.102781e+00 
 3690.000  6.073414e+00 
 3691.000  6.227243e+00 
 3692.000  6.217380e+00 
 3693.000  6.235892e+00 
 3694.000  6.217438e+00 
 3695.000  6.185505e+00 
 3696.000  6.177885e+00 
 3697.000  6.197686e+00 
 3698.000  6.199832e+00 
 3699.000  6.005004e+00 
 3700.000  6.034678e+00 
 3701.000  6.087653e+00 
 3702.000  6.139904e+00 
 3703.000  6.260260e+00 
 3704.000  6.255448e+00 
 3705.000  6.125148e+00 
 3706.000  6.201630e+00 
 3707.000  6.158981e+00 
 3708.000  6.202202e+00 
 3709.000  6.073249e+00 
 3710.000  6.209661e+00 
 3711.000  6.140015e+00 
 3712.000  6.088155e+00 
 3713.000  6.167138e+00 
 3714.000  6.133722e+00 
 3715.000  6.090231e+00 
 3716.000  6.141548e+00 
 3717.000  6.154482e+00 
 3718.000  6.142213e+00 
 3719.000  6.119383e+00 
 3720.000  6.143852e+00 
 3721.000  6.083251e+00 
 3722.000  6.090315e+00 
 3723.000  6.121947e+00 
 3724.000  6.116144e+00 
 3725.000  6.055899e+00 
 3726.000  6.080268e+00 
 3727.000  6.057105e+00 
 3728.000  6.060776e+00 
 3729.000  6.030232e+00 
 3730.000  6.049039e+00 
 3731.000  6.033974e+00 
 3732.000  6.014931e+00 
 3733.000  6.022429e+00 
 3734.000  6.013885e+00 
 3735.000  5.941939e+00 
 3736.000  5.901254e+00 
 3737.000  5.945477e+00 
 3738.000  5.874156e+00 
 3739.000  5.741686e+00 
 3740.000  5.653822e+00 
 3741.000  5.603040e+00 
 3742.000  5.815509e+00 
 3743.000  5.884940e+00 
 3744.000  5.872463e+00 
 3745.000  5.691413e+00 
 3746.000  5.619845e+00 
 3747.000  5.737581e+00 
 3748.000  5.883988e+00 
 3749.000  5.865030e+00 
 3750.000  5.837308e+00 
 3751.000  5.828278e+00 
 3752.000  5.873457e+00 
 3753.000  5.689372e+00 
 3754.000  5.766242e+00 
 3755.000  5.798949e+00 
 3756.000  5.828499e+00 
 3757.000  5.812401e+00 
 3758.000  5.772558e+00 
 3759.000  5.785908e+00 
 3760.000  5.796435e+00 
 3761.000  5.822884e+00 
 3762.000  5.775626e+00 
 3763.000  5.691019e+00 
 3764.000  5.790280e+00 
 3765.000  5.768922e+00 
 3766.000  5.784099e+00 
 3767.000  5.778949e+00 
 3768.000  5.750860e+00 
 3769.000  5.737876e+00 
 3770.000  5.747025e+00 
 3771.000  5.710706e+00 
 3772.000  5.743856e+00 
 3773.000  5.663404e+00 
 3774.000  5.717444e+00 
 3775.000  5.736400e+00 
 3776.000  5.629952e+00 
 3777.000  5.617825e+00 
 3778.000  5.714036e+00 
 3779.000  5.692902e+00 
 3780.000  5.673586e+00 
 3781.000  5.687920e+00 
 3782.000  5.645511e+00 
 3783.000  5.704409e+00 
 3784.000  5.688930e+00 
 3785.000  5.688553e+00 
 3786.000  5.672543e+00 
 3787.000  5.540356e+00 
 3788.000  5.666182e+00 
 3789.000  5.662704e+00 
 3790.000  5.667732e+00 
 3791.000  5.565005e+00 
 3792.000  5.630750e+00 
 3793.000  5.570915e+00 
 3794.000  5.642978e+00 
 3795.000  5.614363e+00 
 3796.000  5.661742e+00 
 3797.000  5.665370e+00 
 3798.000  5.640719e+00 
 3799.000  5.603580e+00 
 3800.000  5.541278e+00 
 3801.000  5.649214e+00 
 3802.000  5.628687e+00 
 3803.000  5.662495e+00 
 3804.000  5.641083e+00 
 3805.000  5.644250e+00 
 3806.000  5.630489e+00 
 3807.000  5.557850e+00 
 3808.000  5.593021e+00 
 3809.000  5.610514e+00 
 3810.000  5.600436e+00 
 3811.000  5.624857e+00 
 3812.000  5.638471e+00 
 3813.000  5.600075e+00 
 3814.000  5.620251e+00 
 3815.000  5.618863e+00 
 3816.000  5.566004e+00 
 3817.000  5.573378e+00 
 3818.000  5.534217e+00 
 3819.000  5.616194e+00 
 3820.000  5.619173e+00 
 3821.000  5.616547e+00 
 3822.000  5.609192e+00 
 3823.000  5.580984e+00 
 3824.000  5.587495e+00 
 3825.000  5.564353e+00 
 3826.000  5.565304e+00 
 3827.000  5.561859e+00 
 3828.000  5.542833e+00 
 3829.000  5.543943e+00 
 3830.000  5.544703e+00 
 3831.000  5.533670e+00 
 3832.000  5.477396e+00 
 3833.000  5.443537e+00 
 3834.000  5.462721e+00 
 3835.000  5.420943e+00 
 3836.000  5.378818e+00 
 3837.000  5.422268e+00 
 3838.000  5.442027e+00 
 3839.000  5.375197e+00 
 3840.000  5.370675e+00 
 3841.000  5.365086e+00 
 3842.000  5.355136e+00 
 3843.000  5.349484e+00 
 3844.000  5.343214e+00 
 3845.000  5.340571e+00 
 3846.000  5.343915e+00 
 3847.000  5.240029e+00 
 3848.000  5.237900e+00 
 3849.000  5.232396e+00 
 3850.000  5.204645e+00 
 3851.000  5.212908e+00 
 3852.000  5.213306e+00 
 3853.000  5.192967e+00 
 3854.000  5.094006e+00 
 3855.000  5.089772e+00 
 3856.000  5.084372e+00 
 3857.000  5.074755e+00 
 3858.000  5.063618e+00 
 3859.000  5.038499e+00 
 3860.000  5.025550e+00 
 3861.000  5.052129e+00 
 3862.000  4.940137e+00 
 3863.000  4.821943e+00 
 3864.000  4.894457e+00 
 3865.000  4.911495e+00 
 3866.000  4.920392e+00 
 3867.000  4.862932e+00 
 3868.000  4.890868e+00 
 3869.000  4.785099e+00 
 3870.000  4.812182e+00 
 3871.000  4.786389e+00 
 3872.000  4.723405e+00 
 3873.000  4.798895e+00 
 3874.000  4.791851e+00 
 3875.000  4.780732e+00 
 3876.000  4.765649e+00 
 3877.000  4.761032e+00 
 3878.000  4.755423e+00 
 3879.000  4.747964e+00 
 3880.000  4.744959e+00 
 3881.000  4.736534e+00 
 3882.000  4.720123e+00 
 3883.000  4.715240e+00 
 3884.000  4.742594e+00 
 3885.000  4.613447e+00 
 3886.000  4.679395e+00 
 3887.000  4.731380e+00 
 3888.000  4.731283e+00 
 3889.000  4.730265e+00 
 3890.000  4.714669e+00 
 3891.000  4.709209e+00 
 3892.000  4.761305e+00 
 3893.000  4.759935e+00 
 3894.000  4.740640e+00 
 3895.000  4.752277e+00 
 3896.000  4.730745e+00 
 3897.000  4.681288e+00 
 3898.000  4.659841e+00 
 3899.000  4.749420e+00 
 3900.000  4.715856e+00 
 3901.000  4.738046e+00 
 3902.000  4.736598e+00 
 3903.000  4.723793e+00 
 3904.000  4.728303e+00 
 3905.000  4.722331e+00 
 3906.000  4.704547e+00 
 3907.000  4.716555e+00 
 3908.000  4.704583e+00 
 3909.000  4.706910e+00 
 3910.000  4.703388e+00 
 3911.000  4.700299e+00 
 3912.000  4.697237e+00 
 3913.000  4.690200e+00 
 3914.000  4.696623e+00 
 3915.000  4.704572e+00 
 3916.000  4.691999e+00 
 3917.000  4.690515e+00 
 3918.000  4.679253e+00 
 3919.000  4.670446e+00 
 3920.000  4.684420e+00 
 3921.000  4.661610e+00 
 3922.000  4.702669e+00 
 3923.000  4.701635e+00 
 3924.000  4.696791e+00 
 3925.000  4.696681e+00 
 3926.000  4.680408e+00 
 3927.000  4.681699e+00 
 3928.000  4.688702e+00 
 3929.000  4.683759e+00 
 3930.000  4.738507e+00 
 3931.000  4.735275e+00 
 3932.000  4.710982e+00 
 3933.000  4.722650e+00 
 3934.000  4.663901e+00 
 3935.000  4.695002e+00 
 3936.000  4.716002e+00 
 3937.000  4.713270e+00 
 3938.000  4.751912e+00 
 3939.000  4.772404e+00 
 3940.000  4.768245e+00 
 3941.000  4.761691e+00 
 3942.000  4.760767e+00 
 3943.000  4.758178e+00 
 3944.000  4.717807e+00 
 3945.000  4.829798e+00 
 3946.000  4.815218e+00 
 3947.000  4.815719e+00 
 3948.000  4.790997e+00 
 3949.000  4.805087e+00 
 3950.000  4.753412e+00 
 3951.000  4.787018e+00 
 3952.000  4.660131e+00 
 3953.000  4.812320e+00 
 3954.000  4.807178e+00 
 3955.000  4.799108e+00 
 3956.000  4.755176e+00 
 3957.000  4.764198e+00 
 3958.000  4.723610e+00 
 3959.000  4.734402e+00 
 3960.000  4.785062e+00 
 3961.000  4.795607e+00 
 3962.000  4.752490e+00 
 3963.000  4.788497e+00 
 3964.000  4.765380e+00 
 3965.000  4.761672e+00 
 3966.000  4.766201e+00 
 3967.000  4.761444e+00 
 3968.000  4.770394e+00 
 3969.000  4.741777e+00 
 3970.000  4.727295e+00 
 3971.000  4.707714e+00 
 3972.000  4.731848e+00 
 3973.000  4.688289e+00 
 3974.000  4.705319e+00 
 3975.000  4.719454e+00 
 3976.000  4.716214e+00 
 3977.000  4.635972e+00 
 3978.000  4.655421e+00 
 3979.000  4.639501e+00 
 3980.000  4.644434e+00 
 3981.000  4.654225e+00 
 3982.000  4.644074e+00 
 3983.000  4.623755e+00 
 3984.000  4.621464e+00 
 3985.000  4.571506e+00 
 3986.000  4.469772e+00 
 3987.000  4.596891e+00 
 3988.000  4.601223e+00 
 3989.000  4.569571e+00 
 3990.000  4.567262e+00 
 3991.000  4.500443e+00 
 3992.000  4.554921e+00 
 3993.000  4.463615e+00 
 3994.000  4.456914e+00 
 3995.000  4.430171e+00 
 3996.000  4.355750e+00 
 3997.000  4.469617e+00 
 3998.000  4.445181e+00 
 3999.000  4.361323e+00 
 4000.000  4.404295e+00 
