  290.000  0.000000e+00 
  291.000  2.034073e-06 
  292.000  2.679260e-05 
  293.000  8.613543e-05 
  294.000  5.885795e-04 
  295.000  1.741180e-03 
  296.000  1.056768e-02 
  297.000  1.518908e-02 
  298.000  8.322426e-02 
  299.000  1.622858e-01 
  300.000  3.093948e-01 
  301.000  9.018413e-01 
  302.000  1.054540e+00 
  303.000  2.920110e+00 
  304.000  3.478545e+00 
  305.000  6.600645e+00 
  306.000  7.527168e+00 
  307.000  1.145151e+01 
  308.000  1.518794e+01 
  309.000  1.668104e+01 
  310.000  1.902672e+01 
  311.000  3.763636e+01 
  312.000  3.281575e+01 
  313.000  4.286308e+01 
  314.000  4.498855e+01 
  315.000  5.490107e+01 
  316.000  4.380192e+01 
  317.000  6.474722e+01 
  318.000  6.429955e+01 
  319.000  7.348020e+01 
  320.000  7.268590e+01 
  321.000  9.108353e+01 
  322.000  8.207717e+01 
  323.000  7.315640e+01 
  324.000  9.364996e+01 
  325.000  1.062389e+02 
  326.000  1.488302e+02 
  327.000  1.531329e+02 
  328.000  1.294163e+02 
  329.000  1.558615e+02 
  330.000  1.662670e+02 
  331.000  1.376616e+02 
  332.000  1.540416e+02 
  333.000  1.775824e+02 
  334.000  1.514120e+02 
  335.000  1.657211e+02 
  336.000  1.267491e+02 
  337.000  1.233645e+02 
  338.000  1.530328e+02 
  339.000  1.566365e+02 
  340.000  1.791659e+02 
  341.000  1.537058e+02 
  342.000  1.637721e+02 
  343.000  1.670598e+02 
  344.000  1.533941e+02 
  345.000  2.002189e+02 
  346.000  2.254395e+02 
  347.000  2.176350e+02 
  348.000  2.078893e+02 
  349.000  2.311671e+02 
  350.000  2.396086e+02 
  351.000  2.306370e+02 
  352.000  2.395654e+02 
  353.000  2.214587e+02 
  354.000  2.590222e+02 
  355.000  2.659061e+02 
  356.000  2.546271e+02 
  357.000  1.648012e+02 
  358.000  1.812867e+02 
  359.000  1.846081e+02 
  360.000  2.771553e+02 
  361.000  2.223838e+02 
  362.000  2.468741e+02 
  363.000  2.656772e+02 
  364.000  2.682365e+02 
  365.000  2.540123e+02 
  366.000  3.525354e+02 
  367.000  3.189138e+02 
  368.000  3.040002e+02 
  369.000  2.955278e+02 
  370.000  3.434527e+02 
  371.000  2.771331e+02 
  372.000  2.946784e+02 
  373.000  2.965692e+02 
  374.000  2.318855e+02 
  375.000  2.143800e+02 
  376.000  3.094287e+02 
  377.000  3.193396e+02 
  378.000  4.164013e+02 
  379.000  3.230973e+02 
  380.000  3.049528e+02 
  381.000  3.449105e+02 
  382.000  2.595896e+02 
  383.000  1.821491e+02 
  384.000  2.017019e+02 
  385.000  3.052785e+02 
  386.000  2.382493e+02 
  387.000  2.748560e+02 
  388.000  2.735243e+02 
  389.000  3.130150e+02 
  390.000  3.810569e+02 
  391.000  4.279463e+02 
  392.000  3.817310e+02 
  393.000  2.053877e+02 
  394.000  2.280765e+02 
  395.000  3.841563e+02 
  396.000  3.967073e+02 
  397.000  1.619746e+02 
  398.000  4.545923e+02 
  399.000  5.467292e+02 
  400.000  5.387214e+02 
  401.000  5.366082e+02 
  402.000  5.698808e+02 
  403.000  5.348284e+02 
  404.000  5.758669e+02 
  405.000  5.291168e+02 
  406.000  5.261060e+02 
  407.000  5.133315e+02 
  408.000  5.571070e+02 
  409.000  6.177201e+02 
  410.000  5.173150e+02 
  411.000  6.084773e+02 
  412.000  6.314891e+02 
  413.000  5.974642e+02 
  414.000  5.872674e+02 
  415.000  6.272661e+02 
  416.000  6.243450e+02 
  417.000  6.062030e+02 
  418.000  5.938273e+02 
  419.000  6.092116e+02 
  420.000  5.163339e+02 
  421.000  6.477524e+02 
  422.000  6.214701e+02 
  423.000  5.255250e+02 
  424.000  5.787590e+02 
  425.000  6.001385e+02 
  426.000  5.775853e+02 
  427.000  5.562226e+02 
  428.000  5.638693e+02 
  429.000  5.135687e+02 
  430.000  4.102721e+02 
  431.000  3.692724e+02 
  432.000  6.654077e+02 
  433.000  5.929343e+02 
  434.000  5.641455e+02 
  435.000  6.144071e+02 
  436.000  6.819758e+02 
  437.000  6.892445e+02 
  438.000  6.180276e+02 
  439.000  5.986318e+02 
  440.000  6.715908e+02 
  441.000  6.700484e+02 
  442.000  7.063581e+02 
  443.000  7.117421e+02 
  444.000  7.077694e+02 
  445.000  7.451696e+02 
  446.000  6.639064e+02 
  447.000  7.578723e+02 
  448.000  7.711692e+02 
  449.000  7.770908e+02 
  450.000  7.947100e+02 
  451.000  8.595732e+02 
  452.000  7.997318e+02 
  453.000  7.429642e+02 
  454.000  7.927384e+02 
  455.000  7.989016e+02 
  456.000  8.188803e+02 
  457.000  8.240844e+02 
  458.000  8.101903e+02 
  459.000  8.106813e+02 
  460.000  8.042036e+02 
  461.000  8.339525e+02 
  462.000  8.209438e+02 
  463.000  8.217161e+02 
  464.000  8.249906e+02 
  465.000  8.134914e+02 
  466.000  8.398088e+02 
  467.000  8.106820e+02 
  468.000  8.586909e+02 
  469.000  8.515831e+02 
  470.000  8.402457e+02 
  471.000  8.390952e+02 
  472.000  8.496867e+02 
  473.000  8.407260e+02 
  474.000  8.477502e+02 
  475.000  8.822223e+02 
  476.000  8.552454e+02 
  477.000  8.475475e+02 
  478.000  8.896985e+02 
  479.000  8.495809e+02 
  480.000  8.665832e+02 
  481.000  8.615493e+02 
  482.000  8.798314e+02 
  483.000  8.809970e+02 
  484.000  8.473440e+02 
  485.000  8.538154e+02 
  486.000  6.924760e+02 
  487.000  7.785641e+02 
  488.000  8.456320e+02 
  489.000  7.863434e+02 
  490.000  8.955010e+02 
  491.000  8.382294e+02 
  492.000  8.057612e+02 
  493.000  8.680739e+02 
  494.000  8.388591e+02 
  495.000  8.970060e+02 
  496.000  8.738415e+02 
  497.000  8.478854e+02 
  498.000  8.280607e+02 
  499.000  8.262663e+02 
  500.000  8.228293e+02 
  501.000  8.045747e+02 
  502.000  7.994911e+02 
  503.000  8.473474e+02 
  504.000  7.885500e+02 
  505.000  8.507135e+02 
  506.000  9.109555e+02 
  507.000  8.477932e+02 
  508.000  8.132471e+02 
  509.000  8.771708e+02 
  510.000  8.501301e+02 
  511.000  8.505601e+02 
  512.000  8.928890e+02 
  513.000  8.173564e+02 
  514.000  8.003564e+02 
  515.000  8.172336e+02 
  516.000  8.585521e+02 
  517.000  6.324987e+02 
  518.000  7.831437e+02 
  519.000  7.420237e+02 
  520.000  8.170200e+02 
  521.000  8.175389e+02 
  522.000  8.500345e+02 
  523.000  7.919012e+02 
  524.000  8.592258e+02 
  525.000  8.523957e+02 
  526.000  8.123783e+02 
  527.000  7.096765e+02 
  528.000  8.523425e+02 
  529.000  8.765601e+02 
  530.000  8.282885e+02 
  531.000  9.016064e+02 
  532.000  8.601492e+02 
  533.000  7.555425e+02 
  534.000  8.216609e+02 
  535.000  8.383928e+02 
  536.000  8.896862e+02 
  537.000  8.254759e+02 
  538.000  8.641675e+02 
  539.000  8.613845e+02 
  540.000  8.430491e+02 
  541.000  7.731307e+02 
  542.000  8.625103e+02 
  543.000  8.251089e+02 
  544.000  8.703744e+02 
  545.000  8.575043e+02 
  546.000  8.385284e+02 
  547.000  8.742524e+02 
  548.000  8.112651e+02 
  549.000  8.538987e+02 
  550.000  8.353433e+02 
  551.000  8.304176e+02 
  552.000  8.665375e+02 
  553.000  8.328986e+02 
  554.000  8.604329e+02 
  555.000  8.631807e+02 
  556.000  8.397043e+02 
  557.000  8.150801e+02 
  558.000  8.463442e+02 
  559.000  8.002600e+02 
  560.000  8.040407e+02 
  561.000  8.839492e+02 
  562.000  8.114991e+02 
  563.000  8.492349e+02 
  564.000  8.374608e+02 
  565.000  8.474695e+02 
  566.000  7.815256e+02 
  567.000  8.379815e+02 
  568.000  8.342664e+02 
  569.000  8.136226e+02 
  570.000  8.187176e+02 
  571.000  7.926683e+02 
  572.000  8.351323e+02 
  573.000  8.449452e+02 
  574.000  8.407420e+02 
  575.000  8.202151e+02 
  576.000  8.056468e+02 
  577.000  8.403082e+02 
  578.000  8.173636e+02 
  579.000  8.126415e+02 
  580.000  8.422121e+02 
  581.000  8.290616e+02 
  582.000  8.429890e+02 
  583.000  8.499247e+02 
  584.000  8.482160e+02 
  585.000  8.433593e+02 
  586.000  8.079065e+02 
  587.000  8.388464e+02 
  588.000  8.248078e+02 
  589.000  7.232099e+02 
  590.000  7.549832e+02 
  591.000  8.090068e+02 
  592.000  7.906434e+02 
  593.000  8.064499e+02 
  594.000  8.126846e+02 
  595.000  7.925842e+02 
  596.000  8.197145e+02 
  597.000  8.209449e+02 
  598.000  8.072955e+02 
  599.000  8.089637e+02 
  600.000  8.119583e+02 
  601.000  8.091935e+02 
  602.000  8.011547e+02 
  603.000  8.070192e+02 
  604.000  8.336241e+02 
  605.000  8.323616e+02 
  606.000  8.233341e+02 
  607.000  8.193188e+02 
  608.000  8.169005e+02 
  609.000  8.090759e+02 
  610.000  7.966646e+02 
  611.000  8.101536e+02 
  612.000  8.001497e+02 
  613.000  7.889838e+02 
  614.000  7.609901e+02 
  615.000  7.979501e+02 
  616.000  7.591661e+02 
  617.000  7.639033e+02 
  618.000  8.003530e+02 
  619.000  7.933846e+02 
  620.000  8.054552e+02 
  621.000  8.196226e+02 
  622.000  7.766307e+02 
  623.000  7.828832e+02 
  624.000  7.839182e+02 
  625.000  7.628285e+02 
  626.000  7.665126e+02 
  627.000  7.773427e+02 
  628.000  7.582787e+02 
  629.000  7.827938e+02 
  630.000  7.589377e+02 
  631.000  7.888328e+02 
  632.000  7.340806e+02 
  633.000  7.910020e+02 
  634.000  7.688737e+02 
  635.000  7.837284e+02 
  636.000  7.571551e+02 
  637.000  7.831804e+02 
  638.000  7.971440e+02 
  639.000  7.912779e+02 
  640.000  7.675853e+02 
  641.000  7.792391e+02 
  642.000  7.708572e+02 
  643.000  7.841604e+02 
  644.000  7.756620e+02 
  645.000  7.819432e+02 
  646.000  7.479694e+02 
  647.000  7.553469e+02 
  648.000  7.507054e+02 
  649.000  7.692228e+02 
  650.000  7.188762e+02 
  651.000  7.747197e+02 
  652.000  7.547909e+02 
  653.000  7.766160e+02 
  654.000  7.661326e+02 
  655.000  7.440784e+02 
  656.000  6.326605e+02 
  657.000  6.766016e+02 
  658.000  7.560197e+02 
  659.000  7.593538e+02 
  660.000  7.661692e+02 
  661.000  7.712725e+02 
  662.000  7.833116e+02 
  663.000  7.748582e+02 
  664.000  7.630709e+02 
  665.000  7.669748e+02 
  666.000  7.767713e+02 
  667.000  7.619241e+02 
  668.000  7.668881e+02 
  669.000  7.783830e+02 
  670.000  7.694942e+02 
  671.000  7.617855e+02 
  672.000  7.597059e+02 
  673.000  7.655445e+02 
  674.000  7.674230e+02 
  675.000  7.560851e+02 
  676.000  7.707314e+02 
  677.000  7.557562e+02 
  678.000  7.686161e+02 
  679.000  7.580471e+02 
  680.000  7.522571e+02 
  681.000  7.531607e+02 
  682.000  7.517468e+02 
  683.000  7.569685e+02 
  684.000  7.431935e+02 
  685.000  7.520966e+02 
  686.000  7.181251e+02 
  687.000  6.273121e+02 
  688.000  6.568327e+02 
  689.000  6.501311e+02 
  690.000  6.685438e+02 
  691.000  6.904783e+02 
  692.000  6.963691e+02 
  693.000  6.912727e+02 
  694.000  6.871256e+02 
  695.000  6.841379e+02 
  696.000  6.975217e+02 
  697.000  7.223060e+02 
  698.000  7.041204e+02 
  699.000  6.960954e+02 
  700.000  6.914841e+02 
  701.000  6.714730e+02 
  702.000  6.716135e+02 
  703.000  6.984116e+02 
  704.000  7.012676e+02 
  705.000  6.995244e+02 
  706.000  6.935862e+02 
  707.000  6.857300e+02 
  708.000  7.085195e+02 
  709.000  6.889030e+02 
  710.000  6.989224e+02 
  711.000  6.979800e+02 
  712.000  6.934125e+02 
  713.000  6.864521e+02 
  714.000  6.967387e+02 
  715.000  6.658085e+02 
  716.000  6.761016e+02 
  717.000  6.130893e+02 
  718.000  5.819445e+02 
  719.000  5.653430e+02 
  720.000  5.545678e+02 
  721.000  6.193829e+02 
  722.000  6.521360e+02 
  723.000  6.371558e+02 
  724.000  6.025271e+02 
  725.000  6.015055e+02 
  726.000  5.986689e+02 
  727.000  6.129792e+02 
  728.000  5.966664e+02 
  729.000  5.868784e+02 
  730.000  6.060895e+02 
  731.000  5.931487e+02 
  732.000  6.287675e+02 
  733.000  6.423432e+02 
  734.000  6.669747e+02 
  735.000  6.577229e+02 
  736.000  6.383403e+02 
  737.000  6.522859e+02 
  738.000  6.580807e+02 
  739.000  6.399499e+02 
  740.000  6.530336e+02 
  741.000  6.518792e+02 
  742.000  6.428339e+02 
  743.000  6.655040e+02 
  744.000  6.733553e+02 
  745.000  6.571350e+02 
  746.000  6.672522e+02 
  747.000  6.779390e+02 
  748.000  6.663260e+02 
  749.000  6.669732e+02 
  750.000  6.569142e+02 
  751.000  6.554073e+02 
  752.000  6.663171e+02 
  753.000  6.603720e+02 
  754.000  6.709896e+02 
  755.000  6.673214e+02 
  756.000  6.544439e+02 
  757.000  6.593645e+02 
  758.000  6.575761e+02 
  759.000  5.908148e+02 
  760.000  2.164068e+02 
  761.000  1.858060e+02 
  762.000  3.788562e+02 
  763.000  3.232264e+02 
  764.000  3.566867e+02 
  765.000  4.342877e+02 
  766.000  5.022573e+02 
  767.000  5.548938e+02 
  768.000  6.073921e+02 
  769.000  6.251039e+02 
  770.000  6.316754e+02 
  771.000  6.367937e+02 
  772.000  6.354743e+02 
  773.000  6.334006e+02 
  774.000  6.407240e+02 
  775.000  6.170267e+02 
  776.000  6.427324e+02 
  777.000  6.383912e+02 
  778.000  6.350115e+02 
  779.000  6.371180e+02 
  780.000  6.292737e+02 
  781.000  6.285753e+02 
  782.000  6.361815e+02 
  783.000  6.213530e+02 
  784.000  6.246483e+02 
  785.000  6.253096e+02 
  786.000  6.128513e+02 
  787.000  6.181592e+02 
  788.000  6.068728e+02 
  789.000  6.029402e+02 
  790.000  5.962289e+02 
  791.000  5.946371e+02 
  792.000  5.865838e+02 
  793.000  5.890882e+02 
  794.000  5.893536e+02 
  795.000  5.823961e+02 
  796.000  5.819317e+02 
  797.000  5.886591e+02 
  798.000  5.956758e+02 
  799.000  5.937443e+02 
  800.000  5.736464e+02 
  801.000  5.849297e+02 
  802.000  5.833708e+02 
  803.000  5.757631e+02 
  804.000  5.832865e+02 
  805.000  5.715876e+02 
  806.000  5.896953e+02 
  807.000  5.863420e+02 
  808.000  5.813455e+02 
  809.000  5.697725e+02 
  810.000  5.652770e+02 
  811.000  5.702125e+02 
  812.000  5.626368e+02 
  813.000  5.532861e+02 
  814.000  5.432128e+02 
  815.000  5.257638e+02 
  816.000  5.062051e+02 
  817.000  5.101072e+02 
  818.000  5.082359e+02 
  819.000  4.994244e+02 
  820.000  5.058234e+02 
  821.000  5.416503e+02 
  822.000  5.123711e+02 
  823.000  4.796310e+02 
  824.000  5.208952e+02 
  825.000  5.418716e+02 
  826.000  5.416440e+02 
  827.000  5.371596e+02 
  828.000  5.218066e+02 
  829.000  5.267052e+02 
  830.000  5.240505e+02 
  831.000  5.161921e+02 
  832.000  5.273894e+02 
  833.000  5.141652e+02 
  834.000  5.255233e+02 
  835.000  5.336151e+02 
  836.000  5.376201e+02 
  837.000  5.329791e+02 
  838.000  5.382950e+02 
  839.000  5.234690e+02 
  840.000  5.382343e+02 
  841.000  5.376231e+02 
  842.000  5.361312e+02 
  843.000  5.367200e+02 
  844.000  5.297217e+02 
  845.000  5.386674e+02 
  846.000  5.443910e+02 
  847.000  5.264719e+02 
  848.000  5.405796e+02 
  849.000  5.417999e+02 
  850.000  4.678172e+02 
  851.000  5.350908e+02 
  852.000  5.149158e+02 
  853.000  5.223049e+02 
  854.000  4.198810e+02 
  855.000  4.628508e+02 
  856.000  5.264517e+02 
  857.000  5.354276e+02 
  858.000  5.271947e+02 
  859.000  5.277242e+02 
  860.000  5.233160e+02 
  861.000  5.233386e+02 
  862.000  5.218394e+02 
  863.000  5.318750e+02 
  864.000  5.309730e+02 
  865.000  5.212159e+02 
  866.000  4.372498e+02 
  867.000  4.656355e+02 
  868.000  5.050441e+02 
  869.000  4.980251e+02 
  870.000  5.185764e+02 
  871.000  5.179087e+02 
  872.000  5.159413e+02 
  873.000  5.179618e+02 
  874.000  5.065985e+02 
  875.000  5.019606e+02 
  876.000  5.060286e+02 
  877.000  5.161075e+02 
  878.000  5.070004e+02 
  879.000  5.081779e+02 
  880.000  5.050266e+02 
  881.000  4.786443e+02 
  882.000  5.050170e+02 
  883.000  4.936129e+02 
  884.000  4.978956e+02 
  885.000  5.025233e+02 
  886.000  4.855090e+02 
  887.000  4.810350e+02 
  888.000  4.954288e+02 
  889.000  4.989714e+02 
  890.000  4.968869e+02 
  891.000  4.932977e+02 
  892.000  4.889211e+02 
  893.000  4.616632e+02 
  894.000  4.723986e+02 
  895.000  4.344860e+02 
  896.000  4.354831e+02 
  897.000  4.088930e+02 
  898.000  4.018774e+02 
  899.000  3.800869e+02 
  900.000  3.735647e+02 
  901.000  3.603109e+02 
  902.000  3.546797e+02 
  903.000  4.094480e+02 
  904.000  4.376061e+02 
  905.000  4.356722e+02 
  906.000  4.105038e+02 
  907.000  3.931930e+02 
  908.000  3.671756e+02 
  909.000  3.615426e+02 
  910.000  3.681600e+02 
  911.000  3.772850e+02 
  912.000  3.731901e+02 
  913.000  3.602986e+02 
  914.000  3.686034e+02 
  915.000  3.703757e+02 
  916.000  3.772341e+02 
  917.000  3.758778e+02 
  918.000  3.798208e+02 
  919.000  4.050486e+02 
  920.000  4.165044e+02 
  921.000  4.041395e+02 
  922.000  4.002613e+02 
  923.000  3.795307e+02 
  924.000  3.857012e+02 
  925.000  3.899676e+02 
  926.000  3.756560e+02 
  927.000  3.778803e+02 
  928.000  3.622237e+02 
  929.000  3.318995e+02 
  930.000  2.997564e+02 
  931.000  2.656783e+02 
  932.000  2.203228e+02 
  933.000  1.906272e+02 
  934.000  1.595364e+02 
  935.000  1.540688e+02 
  936.000  1.639933e+02 
  937.000  1.648862e+02 
  938.000  1.961075e+02 
  939.000  2.897892e+02 
  940.000  3.026987e+02 
  941.000  2.838941e+02 
  942.000  2.451626e+02 
  943.000  2.111639e+02 
  944.000  2.021687e+02 
  945.000  2.203355e+02 
  946.000  2.243493e+02 
  947.000  2.381178e+02 
  948.000  2.485573e+02 
  949.000  2.482919e+02 
  950.000  2.490007e+02 
  951.000  2.677013e+02 
  952.000  2.463531e+02 
  953.000  2.607809e+02 
  954.000  2.745500e+02 
  955.000  2.443666e+02 
  956.000  2.580078e+02 
  957.000  2.991506e+02 
  958.000  3.070793e+02 
  959.000  3.013484e+02 
  960.000  2.965847e+02 
  961.000  2.900424e+02 
  962.000  2.947079e+02 
  963.000  3.171456e+02 
  964.000  3.168856e+02 
  965.000  3.186180e+02 
  966.000  3.107084e+02 
  967.000  3.367045e+02 
  968.000  3.610266e+02 
  969.000  3.761530e+02 
  970.000  3.779164e+02 
  971.000  3.742701e+02 
  972.000  3.732471e+02 
  973.000  3.614446e+02 
  974.000  3.459359e+02 
  975.000  3.412654e+02 
  976.000  3.533522e+02 
  977.000  3.572542e+02 
  978.000  3.650420e+02 
  979.000  3.578141e+02 
  980.000  3.761938e+02 
  981.000  3.818251e+02 
  982.000  3.780351e+02 
  983.000  3.839480e+02 
  984.000  3.884897e+02 
  985.000  3.923638e+02 
  986.000  3.943571e+02 
  987.000  4.011356e+02 
  988.000  3.967174e+02 
  989.000  3.920149e+02 
  990.000  3.959051e+02 
  991.000  4.010659e+02 
  992.000  3.979102e+02 
  993.000  3.981070e+02 
  994.000  4.017387e+02 
  995.000  3.999534e+02 
  996.000  3.998687e+02 
  997.000  3.995374e+02 
  998.000  3.972338e+02 
  999.000  3.960640e+02 
 1000.000  3.930352e+02 
 1001.000  3.936086e+02 
 1002.000  3.903083e+02 
 1003.000  3.864095e+02 
 1004.000  3.847407e+02 
 1005.000  3.600247e+02 
 1006.000  3.791500e+02 
 1007.000  3.855572e+02 
 1008.000  3.850098e+02 
 1009.000  3.797700e+02 
 1010.000  3.824984e+02 
 1011.000  3.835149e+02 
 1012.000  3.848283e+02 
 1013.000  3.829410e+02 
 1014.000  3.857911e+02 
 1015.000  3.786160e+02 
 1016.000  3.814617e+02 
 1017.000  3.779435e+02 
 1018.000  3.823640e+02 
 1019.000  3.727921e+02 
 1020.000  3.723499e+02 
 1021.000  3.766332e+02 
 1022.000  3.699590e+02 
 1023.000  3.760946e+02 
 1024.000  3.736018e+02 
 1025.000  3.752365e+02 
 1026.000  3.763304e+02 
 1027.000  3.738660e+02 
 1028.000  3.749023e+02 
 1029.000  3.699113e+02 
 1030.000  3.743044e+02 
 1031.000  3.734518e+02 
 1032.000  3.724055e+02 
 1033.000  3.656439e+02 
 1034.000  3.696375e+02 
 1035.000  3.658080e+02 
 1036.000  3.705297e+02 
 1037.000  3.627505e+02 
 1038.000  3.663821e+02 
 1039.000  3.678081e+02 
 1040.000  3.633969e+02 
 1041.000  3.652682e+02 
 1042.000  3.663294e+02 
 1043.000  3.600040e+02 
 1044.000  3.635282e+02 
 1045.000  3.618441e+02 
 1046.000  3.512253e+02 
 1047.000  3.575662e+02 
 1048.000  3.610005e+02 
 1049.000  3.585725e+02 
 1050.000  3.562791e+02 
 1051.000  3.561254e+02 
 1052.000  3.543214e+02 
 1053.000  3.544206e+02 
 1054.000  3.505649e+02 
 1055.000  3.529583e+02 
 1056.000  3.518400e+02 
 1057.000  3.508278e+02 
 1058.000  3.464303e+02 
 1059.000  3.355536e+02 
 1060.000  3.479563e+02 
 1061.000  3.356646e+02 
 1062.000  3.445399e+02 
 1063.000  3.385278e+02 
 1064.000  3.425721e+02 
 1065.000  3.416282e+02 
 1066.000  3.311742e+02 
 1067.000  3.388217e+02 
 1068.000  3.366018e+02 
 1069.000  3.108091e+02 
 1070.000  3.294541e+02 
 1071.000  3.294281e+02 
 1072.000  3.298217e+02 
 1073.000  3.188833e+02 
 1074.000  3.302275e+02 
 1075.000  3.210333e+02 
 1076.000  3.274521e+02 
 1077.000  3.259122e+02 
 1078.000  3.258738e+02 
 1079.000  3.131424e+02 
 1080.000  3.196791e+02 
 1081.000  3.078309e+02 
 1082.000  3.129824e+02 
 1083.000  3.031600e+02 
 1084.000  3.131292e+02 
 1085.000  3.051744e+02 
 1086.000  3.100954e+02 
 1087.000  2.951407e+02 
 1088.000  3.132650e+02 
 1089.000  2.962402e+02 
 1090.000  3.017113e+02 
 1091.000  3.046770e+02 
 1092.000  2.950635e+02 
 1093.000  2.857149e+02 
 1094.000  2.577423e+02 
 1095.000  2.793812e+02 
 1096.000  2.785941e+02 
 1097.000  2.737166e+02 
 1098.000  2.556472e+02 
 1099.000  2.430484e+02 
 1100.000  2.480847e+02 
 1101.000  2.494236e+02 
 1102.000  2.381791e+02 
 1103.000  2.488222e+02 
 1104.000  2.447404e+02 
 1105.000  2.386796e+02 
 1106.000  2.310127e+02 
 1107.000  2.320737e+02 
 1108.000  2.322676e+02 
 1109.000  2.380648e+02 
 1110.000  2.384850e+02 
 1111.000  2.326190e+02 
 1112.000  2.177918e+02 
 1113.000  1.997977e+02 
 1114.000  1.970273e+02 
 1115.000  1.744359e+02 
 1116.000  1.599677e+02 
 1117.000  1.342962e+02 
 1118.000  1.092561e+02 
 1119.000  9.429952e+01 
 1120.000  8.048627e+01 
 1121.000  7.791336e+01 
 1122.000  6.407409e+01 
 1123.000  7.144501e+01 
 1124.000  7.649632e+01 
 1125.000  7.232483e+01 
 1126.000  6.996753e+01 
 1127.000  7.356180e+01 
 1128.000  7.454730e+01 
 1129.000  8.873065e+01 
 1130.000  1.229507e+02 
 1131.000  1.347850e+02 
 1132.000  1.206441e+02 
 1133.000  9.329517e+01 
 1134.000  5.312545e+01 
 1135.000  5.663353e+01 
 1136.000  9.746867e+01 
 1137.000  1.238782e+02 
 1138.000  1.445613e+02 
 1139.000  1.561982e+02 
 1140.000  1.516312e+02 
 1141.000  1.377016e+02 
 1142.000  1.379180e+02 
 1143.000  1.248093e+02 
 1144.000  1.124072e+02 
 1145.000  9.683266e+01 
 1146.000  1.016592e+02 
 1147.000  1.151302e+02 
 1148.000  1.258390e+02 
 1149.000  1.311715e+02 
 1150.000  1.310657e+02 
 1151.000  1.382038e+02 
 1152.000  1.416631e+02 
 1153.000  1.468672e+02 
 1154.000  1.462492e+02 
 1155.000  1.576398e+02 
 1156.000  1.671880e+02 
 1157.000  1.933300e+02 
 1158.000  2.039159e+02 
 1159.000  2.100912e+02 
 1160.000  2.111631e+02 
 1161.000  2.157705e+02 
 1162.000  2.306282e+02 
 1163.000  2.401924e+02 
 1164.000  2.372695e+02 
 1165.000  2.426182e+02 
 1166.000  2.381396e+02 
 1167.000  2.431539e+02 
 1168.000  2.448583e+02 
 1169.000  2.375883e+02 
 1170.000  2.451170e+02 
 1171.000  2.492854e+02 
 1172.000  2.467239e+02 
 1173.000  2.432991e+02 
 1174.000  2.435257e+02 
 1175.000  2.453236e+02 
 1176.000  2.435960e+02 
 1177.000  2.490793e+02 
 1178.000  2.407788e+02 
 1179.000  2.397285e+02 
 1180.000  2.415827e+02 
 1181.000  2.365735e+02 
 1182.000  2.331289e+02 
 1183.000  2.199770e+02 
 1184.000  2.320671e+02 
 1185.000  2.404483e+02 
 1186.000  2.374534e+02 
 1187.000  2.321837e+02 
 1188.000  2.297879e+02 
 1189.000  2.195012e+02 
 1190.000  2.386777e+02 
 1191.000  2.449559e+02 
 1192.000  2.472714e+02 
 1193.000  2.465871e+02 
 1194.000  2.455812e+02 
 1195.000  2.392907e+02 
 1196.000  2.396278e+02 
 1197.000  2.378572e+02 
 1198.000  2.294848e+02 
 1199.000  2.189713e+02 
 1200.000  2.340290e+02 
 1201.000  2.360996e+02 
 1202.000  2.366651e+02 
 1203.000  2.239304e+02 
 1204.000  2.282778e+02 
 1205.000  2.393723e+02 
 1206.000  2.406526e+02 
 1207.000  2.434062e+02 
 1208.000  2.391059e+02 
 1209.000  2.229263e+02 
 1210.000  2.363654e+02 
 1211.000  2.281855e+02 
 1212.000  2.359564e+02 
 1213.000  2.392205e+02 
 1214.000  2.378038e+02 
 1215.000  2.394349e+02 
 1216.000  2.419497e+02 
 1217.000  2.441510e+02 
 1218.000  2.443410e+02 
 1219.000  2.425659e+02 
 1220.000  2.443090e+02 
 1221.000  2.442252e+02 
 1222.000  2.430808e+02 
 1223.000  2.421958e+02 
 1224.000  2.458411e+02 
 1225.000  2.448708e+02 
 1226.000  2.462575e+02 
 1227.000  2.387467e+02 
 1228.000  2.472390e+02 
 1229.000  2.477381e+02 
 1230.000  2.477449e+02 
 1231.000  2.482076e+02 
 1232.000  2.455635e+02 
 1233.000  2.476105e+02 
 1234.000  2.479203e+02 
 1235.000  2.464868e+02 
 1236.000  2.481744e+02 
 1237.000  2.484825e+02 
 1238.000  2.484399e+02 
 1239.000  2.456196e+02 
 1240.000  2.444822e+02 
 1241.000  2.464899e+02 
 1242.000  2.448602e+02 
 1243.000  2.419755e+02 
 1244.000  2.394656e+02 
 1245.000  2.433402e+02 
 1246.000  2.412193e+02 
 1247.000  2.396498e+02 
 1248.000  2.412370e+02 
 1249.000  2.401575e+02 
 1250.000  2.388823e+02 
 1251.000  2.368982e+02 
 1252.000  2.356959e+02 
 1253.000  2.332500e+02 
 1254.000  2.329099e+02 
 1255.000  2.318036e+02 
 1256.000  2.306655e+02 
 1257.000  2.272169e+02 
 1258.000  2.262660e+02 
 1259.000  2.222378e+02 
 1260.000  2.208066e+02 
 1261.000  2.185005e+02 
 1262.000  2.101695e+02 
 1263.000  2.112814e+02 
 1264.000  2.070474e+02 
 1265.000  2.070469e+02 
 1266.000  2.068519e+02 
 1267.000  2.012885e+02 
 1268.000  1.974518e+02 
 1269.000  1.984816e+02 
 1270.000  2.053987e+02 
 1271.000  2.087225e+02 
 1272.000  2.099241e+02 
 1273.000  2.114360e+02 
 1274.000  2.122429e+02 
 1275.000  2.145425e+02 
 1276.000  2.155585e+02 
 1277.000  2.158249e+02 
 1278.000  2.156511e+02 
 1279.000  2.146768e+02 
 1280.000  2.145996e+02 
 1281.000  2.096088e+02 
 1282.000  1.870551e+02 
 1283.000  2.059120e+02 
 1284.000  2.145735e+02 
 1285.000  2.165388e+02 
 1286.000  2.160284e+02 
 1287.000  2.164168e+02 
 1288.000  2.114191e+02 
 1289.000  2.115850e+02 
 1290.000  2.066217e+02 
 1291.000  2.101066e+02 
 1292.000  2.126363e+02 
 1293.000  2.130091e+02 
 1294.000  2.080560e+02 
 1295.000  2.077292e+02 
 1296.000  2.051750e+02 
 1297.000  2.017092e+02 
 1298.000  1.997213e+02 
 1299.000  2.015770e+02 
 1300.000  2.004282e+02 
 1301.000  1.995741e+02 
 1302.000  1.954716e+02 
 1303.000  1.897946e+02 
 1304.000  1.881702e+02 
 1305.000  1.885507e+02 
 1306.000  1.880499e+02 
 1307.000  1.863562e+02 
 1308.000  1.833287e+02 
 1309.000  1.792205e+02 
 1310.000  1.780292e+02 
 1311.000  1.775365e+02 
 1312.000  1.722914e+02 
 1313.000  1.602703e+02 
 1314.000  1.612330e+02 
 1315.000  1.579120e+02 
 1316.000  1.649354e+02 
 1317.000  1.665115e+02 
 1318.000  1.588297e+02 
 1319.000  1.533624e+02 
 1320.000  1.437311e+02 
 1321.000  1.398796e+02 
 1322.000  1.449628e+02 
 1323.000  1.513085e+02 
 1324.000  1.545057e+02 
 1325.000  1.523516e+02 
 1326.000  1.459504e+02 
 1327.000  1.327796e+02 
 1328.000  1.203308e+02 
 1329.000  9.444731e+01 
 1330.000  8.822232e+01 
 1331.000  8.364690e+01 
 1332.000  8.344420e+01 
 1333.000  9.011133e+01 
 1334.000  9.655809e+01 
 1335.000  1.012737e+02 
 1336.000  1.019842e+02 
 1337.000  1.034661e+02 
 1338.000  1.067064e+02 
 1339.000  1.074649e+02 
 1340.000  1.095383e+02 
 1341.000  1.103627e+02 
 1342.000  1.105132e+02 
 1343.000  1.011116e+02 
 1344.000  8.948386e+01 
 1345.000  6.246560e+01 
 1346.000  4.546136e+01 
 1347.000  3.633199e+01 
 1348.000  2.457364e+01 
 1349.000  2.072614e+01 
 1350.000  1.238370e+01 
 1351.000  9.482732e+00 
 1352.000  5.321470e+00 
 1353.000  2.743704e+00 
 1354.000  1.735834e+00 
 1355.000  1.046102e+00 
 1356.000  5.902175e-01 
 1357.000  2.642170e-01 
 1358.000  1.508685e-01 
 1359.000  4.268301e-02 
 1360.000  2.044041e-02 
 1361.000  1.095651e-02 
 1362.000  9.461480e-03 
 1363.000  1.782647e-02 
 1364.000  2.309152e-02 
 1365.000  2.436169e-02 
 1366.000  3.145526e-02 
 1367.000  2.414578e-02 
 1368.000  2.095780e-02 
 1369.000  2.231913e-02 
 1370.000  6.020629e-02 
 1371.000  1.718480e-01 
 1372.000  5.509116e-01 
 1373.000  1.042677e+00 
 1374.000  1.504734e+00 
 1375.000  1.716751e+00 
 1376.000  1.507006e+00 
 1377.000  1.205210e+00 
 1378.000  7.278473e-01 
 1379.000  3.641106e-01 
 1380.000  1.281437e-01 
 1381.000  4.724976e-02 
 1382.000  2.440658e-02 
 1383.000  2.248420e-02 
 1384.000  5.461296e-02 
 1385.000  1.042563e-01 
 1386.000  2.272570e-01 
 1387.000  7.237974e-01 
 1388.000  1.200708e+00 
 1389.000  1.588980e+00 
 1390.000  1.677174e+00 
 1391.000  1.483666e+00 
 1392.000  8.948444e-01 
 1393.000  5.584129e-01 
 1394.000  3.470978e-01 
 1395.000  4.338188e-01 
 1396.000  7.670538e-01 
 1397.000  1.238125e+00 
 1398.000  1.307323e+00 
 1399.000  1.186171e+00 
 1400.000  1.074369e+00 
 1401.000  1.245792e+00 
 1402.000  1.819821e+00 
 1403.000  2.485137e+00 
 1404.000  2.232765e+00 
 1405.000  2.552830e+00 
 1406.000  2.221985e+00 
 1407.000  2.510550e+00 
 1408.000  3.506794e+00 
 1409.000  4.873418e+00 
 1410.000  7.096849e+00 
 1411.000  1.014260e+01 
 1412.000  9.845324e+00 
 1413.000  1.211640e+01 
 1414.000  1.167284e+01 
 1415.000  1.462661e+01 
 1416.000  1.674384e+01 
 1417.000  1.796072e+01 
 1418.000  1.825509e+01 
 1419.000  1.880028e+01 
 1420.000  1.967676e+01 
 1421.000  2.458034e+01 
 1422.000  2.618181e+01 
 1423.000  2.719969e+01 
 1424.000  2.701041e+01 
 1425.000  2.625035e+01 
 1426.000  2.541558e+01 
 1427.000  2.806572e+01 
 1428.000  3.049931e+01 
 1429.000  3.206211e+01 
 1430.000  3.121019e+01 
 1431.000  2.744999e+01 
 1432.000  2.592410e+01 
 1433.000  2.579511e+01 
 1434.000  2.404385e+01 
 1435.000  2.716420e+01 
 1436.000  2.843264e+01 
 1437.000  2.919864e+01 
 1438.000  3.261730e+01 
 1439.000  3.344358e+01 
 1440.000  3.267728e+01 
 1441.000  3.508813e+01 
 1442.000  3.314164e+01 
 1443.000  3.382294e+01 
 1444.000  3.514570e+01 
 1445.000  3.540728e+01 
 1446.000  3.824948e+01 
 1447.000  4.043743e+01 
 1448.000  4.114721e+01 
 1449.000  3.967382e+01 
 1450.000  3.691980e+01 
 1451.000  3.790186e+01 
 1452.000  4.174466e+01 
 1453.000  5.022564e+01 
 1454.000  5.884810e+01 
 1455.000  6.384445e+01 
 1456.000  6.944919e+01 
 1457.000  7.095223e+01 
 1458.000  7.290020e+01 
 1459.000  6.892799e+01 
 1460.000  6.417437e+01 
 1461.000  6.202873e+01 
 1462.000  5.638053e+01 
 1463.000  5.599971e+01 
 1464.000  5.458865e+01 
 1465.000  5.175118e+01 
 1466.000  4.634978e+01 
 1467.000  4.469035e+01 
 1468.000  4.057449e+01 
 1469.000  3.642071e+01 
 1470.000  3.465738e+01 
 1471.000  3.924887e+01 
 1472.000  4.670672e+01 
 1473.000  5.761548e+01 
 1474.000  6.439515e+01 
 1475.000  6.555086e+01 
 1476.000  6.565785e+01 
 1477.000  6.306368e+01 
 1478.000  5.947959e+01 
 1479.000  5.675242e+01 
 1480.000  5.899024e+01 
 1481.000  6.181989e+01 
 1482.000  6.669827e+01 
 1483.000  6.650244e+01 
 1484.000  6.705715e+01 
 1485.000  6.775043e+01 
 1486.000  7.012903e+01 
 1487.000  7.822648e+01 
 1488.000  6.887450e+01 
 1489.000  8.961348e+01 
 1490.000  9.930229e+01 
 1491.000  1.054098e+02 
 1492.000  1.039594e+02 
 1493.000  1.093967e+02 
 1494.000  1.094512e+02 
 1495.000  1.120514e+02 
 1496.000  1.146012e+02 
 1497.000  1.175870e+02 
 1498.000  1.238886e+02 
 1499.000  1.267341e+02 
 1500.000  1.323089e+02 
 1501.000  1.310738e+02 
 1502.000  1.281322e+02 
 1503.000  1.139541e+02 
 1504.000  1.197968e+02 
 1505.000  1.229140e+02 
 1506.000  1.246788e+02 
 1507.000  1.335949e+02 
 1508.000  1.331934e+02 
 1509.000  1.355147e+02 
 1510.000  1.382339e+02 
 1511.000  1.401077e+02 
 1512.000  1.382908e+02 
 1513.000  1.384194e+02 
 1514.000  1.365285e+02 
 1515.000  1.401350e+02 
 1516.000  1.391431e+02 
 1517.000  1.391559e+02 
 1518.000  1.433898e+02 
 1519.000  1.432078e+02 
 1520.000  1.465532e+02 
 1521.000  1.450691e+02 
 1522.000  1.442457e+02 
 1523.000  1.481438e+02 
 1524.000  1.466523e+02 
 1525.000  1.429063e+02 
 1526.000  1.470547e+02 
 1527.000  1.460044e+02 
 1528.000  1.476569e+02 
 1529.000  1.471948e+02 
 1530.000  1.382625e+02 
 1531.000  1.481562e+02 
 1532.000  1.476600e+02 
 1533.000  1.471863e+02 
 1534.000  1.451753e+02 
 1535.000  1.459944e+02 
 1536.000  1.479534e+02 
 1537.000  1.487447e+02 
 1538.000  1.449924e+02 
 1539.000  1.482775e+02 
 1540.000  1.429913e+02 
 1541.000  1.460790e+02 
 1542.000  1.469477e+02 
 1543.000  1.466705e+02 
 1544.000  1.487491e+02 
 1545.000  1.495900e+02 
 1546.000  1.499530e+02 
 1547.000  1.486324e+02 
 1548.000  1.443451e+02 
 1549.000  1.480435e+02 
 1550.000  1.471914e+02 
 1551.000  1.464165e+02 
 1552.000  1.489350e+02 
 1553.000  1.482590e+02 
 1554.000  1.427908e+02 
 1555.000  1.452265e+02 
 1556.000  1.424861e+02 
 1557.000  1.471827e+02 
 1558.000  1.460001e+02 
 1559.000  1.459748e+02 
 1560.000  1.434525e+02 
 1561.000  1.467480e+02 
 1562.000  1.465936e+02 
 1563.000  1.442704e+02 
 1564.000  1.412049e+02 
 1565.000  1.429259e+02 
 1566.000  1.402170e+02 
 1567.000  1.394599e+02 
 1568.000  1.354817e+02 
 1569.000  1.347492e+02 
 1570.000  1.303833e+02 
 1571.000  1.338770e+02 
 1572.000  1.335833e+02 
 1573.000  1.317316e+02 
 1574.000  1.325833e+02 
 1575.000  1.233714e+02 
 1576.000  1.325413e+02 
 1577.000  1.198107e+02 
 1578.000  1.312778e+02 
 1579.000  1.323173e+02 
 1580.000  1.355396e+02 
 1581.000  1.346413e+02 
 1582.000  1.324954e+02 
 1583.000  1.346521e+02 
 1584.000  1.339335e+02 
 1585.000  1.382527e+02 
 1586.000  1.365163e+02 
 1587.000  1.353073e+02 
 1588.000  1.334124e+02 
 1589.000  1.221045e+02 
 1590.000  1.314982e+02 
 1591.000  1.285596e+02 
 1592.000  1.353014e+02 
 1593.000  1.380404e+02 
 1594.000  1.366694e+02 
 1595.000  1.370394e+02 
 1596.000  1.283700e+02 
 1597.000  1.327387e+02 
 1598.000  1.339861e+02 
 1599.000  1.280694e+02 
 1600.000  1.290682e+02 
 1601.000  1.236346e+02 
 1602.000  1.265073e+02 
 1603.000  1.259220e+02 
 1604.000  1.280894e+02 
 1605.000  1.261949e+02 
 1606.000  1.259006e+02 
 1607.000  1.262386e+02 
 1608.000  1.275302e+02 
 1609.000  1.270395e+02 
 1610.000  1.192809e+02 
 1611.000  1.234115e+02 
 1612.000  1.253521e+02 
 1613.000  1.288656e+02 
 1614.000  1.276001e+02 
 1615.000  1.302610e+02 
 1616.000  1.225061e+02 
 1617.000  1.265899e+02 
 1618.000  1.305332e+02 
 1619.000  1.305972e+02 
 1620.000  1.277319e+02 
 1621.000  1.261396e+02 
 1622.000  1.293138e+02 
 1623.000  1.321119e+02 
 1624.000  1.331239e+02 
 1625.000  1.301000e+02 
 1626.000  1.314375e+02 
 1627.000  1.313014e+02 
 1628.000  1.322451e+02 
 1629.000  1.321076e+02 
 1630.000  1.283011e+02 
 1631.000  1.303068e+02 
 1632.000  1.300756e+02 
 1633.000  1.283253e+02 
 1634.000  1.250760e+02 
 1635.000  1.284287e+02 
 1636.000  1.278749e+02 
 1637.000  1.218694e+02 
 1638.000  1.209798e+02 
 1639.000  1.193507e+02 
 1640.000  1.198427e+02 
 1641.000  1.188902e+02 
 1642.000  1.187396e+02 
 1643.000  1.217115e+02 
 1644.000  1.197501e+02 
 1645.000  1.198668e+02 
 1646.000  1.213062e+02 
 1647.000  1.224239e+02 
 1648.000  1.218016e+02 
 1649.000  1.189877e+02 
 1650.000  1.220026e+02 
 1651.000  1.192981e+02 
 1652.000  1.216616e+02 
 1653.000  1.205037e+02 
 1654.000  1.218546e+02 
 1655.000  1.196606e+02 
 1656.000  1.221398e+02 
 1657.000  1.212518e+02 
 1658.000  1.221069e+02 
 1659.000  1.199087e+02 
 1660.000  1.212294e+02 
 1661.000  1.216972e+02 
 1662.000  1.207075e+02 
 1663.000  1.198816e+02 
 1664.000  1.192833e+02 
 1665.000  1.180709e+02 
 1666.000  1.176686e+02 
 1667.000  1.190870e+02 
 1668.000  1.170692e+02 
 1669.000  1.175134e+02 
 1670.000  1.201590e+02 
 1671.000  1.194000e+02 
 1672.000  1.137486e+02 
 1673.000  1.169006e+02 
 1674.000  1.173113e+02 
 1675.000  1.162194e+02 
 1676.000  1.143265e+02 
 1677.000  1.149348e+02 
 1678.000  1.157043e+02 
 1679.000  1.141216e+02 
 1680.000  1.102706e+02 
 1681.000  1.064878e+02 
 1682.000  1.095607e+02 
 1683.000  1.122337e+02 
 1684.000  1.142892e+02 
 1685.000  1.145114e+02 
 1686.000  1.131357e+02 
 1687.000  1.133989e+02 
 1688.000  1.133243e+02 
 1689.000  1.119584e+02 
 1690.000  1.116991e+02 
 1691.000  1.131227e+02 
 1692.000  1.133272e+02 
 1693.000  1.129527e+02 
 1694.000  1.127907e+02 
 1695.000  1.127273e+02 
 1696.000  1.120651e+02 
 1697.000  1.113075e+02 
 1698.000  1.119481e+02 
 1699.000  1.112277e+02 
 1700.000  1.098308e+02 
 1701.000  1.101009e+02 
 1702.000  1.097368e+02 
 1703.000  1.073658e+02 
 1704.000  1.090768e+02 
 1705.000  1.095708e+02 
 1706.000  1.079833e+02 
 1707.000  1.075881e+02 
 1708.000  1.046528e+02 
 1709.000  1.065652e+02 
 1710.000  1.077431e+02 
 1711.000  9.953856e+01 
 1712.000  1.064819e+02 
 1713.000  1.068915e+02 
 1714.000  1.069577e+02 
 1715.000  1.070201e+02 
 1716.000  1.065312e+02 
 1717.000  1.055951e+02 
 1718.000  1.050272e+02 
 1719.000  1.056658e+02 
 1720.000  1.026851e+02 
 1721.000  1.011725e+02 
 1722.000  1.024582e+02 
 1723.000  9.687137e+01 
 1724.000  9.832117e+01 
 1725.000  9.997050e+01 
 1726.000  1.013165e+02 
 1727.000  1.008174e+02 
 1728.000  9.857191e+01 
 1729.000  1.007526e+02 
 1730.000  1.009386e+02 
 1731.000  9.902644e+01 
 1732.000  9.753978e+01 
 1733.000  9.131679e+01 
 1734.000  9.291398e+01 
 1735.000  9.284202e+01 
 1736.000  8.832772e+01 
 1737.000  8.701681e+01 
 1738.000  9.111008e+01 
 1739.000  9.250806e+01 
 1740.000  9.250877e+01 
 1741.000  9.026177e+01 
 1742.000  9.309133e+01 
 1743.000  9.127670e+01 
 1744.000  9.230561e+01 
 1745.000  8.959833e+01 
 1746.000  8.986823e+01 
 1747.000  8.789342e+01 
 1748.000  9.112715e+01 
 1749.000  9.069025e+01 
 1750.000  9.033433e+01 
 1751.000  8.887497e+01 
 1752.000  8.937066e+01 
 1753.000  8.927383e+01 
 1754.000  8.930345e+01 
 1755.000  8.742819e+01 
 1756.000  8.841415e+01 
 1757.000  8.847755e+01 
 1758.000  8.810319e+01 
 1759.000  8.846519e+01 
 1760.000  8.742316e+01 
 1761.000  8.493726e+01 
 1762.000  8.282983e+01 
 1763.000  8.284789e+01 
 1764.000  7.956355e+01 
 1765.000  8.095169e+01 
 1766.000  8.010162e+01 
 1767.000  8.040325e+01 
 1768.000  7.925214e+01 
 1769.000  7.959288e+01 
 1770.000  7.807404e+01 
 1771.000  7.821101e+01 
 1772.000  7.726703e+01 
 1773.000  7.718558e+01 
 1774.000  7.323931e+01 
 1775.000  6.953050e+01 
 1776.000  6.924557e+01 
 1777.000  6.600394e+01 
 1778.000  6.382277e+01 
 1779.000  6.446510e+01 
 1780.000  6.307054e+01 
 1781.000  6.241574e+01 
 1782.000  6.159390e+01 
 1783.000  5.940477e+01 
 1784.000  5.945541e+01 
 1785.000  5.928383e+01 
 1786.000  5.970765e+01 
 1787.000  6.018983e+01 
 1788.000  5.986046e+01 
 1789.000  5.566263e+01 
 1790.000  5.523842e+01 
 1791.000  5.117098e+01 
 1792.000  4.990976e+01 
 1793.000  4.515247e+01 
 1794.000  4.141392e+01 
 1795.000  4.175786e+01 
 1796.000  3.699067e+01 
 1797.000  3.310094e+01 
 1798.000  3.322012e+01 
 1799.000  2.666343e+01 
 1800.000  2.652612e+01 
 1801.000  2.137878e+01 
 1802.000  1.842412e+01 
 1803.000  1.834173e+01 
 1804.000  1.818156e+01 
 1805.000  1.746197e+01 
 1806.000  1.536683e+01 
 1807.000  1.461125e+01 
 1808.000  1.375271e+01 
 1809.000  1.093279e+01 
 1810.000  8.641210e+00 
 1811.000  8.630042e+00 
 1812.000  6.595370e+00 
 1813.000  6.610919e+00 
 1814.000  5.609328e+00 
 1815.000  3.644972e+00 
 1816.000  3.596044e+00 
 1817.000  3.024963e+00 
 1818.000  2.565586e+00 
 1819.000  2.065184e+00 
 1820.000  1.835230e+00 
 1821.000  1.849203e+00 
 1822.000  1.561595e+00 
 1823.000  1.538211e+00 
 1824.000  1.378420e+00 
 1825.000  6.624500e-01 
 1826.000  6.662759e-01 
 1827.000  4.219833e-01 
 1828.000  3.536595e-01 
 1829.000  1.487290e-01 
 1830.000  8.277644e-02 
 1831.000  8.262160e-02 
 1832.000  4.329941e-02 
 1833.000  4.175378e-02 
 1834.000  2.046529e-02 
 1835.000  6.052792e-03 
 1836.000  6.069145e-03 
 1837.000  3.574666e-03 
 1838.000  3.065293e-03 
 1839.000  4.164211e-03 
 1840.000  8.009727e-03 
 1841.000  8.189897e-03 
 1842.000  1.403636e-02 
 1843.000  1.359590e-02 
 1844.000  1.961478e-02 
 1845.000  1.809650e-02 
 1846.000  1.382075e-02 
 1847.000  9.112019e-03 
 1848.000  9.392781e-03 
 1849.000  9.257802e-03 
 1850.000  9.342255e-03 
 1851.000  8.780126e-03 
 1852.000  9.059284e-03 
 1853.000  8.864174e-03 
 1854.000  9.089098e-03 
 1855.000  9.515086e-03 
 1856.000  1.049526e-02 
 1857.000  1.092970e-02 
 1858.000  1.634204e-02 
 1859.000  3.292790e-02 
 1860.000  3.256338e-02 
 1861.000  6.613784e-02 
 1862.000  6.111281e-02 
 1863.000  6.818308e-02 
 1864.000  5.502222e-02 
 1865.000  5.528936e-02 
 1866.000  2.284024e-02 
 1867.000  2.248156e-02 
 1868.000  3.927710e-03 
 1869.000  4.259920e-03 
 1870.000  7.234988e-04 
 1871.000  2.655911e-04 
 1872.000  2.636133e-04 
 1873.000  9.884625e-04 
 1874.000  9.876016e-04 
 1875.000  5.426718e-03 
 1876.000  5.188656e-03 
 1877.000  3.337364e-02 
 1878.000  9.056663e-02 
 1879.000  9.256478e-02 
 1880.000  1.661839e-01 
 1881.000  1.713243e-01 
 1882.000  2.469002e-01 
 1883.000  2.805163e-01 
 1884.000  3.396678e-01 
 1885.000  3.379755e-01 
 1886.000  3.277783e-01 
 1887.000  3.626546e-01 
 1888.000  3.578920e-01 
 1889.000  2.732653e-01 
 1890.000  2.631524e-01 
 1891.000  2.284760e-01 
 1892.000  2.216080e-01 
 1893.000  1.854813e-01 
 1894.000  1.577782e-01 
 1895.000  1.540463e-01 
 1896.000  9.854955e-02 
 1897.000  9.815691e-02 
 1898.000  4.445185e-02 
 1899.000  4.377589e-02 
 1900.000  2.185633e-02 
 1901.000  2.198272e-02 
 1902.000  1.585365e-02 
 1903.000  2.515684e-02 
 1904.000  2.494562e-02 
 1905.000  4.525362e-02 
 1906.000  4.546667e-02 
 1907.000  7.388293e-02 
 1908.000  7.255103e-02 
 1909.000  8.405804e-02 
 1910.000  8.422535e-02 
 1911.000  9.156144e-02 
 1912.000  9.340326e-02 
 1913.000  1.405534e-01 
 1914.000  1.929665e-01 
 1915.000  1.918154e-01 
 1916.000  4.238701e-01 
 1917.000  4.263128e-01 
 1918.000  6.046706e-01 
 1919.000  6.024299e-01 
 1920.000  9.161409e-01 
 1921.000  9.533643e-01 
 1922.000  1.212084e+00 
 1923.000  1.300585e+00 
 1924.000  1.483700e+00 
 1925.000  1.534253e+00 
 1926.000  1.543219e+00 
 1927.000  1.948158e+00 
 1928.000  1.929087e+00 
 1929.000  2.134312e+00 
 1930.000  2.219631e+00 
 1931.000  3.231439e+00 
 1932.000  3.331664e+00 
 1933.000  3.755676e+00 
 1934.000  4.313080e+00 
 1935.000  5.207756e+00 
 1936.000  5.279201e+00 
 1937.000  5.547634e+00 
 1938.000  6.794238e+00 
 1939.000  6.492135e+00 
 1940.000  7.682693e+00 
 1941.000  7.757829e+00 
 1942.000  9.398124e+00 
 1943.000  9.122630e+00 
 1944.000  9.763895e+00 
 1945.000  9.174258e+00 
 1946.000  1.149558e+01 
 1947.000  1.221284e+01 
 1948.000  1.324333e+01 
 1949.000  1.378030e+01 
 1950.000  1.430666e+01 
 1951.000  1.389171e+01 
 1952.000  1.372252e+01 
 1953.000  1.443804e+01 
 1954.000  1.424239e+01 
 1955.000  1.422429e+01 
 1956.000  1.373601e+01 
 1957.000  1.486118e+01 
 1958.000  1.493054e+01 
 1959.000  1.715081e+01 
 1960.000  1.702149e+01 
 1961.000  2.028855e+01 
 1962.000  1.988483e+01 
 1963.000  2.342846e+01 
 1964.000  2.345531e+01 
 1965.000  2.836342e+01 
 1966.000  2.767006e+01 
 1967.000  3.159472e+01 
 1968.000  3.169019e+01 
 1969.000  3.507334e+01 
 1970.000  3.538211e+01 
 1971.000  3.782462e+01 
 1972.000  3.766343e+01 
 1973.000  3.805869e+01 
 1974.000  3.910197e+01 
 1975.000  4.202381e+01 
 1976.000  4.216318e+01 
 1977.000  4.401820e+01 
 1978.000  4.177606e+01 
 1979.000  4.571302e+01 
 1980.000  4.434476e+01 
 1981.000  4.679203e+01 
 1982.000  4.720653e+01 
 1983.000  4.809790e+01 
 1984.000  4.762772e+01 
 1985.000  4.815646e+01 
 1986.000  4.719342e+01 
 1987.000  4.777052e+01 
 1988.000  4.911242e+01 
 1989.000  4.882493e+01 
 1990.000  4.868501e+01 
 1991.000  4.823399e+01 
 1992.000  4.759178e+01 
 1993.000  4.523748e+01 
 1994.000  4.560256e+01 
 1995.000  4.273307e+01 
 1996.000  4.274456e+01 
 1997.000  3.563353e+01 
 1998.000  3.495875e+01 
 1999.000  2.727225e+01 
 2000.000  2.730114e+01 
 2001.000  2.044455e+01 
 2002.000  2.047771e+01 
 2003.000  1.713407e+01 
 2004.000  1.713048e+01 
 2005.000  1.742552e+01 
 2006.000  1.697332e+01 
 2007.000  1.903281e+01 
 2008.000  1.902671e+01 
 2009.000  2.034416e+01 
 2010.000  2.038182e+01 
 2011.000  2.083547e+01 
 2012.000  2.081829e+01 
 2013.000  2.132278e+01 
 2014.000  2.111390e+01 
 2015.000  2.237788e+01 
 2016.000  2.234891e+01 
 2017.000  2.505002e+01 
 2018.000  2.510947e+01 
 2019.000  2.962834e+01 
 2020.000  2.941373e+01 
 2021.000  3.316239e+01 
 2022.000  3.433151e+01 
 2023.000  3.912693e+01 
 2024.000  3.916867e+01 
 2025.000  4.251858e+01 
 2026.000  4.290475e+01 
 2027.000  4.529020e+01 
 2028.000  4.545422e+01 
 2029.000  4.668411e+01 
 2030.000  4.613884e+01 
 2031.000  4.792141e+01 
 2032.000  4.872193e+01 
 2033.000  4.994274e+01 
 2034.000  4.990402e+01 
 2035.000  4.881745e+01 
 2036.000  4.996284e+01 
 2037.000  5.033880e+01 
 2038.000  4.763895e+01 
 2039.000  4.918159e+01 
 2040.000  4.958172e+01 
 2041.000  4.903093e+01 
 2042.000  4.857520e+01 
 2043.000  4.780751e+01 
 2044.000  4.779953e+01 
 2045.000  4.586377e+01 
 2046.000  4.583300e+01 
 2047.000  4.558507e+01 
 2048.000  4.244346e+01 
 2049.000  4.267753e+01 
 2050.000  3.910640e+01 
 2051.000  3.889021e+01 
 2052.000  3.657066e+01 
 2053.000  3.605735e+01 
 2054.000  3.575101e+01 
 2055.000  3.602288e+01 
 2056.000  3.662889e+01 
 2057.000  3.648801e+01 
 2058.000  3.758137e+01 
 2059.000  3.759480e+01 
 2060.000  3.786411e+01 
 2061.000  3.686193e+01 
 2062.000  3.794115e+01 
 2063.000  3.780051e+01 
 2064.000  3.558916e+01 
 2065.000  3.767587e+01 
 2066.000  3.772278e+01 
 2067.000  3.811065e+01 
 2068.000  3.778807e+01 
 2069.000  3.890315e+01 
 2070.000  3.759938e+01 
 2071.000  4.078900e+01 
 2072.000  4.032205e+01 
 2073.000  4.305398e+01 
 2074.000  4.298981e+01 
 2075.000  4.475714e+01 
 2076.000  4.470657e+01 
 2077.000  4.603669e+01 
 2078.000  4.602642e+01 
 2079.000  4.526163e+01 
 2080.000  4.661730e+01 
 2081.000  4.616358e+01 
 2082.000  4.703268e+01 
 2083.000  4.621206e+01 
 2084.000  4.680021e+01 
 2085.000  4.719064e+01 
 2086.000  4.780744e+01 
 2087.000  4.778474e+01 
 2088.000  4.831990e+01 
 2089.000  4.838853e+01 
 2090.000  4.868751e+01 
 2091.000  4.832388e+01 
 2092.000  4.648039e+01 
 2093.000  4.820906e+01 
 2094.000  4.866323e+01 
 2095.000  4.715406e+01 
 2096.000  4.857414e+01 
 2097.000  4.839371e+01 
 2098.000  4.832786e+01 
 2099.000  4.863692e+01 
 2100.000  4.876648e+01 
 2101.000  4.899386e+01 
 2102.000  4.932874e+01 
 2103.000  4.857662e+01 
 2104.000  4.948264e+01 
 2105.000  4.944131e+01 
 2106.000  4.980643e+01 
 2107.000  4.965757e+01 
 2108.000  4.963930e+01 
 2109.000  4.938528e+01 
 2110.000  4.813465e+01 
 2111.000  4.925604e+01 
 2112.000  4.907545e+01 
 2113.000  4.882663e+01 
 2114.000  4.897963e+01 
 2115.000  4.887077e+01 
 2116.000  4.853705e+01 
 2117.000  4.734641e+01 
 2118.000  4.844198e+01 
 2119.000  4.885722e+01 
 2120.000  4.768793e+01 
 2121.000  4.886109e+01 
 2122.000  4.844041e+01 
 2123.000  4.847334e+01 
 2124.000  4.789066e+01 
 2125.000  4.892556e+01 
 2126.000  4.937567e+01 
 2127.000  4.851654e+01 
 2128.000  4.972003e+01 
 2129.000  4.960833e+01 
 2130.000  4.952817e+01 
 2131.000  4.982707e+01 
 2132.000  4.973859e+01 
 2133.000  4.978167e+01 
 2134.000  4.963179e+01 
 2135.000  4.973759e+01 
 2136.000  4.792219e+01 
 2137.000  4.957613e+01 
 2138.000  4.956598e+01 
 2139.000  4.931797e+01 
 2140.000  4.927391e+01 
 2141.000  4.931960e+01 
 2142.000  4.895906e+01 
 2143.000  4.871450e+01 
 2144.000  4.824910e+01 
 2145.000  4.776880e+01 
 2146.000  4.668899e+01 
 2147.000  4.716344e+01 
 2148.000  4.718442e+01 
 2149.000  4.622349e+01 
 2150.000  4.616768e+01 
 2151.000  4.550081e+01 
 2152.000  4.538958e+01 
 2153.000  4.495354e+01 
 2154.000  4.506025e+01 
 2155.000  4.504111e+01 
 2156.000  4.515302e+01 
 2157.000  4.503814e+01 
 2158.000  4.502903e+01 
 2159.000  4.482081e+01 
 2160.000  4.473180e+01 
 2161.000  4.468744e+01 
 2162.000  4.408872e+01 
 2163.000  4.420007e+01 
 2164.000  4.358120e+01 
 2165.000  4.219635e+01 
 2166.000  3.790377e+01 
 2167.000  4.153442e+01 
 2168.000  4.284914e+01 
 2169.000  4.398723e+01 
 2170.000  4.401775e+01 
 2171.000  4.440157e+01 
 2172.000  4.418920e+01 
 2173.000  4.434856e+01 
 2174.000  4.408873e+01 
 2175.000  4.414263e+01 
 2176.000  4.387205e+01 
 2177.000  4.337466e+01 
 2178.000  4.369104e+01 
 2179.000  4.183371e+01 
 2180.000  4.352254e+01 
 2181.000  4.345388e+01 
 2182.000  4.287919e+01 
 2183.000  4.182213e+01 
 2184.000  4.288696e+01 
 2185.000  4.299577e+01 
 2186.000  4.314854e+01 
 2187.000  4.309155e+01 
 2188.000  4.200362e+01 
 2189.000  4.188975e+01 
 2190.000  4.239793e+01 
 2191.000  4.292937e+01 
 2192.000  4.281232e+01 
 2193.000  4.218413e+01 
 2194.000  4.207417e+01 
 2195.000  4.194920e+01 
 2196.000  4.126596e+01 
 2197.000  4.110403e+01 
 2198.000  4.073917e+01 
 2199.000  4.068097e+01 
 2200.000  4.052995e+01 
 2201.000  4.071018e+01 
 2202.000  4.064477e+01 
 2203.000  4.136264e+01 
 2204.000  4.137034e+01 
 2205.000  4.125217e+01 
 2206.000  4.050642e+01 
 2207.000  3.999062e+01 
 2208.000  4.226054e+01 
 2209.000  4.138717e+01 
 2210.000  4.284194e+01 
 2211.000  4.280406e+01 
 2212.000  4.266765e+01 
 2213.000  4.271062e+01 
 2214.000  4.253941e+01 
 2215.000  4.256647e+01 
 2216.000  4.220900e+01 
 2217.000  4.159853e+01 
 2218.000  4.211615e+01 
 2219.000  4.225082e+01 
 2220.000  4.214071e+01 
 2221.000  4.206797e+01 
 2222.000  4.190141e+01 
 2223.000  4.192794e+01 
 2224.000  4.182430e+01 
 2225.000  4.165442e+01 
 2226.000  4.093504e+01 
 2227.000  4.105191e+01 
 2228.000  4.105089e+01 
 2229.000  4.141974e+01 
 2230.000  4.096950e+01 
 2231.000  4.103192e+01 
 2232.000  4.102987e+01 
 2233.000  4.089602e+01 
 2234.000  4.081964e+01 
 2235.000  4.056474e+01 
 2236.000  4.040110e+01 
 2237.000  4.041954e+01 
 2238.000  3.991861e+01 
 2239.000  3.908069e+01 
 2240.000  3.953346e+01 
 2241.000  3.992350e+01 
 2242.000  3.983686e+01 
 2243.000  3.914611e+01 
 2244.000  3.944347e+01 
 2245.000  3.943639e+01 
 2246.000  3.935187e+01 
 2247.000  3.931567e+01 
 2248.000  3.823024e+01 
 2249.000  3.902625e+01 
 2250.000  3.865488e+01 
 2251.000  3.860942e+01 
 2252.000  3.867144e+01 
 2253.000  3.805445e+01 
 2254.000  3.710363e+01 
 2255.000  3.784783e+01 
 2256.000  3.756207e+01 
 2257.000  3.756027e+01 
 2258.000  3.747836e+01 
 2259.000  3.752056e+01 
 2260.000  3.719339e+01 
 2261.000  3.701118e+01 
 2262.000  3.708121e+01 
 2263.000  3.576468e+01 
 2264.000  3.708043e+01 
 2265.000  3.686106e+01 
 2266.000  3.637936e+01 
 2267.000  3.670149e+01 
 2268.000  3.673094e+01 
 2269.000  3.664648e+01 
 2270.000  3.653784e+01 
 2271.000  3.627066e+01 
 2272.000  3.660606e+01 
 2273.000  3.657251e+01 
 2274.000  3.646353e+01 
 2275.000  3.592252e+01 
 2276.000  3.640460e+01 
 2277.000  3.641117e+01 
 2278.000  3.639326e+01 
 2279.000  3.628046e+01 
 2280.000  3.617084e+01 
 2281.000  3.433448e+01 
 2282.000  3.545085e+01 
 2283.000  3.555464e+01 
 2284.000  3.543229e+01 
 2285.000  3.530439e+01 
 2286.000  3.513727e+01 
 2287.000  3.520799e+01 
 2288.000  3.508443e+01 
 2289.000  3.458751e+01 
 2290.000  3.458632e+01 
 2291.000  3.398290e+01 
 2292.000  3.415073e+01 
 2293.000  3.408336e+01 
 2294.000  3.213310e+01 
 2295.000  3.298431e+01 
 2296.000  3.285398e+01 
 2297.000  3.228290e+01 
 2298.000  3.299924e+01 
 2299.000  3.313817e+01 
 2300.000  3.304979e+01 
 2301.000  3.302469e+01 
 2302.000  3.353326e+01 
 2303.000  3.343376e+01 
 2304.000  3.332143e+01 
 2305.000  3.385279e+01 
 2306.000  3.388841e+01 
 2307.000  3.395634e+01 
 2308.000  3.395089e+01 
 2309.000  3.373124e+01 
 2310.000  3.346498e+01 
 2311.000  3.356985e+01 
 2312.000  3.341277e+01 
 2313.000  3.281069e+01 
 2314.000  3.261934e+01 
 2315.000  3.115942e+01 
 2316.000  3.161556e+01 
 2317.000  3.130810e+01 
 2318.000  3.273787e+01 
 2319.000  3.260657e+01 
 2320.000  3.120347e+01 
 2321.000  3.134826e+01 
 2322.000  3.132378e+01 
 2323.000  3.004337e+01 
 2324.000  3.087758e+01 
 2325.000  3.112966e+01 
 2326.000  3.096062e+01 
 2327.000  3.154854e+01 
 2328.000  3.175987e+01 
 2329.000  3.145454e+01 
 2330.000  3.140038e+01 
 2331.000  3.125366e+01 
 2332.000  3.083909e+01 
 2333.000  3.081769e+01 
 2334.000  2.995959e+01 
 2335.000  2.953400e+01 
 2336.000  2.973701e+01 
 2337.000  2.897837e+01 
 2338.000  2.882864e+01 
 2339.000  2.808263e+01 
 2340.000  2.819638e+01 
 2341.000  2.823040e+01 
 2342.000  2.772506e+01 
 2343.000  2.759418e+01 
 2344.000  2.751380e+01 
 2345.000  2.714337e+01 
 2346.000  2.720818e+01 
 2347.000  2.704383e+01 
 2348.000  2.691153e+01 
 2349.000  2.704035e+01 
 2350.000  2.686897e+01 
 2351.000  2.709392e+01 
 2352.000  2.667295e+01 
 2353.000  2.604963e+01 
 2354.000  2.672701e+01 
 2355.000  2.703182e+01 
 2356.000  2.751556e+01 
 2357.000  2.729289e+01 
 2358.000  2.729095e+01 
 2359.000  2.782106e+01 
 2360.000  2.784510e+01 
 2361.000  2.764099e+01 
 2362.000  2.708759e+01 
 2363.000  2.704952e+01 
 2364.000  2.710961e+01 
 2365.000  2.613304e+01 
 2366.000  2.618694e+01 
 2367.000  2.498968e+01 
 2368.000  2.486437e+01 
 2369.000  2.462642e+01 
 2370.000  2.386974e+01 
 2371.000  2.414660e+01 
 2372.000  2.415432e+01 
 2373.000  2.412064e+01 
 2374.000  2.294309e+01 
 2375.000  2.369341e+01 
 2376.000  2.386349e+01 
 2377.000  2.378674e+01 
 2378.000  2.371661e+01 
 2379.000  2.399103e+01 
 2380.000  2.391321e+01 
 2381.000  2.354543e+01 
 2382.000  2.360255e+01 
 2383.000  2.247029e+01 
 2384.000  2.245905e+01 
 2385.000  2.263286e+01 
 2386.000  2.279885e+01 
 2387.000  2.278407e+01 
 2388.000  2.339536e+01 
 2389.000  2.331110e+01 
 2390.000  2.381483e+01 
 2391.000  2.377358e+01 
 2392.000  2.368549e+01 
 2393.000  2.379369e+01 
 2394.000  2.410291e+01 
 2395.000  2.389009e+01 
 2396.000  2.385517e+01 
 2397.000  2.396688e+01 
 2398.000  2.377182e+01 
 2399.000  2.361658e+01 
 2400.000  2.339601e+01 
 2401.000  2.294549e+01 
 2402.000  2.306235e+01 
 2403.000  2.289378e+01 
 2404.000  2.188390e+01 
 2405.000  2.202842e+01 
 2406.000  2.170842e+01 
 2407.000  2.089913e+01 
 2408.000  2.093582e+01 
 2409.000  2.086858e+01 
 2410.000  1.985694e+01 
 2411.000  1.987572e+01 
 2412.000  1.985105e+01 
 2413.000  1.911313e+01 
 2414.000  1.844794e+01 
 2415.000  1.837966e+01 
 2416.000  1.782802e+01 
 2417.000  1.863268e+01 
 2418.000  1.879509e+01 
 2419.000  2.008030e+01 
 2420.000  1.986563e+01 
 2421.000  1.992149e+01 
 2422.000  2.075871e+01 
 2423.000  2.061293e+01 
 2424.000  2.067445e+01 
 2425.000  2.088132e+01 
 2426.000  2.114513e+01 
 2427.000  2.087390e+01 
 2428.000  2.082388e+01 
 2429.000  2.096468e+01 
 2430.000  2.083939e+01 
 2431.000  2.024852e+01 
 2432.000  2.037420e+01 
 2433.000  2.024251e+01 
 2434.000  1.919329e+01 
 2435.000  1.898314e+01 
 2436.000  1.951440e+01 
 2437.000  1.939560e+01 
 2438.000  1.893027e+01 
 2439.000  1.937291e+01 
 2440.000  1.847385e+01 
 2441.000  1.825951e+01 
 2442.000  1.837233e+01 
 2443.000  1.688132e+01 
 2444.000  1.679745e+01 
 2445.000  1.569046e+01 
 2446.000  1.523783e+01 
 2447.000  1.527301e+01 
 2448.000  1.485120e+01 
 2449.000  1.485169e+01 
 2450.000  1.495591e+01 
 2451.000  1.510029e+01 
 2452.000  1.509356e+01 
 2453.000  1.532906e+01 
 2454.000  1.674197e+01 
 2455.000  1.656990e+01 
 2456.000  1.654132e+01 
 2457.000  1.585447e+01 
 2458.000  1.703647e+01 
 2459.000  1.715455e+01 
 2460.000  1.704937e+01 
 2461.000  1.633216e+01 
 2462.000  1.637517e+01 
 2463.000  1.615548e+01 
 2464.000  1.530464e+01 
 2465.000  1.518490e+01 
 2466.000  1.506679e+01 
 2467.000  1.383257e+01 
 2468.000  1.383174e+01 
 2469.000  1.359726e+01 
 2470.000  1.139724e+01 
 2471.000  1.188404e+01 
 2472.000  1.183711e+01 
 2473.000  1.119441e+01 
 2474.000  1.099534e+01 
 2475.000  1.106161e+01 
 2476.000  9.420726e+00 
 2477.000  9.559128e+00 
 2478.000  9.513168e+00 
 2479.000  7.752046e+00 
 2480.000  7.864775e+00 
 2481.000  7.596147e+00 
 2482.000  6.368187e+00 
 2483.000  6.191378e+00 
 2484.000  6.481124e+00 
 2485.000  5.484800e+00 
 2486.000  5.451623e+00 
 2487.000  5.029015e+00 
 2488.000  5.022734e+00 
 2489.000  5.019223e+00 
 2490.000  5.045392e+00 
 2491.000  5.126337e+00 
 2492.000  5.147257e+00 
 2493.000  5.065703e+00 
 2494.000  5.159122e+00 
 2495.000  5.102721e+00 
 2496.000  5.070711e+00 
 2497.000  5.468665e+00 
 2498.000  5.431458e+00 
 2499.000  5.457064e+00 
 2500.000  5.132415e+00 
 2501.000  4.500440e+00 
 2502.000  4.527141e+00 
 2503.000  4.479827e+00 
 2504.000  4.036769e+00 
 2505.000  4.082198e+00 
 2506.000  3.761403e+00 
 2507.000  2.685849e+00 
 2508.000  2.647964e+00 
 2509.000  2.637644e+00 
 2510.000  2.056195e+00 
 2511.000  2.068606e+00 
 2512.000  1.812717e+00 
 2513.000  1.180102e+00 
 2514.000  1.177875e+00 
 2515.000  1.172063e+00 
 2516.000  9.984224e-01 
 2517.000  9.899089e-01 
 2518.000  9.743714e-01 
 2519.000  5.015235e-01 
 2520.000  5.007090e-01 
 2521.000  5.015485e-01 
 2522.000  5.001948e-01 
 2523.000  3.336996e-01 
 2524.000  3.324850e-01 
 2525.000  2.607991e-01 
 2526.000  1.138420e-01 
 2527.000  1.131094e-01 
 2528.000  1.135396e-01 
 2529.000  6.470685e-02 
 2530.000  6.477867e-02 
 2531.000  6.492858e-02 
 2532.000  1.747374e-02 
 2533.000  1.730791e-02 
 2534.000  1.743718e-02 
 2535.000  1.145341e-02 
 2536.000  1.151298e-02 
 2537.000  1.139666e-02 
 2538.000  7.269885e-03 
 2539.000  1.799851e-03 
 2540.000  1.803465e-03 
 2541.000  1.811892e-03 
 2542.000  9.610440e-04 
 2543.000  9.994737e-04 
 2544.000  4.532710e-04 
 2545.000  1.791078e-04 
 2546.000  1.795858e-04 
 2547.000  1.750507e-04 
 2548.000  1.773045e-04 
 2549.000  1.803286e-04 
 2550.000  1.792168e-04 
 2551.000  7.814207e-05 
 2552.000  3.232951e-05 
 2553.000  3.198122e-05 
 2554.000  3.262435e-05 
 2555.000  2.538167e-05 
 2556.000  2.517584e-05 
 2557.000  9.482956e-06 
 2558.000  6.512763e-07 
 2559.000  6.542310e-07 
 2560.000  6.448038e-07 
 2561.000  7.945194e-08 
 2562.000  7.968653e-08 
 2563.000  8.024457e-08 
 2564.000  2.603611e-08 
 2565.000  0.000000e+00 
 2566.000  0.000000e+00 
 2567.000  0.000000e+00 
 2568.000  0.000000e+00 
 2569.000  0.000000e+00 
 2570.000  0.000000e+00 
 2571.000  0.000000e+00 
 2572.000  0.000000e+00 
 2573.000  0.000000e+00 
 2574.000  0.000000e+00 
 2575.000  0.000000e+00 
 2576.000  0.000000e+00 
 2577.000  0.000000e+00 
 2578.000  0.000000e+00 
 2579.000  0.000000e+00 
 2580.000  0.000000e+00 
 2581.000  0.000000e+00 
 2582.000  0.000000e+00 
 2583.000  0.000000e+00 
 2584.000  0.000000e+00 
 2585.000  0.000000e+00 
 2586.000  0.000000e+00 
 2587.000  0.000000e+00 
 2588.000  0.000000e+00 
 2589.000  0.000000e+00 
 2590.000  0.000000e+00 
 2591.000  0.000000e+00 
 2592.000  0.000000e+00 
 2593.000  0.000000e+00 
 2594.000  0.000000e+00 
 2595.000  0.000000e+00 
 2596.000  0.000000e+00 
 2597.000  0.000000e+00 
 2598.000  0.000000e+00 
 2599.000  0.000000e+00 
 2600.000  0.000000e+00 
 2601.000  0.000000e+00 
 2602.000  0.000000e+00 
 2603.000  0.000000e+00 
 2604.000  0.000000e+00 
 2605.000  0.000000e+00 
 2606.000  0.000000e+00 
 2607.000  0.000000e+00 
 2608.000  0.000000e+00 
 2609.000  0.000000e+00 
 2610.000  0.000000e+00 
 2611.000  0.000000e+00 
 2612.000  0.000000e+00 
 2613.000  0.000000e+00 
 2614.000  0.000000e+00 
 2615.000  0.000000e+00 
 2616.000  0.000000e+00 
 2617.000  0.000000e+00 
 2618.000  0.000000e+00 
 2619.000  0.000000e+00 
 2620.000  0.000000e+00 
 2621.000  0.000000e+00 
 2622.000  0.000000e+00 
 2623.000  0.000000e+00 
 2624.000  0.000000e+00 
 2625.000  0.000000e+00 
 2626.000  0.000000e+00 
 2627.000  0.000000e+00 
 2628.000  0.000000e+00 
 2629.000  0.000000e+00 
 2630.000  0.000000e+00 
 2631.000  0.000000e+00 
 2632.000  0.000000e+00 
 2633.000  0.000000e+00 
 2634.000  0.000000e+00 
 2635.000  0.000000e+00 
 2636.000  0.000000e+00 
 2637.000  0.000000e+00 
 2638.000  0.000000e+00 
 2639.000  0.000000e+00 
 2640.000  0.000000e+00 
 2641.000  0.000000e+00 
 2642.000  0.000000e+00 
 2643.000  0.000000e+00 
 2644.000  0.000000e+00 
 2645.000  0.000000e+00 
 2646.000  0.000000e+00 
 2647.000  0.000000e+00 
 2648.000  0.000000e+00 
 2649.000  0.000000e+00 
 2650.000  0.000000e+00 
 2651.000  0.000000e+00 
 2652.000  0.000000e+00 
 2653.000  0.000000e+00 
 2654.000  0.000000e+00 
 2655.000  0.000000e+00 
 2656.000  0.000000e+00 
 2657.000  0.000000e+00 
 2658.000  0.000000e+00 
 2659.000  0.000000e+00 
 2660.000  0.000000e+00 
 2661.000  0.000000e+00 
 2662.000  0.000000e+00 
 2663.000  0.000000e+00 
 2664.000  0.000000e+00 
 2665.000  0.000000e+00 
 2666.000  0.000000e+00 
 2667.000  0.000000e+00 
 2668.000  0.000000e+00 
 2669.000  0.000000e+00 
 2670.000  0.000000e+00 
 2671.000  0.000000e+00 
 2672.000  0.000000e+00 
 2673.000  0.000000e+00 
 2674.000  0.000000e+00 
 2675.000  0.000000e+00 
 2676.000  0.000000e+00 
 2677.000  0.000000e+00 
 2678.000  0.000000e+00 
 2679.000  0.000000e+00 
 2680.000  0.000000e+00 
 2681.000  0.000000e+00 
 2682.000  0.000000e+00 
 2683.000  0.000000e+00 
 2684.000  0.000000e+00 
 2685.000  0.000000e+00 
 2686.000  0.000000e+00 
 2687.000  0.000000e+00 
 2688.000  0.000000e+00 
 2689.000  0.000000e+00 
 2690.000  0.000000e+00 
 2691.000  0.000000e+00 
 2692.000  0.000000e+00 
 2693.000  0.000000e+00 
 2694.000  0.000000e+00 
 2695.000  0.000000e+00 
 2696.000  0.000000e+00 
 2697.000  0.000000e+00 
 2698.000  0.000000e+00 
 2699.000  0.000000e+00 
 2700.000  0.000000e+00 
 2701.000  0.000000e+00 
 2702.000  0.000000e+00 
 2703.000  0.000000e+00 
 2704.000  0.000000e+00 
 2705.000  0.000000e+00 
 2706.000  0.000000e+00 
 2707.000  0.000000e+00 
 2708.000  0.000000e+00 
 2709.000  0.000000e+00 
 2710.000  0.000000e+00 
 2711.000  0.000000e+00 
 2712.000  0.000000e+00 
 2713.000  0.000000e+00 
 2714.000  0.000000e+00 
 2715.000  0.000000e+00 
 2716.000  0.000000e+00 
 2717.000  0.000000e+00 
 2718.000  0.000000e+00 
 2719.000  0.000000e+00 
 2720.000  0.000000e+00 
 2721.000  0.000000e+00 
 2722.000  0.000000e+00 
 2723.000  0.000000e+00 
 2724.000  0.000000e+00 
 2725.000  0.000000e+00 
 2726.000  0.000000e+00 
 2727.000  0.000000e+00 
 2728.000  0.000000e+00 
 2729.000  0.000000e+00 
 2730.000  0.000000e+00 
 2731.000  0.000000e+00 
 2732.000  0.000000e+00 
 2733.000  0.000000e+00 
 2734.000  0.000000e+00 
 2735.000  0.000000e+00 
 2736.000  0.000000e+00 
 2737.000  0.000000e+00 
 2738.000  0.000000e+00 
 2739.000  0.000000e+00 
 2740.000  0.000000e+00 
 2741.000  0.000000e+00 
 2742.000  0.000000e+00 
 2743.000  0.000000e+00 
 2744.000  0.000000e+00 
 2745.000  0.000000e+00 
 2746.000  0.000000e+00 
 2747.000  0.000000e+00 
 2748.000  0.000000e+00 
 2749.000  0.000000e+00 
 2750.000  0.000000e+00 
 2751.000  0.000000e+00 
 2752.000  0.000000e+00 
 2753.000  0.000000e+00 
 2754.000  0.000000e+00 
 2755.000  0.000000e+00 
 2756.000  0.000000e+00 
 2757.000  0.000000e+00 
 2758.000  0.000000e+00 
 2759.000  0.000000e+00 
 2760.000  0.000000e+00 
 2761.000  0.000000e+00 
 2762.000  0.000000e+00 
 2763.000  0.000000e+00 
 2764.000  0.000000e+00 
 2765.000  0.000000e+00 
 2766.000  0.000000e+00 
 2767.000  0.000000e+00 
 2768.000  0.000000e+00 
 2769.000  0.000000e+00 
 2770.000  0.000000e+00 
 2771.000  0.000000e+00 
 2772.000  0.000000e+00 
 2773.000  0.000000e+00 
 2774.000  0.000000e+00 
 2775.000  0.000000e+00 
 2776.000  0.000000e+00 
 2777.000  0.000000e+00 
 2778.000  0.000000e+00 
 2779.000  0.000000e+00 
 2780.000  0.000000e+00 
 2781.000  0.000000e+00 
 2782.000  0.000000e+00 
 2783.000  0.000000e+00 
 2784.000  0.000000e+00 
 2785.000  0.000000e+00 
 2786.000  0.000000e+00 
 2787.000  0.000000e+00 
 2788.000  0.000000e+00 
 2789.000  0.000000e+00 
 2790.000  1.195936e-09 
 2791.000  1.195743e-09 
 2792.000  1.195784e-09 
 2793.000  2.500713e-09 
 2794.000  1.854170e-08 
 2795.000  1.856304e-08 
 2796.000  1.856662e-08 
 2797.000  1.858927e-08 
 2798.000  1.248038e-06 
 2799.000  1.247750e-06 
 2800.000  1.250641e-06 
 2801.000  2.077798e-06 
 2802.000  5.866347e-06 
 2803.000  5.850163e-06 
 2804.000  5.818013e-06 
 2805.000  5.863252e-06 
 2806.000  1.458572e-05 
 2807.000  1.452090e-05 
 2808.000  1.457340e-05 
 2809.000  9.861878e-05 
 2810.000  9.873589e-05 
 2811.000  9.857662e-05 
 2812.000  9.862253e-05 
 2813.000  3.036521e-04 
 2814.000  3.034874e-04 
 2815.000  3.038367e-04 
 2816.000  3.021707e-04 
 2817.000  1.541832e-03 
 2818.000  1.541217e-03 
 2819.000  1.538300e-03 
 2820.000  1.535707e-03 
 2821.000  3.311081e-03 
 2822.000  3.304258e-03 
 2823.000  3.301667e-03 
 2824.000  3.289499e-03 
 2825.000  8.687530e-03 
 2826.000  8.697528e-03 
 2827.000  8.676321e-03 
 2828.000  8.655799e-03 
 2829.000  1.046992e-02 
 2830.000  1.047297e-02 
 2831.000  1.044544e-02 
 2832.000  1.046901e-02 
 2833.000  1.855540e-02 
 2834.000  1.857368e-02 
 2835.000  1.855930e-02 
 2836.000  1.852890e-02 
 2837.000  2.074281e-02 
 2838.000  2.069814e-02 
 2839.000  2.073007e-02 
 2840.000  2.060951e-02 
 2841.000  3.373205e-02 
 2842.000  3.433584e-02 
 2843.000  3.418057e-02 
 2844.000  3.418709e-02 
 2845.000  3.758673e-02 
 2846.000  3.755571e-02 
 2847.000  3.749691e-02 
 2848.000  3.750210e-02 
 2849.000  4.358807e-02 
 2850.000  6.744006e-02 
 2851.000  6.741796e-02 
 2852.000  6.740205e-02 
 2853.000  6.773087e-02 
 2854.000  9.713499e-02 
 2855.000  9.755769e-02 
 2856.000  9.750860e-02 
 2857.000  1.084635e-01 
 2858.000  1.783557e-01 
 2859.000  1.776954e-01 
 2860.000  1.764610e-01 
 2861.000  1.776561e-01 
 2862.000  2.724924e-01 
 2863.000  2.721393e-01 
 2864.000  2.720671e-01 
 2865.000  3.029712e-01 
 2866.000  4.151750e-01 
 2867.000  4.134052e-01 
 2868.000  4.097550e-01 
 2869.000  4.116157e-01 
 2870.000  5.258318e-01 
 2871.000  5.281829e-01 
 2872.000  5.222862e-01 
 2873.000  5.561463e-01 
 2874.000  7.249314e-01 
 2875.000  7.289830e-01 
 2876.000  7.324200e-01 
 2877.000  7.333359e-01 
 2878.000  9.154506e-01 
 2879.000  9.152229e-01 
 2880.000  9.132272e-01 
 2881.000  9.137455e-01 
 2882.000  1.265649e+00 
 2883.000  1.266870e+00 
 2884.000  1.265610e+00 
 2885.000  1.262161e+00 
 2886.000  1.258505e+00 
 2887.000  1.370535e+00 
 2888.000  1.368967e+00 
 2889.000  1.361589e+00 
 2890.000  1.436390e+00 
 2891.000  1.602856e+00 
 2892.000  1.601610e+00 
 2893.000  1.598952e+00 
 2894.000  1.592653e+00 
 2895.000  1.599932e+00 
 2896.000  1.597133e+00 
 2897.000  1.597571e+00 
 2898.000  1.649332e+00 
 2899.000  1.612192e+00 
 2900.000  1.616612e+00 
 2901.000  1.611886e+00 
 2902.000  1.612896e+00 
 2903.000  1.821302e+00 
 2904.000  1.818235e+00 
 2905.000  1.818518e+00 
 2906.000  1.791789e+00 
 2907.000  2.071161e+00 
 2908.000  2.068552e+00 
 2909.000  2.067589e+00 
 2910.000  2.064452e+00 
 2911.000  2.061915e+00 
 2912.000  2.282647e+00 
 2913.000  2.275761e+00 
 2914.000  2.271667e+00 
 2915.000  2.317817e+00 
 2916.000  2.779765e+00 
 2917.000  2.802075e+00 
 2918.000  2.797834e+00 
 2919.000  2.794875e+00 
 2920.000  1.123032e+01 
 2921.000  1.122308e+01 
 2922.000  1.119130e+01 
 2923.000  1.109701e+01 
 2924.000  3.964124e+00 
 2925.000  4.006568e+00 
 2926.000  3.941644e+00 
 2927.000  4.000362e+00 
 2928.000  3.999611e+00 
 2929.000  4.199782e+00 
 2930.000  4.266897e+00 
 2931.000  4.262452e+00 
 2932.000  4.376987e+00 
 2933.000  4.351024e+00 
 2934.000  4.357877e+00 
 2935.000  4.338104e+00 
 2936.000  4.340985e+00 
 2937.000  4.057305e+00 
 2938.000  4.058772e+00 
 2939.000  4.034130e+00 
 2940.000  4.045508e+00 
 2941.000  4.100522e+00 
 2942.000  3.834252e+00 
 2943.000  3.780721e+00 
 2944.000  3.808659e+00 
 2945.000  3.811071e+00 
 2946.000  3.874407e+00 
 2947.000  3.800052e+00 
 2948.000  3.860508e+00 
 2949.000  3.913277e+00 
 2950.000  4.098947e+00 
 2951.000  4.089063e+00 
 2952.000  4.063440e+00 
 2953.000  4.088046e+00 
 2954.000  4.077330e+00 
 2955.000  4.178640e+00 
 2956.000  4.188046e+00 
 2957.000  4.182331e+00 
 2958.000  4.222226e+00 
 2959.000  4.023263e+00 
 2960.000  4.003780e+00 
 2961.000  3.993382e+00 
 2962.000  4.006915e+00 
 2963.000  3.325489e+00 
 2964.000  3.318745e+00 
 2965.000  3.319427e+00 
 2966.000  3.312155e+00 
 2967.000  3.335751e+00 
 2968.000  2.843486e+00 
 2969.000  2.835179e+00 
 2970.000  2.831236e+00 
 2971.000  2.825522e+00 
 2972.000  3.030531e+00 
 2973.000  3.029200e+00 
 2974.000  3.027472e+00 
 2975.000  3.022471e+00 
 2976.000  3.040265e+00 
 2977.000  3.742000e+00 
 2978.000  3.729603e+00 
 2979.000  3.698603e+00 
 2980.000  3.726406e+00 
 2981.000  4.785182e+00 
 2982.000  4.768685e+00 
 2983.000  4.774128e+00 
 2984.000  4.767565e+00 
 2985.000  4.791084e+00 
 2986.000  5.720114e+00 
 2987.000  5.711051e+00 
 2988.000  5.664707e+00 
 2989.000  5.694489e+00 
 2990.000  5.751728e+00 
 2991.000  5.770581e+00 
 2992.000  5.764524e+00 
 2993.000  5.755939e+00 
 2994.000  5.746894e+00 
 2995.000  5.697680e+00 
 2996.000  5.687999e+00 
 2997.000  5.583563e+00 
 2998.000  5.658618e+00 
 2999.000  5.427559e+00 
 3000.000  5.339076e+00 
 3001.000  5.422468e+00 
 3002.000  5.420652e+00 
 3003.000  5.429282e+00 
 3004.000  4.837251e+00 
 3005.000  4.838886e+00 
 3006.000  4.829740e+00 
 3007.000  4.829179e+00 
 3008.000  4.740918e+00 
 3009.000  4.749618e+00 
 3010.000  4.741333e+00 
 3011.000  4.750926e+00 
 3012.000  4.744442e+00 
 3013.000  4.511127e+00 
 3014.000  4.500244e+00 
 3015.000  4.478784e+00 
 3016.000  4.493553e+00 
 3017.000  4.165870e+00 
 3018.000  4.179867e+00 
 3019.000  4.178235e+00 
 3020.000  4.129620e+00 
 3021.000  4.140518e+00 
 3022.000  4.143533e+00 
 3023.000  4.132332e+00 
 3024.000  4.123362e+00 
 3025.000  4.114714e+00 
 3026.000  3.852511e+00 
 3027.000  3.839037e+00 
 3028.000  3.820463e+00 
 3029.000  3.835505e+00 
 3030.000  3.806499e+00 
 3031.000  3.418037e+00 
 3032.000  3.412195e+00 
 3033.000  3.347119e+00 
 3034.000  3.393812e+00 
 3035.000  3.014788e+00 
 3036.000  3.001532e+00 
 3037.000  2.981941e+00 
 3038.000  2.950722e+00 
 3039.000  2.887204e+00 
 3040.000  2.605090e+00 
 3041.000  2.674101e+00 
 3042.000  2.688596e+00 
 3043.000  2.697641e+00 
 3044.000  2.699849e+00 
 3045.000  2.475173e+00 
 3046.000  2.479057e+00 
 3047.000  2.484196e+00 
 3048.000  2.470413e+00 
 3049.000  2.463281e+00 
 3050.000  2.464541e+00 
 3051.000  2.461663e+00 
 3052.000  2.458644e+00 
 3053.000  2.454297e+00 
 3054.000  2.707093e+00 
 3055.000  2.677714e+00 
 3056.000  2.705211e+00 
 3057.000  2.698251e+00 
 3058.000  2.668255e+00 
 3059.000  2.947337e+00 
 3060.000  2.956376e+00 
 3061.000  2.956139e+00 
 3062.000  2.952127e+00 
 3063.000  3.170864e+00 
 3064.000  3.126702e+00 
 3065.000  3.134094e+00 
 3066.000  3.160195e+00 
 3067.000  3.135283e+00 
 3068.000  3.224439e+00 
 3069.000  3.271954e+00 
 3070.000  3.270494e+00 
 3071.000  3.261377e+00 
 3072.000  3.263539e+00 
 3073.000  3.284933e+00 
 3074.000  3.272960e+00 
 3075.000  3.280571e+00 
 3076.000  3.260193e+00 
 3077.000  2.875726e+00 
 3078.000  2.876366e+00 
 3079.000  2.869567e+00 
 3080.000  2.863087e+00 
 3081.000  2.848663e+00 
 3082.000  2.688658e+00 
 3083.000  2.683740e+00 
 3084.000  2.695310e+00 
 3085.000  2.691722e+00 
 3086.000  2.672202e+00 
 3087.000  2.460596e+00 
 3088.000  2.473516e+00 
 3089.000  2.472008e+00 
 3090.000  2.471348e+00 
 3091.000  2.445006e+00 
 3092.000  2.182574e+00 
 3093.000  2.181575e+00 
 3094.000  2.177612e+00 
 3095.000  2.172968e+00 
 3096.000  2.210537e+00 
 3097.000  2.202337e+00 
 3098.000  2.159411e+00 
 3099.000  2.194014e+00 
 3100.000  2.201672e+00 
 3101.000  2.274364e+00 
 3102.000  2.271467e+00 
 3103.000  2.271198e+00 
 3104.000  2.267861e+00 
 3105.000  2.265037e+00 
 3106.000  2.535583e+00 
 3107.000  2.524615e+00 
 3108.000  2.534808e+00 
 3109.000  2.530112e+00 
 3110.000  2.527321e+00 
 3111.000  3.011248e+00 
 3112.000  3.004542e+00 
 3113.000  2.986083e+00 
 3114.000  2.988273e+00 
 3115.000  2.897051e+00 
 3116.000  3.645625e+00 
 3117.000  3.796304e+00 
 3118.000  3.811798e+00 
 3119.000  3.796142e+00 
 3120.000  3.800161e+00 
 3121.000  4.166224e+00 
 3122.000  4.176879e+00 
 3123.000  4.183991e+00 
 3124.000  4.180144e+00 
 3125.000  4.180715e+00 
 3126.000  4.531412e+00 
 3127.000  4.508245e+00 
 3128.000  4.525701e+00 
 3129.000  4.483388e+00 
 3130.000  4.697703e+00 
 3131.000  4.669615e+00 
 3132.000  4.691126e+00 
 3133.000  4.680141e+00 
 3134.000  4.721394e+00 
 3135.000  4.453907e+00 
 3136.000  4.448580e+00 
 3137.000  4.446254e+00 
 3138.000  4.444114e+00 
 3139.000  4.428573e+00 
 3140.000  4.476551e+00 
 3141.000  4.487119e+00 
 3142.000  4.468194e+00 
 3143.000  4.476127e+00 
 3144.000  4.523066e+00 
 3145.000  5.030926e+00 
 3146.000  5.024967e+00 
 3147.000  4.983725e+00 
 3148.000  5.006714e+00 
 3149.000  5.007373e+00 
 3150.000  5.755832e+00 
 3151.000  5.737776e+00 
 3152.000  5.433473e+00 
 3153.000  5.733392e+00 
 3154.000  5.759523e+00 
 3155.000  6.731860e+00 
 3156.000  6.725707e+00 
 3157.000  6.707007e+00 
 3158.000  6.708174e+00 
 3159.000  6.698682e+00 
 3160.000  7.447841e+00 
 3161.000  7.430717e+00 
 3162.000  7.442334e+00 
 3163.000  7.421670e+00 
 3164.000  7.374317e+00 
 3165.000  7.467192e+00 
 3166.000  7.481875e+00 
 3167.000  7.453864e+00 
 3168.000  7.407350e+00 
 3169.000  7.440558e+00 
 3170.000  7.052367e+00 
 3171.000  7.216107e+00 
 3172.000  7.212402e+00 
 3173.000  7.210641e+00 
 3174.000  7.143852e+00 
 3175.000  6.564967e+00 
 3176.000  6.554638e+00 
 3177.000  6.549786e+00 
 3178.000  6.519083e+00 
 3179.000  6.513524e+00 
 3180.000  5.538592e+00 
 3181.000  5.446502e+00 
 3182.000  5.518682e+00 
 3183.000  5.511519e+00 
 3184.000  5.452703e+00 
 3185.000  4.136387e+00 
 3186.000  4.130234e+00 
 3187.000  4.119289e+00 
 3188.000  4.111706e+00 
 3189.000  4.116115e+00 
 3190.000  2.748142e+00 
 3191.000  2.744805e+00 
 3192.000  2.741529e+00 
 3193.000  2.736702e+00 
 3194.000  2.709503e+00 
 3195.000  1.623591e+00 
 3196.000  1.614639e+00 
 3197.000  1.619552e+00 
 3198.000  1.616562e+00 
 3199.000  1.616525e+00 
 3200.000  1.133414e+00 
 3201.000  1.104978e+00 
 3202.000  1.130080e+00 
 3203.000  1.131001e+00 
 3204.000  1.125489e+00 
 3205.000  1.116678e+00 
 3206.000  9.313628e-01 
 3207.000  9.301353e-01 
 3208.000  9.291056e-01 
 3209.000  9.280708e-01 
 3210.000  9.259011e-01 
 3211.000  9.456363e-01 
 3212.000  9.441212e-01 
 3213.000  9.436440e-01 
 3214.000  9.423379e-01 
 3215.000  9.171924e-01 
 3216.000  1.177519e+00 
 3217.000  1.176437e+00 
 3218.000  1.176716e+00 
 3219.000  1.173996e+00 
 3220.000  1.173382e+00 
 3221.000  1.483868e+00 
 3222.000  1.484032e+00 
 3223.000  1.478007e+00 
 3224.000  1.470080e+00 
 3225.000  1.475124e+00 
 3226.000  1.851977e+00 
 3227.000  1.855946e+00 
 3228.000  1.851645e+00 
 3229.000  1.846685e+00 
 3230.000  1.846014e+00 
 3231.000  1.845817e+00 
 3232.000  2.409856e+00 
 3233.000  2.406329e+00 
 3234.000  2.371296e+00 
 3235.000  2.404718e+00 
 3236.000  2.405429e+00 
 3237.000  2.738989e+00 
 3238.000  2.735713e+00 
 3239.000  2.728028e+00 
 3240.000  2.726527e+00 
 3241.000  2.719880e+00 
 3242.000  2.760644e+00 
 3243.000  2.724024e+00 
 3244.000  2.758844e+00 
 3245.000  2.752010e+00 
 3246.000  2.786290e+00 
 3247.000  2.929998e+00 
 3248.000  2.925405e+00 
 3249.000  2.919528e+00 
 3250.000  2.918731e+00 
 3251.000  2.916187e+00 
 3252.000  2.911231e+00 
 3253.000  2.719497e+00 
 3254.000  2.699341e+00 
 3255.000  2.701642e+00 
 3256.000  2.709389e+00 
 3257.000  2.730607e+00 
 3258.000  2.509295e+00 
 3259.000  2.512261e+00 
 3260.000  2.485970e+00 
 3261.000  2.506598e+00 
 3262.000  2.494579e+00 
 3263.000  2.727675e+00 
 3264.000  2.731844e+00 
 3265.000  2.731660e+00 
 3266.000  2.708050e+00 
 3267.000  2.741551e+00 
 3268.000  3.168154e+00 
 3269.000  3.152547e+00 
 3270.000  3.159188e+00 
 3271.000  3.150631e+00 
 3272.000  3.152056e+00 
 3273.000  3.142623e+00 
 3274.000  3.621883e+00 
 3275.000  3.616233e+00 
 3276.000  3.560791e+00 
 3277.000  3.605024e+00 
 3278.000  3.617575e+00 
 3279.000  4.068493e+00 
 3280.000  4.055504e+00 
 3281.000  4.002590e+00 
 3282.000  4.043504e+00 
 3283.000  4.037892e+00 
 3284.000  4.046525e+00 
 3285.000  3.964209e+00 
 3286.000  4.004785e+00 
 3287.000  4.001702e+00 
 3288.000  3.995527e+00 
 3289.000  4.008178e+00 
 3290.000  3.550596e+00 
 3291.000  3.507725e+00 
 3292.000  3.538722e+00 
 3293.000  3.528349e+00 
 3294.000  3.517505e+00 
 3295.000  3.012389e+00 
 3296.000  2.964976e+00 
 3297.000  2.892460e+00 
 3298.000  2.934783e+00 
 3299.000  3.003859e+00 
 3300.000  3.044589e+00 
 3301.000  2.609847e+00 
 3302.000  2.630025e+00 
 3303.000  2.628356e+00 
 3304.000  2.627935e+00 
 3305.000  2.625260e+00 
 3306.000  2.203799e+00 
 3307.000  2.209658e+00 
 3308.000  2.205517e+00 
 3309.000  2.205112e+00 
 3310.000  2.201404e+00 
 3311.000  2.191222e+00 
 3312.000  2.045872e+00 
 3313.000  2.036961e+00 
 3314.000  2.045394e+00 
 3315.000  2.041333e+00 
 3316.000  2.024360e+00 
 3317.000  2.393785e+00 
 3318.000  2.368847e+00 
 3319.000  2.378327e+00 
 3320.000  2.159417e+00 
 3321.000  2.371616e+00 
 3322.000  2.392602e+00 
 3323.000  3.053253e+00 
 3324.000  3.059068e+00 
 3325.000  3.033498e+00 
 3326.000  3.037950e+00 
 3327.000  3.043246e+00 
 3328.000  3.733871e+00 
 3329.000  3.733528e+00 
 3330.000  3.730948e+00 
 3331.000  3.704051e+00 
 3332.000  3.699413e+00 
 3333.000  3.744880e+00 
 3334.000  4.112144e+00 
 3335.000  4.099793e+00 
 3336.000  4.100031e+00 
 3337.000  4.082035e+00 
 3338.000  4.083126e+00 
 3339.000  4.168220e+00 
 3340.000  4.129132e+00 
 3341.000  4.101143e+00 
 3342.000  4.156071e+00 
 3343.000  4.147348e+00 
 3344.000  4.176534e+00 
 3345.000  4.226772e+00 
 3346.000  4.214373e+00 
 3347.000  4.219789e+00 
 3348.000  4.217513e+00 
 3349.000  4.210838e+00 
 3350.000  4.148713e+00 
 3351.000  4.157566e+00 
 3352.000  4.161416e+00 
 3353.000  4.094051e+00 
 3354.000  4.149496e+00 
 3355.000  4.168776e+00 
 3356.000  4.401746e+00 
 3357.000  4.391021e+00 
 3358.000  4.371764e+00 
 3359.000  4.388267e+00 
 3360.000  4.382035e+00 
 3361.000  4.372285e+00 
 3362.000  4.626276e+00 
 3363.000  4.625832e+00 
 3364.000  4.624999e+00 
 3365.000  4.599392e+00 
 3366.000  4.575500e+00 
 3367.000  4.608109e+00 
 3368.000  4.954391e+00 
 3369.000  4.919481e+00 
 3370.000  4.829186e+00 
 3371.000  4.931999e+00 
 3372.000  4.940258e+00 
 3373.000  5.264361e+00 
 3374.000  5.229925e+00 
 3375.000  5.271636e+00 
 3376.000  5.268761e+00 
 3377.000  5.247713e+00 
 3378.000  5.247838e+00 
 3379.000  5.568649e+00 
 3380.000  5.577309e+00 
 3381.000  5.555059e+00 
 3382.000  5.510619e+00 
 3383.000  5.516304e+00 
 3384.000  5.525096e+00 
 3385.000  5.753815e+00 
 3386.000  5.757706e+00 
 3387.000  5.750045e+00 
 3388.000  5.740670e+00 
 3389.000  5.745067e+00 
 3390.000  5.859336e+00 
 3391.000  5.852641e+00 
 3392.000  5.840534e+00 
 3393.000  5.832720e+00 
 3394.000  5.827864e+00 
 3395.000  5.816235e+00 
 3396.000  5.837958e+00 
 3397.000  5.648283e+00 
 3398.000  5.806973e+00 
 3399.000  5.715113e+00 
 3400.000  5.859258e+00 
 3401.000  5.568489e+00 
 3402.000  5.897551e+00 
 3403.000  5.896504e+00 
 3404.000  5.904679e+00 
 3405.000  5.894073e+00 
 3406.000  5.889569e+00 
 3407.000  5.849694e+00 
 3408.000  6.051200e+00 
 3409.000  5.952521e+00 
 3410.000  6.001414e+00 
 3411.000  6.030200e+00 
 3412.000  6.036410e+00 
 3413.000  6.240713e+00 
 3414.000  6.249116e+00 
 3415.000  6.153620e+00 
 3416.000  6.080857e+00 
 3417.000  6.224310e+00 
 3418.000  6.241042e+00 
 3419.000  6.384550e+00 
 3420.000  6.382850e+00 
 3421.000  6.370564e+00 
 3422.000  6.343774e+00 
 3423.000  6.359110e+00 
 3424.000  6.356945e+00 
 3425.000  6.499561e+00 
 3426.000  6.491725e+00 
 3427.000  6.323243e+00 
 3428.000  6.397134e+00 
 3429.000  6.450716e+00 
 3430.000  6.460372e+00 
 3431.000  6.439114e+00 
 3432.000  6.470510e+00 
 3433.000  6.449954e+00 
 3434.000  6.453666e+00 
 3435.000  6.430221e+00 
 3436.000  6.441185e+00 
 3437.000  6.434656e+00 
 3438.000  6.443278e+00 
 3439.000  6.436868e+00 
 3440.000  6.427491e+00 
 3441.000  6.423172e+00 
 3442.000  6.366120e+00 
 3443.000  6.470701e+00 
 3444.000  6.461894e+00 
 3445.000  6.443214e+00 
 3446.000  6.429875e+00 
 3447.000  6.439038e+00 
 3448.000  6.423329e+00 
 3449.000  6.480311e+00 
 3450.000  6.471016e+00 
 3451.000  6.473628e+00 
 3452.000  6.463278e+00 
 3453.000  6.456555e+00 
 3454.000  6.437818e+00 
 3455.000  6.518175e+00 
 3456.000  6.490326e+00 
 3457.000  6.500117e+00 
 3458.000  6.487702e+00 
 3459.000  6.493435e+00 
 3460.000  6.477074e+00 
 3461.000  6.528037e+00 
 3462.000  6.524422e+00 
 3463.000  6.519156e+00 
 3464.000  6.500121e+00 
 3465.000  6.500427e+00 
 3466.000  6.462319e+00 
 3467.000  6.461527e+00 
 3468.000  6.467705e+00 
 3469.000  6.461669e+00 
 3470.000  6.460155e+00 
 3471.000  6.403710e+00 
 3472.000  6.429579e+00 
 3473.000  6.388957e+00 
 3474.000  6.423429e+00 
 3475.000  6.413009e+00 
 3476.000  6.421085e+00 
 3477.000  6.351560e+00 
 3478.000  6.410520e+00 
 3479.000  6.426732e+00 
 3480.000  6.418577e+00 
 3481.000  6.397738e+00 
 3482.000  6.406770e+00 
 3483.000  6.397076e+00 
 3484.000  6.380194e+00 
 3485.000  6.421737e+00 
 3486.000  6.392589e+00 
 3487.000  6.408675e+00 
 3488.000  6.413219e+00 
 3489.000  6.405584e+00 
 3490.000  6.370451e+00 
 3491.000  6.474988e+00 
 3492.000  6.441697e+00 
 3493.000  6.459771e+00 
 3494.000  6.400026e+00 
 3495.000  6.445134e+00 
 3496.000  6.452124e+00 
 3497.000  6.501686e+00 
 3498.000  6.490172e+00 
 3499.000  6.485867e+00 
 3500.000  6.480067e+00 
 3501.000  6.413396e+00 
 3502.000  6.464225e+00 
 3503.000  6.479191e+00 
 3504.000  6.473639e+00 
 3505.000  6.466221e+00 
 3506.000  6.460927e+00 
 3507.000  6.452525e+00 
 3508.000  6.432799e+00 
 3509.000  6.393528e+00 
 3510.000  6.387863e+00 
 3511.000  6.382094e+00 
 3512.000  6.356977e+00 
 3513.000  6.363965e+00 
 3514.000  6.356577e+00 
 3515.000  6.246074e+00 
 3516.000  6.219059e+00 
 3517.000  6.227474e+00 
 3518.000  6.212150e+00 
 3519.000  6.213505e+00 
 3520.000  6.201458e+00 
 3521.000  6.205853e+00 
 3522.000  6.045599e+00 
 3523.000  6.032858e+00 
 3524.000  5.974064e+00 
 3525.000  6.037898e+00 
 3526.000  6.032678e+00 
 3527.000  6.015319e+00 
 3528.000  5.831964e+00 
 3529.000  5.824798e+00 
 3530.000  5.827626e+00 
 3531.000  5.790582e+00 
 3532.000  5.817141e+00 
 3533.000  5.811343e+00 
 3534.000  5.634475e+00 
 3535.000  5.613398e+00 
 3536.000  5.658283e+00 
 3537.000  5.651225e+00 
 3538.000  5.536197e+00 
 3539.000  5.602472e+00 
 3540.000  5.597101e+00 
 3541.000  5.605144e+00 
 3542.000  5.592820e+00 
 3543.000  5.588558e+00 
 3544.000  5.586236e+00 
 3545.000  5.571790e+00 
 3546.000  5.568705e+00 
 3547.000  5.561133e+00 
 3548.000  5.547989e+00 
 3549.000  5.548593e+00 
 3550.000  5.543774e+00 
 3551.000  5.535669e+00 
 3552.000  5.530377e+00 
 3553.000  5.561302e+00 
 3554.000  5.563487e+00 
 3555.000  5.522456e+00 
 3556.000  5.415727e+00 
 3557.000  5.546180e+00 
 3558.000  5.536022e+00 
 3559.000  5.552787e+00 
 3560.000  5.426758e+00 
 3561.000  5.528784e+00 
 3562.000  5.538847e+00 
 3563.000  5.530512e+00 
 3564.000  5.506342e+00 
 3565.000  5.520769e+00 
 3566.000  5.437148e+00 
 3567.000  5.433616e+00 
 3568.000  5.429755e+00 
 3569.000  5.416428e+00 
 3570.000  5.405403e+00 
 3571.000  5.283055e+00 
 3572.000  5.392649e+00 
 3573.000  5.392733e+00 
 3574.000  5.381920e+00 
 3575.000  5.378293e+00 
 3576.000  5.376633e+00 
 3577.000  5.361309e+00 
 3578.000  5.383883e+00 
 3579.000  5.378236e+00 
 3580.000  5.298878e+00 
 3581.000  5.353885e+00 
 3582.000  5.353003e+00 
 3583.000  5.358641e+00 
 3584.000  5.288701e+00 
 3585.000  5.382276e+00 
 3586.000  5.381554e+00 
 3587.000  5.375115e+00 
 3588.000  5.381197e+00 
 3589.000  5.371857e+00 
 3590.000  5.371172e+00 
 3591.000  5.497427e+00 
 3592.000  5.495935e+00 
 3593.000  5.474803e+00 
 3594.000  5.476702e+00 
 3595.000  5.482209e+00 
 3596.000  5.413628e+00 
 3597.000  5.416773e+00 
 3598.000  5.597414e+00 
 3599.000  5.566325e+00 
 3600.000  5.575939e+00 
 3601.000  5.557349e+00 
 3602.000  5.575223e+00 
 3603.000  5.561867e+00 
 3604.000  5.644051e+00 
 3605.000  5.630839e+00 
 3606.000  5.636201e+00 
 3607.000  5.619473e+00 
 3608.000  5.621903e+00 
 3609.000  5.610897e+00 
 3610.000  5.599358e+00 
 3611.000  5.720648e+00 
 3612.000  5.709192e+00 
 3613.000  5.703954e+00 
 3614.000  5.701968e+00 
 3615.000  5.695723e+00 
 3616.000  5.687245e+00 
 3617.000  5.788085e+00 
 3618.000  5.781771e+00 
 3619.000  5.774712e+00 
 3620.000  5.768187e+00 
 3621.000  5.760197e+00 
 3622.000  5.759073e+00 
 3623.000  5.750404e+00 
 3624.000  5.785535e+00 
 3625.000  5.780725e+00 
 3626.000  5.784518e+00 
 3627.000  5.779468e+00 
 3628.000  5.772299e+00 
 3629.000  5.751939e+00 
 3630.000  5.818820e+00 
 3631.000  5.845953e+00 
 3632.000  5.846589e+00 
 3633.000  5.837552e+00 
 3634.000  5.831205e+00 
 3635.000  5.828732e+00 
 3636.000  5.810811e+00 
 3637.000  5.850139e+00 
 3638.000  5.867784e+00 
 3639.000  5.864296e+00 
 3640.000  5.836309e+00 
 3641.000  5.853333e+00 
 3642.000  5.841389e+00 
 3643.000  5.805914e+00 
 3644.000  5.714009e+00 
 3645.000  5.743137e+00 
 3646.000  5.787300e+00 
 3647.000  5.771144e+00 
 3648.000  5.770303e+00 
 3649.000  5.748436e+00 
 3650.000  5.669744e+00 
 3651.000  5.657788e+00 
 3652.000  5.642944e+00 
 3653.000  5.523388e+00 
 3654.000  5.528847e+00 
 3655.000  5.617111e+00 
 3656.000  5.622036e+00 
 3657.000  5.416854e+00 
 3658.000  5.401176e+00 
 3659.000  5.323540e+00 
 3660.000  5.336353e+00 
 3661.000  5.401524e+00 
 3662.000  5.381877e+00 
 3663.000  5.377518e+00 
 3664.000  5.115448e+00 
 3665.000  5.111774e+00 
 3666.000  5.105391e+00 
 3667.000  5.100753e+00 
 3668.000  5.022063e+00 
 3669.000  5.086430e+00 
 3670.000  4.975292e+00 
 3671.000  4.877045e+00 
 3672.000  4.957354e+00 
 3673.000  4.953238e+00 
 3674.000  4.954204e+00 
 3675.000  4.947629e+00 
 3676.000  4.942662e+00 
 3677.000  4.955117e+00 
 3678.000  5.044242e+00 
 3679.000  4.874864e+00 
 3680.000  5.047790e+00 
 3681.000  5.045034e+00 
 3682.000  4.974568e+00 
 3683.000  4.833956e+00 
 3684.000  5.162225e+00 
 3685.000  5.224017e+00 
 3686.000  5.235564e+00 
 3687.000  5.212050e+00 
 3688.000  5.224241e+00 
 3689.000  5.199855e+00 
 3690.000  5.174838e+00 
 3691.000  5.409259e+00 
 3692.000  5.400695e+00 
 3693.000  5.416782e+00 
 3694.000  5.400756e+00 
 3695.000  5.373024e+00 
 3696.000  5.366409e+00 
 3697.000  5.456568e+00 
 3698.000  5.458462e+00 
 3699.000  5.286937e+00 
 3700.000  5.313067e+00 
 3701.000  5.359712e+00 
 3702.000  5.405720e+00 
 3703.000  5.511462e+00 
 3704.000  5.519094e+00 
 3705.000  5.404137e+00 
 3706.000  5.471622e+00 
 3707.000  5.433999e+00 
 3708.000  5.472136e+00 
 3709.000  5.358369e+00 
 3710.000  5.478729e+00 
 3711.000  5.412640e+00 
 3712.000  5.366929e+00 
 3713.000  5.436560e+00 
 3714.000  5.407108e+00 
 3715.000  5.368774e+00 
 3716.000  5.414017e+00 
 3717.000  5.425686e+00 
 3718.000  5.409921e+00 
 3719.000  5.389818e+00 
 3720.000  5.411374e+00 
 3721.000  5.358004e+00 
 3722.000  5.364231e+00 
 3723.000  5.392097e+00 
 3724.000  5.386990e+00 
 3725.000  5.309074e+00 
 3726.000  5.330444e+00 
 3727.000  5.310142e+00 
 3728.000  5.313365e+00 
 3729.000  5.286593e+00 
 3730.000  5.303245e+00 
 3731.000  5.290042e+00 
 3732.000  5.256135e+00 
 3733.000  5.262690e+00 
 3734.000  5.255228e+00 
 3735.000  5.192364e+00 
 3736.000  5.156816e+00 
 3737.000  5.195467e+00 
 3738.000  5.133148e+00 
 3739.000  5.009943e+00 
 3740.000  4.933280e+00 
 3741.000  4.888976e+00 
 3742.000  5.074372e+00 
 3743.000  5.134958e+00 
 3744.000  5.123999e+00 
 3745.000  4.966028e+00 
 3746.000  4.881251e+00 
 3747.000  4.983518e+00 
 3748.000  5.110688e+00 
 3749.000  5.094227e+00 
 3750.000  5.070153e+00 
 3751.000  5.062315e+00 
 3752.000  5.101562e+00 
 3753.000  4.934945e+00 
 3754.000  5.001627e+00 
 3755.000  5.030002e+00 
 3756.000  5.055638e+00 
 3757.000  5.041680e+00 
 3758.000  5.007060e+00 
 3759.000  5.018644e+00 
 3760.000  5.030146e+00 
 3761.000  5.053103e+00 
 3762.000  5.012098e+00 
 3763.000  4.938682e+00 
 3764.000  5.024825e+00 
 3765.000  5.006295e+00 
 3766.000  5.019471e+00 
 3767.000  5.017868e+00 
 3768.000  4.993484e+00 
 3769.000  4.982214e+00 
 3770.000  4.990164e+00 
 3771.000  4.958633e+00 
 3772.000  4.987422e+00 
 3773.000  4.917540e+00 
 3774.000  4.989670e+00 
 3775.000  5.006217e+00 
 3776.000  4.913323e+00 
 3777.000  4.902745e+00 
 3778.000  4.986716e+00 
 3779.000  4.968276e+00 
 3780.000  4.951424e+00 
 3781.000  4.977687e+00 
 3782.000  4.940578e+00 
 3783.000  4.992127e+00 
 3784.000  4.978586e+00 
 3785.000  4.978261e+00 
 3786.000  4.964254e+00 
 3787.000  4.848706e+00 
 3788.000  4.974548e+00 
 3789.000  4.971498e+00 
 3790.000  4.975918e+00 
 3791.000  4.885735e+00 
 3792.000  4.943460e+00 
 3793.000  4.890934e+00 
 3794.000  4.954205e+00 
 3795.000  4.929089e+00 
 3796.000  4.995928e+00 
 3797.000  4.999134e+00 
 3798.000  4.977387e+00 
 3799.000  4.944621e+00 
 3800.000  4.889650e+00 
 3801.000  4.985078e+00 
 3802.000  4.966970e+00 
 3803.000  5.001678e+00 
 3804.000  4.982769e+00 
 3805.000  4.985572e+00 
 3806.000  4.973422e+00 
 3807.000  4.909264e+00 
 3808.000  4.940335e+00 
 3809.000  4.955791e+00 
 3810.000  4.964748e+00 
 3811.000  4.986402e+00 
 3812.000  4.998475e+00 
 3813.000  4.964443e+00 
 3814.000  4.982333e+00 
 3815.000  4.981108e+00 
 3816.000  4.934545e+00 
 3817.000  4.967311e+00 
 3818.000  4.932414e+00 
 3819.000  5.005481e+00 
 3820.000  5.008141e+00 
 3821.000  5.005805e+00 
 3822.000  4.999255e+00 
 3823.000  4.974119e+00 
 3824.000  4.979926e+00 
 3825.000  4.965980e+00 
 3826.000  4.966832e+00 
 3827.000  4.963762e+00 
 3828.000  4.946787e+00 
 3829.000  4.947783e+00 
 3830.000  4.948759e+00 
 3831.000  4.938917e+00 
 3832.000  4.902273e+00 
 3833.000  4.871974e+00 
 3834.000  4.889148e+00 
 3835.000  4.851761e+00 
 3836.000  4.814063e+00 
 3837.000  4.852956e+00 
 3838.000  4.870645e+00 
 3839.000  4.827951e+00 
 3840.000  4.823894e+00 
 3841.000  4.818878e+00 
 3842.000  4.809946e+00 
 3843.000  4.804874e+00 
 3844.000  4.799246e+00 
 3845.000  4.797163e+00 
 3846.000  4.800170e+00 
 3847.000  4.710070e+00 
 3848.000  4.708161e+00 
 3849.000  4.703218e+00 
 3850.000  4.678277e+00 
 3851.000  4.685709e+00 
 3852.000  4.686071e+00 
 3853.000  4.667793e+00 
 3854.000  4.589674e+00 
 3855.000  4.585864e+00 
 3856.000  4.581003e+00 
 3857.000  4.572341e+00 
 3858.000  4.562311e+00 
 3859.000  4.539683e+00 
 3860.000  4.528290e+00 
 3861.000  4.552244e+00 
 3862.000  4.468683e+00 
 3863.000  4.361773e+00 
 3864.000  4.427370e+00 
 3865.000  4.442786e+00 
 3866.000  4.450838e+00 
 3867.000  4.398865e+00 
 3868.000  4.424139e+00 
 3869.000  4.334326e+00 
 3870.000  4.358861e+00 
 3871.000  4.335503e+00 
 3872.000  4.278455e+00 
 3873.000  4.346837e+00 
 3874.000  4.340460e+00 
 3875.000  4.330577e+00 
 3876.000  4.330138e+00 
 3877.000  4.325945e+00 
 3878.000  4.320853e+00 
 3879.000  4.314079e+00 
 3880.000  4.311353e+00 
 3881.000  4.303700e+00 
 3882.000  4.288794e+00 
 3883.000  4.284360e+00 
 3884.000  4.321922e+00 
 3885.000  4.204234e+00 
 3886.000  4.264336e+00 
 3887.000  4.311712e+00 
 3888.000  4.311628e+00 
 3889.000  4.310703e+00 
 3890.000  4.296653e+00 
 3891.000  4.291681e+00 
 3892.000  4.345472e+00 
 3893.000  4.344226e+00 
 3894.000  4.326619e+00 
 3895.000  4.337244e+00 
 3896.000  4.317595e+00 
 3897.000  4.272462e+00 
 3898.000  4.252891e+00 
 3899.000  4.346779e+00 
 3900.000  4.316064e+00 
 3901.000  4.336547e+00 
 3902.000  4.335395e+00 
 3903.000  4.323849e+00 
 3904.000  4.328152e+00 
 3905.000  4.322962e+00 
 3906.000  4.306855e+00 
 3907.000  4.326209e+00 
 3908.000  4.315387e+00 
 3909.000  4.317681e+00 
 3910.000  4.314610e+00 
 3911.000  4.311937e+00 
 3912.000  4.309287e+00 
 3913.000  4.302991e+00 
 3914.000  4.313651e+00 
 3915.000  4.321101e+00 
 3916.000  4.309703e+00 
 3917.000  4.308489e+00 
 3918.000  4.298294e+00 
 3919.000  4.290353e+00 
 3920.000  4.303340e+00 
 3921.000  4.282592e+00 
 3922.000  4.327013e+00 
 3923.000  4.326193e+00 
 3924.000  4.321868e+00 
 3925.000  4.321900e+00 
 3926.000  4.307057e+00 
 3927.000  4.308378e+00 
 3928.000  4.314955e+00 
 3929.000  4.310538e+00 
 3930.000  4.365709e+00 
 3931.000  4.362846e+00 
 3932.000  4.340580e+00 
 3933.000  4.351445e+00 
 3934.000  4.297428e+00 
 3935.000  4.326201e+00 
 3936.000  4.345679e+00 
 3937.000  4.343277e+00 
 3938.000  4.382293e+00 
 3939.000  4.401293e+00 
 3940.000  4.397559e+00 
 3941.000  4.391616e+00 
 3942.000  4.390866e+00 
 3943.000  4.388580e+00 
 3944.000  4.351446e+00 
 3945.000  4.482343e+00 
 3946.000  4.468815e+00 
 3947.000  4.469283e+00 
 3948.000  4.446344e+00 
 3949.000  4.459424e+00 
 3950.000  4.411471e+00 
 3951.000  4.442662e+00 
 3952.000  4.302673e+00 
 3953.000  4.447182e+00 
 3954.000  4.442510e+00 
 3955.000  4.435132e+00 
 3956.000  4.394611e+00 
 3957.000  4.403028e+00 
 3958.000  4.365595e+00 
 3959.000  4.375649e+00 
 3960.000  4.422550e+00 
 3961.000  4.434368e+00 
 3962.000  4.394575e+00 
 3963.000  4.427946e+00 
 3964.000  4.406646e+00 
 3965.000  4.403293e+00 
 3966.000  4.407557e+00 
 3967.000  4.403185e+00 
 3968.000  4.411538e+00 
 3969.000  4.387356e+00 
 3970.000  4.374027e+00 
 3971.000  4.355980e+00 
 3972.000  4.378382e+00 
 3973.000  4.338147e+00 
 3974.000  4.353977e+00 
 3975.000  4.367127e+00 
 3976.000  4.364200e+00 
 3977.000  4.291963e+00 
 3978.000  4.310033e+00 
 3979.000  4.295358e+00 
 3980.000  4.299989e+00 
 3981.000  4.309118e+00 
 3982.000  4.299784e+00 
 3983.000  4.280966e+00 
 3984.000  4.278908e+00 
 3985.000  4.233722e+00 
 3986.000  4.139563e+00 
 3987.000  4.257349e+00 
 3988.000  4.261420e+00 
 3989.000  4.232165e+00 
 3990.000  4.230084e+00 
 3991.000  4.168255e+00 
 3992.000  4.218770e+00 
 3993.000  4.135236e+00 
 3994.000  4.129079e+00 
 3995.000  4.104354e+00 
 3996.000  4.035456e+00 
 3997.000  4.141002e+00 
 3998.000  4.118414e+00 
 3999.000  4.040689e+00 
 4000.000  4.080554e+00 
