  290.000  0.000000e+00 
  291.000  2.024995e-06 
  292.000  2.667297e-05 
  293.000  8.575050e-05 
  294.000  5.859497e-04 
  295.000  1.733404e-03 
  296.000  1.052047e-02 
  297.000  1.512120e-02 
  298.000  8.285233e-02 
  299.000  1.615607e-01 
  300.000  3.080117e-01 
  301.000  8.978119e-01 
  302.000  1.049828e+00 
  303.000  2.907056e+00 
  304.000  3.463001e+00 
  305.000  6.571147e+00 
  306.000  7.493532e+00 
  307.000  1.140033e+01 
  308.000  1.512006e+01 
  309.000  1.660649e+01 
  310.000  1.894170e+01 
  311.000  3.746816e+01 
  312.000  3.266909e+01 
  313.000  4.267153e+01 
  314.000  4.478748e+01 
  315.000  5.465573e+01 
  316.000  4.360620e+01 
  317.000  6.445789e+01 
  318.000  6.401219e+01 
  319.000  7.315182e+01 
  320.000  7.236108e+01 
  321.000  9.067648e+01 
  322.000  8.171036e+01 
  323.000  7.282948e+01 
  324.000  9.323145e+01 
  325.000  1.057642e+02 
  326.000  1.481652e+02 
  327.000  1.524486e+02 
  328.000  1.288380e+02 
  329.000  1.551650e+02 
  330.000  1.655239e+02 
  331.000  1.370464e+02 
  332.000  1.533532e+02 
  333.000  1.767888e+02 
  334.000  1.507354e+02 
  335.000  1.649805e+02 
  336.000  1.261827e+02 
  337.000  1.228132e+02 
  338.000  1.523489e+02 
  339.000  1.559365e+02 
  340.000  1.783652e+02 
  341.000  1.530189e+02 
  342.000  1.630403e+02 
  343.000  1.663132e+02 
  344.000  1.527086e+02 
  345.000  1.993242e+02 
  346.000  2.244321e+02 
  347.000  2.166625e+02 
  348.000  2.069603e+02 
  349.000  2.301340e+02 
  350.000  2.385378e+02 
  351.000  2.296063e+02 
  352.000  2.384949e+02 
  353.000  2.204690e+02 
  354.000  2.578647e+02 
  355.000  2.647178e+02 
  356.000  2.534892e+02 
  357.000  1.640647e+02 
  358.000  1.804766e+02 
  359.000  1.837831e+02 
  360.000  2.759168e+02 
  361.000  2.213900e+02 
  362.000  2.457708e+02 
  363.000  2.644899e+02 
  364.000  2.670378e+02 
  365.000  2.528771e+02 
  366.000  3.509599e+02 
  367.000  3.174886e+02 
  368.000  3.026417e+02 
  369.000  2.942071e+02 
  370.000  3.419178e+02 
  371.000  2.758947e+02 
  372.000  2.933615e+02 
  373.000  2.952439e+02 
  374.000  2.308493e+02 
  375.000  2.134220e+02 
  376.000  3.080459e+02 
  377.000  3.179125e+02 
  378.000  4.145404e+02 
  379.000  3.216535e+02 
  380.000  3.035900e+02 
  381.000  3.433691e+02 
  382.000  2.584296e+02 
  383.000  1.813351e+02 
  384.000  2.008005e+02 
  385.000  3.039142e+02 
  386.000  2.371846e+02 
  387.000  2.736277e+02 
  388.000  2.723019e+02 
  389.000  3.116162e+02 
  390.000  3.793540e+02 
  391.000  4.260338e+02 
  392.000  3.800251e+02 
  393.000  2.044698e+02 
  394.000  2.270572e+02 
  395.000  3.824396e+02 
  396.000  3.949345e+02 
  397.000  1.612507e+02 
  398.000  4.525608e+02 
  399.000  5.442859e+02 
  400.000  5.363138e+02 
  401.000  5.342101e+02 
  402.000  5.673340e+02 
  403.000  5.324383e+02 
  404.000  5.732934e+02 
  405.000  5.267523e+02 
  406.000  5.237548e+02 
  407.000  5.110375e+02 
  408.000  5.546173e+02 
  409.000  6.149596e+02 
  410.000  5.150032e+02 
  411.000  6.057582e+02 
  412.000  6.286671e+02 
  413.000  5.947941e+02 
  414.000  5.846429e+02 
  415.000  6.244629e+02 
  416.000  6.215548e+02 
  417.000  6.034940e+02 
  418.000  5.911736e+02 
  419.000  6.064891e+02 
  420.000  5.140265e+02 
  421.000  6.448576e+02 
  422.000  6.186927e+02 
  423.000  5.231765e+02 
  424.000  5.761725e+02 
  425.000  5.974566e+02 
  426.000  5.750041e+02 
  427.000  5.537368e+02 
  428.000  5.613494e+02 
  429.000  5.112736e+02 
  430.000  4.084386e+02 
  431.000  3.676222e+02 
  432.000  6.624341e+02 
  433.000  5.902844e+02 
  434.000  5.616245e+02 
  435.000  6.116614e+02 
  436.000  6.789280e+02 
  437.000  6.861643e+02 
  438.000  6.152657e+02 
  439.000  5.959566e+02 
  440.000  6.685895e+02 
  441.000  6.670540e+02 
  442.000  7.032014e+02 
  443.000  7.085613e+02 
  444.000  7.046064e+02 
  445.000  7.418395e+02 
  446.000  6.609395e+02 
  447.000  7.544854e+02 
  448.000  7.677230e+02 
  449.000  7.736181e+02 
  450.000  7.911584e+02 
  451.000  8.557318e+02 
  452.000  7.961578e+02 
  453.000  7.396439e+02 
  454.000  7.891956e+02 
  455.000  7.953314e+02 
  456.000  8.152208e+02 
  457.000  8.204016e+02 
  458.000  8.065696e+02 
  459.000  8.070584e+02 
  460.000  8.006097e+02 
  461.000  8.302256e+02 
  462.000  8.172750e+02 
  463.000  8.180439e+02 
  464.000  8.213037e+02 
  465.000  8.098559e+02 
  466.000  8.360558e+02 
  467.000  8.070591e+02 
  468.000  8.548535e+02 
  469.000  8.477774e+02 
  470.000  8.364906e+02 
  471.000  8.353454e+02 
  472.000  8.458894e+02 
  473.000  8.369688e+02 
  474.000  8.439617e+02 
  475.000  8.782797e+02 
  476.000  8.514233e+02 
  477.000  8.437598e+02 
  478.000  8.857227e+02 
  479.000  8.457841e+02 
  480.000  8.627104e+02 
  481.000  8.576991e+02 
  482.000  8.758995e+02 
  483.000  8.770599e+02 
  484.000  8.435573e+02 
  485.000  8.499997e+02 
  486.000  6.893813e+02 
  487.000  7.750848e+02 
  488.000  8.418528e+02 
  489.000  7.828293e+02 
  490.000  8.914991e+02 
  491.000  8.344835e+02 
  492.000  8.021603e+02 
  493.000  8.641945e+02 
  494.000  8.351104e+02 
  495.000  8.929974e+02 
  496.000  8.699363e+02 
  497.000  8.440961e+02 
  498.000  8.243601e+02 
  499.000  8.225737e+02 
  500.000  8.191521e+02 
  501.000  8.009791e+02 
  502.000  7.959182e+02 
  503.000  8.435607e+02 
  504.000  7.850259e+02 
  505.000  8.469117e+02 
  506.000  9.068844e+02 
  507.000  8.440045e+02 
  508.000  8.096127e+02 
  509.000  8.732507e+02 
  510.000  8.463309e+02 
  511.000  8.467589e+02 
  512.000  8.888988e+02 
  513.000  8.137036e+02 
  514.000  7.967797e+02 
  515.000  8.135815e+02 
  516.000  8.547152e+02 
  517.000  6.296721e+02 
  518.000  7.796439e+02 
  519.000  7.387076e+02 
  520.000  8.133688e+02 
  521.000  8.138853e+02 
  522.000  8.462357e+02 
  523.000  7.883622e+02 
  524.000  8.553859e+02 
  525.000  8.485863e+02 
  526.000  8.087478e+02 
  527.000  7.065049e+02 
  528.000  8.485334e+02 
  529.000  8.726429e+02 
  530.000  8.245870e+02 
  531.000  8.975771e+02 
  532.000  8.563052e+02 
  533.000  7.521660e+02 
  534.000  8.179890e+02 
  535.000  8.346460e+02 
  536.000  8.857102e+02 
  537.000  8.217867e+02 
  538.000  8.603055e+02 
  539.000  8.575350e+02 
  540.000  8.392815e+02 
  541.000  7.696757e+02 
  542.000  8.586557e+02 
  543.000  8.214215e+02 
  544.000  8.664847e+02 
  545.000  8.536722e+02 
  546.000  8.347811e+02 
  547.000  8.703453e+02 
  548.000  8.076396e+02 
  549.000  8.500827e+02 
  550.000  8.316102e+02 
  551.000  8.267065e+02 
  552.000  8.626650e+02 
  553.000  8.291765e+02 
  554.000  8.565876e+02 
  555.000  8.593231e+02 
  556.000  8.359517e+02 
  557.000  8.114374e+02 
  558.000  8.425618e+02 
  559.000  7.966833e+02 
  560.000  8.004466e+02 
  561.000  8.799965e+02 
  562.000  8.077139e+02 
  563.000  8.452598e+02 
  564.000  8.335002e+02 
  565.000  8.433445e+02 
  566.000  7.777901e+02 
  567.000  8.335918e+02 
  568.000  8.280580e+02 
  569.000  8.027796e+02 
  570.000  8.088621e+02 
  571.000  7.870886e+02 
  572.000  8.259097e+02 
  573.000  8.368903e+02 
  574.000  8.332407e+02 
  575.000  8.128446e+02 
  576.000  7.984356e+02 
  577.000  8.339769e+02 
  578.000  8.122258e+02 
  579.000  8.080890e+02 
  580.000  8.374478e+02 
  581.000  8.247015e+02 
  582.000  8.385342e+02 
  583.000  8.450974e+02 
  584.000  8.431517e+02 
  585.000  8.380193e+02 
  586.000  8.025775e+02 
  587.000  8.313539e+02 
  588.000  8.101468e+02 
  589.000  7.006593e+02 
  590.000  7.306675e+02 
  591.000  7.900201e+02 
  592.000  7.682394e+02 
  593.000  7.916586e+02 
  594.000  7.958537e+02 
  595.000  7.704419e+02 
  596.000  8.051299e+02 
  597.000  8.046148e+02 
  598.000  7.946599e+02 
  599.000  7.977653e+02 
  600.000  8.038451e+02 
  601.000  8.034719e+02 
  602.000  7.960166e+02 
  603.000  8.025448e+02 
  604.000  8.294594e+02 
  605.000  8.284799e+02 
  606.000  8.195671e+02 
  607.000  8.156358e+02 
  608.000  8.132405e+02 
  609.000  8.054587e+02 
  610.000  7.931038e+02 
  611.000  8.065326e+02 
  612.000  7.965735e+02 
  613.000  7.854576e+02 
  614.000  7.575891e+02 
  615.000  7.943840e+02 
  616.000  7.557734e+02 
  617.000  7.604894e+02 
  618.000  7.967761e+02 
  619.000  7.898388e+02 
  620.000  8.018555e+02 
  621.000  8.159595e+02 
  622.000  7.731595e+02 
  623.000  7.793841e+02 
  624.000  7.804135e+02 
  625.000  7.594151e+02 
  626.000  7.627070e+02 
  627.000  7.715546e+02 
  628.000  7.528497e+02 
  629.000  7.755912e+02 
  630.000  7.541323e+02 
  631.000  7.838604e+02 
  632.000  7.267051e+02 
  633.000  7.854185e+02 
  634.000  7.636268e+02 
  635.000  7.781226e+02 
  636.000  7.517715e+02 
  637.000  7.776380e+02 
  638.000  7.924423e+02 
  639.000  7.865224e+02 
  640.000  7.633981e+02 
  641.000  7.747815e+02 
  642.000  7.667289e+02 
  643.000  7.789327e+02 
  644.000  7.703666e+02 
  645.000  7.751671e+02 
  646.000  7.361107e+02 
  647.000  7.395376e+02 
  648.000  7.307812e+02 
  649.000  7.522938e+02 
  650.000  7.094671e+02 
  651.000  7.644692e+02 
  652.000  7.386901e+02 
  653.000  7.670627e+02 
  654.000  7.558508e+02 
  655.000  7.315171e+02 
  656.000  6.226404e+02 
  657.000  6.670530e+02 
  658.000  7.476335e+02 
  659.000  7.522258e+02 
  660.000  7.594934e+02 
  661.000  7.661699e+02 
  662.000  7.789098e+02 
  663.000  7.702596e+02 
  664.000  7.587576e+02 
  665.000  7.627984e+02 
  666.000  7.728232e+02 
  667.000  7.580966e+02 
  668.000  7.632972e+02 
  669.000  7.748184e+02 
  670.000  7.659976e+02 
  671.000  7.583737e+02 
  672.000  7.563092e+02 
  673.000  7.621218e+02 
  674.000  7.639901e+02 
  675.000  7.527031e+02 
  676.000  7.672766e+02 
  677.000  7.523638e+02 
  678.000  7.651630e+02 
  679.000  7.545845e+02 
  680.000  7.485302e+02 
  681.000  7.492006e+02 
  682.000  7.476850e+02 
  683.000  7.526734e+02 
  684.000  7.384678e+02 
  685.000  7.475934e+02 
  686.000  7.138300e+02 
  687.000  6.238073e+02 
  688.000  6.534783e+02 
  689.000  6.462468e+02 
  690.000  6.647875e+02 
  691.000  6.851666e+02 
  692.000  6.876215e+02 
  693.000  6.728180e+02 
  694.000  6.601349e+02 
  695.000  6.603330e+02 
  696.000  6.752935e+02 
  697.000  7.109222e+02 
  698.000  6.903860e+02 
  699.000  6.718828e+02 
  700.000  6.689858e+02 
  701.000  6.472385e+02 
  702.000  6.489285e+02 
  703.000  6.834904e+02 
  704.000  6.865690e+02 
  705.000  6.811815e+02 
  706.000  6.760198e+02 
  707.000  6.695471e+02 
  708.000  6.931309e+02 
  709.000  6.766523e+02 
  710.000  6.833747e+02 
  711.000  6.854392e+02 
  712.000  6.834474e+02 
  713.000  6.743973e+02 
  714.000  6.836336e+02 
  715.000  6.497715e+02 
  716.000  6.559203e+02 
  717.000  5.740784e+02 
  718.000  5.323901e+02 
  719.000  5.126200e+02 
  720.000  4.965532e+02 
  721.000  5.851899e+02 
  722.000  6.272786e+02 
  723.000  6.066288e+02 
  724.000  5.567607e+02 
  725.000  5.581154e+02 
  726.000  5.546857e+02 
  727.000  5.703538e+02 
  728.000  5.526069e+02 
  729.000  5.498160e+02 
  730.000  5.667768e+02 
  731.000  5.534478e+02 
  732.000  5.979025e+02 
  733.000  6.217601e+02 
  734.000  6.510477e+02 
  735.000  6.401435e+02 
  736.000  6.178694e+02 
  737.000  6.339567e+02 
  738.000  6.431639e+02 
  739.000  6.269280e+02 
  740.000  6.431254e+02 
  741.000  6.439156e+02 
  742.000  6.357579e+02 
  743.000  6.599711e+02 
  744.000  6.687053e+02 
  745.000  6.529524e+02 
  746.000  6.635281e+02 
  747.000  6.742010e+02 
  748.000  6.629598e+02 
  749.000  6.637275e+02 
  750.000  6.536010e+02 
  751.000  6.521005e+02 
  752.000  6.631893e+02 
  753.000  6.573642e+02 
  754.000  6.679858e+02 
  755.000  6.643328e+02 
  756.000  6.515170e+02 
  757.000  6.564156e+02 
  758.000  6.546340e+02 
  759.000  5.881714e+02 
  760.000  2.154382e+02 
  761.000  1.849751e+02 
  762.000  3.771596e+02 
  763.000  3.217805e+02 
  764.000  3.550878e+02 
  765.000  4.323459e+02 
  766.000  5.000105e+02 
  767.000  5.524122e+02 
  768.000  6.046753e+02 
  769.000  6.223083e+02 
  770.000  6.288504e+02 
  771.000  6.339445e+02 
  772.000  6.326296e+02 
  773.000  6.305564e+02 
  774.000  6.378075e+02 
  775.000  6.142221e+02 
  776.000  6.398247e+02 
  777.000  6.354609e+02 
  778.000  6.320237e+02 
  779.000  6.340540e+02 
  780.000  6.261854e+02 
  781.000  6.256310e+02 
  782.000  6.331327e+02 
  783.000  6.183146e+02 
  784.000  6.215240e+02 
  785.000  6.214324e+02 
  786.000  6.081204e+02 
  787.000  6.108942e+02 
  788.000  5.984988e+02 
  789.000  5.903572e+02 
  790.000  5.833746e+02 
  791.000  5.825630e+02 
  792.000  5.753636e+02 
  793.000  5.794723e+02 
  794.000  5.832421e+02 
  795.000  5.741838e+02 
  796.000  5.679838e+02 
  797.000  5.761670e+02 
  798.000  5.866896e+02 
  799.000  5.839211e+02 
  800.000  5.615350e+02 
  801.000  5.728606e+02 
  802.000  5.710359e+02 
  803.000  5.639425e+02 
  804.000  5.725307e+02 
  805.000  5.633391e+02 
  806.000  5.825856e+02 
  807.000  5.793057e+02 
  808.000  5.735354e+02 
  809.000  5.611123e+02 
  810.000  5.555771e+02 
  811.000  5.581821e+02 
  812.000  5.477592e+02 
  813.000  5.350262e+02 
  814.000  5.205662e+02 
  815.000  4.980797e+02 
  816.000  4.726046e+02 
  817.000  4.764997e+02 
  818.000  4.752719e+02 
  819.000  4.693265e+02 
  820.000  4.828926e+02 
  821.000  5.261274e+02 
  822.000  4.911624e+02 
  823.000  4.425293e+02 
  824.000  4.964154e+02 
  825.000  5.268282e+02 
  826.000  5.249500e+02 
  827.000  5.192779e+02 
  828.000  4.977792e+02 
  829.000  5.048325e+02 
  830.000  5.049730e+02 
  831.000  4.980373e+02 
  832.000  5.092007e+02 
  833.000  4.979658e+02 
  834.000  5.108172e+02 
  835.000  5.223650e+02 
  836.000  5.251182e+02 
  837.000  5.204830e+02 
  838.000  5.274478e+02 
  839.000  5.139704e+02 
  840.000  5.288435e+02 
  841.000  5.270628e+02 
  842.000  5.266333e+02 
  843.000  5.296785e+02 
  844.000  5.238740e+02 
  845.000  5.332294e+02 
  846.000  5.394363e+02 
  847.000  5.223806e+02 
  848.000  5.352187e+02 
  849.000  5.365298e+02 
  850.000  4.628138e+02 
  851.000  5.287578e+02 
  852.000  5.088569e+02 
  853.000  5.170858e+02 
  854.000  4.156331e+02 
  855.000  4.585744e+02 
  856.000  5.227233e+02 
  857.000  5.318893e+02 
  858.000  5.239102e+02 
  859.000  5.249001e+02 
  860.000  5.206923e+02 
  861.000  5.207352e+02 
  862.000  5.193469e+02 
  863.000  5.293337e+02 
  864.000  5.285208e+02 
  865.000  5.188731e+02 
  866.000  4.352860e+02 
  867.000  4.635132e+02 
  868.000  5.027354e+02 
  869.000  4.957557e+02 
  870.000  5.161736e+02 
  871.000  5.155153e+02 
  872.000  5.136003e+02 
  873.000  5.155292e+02 
  874.000  5.041671e+02 
  875.000  4.995246e+02 
  876.000  5.035399e+02 
  877.000  5.134883e+02 
  878.000  5.041261e+02 
  879.000  5.052622e+02 
  880.000  5.018673e+02 
  881.000  4.755050e+02 
  882.000  5.015586e+02 
  883.000  4.903387e+02 
  884.000  4.946253e+02 
  885.000  4.988840e+02 
  886.000  4.811307e+02 
  887.000  4.773175e+02 
  888.000  4.915491e+02 
  889.000  4.951700e+02 
  890.000  4.926904e+02 
  891.000  4.880964e+02 
  892.000  4.819381e+02 
  893.000  4.499291e+02 
  894.000  4.576535e+02 
  895.000  4.135305e+02 
  896.000  4.075838e+02 
  897.000  3.756874e+02 
  898.000  3.659619e+02 
  899.000  3.377932e+02 
  900.000  3.330449e+02 
  901.000  3.192081e+02 
  902.000  3.147504e+02 
  903.000  3.782196e+02 
  904.000  4.137486e+02 
  905.000  4.117010e+02 
  906.000  3.823838e+02 
  907.000  3.567303e+02 
  908.000  3.271330e+02 
  909.000  3.222760e+02 
  910.000  3.290349e+02 
  911.000  3.412034e+02 
  912.000  3.355879e+02 
  913.000  3.158876e+02 
  914.000  3.273097e+02 
  915.000  3.321996e+02 
  916.000  3.393197e+02 
  917.000  3.399818e+02 
  918.000  3.459614e+02 
  919.000  3.773640e+02 
  920.000  3.945801e+02 
  921.000  3.815808e+02 
  922.000  3.778201e+02 
  923.000  3.566067e+02 
  924.000  3.583564e+02 
  925.000  3.617682e+02 
  926.000  3.478828e+02 
  927.000  3.448246e+02 
  928.000  3.229274e+02 
  929.000  2.856829e+02 
  930.000  2.460696e+02 
  931.000  2.059769e+02 
  932.000  1.561495e+02 
  933.000  1.259705e+02 
  934.000  9.755537e+01 
  935.000  9.317902e+01 
  936.000  1.021184e+02 
  937.000  1.021455e+02 
  938.000  1.325386e+02 
  939.000  2.325844e+02 
  940.000  2.485396e+02 
  941.000  2.291167e+02 
  942.000  1.887504e+02 
  943.000  1.487347e+02 
  944.000  1.412651e+02 
  945.000  1.590515e+02 
  946.000  1.624631e+02 
  947.000  1.778628e+02 
  948.000  1.888817e+02 
  949.000  1.885811e+02 
  950.000  1.900233e+02 
  951.000  2.116231e+02 
  952.000  1.880926e+02 
  953.000  2.046781e+02 
  954.000  2.217054e+02 
  955.000  1.935068e+02 
  956.000  2.039250e+02 
  957.000  2.526607e+02 
  958.000  2.618275e+02 
  959.000  2.547032e+02 
  960.000  2.501982e+02 
  961.000  2.436250e+02 
  962.000  2.489061e+02 
  963.000  2.769638e+02 
  964.000  2.781744e+02 
  965.000  2.790542e+02 
  966.000  2.728000e+02 
  967.000  3.024440e+02 
  968.000  3.361705e+02 
  969.000  3.558148e+02 
  970.000  3.578697e+02 
  971.000  3.543134e+02 
  972.000  3.518013e+02 
  973.000  3.372471e+02 
  974.000  3.187896e+02 
  975.000  3.119507e+02 
  976.000  3.262175e+02 
  977.000  3.351642e+02 
  978.000  3.421198e+02 
  979.000  3.368245e+02 
  980.000  3.598347e+02 
  981.000  3.665499e+02 
  982.000  3.617500e+02 
  983.000  3.704071e+02 
  984.000  3.778711e+02 
  985.000  3.834098e+02 
  986.000  3.876319e+02 
  987.000  3.953135e+02 
  988.000  3.912068e+02 
  989.000  3.867260e+02 
  990.000  3.908061e+02 
  991.000  3.967450e+02 
  992.000  3.938573e+02 
  993.000  3.941370e+02 
  994.000  3.985946e+02 
  995.000  3.972221e+02 
  996.000  3.971266e+02 
  997.000  3.966073e+02 
  998.000  3.939169e+02 
  999.000  3.924799e+02 
 1000.000  3.897099e+02 
 1001.000  3.893541e+02 
 1002.000  3.848328e+02 
 1003.000  3.812736e+02 
 1004.000  3.803250e+02 
 1005.000  3.561867e+02 
 1006.000  3.752124e+02 
 1007.000  3.813086e+02 
 1008.000  3.797599e+02 
 1009.000  3.732638e+02 
 1010.000  3.765375e+02 
 1011.000  3.789581e+02 
 1012.000  3.807970e+02 
 1013.000  3.793575e+02 
 1014.000  3.823622e+02 
 1015.000  3.754143e+02 
 1016.000  3.784126e+02 
 1017.000  3.750222e+02 
 1018.000  3.791906e+02 
 1019.000  3.691012e+02 
 1020.000  3.688323e+02 
 1021.000  3.735392e+02 
 1022.000  3.662363e+02 
 1023.000  3.718286e+02 
 1024.000  3.690807e+02 
 1025.000  3.715956e+02 
 1026.000  3.732061e+02 
 1027.000  3.704861e+02 
 1028.000  3.717877e+02 
 1029.000  3.672486e+02 
 1030.000  3.718546e+02 
 1031.000  3.712100e+02 
 1032.000  3.703341e+02 
 1033.000  3.636637e+02 
 1034.000  3.677599e+02 
 1035.000  3.639630e+02 
 1036.000  3.687048e+02 
 1037.000  3.610311e+02 
 1038.000  3.646824e+02 
 1039.000  3.660623e+02 
 1040.000  3.616545e+02 
 1041.000  3.635039e+02 
 1042.000  3.645667e+02 
 1043.000  3.582933e+02 
 1044.000  3.618033e+02 
 1045.000  3.600676e+02 
 1046.000  3.494726e+02 
 1047.000  3.557586e+02 
 1048.000  3.592228e+02 
 1049.000  3.568668e+02 
 1050.000  3.545623e+02 
 1051.000  3.542701e+02 
 1052.000  3.524753e+02 
 1053.000  3.526262e+02 
 1054.000  3.487142e+02 
 1055.000  3.509815e+02 
 1056.000  3.498468e+02 
 1057.000  3.486770e+02 
 1058.000  3.438780e+02 
 1059.000  3.332005e+02 
 1060.000  3.458719e+02 
 1061.000  3.336473e+02 
 1062.000  3.422280e+02 
 1063.000  3.362685e+02 
 1064.000  3.400813e+02 
 1065.000  3.389388e+02 
 1066.000  3.286046e+02 
 1067.000  3.360230e+02 
 1068.000  3.329854e+02 
 1069.000  3.069264e+02 
 1070.000  3.252492e+02 
 1071.000  3.246338e+02 
 1072.000  3.244709e+02 
 1073.000  3.135079e+02 
 1074.000  3.246051e+02 
 1075.000  3.160749e+02 
 1076.000  3.218873e+02 
 1077.000  3.197396e+02 
 1078.000  3.189773e+02 
 1079.000  3.063421e+02 
 1080.000  3.110140e+02 
 1081.000  2.993280e+02 
 1082.000  3.049773e+02 
 1083.000  2.944939e+02 
 1084.000  3.031704e+02 
 1085.000  2.932305e+02 
 1086.000  2.984070e+02 
 1087.000  2.862632e+02 
 1088.000  3.039012e+02 
 1089.000  2.844924e+02 
 1090.000  2.891334e+02 
 1091.000  2.924616e+02 
 1092.000  2.817419e+02 
 1093.000  2.696930e+02 
 1094.000  2.420440e+02 
 1095.000  2.625162e+02 
 1096.000  2.618653e+02 
 1097.000  2.565762e+02 
 1098.000  2.327524e+02 
 1099.000  2.155628e+02 
 1100.000  2.203628e+02 
 1101.000  2.222826e+02 
 1102.000  2.117650e+02 
 1103.000  2.216420e+02 
 1104.000  2.169387e+02 
 1105.000  2.090790e+02 
 1106.000  2.000527e+02 
 1107.000  2.013305e+02 
 1108.000  2.016189e+02 
 1109.000  2.082634e+02 
 1110.000  2.078485e+02 
 1111.000  2.013569e+02 
 1112.000  1.835873e+02 
 1113.000  1.617720e+02 
 1114.000  1.568972e+02 
 1115.000  1.313254e+02 
 1116.000  1.161105e+02 
 1117.000  8.953748e+01 
 1118.000  6.618592e+01 
 1119.000  5.361330e+01 
 1120.000  4.224857e+01 
 1121.000  4.005244e+01 
 1122.000  3.018969e+01 
 1123.000  3.500303e+01 
 1124.000  3.845223e+01 
 1125.000  3.578635e+01 
 1126.000  3.445202e+01 
 1127.000  3.661069e+01 
 1128.000  3.782648e+01 
 1129.000  4.862599e+01 
 1130.000  7.749290e+01 
 1131.000  8.798724e+01 
 1132.000  7.483965e+01 
 1133.000  5.253420e+01 
 1134.000  2.367199e+01 
 1135.000  2.583396e+01 
 1136.000  5.615770e+01 
 1137.000  7.879690e+01 
 1138.000  1.003692e+02 
 1139.000  1.120657e+02 
 1140.000  1.072843e+02 
 1141.000  9.498071e+01 
 1142.000  9.404306e+01 
 1143.000  8.203242e+01 
 1144.000  7.083549e+01 
 1145.000  5.704305e+01 
 1146.000  6.092313e+01 
 1147.000  7.272993e+01 
 1148.000  8.302917e+01 
 1149.000  8.821118e+01 
 1150.000  8.873718e+01 
 1151.000  9.637056e+01 
 1152.000  1.001749e+02 
 1153.000  1.058196e+02 
 1154.000  1.054639e+02 
 1155.000  1.176460e+02 
 1156.000  1.290057e+02 
 1157.000  1.585362e+02 
 1158.000  1.717544e+02 
 1159.000  1.810225e+02 
 1160.000  1.837157e+02 
 1161.000  1.915127e+02 
 1162.000  2.079193e+02 
 1163.000  2.203615e+02 
 1164.000  2.184567e+02 
 1165.000  2.239868e+02 
 1166.000  2.208010e+02 
 1167.000  2.260477e+02 
 1168.000  2.274585e+02 
 1169.000  2.212816e+02 
 1170.000  2.288042e+02 
 1171.000  2.339599e+02 
 1172.000  2.308425e+02 
 1173.000  2.269701e+02 
 1174.000  2.272290e+02 
 1175.000  2.308016e+02 
 1176.000  2.308935e+02 
 1177.000  2.352488e+02 
 1178.000  2.257454e+02 
 1179.000  2.247629e+02 
 1180.000  2.258873e+02 
 1181.000  2.196737e+02 
 1182.000  2.149787e+02 
 1183.000  2.030244e+02 
 1184.000  2.150337e+02 
 1185.000  2.249695e+02 
 1186.000  2.215384e+02 
 1187.000  2.145202e+02 
 1188.000  2.118588e+02 
 1189.000  2.036559e+02 
 1190.000  2.249082e+02 
 1191.000  2.318886e+02 
 1192.000  2.356151e+02 
 1193.000  2.346389e+02 
 1194.000  2.334772e+02 
 1195.000  2.260557e+02 
 1196.000  2.265725e+02 
 1197.000  2.241923e+02 
 1198.000  2.161415e+02 
 1199.000  2.054227e+02 
 1200.000  2.200446e+02 
 1201.000  2.222588e+02 
 1202.000  2.233251e+02 
 1203.000  2.111661e+02 
 1204.000  2.157943e+02 
 1205.000  2.286588e+02 
 1206.000  2.308965e+02 
 1207.000  2.339275e+02 
 1208.000  2.293757e+02 
 1209.000  2.132619e+02 
 1210.000  2.250341e+02 
 1211.000  2.170552e+02 
 1212.000  2.246354e+02 
 1213.000  2.286150e+02 
 1214.000  2.270902e+02 
 1215.000  2.289825e+02 
 1216.000  2.329357e+02 
 1217.000  2.364525e+02 
 1218.000  2.373851e+02 
 1219.000  2.361499e+02 
 1220.000  2.378348e+02 
 1221.000  2.378186e+02 
 1222.000  2.366917e+02 
 1223.000  2.359604e+02 
 1224.000  2.402080e+02 
 1225.000  2.394000e+02 
 1226.000  2.409875e+02 
 1227.000  2.339964e+02 
 1228.000  2.428053e+02 
 1229.000  2.436878e+02 
 1230.000  2.441409e+02 
 1231.000  2.448714e+02 
 1232.000  2.423970e+02 
 1233.000  2.445169e+02 
 1234.000  2.454004e+02 
 1235.000  2.442844e+02 
 1236.000  2.461568e+02 
 1237.000  2.465903e+02 
 1238.000  2.466650e+02 
 1239.000  2.439612e+02 
 1240.000  2.428706e+02 
 1241.000  2.448734e+02 
 1242.000  2.432716e+02 
 1243.000  2.403969e+02 
 1244.000  2.378649e+02 
 1245.000  2.417135e+02 
 1246.000  2.395646e+02 
 1247.000  2.379944e+02 
 1248.000  2.395912e+02 
 1249.000  2.385431e+02 
 1250.000  2.373188e+02 
 1251.000  2.353825e+02 
 1252.000  2.341536e+02 
 1253.000  2.316748e+02 
 1254.000  2.311805e+02 
 1255.000  2.300431e+02 
 1256.000  2.289351e+02 
 1257.000  2.255284e+02 
 1258.000  2.245124e+02 
 1259.000  2.204977e+02 
 1260.000  2.189982e+02 
 1261.000  2.166439e+02 
 1262.000  2.081722e+02 
 1263.000  2.092775e+02 
 1264.000  2.051274e+02 
 1265.000  2.051115e+02 
 1266.000  2.047912e+02 
 1267.000  1.992187e+02 
 1268.000  1.954732e+02 
 1269.000  1.965046e+02 
 1270.000  2.030716e+02 
 1271.000  2.061181e+02 
 1272.000  2.072374e+02 
 1273.000  2.088492e+02 
 1274.000  2.098581e+02 
 1275.000  2.120672e+02 
 1276.000  2.128716e+02 
 1277.000  2.128035e+02 
 1278.000  2.122040e+02 
 1279.000  2.110506e+02 
 1280.000  2.111318e+02 
 1281.000  2.063412e+02 
 1282.000  1.842763e+02 
 1283.000  2.027546e+02 
 1284.000  2.110823e+02 
 1285.000  2.129539e+02 
 1286.000  2.120754e+02 
 1287.000  2.119076e+02 
 1288.000  2.053846e+02 
 1289.000  2.049402e+02 
 1290.000  1.999762e+02 
 1291.000  2.034882e+02 
 1292.000  2.064344e+02 
 1293.000  2.067638e+02 
 1294.000  2.011763e+02 
 1295.000  1.997446e+02 
 1296.000  1.960593e+02 
 1297.000  1.917584e+02 
 1298.000  1.896512e+02 
 1299.000  1.911815e+02 
 1300.000  1.898954e+02 
 1301.000  1.887303e+02 
 1302.000  1.841389e+02 
 1303.000  1.768914e+02 
 1304.000  1.745264e+02 
 1305.000  1.745576e+02 
 1306.000  1.736971e+02 
 1307.000  1.716711e+02 
 1308.000  1.675957e+02 
 1309.000  1.621881e+02 
 1310.000  1.609452e+02 
 1311.000  1.604061e+02 
 1312.000  1.539492e+02 
 1313.000  1.412571e+02 
 1314.000  1.403875e+02 
 1315.000  1.382077e+02 
 1316.000  1.454395e+02 
 1317.000  1.467421e+02 
 1318.000  1.378768e+02 
 1319.000  1.304168e+02 
 1320.000  1.191714e+02 
 1321.000  1.147840e+02 
 1322.000  1.207123e+02 
 1323.000  1.279033e+02 
 1324.000  1.317054e+02 
 1325.000  1.289928e+02 
 1326.000  1.215884e+02 
 1327.000  1.063775e+02 
 1328.000  9.224949e+01 
 1329.000  6.631147e+01 
 1330.000  5.960415e+01 
 1331.000  5.515370e+01 
 1332.000  5.529763e+01 
 1333.000  6.100679e+01 
 1334.000  6.703722e+01 
 1335.000  7.159488e+01 
 1336.000  7.247555e+01 
 1337.000  7.344705e+01 
 1338.000  7.676697e+01 
 1339.000  7.712519e+01 
 1340.000  7.947787e+01 
 1341.000  7.850177e+01 
 1342.000  7.873849e+01 
 1343.000  6.761500e+01 
 1344.000  5.605242e+01 
 1345.000  3.300921e+01 
 1346.000  2.005122e+01 
 1347.000  1.456793e+01 
 1348.000  7.781545e+00 
 1349.000  6.126924e+00 
 1350.000  2.691293e+00 
 1351.000  1.847404e+00 
 1352.000  7.253523e-01 
 1353.000  2.692254e-01 
 1354.000  1.308422e-01 
 1355.000  5.952816e-02 
 1356.000  2.414101e-02 
 1357.000  6.571427e-03 
 1358.000  2.962627e-03 
 1359.000  4.330638e-04 
 1360.000  1.545593e-04 
 1361.000  5.755309e-05 
 1362.000  4.692761e-05 
 1363.000  1.076209e-04 
 1364.000  1.543221e-04 
 1365.000  1.585134e-04 
 1366.000  2.249697e-04 
 1367.000  1.656673e-04 
 1368.000  1.521758e-04 
 1369.000  1.678364e-04 
 1370.000  7.582873e-04 
 1371.000  3.330382e-03 
 1372.000  1.849364e-02 
 1373.000  4.556458e-02 
 1374.000  7.801404e-02 
 1375.000  9.471713e-02 
 1376.000  7.887918e-02 
 1377.000  5.722792e-02 
 1378.000  2.764060e-02 
 1379.000  1.035990e-02 
 1380.000  2.318274e-03 
 1381.000  5.669778e-04 
 1382.000  2.178091e-04 
 1383.000  1.895383e-04 
 1384.000  6.647858e-04 
 1385.000  1.665320e-03 
 1386.000  5.103926e-03 
 1387.000  2.787363e-02 
 1388.000  5.678425e-02 
 1389.000  8.798323e-02 
 1390.000  9.577878e-02 
 1391.000  8.184968e-02 
 1392.000  4.017765e-02 
 1393.000  2.114344e-02 
 1394.000  1.086232e-02 
 1395.000  1.501072e-02 
 1396.000  3.346391e-02 
 1397.000  6.725451e-02 
 1398.000  7.267947e-02 
 1399.000  6.583121e-02 
 1400.000  5.793442e-02 
 1401.000  7.552373e-02 
 1402.000  1.282002e-01 
 1403.000  2.142830e-01 
 1404.000  1.846989e-01 
 1405.000  2.396409e-01 
 1406.000  1.969252e-01 
 1407.000  2.537588e-01 
 1408.000  4.077216e-01 
 1409.000  6.896889e-01 
 1410.000  1.175092e+00 
 1411.000  2.065407e+00 
 1412.000  2.013999e+00 
 1413.000  2.852422e+00 
 1414.000  2.690850e+00 
 1415.000  3.923772e+00 
 1416.000  4.759681e+00 
 1417.000  5.470858e+00 
 1418.000  5.598575e+00 
 1419.000  6.055700e+00 
 1420.000  6.467759e+00 
 1421.000  9.050195e+00 
 1422.000  9.995502e+00 
 1423.000  1.077352e+01 
 1424.000  1.066396e+01 
 1425.000  1.029495e+01 
 1426.000  1.000687e+01 
 1427.000  1.155310e+01 
 1428.000  1.292350e+01 
 1429.000  1.416783e+01 
 1430.000  1.391403e+01 
 1431.000  1.179998e+01 
 1432.000  1.087831e+01 
 1433.000  1.080179e+01 
 1434.000  9.818211e+00 
 1435.000  1.159764e+01 
 1436.000  1.237380e+01 
 1437.000  1.285159e+01 
 1438.000  1.505050e+01 
 1439.000  1.549619e+01 
 1440.000  1.533483e+01 
 1441.000  1.658384e+01 
 1442.000  1.538997e+01 
 1443.000  1.576552e+01 
 1444.000  1.659769e+01 
 1445.000  1.678655e+01 
 1446.000  1.865495e+01 
 1447.000  2.023219e+01 
 1448.000  2.071685e+01 
 1449.000  1.963841e+01 
 1450.000  1.789363e+01 
 1451.000  1.860401e+01 
 1452.000  2.163277e+01 
 1453.000  2.789797e+01 
 1454.000  3.512543e+01 
 1455.000  3.963912e+01 
 1456.000  4.488012e+01 
 1457.000  4.607487e+01 
 1458.000  4.779992e+01 
 1459.000  4.406794e+01 
 1460.000  4.013177e+01 
 1461.000  3.827181e+01 
 1462.000  3.346696e+01 
 1463.000  3.324301e+01 
 1464.000  3.198335e+01 
 1465.000  2.941911e+01 
 1466.000  2.541011e+01 
 1467.000  2.380207e+01 
 1468.000  2.097479e+01 
 1469.000  1.790813e+01 
 1470.000  1.674352e+01 
 1471.000  2.014658e+01 
 1472.000  2.574259e+01 
 1473.000  3.460006e+01 
 1474.000  4.099635e+01 
 1475.000  4.184119e+01 
 1476.000  4.191228e+01 
 1477.000  3.966808e+01 
 1478.000  3.689430e+01 
 1479.000  3.434536e+01 
 1480.000  3.646894e+01 
 1481.000  3.922082e+01 
 1482.000  4.370040e+01 
 1483.000  4.389229e+01 
 1484.000  4.450031e+01 
 1485.000  4.479358e+01 
 1486.000  4.769659e+01 
 1487.000  5.568355e+01 
 1488.000  4.935247e+01 
 1489.000  6.785812e+01 
 1490.000  7.844461e+01 
 1491.000  8.542128e+01 
 1492.000  8.459749e+01 
 1493.000  9.047113e+01 
 1494.000  9.069975e+01 
 1495.000  9.437206e+01 
 1496.000  9.869151e+01 
 1497.000  1.015007e+02 
 1498.000  1.089633e+02 
 1499.000  1.133272e+02 
 1500.000  1.197896e+02 
 1501.000  1.182472e+02 
 1502.000  1.149920e+02 
 1503.000  1.018494e+02 
 1504.000  1.075850e+02 
 1505.000  1.117295e+02 
 1506.000  1.134293e+02 
 1507.000  1.228183e+02 
 1508.000  1.231105e+02 
 1509.000  1.260141e+02 
 1510.000  1.287850e+02 
 1511.000  1.311012e+02 
 1512.000  1.297180e+02 
 1513.000  1.300511e+02 
 1514.000  1.282734e+02 
 1515.000  1.320610e+02 
 1516.000  1.312730e+02 
 1517.000  1.316181e+02 
 1518.000  1.363378e+02 
 1519.000  1.369540e+02 
 1520.000  1.411991e+02 
 1521.000  1.403217e+02 
 1522.000  1.395517e+02 
 1523.000  1.435261e+02 
 1524.000  1.419390e+02 
 1525.000  1.381802e+02 
 1526.000  1.422851e+02 
 1527.000  1.415630e+02 
 1528.000  1.435577e+02 
 1529.000  1.431217e+02 
 1530.000  1.347897e+02 
 1531.000  1.447621e+02 
 1532.000  1.446416e+02 
 1533.000  1.443924e+02 
 1534.000  1.425752e+02 
 1535.000  1.435064e+02 
 1536.000  1.454379e+02 
 1537.000  1.463149e+02 
 1538.000  1.427585e+02 
 1539.000  1.461240e+02 
 1540.000  1.409598e+02 
 1541.000  1.440244e+02 
 1542.000  1.448792e+02 
 1543.000  1.446204e+02 
 1544.000  1.467097e+02 
 1545.000  1.476562e+02 
 1546.000  1.481174e+02 
 1547.000  1.469437e+02 
 1548.000  1.427484e+02 
 1549.000  1.464041e+02 
 1550.000  1.455348e+02 
 1551.000  1.447502e+02 
 1552.000  1.472385e+02 
 1553.000  1.466118e+02 
 1554.000  1.412026e+02 
 1555.000  1.436414e+02 
 1556.000  1.409727e+02 
 1557.000  1.456519e+02 
 1558.000  1.444526e+02 
 1559.000  1.443650e+02 
 1560.000  1.418697e+02 
 1561.000  1.450992e+02 
 1562.000  1.449196e+02 
 1563.000  1.425878e+02 
 1564.000  1.394932e+02 
 1565.000  1.412074e+02 
 1566.000  1.385293e+02 
 1567.000  1.378207e+02 
 1568.000  1.339421e+02 
 1569.000  1.332786e+02 
 1570.000  1.290094e+02 
 1571.000  1.324647e+02 
 1572.000  1.322100e+02 
 1573.000  1.303863e+02 
 1574.000  1.312257e+02 
 1575.000  1.220979e+02 
 1576.000  1.311716e+02 
 1577.000  1.185778e+02 
 1578.000  1.299204e+02 
 1579.000  1.309399e+02 
 1580.000  1.341196e+02 
 1581.000  1.332291e+02 
 1582.000  1.310577e+02 
 1583.000  1.331379e+02 
 1584.000  1.324146e+02 
 1585.000  1.366622e+02 
 1586.000  1.349441e+02 
 1587.000  1.337479e+02 
 1588.000  1.319410e+02 
 1589.000  1.207074e+02 
 1590.000  1.299299e+02 
 1591.000  1.270248e+02 
 1592.000  1.335608e+02 
 1593.000  1.361740e+02 
 1594.000  1.347733e+02 
 1595.000  1.351600e+02 
 1596.000  1.266079e+02 
 1597.000  1.309770e+02 
 1598.000  1.323090e+02 
 1599.000  1.265656e+02 
 1600.000  1.276202e+02 
 1601.000  1.222461e+02 
 1602.000  1.251570e+02 
 1603.000  1.246279e+02 
 1604.000  1.267939e+02 
 1605.000  1.249170e+02 
 1606.000  1.246175e+02 
 1607.000  1.249163e+02 
 1608.000  1.261506e+02 
 1609.000  1.256636e+02 
 1610.000  1.179624e+02 
 1611.000  1.220608e+02 
 1612.000  1.239618e+02 
 1613.000  1.274235e+02 
 1614.000  1.261706e+02 
 1615.000  1.287909e+02 
 1616.000  1.211006e+02 
 1617.000  1.251854e+02 
 1618.000  1.290831e+02 
 1619.000  1.292014e+02 
 1620.000  1.264225e+02 
 1621.000  1.248876e+02 
 1622.000  1.280287e+02 
 1623.000  1.308197e+02 
 1624.000  1.318236e+02 
 1625.000  1.289458e+02 
 1626.000  1.301606e+02 
 1627.000  1.300452e+02 
 1628.000  1.309495e+02 
 1629.000  1.307512e+02 
 1630.000  1.268834e+02 
 1631.000  1.288653e+02 
 1632.000  1.285782e+02 
 1633.000  1.268466e+02 
 1634.000  1.236135e+02 
 1635.000  1.269253e+02 
 1636.000  1.263407e+02 
 1637.000  1.204262e+02 
 1638.000  1.195456e+02 
 1639.000  1.179034e+02 
 1640.000  1.184064e+02 
 1641.000  1.174150e+02 
 1642.000  1.172639e+02 
 1643.000  1.201469e+02 
 1644.000  1.181309e+02 
 1645.000  1.181441e+02 
 1646.000  1.195613e+02 
 1647.000  1.206518e+02 
 1648.000  1.199745e+02 
 1649.000  1.171731e+02 
 1650.000  1.201393e+02 
 1651.000  1.174376e+02 
 1652.000  1.196625e+02 
 1653.000  1.185070e+02 
 1654.000  1.198339e+02 
 1655.000  1.176854e+02 
 1656.000  1.201177e+02 
 1657.000  1.192429e+02 
 1658.000  1.201102e+02 
 1659.000  1.179318e+02 
 1660.000  1.191849e+02 
 1661.000  1.196422e+02 
 1662.000  1.186697e+02 
 1663.000  1.179284e+02 
 1664.000  1.174044e+02 
 1665.000  1.162096e+02 
 1666.000  1.158918e+02 
 1667.000  1.173621e+02 
 1668.000  1.153720e+02 
 1669.000  1.158003e+02 
 1670.000  1.184001e+02 
 1671.000  1.176370e+02 
 1672.000  1.120659e+02 
 1673.000  1.150963e+02 
 1674.000  1.154554e+02 
 1675.000  1.143774e+02 
 1676.000  1.124943e+02 
 1677.000  1.131232e+02 
 1678.000  1.139485e+02 
 1679.000  1.123884e+02 
 1680.000  1.086581e+02 
 1681.000  1.049570e+02 
 1682.000  1.079843e+02 
 1683.000  1.105953e+02 
 1684.000  1.125940e+02 
 1685.000  1.127127e+02 
 1686.000  1.113572e+02 
 1687.000  1.114558e+02 
 1688.000  1.112515e+02 
 1689.000  1.099043e+02 
 1690.000  1.094983e+02 
 1691.000  1.108703e+02 
 1692.000  1.110639e+02 
 1693.000  1.107155e+02 
 1694.000  1.105496e+02 
 1695.000  1.103836e+02 
 1696.000  1.097339e+02 
 1697.000  1.089290e+02 
 1698.000  1.095077e+02 
 1699.000  1.088017e+02 
 1700.000  1.074289e+02 
 1701.000  1.077481e+02 
 1702.000  1.073905e+02 
 1703.000  1.049435e+02 
 1704.000  1.064098e+02 
 1705.000  1.068904e+02 
 1706.000  1.051499e+02 
 1707.000  1.046423e+02 
 1708.000  1.018263e+02 
 1709.000  1.036859e+02 
 1710.000  1.048327e+02 
 1711.000  9.683206e+01 
 1712.000  1.035854e+02 
 1713.000  1.038617e+02 
 1714.000  1.039724e+02 
 1715.000  1.040163e+02 
 1716.000  1.035918e+02 
 1717.000  1.027352e+02 
 1718.000  1.021679e+02 
 1719.000  1.025655e+02 
 1720.000  9.919219e+01 
 1721.000  9.771500e+01 
 1722.000  9.859235e+01 
 1723.000  9.285603e+01 
 1724.000  9.422530e+01 
 1725.000  9.598330e+01 
 1726.000  9.752013e+01 
 1727.000  9.701909e+01 
 1728.000  9.481299e+01 
 1729.000  9.704437e+01 
 1730.000  9.719987e+01 
 1731.000  9.495937e+01 
 1732.000  9.324254e+01 
 1733.000  8.727035e+01 
 1734.000  8.864397e+01 
 1735.000  8.808575e+01 
 1736.000  8.377739e+01 
 1737.000  8.241334e+01 
 1738.000  8.616546e+01 
 1739.000  8.744938e+01 
 1740.000  8.719572e+01 
 1741.000  8.499902e+01 
 1742.000  8.764115e+01 
 1743.000  8.570619e+01 
 1744.000  8.649543e+01 
 1745.000  8.392763e+01 
 1746.000  8.388232e+01 
 1747.000  8.221384e+01 
 1748.000  8.519529e+01 
 1749.000  8.496128e+01 
 1750.000  8.452013e+01 
 1751.000  8.315404e+01 
 1752.000  8.344946e+01 
 1753.000  8.311897e+01 
 1754.000  8.314593e+01 
 1755.000  8.098396e+01 
 1756.000  8.192884e+01 
 1757.000  8.198706e+01 
 1758.000  8.177592e+01 
 1759.000  8.211147e+01 
 1760.000  8.085471e+01 
 1761.000  7.787710e+01 
 1762.000  7.594449e+01 
 1763.000  7.539453e+01 
 1764.000  7.132394e+01 
 1765.000  7.256807e+01 
 1766.000  7.155495e+01 
 1767.000  7.188924e+01 
 1768.000  7.085986e+01 
 1769.000  7.102110e+01 
 1770.000  6.934832e+01 
 1771.000  6.947000e+01 
 1772.000  6.808537e+01 
 1773.000  6.785454e+01 
 1774.000  6.300535e+01 
 1775.000  5.882925e+01 
 1776.000  5.842632e+01 
 1777.000  5.484896e+01 
 1778.000  5.242533e+01 
 1779.000  5.295329e+01 
 1780.000  5.105378e+01 
 1781.000  5.021800e+01 
 1782.000  4.955731e+01 
 1783.000  4.686941e+01 
 1784.000  4.691014e+01 
 1785.000  4.682626e+01 
 1786.000  4.671274e+01 
 1787.000  4.709119e+01 
 1788.000  4.677583e+01 
 1789.000  4.172678e+01 
 1790.000  4.141036e+01 
 1791.000  3.714298e+01 
 1792.000  3.571574e+01 
 1793.000  3.070975e+01 
 1794.000  2.731347e+01 
 1795.000  2.754184e+01 
 1796.000  2.269837e+01 
 1797.000  1.950245e+01 
 1798.000  1.957417e+01 
 1799.000  1.391021e+01 
 1800.000  1.384003e+01 
 1801.000  1.028590e+01 
 1802.000  8.044725e+00 
 1803.000  8.009896e+00 
 1804.000  7.854102e+00 
 1805.000  7.247141e+00 
 1806.000  5.890188e+00 
 1807.000  5.502625e+00 
 1808.000  4.912393e+00 
 1809.000  3.399990e+00 
 1810.000  2.447396e+00 
 1811.000  2.444877e+00 
 1812.000  1.546948e+00 
 1813.000  1.551128e+00 
 1814.000  1.234795e+00 
 1815.000  6.163017e-01 
 1816.000  6.082931e-01 
 1817.000  4.839873e-01 
 1818.000  3.735800e-01 
 1819.000  2.525218e-01 
 1820.000  2.113555e-01 
 1821.000  2.130802e-01 
 1822.000  1.492374e-01 
 1823.000  1.470997e-01 
 1824.000  1.240604e-01 
 1825.000  3.795759e-02 
 1826.000  3.820770e-02 
 1827.000  2.006764e-02 
 1828.000  1.431785e-02 
 1829.000  3.949207e-03 
 1830.000  1.712687e-03 
 1831.000  1.711140e-03 
 1832.000  5.962217e-04 
 1833.000  5.755749e-04 
 1834.000  2.078753e-04 
 1835.000  3.301589e-05 
 1836.000  3.314587e-05 
 1837.000  1.570458e-05 
 1838.000  1.201714e-05 
 1839.000  1.768130e-05 
 1840.000  4.487202e-05 
 1841.000  4.594196e-05 
 1842.000  9.162144e-05 
 1843.000  8.886981e-05 
 1844.000  1.467705e-04 
 1845.000  1.257962e-04 
 1846.000  8.602444e-05 
 1847.000  4.902361e-05 
 1848.000  5.060609e-05 
 1849.000  5.045911e-05 
 1850.000  5.099041e-05 
 1851.000  4.681601e-05 
 1852.000  5.135963e-05 
 1853.000  5.032107e-05 
 1854.000  5.181868e-05 
 1855.000  5.653716e-05 
 1856.000  6.713771e-05 
 1857.000  7.000778e-05 
 1858.000  1.236633e-04 
 1859.000  3.270970e-04 
 1860.000  3.239029e-04 
 1861.000  8.763407e-04 
 1862.000  7.570073e-04 
 1863.000  8.802526e-04 
 1864.000  6.506930e-04 
 1865.000  6.547365e-04 
 1866.000  1.947434e-04 
 1867.000  1.919396e-04 
 1868.000  1.641665e-05 
 1869.000  1.882814e-05 
 1870.000  8.961936e-10 
 1871.000  0.000000e+00 
 1872.000  0.000000e+00 
 1873.000  2.296213e-09 
 1874.000  2.296908e-09 
 1875.000  3.198845e-05 
 1876.000  3.139483e-05 
 1877.000  4.208827e-04 
 1878.000  1.705375e-03 
 1879.000  1.744961e-03 
 1880.000  4.426728e-03 
 1881.000  4.568353e-03 
 1882.000  7.666461e-03 
 1883.000  9.755387e-03 
 1884.000  1.362874e-02 
 1885.000  1.357312e-02 
 1886.000  1.317188e-02 
 1887.000  1.575126e-02 
 1888.000  1.555762e-02 
 1889.000  1.062361e-02 
 1890.000  1.023913e-02 
 1891.000  7.982673e-03 
 1892.000  7.749511e-03 
 1893.000  6.110725e-03 
 1894.000  4.541055e-03 
 1895.000  4.437744e-03 
 1896.000  2.379414e-03 
 1897.000  2.372118e-03 
 1898.000  7.511831e-04 
 1899.000  7.404572e-04 
 1900.000  2.755565e-04 
 1901.000  2.769686e-04 
 1902.000  1.739880e-04 
 1903.000  3.358669e-04 
 1904.000  3.333611e-04 
 1905.000  7.669432e-04 
 1906.000  7.712836e-04 
 1907.000  1.528891e-03 
 1908.000  1.502743e-03 
 1909.000  1.893305e-03 
 1910.000  1.898814e-03 
 1911.000  2.143305e-03 
 1912.000  2.294273e-03 
 1913.000  4.281134e-03 
 1914.000  6.684539e-03 
 1915.000  6.650179e-03 
 1916.000  2.306316e-02 
 1917.000  2.321271e-02 
 1918.000  3.806077e-02 
 1919.000  3.794682e-02 
 1920.000  7.735465e-02 
 1921.000  8.054687e-02 
 1922.000  1.131542e-01 
 1923.000  1.315223e-01 
 1924.000  1.663373e-01 
 1925.000  1.750654e-01 
 1926.000  1.761799e-01 
 1927.000  2.704906e-01 
 1928.000  2.679580e-01 
 1929.000  3.132238e-01 
 1930.000  3.258850e-01 
 1931.000  6.183079e-01 
 1932.000  6.377007e-01 
 1933.000  7.669947e-01 
 1934.000  9.729213e-01 
 1935.000  1.327566e+00 
 1936.000  1.346120e+00 
 1937.000  1.452665e+00 
 1938.000  2.081406e+00 
 1939.000  1.989234e+00 
 1940.000  2.529657e+00 
 1941.000  2.554882e+00 
 1942.000  3.596152e+00 
 1943.000  3.491229e+00 
 1944.000  4.002738e+00 
 1945.000  3.761545e+00 
 1946.000  5.390720e+00 
 1947.000  5.727674e+00 
 1948.000  6.571634e+00 
 1949.000  7.053108e+00 
 1950.000  7.919109e+00 
 1951.000  7.689996e+00 
 1952.000  7.763063e+00 
 1953.000  8.396539e+00 
 1954.000  8.527317e+00 
 1955.000  8.516913e+00 
 1956.000  8.178020e+00 
 1957.000  9.160044e+00 
 1958.000  9.203120e+00 
 1959.000  1.099612e+01 
 1960.000  1.091359e+01 
 1961.000  1.398718e+01 
 1962.000  1.370918e+01 
 1963.000  1.726753e+01 
 1964.000  1.728774e+01 
 1965.000  2.227166e+01 
 1966.000  2.172758e+01 
 1967.000  2.541589e+01 
 1968.000  2.549311e+01 
 1969.000  2.890349e+01 
 1970.000  2.915824e+01 
 1971.000  3.117509e+01 
 1972.000  3.120510e+01 
 1973.000  3.160951e+01 
 1974.000  3.247619e+01 
 1975.000  3.506874e+01 
 1976.000  3.532552e+01 
 1977.000  3.723865e+01 
 1978.000  3.534192e+01 
 1979.000  3.891618e+01 
 1980.000  3.784241e+01 
 1981.000  4.043327e+01 
 1982.000  4.079144e+01 
 1983.000  4.172965e+01 
 1984.000  4.139843e+01 
 1985.000  4.203062e+01 
 1986.000  4.119002e+01 
 1987.000  4.188852e+01 
 1988.000  4.312444e+01 
 1989.000  4.296303e+01 
 1990.000  4.283980e+01 
 1991.000  4.267191e+01 
 1992.000  4.215136e+01 
 1993.000  4.036116e+01 
 1994.000  4.068674e+01 
 1995.000  3.832153e+01 
 1996.000  3.836554e+01 
 1997.000  3.213916e+01 
 1998.000  3.153041e+01 
 1999.000  2.460509e+01 
 2000.000  2.465382e+01 
 2001.000  1.844176e+01 
 2002.000  1.847157e+01 
 2003.000  1.552112e+01 
 2004.000  1.552957e+01 
 2005.000  1.597350e+01 
 2006.000  1.555888e+01 
 2007.000  1.767488e+01 
 2008.000  1.767901e+01 
 2009.000  1.906712e+01 
 2010.000  1.910229e+01 
 2011.000  1.951280e+01 
 2012.000  1.950645e+01 
 2013.000  1.983423e+01 
 2014.000  1.963980e+01 
 2015.000  2.064260e+01 
 2016.000  2.062535e+01 
 2017.000  2.306316e+01 
 2018.000  2.311773e+01 
 2019.000  2.748487e+01 
 2020.000  2.729647e+01 
 2021.000  3.107572e+01 
 2022.000  3.217104e+01 
 2023.000  3.688433e+01 
 2024.000  3.693306e+01 
 2025.000  4.027322e+01 
 2026.000  4.063868e+01 
 2027.000  4.291215e+01 
 2028.000  4.307822e+01 
 2029.000  4.441722e+01 
 2030.000  4.389807e+01 
 2031.000  4.578949e+01 
 2032.000  4.655403e+01 
 2033.000  4.790149e+01 
 2034.000  4.786397e+01 
 2035.000  4.695339e+01 
 2036.000  4.805465e+01 
 2037.000  4.835623e+01 
 2038.000  4.576234e+01 
 2039.000  4.721553e+01 
 2040.000  4.759927e+01 
 2041.000  4.712577e+01 
 2042.000  4.668737e+01 
 2043.000  4.602765e+01 
 2044.000  4.601958e+01 
 2045.000  4.431726e+01 
 2046.000  4.428716e+01 
 2047.000  4.404722e+01 
 2048.000  4.103534e+01 
 2049.000  4.126458e+01 
 2050.000  3.773820e+01 
 2051.000  3.752926e+01 
 2052.000  3.518930e+01 
 2053.000  3.469768e+01 
 2054.000  3.425903e+01 
 2055.000  3.451927e+01 
 2056.000  3.499504e+01 
 2057.000  3.486014e+01 
 2058.000  3.587984e+01 
 2059.000  3.589235e+01 
 2060.000  3.614852e+01 
 2061.000  3.519144e+01 
 2062.000  3.625994e+01 
 2063.000  3.612523e+01 
 2064.000  3.405861e+01 
 2065.000  3.605528e+01 
 2066.000  3.610111e+01 
 2067.000  3.653125e+01 
 2068.000  3.622173e+01 
 2069.000  3.732637e+01 
 2070.000  3.607672e+01 
 2071.000  3.921532e+01 
 2072.000  3.876606e+01 
 2073.000  4.147329e+01 
 2074.000  4.141113e+01 
 2075.000  4.315407e+01 
 2076.000  4.310495e+01 
 2077.000  4.445577e+01 
 2078.000  4.444548e+01 
 2079.000  4.370821e+01 
 2080.000  4.507679e+01 
 2081.000  4.463769e+01 
 2082.000  4.550620e+01 
 2083.000  4.471281e+01 
 2084.000  4.533775e+01 
 2085.000  4.571561e+01 
 2086.000  4.635047e+01 
 2087.000  4.632808e+01 
 2088.000  4.685046e+01 
 2089.000  4.691662e+01 
 2090.000  4.716781e+01 
 2091.000  4.681514e+01 
 2092.000  4.502957e+01 
 2093.000  4.659278e+01 
 2094.000  4.703134e+01 
 2095.000  4.548288e+01 
 2096.000  4.685310e+01 
 2097.000  4.656340e+01 
 2098.000  4.649965e+01 
 2099.000  4.683767e+01 
 2100.000  4.696206e+01 
 2101.000  4.734879e+01 
 2102.000  4.767204e+01 
 2103.000  4.694480e+01 
 2104.000  4.792196e+01 
 2105.000  4.788166e+01 
 2106.000  4.836261e+01 
 2107.000  4.821767e+01 
 2108.000  4.820765e+01 
 2109.000  4.796057e+01 
 2110.000  4.664502e+01 
 2111.000  4.773133e+01 
 2112.000  4.748415e+01 
 2113.000  4.724302e+01 
 2114.000  4.739164e+01 
 2115.000  4.719726e+01 
 2116.000  4.687460e+01 
 2117.000  4.566617e+01 
 2118.000  4.672249e+01 
 2119.000  4.715612e+01 
 2120.000  4.602718e+01 
 2121.000  4.723857e+01 
 2122.000  4.683149e+01 
 2123.000  4.686353e+01 
 2124.000  4.639865e+01 
 2125.000  4.740094e+01 
 2126.000  4.797499e+01 
 2127.000  4.713986e+01 
 2128.000  4.845126e+01 
 2129.000  4.834203e+01 
 2130.000  4.834045e+01 
 2131.000  4.863181e+01 
 2132.000  4.854566e+01 
 2133.000  4.864698e+01 
 2134.000  4.850014e+01 
 2135.000  4.864033e+01 
 2136.000  4.686462e+01 
 2137.000  4.850081e+01 
 2138.000  4.849051e+01 
 2139.000  4.824751e+01 
 2140.000  4.823012e+01 
 2141.000  4.827365e+01 
 2142.000  4.787976e+01 
 2143.000  4.764023e+01 
 2144.000  4.703437e+01 
 2145.000  4.656580e+01 
 2146.000  4.527861e+01 
 2147.000  4.573838e+01 
 2148.000  4.575839e+01 
 2149.000  4.454565e+01 
 2150.000  4.449153e+01 
 2151.000  4.362882e+01 
 2152.000  4.352184e+01 
 2153.000  4.309444e+01 
 2154.000  4.319641e+01 
 2155.000  4.317569e+01 
 2156.000  4.333291e+01 
 2157.000  4.322235e+01 
 2158.000  4.326066e+01 
 2159.000  4.306031e+01 
 2160.000  4.301904e+01 
 2161.000  4.297607e+01 
 2162.000  4.239997e+01 
 2163.000  4.256348e+01 
 2164.000  4.196722e+01 
 2165.000  4.067898e+01 
 2166.000  3.654050e+01 
 2167.000  4.007507e+01 
 2168.000  4.134330e+01 
 2169.000  4.243926e+01 
 2170.000  4.251265e+01 
 2171.000  4.288302e+01 
 2172.000  4.262927e+01 
 2173.000  4.278272e+01 
 2174.000  4.244260e+01 
 2175.000  4.249419e+01 
 2176.000  4.223343e+01 
 2177.000  4.167621e+01 
 2178.000  4.197993e+01 
 2179.000  4.004073e+01 
 2180.000  4.165689e+01 
 2181.000  4.159089e+01 
 2182.000  4.089799e+01 
 2183.000  3.988828e+01 
 2184.000  4.092657e+01 
 2185.000  4.103014e+01 
 2186.000  4.124345e+01 
 2187.000  4.118869e+01 
 2188.000  4.014710e+01 
 2189.000  4.013431e+01 
 2190.000  4.062092e+01 
 2191.000  4.120454e+01 
 2192.000  4.109193e+01 
 2193.000  4.045420e+01 
 2194.000  4.034848e+01 
 2195.000  4.022837e+01 
 2196.000  3.952810e+01 
 2197.000  3.937272e+01 
 2198.000  3.903797e+01 
 2199.000  3.898196e+01 
 2200.000  3.883699e+01 
 2201.000  3.910282e+01 
 2202.000  3.903974e+01 
 2203.000  3.984498e+01 
 2204.000  3.985214e+01 
 2205.000  3.973805e+01 
 2206.000  3.913581e+01 
 2207.000  3.863722e+01 
 2208.000  4.093990e+01 
 2209.000  4.009357e+01 
 2210.000  4.157115e+01 
 2211.000  4.153412e+01 
 2212.000  4.140200e+01 
 2213.000  4.148394e+01 
 2214.000  4.131738e+01 
 2215.000  4.138819e+01 
 2216.000  4.104035e+01 
 2217.000  4.044672e+01 
 2218.000  4.097785e+01 
 2219.000  4.110860e+01 
 2220.000  4.104652e+01 
 2221.000  4.097541e+01 
 2222.000  4.081277e+01 
 2223.000  4.090516e+01 
 2224.000  4.080379e+01 
 2225.000  4.070169e+01 
 2226.000  3.999851e+01 
 2227.000  4.011141e+01 
 2228.000  4.016465e+01 
 2229.000  4.052528e+01 
 2230.000  4.012019e+01 
 2231.000  4.018108e+01 
 2232.000  4.017745e+01 
 2233.000  4.006099e+01 
 2234.000  3.998594e+01 
 2235.000  3.973281e+01 
 2236.000  3.957230e+01 
 2237.000  3.958821e+01 
 2238.000  3.908465e+01 
 2239.000  3.826402e+01 
 2240.000  3.869558e+01 
 2241.000  3.907712e+01 
 2242.000  3.898978e+01 
 2243.000  3.830711e+01 
 2244.000  3.859786e+01 
 2245.000  3.860005e+01 
 2246.000  3.851711e+01 
 2247.000  3.847871e+01 
 2248.000  3.743110e+01 
 2249.000  3.821025e+01 
 2250.000  3.786307e+01 
 2251.000  3.781834e+01 
 2252.000  3.787579e+01 
 2253.000  3.727360e+01 
 2254.000  3.634209e+01 
 2255.000  3.706697e+01 
 2256.000  3.678691e+01 
 2257.000  3.678159e+01 
 2258.000  3.667678e+01 
 2259.000  3.671788e+01 
 2260.000  3.637021e+01 
 2261.000  3.619184e+01 
 2262.000  3.625652e+01 
 2263.000  3.494664e+01 
 2264.000  3.623211e+01 
 2265.000  3.601757e+01 
 2266.000  3.553685e+01 
 2267.000  3.585133e+01 
 2268.000  3.588527e+01 
 2269.000  3.580257e+01 
 2270.000  3.569625e+01 
 2271.000  3.546390e+01 
 2272.000  3.579167e+01 
 2273.000  3.576818e+01 
 2274.000  3.566142e+01 
 2275.000  3.513214e+01 
 2276.000  3.560855e+01 
 2277.000  3.561480e+01 
 2278.000  3.557405e+01 
 2279.000  3.546362e+01 
 2280.000  3.535630e+01 
 2281.000  3.352524e+01 
 2282.000  3.461514e+01 
 2283.000  3.471106e+01 
 2284.000  3.454264e+01 
 2285.000  3.441780e+01 
 2286.000  3.419238e+01 
 2287.000  3.426104e+01 
 2288.000  3.413511e+01 
 2289.000  3.358004e+01 
 2290.000  3.357874e+01 
 2291.000  3.294644e+01 
 2292.000  3.310902e+01 
 2293.000  3.304355e+01 
 2294.000  3.111775e+01 
 2295.000  3.194193e+01 
 2296.000  3.181559e+01 
 2297.000  3.128075e+01 
 2298.000  3.197473e+01 
 2299.000  3.211361e+01 
 2300.000  3.202784e+01 
 2301.000  3.200339e+01 
 2302.000  3.250790e+01 
 2303.000  3.241131e+01 
 2304.000  3.229475e+01 
 2305.000  3.279775e+01 
 2306.000  3.283215e+01 
 2307.000  3.285897e+01 
 2308.000  3.285359e+01 
 2309.000  3.263208e+01 
 2310.000  3.231846e+01 
 2311.000  3.241964e+01 
 2312.000  3.226783e+01 
 2313.000  3.159478e+01 
 2314.000  3.141042e+01 
 2315.000  2.988899e+01 
 2316.000  3.032643e+01 
 2317.000  3.003142e+01 
 2318.000  3.200524e+01 
 2319.000  3.187679e+01 
 2320.000  2.986089e+01 
 2321.000  2.990323e+01 
 2322.000  2.987980e+01 
 2323.000  2.869898e+01 
 2324.000  2.949578e+01 
 2325.000  2.973651e+01 
 2326.000  2.959475e+01 
 2327.000  3.015666e+01 
 2328.000  3.035860e+01 
 2329.000  3.006179e+01 
 2330.000  3.000996e+01 
 2331.000  2.985675e+01 
 2332.000  2.940019e+01 
 2333.000  2.937973e+01 
 2334.000  2.844214e+01 
 2335.000  2.803806e+01 
 2336.000  2.821643e+01 
 2337.000  2.733250e+01 
 2338.000  2.719123e+01 
 2339.000  2.648756e+01 
 2340.000  2.646901e+01 
 2341.000  2.650091e+01 
 2342.000  2.588877e+01 
 2343.000  2.576653e+01 
 2344.000  2.569146e+01 
 2345.000  2.525288e+01 
 2346.000  2.531316e+01 
 2347.000  2.514558e+01 
 2348.000  2.491590e+01 
 2349.000  2.503517e+01 
 2350.000  2.487649e+01 
 2351.000  2.506008e+01 
 2352.000  2.467070e+01 
 2353.000  2.408862e+01 
 2354.000  2.471502e+01 
 2355.000  2.499690e+01 
 2356.000  2.546802e+01 
 2357.000  2.526193e+01 
 2358.000  2.523872e+01 
 2359.000  2.569262e+01 
 2360.000  2.571485e+01 
 2361.000  2.552639e+01 
 2362.000  2.490219e+01 
 2363.000  2.486723e+01 
 2364.000  2.489628e+01 
 2365.000  2.385779e+01 
 2366.000  2.390705e+01 
 2367.000  2.260410e+01 
 2368.000  2.249079e+01 
 2369.000  2.227562e+01 
 2370.000  2.141769e+01 
 2371.000  2.166619e+01 
 2372.000  2.167318e+01 
 2373.000  2.150664e+01 
 2374.000  2.045677e+01 
 2375.000  2.109866e+01 
 2376.000  2.092777e+01 
 2377.000  2.086056e+01 
 2378.000  2.079914e+01 
 2379.000  2.091983e+01 
 2380.000  2.085207e+01 
 2381.000  2.027278e+01 
 2382.000  2.032207e+01 
 2383.000  1.934730e+01 
 2384.000  1.932561e+01 
 2385.000  1.947529e+01 
 2386.000  1.961823e+01 
 2387.000  1.966878e+01 
 2388.000  2.019663e+01 
 2389.000  2.012404e+01 
 2390.000  2.065919e+01 
 2391.000  2.062356e+01 
 2392.000  2.050469e+01 
 2393.000  2.066883e+01 
 2394.000  2.093763e+01 
 2395.000  2.075295e+01 
 2396.000  2.065393e+01 
 2397.000  2.075083e+01 
 2398.000  2.053160e+01 
 2399.000  2.021539e+01 
 2400.000  2.002682e+01 
 2401.000  1.939379e+01 
 2402.000  1.949279e+01 
 2403.000  1.935053e+01 
 2404.000  1.803591e+01 
 2405.000  1.815526e+01 
 2406.000  1.789178e+01 
 2407.000  1.687937e+01 
 2408.000  1.690924e+01 
 2409.000  1.685516e+01 
 2410.000  1.560157e+01 
 2411.000  1.561658e+01 
 2412.000  1.559744e+01 
 2413.000  1.476909e+01 
 2414.000  1.425532e+01 
 2415.000  1.415689e+01 
 2416.000  1.369552e+01 
 2417.000  1.431394e+01 
 2418.000  1.443899e+01 
 2419.000  1.577241e+01 
 2420.000  1.560410e+01 
 2421.000  1.556636e+01 
 2422.000  1.644951e+01 
 2423.000  1.633438e+01 
 2424.000  1.638350e+01 
 2425.000  1.667555e+01 
 2426.000  1.688661e+01 
 2427.000  1.660478e+01 
 2428.000  1.648410e+01 
 2429.000  1.659601e+01 
 2430.000  1.649728e+01 
 2431.000  1.585436e+01 
 2432.000  1.595319e+01 
 2433.000  1.576037e+01 
 2434.000  1.470105e+01 
 2435.000  1.454054e+01 
 2436.000  1.494794e+01 
 2437.000  1.486204e+01 
 2438.000  1.450594e+01 
 2439.000  1.477897e+01 
 2440.000  1.377878e+01 
 2441.000  1.361939e+01 
 2442.000  1.370402e+01 
 2443.000  1.216947e+01 
 2444.000  1.210943e+01 
 2445.000  1.089109e+01 
 2446.000  1.057733e+01 
 2447.000  1.060218e+01 
 2448.000  1.020061e+01 
 2449.000  1.020136e+01 
 2450.000  1.027336e+01 
 2451.000  1.036176e+01 
 2452.000  1.035763e+01 
 2453.000  1.051974e+01 
 2454.000  1.192820e+01 
 2455.000  1.180616e+01 
 2456.000  1.178635e+01 
 2457.000  1.118452e+01 
 2458.000  1.209875e+01 
 2459.000  1.218327e+01 
 2460.000  1.210924e+01 
 2461.000  1.140385e+01 
 2462.000  1.143452e+01 
 2463.000  1.117266e+01 
 2464.000  1.023277e+01 
 2465.000  1.015336e+01 
 2466.000  1.007504e+01 
 2467.000  8.911139e+00 
 2468.000  8.911176e+00 
 2469.000  8.638054e+00 
 2470.000  6.784335e+00 
 2471.000  7.074652e+00 
 2472.000  7.047258e+00 
 2473.000  6.516553e+00 
 2474.000  6.401159e+00 
 2475.000  6.330708e+00 
 2476.000  5.004108e+00 
 2477.000  5.078095e+00 
 2478.000  5.054148e+00 
 2479.000  3.851605e+00 
 2480.000  3.907975e+00 
 2481.000  3.690659e+00 
 2482.000  2.818337e+00 
 2483.000  2.740399e+00 
 2484.000  2.868969e+00 
 2485.000  2.272576e+00 
 2486.000  2.259084e+00 
 2487.000  2.022565e+00 
 2488.000  1.935268e+00 
 2489.000  1.934183e+00 
 2490.000  1.944538e+00 
 2491.000  1.995539e+00 
 2492.000  2.003961e+00 
 2493.000  1.972483e+00 
 2494.000  1.902835e+00 
 2495.000  1.882364e+00 
 2496.000  1.870883e+00 
 2497.000  2.074404e+00 
 2498.000  2.060651e+00 
 2499.000  2.070728e+00 
 2500.000  1.838830e+00 
 2501.000  1.458394e+00 
 2502.000  1.467382e+00 
 2503.000  1.452378e+00 
 2504.000  1.258233e+00 
 2505.000  1.272683e+00 
 2506.000  1.085487e+00 
 2507.000  6.289765e-01 
 2508.000  6.202968e-01 
 2509.000  6.180704e-01 
 2510.000  4.353029e-01 
 2511.000  4.380654e-01 
 2512.000  3.380614e-01 
 2513.000  1.653969e-01 
 2514.000  1.651565e-01 
 2515.000  1.644131e-01 
 2516.000  1.305494e-01 
 2517.000  1.294925e-01 
 2518.000  1.275152e-01 
 2519.000  3.888264e-02 
 2520.000  3.884295e-02 
 2521.000  3.893153e-02 
 2522.000  3.884993e-02 
 2523.000  2.198415e-02 
 2524.000  2.191730e-02 
 2525.000  1.359292e-02 
 2526.000  3.466546e-03 
 2527.000  3.447111e-03 
 2528.000  3.463111e-03 
 2529.000  1.569778e-03 
 2530.000  1.572826e-03 
 2531.000  1.577773e-03 
 2532.000  1.589421e-04 
 2533.000  1.576135e-04 
 2534.000  1.589718e-04 
 2535.000  8.836034e-05 
 2536.000  8.892103e-05 
 2537.000  8.812275e-05 
 2538.000  3.640263e-05 
 2539.000  3.371886e-06 
 2540.000  3.384055e-06 
 2541.000  3.405303e-06 
 2542.000  1.418430e-06 
 2543.000  1.477504e-06 
 2544.000  3.190927e-07 
 2545.000  5.588152e-08 
 2546.000  5.615306e-08 
 2547.000  5.485477e-08 
 2548.000  5.578333e-08 
 2549.000  5.685867e-08 
 2550.000  5.663143e-08 
 2551.000  1.149613e-08 
 2552.000  0.000000e+00 
 2553.000  0.000000e+00 
 2554.000  0.000000e+00 
 2555.000  0.000000e+00 
 2556.000  0.000000e+00 
 2557.000  0.000000e+00 
 2558.000  0.000000e+00 
 2559.000  0.000000e+00 
 2560.000  0.000000e+00 
 2561.000  0.000000e+00 
 2562.000  0.000000e+00 
 2563.000  0.000000e+00 
 2564.000  0.000000e+00 
 2565.000  0.000000e+00 
 2566.000  0.000000e+00 
 2567.000  0.000000e+00 
 2568.000  0.000000e+00 
 2569.000  0.000000e+00 
 2570.000  0.000000e+00 
 2571.000  0.000000e+00 
 2572.000  0.000000e+00 
 2573.000  0.000000e+00 
 2574.000  0.000000e+00 
 2575.000  0.000000e+00 
 2576.000  0.000000e+00 
 2577.000  0.000000e+00 
 2578.000  0.000000e+00 
 2579.000  0.000000e+00 
 2580.000  0.000000e+00 
 2581.000  0.000000e+00 
 2582.000  0.000000e+00 
 2583.000  0.000000e+00 
 2584.000  0.000000e+00 
 2585.000  0.000000e+00 
 2586.000  0.000000e+00 
 2587.000  0.000000e+00 
 2588.000  0.000000e+00 
 2589.000  0.000000e+00 
 2590.000  0.000000e+00 
 2591.000  0.000000e+00 
 2592.000  0.000000e+00 
 2593.000  0.000000e+00 
 2594.000  0.000000e+00 
 2595.000  0.000000e+00 
 2596.000  0.000000e+00 
 2597.000  0.000000e+00 
 2598.000  0.000000e+00 
 2599.000  0.000000e+00 
 2600.000  0.000000e+00 
 2601.000  0.000000e+00 
 2602.000  0.000000e+00 
 2603.000  0.000000e+00 
 2604.000  0.000000e+00 
 2605.000  0.000000e+00 
 2606.000  0.000000e+00 
 2607.000  0.000000e+00 
 2608.000  0.000000e+00 
 2609.000  0.000000e+00 
 2610.000  0.000000e+00 
 2611.000  0.000000e+00 
 2612.000  0.000000e+00 
 2613.000  0.000000e+00 
 2614.000  0.000000e+00 
 2615.000  0.000000e+00 
 2616.000  0.000000e+00 
 2617.000  0.000000e+00 
 2618.000  0.000000e+00 
 2619.000  0.000000e+00 
 2620.000  0.000000e+00 
 2621.000  0.000000e+00 
 2622.000  0.000000e+00 
 2623.000  0.000000e+00 
 2624.000  0.000000e+00 
 2625.000  0.000000e+00 
 2626.000  0.000000e+00 
 2627.000  0.000000e+00 
 2628.000  0.000000e+00 
 2629.000  0.000000e+00 
 2630.000  0.000000e+00 
 2631.000  0.000000e+00 
 2632.000  0.000000e+00 
 2633.000  0.000000e+00 
 2634.000  0.000000e+00 
 2635.000  0.000000e+00 
 2636.000  0.000000e+00 
 2637.000  0.000000e+00 
 2638.000  0.000000e+00 
 2639.000  0.000000e+00 
 2640.000  0.000000e+00 
 2641.000  0.000000e+00 
 2642.000  0.000000e+00 
 2643.000  0.000000e+00 
 2644.000  0.000000e+00 
 2645.000  0.000000e+00 
 2646.000  0.000000e+00 
 2647.000  0.000000e+00 
 2648.000  0.000000e+00 
 2649.000  0.000000e+00 
 2650.000  0.000000e+00 
 2651.000  0.000000e+00 
 2652.000  0.000000e+00 
 2653.000  0.000000e+00 
 2654.000  0.000000e+00 
 2655.000  0.000000e+00 
 2656.000  0.000000e+00 
 2657.000  0.000000e+00 
 2658.000  0.000000e+00 
 2659.000  0.000000e+00 
 2660.000  0.000000e+00 
 2661.000  0.000000e+00 
 2662.000  0.000000e+00 
 2663.000  0.000000e+00 
 2664.000  0.000000e+00 
 2665.000  0.000000e+00 
 2666.000  0.000000e+00 
 2667.000  0.000000e+00 
 2668.000  0.000000e+00 
 2669.000  0.000000e+00 
 2670.000  0.000000e+00 
 2671.000  0.000000e+00 
 2672.000  0.000000e+00 
 2673.000  0.000000e+00 
 2674.000  0.000000e+00 
 2675.000  0.000000e+00 
 2676.000  0.000000e+00 
 2677.000  0.000000e+00 
 2678.000  0.000000e+00 
 2679.000  0.000000e+00 
 2680.000  0.000000e+00 
 2681.000  0.000000e+00 
 2682.000  0.000000e+00 
 2683.000  0.000000e+00 
 2684.000  0.000000e+00 
 2685.000  0.000000e+00 
 2686.000  0.000000e+00 
 2687.000  0.000000e+00 
 2688.000  0.000000e+00 
 2689.000  0.000000e+00 
 2690.000  0.000000e+00 
 2691.000  0.000000e+00 
 2692.000  0.000000e+00 
 2693.000  0.000000e+00 
 2694.000  0.000000e+00 
 2695.000  0.000000e+00 
 2696.000  0.000000e+00 
 2697.000  0.000000e+00 
 2698.000  0.000000e+00 
 2699.000  0.000000e+00 
 2700.000  0.000000e+00 
 2701.000  0.000000e+00 
 2702.000  0.000000e+00 
 2703.000  0.000000e+00 
 2704.000  0.000000e+00 
 2705.000  0.000000e+00 
 2706.000  0.000000e+00 
 2707.000  0.000000e+00 
 2708.000  0.000000e+00 
 2709.000  0.000000e+00 
 2710.000  0.000000e+00 
 2711.000  0.000000e+00 
 2712.000  0.000000e+00 
 2713.000  0.000000e+00 
 2714.000  0.000000e+00 
 2715.000  0.000000e+00 
 2716.000  0.000000e+00 
 2717.000  0.000000e+00 
 2718.000  0.000000e+00 
 2719.000  0.000000e+00 
 2720.000  0.000000e+00 
 2721.000  0.000000e+00 
 2722.000  0.000000e+00 
 2723.000  0.000000e+00 
 2724.000  0.000000e+00 
 2725.000  0.000000e+00 
 2726.000  0.000000e+00 
 2727.000  0.000000e+00 
 2728.000  0.000000e+00 
 2729.000  0.000000e+00 
 2730.000  0.000000e+00 
 2731.000  0.000000e+00 
 2732.000  0.000000e+00 
 2733.000  0.000000e+00 
 2734.000  0.000000e+00 
 2735.000  0.000000e+00 
 2736.000  0.000000e+00 
 2737.000  0.000000e+00 
 2738.000  0.000000e+00 
 2739.000  0.000000e+00 
 2740.000  0.000000e+00 
 2741.000  0.000000e+00 
 2742.000  0.000000e+00 
 2743.000  0.000000e+00 
 2744.000  0.000000e+00 
 2745.000  0.000000e+00 
 2746.000  0.000000e+00 
 2747.000  0.000000e+00 
 2748.000  0.000000e+00 
 2749.000  0.000000e+00 
 2750.000  0.000000e+00 
 2751.000  0.000000e+00 
 2752.000  0.000000e+00 
 2753.000  0.000000e+00 
 2754.000  0.000000e+00 
 2755.000  0.000000e+00 
 2756.000  0.000000e+00 
 2757.000  0.000000e+00 
 2758.000  0.000000e+00 
 2759.000  0.000000e+00 
 2760.000  0.000000e+00 
 2761.000  0.000000e+00 
 2762.000  0.000000e+00 
 2763.000  0.000000e+00 
 2764.000  0.000000e+00 
 2765.000  0.000000e+00 
 2766.000  0.000000e+00 
 2767.000  0.000000e+00 
 2768.000  0.000000e+00 
 2769.000  0.000000e+00 
 2770.000  0.000000e+00 
 2771.000  0.000000e+00 
 2772.000  0.000000e+00 
 2773.000  0.000000e+00 
 2774.000  0.000000e+00 
 2775.000  0.000000e+00 
 2776.000  0.000000e+00 
 2777.000  0.000000e+00 
 2778.000  0.000000e+00 
 2779.000  0.000000e+00 
 2780.000  0.000000e+00 
 2781.000  0.000000e+00 
 2782.000  0.000000e+00 
 2783.000  0.000000e+00 
 2784.000  0.000000e+00 
 2785.000  0.000000e+00 
 2786.000  0.000000e+00 
 2787.000  0.000000e+00 
 2788.000  0.000000e+00 
 2789.000  0.000000e+00 
 2790.000  0.000000e+00 
 2791.000  0.000000e+00 
 2792.000  0.000000e+00 
 2793.000  0.000000e+00 
 2794.000  0.000000e+00 
 2795.000  0.000000e+00 
 2796.000  0.000000e+00 
 2797.000  0.000000e+00 
 2798.000  0.000000e+00 
 2799.000  0.000000e+00 
 2800.000  0.000000e+00 
 2801.000  0.000000e+00 
 2802.000  0.000000e+00 
 2803.000  0.000000e+00 
 2804.000  0.000000e+00 
 2805.000  0.000000e+00 
 2806.000  6.517922e-11 
 2807.000  6.498321e-11 
 2808.000  6.531174e-11 
 2809.000  2.158246e-07 
 2810.000  2.163353e-07 
 2811.000  2.162406e-07 
 2812.000  2.165959e-07 
 2813.000  9.382268e-07 
 2814.000  9.388230e-07 
 2815.000  9.410066e-07 
 2816.000  9.369472e-07 
 2817.000  1.146847e-05 
 2818.000  1.147507e-05 
 2819.000  1.146444e-05 
 2820.000  1.145622e-05 
 2821.000  3.068697e-05 
 2822.000  3.065340e-05 
 2823.000  3.065898e-05 
 2824.000  3.057552e-05 
 2825.000  1.478206e-04 
 2826.000  1.481072e-04 
 2827.000  1.478617e-04 
 2828.000  1.476275e-04 
 2829.000  1.818161e-04 
 2830.000  1.820119e-04 
 2831.000  1.816753e-04 
 2832.000  1.822275e-04 
 2833.000  5.077841e-04 
 2834.000  5.086013e-04 
 2835.000  5.085239e-04 
 2836.000  5.080056e-04 
 2837.000  5.842206e-04 
 2838.000  5.833245e-04 
 2839.000  5.845870e-04 
 2840.000  5.815474e-04 
 2841.000  1.389740e-03 
 2842.000  1.415330e-03 
 2843.000  1.409639e-03 
 2844.000  1.410618e-03 
 2845.000  1.584328e-03 
 2846.000  1.583816e-03 
 2847.000  1.582131e-03 
 2848.000  1.583144e-03 
 2849.000  2.125210e-03 
 2850.000  4.122436e-03 
 2851.000  4.122795e-03 
 2852.000  4.123536e-03 
 2853.000  4.145361e-03 
 2854.000  6.855401e-03 
 2855.000  6.888084e-03 
 2856.000  6.887462e-03 
 2857.000  8.494958e-03 
 2858.000  1.807533e-02 
 2859.000  1.801452e-02 
 2860.000  1.789543e-02 
 2861.000  1.802276e-02 
 2862.000  3.262597e-02 
 2863.000  3.259471e-02 
 2864.000  3.259713e-02 
 2865.000  4.028999e-02 
 2866.000  6.420467e-02 
 2867.000  6.394880e-02 
 2868.000  6.340182e-02 
 2869.000  6.370740e-02 
 2870.000  8.881871e-02 
 2871.000  8.924068e-02 
 2872.000  8.826882e-02 
 2873.000  1.004533e-01 
 2874.000  1.484621e-01 
 2875.000  1.493267e-01 
 2876.000  1.500657e-01 
 2877.000  1.502885e-01 
 2878.000  2.030074e-01 
 2879.000  2.030041e-01 
 2880.000  2.026087e-01 
 2881.000  2.027709e-01 
 2882.000  3.370739e-01 
 2883.000  3.374655e-01 
 2884.000  3.371958e-01 
 2885.000  3.363430e-01 
 2886.000  3.354346e-01 
 2887.000  3.736855e-01 
 2888.000  3.733310e-01 
 2889.000  3.713918e-01 
 2890.000  4.107030e-01 
 2891.000  4.819576e-01 
 2892.000  4.816626e-01 
 2893.000  4.809434e-01 
 2894.000  4.791283e-01 
 2895.000  4.750630e-01 
 2896.000  4.743102e-01 
 2897.000  4.745188e-01 
 2898.000  5.081345e-01 
 2899.000  4.941617e-01 
 2900.000  4.955878e-01 
 2901.000  4.942102e-01 
 2902.000  4.945908e-01 
 2903.000  5.814567e-01 
 2904.000  5.805604e-01 
 2905.000  5.807343e-01 
 2906.000  5.722806e-01 
 2907.000  7.133460e-01 
 2908.000  7.125380e-01 
 2909.000  7.122967e-01 
 2910.000  7.113066e-01 
 2911.000  7.105222e-01 
 2912.000  8.161714e-01 
 2913.000  8.138123e-01 
 2914.000  8.124511e-01 
 2915.000  8.464141e-01 
 2916.000  1.102839e+00 
 2917.000  1.111818e+00 
 2918.000  1.110263e+00 
 2919.000  1.109215e+00 
 2920.000  7.868168e+00 
 2921.000  7.863990e+00 
 2922.000  7.842617e+00 
 2923.000  7.777431e+00 
 2924.000  1.860683e+00 
 2925.000  1.880794e+00 
 2926.000  1.850504e+00 
 2927.000  1.878259e+00 
 2928.000  1.878094e+00 
 2929.000  2.025981e+00 
 2930.000  2.058564e+00 
 2931.000  2.056625e+00 
 2932.000  2.167795e+00 
 2933.000  2.174398e+00 
 2934.000  2.178009e+00 
 2935.000  2.168312e+00 
 2936.000  2.169936e+00 
 2937.000  1.974044e+00 
 2938.000  1.974926e+00 
 2939.000  1.963103e+00 
 2940.000  1.968808e+00 
 2941.000  2.028911e+00 
 2942.000  1.860353e+00 
 2943.000  1.834518e+00 
 2944.000  1.848212e+00 
 2945.000  1.849521e+00 
 2946.000  1.897398e+00 
 2947.000  1.861123e+00 
 2948.000  1.890874e+00 
 2949.000  1.941976e+00 
 2950.000  2.094347e+00 
 2951.000  2.089436e+00 
 2952.000  2.076482e+00 
 2953.000  2.089196e+00 
 2954.000  2.083859e+00 
 2955.000  2.168389e+00 
 2956.000  2.173415e+00 
 2957.000  2.170593e+00 
 2958.000  2.212666e+00 
 2959.000  2.084733e+00 
 2960.000  2.074763e+00 
 2961.000  2.069499e+00 
 2962.000  2.076638e+00 
 2963.000  1.600988e+00 
 2964.000  1.597838e+00 
 2965.000  1.598262e+00 
 2966.000  1.594857e+00 
 2967.000  1.619806e+00 
 2968.000  1.301968e+00 
 2969.000  1.298235e+00 
 2970.000  1.296499e+00 
 2971.000  1.293953e+00 
 2972.000  1.429599e+00 
 2973.000  1.429049e+00 
 2974.000  1.428311e+00 
 2975.000  1.426029e+00 
 2976.000  1.446311e+00 
 2977.000  1.946365e+00 
 2978.000  1.940011e+00 
 2979.000  1.923981e+00 
 2980.000  1.938539e+00 
 2981.000  2.755596e+00 
 2982.000  2.746230e+00 
 2983.000  2.749500e+00 
 2984.000  2.745854e+00 
 2985.000  2.777559e+00 
 2986.000  3.559410e+00 
 2987.000  3.553936e+00 
 2988.000  3.525260e+00 
 2989.000  3.543958e+00 
 2990.000  3.591516e+00 
 2991.000  3.603456e+00 
 2992.000  3.599840e+00 
 2993.000  3.594646e+00 
 2994.000  3.591323e+00 
 2995.000  3.542535e+00 
 2996.000  3.536676e+00 
 2997.000  3.471898e+00 
 2998.000  3.518727e+00 
 2999.000  3.313540e+00 
 3000.000  3.259667e+00 
 3001.000  3.310730e+00 
 3002.000  3.309771e+00 
 3003.000  3.322193e+00 
 3004.000  2.825368e+00 
 3005.000  2.826448e+00 
 3006.000  2.821231e+00 
 3007.000  2.821029e+00 
 3008.000  2.755952e+00 
 3009.000  2.761132e+00 
 3010.000  2.756437e+00 
 3011.000  2.762136e+00 
 3012.000  2.758837e+00 
 3013.000  2.564825e+00 
 3014.000  2.558753e+00 
 3015.000  2.546668e+00 
 3016.000  2.555181e+00 
 3017.000  2.300058e+00 
 3018.000  2.307891e+00 
 3019.000  2.307093e+00 
 3020.000  2.280353e+00 
 3021.000  2.277650e+00 
 3022.000  2.269333e+00 
 3023.000  2.263308e+00 
 3024.000  2.258504e+00 
 3025.000  2.253876e+00 
 3026.000  2.049275e+00 
 3027.000  2.042206e+00 
 3028.000  2.032424e+00 
 3029.000  2.040524e+00 
 3030.000  2.013433e+00 
 3031.000  1.726589e+00 
 3032.000  1.723725e+00 
 3033.000  1.690937e+00 
 3034.000  1.714613e+00 
 3035.000  1.450618e+00 
 3036.000  1.444312e+00 
 3037.000  1.434959e+00 
 3038.000  1.420007e+00 
 3039.000  1.385756e+00 
 3040.000  1.198813e+00 
 3041.000  1.230636e+00 
 3042.000  1.237371e+00 
 3043.000  1.241599e+00 
 3044.000  1.242680e+00 
 3045.000  1.100518e+00 
 3046.000  1.102302e+00 
 3047.000  1.104645e+00 
 3048.000  1.095087e+00 
 3049.000  1.088432e+00 
 3050.000  1.089048e+00 
 3051.000  1.087836e+00 
 3052.000  1.086561e+00 
 3053.000  1.084699e+00 
 3054.000  1.246569e+00 
 3055.000  1.233108e+00 
 3056.000  1.245838e+00 
 3057.000  1.242701e+00 
 3058.000  1.223907e+00 
 3059.000  1.406964e+00 
 3060.000  1.411358e+00 
 3061.000  1.411325e+00 
 3062.000  1.409489e+00 
 3063.000  1.559987e+00 
 3064.000  1.538347e+00 
 3065.000  1.542071e+00 
 3066.000  1.555000e+00 
 3067.000  1.540169e+00 
 3068.000  1.608676e+00 
 3069.000  1.632475e+00 
 3070.000  1.631840e+00 
 3071.000  1.627385e+00 
 3072.000  1.628557e+00 
 3073.000  1.645248e+00 
 3074.000  1.639345e+00 
 3075.000  1.643251e+00 
 3076.000  1.628627e+00 
 3077.000  1.364259e+00 
 3078.000  1.364643e+00 
 3079.000  1.361496e+00 
 3080.000  1.358501e+00 
 3081.000  1.351735e+00 
 3082.000  1.246962e+00 
 3083.000  1.244753e+00 
 3084.000  1.250192e+00 
 3085.000  1.248601e+00 
 3086.000  1.238911e+00 
 3087.000  1.104436e+00 
 3088.000  1.110299e+00 
 3089.000  1.109686e+00 
 3090.000  1.109454e+00 
 3091.000  1.097691e+00 
 3092.000  9.323552e-01 
 3093.000  9.319817e-01 
 3094.000  9.303422e-01 
 3095.000  9.284115e-01 
 3096.000  9.538053e-01 
 3097.000  9.503204e-01 
 3098.000  9.318501e-01 
 3099.000  9.468350e-01 
 3100.000  9.501931e-01 
 3101.000  9.964113e-01 
 3102.000  9.951976e-01 
 3103.000  9.951354e-01 
 3104.000  9.937288e-01 
 3105.000  9.945764e-01 
 3106.000  1.171723e+00 
 3107.000  1.166717e+00 
 3108.000  1.171490e+00 
 3109.000  1.169382e+00 
 3110.000  1.168155e+00 
 3111.000  1.498535e+00 
 3112.000  1.495277e+00 
 3113.000  1.486169e+00 
 3114.000  1.487339e+00 
 3115.000  1.449634e+00 
 3116.000  2.022031e+00 
 3117.000  2.105710e+00 
 3118.000  2.114409e+00 
 3119.000  2.105829e+00 
 3120.000  2.108163e+00 
 3121.000  2.411765e+00 
 3122.000  2.418052e+00 
 3123.000  2.422290e+00 
 3124.000  2.420182e+00 
 3125.000  2.433484e+00 
 3126.000  2.740862e+00 
 3127.000  2.726972e+00 
 3128.000  2.737654e+00 
 3129.000  2.712181e+00 
 3130.000  2.894671e+00 
 3131.000  2.877493e+00 
 3132.000  2.890878e+00 
 3133.000  2.884238e+00 
 3134.000  2.933832e+00 
 3135.000  2.724995e+00 
 3136.000  2.721842e+00 
 3137.000  2.720524e+00 
 3138.000  2.719321e+00 
 3139.000  2.709916e+00 
 3140.000  2.759193e+00 
 3141.000  2.765815e+00 
 3142.000  2.754256e+00 
 3143.000  2.759253e+00 
 3144.000  2.817193e+00 
 3145.000  3.293158e+00 
 3146.000  3.289370e+00 
 3147.000  3.262482e+00 
 3148.000  3.277644e+00 
 3149.000  3.278186e+00 
 3150.000  4.006080e+00 
 3151.000  3.993648e+00 
 3152.000  3.781973e+00 
 3153.000  3.990868e+00 
 3154.000  4.026657e+00 
 3155.000  5.038690e+00 
 3156.000  5.034252e+00 
 3157.000  5.020422e+00 
 3158.000  5.021462e+00 
 3159.000  5.014523e+00 
 3160.000  5.855775e+00 
 3161.000  5.842505e+00 
 3162.000  5.851832e+00 
 3163.000  5.835778e+00 
 3164.000  5.785223e+00 
 3165.000  5.897596e+00 
 3166.000  5.909405e+00 
 3167.000  5.887493e+00 
 3168.000  5.850964e+00 
 3169.000  5.877405e+00 
 3170.000  5.534026e+00 
 3171.000  5.662716e+00 
 3172.000  5.660010e+00 
 3173.000  5.658832e+00 
 3174.000  5.567335e+00 
 3175.000  4.941251e+00 
 3176.000  4.933678e+00 
 3177.000  4.930227e+00 
 3178.000  4.907315e+00 
 3179.000  4.903331e+00 
 3180.000  3.922198e+00 
 3181.000  3.857140e+00 
 3182.000  3.908417e+00 
 3183.000  3.903502e+00 
 3184.000  3.828048e+00 
 3185.000  2.589813e+00 
 3186.000  2.586079e+00 
 3187.000  2.579345e+00 
 3188.000  2.574716e+00 
 3189.000  2.577594e+00 
 3190.000  1.467134e+00 
 3191.000  1.465421e+00 
 3192.000  1.463739e+00 
 3193.000  1.461229e+00 
 3194.000  1.434146e+00 
 3195.000  6.964073e-01 
 3196.000  6.926030e-01 
 3197.000  6.947464e-01 
 3198.000  6.934996e-01 
 3199.000  6.935194e-01 
 3200.000  4.230996e-01 
 3201.000  4.125059e-01 
 3202.000  4.218988e-01 
 3203.000  4.222645e-01 
 3204.000  4.202279e-01 
 3205.000  4.128306e-01 
 3206.000  3.204524e-01 
 3207.000  3.200482e-01 
 3208.000  3.197117e-01 
 3209.000  3.193737e-01 
 3210.000  3.186449e-01 
 3211.000  3.298126e-01 
 3212.000  3.293025e-01 
 3213.000  3.291543e-01 
 3214.000  3.287173e-01 
 3215.000  3.181497e-01 
 3216.000  4.513498e-01 
 3217.000  4.509614e-01 
 3218.000  4.510947e-01 
 3219.000  4.500786e-01 
 3220.000  4.498693e-01 
 3221.000  6.303681e-01 
 3222.000  6.304749e-01 
 3223.000  6.279520e-01 
 3224.000  6.246201e-01 
 3225.000  6.251956e-01 
 3226.000  8.712503e-01 
 3227.000  8.731686e-01 
 3228.000  8.711965e-01 
 3229.000  8.689136e-01 
 3230.000  8.686481e-01 
 3231.000  8.686064e-01 
 3232.000  1.274083e+00 
 3233.000  1.272292e+00 
 3234.000  1.253843e+00 
 3235.000  1.271588e+00 
 3236.000  1.273687e+00 
 3237.000  1.546767e+00 
 3238.000  1.545003e+00 
 3239.000  1.540748e+00 
 3240.000  1.539986e+00 
 3241.000  1.536317e+00 
 3242.000  1.574792e+00 
 3243.000  1.553988e+00 
 3244.000  1.573939e+00 
 3245.000  1.570127e+00 
 3246.000  1.601239e+00 
 3247.000  1.725317e+00 
 3248.000  1.722700e+00 
 3249.000  1.719326e+00 
 3250.000  1.718944e+00 
 3251.000  1.717533e+00 
 3252.000  1.714700e+00 
 3253.000  1.553260e+00 
 3254.000  1.541825e+00 
 3255.000  1.543218e+00 
 3256.000  1.547721e+00 
 3257.000  1.571550e+00 
 3258.000  1.390131e+00 
 3259.000  1.391839e+00 
 3260.000  1.377337e+00 
 3261.000  1.388831e+00 
 3262.000  1.382237e+00 
 3263.000  1.556464e+00 
 3264.000  1.558915e+00 
 3265.000  1.558882e+00 
 3266.000  1.545481e+00 
 3267.000  1.571778e+00 
 3268.000  1.917064e+00 
 3269.000  1.907704e+00 
 3270.000  1.911806e+00 
 3271.000  1.906712e+00 
 3272.000  1.907658e+00 
 3273.000  1.902032e+00 
 3274.000  2.307796e+00 
 3275.000  2.304297e+00 
 3276.000  2.269068e+00 
 3277.000  2.297355e+00 
 3278.000  2.313887e+00 
 3279.000  2.718091e+00 
 3280.000  2.709527e+00 
 3281.000  2.674285e+00 
 3282.000  2.701734e+00 
 3283.000  2.698096e+00 
 3284.000  2.703977e+00 
 3285.000  2.633913e+00 
 3286.000  2.660983e+00 
 3287.000  2.659045e+00 
 3288.000  2.655052e+00 
 3289.000  2.671648e+00 
 3290.000  2.275929e+00 
 3291.000  2.248535e+00 
 3292.000  2.268491e+00 
 3293.000  2.261928e+00 
 3294.000  2.255062e+00 
 3295.000  1.853498e+00 
 3296.000  1.824394e+00 
 3297.000  1.779842e+00 
 3298.000  1.805954e+00 
 3299.000  1.848531e+00 
 3300.000  1.887404e+00 
 3301.000  1.592917e+00 
 3302.000  1.605287e+00 
 3303.000  1.604322e+00 
 3304.000  1.604118e+00 
 3305.000  1.602539e+00 
 3306.000  1.352170e+00 
 3307.000  1.355810e+00 
 3308.000  1.353315e+00 
 3309.000  1.353111e+00 
 3310.000  1.350881e+00 
 3311.000  1.354756e+00 
 3312.000  1.305544e+00 
 3313.000  1.299897e+00 
 3314.000  1.305317e+00 
 3315.000  1.302764e+00 
 3316.000  1.291970e+00 
 3317.000  1.573268e+00 
 3318.000  1.556924e+00 
 3319.000  1.563202e+00 
 3320.000  1.419361e+00 
 3321.000  1.558883e+00 
 3322.000  1.579609e+00 
 3323.000  2.097556e+00 
 3324.000  2.101604e+00 
 3325.000  2.084092e+00 
 3326.000  2.087204e+00 
 3327.000  2.090896e+00 
 3328.000  2.641755e+00 
 3329.000  2.641580e+00 
 3330.000  2.639823e+00 
 3331.000  2.620860e+00 
 3332.000  2.617645e+00 
 3333.000  2.670971e+00 
 3334.000  2.973556e+00 
 3335.000  2.964688e+00 
 3336.000  2.964923e+00 
 3337.000  2.951971e+00 
 3338.000  2.952822e+00 
 3339.000  3.009936e+00 
 3340.000  2.981773e+00 
 3341.000  2.961624e+00 
 3342.000  3.001353e+00 
 3343.000  2.995117e+00 
 3344.000  3.037860e+00 
 3345.000  3.097261e+00 
 3346.000  3.088227e+00 
 3347.000  3.092247e+00 
 3348.000  3.090631e+00 
 3349.000  3.085791e+00 
 3350.000  3.040315e+00 
 3351.000  3.048617e+00 
 3352.000  3.051491e+00 
 3353.000  3.002144e+00 
 3354.000  3.042851e+00 
 3355.000  3.079944e+00 
 3356.000  3.345312e+00 
 3357.000  3.337203e+00 
 3358.000  3.322610e+00 
 3359.000  3.335194e+00 
 3360.000  3.330500e+00 
 3361.000  3.323132e+00 
 3362.000  3.617752e+00 
 3363.000  3.617450e+00 
 3364.000  3.616845e+00 
 3365.000  3.596865e+00 
 3366.000  3.598646e+00 
 3367.000  3.624334e+00 
 3368.000  4.032455e+00 
 3369.000  4.004080e+00 
 3370.000  3.930625e+00 
 3371.000  4.014347e+00 
 3372.000  4.021109e+00 
 3373.000  4.421201e+00 
 3374.000  4.392323e+00 
 3375.000  4.427396e+00 
 3376.000  4.425025e+00 
 3377.000  4.407391e+00 
 3378.000  4.424867e+00 
 3379.000  4.829723e+00 
 3380.000  4.837268e+00 
 3381.000  4.818008e+00 
 3382.000  4.779500e+00 
 3383.000  4.784467e+00 
 3384.000  4.792129e+00 
 3385.000  5.068954e+00 
 3386.000  5.072421e+00 
 3387.000  5.065709e+00 
 3388.000  5.057488e+00 
 3389.000  5.078711e+00 
 3390.000  5.220685e+00 
 3391.000  5.214748e+00 
 3392.000  5.203990e+00 
 3393.000  5.197057e+00 
 3394.000  5.192759e+00 
 3395.000  5.182426e+00 
 3396.000  5.211588e+00 
 3397.000  5.042291e+00 
 3398.000  5.183985e+00 
 3399.000  5.102007e+00 
 3400.000  5.230720e+00 
 3401.000  4.985944e+00 
 3402.000  5.292349e+00 
 3403.000  5.291432e+00 
 3404.000  5.298790e+00 
 3405.000  5.289293e+00 
 3406.000  5.285273e+00 
 3407.000  5.249511e+00 
 3408.000  5.483899e+00 
 3409.000  5.394494e+00 
 3410.000  5.438826e+00 
 3411.000  5.464936e+00 
 3412.000  5.481972e+00 
 3413.000  5.751484e+00 
 3414.000  5.759248e+00 
 3415.000  5.671254e+00 
 3416.000  5.604212e+00 
 3417.000  5.736439e+00 
 3418.000  5.751877e+00 
 3419.000  5.931512e+00 
 3420.000  5.929951e+00 
 3421.000  5.918556e+00 
 3422.000  5.893685e+00 
 3423.000  5.907952e+00 
 3424.000  5.913712e+00 
 3425.000  6.084682e+00 
 3426.000  6.077361e+00 
 3427.000  5.919649e+00 
 3428.000  5.988838e+00 
 3429.000  6.039014e+00 
 3430.000  6.048069e+00 
 3431.000  6.017251e+00 
 3432.000  6.046605e+00 
 3433.000  6.027411e+00 
 3434.000  6.030894e+00 
 3435.000  6.009000e+00 
 3436.000  6.024223e+00 
 3437.000  5.999960e+00 
 3438.000  6.008011e+00 
 3439.000  6.002047e+00 
 3440.000  5.993315e+00 
 3441.000  5.989300e+00 
 3442.000  5.936114e+00 
 3443.000  6.032240e+00 
 3444.000  6.024042e+00 
 3445.000  6.006639e+00 
 3446.000  5.994217e+00 
 3447.000  6.002771e+00 
 3448.000  5.993381e+00 
 3449.000  6.047704e+00 
 3450.000  6.039040e+00 
 3451.000  6.041487e+00 
 3452.000  6.031838e+00 
 3453.000  6.025573e+00 
 3454.000  6.008096e+00 
 3455.000  6.094761e+00 
 3456.000  6.068731e+00 
 3457.000  6.077896e+00 
 3458.000  6.066297e+00 
 3459.000  6.071667e+00 
 3460.000  6.059237e+00 
 3461.000  6.124484e+00 
 3462.000  6.121100e+00 
 3463.000  6.116169e+00 
 3464.000  6.098320e+00 
 3465.000  6.098614e+00 
 3466.000  6.062872e+00 
 3467.000  6.056380e+00 
 3468.000  6.062180e+00 
 3469.000  6.056532e+00 
 3470.000  6.055120e+00 
 3471.000  6.002223e+00 
 3472.000  6.028016e+00 
 3473.000  5.992432e+00 
 3474.000  6.024771e+00 
 3475.000  6.015006e+00 
 3476.000  6.022589e+00 
 3477.000  5.957386e+00 
 3478.000  6.012694e+00 
 3479.000  6.021669e+00 
 3480.000  6.014036e+00 
 3481.000  5.994519e+00 
 3482.000  6.002989e+00 
 3483.000  5.993914e+00 
 3484.000  5.978941e+00 
 3485.000  6.006150e+00 
 3486.000  5.978894e+00 
 3487.000  5.993947e+00 
 3488.000  5.998205e+00 
 3489.000  5.991072e+00 
 3490.000  5.958220e+00 
 3491.000  6.048251e+00 
 3492.000  6.017161e+00 
 3493.000  6.034051e+00 
 3494.000  5.978251e+00 
 3495.000  6.020394e+00 
 3496.000  6.027518e+00 
 3497.000  6.052078e+00 
 3498.000  6.041367e+00 
 3499.000  6.037368e+00 
 3500.000  6.031976e+00 
 3501.000  5.969923e+00 
 3502.000  6.017243e+00 
 3503.000  6.007694e+00 
 3504.000  6.002552e+00 
 3505.000  5.995682e+00 
 3506.000  5.990780e+00 
 3507.000  5.982997e+00 
 3508.000  5.964671e+00 
 3509.000  5.899809e+00 
 3510.000  5.894589e+00 
 3511.000  5.889274e+00 
 3512.000  5.866103e+00 
 3513.000  5.872559e+00 
 3514.000  5.865749e+00 
 3515.000  5.735980e+00 
 3516.000  5.711178e+00 
 3517.000  5.718914e+00 
 3518.000  5.704849e+00 
 3519.000  5.706100e+00 
 3520.000  5.694675e+00 
 3521.000  5.698717e+00 
 3522.000  5.530037e+00 
 3523.000  5.518390e+00 
 3524.000  5.464618e+00 
 3525.000  5.523015e+00 
 3526.000  5.518248e+00 
 3527.000  5.502376e+00 
 3528.000  5.306881e+00 
 3529.000  5.300368e+00 
 3530.000  5.302948e+00 
 3531.000  5.269247e+00 
 3532.000  5.293421e+00 
 3533.000  5.287716e+00 
 3534.000  5.100678e+00 
 3535.000  5.081605e+00 
 3536.000  5.122245e+00 
 3537.000  5.115863e+00 
 3538.000  5.011739e+00 
 3539.000  5.071743e+00 
 3540.000  5.059130e+00 
 3541.000  5.066407e+00 
 3542.000  5.055274e+00 
 3543.000  5.051429e+00 
 3544.000  5.049337e+00 
 3545.000  5.035749e+00 
 3546.000  5.032969e+00 
 3547.000  5.008955e+00 
 3548.000  4.997123e+00 
 3549.000  4.997675e+00 
 3550.000  4.993341e+00 
 3551.000  4.986049e+00 
 3552.000  4.981289e+00 
 3553.000  5.016729e+00 
 3554.000  5.018708e+00 
 3555.000  4.981702e+00 
 3556.000  4.885430e+00 
 3557.000  5.003118e+00 
 3558.000  4.993483e+00 
 3559.000  5.019659e+00 
 3560.000  4.905737e+00 
 3561.000  4.997975e+00 
 3562.000  5.007080e+00 
 3563.000  4.999552e+00 
 3564.000  4.977710e+00 
 3565.000  4.990759e+00 
 3566.000  4.899575e+00 
 3567.000  4.896399e+00 
 3568.000  4.892928e+00 
 3569.000  4.880926e+00 
 3570.000  4.870997e+00 
 3571.000  4.760485e+00 
 3572.000  4.866870e+00 
 3573.000  4.866953e+00 
 3574.000  4.857203e+00 
 3575.000  4.853937e+00 
 3576.000  4.852446e+00 
 3577.000  4.838623e+00 
 3578.000  4.864226e+00 
 3579.000  4.859132e+00 
 3580.000  4.787441e+00 
 3581.000  4.837146e+00 
 3582.000  4.836356e+00 
 3583.000  4.841347e+00 
 3584.000  4.778165e+00 
 3585.000  4.868692e+00 
 3586.000  4.868047e+00 
 3587.000  4.862230e+00 
 3588.000  4.867739e+00 
 3589.000  4.859299e+00 
 3590.000  4.858686e+00 
 3591.000  4.999279e+00 
 3592.000  4.997930e+00 
 3593.000  4.978720e+00 
 3594.000  4.980455e+00 
 3595.000  4.985471e+00 
 3596.000  4.923228e+00 
 3597.000  4.926097e+00 
 3598.000  5.119608e+00 
 3599.000  5.091180e+00 
 3600.000  5.099982e+00 
 3601.000  5.082986e+00 
 3602.000  5.099342e+00 
 3603.000  5.087135e+00 
 3604.000  5.172002e+00 
 3605.000  5.159903e+00 
 3606.000  5.164824e+00 
 3607.000  5.149503e+00 
 3608.000  5.151738e+00 
 3609.000  5.141887e+00 
 3610.000  5.131320e+00 
 3611.000  5.261520e+00 
 3612.000  5.250993e+00 
 3613.000  5.246183e+00 
 3614.000  5.244364e+00 
 3615.000  5.238628e+00 
 3616.000  5.230839e+00 
 3617.000  5.352342e+00 
 3618.000  5.346512e+00 
 3619.000  5.339992e+00 
 3620.000  5.333966e+00 
 3621.000  5.326586e+00 
 3622.000  5.325634e+00 
 3623.000  5.317627e+00 
 3624.000  5.360896e+00 
 3625.000  5.356446e+00 
 3626.000  5.359970e+00 
 3627.000  5.355298e+00 
 3628.000  5.348664e+00 
 3629.000  5.329807e+00 
 3630.000  5.422159e+00 
 3631.000  5.447450e+00 
 3632.000  5.448051e+00 
 3633.000  5.439639e+00 
 3634.000  5.433733e+00 
 3635.000  5.431437e+00 
 3636.000  5.414395e+00 
 3637.000  5.472404e+00 
 3638.000  5.488918e+00 
 3639.000  5.485664e+00 
 3640.000  5.459493e+00 
 3641.000  5.475428e+00 
 3642.000  5.464262e+00 
 3643.000  5.412075e+00 
 3644.000  5.326412e+00 
 3645.000  5.353573e+00 
 3646.000  5.394749e+00 
 3647.000  5.379697e+00 
 3648.000  5.378922e+00 
 3649.000  5.358320e+00 
 3650.000  5.237256e+00 
 3651.000  5.226220e+00 
 3652.000  5.212518e+00 
 3653.000  5.102089e+00 
 3654.000  5.107140e+00 
 3655.000  5.188680e+00 
 3656.000  5.193238e+00 
 3657.000  4.920372e+00 
 3658.000  4.906138e+00 
 3659.000  4.835626e+00 
 3660.000  4.847272e+00 
 3661.000  4.906478e+00 
 3662.000  4.888747e+00 
 3663.000  4.884795e+00 
 3664.000  4.546360e+00 
 3665.000  4.543103e+00 
 3666.000  4.537437e+00 
 3667.000  4.533322e+00 
 3668.000  4.463394e+00 
 3669.000  4.520607e+00 
 3670.000  4.376329e+00 
 3671.000  4.289918e+00 
 3672.000  4.360566e+00 
 3673.000  4.356951e+00 
 3674.000  4.357808e+00 
 3675.000  4.352033e+00 
 3676.000  4.347645e+00 
 3677.000  4.407877e+00 
 3678.000  4.487166e+00 
 3679.000  4.336501e+00 
 3680.000  4.490337e+00 
 3681.000  4.487893e+00 
 3682.000  4.425216e+00 
 3683.000  4.300140e+00 
 3684.000  4.673008e+00 
 3685.000  4.728953e+00 
 3686.000  4.739413e+00 
 3687.000  4.718135e+00 
 3688.000  4.729178e+00 
 3689.000  4.706925e+00 
 3690.000  4.684288e+00 
 3691.000  4.983081e+00 
 3692.000  4.975200e+00 
 3693.000  4.990028e+00 
 3694.000  4.975273e+00 
 3695.000  4.949734e+00 
 3696.000  4.943649e+00 
 3697.000  5.088702e+00 
 3698.000  5.090477e+00 
 3699.000  4.930523e+00 
 3700.000  4.954901e+00 
 3701.000  4.998410e+00 
 3702.000  5.041325e+00 
 3703.000  5.139577e+00 
 3704.000  5.156839e+00 
 3705.000  5.049437e+00 
 3706.000  5.112500e+00 
 3707.000  5.077354e+00 
 3708.000  5.112998e+00 
 3709.000  5.006706e+00 
 3710.000  5.119175e+00 
 3711.000  5.053479e+00 
 3712.000  5.010810e+00 
 3713.000  5.075830e+00 
 3714.000  5.048339e+00 
 3715.000  5.012558e+00 
 3716.000  5.054808e+00 
 3717.000  5.065972e+00 
 3718.000  5.047046e+00 
 3719.000  5.028299e+00 
 3720.000  5.048419e+00 
 3721.000  4.998636e+00 
 3722.000  5.004454e+00 
 3723.000  5.030459e+00 
 3724.000  5.025703e+00 
 3725.000  4.931998e+00 
 3726.000  4.951858e+00 
 3727.000  4.933006e+00 
 3728.000  4.936008e+00 
 3729.000  4.911147e+00 
 3730.000  4.926753e+00 
 3731.000  4.914495e+00 
 3732.000  4.868357e+00 
 3733.000  4.874437e+00 
 3734.000  4.867534e+00 
 3735.000  4.809316e+00 
 3736.000  4.776399e+00 
 3737.000  4.812205e+00 
 3738.000  4.754491e+00 
 3739.000  4.634115e+00 
 3740.000  4.563211e+00 
 3741.000  4.522238e+00 
 3742.000  4.693735e+00 
 3743.000  4.749785e+00 
 3744.000  4.739479e+00 
 3745.000  4.593371e+00 
 3746.000  4.496127e+00 
 3747.000  4.590333e+00 
 3748.000  4.707478e+00 
 3749.000  4.692323e+00 
 3750.000  4.670156e+00 
 3751.000  4.662944e+00 
 3752.000  4.699104e+00 
 3753.000  4.540005e+00 
 3754.000  4.601358e+00 
 3755.000  4.627470e+00 
 3756.000  4.651063e+00 
 3757.000  4.638230e+00 
 3758.000  4.606227e+00 
 3759.000  4.616892e+00 
 3760.000  4.629365e+00 
 3761.000  4.650501e+00 
 3762.000  4.612771e+00 
 3763.000  4.545212e+00 
 3764.000  4.624500e+00 
 3765.000  4.607455e+00 
 3766.000  4.619589e+00 
 3767.000  4.620525e+00 
 3768.000  4.598079e+00 
 3769.000  4.587710e+00 
 3770.000  4.595037e+00 
 3771.000  4.566010e+00 
 3772.000  4.592528e+00 
 3773.000  4.528068e+00 
 3774.000  4.615703e+00 
 3775.000  4.631018e+00 
 3776.000  4.545094e+00 
 3777.000  4.535316e+00 
 3778.000  4.613002e+00 
 3779.000  4.595951e+00 
 3780.000  4.580370e+00 
 3781.000  4.616282e+00 
 3782.000  4.581874e+00 
 3783.000  4.629689e+00 
 3784.000  4.617139e+00 
 3785.000  4.616846e+00 
 3786.000  4.603864e+00 
 3787.000  4.496791e+00 
 3788.000  4.626812e+00 
 3789.000  4.623983e+00 
 3790.000  4.628102e+00 
 3791.000  4.544230e+00 
 3792.000  4.597929e+00 
 3793.000  4.549081e+00 
 3794.000  4.607938e+00 
 3795.000  4.584585e+00 
 3796.000  4.668238e+00 
 3797.000  4.671242e+00 
 3798.000  4.650929e+00 
 3799.000  4.620320e+00 
 3800.000  4.568963e+00 
 3801.000  4.658280e+00 
 3802.000  4.641367e+00 
 3803.000  4.677988e+00 
 3804.000  4.660311e+00 
 3805.000  4.662940e+00 
 3806.000  4.651584e+00 
 3807.000  4.591586e+00 
 3808.000  4.620655e+00 
 3809.000  4.635119e+00 
 3810.000  4.658762e+00 
 3811.000  4.679090e+00 
 3812.000  4.690427e+00 
 3813.000  4.658500e+00 
 3814.000  4.675296e+00 
 3815.000  4.674154e+00 
 3816.000  4.630749e+00 
 3817.000  4.684050e+00 
 3818.000  4.651150e+00 
 3819.000  4.720059e+00 
 3820.000  4.722575e+00 
 3821.000  4.720380e+00 
 3822.000  4.714211e+00 
 3823.000  4.690516e+00 
 3824.000  4.696001e+00 
 3825.000  4.688595e+00 
 3826.000  4.689408e+00 
 3827.000  4.686517e+00 
 3828.000  4.670497e+00 
 3829.000  4.671446e+00 
 3830.000  4.672653e+00 
 3831.000  4.663368e+00 
 3832.000  4.640500e+00 
 3833.000  4.611827e+00 
 3834.000  4.628092e+00 
 3835.000  4.592708e+00 
 3836.000  4.557030e+00 
 3837.000  4.593854e+00 
 3838.000  4.610607e+00 
 3839.000  4.585005e+00 
 3840.000  4.581159e+00 
 3841.000  4.576404e+00 
 3842.000  4.567929e+00 
 3843.000  4.563120e+00 
 3844.000  4.557783e+00 
 3845.000  4.556077e+00 
 3846.000  4.558941e+00 
 3847.000  4.476177e+00 
 3848.000  4.474370e+00 
 3849.000  4.469680e+00 
 3850.000  4.445985e+00 
 3851.000  4.453055e+00 
 3852.000  4.453406e+00 
 3853.000  4.436043e+00 
 3854.000  4.371207e+00 
 3855.000  4.367585e+00 
 3856.000  4.362963e+00 
 3857.000  4.354721e+00 
 3858.000  4.345175e+00 
 3859.000  4.323631e+00 
 3860.000  4.313035e+00 
 3861.000  4.335856e+00 
 3862.000  4.271340e+00 
 3863.000  4.169158e+00 
 3864.000  4.231866e+00 
 3865.000  4.246608e+00 
 3866.000  4.254311e+00 
 3867.000  4.204640e+00 
 3868.000  4.228805e+00 
 3869.000  4.148065e+00 
 3870.000  4.171553e+00 
 3871.000  4.149205e+00 
 3872.000  4.094615e+00 
 3873.000  4.160066e+00 
 3874.000  4.153969e+00 
 3875.000  4.144652e+00 
 3876.000  4.155746e+00 
 3877.000  4.151729e+00 
 3878.000  4.146848e+00 
 3879.000  4.140354e+00 
 3880.000  4.137744e+00 
 3881.000  4.130406e+00 
 3882.000  4.116106e+00 
 3883.000  4.111858e+00 
 3884.000  4.159044e+00 
 3885.000  4.045798e+00 
 3886.000  4.103642e+00 
 3887.000  4.149240e+00 
 3888.000  4.149166e+00 
 3889.000  4.148283e+00 
 3890.000  4.134863e+00 
 3891.000  4.130085e+00 
 3892.000  4.187320e+00 
 3893.000  4.186126e+00 
 3894.000  4.169167e+00 
 3895.000  4.179412e+00 
 3896.000  4.160485e+00 
 3897.000  4.117001e+00 
 3898.000  4.098148e+00 
 3899.000  4.199296e+00 
 3900.000  4.169630e+00 
 3901.000  4.189538e+00 
 3902.000  4.188547e+00 
 3903.000  4.177511e+00 
 3904.000  4.181790e+00 
 3905.000  4.176912e+00 
 3906.000  4.161469e+00 
 3907.000  4.187453e+00 
 3908.000  4.177094e+00 
 3909.000  4.179429e+00 
 3910.000  4.176572e+00 
 3911.000  4.174098e+00 
 3912.000  4.171649e+00 
 3913.000  4.165669e+00 
 3914.000  4.180219e+00 
 3915.000  4.187548e+00 
 3916.000  4.176612e+00 
 3917.000  4.175545e+00 
 3918.000  4.165775e+00 
 3919.000  4.158190e+00 
 3920.000  4.170886e+00 
 3921.000  4.150836e+00 
 3922.000  4.199770e+00 
 3923.000  4.199074e+00 
 3924.000  4.194976e+00 
 3925.000  4.195107e+00 
 3926.000  4.180799e+00 
 3927.000  4.182181e+00 
 3928.000  4.188664e+00 
 3929.000  4.184478e+00 
 3930.000  4.242331e+00 
 3931.000  4.239637e+00 
 3932.000  4.218086e+00 
 3933.000  4.228732e+00 
 3934.000  4.176325e+00 
 3935.000  4.204374e+00 
 3936.000  4.223273e+00 
 3937.000  4.221026e+00 
 3938.000  4.261868e+00 
 3939.000  4.280423e+00 
 3940.000  4.276868e+00 
 3941.000  4.271165e+00 
 3942.000  4.270513e+00 
 3943.000  4.268367e+00 
 3944.000  4.232326e+00 
 3945.000  4.384982e+00 
 3946.000  4.371755e+00 
 3947.000  4.372220e+00 
 3948.000  4.349786e+00 
 3949.000  4.362590e+00 
 3950.000  4.315685e+00 
 3951.000  4.346207e+00 
 3952.000  4.188749e+00 
 3953.000  4.332992e+00 
 3954.000  4.328504e+00 
 3955.000  4.321379e+00 
 3956.000  4.281961e+00 
 3957.000  4.290226e+00 
 3958.000  4.253815e+00 
 3959.000  4.263675e+00 
 3960.000  4.309441e+00 
 3961.000  4.322933e+00 
 3962.000  4.284203e+00 
 3963.000  4.316800e+00 
 3964.000  4.296097e+00 
 3965.000  4.292892e+00 
 3966.000  4.297112e+00 
 3967.000  4.292697e+00 
 3968.000  4.300905e+00 
 3969.000  4.279295e+00 
 3970.000  4.266356e+00 
 3971.000  4.248813e+00 
 3972.000  4.270725e+00 
 3973.000  4.231541e+00 
 3974.000  4.247042e+00 
 3975.000  4.259931e+00 
 3976.000  4.257135e+00 
 3977.000  4.188556e+00 
 3978.000  4.206247e+00 
 3979.000  4.191981e+00 
 3980.000  4.196557e+00 
 3981.000  4.205523e+00 
 3982.000  4.196469e+00 
 3983.000  4.177914e+00 
 3984.000  4.175961e+00 
 3985.000  4.132665e+00 
 3986.000  4.040803e+00 
 3987.000  4.155832e+00 
 3988.000  4.159858e+00 
 3989.000  4.131352e+00 
 3990.000  4.129373e+00 
 3991.000  4.069067e+00 
 3992.000  4.118433e+00 
 3993.000  4.037849e+00 
 3994.000  4.031884e+00 
 3995.000  4.007787e+00 
 3996.000  3.940555e+00 
 3997.000  4.043666e+00 
 3998.000  4.021656e+00 
 3999.000  3.945540e+00 
 4000.000  3.984511e+00 
