  290.000  0.000000e+00 
  291.000  2.083299e-06 
  292.000  2.744073e-05 
  293.000  8.821885e-05 
  294.000  6.028153e-04 
  295.000  1.783300e-03 
  296.000  1.082328e-02 
  297.000  1.555645e-02 
  298.000  8.523734e-02 
  299.000  1.662114e-01 
  300.000  3.168792e-01 
  301.000  9.236566e-01 
  302.000  1.080048e+00 
  303.000  2.990742e+00 
  304.000  3.562684e+00 
  305.000  6.760299e+00 
  306.000  7.709238e+00 
  307.000  1.172849e+01 
  308.000  1.555530e+01 
  309.000  1.708451e+01 
  310.000  1.948694e+01 
  311.000  3.854666e+01 
  312.000  3.360947e+01 
  313.000  4.389980e+01 
  314.000  4.607665e+01 
  315.000  5.622892e+01 
  316.000  4.486134e+01 
  317.000  6.631321e+01 
  318.000  6.585471e+01 
  319.000  7.525738e+01 
  320.000  7.444388e+01 
  321.000  9.328642e+01 
  322.000  8.406226e+01 
  323.000  7.492574e+01 
  324.000  9.591492e+01 
  325.000  1.088084e+02 
  326.000  1.524298e+02 
  327.000  1.568365e+02 
  328.000  1.325463e+02 
  329.000  1.596311e+02 
  330.000  1.702881e+02 
  331.000  1.409909e+02 
  332.000  1.577671e+02 
  333.000  1.818772e+02 
  334.000  1.550739e+02 
  335.000  1.697290e+02 
  336.000  1.298145e+02 
  337.000  1.263481e+02 
  338.000  1.567338e+02 
  339.000  1.604247e+02 
  340.000  1.834990e+02 
  341.000  1.574231e+02 
  342.000  1.677329e+02 
  343.000  1.711000e+02 
  344.000  1.571039e+02 
  345.000  2.050611e+02 
  346.000  2.308917e+02 
  347.000  2.228984e+02 
  348.000  2.129170e+02 
  349.000  2.367577e+02 
  350.000  2.454033e+02 
  351.000  2.362147e+02 
  352.000  2.453592e+02 
  353.000  2.268145e+02 
  354.000  2.652866e+02 
  355.000  2.723368e+02 
  356.000  2.607850e+02 
  357.000  1.687868e+02 
  358.000  1.856709e+02 
  359.000  1.890727e+02 
  360.000  2.838581e+02 
  361.000  2.277619e+02 
  362.000  2.528445e+02 
  363.000  2.721023e+02 
  364.000  2.747235e+02 
  365.000  2.601553e+02 
  366.000  3.610611e+02 
  367.000  3.266264e+02 
  368.000  3.113521e+02 
  369.000  3.026747e+02 
  370.000  3.517587e+02 
  371.000  2.838352e+02 
  372.000  3.018048e+02 
  373.000  3.037414e+02 
  374.000  2.374934e+02 
  375.000  2.195645e+02 
  376.000  3.169118e+02 
  377.000  3.270623e+02 
  378.000  4.264713e+02 
  379.000  3.309110e+02 
  380.000  3.123276e+02 
  381.000  3.532516e+02 
  382.000  2.658674e+02 
  383.000  1.865541e+02 
  384.000  2.065798e+02 
  385.000  3.126612e+02 
  386.000  2.440109e+02 
  387.000  2.815029e+02 
  388.000  2.801389e+02 
  389.000  3.205847e+02 
  390.000  3.902721e+02 
  391.000  4.382954e+02 
  392.000  3.909625e+02 
  393.000  2.103547e+02 
  394.000  2.335921e+02 
  395.000  3.934464e+02 
  396.000  4.063010e+02 
  397.000  1.658916e+02 
  398.000  4.655857e+02 
  399.000  5.599507e+02 
  400.000  5.517493e+02 
  401.000  5.495850e+02 
  402.000  5.836622e+02 
  403.000  5.477623e+02 
  404.000  5.897930e+02 
  405.000  5.419124e+02 
  406.000  5.388286e+02 
  407.000  5.257453e+02 
  408.000  5.705795e+02 
  409.000  6.326583e+02 
  410.000  5.298252e+02 
  411.000  6.231920e+02 
  412.000  6.467603e+02 
  413.000  6.119125e+02 
  414.000  6.014691e+02 
  415.000  6.424351e+02 
  416.000  6.394434e+02 
  417.000  6.208625e+02 
  418.000  6.081876e+02 
  419.000  6.239440e+02 
  420.000  5.288202e+02 
  421.000  6.634167e+02 
  422.000  6.364988e+02 
  423.000  5.382335e+02 
  424.000  5.927548e+02 
  425.000  6.146514e+02 
  426.000  5.915528e+02 
  427.000  5.696734e+02 
  428.000  5.775051e+02 
  429.000  5.259880e+02 
  430.000  4.201935e+02 
  431.000  3.782022e+02 
  432.000  6.814988e+02 
  433.000  6.072728e+02 
  434.000  5.777880e+02 
  435.000  6.292649e+02 
  436.000  6.984675e+02 
  437.000  7.059121e+02 
  438.000  6.329728e+02 
  439.000  6.131081e+02 
  440.000  6.878314e+02 
  441.000  6.862517e+02 
  442.000  7.234394e+02 
  443.000  7.289536e+02 
  444.000  7.248849e+02 
  445.000  7.631894e+02 
  446.000  6.799612e+02 
  447.000  7.761993e+02 
  448.000  7.898177e+02 
  449.000  7.958825e+02 
  450.000  8.139277e+02 
  451.000  8.803594e+02 
  452.000  8.190710e+02 
  453.000  7.609304e+02 
  454.000  8.119083e+02 
  455.000  8.182206e+02 
  456.000  8.386824e+02 
  457.000  8.440123e+02 
  458.000  8.297823e+02 
  459.000  8.302852e+02 
  460.000  8.236508e+02 
  461.000  8.541190e+02 
  462.000  8.407957e+02 
  463.000  8.415867e+02 
  464.000  8.449403e+02 
  465.000  8.331630e+02 
  466.000  8.601169e+02 
  467.000  8.302857e+02 
  468.000  8.794556e+02 
  469.000  8.721758e+02 
  470.000  8.605642e+02 
  471.000  8.593860e+02 
  472.000  8.702336e+02 
  473.000  8.610562e+02 
  474.000  8.682502e+02 
  475.000  9.035560e+02 
  476.000  8.759266e+02 
  477.000  8.680426e+02 
  478.000  9.112130e+02 
  479.000  8.701252e+02 
  480.000  8.875386e+02 
  481.000  8.823829e+02 
  482.000  9.011072e+02 
  483.000  9.023009e+02 
  484.000  8.678342e+02 
  485.000  8.744620e+02 
  486.000  7.092211e+02 
  487.000  7.973911e+02 
  488.000  8.660806e+02 
  489.000  8.053584e+02 
  490.000  9.171557e+02 
  491.000  8.584991e+02 
  492.000  8.252457e+02 
  493.000  8.890652e+02 
  494.000  8.591439e+02 
  495.000  9.186969e+02 
  496.000  8.949722e+02 
  497.000  8.683884e+02 
  498.000  8.480845e+02 
  499.000  8.462465e+02 
  500.000  8.427264e+02 
  501.000  8.240305e+02 
  502.000  8.188239e+02 
  503.000  8.678375e+02 
  504.000  8.076182e+02 
  505.000  8.712849e+02 
  506.000  9.329837e+02 
  507.000  8.682939e+02 
  508.000  8.329125e+02 
  509.000  8.983820e+02 
  510.000  8.706874e+02 
  511.000  8.711277e+02 
  512.000  9.144803e+02 
  513.000  8.371210e+02 
  514.000  8.197102e+02 
  515.000  8.369953e+02 
  516.000  8.793129e+02 
  517.000  6.477933e+02 
  518.000  8.020811e+02 
  519.000  7.599667e+02 
  520.000  8.367766e+02 
  521.000  8.373080e+02 
  522.000  8.705893e+02 
  523.000  8.110503e+02 
  524.000  8.800029e+02 
  525.000  8.730075e+02 
  526.000  8.320226e+02 
  527.000  7.268372e+02 
  528.000  8.729532e+02 
  529.000  8.977563e+02 
  530.000  8.483176e+02 
  531.000  9.234083e+02 
  532.000  8.809485e+02 
  533.000  7.738124e+02 
  534.000  8.415297e+02 
  535.000  8.586660e+02 
  536.000  9.111998e+02 
  537.000  8.454368e+02 
  538.000  8.850641e+02 
  539.000  8.822138e+02 
  540.000  8.634351e+02 
  541.000  7.918259e+02 
  542.000  8.833667e+02 
  543.000  8.450610e+02 
  544.000  8.914210e+02 
  545.000  8.782397e+02 
  546.000  8.588049e+02 
  547.000  8.953927e+02 
  548.000  8.308824e+02 
  549.000  8.745470e+02 
  550.000  8.555427e+02 
  551.000  8.504980e+02 
  552.000  8.874912e+02 
  553.000  8.530389e+02 
  554.000  8.812391e+02 
  555.000  8.840533e+02 
  556.000  8.600093e+02 
  557.000  8.347896e+02 
  558.000  8.668096e+02 
  559.000  8.196111e+02 
  560.000  8.234834e+02 
  561.000  9.053243e+02 
  562.000  8.311486e+02 
  563.000  8.698006e+02 
  564.000  8.577481e+02 
  565.000  8.680190e+02 
  566.000  8.004645e+02 
  567.000  8.583340e+02 
  568.000  8.548204e+02 
  569.000  8.345185e+02 
  570.000  8.395642e+02 
  571.000  8.122333e+02 
  572.000  8.562559e+02 
  573.000  8.660998e+02 
  574.000  8.617043e+02 
  575.000  8.406747e+02 
  576.000  8.257385e+02 
  577.000  8.610233e+02 
  578.000  8.373976e+02 
  579.000  8.324655e+02 
  580.000  8.627664e+02 
  581.000  8.491996e+02 
  582.000  8.635098e+02 
  583.000  8.706710e+02 
  584.000  8.689577e+02 
  585.000  8.640374e+02 
  586.000  8.276656e+02 
  587.000  8.595392e+02 
  588.000  8.466136e+02 
  589.000  7.440027e+02 
  590.000  7.768235e+02 
  591.000  8.311832e+02 
  592.000  8.129836e+02 
  593.000  8.278447e+02 
  594.000  8.345746e+02 
  595.000  8.149246e+02 
  596.000  8.413864e+02 
  597.000  8.429471e+02 
  598.000  8.283459e+02 
  599.000  8.298093e+02 
  600.000  8.323495e+02 
  601.000  8.291720e+02 
  602.000  8.208096e+02 
  603.000  8.266969e+02 
  604.000  8.538558e+02 
  605.000  8.525159e+02 
  606.000  8.432576e+02 
  607.000  8.391340e+02 
  608.000  8.366552e+02 
  609.000  8.286401e+02 
  610.000  8.159285e+02 
  611.000  8.297437e+02 
  612.000  8.194979e+02 
  613.000  8.080619e+02 
  614.000  7.793913e+02 
  615.000  8.172451e+02 
  616.000  7.775232e+02 
  617.000  7.823750e+02 
  618.000  8.197059e+02 
  619.000  8.125692e+02 
  620.000  8.249315e+02 
  621.000  8.394415e+02 
  622.000  7.954100e+02 
  623.000  8.018138e+02 
  624.000  8.028739e+02 
  625.000  7.812747e+02 
  626.000  7.851113e+02 
  627.000  7.965756e+02 
  628.000  7.769593e+02 
  629.000  8.023500e+02 
  630.000  7.775277e+02 
  631.000  8.081511e+02 
  632.000  7.525257e+02 
  633.000  8.105142e+02 
  634.000  7.877849e+02 
  635.000  8.030000e+02 
  636.000  7.758192e+02 
  637.000  8.024814e+02 
  638.000  8.165318e+02 
  639.000  8.106338e+02 
  640.000  7.862892e+02 
  641.000  7.982664e+02 
  642.000  7.895479e+02 
  643.000  8.033437e+02 
  644.000  7.947420e+02 
  645.000  8.012027e+02 
  646.000  7.675029e+02 
  647.000  7.757303e+02 
  648.000  7.716920e+02 
  649.000  7.901219e+02 
  650.000  7.373066e+02 
  651.000  7.946009e+02 
  652.000  7.752115e+02 
  653.000  7.964230e+02 
  654.000  7.858199e+02 
  655.000  7.636407e+02 
  656.000  6.491804e+02 
  657.000  6.940695e+02 
  658.000  7.751486e+02 
  659.000  7.783472e+02 
  660.000  7.850432e+02 
  661.000  7.901252e+02 
  662.000  8.024228e+02 
  663.000  7.938015e+02 
  664.000  7.816932e+02 
  665.000  7.856624e+02 
  666.000  7.956588e+02 
  667.000  7.804188e+02 
  668.000  7.854591e+02 
  669.000  7.972188e+02 
  670.000  7.881103e+02 
  671.000  7.802067e+02 
  672.000  7.780758e+02 
  673.000  7.840555e+02 
  674.000  7.859797e+02 
  675.000  7.743677e+02 
  676.000  7.893693e+02 
  677.000  7.740328e+02 
  678.000  7.872043e+02 
  679.000  7.763893e+02 
  680.000  7.705093e+02 
  681.000  7.714056e+02 
  682.000  7.700625e+02 
  683.000  7.753579e+02 
  684.000  7.614207e+02 
  685.000  7.704974e+02 
  686.000  7.357144e+02 
  687.000  6.426006e+02 
  688.000  6.727863e+02 
  689.000  6.660190e+02 
  690.000  6.848399e+02 
  691.000  7.075548e+02 
  692.000  7.141743e+02 
  693.000  7.106555e+02 
  694.000  7.079274e+02 
  695.000  7.042979e+02 
  696.000  7.177156e+02 
  697.000  7.411692e+02 
  698.000  7.229713e+02 
  699.000  7.166130e+02 
  700.000  7.115865e+02 
  701.000  6.914195e+02 
  702.000  6.912880e+02 
  703.000  7.173378e+02 
  704.000  7.202234e+02 
  705.000  7.190839e+02 
  706.000  7.128715e+02 
  707.000  7.045888e+02 
  708.000  7.277720e+02 
  709.000  7.071470e+02 
  710.000  7.179800e+02 
  711.000  7.164876e+02 
  712.000  7.113630e+02 
  713.000  7.046036e+02 
  714.000  7.153110e+02 
  715.000  6.841667e+02 
  716.000  6.954150e+02 
  717.000  6.343326e+02 
  718.000  6.044326e+02 
  719.000  5.880498e+02 
  720.000  5.780674e+02 
  721.000  6.398630e+02 
  722.000  6.716871e+02 
  723.000  6.573840e+02 
  724.000  6.247707e+02 
  725.000  6.232748e+02 
  726.000  6.204886e+02 
  727.000  6.348742e+02 
  728.000  6.184633e+02 
  729.000  6.071555e+02 
  730.000  6.272317e+02 
  731.000  6.140775e+02 
  732.000  6.488957e+02 
  733.000  6.609478e+02 
  734.000  6.853365e+02 
  735.000  6.761653e+02 
  736.000  6.568470e+02 
  737.000  6.707392e+02 
  738.000  6.760679e+02 
  739.000  6.571827e+02 
  740.000  6.700295e+02 
  741.000  6.685110e+02 
  742.000  6.591016e+02 
  743.000  6.818228e+02 
  744.000  6.898863e+02 
  745.000  6.731669e+02 
  746.000  6.835316e+02 
  747.000  6.944704e+02 
  748.000  6.825105e+02 
  749.000  6.831454e+02 
  750.000  6.728862e+02 
  751.000  6.713431e+02 
  752.000  6.824539e+02 
  753.000  6.763489e+02 
  754.000  6.872144e+02 
  755.000  6.834576e+02 
  756.000  6.702681e+02 
  757.000  6.753076e+02 
  758.000  6.734764e+02 
  759.000  6.051008e+02 
  760.000  2.216396e+02 
  761.000  1.902987e+02 
  762.000  3.880172e+02 
  763.000  3.310419e+02 
  764.000  3.653118e+02 
  765.000  4.447885e+02 
  766.000  5.144017e+02 
  767.000  5.683109e+02 
  768.000  6.220787e+02 
  769.000  6.402186e+02 
  770.000  6.469489e+02 
  771.000  6.521913e+02 
  772.000  6.508402e+02 
  773.000  6.487179e+02 
  774.000  6.562252e+02 
  775.000  6.319540e+02 
  776.000  6.582792e+02 
  777.000  6.538403e+02 
  778.000  6.503914e+02 
  779.000  6.525604e+02 
  780.000  6.445368e+02 
  781.000  6.437969e+02 
  782.000  6.515991e+02 
  783.000  6.364219e+02 
  784.000  6.398309e+02 
  785.000  6.405560e+02 
  786.000  6.279816e+02 
  787.000  6.338895e+02 
  788.000  6.225326e+02 
  789.000  6.192504e+02 
  790.000  6.124295e+02 
  791.000  6.106618e+02 
  792.000  6.022697e+02 
  793.000  6.045497e+02 
  794.000  6.042058e+02 
  795.000  5.974539e+02 
  796.000  5.979938e+02 
  797.000  6.046191e+02 
  798.000  6.111800e+02 
  799.000  6.093511e+02 
  800.000  5.891886e+02 
  801.000  6.007278e+02 
  802.000  5.991794e+02 
  803.000  5.913032e+02 
  804.000  5.988145e+02 
  805.000  5.864003e+02 
  806.000  6.047318e+02 
  807.000  6.012871e+02 
  808.000  5.963092e+02 
  809.000  5.846143e+02 
  810.000  5.801952e+02 
  811.000  5.856552e+02 
  812.000  5.784041e+02 
  813.000  5.694344e+02 
  814.000  5.599118e+02 
  815.000  5.429677e+02 
  816.000  5.240550e+02 
  817.000  5.280411e+02 
  818.000  5.260054e+02 
  819.000  5.164632e+02 
  820.000  5.216941e+02 
  821.000  5.570125e+02 
  822.000  5.280797e+02 
  823.000  4.975442e+02 
  824.000  5.374003e+02 
  825.000  5.571586e+02 
  826.000  5.572289e+02 
  827.000  5.528531e+02 
  828.000  5.382588e+02 
  829.000  5.428773e+02 
  830.000  5.396570e+02 
  831.000  5.314521e+02 
  832.000  5.429211e+02 
  833.000  5.290345e+02 
  834.000  5.403930e+02 
  835.000  5.480618e+02 
  836.000  5.523846e+02 
  837.000  5.476367e+02 
  838.000  5.527850e+02 
  839.000  5.373753e+02 
  840.000  5.524670e+02 
  841.000  5.520491e+02 
  842.000  5.503350e+02 
  843.000  5.505051e+02 
  844.000  5.431346e+02 
  845.000  5.522181e+02 
  846.000  5.579916e+02 
  847.000  5.394734e+02 
  848.000  5.541622e+02 
  849.000  5.553950e+02 
  850.000  4.796350e+02 
  851.000  5.487150e+02 
  852.000  5.280202e+02 
  853.000  5.354351e+02 
  854.000  4.304456e+02 
  855.000  4.744259e+02 
  856.000  5.394589e+02 
  857.000  5.485860e+02 
  858.000  5.401137e+02 
  859.000  5.405770e+02 
  860.000  5.360234e+02 
  861.000  5.360427e+02 
  862.000  5.344842e+02 
  863.000  5.447632e+02 
  864.000  5.438246e+02 
  865.000  5.338203e+02 
  866.000  4.478233e+02 
  867.000  4.769009e+02 
  868.000  5.172640e+02 
  869.000  5.100740e+02 
  870.000  5.311293e+02 
  871.000  5.304443e+02 
  872.000  5.284218e+02 
  873.000  5.305056e+02 
  874.000  5.188761e+02 
  875.000  5.141306e+02 
  876.000  5.183192e+02 
  877.000  5.286266e+02 
  878.000  5.193770e+02 
  879.000  5.205899e+02 
  880.000  5.174069e+02 
  881.000  4.904052e+02 
  882.000  5.174489e+02 
  883.000  5.057480e+02 
  884.000  5.101295e+02 
  885.000  5.149619e+02 
  886.000  4.974682e+02 
  887.000  4.929713e+02 
  888.000  5.077315e+02 
  889.000  5.112786e+02 
  890.000  5.092810e+02 
  891.000  5.057431e+02 
  892.000  5.015740e+02 
  893.000  4.745189e+02 
  894.000  4.860365e+02 
  895.000  4.483707e+02 
  896.000  4.506660e+02 
  897.000  4.244569e+02 
  898.000  4.177949e+02 
  899.000  3.967769e+02 
  900.000  3.897516e+02 
  901.000  3.763291e+02 
  902.000  3.703513e+02 
  903.000  4.246350e+02 
  904.000  4.520481e+02 
  905.000  4.500986e+02 
  906.000  4.251355e+02 
  907.000  4.090376e+02 
  908.000  3.831515e+02 
  909.000  3.772364e+02 
  910.000  3.839678e+02 
  911.000  3.926913e+02 
  912.000  3.888070e+02 
  913.000  3.770058e+02 
  914.000  3.848593e+02 
  915.000  3.860528e+02 
  916.000  3.930149e+02 
  917.000  3.912378e+02 
  918.000  3.948766e+02 
  919.000  4.194931e+02 
  920.000  4.301391e+02 
  921.000  4.176130e+02 
  922.000  4.136250e+02 
  923.000  3.925087e+02 
  924.000  3.996506e+02 
  925.000  4.041633e+02 
  926.000  3.894163e+02 
  927.000  3.926754e+02 
  928.000  3.778561e+02 
  929.000  3.482377e+02 
  930.000  3.169869e+02 
  931.000  2.836210e+02 
  932.000  2.386506e+02 
  933.000  2.088922e+02 
  934.000  1.771107e+02 
  935.000  1.713387e+02 
  936.000  1.814568e+02 
  937.000  1.826285e+02 
  938.000  2.140958e+02 
  939.000  3.073346e+02 
  940.000  3.198115e+02 
  941.000  3.008409e+02 
  942.000  2.618918e+02 
  943.000  2.290073e+02 
  944.000  2.195366e+02 
  945.000  2.379289e+02 
  946.000  2.421499e+02 
  947.000  2.556941e+02 
  948.000  2.661413e+02 
  949.000  2.659034e+02 
  950.000  2.664573e+02 
  951.000  2.847725e+02 
  952.000  2.636443e+02 
  953.000  2.778025e+02 
  954.000  2.910876e+02 
  955.000  2.599763e+02 
  956.000  2.746212e+02 
  957.000  3.148636e+02 
  958.000  3.227153e+02 
  959.000  3.171883e+02 
  960.000  3.122940e+02 
  961.000  3.056441e+02 
  962.000  3.102836e+02 
  963.000  3.320202e+02 
  964.000  3.314665e+02 
  965.000  3.334226e+02 
  966.000  3.250219e+02 
  967.000  3.508605e+02 
  968.000  3.739210e+02 
  969.000  3.885557e+02 
  970.000  3.903116e+02 
  971.000  3.865672e+02 
  972.000  3.857968e+02 
  973.000  3.742405e+02 
  974.000  3.589427e+02 
  975.000  3.545868e+02 
  976.000  3.665260e+02 
  977.000  3.695614e+02 
  978.000  3.776892e+02 
  979.000  3.699401e+02 
  980.000  3.878890e+02 
  981.000  3.934567e+02 
  982.000  3.897695e+02 
  983.000  3.953227e+02 
  984.000  3.994446e+02 
  985.000  4.031128e+02 
  986.000  4.047575e+02 
  987.000  4.115364e+02 
  988.000  4.069618e+02 
  989.000  4.021116e+02 
  990.000  4.060600e+02 
  991.000  4.112047e+02 
  992.000  4.079283e+02 
  993.000  4.081153e+02 
  994.000  4.117147e+02 
  995.000  4.097493e+02 
  996.000  4.096642e+02 
  997.000  4.094333e+02 
  998.000  4.071394e+02 
  999.000  4.058223e+02 
 1000.000  4.028442e+02 
 1001.000  4.035623e+02 
 1002.000  4.004011e+02 
 1003.000  3.963508e+02 
 1004.000  3.945153e+02 
 1005.000  3.691194e+02 
 1006.000  3.887094e+02 
 1007.000  3.953211e+02 
 1008.000  3.949384e+02 
 1009.000  3.897995e+02 
 1010.000  3.924946e+02 
 1011.000  3.932858e+02 
 1012.000  3.945371e+02 
 1013.000  3.925268e+02 
 1014.000  3.952908e+02 
 1015.000  3.880652e+02 
 1016.000  3.909470e+02 
 1017.000  3.873217e+02 
 1018.000  3.918949e+02 
 1019.000  3.821599e+02 
 1020.000  3.816768e+02 
 1021.000  3.860147e+02 
 1022.000  3.792660e+02 
 1023.000  3.856411e+02 
 1024.000  3.831352e+02 
 1025.000  3.846524e+02 
 1026.000  3.857109e+02 
 1027.000  3.830774e+02 
 1028.000  3.842483e+02 
 1029.000  3.790634e+02 
 1030.000  3.834992e+02 
 1031.000  3.825910e+02 
 1032.000  3.814907e+02 
 1033.000  3.745531e+02 
 1034.000  3.786267e+02 
 1035.000  3.746880e+02 
 1036.000  3.795167e+02 
 1037.000  3.715370e+02 
 1038.000  3.752501e+02 
 1039.000  3.767175e+02 
 1040.000  3.722026e+02 
 1041.000  3.741213e+02 
 1042.000  3.752070e+02 
 1043.000  3.687246e+02 
 1044.000  3.723337e+02 
 1045.000  3.706193e+02 
 1046.000  3.597479e+02 
 1047.000  3.662468e+02 
 1048.000  3.697585e+02 
 1049.000  3.672423e+02 
 1050.000  3.649169e+02 
 1051.000  3.647804e+02 
 1052.000  3.629376e+02 
 1053.000  3.630303e+02 
 1054.000  3.590962e+02 
 1055.000  3.615232e+02 
 1056.000  3.603794e+02 
 1057.000  3.594178e+02 
 1058.000  3.549907e+02 
 1059.000  3.438228e+02 
 1060.000  3.564666e+02 
 1061.000  3.438755e+02 
 1062.000  3.530114e+02 
 1063.000  3.468477e+02 
 1064.000  3.510208e+02 
 1065.000  3.501134e+02 
 1066.000  3.393934e+02 
 1067.000  3.472578e+02 
 1068.000  3.451089e+02 
 1069.000  3.187601e+02 
 1070.000  3.378974e+02 
 1071.000  3.379749e+02 
 1072.000  3.384762e+02 
 1073.000  3.272860e+02 
 1074.000  3.389385e+02 
 1075.000  3.294108e+02 
 1076.000  3.360867e+02 
 1077.000  3.346182e+02 
 1078.000  3.347073e+02 
 1079.000  3.216606e+02 
 1080.000  3.286838e+02 
 1081.000  3.165299e+02 
 1082.000  3.217104e+02 
 1083.000  3.117769e+02 
 1084.000  3.222101e+02 
 1085.000  3.144318e+02 
 1086.000  3.194178e+02 
 1087.000  3.036026e+02 
 1088.000  3.222360e+02 
 1089.000  3.052482e+02 
 1090.000  3.109959e+02 
 1091.000  3.139609e+02 
 1092.000  3.043255e+02 
 1093.000  2.952604e+02 
 1094.000  2.665855e+02 
 1095.000  2.889356e+02 
 1096.000  2.880992e+02 
 1097.000  2.831819e+02 
 1098.000  2.658026e+02 
 1099.000  2.538311e+02 
 1100.000  2.590207e+02 
 1101.000  2.602680e+02 
 1102.000  2.486266e+02 
 1103.000  2.596458e+02 
 1104.000  2.555926e+02 
 1105.000  2.497580e+02 
 1106.000  2.422104e+02 
 1107.000  2.432345e+02 
 1108.000  2.433932e+02 
 1109.000  2.491104e+02 
 1110.000  2.496755e+02 
 1111.000  2.437998e+02 
 1112.000  2.292711e+02 
 1113.000  2.117220e+02 
 1114.000  2.093048e+02 
 1115.000  1.870016e+02 
 1116.000  1.725173e+02 
 1117.000  1.469074e+02 
 1118.000  1.214110e+02 
 1119.000  1.058550e+02 
 1120.000  9.153256e+01 
 1121.000  8.890118e+01 
 1122.000  7.418611e+01 
 1123.000  8.213969e+01 
 1124.000  8.754559e+01 
 1125.000  8.299120e+01 
 1126.000  8.035802e+01 
 1127.000  8.434964e+01 
 1128.000  8.522607e+01 
 1129.000  1.001418e+02 
 1130.000  1.354831e+02 
 1131.000  1.476360e+02 
 1132.000  1.332863e+02 
 1133.000  1.048115e+02 
 1134.000  6.213594e+01 
 1135.000  6.598006e+01 
 1136.000  1.091155e+02 
 1137.000  1.363680e+02 
 1138.000  1.568276e+02 
 1139.000  1.685964e+02 
 1140.000  1.640574e+02 
 1141.000  1.496679e+02 
 1142.000  1.501931e+02 
 1143.000  1.367633e+02 
 1144.000  1.240630e+02 
 1145.000  1.081092e+02 
 1146.000  1.131705e+02 
 1147.000  1.270267e+02 
 1148.000  1.378235e+02 
 1149.000  1.432189e+02 
 1150.000  1.429840e+02 
 1151.000  1.500618e+02 
 1152.000  1.534747e+02 
 1153.000  1.586275e+02 
 1154.000  1.579840e+02 
 1155.000  1.693401e+02 
 1156.000  1.785984e+02 
 1157.000  2.044155e+02 
 1158.000  2.146749e+02 
 1159.000  2.203681e+02 
 1160.000  2.211520e+02 
 1161.000  2.252241e+02 
 1162.000  2.401241e+02 
 1163.000  2.493622e+02 
 1164.000  2.461778e+02 
 1165.000  2.516321e+02 
 1166.000  2.468206e+02 
 1167.000  2.519138e+02 
 1168.000  2.537126e+02 
 1169.000  2.460763e+02 
 1170.000  2.537813e+02 
 1171.000  2.578613e+02 
 1172.000  2.553463e+02 
 1173.000  2.519302e+02 
 1174.000  2.521565e+02 
 1175.000  2.536606e+02 
 1176.000  2.515532e+02 
 1177.000  2.573721e+02 
 1178.000  2.491069e+02 
 1179.000  2.480198e+02 
 1180.000  2.500534e+02 
 1181.000  2.451589e+02 
 1182.000  2.418759e+02 
 1183.000  2.281973e+02 
 1184.000  2.405759e+02 
 1185.000  2.488529e+02 
 1186.000  2.458723e+02 
 1187.000  2.408188e+02 
 1188.000  2.384221e+02 
 1189.000  2.275046e+02 
 1190.000  2.467265e+02 
 1191.000  2.530188e+02 
 1192.000  2.551275e+02 
 1193.000  2.544815e+02 
 1194.000  2.534829e+02 
 1195.000  2.472582e+02 
 1196.000  2.475694e+02 
 1197.000  2.458721e+02 
 1198.000  2.372471e+02 
 1199.000  2.265313e+02 
 1200.000  2.420151e+02 
 1201.000  2.441057e+02 
 1202.000  2.445907e+02 
 1203.000  2.314564e+02 
 1204.000  2.358520e+02 
 1205.000  2.468742e+02 
 1206.000  2.480079e+02 
 1207.000  2.507749e+02 
 1208.000  2.464228e+02 
 1209.000  2.298571e+02 
 1210.000  2.439160e+02 
 1211.000  2.355114e+02 
 1212.000  2.434973e+02 
 1213.000  2.467051e+02 
 1214.000  2.452768e+02 
 1215.000  2.468982e+02 
 1216.000  2.492079e+02 
 1217.000  2.512219e+02 
 1218.000  2.512821e+02 
 1219.000  2.493687e+02 
 1220.000  2.511638e+02 
 1221.000  2.510662e+02 
 1222.000  2.498924e+02 
 1223.000  2.489595e+02 
 1224.000  2.525817e+02 
 1225.000  2.515597e+02 
 1226.000  2.529432e+02 
 1227.000  2.451646e+02 
 1228.000  2.537984e+02 
 1229.000  2.542411e+02 
 1230.000  2.541688e+02 
 1231.000  2.545948e+02 
 1232.000  2.518591e+02 
 1233.000  2.539411e+02 
 1234.000  2.541565e+02 
 1235.000  2.526515e+02 
 1236.000  2.543485e+02 
 1237.000  2.546272e+02 
 1238.000  2.545618e+02 
 1239.000  2.516554e+02 
 1240.000  2.504525e+02 
 1241.000  2.525079e+02 
 1242.000  2.508650e+02 
 1243.000  2.479113e+02 
 1244.000  2.453460e+02 
 1245.000  2.493159e+02 
 1246.000  2.471250e+02 
 1247.000  2.455395e+02 
 1248.000  2.471657e+02 
 1249.000  2.460517e+02 
 1250.000  2.447409e+02 
 1251.000  2.426988e+02 
 1252.000  2.414729e+02 
 1253.000  2.389756e+02 
 1254.000  2.386548e+02 
 1255.000  2.375279e+02 
 1256.000  2.363578e+02 
 1257.000  2.328210e+02 
 1258.000  2.318591e+02 
 1259.000  2.277344e+02 
 1260.000  2.262816e+02 
 1261.000  2.239300e+02 
 1262.000  2.154293e+02 
 1263.000  2.165679e+02 
 1264.000  2.122202e+02 
 1265.000  2.122220e+02 
 1266.000  2.120443e+02 
 1267.000  2.063526e+02 
 1268.000  2.024097e+02 
 1269.000  2.034631e+02 
 1270.000  2.106035e+02 
 1271.000  2.140535e+02 
 1272.000  2.152979e+02 
 1273.000  2.168264e+02 
 1274.000  2.176154e+02 
 1275.000  2.199848e+02 
 1276.000  2.210612e+02 
 1277.000  2.213931e+02 
 1278.000  2.212908e+02 
 1279.000  2.203250e+02 
 1280.000  2.202176e+02 
 1281.000  2.150736e+02 
 1282.000  1.919069e+02 
 1283.000  2.112698e+02 
 1284.000  2.201909e+02 
 1285.000  2.222188e+02 
 1286.000  2.217606e+02 
 1287.000  2.222572e+02 
 1288.000  2.174181e+02 
 1289.000  2.176967e+02 
 1290.000  2.126186e+02 
 1291.000  2.161765e+02 
 1292.000  2.186855e+02 
 1293.000  2.190747e+02 
 1294.000  2.141190e+02 
 1295.000  2.139871e+02 
 1296.000  2.115786e+02 
 1297.000  2.081861e+02 
 1298.000  2.061723e+02 
 1299.000  2.081251e+02 
 1300.000  2.069757e+02 
 1301.000  2.061531e+02 
 1302.000  2.020452e+02 
 1303.000  1.965332e+02 
 1304.000  1.950054e+02 
 1305.000  1.954616e+02 
 1306.000  1.950103e+02 
 1307.000  1.933431e+02 
 1308.000  1.904427e+02 
 1309.000  1.864896e+02 
 1310.000  1.852826e+02 
 1311.000  1.847792e+02 
 1312.000  1.796620e+02 
 1313.000  1.675119e+02 
 1314.000  1.688658e+02 
 1315.000  1.652351e+02 
 1316.000  1.723506e+02 
 1317.000  1.740154e+02 
 1318.000  1.664072e+02 
 1319.000  1.612484e+02 
 1320.000  1.517697e+02 
 1321.000  1.479601e+02 
 1322.000  1.529434e+02 
 1323.000  1.592061e+02 
 1324.000  1.623365e+02 
 1325.000  1.602356e+02 
 1326.000  1.539305e+02 
 1327.000  1.409580e+02 
 1328.000  1.286993e+02 
 1329.000  1.025417e+02 
 1330.000  9.639684e+01 
 1331.000  9.178025e+01 
 1332.000  9.145644e+01 
 1333.000  9.840202e+01 
 1334.000  1.049612e+02 
 1335.000  1.097322e+02 
 1336.000  1.103843e+02 
 1337.000  1.119639e+02 
 1338.000  1.152060e+02 
 1339.000  1.159984e+02 
 1340.000  1.180151e+02 
 1341.000  1.191833e+02 
 1342.000  1.193126e+02 
 1343.000  1.101774e+02 
 1344.000  9.851135e+01 
 1345.000  7.071030e+01 
 1346.000  5.290933e+01 
 1347.000  4.298220e+01 
 1348.000  3.013304e+01 
 1349.000  2.571719e+01 
 1350.000  1.610111e+01 
 1351.000  1.256303e+01 
 1352.000  7.444304e+00 
 1353.000  4.046718e+00 
 1354.000  2.666379e+00 
 1355.000  1.678551e+00 
 1356.000  9.964697e-01 
 1357.000  4.808715e-01 
 1358.000  2.859548e-01 
 1359.000  8.984082e-02 
 1360.000  4.525271e-02 
 1361.000  2.566680e-02 
 1362.000  2.238519e-02 
 1363.000  4.059929e-02 
 1364.000  5.168371e-02 
 1365.000  5.460536e-02 
 1366.000  6.932188e-02 
 1367.000  5.379516e-02 
 1368.000  4.656571e-02 
 1369.000  4.929580e-02 
 1370.000  1.224888e-01 
 1371.000  3.247121e-01 
 1372.000  9.515187e-01 
 1373.000  1.721264e+00 
 1374.000  2.415137e+00 
 1375.000  2.726293e+00 
 1376.000  2.414425e+00 
 1377.000  1.963536e+00 
 1378.000  1.230983e+00 
 1379.000  6.471153e-01 
 1380.000  2.457668e-01 
 1381.000  9.724001e-02 
 1382.000  5.275235e-02 
 1383.000  4.901978e-02 
 1384.000  1.118048e-01 
 1385.000  2.037374e-01 
 1386.000  4.194985e-01 
 1387.000  1.222164e+00 
 1388.000  1.957301e+00 
 1389.000  2.527728e+00 
 1390.000  2.654032e+00 
 1391.000  2.364989e+00 
 1392.000  1.477771e+00 
 1393.000  9.508703e-01 
 1394.000  6.107101e-01 
 1395.000  7.506919e-01 
 1396.000  1.275621e+00 
 1397.000  1.985777e+00 
 1398.000  2.088507e+00 
 1399.000  1.899836e+00 
 1400.000  1.729348e+00 
 1401.000  1.972268e+00 
 1402.000  2.807819e+00 
 1403.000  3.719585e+00 
 1404.000  3.365824e+00 
 1405.000  3.782010e+00 
 1406.000  3.324599e+00 
 1407.000  3.690716e+00 
 1408.000  5.033010e+00 
 1409.000  6.788271e+00 
 1410.000  9.622721e+00 
 1411.000  1.332118e+01 
 1412.000  1.292088e+01 
 1413.000  1.558077e+01 
 1414.000  1.506483e+01 
 1415.000  1.845564e+01 
 1416.000  2.091832e+01 
 1417.000  2.223219e+01 
 1418.000  2.257034e+01 
 1419.000  2.309296e+01 
 1420.000  2.408587e+01 
 1421.000  2.955637e+01 
 1422.000  3.128710e+01 
 1423.000  3.233503e+01 
 1424.000  3.212806e+01 
 1425.000  3.128585e+01 
 1426.000  3.027066e+01 
 1427.000  3.319029e+01 
 1428.000  3.588971e+01 
 1429.000  3.747014e+01 
 1430.000  3.641932e+01 
 1431.000  3.223736e+01 
 1432.000  3.057184e+01 
 1433.000  3.043340e+01 
 1434.000  2.849018e+01 
 1435.000  3.194462e+01 
 1436.000  3.332674e+01 
 1437.000  3.416082e+01 
 1438.000  3.785262e+01 
 1439.000  3.878842e+01 
 1440.000  3.781721e+01 
 1441.000  4.056356e+01 
 1442.000  3.842969e+01 
 1443.000  3.919973e+01 
 1444.000  4.064585e+01 
 1445.000  4.092537e+01 
 1446.000  4.400262e+01 
 1447.000  4.632301e+01 
 1448.000  4.709778e+01 
 1449.000  4.554417e+01 
 1450.000  4.255726e+01 
 1451.000  4.359441e+01 
 1452.000  4.759621e+01 
 1453.000  5.658793e+01 
 1454.000  6.551801e+01 
 1455.000  7.060175e+01 
 1456.000  7.629568e+01 
 1457.000  7.788210e+01 
 1458.000  7.990816e+01 
 1459.000  7.588251e+01 
 1460.000  7.092223e+01 
 1461.000  6.870953e+01 
 1462.000  6.285831e+01 
 1463.000  6.243319e+01 
 1464.000  6.098767e+01 
 1465.000  5.810863e+01 
 1466.000  5.236889e+01 
 1467.000  5.073487e+01 
 1468.000  4.629901e+01 
 1469.000  4.191701e+01 
 1470.000  4.000848e+01 
 1471.000  4.484205e+01 
 1472.000  5.271492e+01 
 1473.000  6.408080e+01 
 1474.000  7.090739e+01 
 1475.000  7.216723e+01 
 1476.000  7.228435e+01 
 1477.000  6.961959e+01 
 1478.000  6.583921e+01 
 1479.000  6.308702e+01 
 1480.000  6.536554e+01 
 1481.000  6.819733e+01 
 1482.000  7.319987e+01 
 1483.000  7.289343e+01 
 1484.000  7.346000e+01 
 1485.000  7.426691e+01 
 1486.000  7.653403e+01 
 1487.000  8.470641e+01 
 1488.000  7.451161e+01 
 1489.000  9.604870e+01 
 1490.000  1.056635e+02 
 1491.000  1.117029e+02 
 1492.000  1.100872e+02 
 1493.000  1.155522e+02 
 1494.000  1.155695e+02 
 1495.000  1.180096e+02 
 1496.000  1.202348e+02 
 1497.000  1.233278e+02 
 1498.000  1.295271e+02 
 1499.000  1.321259e+02 
 1500.000  1.376585e+02 
 1501.000  1.364573e+02 
 1502.000  1.335249e+02 
 1503.000  1.188337e+02 
 1504.000  1.248324e+02 
 1505.000  1.278147e+02 
 1506.000  1.296350e+02 
 1507.000  1.386591e+02 
 1508.000  1.381147e+02 
 1509.000  1.403817e+02 
 1510.000  1.431523e+02 
 1511.000  1.449897e+02 
 1512.000  1.430494e+02 
 1513.000  1.431469e+02 
 1514.000  1.411917e+02 
 1515.000  1.448481e+02 
 1516.000  1.437970e+02 
 1517.000  1.437477e+02 
 1518.000  1.479908e+02 
 1519.000  1.476565e+02 
 1520.000  1.509157e+02 
 1521.000  1.492863e+02 
 1522.000  1.484352e+02 
 1523.000  1.524105e+02 
 1524.000  1.509018e+02 
 1525.000  1.470733e+02 
 1526.000  1.513255e+02 
 1527.000  1.501927e+02 
 1528.000  1.518212e+02 
 1529.000  1.513442e+02 
 1530.000  1.420965e+02 
 1531.000  1.522054e+02 
 1532.000  1.516308e+02 
 1533.000  1.511058e+02 
 1534.000  1.490140e+02 
 1535.000  1.498320e+02 
 1536.000  1.518418e+02 
 1537.000  1.526364e+02 
 1538.000  1.487617e+02 
 1539.000  1.521094e+02 
 1540.000  1.466784e+02 
 1541.000  1.498424e+02 
 1542.000  1.507337e+02 
 1543.000  1.504469e+02 
 1544.000  1.525721e+02 
 1545.000  1.534136e+02 
 1546.000  1.537069e+02 
 1547.000  1.524006e+02 
 1548.000  1.479969e+02 
 1549.000  1.517891e+02 
 1550.000  1.509230e+02 
 1551.000  1.501312e+02 
 1552.000  1.527133e+02 
 1553.000  1.520120e+02 
 1554.000  1.464056e+02 
 1555.000  1.488914e+02 
 1556.000  1.460740e+02 
 1557.000  1.508827e+02 
 1558.000  1.496759e+02 
 1559.000  1.496399e+02 
 1560.000  1.470545e+02 
 1561.000  1.504588e+02 
 1562.000  1.503149e+02 
 1563.000  1.479211e+02 
 1564.000  1.447944e+02 
 1565.000  1.465567e+02 
 1566.000  1.437792e+02 
 1567.000  1.429958e+02 
 1568.000  1.389074e+02 
 1569.000  1.381455e+02 
 1570.000  1.336608e+02 
 1571.000  1.372426e+02 
 1572.000  1.369351e+02 
 1573.000  1.350353e+02 
 1574.000  1.359090e+02 
 1575.000  1.264678e+02 
 1576.000  1.358681e+02 
 1577.000  1.228170e+02 
 1578.000  1.345732e+02 
 1579.000  1.356402e+02 
 1580.000  1.389449e+02 
 1581.000  1.380243e+02 
 1582.000  1.358330e+02 
 1583.000  1.380535e+02 
 1584.000  1.373190e+02 
 1585.000  1.417513e+02 
 1586.000  1.399713e+02 
 1587.000  1.387317e+02 
 1588.000  1.367868e+02 
 1589.000  1.251908e+02 
 1590.000  1.348448e+02 
 1591.000  1.318317e+02 
 1592.000  1.387125e+02 
 1593.000  1.415828e+02 
 1594.000  1.401852e+02 
 1595.000  1.405608e+02 
 1596.000  1.316688e+02 
 1597.000  1.361391e+02 
 1598.000  1.374003e+02 
 1599.000  1.313151e+02 
 1600.000  1.323271e+02 
 1601.000  1.267565e+02 
 1602.000  1.296892e+02 
 1603.000  1.290802e+02 
 1604.000  1.312983e+02 
 1605.000  1.293565e+02 
 1606.000  1.290562e+02 
 1607.000  1.294090e+02 
 1608.000  1.307409e+02 
 1609.000  1.302382e+02 
 1610.000  1.222887e+02 
 1611.000  1.265210e+02 
 1612.000  1.285138e+02 
 1613.000  1.321181e+02 
 1614.000  1.308209e+02 
 1615.000  1.335509e+02 
 1616.000  1.256041e+02 
 1617.000  1.297825e+02 
 1618.000  1.338256e+02 
 1619.000  1.338813e+02 
 1620.000  1.309340e+02 
 1621.000  1.292944e+02 
 1622.000  1.325483e+02 
 1623.000  1.354140e+02 
 1624.000  1.364510e+02 
 1625.000  1.333293e+02 
 1626.000  1.347196e+02 
 1627.000  1.345766e+02 
 1628.000  1.355507e+02 
 1629.000  1.354192e+02 
 1630.000  1.315350e+02 
 1631.000  1.335915e+02 
 1632.000  1.333741e+02 
 1633.000  1.315793e+02 
 1634.000  1.282525e+02 
 1635.000  1.316906e+02 
 1636.000  1.311191e+02 
 1637.000  1.249578e+02 
 1638.000  1.240459e+02 
 1639.000  1.223812e+02 
 1640.000  1.228825e+02 
 1641.000  1.219147e+02 
 1642.000  1.217607e+02 
 1643.000  1.248173e+02 
 1644.000  1.228202e+02 
 1645.000  1.229578e+02 
 1646.000  1.244345e+02 
 1647.000  1.255830e+02 
 1648.000  1.249558e+02 
 1649.000  1.220743e+02 
 1650.000  1.251679e+02 
 1651.000  1.224000e+02 
 1652.000  1.248431e+02 
 1653.000  1.236576e+02 
 1654.000  1.250441e+02 
 1655.000  1.227911e+02 
 1656.000  1.253360e+02 
 1657.000  1.244250e+02 
 1658.000  1.252976e+02 
 1659.000  1.230447e+02 
 1660.000  1.244080e+02 
 1661.000  1.248885e+02 
 1662.000  1.238725e+02 
 1663.000  1.230123e+02 
 1664.000  1.223865e+02 
 1665.000  1.211428e+02 
 1666.000  1.207161e+02 
 1667.000  1.221578e+02 
 1668.000  1.200881e+02 
 1669.000  1.205455e+02 
 1670.000  1.232603e+02 
 1671.000  1.224844e+02 
 1672.000  1.166874e+02 
 1673.000  1.199340e+02 
 1674.000  1.203635e+02 
 1675.000  1.192436e+02 
 1676.000  1.173048e+02 
 1677.000  1.179235e+02 
 1678.000  1.187003e+02 
 1679.000  1.170769e+02 
 1680.000  1.131150e+02 
 1681.000  1.091921e+02 
 1682.000  1.123432e+02 
 1683.000  1.150867e+02 
 1684.000  1.172405e+02 
 1685.000  1.174863e+02 
 1686.000  1.160751e+02 
 1687.000  1.163733e+02 
 1688.000  1.163202e+02 
 1689.000  1.149190e+02 
 1690.000  1.146797e+02 
 1691.000  1.161455e+02 
 1692.000  1.163563e+02 
 1693.000  1.159680e+02 
 1694.000  1.158030e+02 
 1695.000  1.157557e+02 
 1696.000  1.150760e+02 
 1697.000  1.143094e+02 
 1698.000  1.149750e+02 
 1699.000  1.142353e+02 
 1700.000  1.128018e+02 
 1701.000  1.130683e+02 
 1702.000  1.126946e+02 
 1703.000  1.102825e+02 
 1704.000  1.120763e+02 
 1705.000  1.125840e+02 
 1706.000  1.109876e+02 
 1707.000  1.106026e+02 
 1708.000  1.075779e+02 
 1709.000  1.095440e+02 
 1710.000  1.107534e+02 
 1711.000  1.023228e+02 
 1712.000  1.094606e+02 
 1713.000  1.099024e+02 
 1714.000  1.099620e+02 
 1715.000  1.100283e+02 
 1716.000  1.095157e+02 
 1717.000  1.085435e+02 
 1718.000  1.079618e+02 
 1719.000  1.086579e+02 
 1720.000  1.056803e+02 
 1721.000  1.041257e+02 
 1722.000  1.055147e+02 
 1723.000  9.982751e+01 
 1724.000  1.013243e+02 
 1725.000  1.029902e+02 
 1726.000  1.043318e+02 
 1727.000  1.038205e+02 
 1728.000  1.015153e+02 
 1729.000  1.037365e+02 
 1730.000  1.039311e+02 
 1731.000  1.020344e+02 
 1732.000  1.005564e+02 
 1733.000  9.414404e+01 
 1734.000  9.581761e+01 
 1735.000  9.583461e+01 
 1736.000  9.117818e+01 
 1737.000  8.984576e+01 
 1738.000  9.409536e+01 
 1739.000  9.554445e+01 
 1740.000  9.559165e+01 
 1741.000  9.328461e+01 
 1742.000  9.621179e+01 
 1743.000  9.437733e+01 
 1744.000  9.547467e+01 
 1745.000  9.267857e+01 
 1746.000  9.301215e+01 
 1747.000  9.093503e+01 
 1748.000  9.428661e+01 
 1749.000  9.379931e+01 
 1750.000  9.345161e+01 
 1751.000  9.194201e+01 
 1752.000  9.248197e+01 
 1753.000  9.242754e+01 
 1754.000  9.245831e+01 
 1755.000  9.059048e+01 
 1756.000  9.160603e+01 
 1757.000  9.167183e+01 
 1758.000  9.125134e+01 
 1759.000  9.162637e+01 
 1760.000  9.060271e+01 
 1761.000  8.815092e+01 
 1762.000  8.596384e+01 
 1763.000  8.609319e+01 
 1764.000  8.288661e+01 
 1765.000  8.433281e+01 
 1766.000  8.349744e+01 
 1767.000  8.378857e+01 
 1768.000  8.258904e+01 
 1769.000  8.297289e+01 
 1770.000  8.143972e+01 
 1771.000  8.158263e+01 
 1772.000  8.070866e+01 
 1773.000  8.064827e+01 
 1774.000  7.680183e+01 
 1775.000  7.312115e+01 
 1776.000  7.284800e+01 
 1777.000  6.961027e+01 
 1778.000  6.744410e+01 
 1779.000  6.812283e+01 
 1780.000  6.679677e+01 
 1781.000  6.617224e+01 
 1782.000  6.530087e+01 
 1783.000  6.316555e+01 
 1784.000  6.321927e+01 
 1785.000  6.302498e+01 
 1786.000  6.354301e+01 
 1787.000  6.405597e+01 
 1788.000  6.371899e+01 
 1789.000  5.962475e+01 
 1790.000  5.917004e+01 
 1791.000  5.511778e+01 
 1792.000  5.386355e+01 
 1793.000  4.912739e+01 
 1794.000  4.529855e+01 
 1795.000  4.567442e+01 
 1796.000  4.090805e+01 
 1797.000  3.686296e+01 
 1798.000  3.699530e+01 
 1799.000  3.026720e+01 
 1800.000  3.011091e+01 
 1801.000  2.460845e+01 
 1802.000  2.151293e+01 
 1803.000  2.141631e+01 
 1804.000  2.126909e+01 
 1805.000  2.054002e+01 
 1806.000  1.829105e+01 
 1807.000  1.744460e+01 
 1808.000  1.653961e+01 
 1809.000  1.343132e+01 
 1810.000  1.078804e+01 
 1811.000  1.077372e+01 
 1812.000  8.462953e+00 
 1813.000  8.482509e+00 
 1814.000  7.276733e+00 
 1815.000  4.919686e+00 
 1816.000  4.853357e+00 
 1817.000  4.121885e+00 
 1818.000  3.541636e+00 
 1819.000  2.927455e+00 
 1820.000  2.628444e+00 
 1821.000  2.648259e+00 
 1822.000  2.292480e+00 
 1823.000  2.257946e+00 
 1824.000  2.044626e+00 
 1825.000  1.051993e+00 
 1826.000  1.057953e+00 
 1827.000  6.919608e-01 
 1828.000  5.929413e-01 
 1829.000  2.668269e-01 
 1830.000  1.550113e-01 
 1831.000  1.547007e-01 
 1832.000  8.621673e-02 
 1833.000  8.312638e-02 
 1834.000  4.293939e-02 
 1835.000  1.402151e-02 
 1836.000  1.405704e-02 
 1837.000  8.595152e-03 
 1838.000  7.486822e-03 
 1839.000  1.001186e-02 
 1840.000  1.836296e-02 
 1841.000  1.877264e-02 
 1842.000  3.120043e-02 
 1843.000  3.021568e-02 
 1844.000  4.259361e-02 
 1845.000  3.969397e-02 
 1846.000  3.089705e-02 
 1847.000  2.088784e-02 
 1848.000  2.152724e-02 
 1849.000  2.120521e-02 
 1850.000  2.139458e-02 
 1851.000  2.018904e-02 
 1852.000  2.066877e-02 
 1853.000  2.021988e-02 
 1854.000  2.071874e-02 
 1855.000  2.156553e-02 
 1856.000  2.351142e-02 
 1857.000  2.448027e-02 
 1858.000  3.557127e-02 
 1859.000  6.831150e-02 
 1860.000  6.754302e-02 
 1861.000  1.305964e-01 
 1862.000  1.218014e-01 
 1863.000  1.349013e-01 
 1864.000  1.105199e-01 
 1865.000  1.110359e-01 
 1866.000  4.861403e-02 
 1867.000  4.784186e-02 
 1868.000  9.449719e-03 
 1869.000  1.017100e-02 
 1870.000  1.944121e-03 
 1871.000  7.649788e-04 
 1872.000  7.591538e-04 
 1873.000  2.567852e-03 
 1874.000  2.565200e-03 
 1875.000  1.242177e-02 
 1876.000  1.183345e-02 
 1877.000  6.722331e-02 
 1878.000  1.702944e-01 
 1879.000  1.740246e-01 
 1880.000  2.960842e-01 
 1881.000  3.051995e-01 
 1882.000  4.284928e-01 
 1883.000  4.792359e-01 
 1884.000  5.683973e-01 
 1885.000  5.654951e-01 
 1886.000  5.483922e-01 
 1887.000  6.007913e-01 
 1888.000  5.928319e-01 
 1889.000  4.614314e-01 
 1890.000  4.443036e-01 
 1891.000  3.922477e-01 
 1892.000  3.804111e-01 
 1893.000  3.216836e-01 
 1894.000  2.792898e-01 
 1895.000  2.726498e-01 
 1896.000  1.798022e-01 
 1897.000  1.790632e-01 
 1898.000  8.612449e-02 
 1899.000  8.480383e-02 
 1900.000  4.453412e-02 
 1901.000  4.480075e-02 
 1902.000  3.307836e-02 
 1903.000  5.075324e-02 
 1904.000  5.032060e-02 
 1905.000  8.762847e-02 
 1906.000  8.802951e-02 
 1907.000  1.382513e-01 
 1908.000  1.357413e-01 
 1909.000  1.553000e-01 
 1910.000  1.555895e-01 
 1911.000  1.680577e-01 
 1912.000  1.703093e-01 
 1913.000  2.478892e-01 
 1914.000  3.329010e-01 
 1915.000  3.308773e-01 
 1916.000  6.817358e-01 
 1917.000  6.855972e-01 
 1918.000  9.485415e-01 
 1919.000  9.449344e-01 
 1920.000  1.375342e+00 
 1921.000  1.431102e+00 
 1922.000  1.788582e+00 
 1923.000  1.898139e+00 
 1924.000  2.134373e+00 
 1925.000  2.200460e+00 
 1926.000  2.213161e+00 
 1927.000  2.717055e+00 
 1928.000  2.690298e+00 
 1929.000  2.948569e+00 
 1930.000  3.066259e+00 
 1931.000  4.290297e+00 
 1932.000  4.423158e+00 
 1933.000  4.930943e+00 
 1934.000  5.585549e+00 
 1935.000  6.618645e+00 
 1936.000  6.709215e+00 
 1937.000  7.018319e+00 
 1938.000  8.400941e+00 
 1939.000  8.027184e+00 
 1940.000  9.382624e+00 
 1941.000  9.474140e+00 
 1942.000  1.122087e+01 
 1943.000  1.089174e+01 
 1944.000  1.152048e+01 
 1945.000  1.082456e+01 
 1946.000  1.328565e+01 
 1947.000  1.411440e+01 
 1948.000  1.515770e+01 
 1949.000  1.570525e+01 
 1950.000  1.610251e+01 
 1951.000  1.563531e+01 
 1952.000  1.538745e+01 
 1953.000  1.612842e+01 
 1954.000  1.584073e+01 
 1955.000  1.582049e+01 
 1956.000  1.529234e+01 
 1957.000  1.646474e+01 
 1958.000  1.654152e+01 
 1959.000  1.887332e+01 
 1960.000  1.873093e+01 
 1961.000  2.206624e+01 
 1962.000  2.162709e+01 
 1963.000  2.519060e+01 
 1964.000  2.521939e+01 
 1965.000  3.018342e+01 
 1966.000  2.944551e+01 
 1967.000  3.348283e+01 
 1968.000  3.358395e+01 
 1969.000  3.703195e+01 
 1970.000  3.735791e+01 
 1971.000  3.993599e+01 
 1972.000  3.973783e+01 
 1973.000  4.014420e+01 
 1974.000  4.124464e+01 
 1975.000  4.429057e+01 
 1976.000  4.441382e+01 
 1977.000  4.629538e+01 
 1978.000  4.393725e+01 
 1979.000  4.802608e+01 
 1980.000  4.657386e+01 
 1981.000  4.904250e+01 
 1982.000  4.947694e+01 
 1983.000  5.037625e+01 
 1984.000  4.987178e+01 
 1985.000  5.039280e+01 
 1986.000  4.938506e+01 
 1987.000  4.994892e+01 
 1988.000  5.134295e+01 
 1989.000  5.102638e+01 
 1990.000  5.088018e+01 
 1991.000  5.036227e+01 
 1992.000  4.968457e+01 
 1993.000  4.716919e+01 
 1994.000  4.754990e+01 
 1995.000  4.451881e+01 
 1996.000  4.452584e+01 
 1997.000  3.708891e+01 
 1998.000  3.638659e+01 
 1999.000  2.838469e+01 
 2000.000  2.841140e+01 
 2001.000  2.128073e+01 
 2002.000  2.131527e+01 
 2003.000  1.782189e+01 
 2004.000  1.781644e+01 
 2005.000  1.808923e+01 
 2006.000  1.761982e+01 
 2007.000  1.971372e+01 
 2008.000  1.970603e+01 
 2009.000  2.103977e+01 
 2010.000  2.107874e+01 
 2011.000  2.155067e+01 
 2012.000  2.153156e+01 
 2013.000  2.208140e+01 
 2014.000  2.186511e+01 
 2015.000  2.320728e+01 
 2016.000  2.317591e+01 
 2017.000  2.598806e+01 
 2018.000  2.604977e+01 
 2019.000  3.069802e+01 
 2020.000  3.047417e+01 
 2021.000  3.430116e+01 
 2022.000  3.551047e+01 
 2023.000  4.042907e+01 
 2024.000  4.047096e+01 
 2025.000  4.389874e+01 
 2026.000  4.429750e+01 
 2027.000  4.675777e+01 
 2028.000  4.692569e+01 
 2029.000  4.816357e+01 
 2030.000  4.760108e+01 
 2031.000  4.940381e+01 
 2032.000  5.022916e+01 
 2033.000  5.145536e+01 
 2034.000  5.141554e+01 
 2035.000  5.027181e+01 
 2036.000  5.145139e+01 
 2037.000  5.185050e+01 
 2038.000  4.906965e+01 
 2039.000  5.066389e+01 
 2040.000  5.107614e+01 
 2041.000  5.049930e+01 
 2042.000  5.002999e+01 
 2043.000  4.922495e+01 
 2044.000  4.921679e+01 
 2045.000  4.719460e+01 
 2046.000  4.716299e+01 
 2047.000  4.690792e+01 
 2048.000  4.367079e+01 
 2049.000  4.391130e+01 
 2050.000  4.025056e+01 
 2051.000  4.002809e+01 
 2052.000  3.765931e+01 
 2053.000  3.713046e+01 
 2054.000  3.684164e+01 
 2055.000  3.712186e+01 
 2056.000  3.776578e+01 
 2057.000  3.762056e+01 
 2058.000  3.875275e+01 
 2059.000  3.876665e+01 
 2060.000  3.904452e+01 
 2061.000  3.801115e+01 
 2062.000  3.911715e+01 
 2063.000  3.897219e+01 
 2064.000  3.668365e+01 
 2065.000  3.883459e+01 
 2066.000  3.888285e+01 
 2067.000  3.927185e+01 
 2068.000  3.893949e+01 
 2069.000  4.008194e+01 
 2070.000  3.873854e+01 
 2071.000  4.201050e+01 
 2072.000  4.152961e+01 
 2073.000  4.432851e+01 
 2074.000  4.426250e+01 
 2075.000  4.607493e+01 
 2076.000  4.602293e+01 
 2077.000  4.737967e+01 
 2078.000  4.736916e+01 
 2079.000  4.658194e+01 
 2080.000  4.796634e+01 
 2081.000  4.749954e+01 
 2082.000  4.838865e+01 
 2083.000  4.754432e+01 
 2084.000  4.813927e+01 
 2085.000  4.854092e+01 
 2086.000  4.916855e+01 
 2087.000  4.914526e+01 
 2088.000  4.969510e+01 
 2089.000  4.976575e+01 
 2090.000  5.008028e+01 
 2091.000  4.970630e+01 
 2092.000  4.781006e+01 
 2093.000  4.960859e+01 
 2094.000  5.007601e+01 
 2095.000  4.853947e+01 
 2096.000  5.000124e+01 
 2097.000  4.983677e+01 
 2098.000  4.976900e+01 
 2099.000  5.007980e+01 
 2100.000  5.021326e+01 
 2101.000  5.041670e+01 
 2102.000  5.076136e+01 
 2103.000  4.998746e+01 
 2104.000  5.090122e+01 
 2105.000  5.085878e+01 
 2106.000  5.121118e+01 
 2107.000  5.105817e+01 
 2108.000  5.103798e+01 
 2109.000  5.077686e+01 
 2110.000  4.950941e+01 
 2111.000  5.066289e+01 
 2112.000  5.049032e+01 
 2113.000  5.023438e+01 
 2114.000  5.039171e+01 
 2115.000  5.029602e+01 
 2116.000  4.995262e+01 
 2117.000  4.873798e+01 
 2118.000  4.986580e+01 
 2119.000  5.028724e+01 
 2120.000  4.908378e+01 
 2121.000  5.027680e+01 
 2122.000  4.984399e+01 
 2123.000  4.987784e+01 
 2124.000  4.926032e+01 
 2125.000  5.032487e+01 
 2126.000  5.076273e+01 
 2127.000  4.987952e+01 
 2128.000  5.109107e+01 
 2129.000  5.097635e+01 
 2130.000  5.088012e+01 
 2131.000  5.118723e+01 
 2132.000  5.109631e+01 
 2133.000  5.112983e+01 
 2134.000  5.097594e+01 
 2135.000  5.107796e+01 
 2136.000  4.921369e+01 
 2137.000  5.090877e+01 
 2138.000  5.089840e+01 
 2139.000  5.064378e+01 
 2140.000  5.059389e+01 
 2141.000  5.064096e+01 
 2142.000  5.027809e+01 
 2143.000  5.002699e+01 
 2144.000  4.957629e+01 
 2145.000  4.908283e+01 
 2146.000  4.801575e+01 
 2147.000  4.850374e+01 
 2148.000  4.852538e+01 
 2149.000  4.758847e+01 
 2150.000  4.753106e+01 
 2151.000  4.688479e+01 
 2152.000  4.677023e+01 
 2153.000  4.632264e+01 
 2154.000  4.643264e+01 
 2155.000  4.641325e+01 
 2156.000  4.651925e+01 
 2157.000  4.640095e+01 
 2158.000  4.638288e+01 
 2159.000  4.616844e+01 
 2160.000  4.606840e+01 
 2161.000  4.602275e+01 
 2162.000  4.540619e+01 
 2163.000  4.551049e+01 
 2164.000  4.487332e+01 
 2165.000  4.343888e+01 
 2166.000  3.901994e+01 
 2167.000  4.275117e+01 
 2168.000  4.410445e+01 
 2169.000  4.527617e+01 
 2170.000  4.529939e+01 
 2171.000  4.569443e+01 
 2172.000  4.548477e+01 
 2173.000  4.564886e+01 
 2174.000  4.539760e+01 
 2175.000  4.545315e+01 
 2176.000  4.517458e+01 
 2177.000  4.467682e+01 
 2178.000  4.500276e+01 
 2179.000  4.311802e+01 
 2180.000  4.485875e+01 
 2181.000  4.478802e+01 
 2182.000  4.422216e+01 
 2183.000  4.313216e+01 
 2184.000  4.422602e+01 
 2185.000  4.433828e+01 
 2186.000  4.448328e+01 
 2187.000  4.442457e+01 
 2188.000  4.330320e+01 
 2189.000  4.316794e+01 
 2190.000  4.369167e+01 
 2191.000  4.422558e+01 
 2192.000  4.410504e+01 
 2193.000  4.346415e+01 
 2194.000  4.335090e+01 
 2195.000  4.322217e+01 
 2196.000  4.252652e+01 
 2197.000  4.235968e+01 
 2198.000  4.198086e+01 
 2199.000  4.192094e+01 
 2200.000  4.176536e+01 
 2201.000  4.193390e+01 
 2202.000  4.186656e+01 
 2203.000  4.258463e+01 
 2204.000  4.259260e+01 
 2205.000  4.247097e+01 
 2206.000  4.168190e+01 
 2207.000  4.115118e+01 
 2208.000  4.346682e+01 
 2209.000  4.256857e+01 
 2210.000  4.405241e+01 
 2211.000  4.401350e+01 
 2212.000  4.387312e+01 
 2213.000  4.390990e+01 
 2214.000  4.373392e+01 
 2215.000  4.375365e+01 
 2216.000  4.338625e+01 
 2217.000  4.275867e+01 
 2218.000  4.328557e+01 
 2219.000  4.342401e+01 
 2220.000  4.330268e+01 
 2221.000  4.322798e+01 
 2222.000  4.305679e+01 
 2223.000  4.307185e+01 
 2224.000  4.296542e+01 
 2225.000  4.277940e+01 
 2226.000  4.204063e+01 
 2227.000  4.216075e+01 
 2228.000  4.214975e+01 
 2229.000  4.252851e+01 
 2230.000  4.205983e+01 
 2231.000  4.212395e+01 
 2232.000  4.212197e+01 
 2233.000  4.198173e+01 
 2234.000  4.190337e+01 
 2235.000  4.164230e+01 
 2236.000  4.147436e+01 
 2237.000  4.149348e+01 
 2238.000  4.098135e+01 
 2239.000  4.012116e+01 
 2240.000  4.058810e+01 
 2241.000  4.098858e+01 
 2242.000  4.089986e+01 
 2243.000  4.019163e+01 
 2244.000  4.049697e+01 
 2245.000  4.048805e+01 
 2246.000  4.040132e+01 
 2247.000  4.036444e+01 
 2248.000  3.924715e+01 
 2249.000  4.006436e+01 
 2250.000  3.968016e+01 
 2251.000  3.963353e+01 
 2252.000  3.969752e+01 
 2253.000  3.906349e+01 
 2254.000  3.808749e+01 
 2255.000  3.885215e+01 
 2256.000  3.855883e+01 
 2257.000  3.855735e+01 
 2258.000  3.847739e+01 
 2259.000  3.852075e+01 
 2260.000  3.818982e+01 
 2261.000  3.800276e+01 
 2262.000  3.807504e+01 
 2263.000  3.672700e+01 
 2264.000  3.807818e+01 
 2265.000  3.785294e+01 
 2266.000  3.736009e+01 
 2267.000  3.769093e+01 
 2268.000  3.771955e+01 
 2269.000  3.763286e+01 
 2270.000  3.752132e+01 
 2271.000  3.724176e+01 
 2272.000  3.758619e+01 
 2273.000  3.754930e+01 
 2274.000  3.743744e+01 
 2275.000  3.688200e+01 
 2276.000  3.737607e+01 
 2277.000  3.738285e+01 
 2278.000  3.736784e+01 
 2279.000  3.725204e+01 
 2280.000  3.713951e+01 
 2281.000  3.526048e+01 
 2282.000  3.640699e+01 
 2283.000  3.651413e+01 
 2284.000  3.639689e+01 
 2285.000  3.626554e+01 
 2286.000  3.610519e+01 
 2287.000  3.617789e+01 
 2288.000  3.605151e+01 
 2289.000  3.555341e+01 
 2290.000  3.555220e+01 
 2291.000  3.494039e+01 
 2292.000  3.511298e+01 
 2293.000  3.504373e+01 
 2294.000  3.304396e+01 
 2295.000  3.391933e+01 
 2296.000  3.378533e+01 
 2297.000  3.319473e+01 
 2298.000  3.393134e+01 
 2299.000  3.407233e+01 
 2300.000  3.398148e+01 
 2301.000  3.395570e+01 
 2302.000  3.447649e+01 
 2303.000  3.437420e+01 
 2304.000  3.425955e+01 
 2305.000  3.480739e+01 
 2306.000  3.484404e+01 
 2307.000  3.492099e+01 
 2308.000  3.491541e+01 
 2309.000  3.469051e+01 
 2310.000  3.442624e+01 
 2311.000  3.453415e+01 
 2312.000  3.437258e+01 
 2313.000  3.376999e+01 
 2314.000  3.357306e+01 
 2315.000  3.209040e+01 
 2316.000  3.256018e+01 
 2317.000  3.224355e+01 
 2318.000  3.360619e+01 
 2319.000  3.347144e+01 
 2320.000  3.214800e+01 
 2321.000  3.231418e+01 
 2322.000  3.228896e+01 
 2323.000  3.096157e+01 
 2324.000  3.182129e+01 
 2325.000  3.208110e+01 
 2326.000  3.190155e+01 
 2327.000  3.250735e+01 
 2328.000  3.272512e+01 
 2329.000  3.241143e+01 
 2330.000  3.235564e+01 
 2331.000  3.220596e+01 
 2332.000  3.178897e+01 
 2333.000  3.176692e+01 
 2334.000  3.090464e+01 
 2335.000  3.046564e+01 
 2336.000  3.067675e+01 
 2337.000  2.992389e+01 
 2338.000  2.976928e+01 
 2339.000  2.899893e+01 
 2340.000  2.914013e+01 
 2341.000  2.917529e+01 
 2342.000  2.867715e+01 
 2343.000  2.854177e+01 
 2344.000  2.845864e+01 
 2345.000  2.809317e+01 
 2346.000  2.816026e+01 
 2347.000  2.799191e+01 
 2348.000  2.787421e+01 
 2349.000  2.800764e+01 
 2350.000  2.783014e+01 
 2351.000  2.806788e+01 
 2352.000  2.763179e+01 
 2353.000  2.698460e+01 
 2354.000  2.768630e+01 
 2355.000  2.800206e+01 
 2356.000  2.849858e+01 
 2357.000  2.826796e+01 
 2358.000  2.826867e+01 
 2359.000  2.882310e+01 
 2360.000  2.884800e+01 
 2361.000  2.863654e+01 
 2362.000  2.808507e+01 
 2363.000  2.804561e+01 
 2364.000  2.811134e+01 
 2365.000  2.712448e+01 
 2366.000  2.718043e+01 
 2367.000  2.597898e+01 
 2368.000  2.584870e+01 
 2369.000  2.560134e+01 
 2370.000  2.484571e+01 
 2371.000  2.513388e+01 
 2372.000  2.514191e+01 
 2373.000  2.513413e+01 
 2374.000  2.390710e+01 
 2375.000  2.469265e+01 
 2376.000  2.493337e+01 
 2377.000  2.485317e+01 
 2378.000  2.477989e+01 
 2379.000  2.509126e+01 
 2380.000  2.500986e+01 
 2381.000  2.467487e+01 
 2382.000  2.473472e+01 
 2383.000  2.354815e+01 
 2384.000  2.353889e+01 
 2385.000  2.372104e+01 
 2386.000  2.389499e+01 
 2387.000  2.386172e+01 
 2388.000  2.450191e+01 
 2389.000  2.441364e+01 
 2390.000  2.492037e+01 
 2391.000  2.487720e+01 
 2392.000  2.479119e+01 
 2393.000  2.488678e+01 
 2394.000  2.521017e+01 
 2395.000  2.498756e+01 
 2396.000  2.496528e+01 
 2397.000  2.508216e+01 
 2398.000  2.488545e+01 
 2399.000  2.475735e+01 
 2400.000  2.452610e+01 
 2401.000  2.410627e+01 
 2402.000  2.422901e+01 
 2403.000  2.405188e+01 
 2404.000  2.308440e+01 
 2405.000  2.323681e+01 
 2406.000  2.289923e+01 
 2407.000  2.212236e+01 
 2408.000  2.216116e+01 
 2409.000  2.208996e+01 
 2410.000  2.111276e+01 
 2411.000  2.113269e+01 
 2412.000  2.110642e+01 
 2413.000  2.038016e+01 
 2414.000  1.967085e+01 
 2415.000  1.960568e+01 
 2416.000  1.902143e+01 
 2417.000  1.987992e+01 
 2418.000  2.005315e+01 
 2419.000  2.134299e+01 
 2420.000  2.111477e+01 
 2421.000  2.118817e+01 
 2422.000  2.202116e+01 
 2423.000  2.186646e+01 
 2424.000  2.193166e+01 
 2425.000  2.212183e+01 
 2426.000  2.240125e+01 
 2427.000  2.212439e+01 
 2428.000  2.208405e+01 
 2429.000  2.223330e+01 
 2430.000  2.210036e+01 
 2431.000  2.151433e+01 
 2432.000  2.164780e+01 
 2433.000  2.152313e+01 
 2434.000  2.046010e+01 
 2435.000  2.023601e+01 
 2436.000  2.080225e+01 
 2437.000  2.067442e+01 
 2438.000  2.017835e+01 
 2439.000  2.066116e+01 
 2440.000  1.977348e+01 
 2441.000  1.954399e+01 
 2442.000  1.966466e+01 
 2443.000  1.817494e+01 
 2444.000  1.808457e+01 
 2445.000  1.699217e+01 
 2446.000  1.650191e+01 
 2447.000  1.653993e+01 
 2448.000  1.611247e+01 
 2449.000  1.611293e+01 
 2450.000  1.622592e+01 
 2451.000  1.637196e+01 
 2452.000  1.636458e+01 
 2453.000  1.661982e+01 
 2454.000  1.803533e+01 
 2455.000  1.784987e+01 
 2456.000  1.781899e+01 
 2457.000  1.710058e+01 
 2458.000  1.834598e+01 
 2459.000  1.847301e+01 
 2460.000  1.835963e+01 
 2461.000  1.763886e+01 
 2462.000  1.768521e+01 
 2463.000  1.746883e+01 
 2464.000  1.663458e+01 
 2465.000  1.650430e+01 
 2466.000  1.637580e+01 
 2467.000  1.513095e+01 
 2468.000  1.512992e+01 
 2469.000  1.489997e+01 
 2470.000  1.261998e+01 
 2471.000  1.315889e+01 
 2472.000  1.310680e+01 
 2473.000  1.244314e+01 
 2474.000  1.222174e+01 
 2475.000  1.232230e+01 
 2476.000  1.061956e+01 
 2477.000  1.077545e+01 
 2478.000  1.072352e+01 
 2479.000  8.839498e+00 
 2480.000  8.967939e+00 
 2481.000  8.686859e+00 
 2482.000  7.391200e+00 
 2483.000  7.185888e+00 
 2484.000  7.522067e+00 
 2485.000  6.438461e+00 
 2486.000  6.399426e+00 
 2487.000  5.926481e+00 
 2488.000  5.954371e+00 
 2489.000  5.950103e+00 
 2490.000  5.981021e+00 
 2491.000  6.066615e+00 
 2492.000  6.091268e+00 
 2493.000  5.994653e+00 
 2494.000  6.140010e+00 
 2495.000  6.072749e+00 
 2496.000  6.034520e+00 
 2497.000  6.477266e+00 
 2498.000  6.433054e+00 
 2499.000  6.463239e+00 
 2500.000  6.125501e+00 
 2501.000  5.448885e+00 
 2502.000  5.481051e+00 
 2503.000  5.423610e+00 
 2504.000  4.920404e+00 
 2505.000  4.975629e+00 
 2506.000  4.632485e+00 
 2507.000  3.413015e+00 
 2508.000  3.364737e+00 
 2509.000  3.351490e+00 
 2510.000  2.658657e+00 
 2511.000  2.674596e+00 
 2512.000  2.384555e+00 
 2513.000  1.619443e+00 
 2514.000  1.616293e+00 
 2515.000  1.608226e+00 
 2516.000  1.386623e+00 
 2517.000  1.374721e+00 
 2518.000  1.353065e+00 
 2519.000  7.506381e-01 
 2520.000  7.493585e-01 
 2521.000  7.505545e-01 
 2522.000  7.484686e-01 
 2523.000  5.136585e-01 
 2524.000  5.117479e-01 
 2525.000  4.145271e-01 
 2526.000  1.960593e-01 
 2527.000  1.947759e-01 
 2528.000  1.954950e-01 
 2529.000  1.158836e-01 
 2530.000  1.159993e-01 
 2531.000  1.162546e-01 
 2532.000  3.605211e-02 
 2533.000  3.570448e-02 
 2534.000  3.596561e-02 
 2535.000  2.431168e-02 
 2536.000  2.443435e-02 
 2537.000  2.418377e-02 
 2538.000  1.637678e-02 
 2539.000  4.680844e-03 
 2540.000  4.689225e-03 
 2541.000  4.710106e-03 
 2542.000  2.604276e-03 
 2543.000  2.707831e-03 
 2544.000  1.360292e-03 
 2545.000  6.023549e-04 
 2546.000  6.037811e-04 
 2547.000  5.883586e-04 
 2548.000  5.955711e-04 
 2549.000  6.055486e-04 
 2550.000  6.016367e-04 
 2551.000  2.915160e-04 
 2552.000  1.358716e-04 
 2553.000  1.343562e-04 
 2554.000  1.370051e-04 
 2555.000  1.084315e-04 
 2556.000  1.075109e-04 
 2557.000  4.583202e-05 
 2558.000  4.066518e-06 
 2559.000  4.082969e-06 
 2560.000  4.022167e-06 
 2561.000  5.745163e-07 
 2562.000  5.759291e-07 
 2563.000  5.796803e-07 
 2564.000  2.174346e-07 
 2565.000  9.800010e-09 
 2566.000  9.916586e-09 
 2567.000  9.717530e-09 
 2568.000  0.000000e+00 
 2569.000  0.000000e+00 
 2570.000  0.000000e+00 
 2571.000  0.000000e+00 
 2572.000  0.000000e+00 
 2573.000  0.000000e+00 
 2574.000  0.000000e+00 
 2575.000  0.000000e+00 
 2576.000  0.000000e+00 
 2577.000  0.000000e+00 
 2578.000  0.000000e+00 
 2579.000  0.000000e+00 
 2580.000  0.000000e+00 
 2581.000  0.000000e+00 
 2582.000  0.000000e+00 
 2583.000  0.000000e+00 
 2584.000  0.000000e+00 
 2585.000  0.000000e+00 
 2586.000  0.000000e+00 
 2587.000  0.000000e+00 
 2588.000  0.000000e+00 
 2589.000  0.000000e+00 
 2590.000  0.000000e+00 
 2591.000  0.000000e+00 
 2592.000  0.000000e+00 
 2593.000  0.000000e+00 
 2594.000  0.000000e+00 
 2595.000  0.000000e+00 
 2596.000  0.000000e+00 
 2597.000  0.000000e+00 
 2598.000  0.000000e+00 
 2599.000  0.000000e+00 
 2600.000  0.000000e+00 
 2601.000  0.000000e+00 
 2602.000  0.000000e+00 
 2603.000  0.000000e+00 
 2604.000  0.000000e+00 
 2605.000  0.000000e+00 
 2606.000  0.000000e+00 
 2607.000  0.000000e+00 
 2608.000  0.000000e+00 
 2609.000  0.000000e+00 
 2610.000  0.000000e+00 
 2611.000  0.000000e+00 
 2612.000  0.000000e+00 
 2613.000  0.000000e+00 
 2614.000  0.000000e+00 
 2615.000  0.000000e+00 
 2616.000  0.000000e+00 
 2617.000  0.000000e+00 
 2618.000  0.000000e+00 
 2619.000  0.000000e+00 
 2620.000  0.000000e+00 
 2621.000  0.000000e+00 
 2622.000  0.000000e+00 
 2623.000  0.000000e+00 
 2624.000  0.000000e+00 
 2625.000  0.000000e+00 
 2626.000  0.000000e+00 
 2627.000  0.000000e+00 
 2628.000  0.000000e+00 
 2629.000  0.000000e+00 
 2630.000  0.000000e+00 
 2631.000  0.000000e+00 
 2632.000  0.000000e+00 
 2633.000  0.000000e+00 
 2634.000  0.000000e+00 
 2635.000  0.000000e+00 
 2636.000  0.000000e+00 
 2637.000  0.000000e+00 
 2638.000  0.000000e+00 
 2639.000  0.000000e+00 
 2640.000  0.000000e+00 
 2641.000  0.000000e+00 
 2642.000  0.000000e+00 
 2643.000  0.000000e+00 
 2644.000  0.000000e+00 
 2645.000  0.000000e+00 
 2646.000  0.000000e+00 
 2647.000  0.000000e+00 
 2648.000  0.000000e+00 
 2649.000  0.000000e+00 
 2650.000  0.000000e+00 
 2651.000  0.000000e+00 
 2652.000  0.000000e+00 
 2653.000  0.000000e+00 
 2654.000  0.000000e+00 
 2655.000  0.000000e+00 
 2656.000  0.000000e+00 
 2657.000  0.000000e+00 
 2658.000  0.000000e+00 
 2659.000  0.000000e+00 
 2660.000  0.000000e+00 
 2661.000  0.000000e+00 
 2662.000  0.000000e+00 
 2663.000  0.000000e+00 
 2664.000  0.000000e+00 
 2665.000  0.000000e+00 
 2666.000  0.000000e+00 
 2667.000  0.000000e+00 
 2668.000  0.000000e+00 
 2669.000  0.000000e+00 
 2670.000  0.000000e+00 
 2671.000  0.000000e+00 
 2672.000  0.000000e+00 
 2673.000  0.000000e+00 
 2674.000  0.000000e+00 
 2675.000  0.000000e+00 
 2676.000  0.000000e+00 
 2677.000  0.000000e+00 
 2678.000  0.000000e+00 
 2679.000  0.000000e+00 
 2680.000  0.000000e+00 
 2681.000  0.000000e+00 
 2682.000  0.000000e+00 
 2683.000  0.000000e+00 
 2684.000  0.000000e+00 
 2685.000  0.000000e+00 
 2686.000  0.000000e+00 
 2687.000  0.000000e+00 
 2688.000  0.000000e+00 
 2689.000  0.000000e+00 
 2690.000  0.000000e+00 
 2691.000  0.000000e+00 
 2692.000  0.000000e+00 
 2693.000  0.000000e+00 
 2694.000  0.000000e+00 
 2695.000  0.000000e+00 
 2696.000  0.000000e+00 
 2697.000  0.000000e+00 
 2698.000  0.000000e+00 
 2699.000  0.000000e+00 
 2700.000  0.000000e+00 
 2701.000  0.000000e+00 
 2702.000  0.000000e+00 
 2703.000  0.000000e+00 
 2704.000  0.000000e+00 
 2705.000  0.000000e+00 
 2706.000  0.000000e+00 
 2707.000  0.000000e+00 
 2708.000  0.000000e+00 
 2709.000  0.000000e+00 
 2710.000  0.000000e+00 
 2711.000  0.000000e+00 
 2712.000  0.000000e+00 
 2713.000  0.000000e+00 
 2714.000  0.000000e+00 
 2715.000  0.000000e+00 
 2716.000  0.000000e+00 
 2717.000  0.000000e+00 
 2718.000  0.000000e+00 
 2719.000  0.000000e+00 
 2720.000  0.000000e+00 
 2721.000  0.000000e+00 
 2722.000  0.000000e+00 
 2723.000  0.000000e+00 
 2724.000  0.000000e+00 
 2725.000  0.000000e+00 
 2726.000  0.000000e+00 
 2727.000  0.000000e+00 
 2728.000  0.000000e+00 
 2729.000  0.000000e+00 
 2730.000  0.000000e+00 
 2731.000  0.000000e+00 
 2732.000  0.000000e+00 
 2733.000  0.000000e+00 
 2734.000  0.000000e+00 
 2735.000  0.000000e+00 
 2736.000  0.000000e+00 
 2737.000  0.000000e+00 
 2738.000  0.000000e+00 
 2739.000  0.000000e+00 
 2740.000  0.000000e+00 
 2741.000  0.000000e+00 
 2742.000  0.000000e+00 
 2743.000  0.000000e+00 
 2744.000  0.000000e+00 
 2745.000  0.000000e+00 
 2746.000  0.000000e+00 
 2747.000  0.000000e+00 
 2748.000  0.000000e+00 
 2749.000  0.000000e+00 
 2750.000  0.000000e+00 
 2751.000  0.000000e+00 
 2752.000  0.000000e+00 
 2753.000  0.000000e+00 
 2754.000  0.000000e+00 
 2755.000  0.000000e+00 
 2756.000  0.000000e+00 
 2757.000  0.000000e+00 
 2758.000  0.000000e+00 
 2759.000  0.000000e+00 
 2760.000  0.000000e+00 
 2761.000  0.000000e+00 
 2762.000  0.000000e+00 
 2763.000  0.000000e+00 
 2764.000  0.000000e+00 
 2765.000  0.000000e+00 
 2766.000  0.000000e+00 
 2767.000  0.000000e+00 
 2768.000  0.000000e+00 
 2769.000  0.000000e+00 
 2770.000  0.000000e+00 
 2771.000  0.000000e+00 
 2772.000  0.000000e+00 
 2773.000  0.000000e+00 
 2774.000  0.000000e+00 
 2775.000  0.000000e+00 
 2776.000  0.000000e+00 
 2777.000  0.000000e+00 
 2778.000  0.000000e+00 
 2779.000  0.000000e+00 
 2780.000  0.000000e+00 
 2781.000  0.000000e+00 
 2782.000  0.000000e+00 
 2783.000  0.000000e+00 
 2784.000  0.000000e+00 
 2785.000  0.000000e+00 
 2786.000  0.000000e+00 
 2787.000  0.000000e+00 
 2788.000  0.000000e+00 
 2789.000  0.000000e+00 
 2790.000  8.900278e-09 
 2791.000  8.896198e-09 
 2792.000  8.893787e-09 
 2793.000  1.690837e-08 
 2794.000  1.916688e-06 
 2795.000  1.918435e-06 
 2796.000  1.918336e-06 
 2797.000  1.920211e-06 
 2798.000  4.519816e-06 
 2799.000  4.517691e-06 
 2800.000  4.527065e-06 
 2801.000  7.043331e-06 
 2802.000  1.858186e-05 
 2803.000  1.852694e-05 
 2804.000  1.842147e-05 
 2805.000  1.856106e-05 
 2806.000  4.446022e-05 
 2807.000  4.425392e-05 
 2808.000  4.440508e-05 
 2809.000  2.568721e-04 
 2810.000  2.571362e-04 
 2811.000  2.566800e-04 
 2812.000  2.567581e-04 
 2813.000  7.455702e-04 
 2814.000  7.450478e-04 
 2815.000  7.457864e-04 
 2816.000  7.415783e-04 
 2817.000  3.319612e-03 
 2818.000  3.317863e-03 
 2819.000  3.311142e-03 
 2820.000  3.305119e-03 
 2821.000  6.865650e-03 
 2822.000  6.850597e-03 
 2823.000  6.844332e-03 
 2824.000  6.818207e-03 
 2825.000  1.651636e-02 
 2826.000  1.653362e-02 
 2827.000  1.649153e-02 
 2828.000  1.645078e-02 
 2829.000  1.983765e-02 
 2830.000  1.984136e-02 
 2831.000  1.978709e-02 
 2832.000  1.982965e-02 
 2833.000  3.302385e-02 
 2834.000  3.305362e-02 
 2835.000  3.302523e-02 
 2836.000  3.296839e-02 
 2837.000  3.673822e-02 
 2838.000  3.665604e-02 
 2839.000  3.670955e-02 
 2840.000  3.649298e-02 
 2841.000  5.660718e-02 
 2842.000  5.761652e-02 
 2843.000  5.735221e-02 
 2844.000  5.735913e-02 
 2845.000  6.283376e-02 
 2846.000  6.277760e-02 
 2847.000  6.267507e-02 
 2848.000  6.267956e-02 
 2849.000  7.142827e-02 
 2850.000  1.066942e-01 
 2851.000  1.066533e-01 
 2852.000  1.066223e-01 
 2853.000  1.071364e-01 
 2854.000  1.499368e-01 
 2855.000  1.505810e-01 
 2856.000  1.504970e-01 
 2857.000  1.650600e-01 
 2858.000  2.606280e-01 
 2859.000  2.596512e-01 
 2860.000  2.578357e-01 
 2861.000  2.595702e-01 
 2862.000  3.869710e-01 
 2863.000  3.864521e-01 
 2864.000  3.863319e-01 
 2865.000  4.241274e-01 
 2866.000  5.676870e-01 
 2867.000  5.652460e-01 
 2868.000  5.602344e-01 
 2869.000  5.627577e-01 
 2870.000  7.082130e-01 
 2871.000  7.113532e-01 
 2872.000  7.033857e-01 
 2873.000  7.422460e-01 
 2874.000  9.488404e-01 
 2875.000  9.541140e-01 
 2876.000  9.585820e-01 
 2877.000  9.597512e-01 
 2878.000  1.181989e+00 
 2879.000  1.181659e+00 
 2880.000  1.179045e+00 
 2881.000  1.179678e+00 
 2882.000  1.589623e+00 
 2883.000  1.591115e+00 
 2884.000  1.589491e+00 
 2885.000  1.585118e+00 
 2886.000  1.580486e+00 
 2887.000  1.714493e+00 
 2888.000  1.712487e+00 
 2889.000  1.703214e+00 
 2890.000  1.785374e+00 
 2891.000  1.977832e+00 
 2892.000  1.976250e+00 
 2893.000  1.972927e+00 
 2894.000  1.965111e+00 
 2895.000  1.978545e+00 
 2896.000  1.975040e+00 
 2897.000  1.975538e+00 
 2898.000  2.029533e+00 
 2899.000  1.987545e+00 
 2900.000  1.992956e+00 
 2901.000  1.987092e+00 
 2902.000  1.988300e+00 
 2903.000  2.229752e+00 
 2904.000  2.225954e+00 
 2905.000  2.226259e+00 
 2906.000  2.193496e+00 
 2907.000  2.507353e+00 
 2908.000  2.504152e+00 
 2909.000  2.502945e+00 
 2910.000  2.499106e+00 
 2911.000  2.495992e+00 
 2912.000  2.745745e+00 
 2913.000  2.737416e+00 
 2914.000  2.732446e+00 
 2915.000  2.780227e+00 
 2916.000  3.288990e+00 
 2917.000  3.315337e+00 
 2918.000  3.310270e+00 
 2919.000  3.306719e+00 
 2920.000  1.205167e+01 
 2921.000  1.204371e+01 
 2922.000  1.200943e+01 
 2923.000  1.190807e+01 
 2924.000  4.563326e+00 
 2925.000  4.612125e+00 
 2926.000  4.537327e+00 
 2927.000  4.604859e+00 
 2928.000  4.603934e+00 
 2929.000  4.812060e+00 
 2930.000  4.888895e+00 
 2931.000  4.883738e+00 
 2932.000  4.997277e+00 
 2933.000  4.963085e+00 
 2934.000  4.970846e+00 
 2935.000  4.948236e+00 
 2936.000  4.951467e+00 
 2937.000  4.649417e+00 
 2938.000  4.651047e+00 
 2939.000  4.622757e+00 
 2940.000  4.635744e+00 
 2941.000  4.688377e+00 
 2942.000  4.400903e+00 
 2943.000  4.339417e+00 
 2944.000  4.371441e+00 
 2945.000  4.374166e+00 
 2946.000  4.439956e+00 
 2947.000  4.354705e+00 
 2948.000  4.423942e+00 
 2949.000  4.476592e+00 
 2950.000  4.667370e+00 
 2951.000  4.656076e+00 
 2952.000  4.626859e+00 
 2953.000  4.654836e+00 
 2954.000  4.642593e+00 
 2955.000  4.745556e+00 
 2956.000  4.756197e+00 
 2957.000  4.749666e+00 
 2958.000  4.788834e+00 
 2959.000  4.573538e+00 
 2960.000  4.551354e+00 
 2961.000  4.539497e+00 
 2962.000  4.554846e+00 
 2963.000  3.828360e+00 
 2964.000  3.820566e+00 
 2965.000  3.821321e+00 
 2966.000  3.812919e+00 
 2967.000  3.835810e+00 
 2968.000  3.303927e+00 
 2969.000  3.294252e+00 
 2970.000  3.289646e+00 
 2971.000  3.282984e+00 
 2972.000  3.503334e+00 
 2973.000  3.501771e+00 
 2974.000  3.499748e+00 
 2975.000  3.493942e+00 
 2976.000  3.510660e+00 
 2977.000  4.256415e+00 
 2978.000  4.242288e+00 
 2979.000  4.206998e+00 
 2980.000  4.238596e+00 
 2981.000  5.348849e+00 
 2982.000  5.330373e+00 
 2983.000  5.336424e+00 
 2984.000  5.329054e+00 
 2985.000  5.350709e+00 
 2986.000  6.311532e+00 
 2987.000  6.301493e+00 
 2988.000  6.250319e+00 
 2989.000  6.283142e+00 
 2990.000  6.342688e+00 
 2991.000  6.363441e+00 
 2992.000  6.356723e+00 
 2993.000  6.347217e+00 
 2994.000  6.336902e+00 
 2995.000  6.288763e+00 
 2996.000  6.278042e+00 
 2997.000  6.162735e+00 
 2998.000  6.245539e+00 
 2999.000  6.009450e+00 
 3000.000  5.911444e+00 
 3001.000  6.003741e+00 
 3002.000  6.001695e+00 
 3003.000  6.009654e+00 
 3004.000  5.397420e+00 
 3005.000  5.399212e+00 
 3006.000  5.388976e+00 
 3007.000  5.388319e+00 
 3008.000  5.294290e+00 
 3009.000  5.303975e+00 
 3010.000  5.294691e+00 
 3011.000  5.305373e+00 
 3012.000  5.298166e+00 
 3013.000  5.056589e+00 
 3014.000  5.044360e+00 
 3015.000  5.020276e+00 
 3016.000  5.036799e+00 
 3017.000  4.693173e+00 
 3018.000  4.708914e+00 
 3019.000  4.707046e+00 
 3020.000  4.652250e+00 
 3021.000  4.667123e+00 
 3022.000  4.673242e+00 
 3023.000  4.660578e+00 
 3024.000  4.650431e+00 
 3025.000  4.640648e+00 
 3026.000  4.366847e+00 
 3027.000  4.351546e+00 
 3028.000  4.330465e+00 
 3029.000  4.347488e+00 
 3030.000  4.318152e+00 
 3031.000  3.907974e+00 
 3032.000  3.901267e+00 
 3033.000  3.826838e+00 
 3034.000  3.880198e+00 
 3035.000  3.475817e+00 
 3036.000  3.460509e+00 
 3037.000  3.437900e+00 
 3038.000  3.401884e+00 
 3039.000  3.329950e+00 
 3040.000  3.026085e+00 
 3041.000  3.106227e+00 
 3042.000  3.123041e+00 
 3043.000  3.133525e+00 
 3044.000  3.136068e+00 
 3045.000  2.892210e+00 
 3046.000  2.896729e+00 
 3047.000  2.902714e+00 
 3048.000  2.887910e+00 
 3049.000  2.880812e+00 
 3050.000  2.882265e+00 
 3051.000  2.878878e+00 
 3052.000  2.875325e+00 
 3053.000  2.870220e+00 
 3054.000  3.143649e+00 
 3055.000  3.109509e+00 
 3056.000  3.141418e+00 
 3057.000  3.133313e+00 
 3058.000  3.100270e+00 
 3059.000  3.401037e+00 
 3060.000  3.411442e+00 
 3061.000  3.411143e+00 
 3062.000  3.406487e+00 
 3063.000  3.640134e+00 
 3064.000  3.589409e+00 
 3065.000  3.597868e+00 
 3066.000  3.627804e+00 
 3067.000  3.600089e+00 
 3068.000  3.692352e+00 
 3069.000  3.746733e+00 
 3070.000  3.745032e+00 
 3071.000  3.734564e+00 
 3072.000  3.737011e+00 
 3073.000  3.759154e+00 
 3074.000  3.745423e+00 
 3075.000  3.754103e+00 
 3076.000  3.732225e+00 
 3077.000  3.321370e+00 
 3078.000  3.322083e+00 
 3079.000  3.314204e+00 
 3080.000  3.306694e+00 
 3081.000  3.290009e+00 
 3082.000  3.117427e+00 
 3083.000  3.111700e+00 
 3084.000  3.125091e+00 
 3085.000  3.120908e+00 
 3086.000  3.098531e+00 
 3087.000  2.869248e+00 
 3088.000  2.884290e+00 
 3089.000  2.882509e+00 
 3090.000  2.881717e+00 
 3091.000  2.850979e+00 
 3092.000  2.566766e+00 
 3093.000  2.565570e+00 
 3094.000  2.560890e+00 
 3095.000  2.555409e+00 
 3096.000  2.595571e+00 
 3097.000  2.585923e+00 
 3098.000  2.535502e+00 
 3099.000  2.576111e+00 
 3100.000  2.585083e+00 
 3101.000  2.663574e+00 
 3102.000  2.660161e+00 
 3103.000  2.659826e+00 
 3104.000  2.655897e+00 
 3105.000  2.651845e+00 
 3106.000  2.943244e+00 
 3107.000  2.930491e+00 
 3108.000  2.942302e+00 
 3109.000  2.936830e+00 
 3110.000  2.933570e+00 
 3111.000  3.451283e+00 
 3112.000  3.443573e+00 
 3113.000  3.422391e+00 
 3114.000  3.424876e+00 
 3115.000  3.317907e+00 
 3116.000  4.102890e+00 
 3117.000  4.272439e+00 
 3118.000  4.289847e+00 
 3119.000  4.272200e+00 
 3120.000  4.276694e+00 
 3121.000  4.654551e+00 
 3122.000  4.666423e+00 
 3123.000  4.674338e+00 
 3124.000  4.670009e+00 
 3125.000  4.667222e+00 
 3126.000  5.026938e+00 
 3127.000  5.001207e+00 
 3128.000  5.020541e+00 
 3129.000  4.973571e+00 
 3130.000  5.194882e+00 
 3131.000  5.163790e+00 
 3132.000  5.187546e+00 
 3133.000  5.175367e+00 
 3134.000  5.215037e+00 
 3135.000  4.934422e+00 
 3136.000  4.928496e+00 
 3137.000  4.925892e+00 
 3138.000  4.923495e+00 
 3139.000  4.906253e+00 
 3140.000  4.953259e+00 
 3141.000  4.964927e+00 
 3142.000  4.943961e+00 
 3143.000  4.952713e+00 
 3144.000  4.997522e+00 
 3145.000  5.512319e+00 
 3146.000  5.505764e+00 
 3147.000  5.460552e+00 
 3148.000  5.485716e+00 
 3149.000  5.486412e+00 
 3150.000  6.240636e+00 
 3151.000  6.221029e+00 
 3152.000  5.891070e+00 
 3153.000  6.216220e+00 
 3154.000  6.240795e+00 
 3155.000  7.209050e+00 
 3156.000  7.202430e+00 
 3157.000  7.182373e+00 
 3158.000  7.183590e+00 
 3159.000  7.173394e+00 
 3160.000  7.908825e+00 
 3161.000  7.890606e+00 
 3162.000  7.902907e+00 
 3163.000  7.880929e+00 
 3164.000  7.833168e+00 
 3165.000  7.920911e+00 
 3166.000  7.936448e+00 
 3167.000  7.906696e+00 
 3168.000  7.857318e+00 
 3169.000  7.892506e+00 
 3170.000  7.489241e+00 
 3171.000  7.663087e+00 
 3172.000  7.659114e+00 
 3173.000  7.657207e+00 
 3174.000  7.593694e+00 
 3175.000  7.018169e+00 
 3176.000  7.007090e+00 
 3177.000  7.001864e+00 
 3178.000  6.969003e+00 
 3179.000  6.963022e+00 
 3180.000  5.983187e+00 
 3181.000  5.883672e+00 
 3182.000  5.961614e+00 
 3183.000  5.953842e+00 
 3184.000  5.897567e+00 
 3185.000  4.561291e+00 
 3186.000  4.554476e+00 
 3187.000  4.542378e+00 
 3188.000  4.533989e+00 
 3189.000  4.538821e+00 
 3190.000  3.114456e+00 
 3191.000  3.110656e+00 
 3192.000  3.106923e+00 
 3193.000  3.101434e+00 
 3194.000  3.074363e+00 
 3195.000  1.909258e+00 
 3196.000  1.898717e+00 
 3197.000  1.904481e+00 
 3198.000  1.900952e+00 
 3199.000  1.900895e+00 
 3200.000  1.364978e+00 
 3201.000  1.330723e+00 
 3202.000  1.360945e+00 
 3203.000  1.362045e+00 
 3204.000  1.355396e+00 
 3205.000  1.346643e+00 
 3206.000  1.136882e+00 
 3207.000  1.135375e+00 
 3208.000  1.134109e+00 
 3209.000  1.132838e+00 
 3210.000  1.130180e+00 
 3211.000  1.151632e+00 
 3212.000  1.149777e+00 
 3213.000  1.149187e+00 
 3214.000  1.147588e+00 
 3215.000  1.117844e+00 
 3216.000  1.410639e+00 
 3217.000  1.409332e+00 
 3218.000  1.409655e+00 
 3219.000  1.406386e+00 
 3220.000  1.405639e+00 
 3221.000  1.746588e+00 
 3222.000  1.746767e+00 
 3223.000  1.739663e+00 
 3224.000  1.730318e+00 
 3225.000  1.736861e+00 
 3226.000  2.142004e+00 
 3227.000  2.146578e+00 
 3228.000  2.141587e+00 
 3229.000  2.135833e+00 
 3230.000  2.135039e+00 
 3231.000  2.134794e+00 
 3232.000  2.732034e+00 
 3233.000  2.728014e+00 
 3234.000  2.688277e+00 
 3235.000  2.726145e+00 
 3236.000  2.726441e+00 
 3237.000  3.071172e+00 
 3238.000  3.067476e+00 
 3239.000  3.058835e+00 
 3240.000  3.057128e+00 
 3241.000  3.049652e+00 
 3242.000  3.090135e+00 
 3243.000  3.049121e+00 
 3244.000  3.088073e+00 
 3245.000  3.080401e+00 
 3246.000  3.115665e+00 
 3247.000  3.263538e+00 
 3248.000  3.258400e+00 
 3249.000  3.251831e+00 
 3250.000  3.250922e+00 
 3251.000  3.248065e+00 
 3252.000  3.242522e+00 
 3253.000  3.044997e+00 
 3254.000  3.022407e+00 
 3255.000  3.024962e+00 
 3256.000  3.033615e+00 
 3257.000  3.054227e+00 
 3258.000  2.825558e+00 
 3259.000  2.828880e+00 
 3260.000  2.799257e+00 
 3261.000  2.822467e+00 
 3262.000  2.808916e+00 
 3263.000  3.055945e+00 
 3264.000  3.060596e+00 
 3265.000  3.060369e+00 
 3266.000  3.033900e+00 
 3267.000  3.069508e+00 
 3268.000  3.514916e+00 
 3269.000  3.497578e+00 
 3270.000  3.504925e+00 
 3271.000  3.495411e+00 
 3272.000  3.496971e+00 
 3273.000  3.486484e+00 
 3274.000  3.982898e+00 
 3275.000  3.976661e+00 
 3276.000  3.915669e+00 
 3277.000  3.964287e+00 
 3278.000  3.976085e+00 
 3279.000  4.438913e+00 
 3280.000  4.424717e+00 
 3281.000  4.366960e+00 
 3282.000  4.411573e+00 
 3283.000  4.405426e+00 
 3284.000  4.414820e+00 
 3285.000  4.329247e+00 
 3286.000  4.373534e+00 
 3287.000  4.370143e+00 
 3288.000  4.363375e+00 
 3289.000  4.375362e+00 
 3290.000  3.902914e+00 
 3291.000  3.855768e+00 
 3292.000  3.889820e+00 
 3293.000  3.878398e+00 
 3294.000  3.866458e+00 
 3295.000  3.334657e+00 
 3296.000  3.282153e+00 
 3297.000  3.201864e+00 
 3298.000  3.248697e+00 
 3299.000  3.325145e+00 
 3300.000  3.366837e+00 
 3301.000  2.894542e+00 
 3302.000  2.916909e+00 
 3303.000  2.915045e+00 
 3304.000  2.914565e+00 
 3305.000  2.911585e+00 
 3306.000  2.442019e+00 
 3307.000  2.448500e+00 
 3308.000  2.443900e+00 
 3309.000  2.443440e+00 
 3310.000  2.439321e+00 
 3311.000  2.425537e+00 
 3312.000  2.252728e+00 
 3313.000  2.242907e+00 
 3314.000  2.252182e+00 
 3315.000  2.247703e+00 
 3316.000  2.229004e+00 
 3317.000  2.622537e+00 
 3318.000  2.595205e+00 
 3319.000  2.605581e+00 
 3320.000  2.365744e+00 
 3321.000  2.598207e+00 
 3322.000  2.619612e+00 
 3323.000  3.321098e+00 
 3324.000  3.327411e+00 
 3325.000  3.299587e+00 
 3326.000  3.304418e+00 
 3327.000  3.310166e+00 
 3328.000  4.040982e+00 
 3329.000  4.040597e+00 
 3330.000  4.037791e+00 
 3331.000  4.008667e+00 
 3332.000  4.003633e+00 
 3333.000  4.048393e+00 
 3334.000  4.436008e+00 
 3335.000  4.422673e+00 
 3336.000  4.422916e+00 
 3337.000  4.403489e+00 
 3338.000  4.404654e+00 
 3339.000  4.497584e+00 
 3340.000  4.455394e+00 
 3341.000  4.425181e+00 
 3342.000  4.484437e+00 
 3343.000  4.475012e+00 
 3344.000  4.502055e+00 
 3345.000  4.551565e+00 
 3346.000  4.538202e+00 
 3347.000  4.544024e+00 
 3348.000  4.541563e+00 
 3349.000  4.534365e+00 
 3350.000  4.467456e+00 
 3351.000  4.476535e+00 
 3352.000  4.480671e+00 
 3353.000  4.408129e+00 
 3354.000  4.467815e+00 
 3355.000  4.483940e+00 
 3356.000  4.712533e+00 
 3357.000  4.701044e+00 
 3358.000  4.680418e+00 
 3359.000  4.698079e+00 
 3360.000  4.691400e+00 
 3361.000  4.680952e+00 
 3362.000  4.928752e+00 
 3363.000  4.928270e+00 
 3364.000  4.927374e+00 
 3365.000  4.900085e+00 
 3366.000  4.870796e+00 
 3367.000  4.905503e+00 
 3368.000  5.243950e+00 
 3369.000  5.206992e+00 
 3370.000  5.111414e+00 
 3371.000  5.220228e+00 
 3372.000  5.228963e+00 
 3373.000  5.542175e+00 
 3374.000  5.505914e+00 
 3375.000  5.549819e+00 
 3376.000  5.546785e+00 
 3377.000  5.524621e+00 
 3378.000  5.521756e+00 
 3379.000  5.831713e+00 
 3380.000  5.840775e+00 
 3381.000  5.817469e+00 
 3382.000  5.770923e+00 
 3383.000  5.776871e+00 
 3384.000  5.786072e+00 
 3385.000  6.009504e+00 
 3386.000  6.013562e+00 
 3387.000  6.005554e+00 
 3388.000  5.995757e+00 
 3389.000  5.997521e+00 
 3390.000  6.109174e+00 
 3391.000  6.102188e+00 
 3392.000  6.089561e+00 
 3393.000  6.081408e+00 
 3394.000  6.076342e+00 
 3395.000  6.064212e+00 
 3396.000  6.084898e+00 
 3397.000  5.887195e+00 
 3398.000  6.052594e+00 
 3399.000  5.956843e+00 
 3400.000  6.107082e+00 
 3401.000  5.801638e+00 
 3402.000  6.142572e+00 
 3403.000  6.141479e+00 
 3404.000  6.149991e+00 
 3405.000  6.138939e+00 
 3406.000  6.134245e+00 
 3407.000  6.092710e+00 
 3408.000  6.291992e+00 
 3409.000  6.189384e+00 
 3410.000  6.240219e+00 
 3411.000  6.270147e+00 
 3412.000  6.274808e+00 
 3413.000  6.471134e+00 
 3414.000  6.479846e+00 
 3415.000  6.380820e+00 
 3416.000  6.305368e+00 
 3417.000  6.454115e+00 
 3418.000  6.471462e+00 
 3419.000  6.611170e+00 
 3420.000  6.609408e+00 
 3421.000  6.596683e+00 
 3422.000  6.568940e+00 
 3423.000  6.584818e+00 
 3424.000  6.581392e+00 
 3425.000  6.721958e+00 
 3426.000  6.713851e+00 
 3427.000  6.539604e+00 
 3428.000  6.616021e+00 
 3429.000  6.671432e+00 
 3430.000  6.681417e+00 
 3431.000  6.661503e+00 
 3432.000  6.693981e+00 
 3433.000  6.672713e+00 
 3434.000  6.676551e+00 
 3435.000  6.652294e+00 
 3436.000  6.662888e+00 
 3437.000  6.659789e+00 
 3438.000  6.668711e+00 
 3439.000  6.662076e+00 
 3440.000  6.652369e+00 
 3441.000  6.647897e+00 
 3442.000  6.588848e+00 
 3443.000  6.697352e+00 
 3444.000  6.688235e+00 
 3445.000  6.668899e+00 
 3446.000  6.655092e+00 
 3447.000  6.664574e+00 
 3448.000  6.647519e+00 
 3449.000  6.706385e+00 
 3450.000  6.696765e+00 
 3451.000  6.699466e+00 
 3452.000  6.688755e+00 
 3453.000  6.681796e+00 
 3454.000  6.662403e+00 
 3455.000  6.743346e+00 
 3456.000  6.714533e+00 
 3457.000  6.724662e+00 
 3458.000  6.711816e+00 
 3459.000  6.717745e+00 
 3460.000  6.700391e+00 
 3461.000  6.749851e+00 
 3462.000  6.746112e+00 
 3463.000  6.740666e+00 
 3464.000  6.720984e+00 
 3465.000  6.721298e+00 
 3466.000  6.681895e+00 
 3467.000  6.682163e+00 
 3468.000  6.688551e+00 
 3469.000  6.682308e+00 
 3470.000  6.680741e+00 
 3471.000  6.622368e+00 
 3472.000  6.648893e+00 
 3473.000  6.606452e+00 
 3474.000  6.642095e+00 
 3475.000  6.631319e+00 
 3476.000  6.639669e+00 
 3477.000  6.567776e+00 
 3478.000  6.628742e+00 
 3479.000  6.646685e+00 
 3480.000  6.638250e+00 
 3481.000  6.616697e+00 
 3482.000  6.626038e+00 
 3483.000  6.616010e+00 
 3484.000  6.598428e+00 
 3485.000  6.643641e+00 
 3486.000  6.613483e+00 
 3487.000  6.630124e+00 
 3488.000  6.634825e+00 
 3489.000  6.626925e+00 
 3490.000  6.590578e+00 
 3491.000  6.700195e+00 
 3492.000  6.665745e+00 
 3493.000  6.684446e+00 
 3494.000  6.622622e+00 
 3495.000  6.669299e+00 
 3496.000  6.676446e+00 
 3497.000  6.731872e+00 
 3498.000  6.719949e+00 
 3499.000  6.715491e+00 
 3500.000  6.709485e+00 
 3501.000  6.640452e+00 
 3502.000  6.693079e+00 
 3503.000  6.713065e+00 
 3504.000  6.707312e+00 
 3505.000  6.699625e+00 
 3506.000  6.694138e+00 
 3507.000  6.685432e+00 
 3508.000  6.665004e+00 
 3509.000  6.629771e+00 
 3510.000  6.623895e+00 
 3511.000  6.617913e+00 
 3512.000  6.591866e+00 
 3513.000  6.599112e+00 
 3514.000  6.591449e+00 
 3515.000  6.482236e+00 
 3516.000  6.454199e+00 
 3517.000  6.462932e+00 
 3518.000  6.447026e+00 
 3519.000  6.448433e+00 
 3520.000  6.435990e+00 
 3521.000  6.440549e+00 
 3522.000  6.278405e+00 
 3523.000  6.265172e+00 
 3524.000  6.204113e+00 
 3525.000  6.270404e+00 
 3526.000  6.264982e+00 
 3527.000  6.246954e+00 
 3528.000  6.061966e+00 
 3529.000  6.054517e+00 
 3530.000  6.057455e+00 
 3531.000  6.018950e+00 
 3532.000  6.046554e+00 
 3533.000  6.040597e+00 
 3534.000  5.861866e+00 
 3535.000  5.839937e+00 
 3536.000  5.886631e+00 
 3537.000  5.879288e+00 
 3538.000  5.759616e+00 
 3539.000  5.828566e+00 
 3540.000  5.824507e+00 
 3541.000  5.832876e+00 
 3542.000  5.820050e+00 
 3543.000  5.815615e+00 
 3544.000  5.813197e+00 
 3545.000  5.798250e+00 
 3546.000  5.795038e+00 
 3547.000  5.790536e+00 
 3548.000  5.776849e+00 
 3549.000  5.777478e+00 
 3550.000  5.772459e+00 
 3551.000  5.764019e+00 
 3552.000  5.758508e+00 
 3553.000  5.789204e+00 
 3554.000  5.791478e+00 
 3555.000  5.748765e+00 
 3556.000  5.637661e+00 
 3557.000  5.773459e+00 
 3558.000  5.762959e+00 
 3559.000  5.778215e+00 
 3560.000  5.647068e+00 
 3561.000  5.753235e+00 
 3562.000  5.763707e+00 
 3563.000  5.755030e+00 
 3564.000  5.729878e+00 
 3565.000  5.744890e+00 
 3566.000  5.660959e+00 
 3567.000  5.657280e+00 
 3568.000  5.653259e+00 
 3569.000  5.639383e+00 
 3570.000  5.627903e+00 
 3571.000  5.500560e+00 
 3572.000  5.613148e+00 
 3573.000  5.613235e+00 
 3574.000  5.601978e+00 
 3575.000  5.598201e+00 
 3576.000  5.596473e+00 
 3577.000  5.580521e+00 
 3578.000  5.602986e+00 
 3579.000  5.597108e+00 
 3580.000  5.514519e+00 
 3581.000  5.571764e+00 
 3582.000  5.570845e+00 
 3583.000  5.576726e+00 
 3584.000  5.503939e+00 
 3585.000  5.600142e+00 
 3586.000  5.599391e+00 
 3587.000  5.592690e+00 
 3588.000  5.599017e+00 
 3589.000  5.589298e+00 
 3590.000  5.588584e+00 
 3591.000  5.714759e+00 
 3592.000  5.713206e+00 
 3593.000  5.691238e+00 
 3594.000  5.693212e+00 
 3595.000  5.698935e+00 
 3596.000  5.627620e+00 
 3597.000  5.630889e+00 
 3598.000  5.812960e+00 
 3599.000  5.780673e+00 
 3600.000  5.790657e+00 
 3601.000  5.771349e+00 
 3602.000  5.789910e+00 
 3603.000  5.776040e+00 
 3604.000  5.859500e+00 
 3605.000  5.845783e+00 
 3606.000  5.851348e+00 
 3607.000  5.833981e+00 
 3608.000  5.836503e+00 
 3609.000  5.825036e+00 
 3610.000  5.813055e+00 
 3611.000  5.935279e+00 
 3612.000  5.923392e+00 
 3613.000  5.917956e+00 
 3614.000  5.915895e+00 
 3615.000  5.909414e+00 
 3616.000  5.900618e+00 
 3617.000  5.999695e+00 
 3618.000  5.993149e+00 
 3619.000  5.985831e+00 
 3620.000  5.979065e+00 
 3621.000  5.970782e+00 
 3622.000  5.969600e+00 
 3623.000  5.960613e+00 
 3624.000  5.994940e+00 
 3625.000  5.989954e+00 
 3626.000  5.993885e+00 
 3627.000  5.988649e+00 
 3628.000  5.981221e+00 
 3629.000  5.960123e+00 
 3630.000  6.023618e+00 
 3631.000  6.051706e+00 
 3632.000  6.052362e+00 
 3633.000  6.043007e+00 
 3634.000  6.036435e+00 
 3635.000  6.033873e+00 
 3636.000  6.015370e+00 
 3637.000  6.052009e+00 
 3638.000  6.070261e+00 
 3639.000  6.066652e+00 
 3640.000  6.037698e+00 
 3641.000  6.055309e+00 
 3642.000  6.042951e+00 
 3643.000  6.009863e+00 
 3644.000  5.914728e+00 
 3645.000  5.944880e+00 
 3646.000  5.990592e+00 
 3647.000  5.973867e+00 
 3648.000  5.972996e+00 
 3649.000  5.950390e+00 
 3650.000  5.878066e+00 
 3651.000  5.865669e+00 
 3652.000  5.850279e+00 
 3653.000  5.726329e+00 
 3654.000  5.731987e+00 
 3655.000  5.823493e+00 
 3656.000  5.828598e+00 
 3657.000  5.632075e+00 
 3658.000  5.615772e+00 
 3659.000  5.535051e+00 
 3660.000  5.548371e+00 
 3661.000  5.616130e+00 
 3662.000  5.595680e+00 
 3663.000  5.591147e+00 
 3664.000  5.338624e+00 
 3665.000  5.334789e+00 
 3666.000  5.328127e+00 
 3667.000  5.323285e+00 
 3668.000  5.241161e+00 
 3669.000  5.308335e+00 
 3670.000  5.201571e+00 
 3671.000  5.098855e+00 
 3672.000  5.182815e+00 
 3673.000  5.178510e+00 
 3674.000  5.179520e+00 
 3675.000  5.172644e+00 
 3676.000  5.167450e+00 
 3677.000  5.170475e+00 
 3678.000  5.263472e+00 
 3679.000  5.086732e+00 
 3680.000  5.267173e+00 
 3681.000  5.264296e+00 
 3682.000  5.190766e+00 
 3683.000  5.044043e+00 
 3684.000  5.370472e+00 
 3685.000  5.434756e+00 
 3686.000  5.446768e+00 
 3687.000  5.422305e+00 
 3688.000  5.434985e+00 
 3689.000  5.409638e+00 
 3690.000  5.383610e+00 
 3691.000  5.610576e+00 
 3692.000  5.601693e+00 
 3693.000  5.618377e+00 
 3694.000  5.601754e+00 
 3695.000  5.572989e+00 
 3696.000  5.566127e+00 
 3697.000  5.647760e+00 
 3698.000  5.649720e+00 
 3699.000  5.472183e+00 
 3700.000  5.499229e+00 
 3701.000  5.547507e+00 
 3702.000  5.595125e+00 
 3703.000  5.704621e+00 
 3704.000  5.710595e+00 
 3705.000  5.591649e+00 
 3706.000  5.661474e+00 
 3707.000  5.622543e+00 
 3708.000  5.662004e+00 
 3709.000  5.544287e+00 
 3710.000  5.668822e+00 
 3711.000  5.601190e+00 
 3712.000  5.553885e+00 
 3713.000  5.625941e+00 
 3714.000  5.595461e+00 
 3715.000  5.555791e+00 
 3716.000  5.602609e+00 
 3717.000  5.614636e+00 
 3718.000  5.599119e+00 
 3719.000  5.578311e+00 
 3720.000  5.600622e+00 
 3721.000  5.545383e+00 
 3722.000  5.551827e+00 
 3723.000  5.580666e+00 
 3724.000  5.575380e+00 
 3725.000  5.498746e+00 
 3726.000  5.520879e+00 
 3727.000  5.499850e+00 
 3728.000  5.503188e+00 
 3729.000  5.475459e+00 
 3730.000  5.492676e+00 
 3731.000  5.479001e+00 
 3732.000  5.446664e+00 
 3733.000  5.453456e+00 
 3734.000  5.445723e+00 
 3735.000  5.380578e+00 
 3736.000  5.343742e+00 
 3737.000  5.383792e+00 
 3738.000  5.319212e+00 
 3739.000  5.192749e+00 
 3740.000  5.113288e+00 
 3741.000  5.067366e+00 
 3742.000  5.259525e+00 
 3743.000  5.322322e+00 
 3744.000  5.310981e+00 
 3745.000  5.147245e+00 
 3746.000  5.062987e+00 
 3747.000  5.169060e+00 
 3748.000  5.300965e+00 
 3749.000  5.283889e+00 
 3750.000  5.258918e+00 
 3751.000  5.250787e+00 
 3752.000  5.291495e+00 
 3753.000  5.119763e+00 
 3754.000  5.188941e+00 
 3755.000  5.218379e+00 
 3756.000  5.244974e+00 
 3757.000  5.230492e+00 
 3758.000  5.194592e+00 
 3759.000  5.206608e+00 
 3760.000  5.218161e+00 
 3761.000  5.241974e+00 
 3762.000  5.199436e+00 
 3763.000  5.123275e+00 
 3764.000  5.212636e+00 
 3765.000  5.193413e+00 
 3766.000  5.207080e+00 
 3767.000  5.204957e+00 
 3768.000  5.179662e+00 
 3769.000  5.167972e+00 
 3770.000  5.176217e+00 
 3771.000  5.143509e+00 
 3772.000  5.173370e+00 
 3773.000  5.100892e+00 
 3774.000  5.171618e+00 
 3775.000  5.188768e+00 
 3776.000  5.092486e+00 
 3777.000  5.081521e+00 
 3778.000  5.168552e+00 
 3779.000  5.149438e+00 
 3780.000  5.131971e+00 
 3781.000  5.156962e+00 
 3782.000  5.118516e+00 
 3783.000  5.171921e+00 
 3784.000  5.157891e+00 
 3785.000  5.157553e+00 
 3786.000  5.143042e+00 
 3787.000  5.023310e+00 
 3788.000  5.151135e+00 
 3789.000  5.147976e+00 
 3790.000  5.152551e+00 
 3791.000  5.059167e+00 
 3792.000  5.118939e+00 
 3793.000  5.064547e+00 
 3794.000  5.130063e+00 
 3795.000  5.104054e+00 
 3796.000  5.169176e+00 
 3797.000  5.172493e+00 
 3798.000  5.149991e+00 
 3799.000  5.116086e+00 
 3800.000  5.059209e+00 
 3801.000  5.157915e+00 
 3802.000  5.139178e+00 
 3803.000  5.174295e+00 
 3804.000  5.154734e+00 
 3805.000  5.157630e+00 
 3806.000  5.145061e+00 
 3807.000  5.078687e+00 
 3808.000  5.110831e+00 
 3809.000  5.126819e+00 
 3810.000  5.133195e+00 
 3811.000  5.155583e+00 
 3812.000  5.168065e+00 
 3813.000  5.132876e+00 
 3814.000  5.151373e+00 
 3815.000  5.150106e+00 
 3816.000  5.101909e+00 
 3817.000  5.131539e+00 
 3818.000  5.095486e+00 
 3819.000  5.170969e+00 
 3820.000  5.173715e+00 
 3821.000  5.171300e+00 
 3822.000  5.164533e+00 
 3823.000  5.138565e+00 
 3824.000  5.144564e+00 
 3825.000  5.129078e+00 
 3826.000  5.129958e+00 
 3827.000  5.126785e+00 
 3828.000  5.109251e+00 
 3829.000  5.110280e+00 
 3830.000  5.111235e+00 
 3831.000  5.101068e+00 
 3832.000  5.061024e+00 
 3833.000  5.029742e+00 
 3834.000  5.047472e+00 
 3835.000  5.008873e+00 
 3836.000  4.969953e+00 
 3837.000  5.010105e+00 
 3838.000  5.028366e+00 
 3839.000  4.981526e+00 
 3840.000  4.977338e+00 
 3841.000  4.972163e+00 
 3842.000  4.962945e+00 
 3843.000  4.957711e+00 
 3844.000  4.951903e+00 
 3845.000  4.949701e+00 
 3846.000  4.952804e+00 
 3847.000  4.859315e+00 
 3848.000  4.857345e+00 
 3849.000  4.852243e+00 
 3850.000  4.826513e+00 
 3851.000  4.834179e+00 
 3852.000  4.834551e+00 
 3853.000  4.815693e+00 
 3854.000  4.733351e+00 
 3855.000  4.729421e+00 
 3856.000  4.724407e+00 
 3857.000  4.715473e+00 
 3858.000  4.705128e+00 
 3859.000  4.681791e+00 
 3860.000  4.669993e+00 
 3861.000  4.694696e+00 
 3862.000  4.605722e+00 
 3863.000  4.495532e+00 
 3864.000  4.563140e+00 
 3865.000  4.579028e+00 
 3866.000  4.587326e+00 
 3867.000  4.533759e+00 
 3868.000  4.559807e+00 
 3869.000  4.466296e+00 
 3870.000  4.491578e+00 
 3871.000  4.467506e+00 
 3872.000  4.408721e+00 
 3873.000  4.479184e+00 
 3874.000  4.472613e+00 
 3875.000  4.462398e+00 
 3876.000  4.459815e+00 
 3877.000  4.455497e+00 
 3878.000  4.450251e+00 
 3879.000  4.443274e+00 
 3880.000  4.440465e+00 
 3881.000  4.432582e+00 
 3882.000  4.417228e+00 
 3883.000  4.412661e+00 
 3884.000  4.449302e+00 
 3885.000  4.328144e+00 
 3886.000  4.390018e+00 
 3887.000  4.438789e+00 
 3888.000  4.438702e+00 
 3889.000  4.437749e+00 
 3890.000  4.423258e+00 
 3891.000  4.418139e+00 
 3892.000  4.472503e+00 
 3893.000  4.471219e+00 
 3894.000  4.453097e+00 
 3895.000  4.464031e+00 
 3896.000  4.443808e+00 
 3897.000  4.397354e+00 
 3898.000  4.377211e+00 
 3899.000  4.471891e+00 
 3900.000  4.440292e+00 
 3901.000  4.461339e+00 
 3902.000  4.460129e+00 
 3903.000  4.448225e+00 
 3904.000  4.452627e+00 
 3905.000  4.447248e+00 
 3906.000  4.430654e+00 
 3907.000  4.449224e+00 
 3908.000  4.438070e+00 
 3909.000  4.440407e+00 
 3910.000  4.437225e+00 
 3911.000  4.434452e+00 
 3912.000  4.431704e+00 
 3913.000  4.425206e+00 
 3914.000  4.435400e+00 
 3915.000  4.443039e+00 
 3916.000  4.431296e+00 
 3917.000  4.430026e+00 
 3918.000  4.419521e+00 
 3919.000  4.411336e+00 
 3920.000  4.424666e+00 
 3921.000  4.403306e+00 
 3922.000  4.447903e+00 
 3923.000  4.447040e+00 
 3924.000  4.442575e+00 
 3925.000  4.442588e+00 
 3926.000  4.427312e+00 
 3927.000  4.428650e+00 
 3928.000  4.435390e+00 
 3929.000  4.430830e+00 
 3930.000  4.486767e+00 
 3931.000  4.483809e+00 
 3932.000  4.460907e+00 
 3933.000  4.472056e+00 
 3934.000  4.416525e+00 
 3935.000  4.446078e+00 
 3936.000  4.466084e+00 
 3937.000  4.463598e+00 
 3938.000  4.503151e+00 
 3939.000  4.522660e+00 
 3940.000  4.518807e+00 
 3941.000  4.512685e+00 
 3942.000  4.511900e+00 
 3943.000  4.509537e+00 
 3944.000  4.471364e+00 
 3945.000  4.601364e+00 
 3946.000  4.587476e+00 
 3947.000  4.587956e+00 
 3948.000  4.564406e+00 
 3949.000  4.577834e+00 
 3950.000  4.528606e+00 
 3951.000  4.560625e+00 
 3952.000  4.420538e+00 
 3953.000  4.568359e+00 
 3954.000  4.563547e+00 
 3955.000  4.555956e+00 
 3956.000  4.514319e+00 
 3957.000  4.522954e+00 
 3958.000  4.484489e+00 
 3959.000  4.494805e+00 
 3960.000  4.542971e+00 
 3961.000  4.554767e+00 
 3962.000  4.513882e+00 
 3963.000  4.548147e+00 
 3964.000  4.526257e+00 
 3965.000  4.522801e+00 
 3966.000  4.527169e+00 
 3967.000  4.522684e+00 
 3968.000  4.531252e+00 
 3969.000  4.506047e+00 
 3970.000  4.492348e+00 
 3971.000  4.473801e+00 
 3972.000  4.496798e+00 
 3973.000  4.455463e+00 
 3974.000  4.471710e+00 
 3975.000  4.485205e+00 
 3976.000  4.482186e+00 
 3977.000  4.407666e+00 
 3978.000  4.426213e+00 
 3979.000  4.411132e+00 
 3980.000  4.415878e+00 
 3981.000  4.425243e+00 
 3982.000  4.415647e+00 
 3983.000  4.396334e+00 
 3984.000  4.394210e+00 
 3985.000  4.347642e+00 
 3986.000  4.250940e+00 
 3987.000  4.371885e+00 
 3988.000  4.376057e+00 
 3989.000  4.346005e+00 
 3990.000  4.343859e+00 
 3991.000  4.280359e+00 
 3992.000  4.332222e+00 
 3993.000  4.246272e+00 
 3994.000  4.239942e+00 
 3995.000  4.214545e+00 
 3996.000  4.143789e+00 
 3997.000  4.252161e+00 
 3998.000  4.228958e+00 
 3999.000  4.149163e+00 
 4000.000  4.190089e+00 
