  290.000  0.000000e+00 
  291.000  2.061027e-06 
  292.000  2.714757e-05 
  293.000  8.727631e-05 
  294.000  5.963781e-04 
  295.000  1.764251e-03 
  296.000  1.070768e-02 
  297.000  1.539030e-02 
  298.000  8.432698e-02 
  299.000  1.644355e-01 
  300.000  3.134934e-01 
  301.000  9.137890e-01 
  302.000  1.068509e+00 
  303.000  2.958792e+00 
  304.000  3.524623e+00 
  305.000  6.688077e+00 
  306.000  7.626876e+00 
  307.000  1.160319e+01 
  308.000  1.538912e+01 
  309.000  1.690199e+01 
  310.000  1.927876e+01 
  311.000  3.813488e+01 
  312.000  3.325040e+01 
  313.000  4.343082e+01 
  314.000  4.558442e+01 
  315.000  5.562822e+01 
  316.000  4.438207e+01 
  317.000  6.560477e+01 
  318.000  6.515116e+01 
  319.000  7.445339e+01 
  320.000  7.364858e+01 
  321.000  9.228983e+01 
  322.000  8.316423e+01 
  323.000  7.412530e+01 
  324.000  9.489024e+01 
  325.000  1.076460e+02 
  326.000  1.508013e+02 
  327.000  1.551610e+02 
  328.000  1.311303e+02 
  329.000  1.579257e+02 
  330.000  1.684689e+02 
  331.000  1.394847e+02 
  332.000  1.560817e+02 
  333.000  1.799342e+02 
  334.000  1.534173e+02 
  335.000  1.679158e+02 
  336.000  1.284277e+02 
  337.000  1.249983e+02 
  338.000  1.550595e+02 
  339.000  1.587108e+02 
  340.000  1.815386e+02 
  341.000  1.557414e+02 
  342.000  1.659410e+02 
  343.000  1.692722e+02 
  344.000  1.554255e+02 
  345.000  2.028704e+02 
  346.000  2.284250e+02 
  347.000  2.205171e+02 
  348.000  2.106424e+02 
  349.000  2.342284e+02 
  350.000  2.427817e+02 
  351.000  2.336912e+02 
  352.000  2.427380e+02 
  353.000  2.243913e+02 
  354.000  2.624525e+02 
  355.000  2.694274e+02 
  356.000  2.579991e+02 
  357.000  1.669836e+02 
  358.000  1.836874e+02 
  359.000  1.870528e+02 
  360.000  2.808256e+02 
  361.000  2.253287e+02 
  362.000  2.501433e+02 
  363.000  2.691954e+02 
  364.000  2.717885e+02 
  365.000  2.573760e+02 
  366.000  3.572038e+02 
  367.000  3.231370e+02 
  368.000  3.080259e+02 
  369.000  2.994412e+02 
  370.000  3.480008e+02 
  371.000  2.808029e+02 
  372.000  2.985806e+02 
  373.000  3.004965e+02 
  374.000  2.349562e+02 
  375.000  2.172189e+02 
  376.000  3.135262e+02 
  377.000  3.235683e+02 
  378.000  4.219153e+02 
  379.000  3.273758e+02 
  380.000  3.089909e+02 
  381.000  3.494777e+02 
  382.000  2.630271e+02 
  383.000  1.845612e+02 
  384.000  2.043729e+02 
  385.000  3.093210e+02 
  386.000  2.414042e+02 
  387.000  2.784955e+02 
  388.000  2.771462e+02 
  389.000  3.171599e+02 
  390.000  3.861028e+02 
  391.000  4.336130e+02 
  392.000  3.867858e+02 
  393.000  2.081074e+02 
  394.000  2.310965e+02 
  395.000  3.892432e+02 
  396.000  4.019604e+02 
  397.000  1.641194e+02 
  398.000  4.606118e+02 
  399.000  5.539688e+02 
  400.000  5.458548e+02 
  401.000  5.437136e+02 
  402.000  5.774268e+02 
  403.000  5.419104e+02 
  404.000  5.834922e+02 
  405.000  5.361231e+02 
  406.000  5.330722e+02 
  407.000  5.201287e+02 
  408.000  5.644839e+02 
  409.000  6.258995e+02 
  410.000  5.241650e+02 
  411.000  6.165343e+02 
  412.000  6.398509e+02 
  413.000  6.053753e+02 
  414.000  5.950435e+02 
  415.000  6.355718e+02 
  416.000  6.326121e+02 
  417.000  6.142298e+02 
  418.000  6.016902e+02 
  419.000  6.172784e+02 
  420.000  5.231707e+02 
  421.000  6.563294e+02 
  422.000  6.296989e+02 
  423.000  5.324835e+02 
  424.000  5.864224e+02 
  425.000  6.080850e+02 
  426.000  5.852331e+02 
  427.000  5.635875e+02 
  428.000  5.713355e+02 
  429.000  5.203688e+02 
  430.000  4.157045e+02 
  431.000  3.741619e+02 
  432.000  6.742183e+02 
  433.000  6.007852e+02 
  434.000  5.716154e+02 
  435.000  6.225424e+02 
  436.000  6.910057e+02 
  437.000  6.983707e+02 
  438.000  6.262108e+02 
  439.000  6.065582e+02 
  440.000  6.804832e+02 
  441.000  6.789203e+02 
  442.000  7.157107e+02 
  443.000  7.211661e+02 
  444.000  7.171408e+02 
  445.000  7.550362e+02 
  446.000  6.726970e+02 
  447.000  7.679070e+02 
  448.000  7.813799e+02 
  449.000  7.873799e+02 
  450.000  8.052324e+02 
  451.000  8.709544e+02 
  452.000  8.103207e+02 
  453.000  7.528013e+02 
  454.000  8.032346e+02 
  455.000  8.094796e+02 
  456.000  8.297226e+02 
  457.000  8.349955e+02 
  458.000  8.209177e+02 
  459.000  8.214150e+02 
  460.000  8.148516e+02 
  461.000  8.449943e+02 
  462.000  8.318134e+02 
  463.000  8.325959e+02 
  464.000  8.359136e+02 
  465.000  8.242622e+02 
  466.000  8.509281e+02 
  467.000  8.214157e+02 
  468.000  8.700602e+02 
  469.000  8.628583e+02 
  470.000  8.513707e+02 
  471.000  8.502051e+02 
  472.000  8.609367e+02 
  473.000  8.518574e+02 
  474.000  8.589745e+02 
  475.000  8.939031e+02 
  476.000  8.665690e+02 
  477.000  8.587690e+02 
  478.000  9.014783e+02 
  479.000  8.608295e+02 
  480.000  8.780568e+02 
  481.000  8.729562e+02 
  482.000  8.914805e+02 
  483.000  8.926614e+02 
  484.000  8.585629e+02 
  485.000  8.651201e+02 
  486.000  7.016444e+02 
  487.000  7.888724e+02 
  488.000  8.568281e+02 
  489.000  7.967547e+02 
  490.000  9.073574e+02 
  491.000  8.493276e+02 
  492.000  8.164294e+02 
  493.000  8.795673e+02 
  494.000  8.499656e+02 
  495.000  9.088824e+02 
  496.000  8.854111e+02 
  497.000  8.591113e+02 
  498.000  8.390242e+02 
  499.000  8.372059e+02 
  500.000  8.337234e+02 
  501.000  8.152272e+02 
  502.000  8.100763e+02 
  503.000  8.585662e+02 
  504.000  7.989902e+02 
  505.000  8.619768e+02 
  506.000  9.230164e+02 
  507.000  8.590178e+02 
  508.000  8.240143e+02 
  509.000  8.887844e+02 
  510.000  8.613857e+02 
  511.000  8.618213e+02 
  512.000  9.047108e+02 
  513.000  8.281780e+02 
  514.000  8.109531e+02 
  515.000  8.280536e+02 
  516.000  8.699191e+02 
  517.000  6.408728e+02 
  518.000  7.935123e+02 
  519.000  7.518480e+02 
  520.000  8.278372e+02 
  521.000  8.283628e+02 
  522.000  8.612887e+02 
  523.000  8.023857e+02 
  524.000  8.706016e+02 
  525.000  8.636812e+02 
  526.000  8.231340e+02 
  527.000  7.190723e+02 
  528.000  8.636273e+02 
  529.000  8.881654e+02 
  530.000  8.392549e+02 
  531.000  9.135433e+02 
  532.000  8.715373e+02 
  533.000  7.655456e+02 
  534.000  8.325395e+02 
  535.000  8.494928e+02 
  536.000  9.014653e+02 
  537.000  8.364049e+02 
  538.000  8.756088e+02 
  539.000  8.727889e+02 
  540.000  8.542108e+02 
  541.000  7.833667e+02 
  542.000  8.739295e+02 
  543.000  8.360330e+02 
  544.000  8.818978e+02 
  545.000  8.688574e+02 
  546.000  8.496301e+02 
  547.000  8.858271e+02 
  548.000  8.220059e+02 
  549.000  8.652039e+02 
  550.000  8.464028e+02 
  551.000  8.414119e+02 
  552.000  8.780100e+02 
  553.000  8.439258e+02 
  554.000  8.718246e+02 
  555.000  8.746088e+02 
  556.000  8.508217e+02 
  557.000  8.258713e+02 
  558.000  8.575493e+02 
  559.000  8.108549e+02 
  560.000  8.146853e+02 
  561.000  8.956509e+02 
  562.000  8.221465e+02 
  563.000  8.603691e+02 
  564.000  8.484160e+02 
  565.000  8.584844e+02 
  566.000  7.917252e+02 
  567.000  8.487157e+02 
  568.000  8.438747e+02 
  569.000  8.200109e+02 
  570.000  8.257892e+02 
  571.000  8.018261e+02 
  572.000  8.428510e+02 
  573.000  8.535319e+02 
  574.000  8.495984e+02 
  575.000  8.288232e+02 
  576.000  8.141188e+02 
  577.000  8.499407e+02 
  578.000  8.273137e+02 
  579.000  8.228707e+02 
  580.000  8.527870e+02 
  581.000  8.396720e+02 
  582.000  8.537657e+02 
  583.000  8.605853e+02 
  584.000  8.586137e+02 
  585.000  8.536031e+02 
  586.000  8.175092e+02 
  587.000  8.476797e+02 
  588.000  8.290516e+02 
  589.000  7.209966e+02 
  590.000  7.521979e+02 
  591.000  8.103578e+02 
  592.000  7.896047e+02 
  593.000  8.103253e+02 
  594.000  8.154129e+02 
  595.000  7.917366e+02 
  596.000  8.239254e+02 
  597.000  8.241065e+02 
  598.000  8.124932e+02 
  599.000  8.150629e+02 
  600.000  8.199836e+02 
  601.000  8.185241e+02 
  602.000  8.108475e+02 
  603.000  8.172045e+02 
  604.000  8.443942e+02 
  605.000  8.432832e+02 
  606.000  8.341813e+02 
  607.000  8.301529e+02 
  608.000  8.277100e+02 
  609.000  8.197866e+02 
  610.000  8.072114e+02 
  611.000  8.208790e+02 
  612.000  8.107428e+02 
  613.000  7.994291e+02 
  614.000  7.710648e+02 
  615.000  8.085142e+02 
  616.000  7.692167e+02 
  617.000  7.740166e+02 
  618.000  8.109488e+02 
  619.000  8.038882e+02 
  620.000  8.161185e+02 
  621.000  8.304734e+02 
  622.000  7.869123e+02 
  623.000  7.932475e+02 
  624.000  7.942957e+02 
  625.000  7.729250e+02 
  626.000  7.764297e+02 
  627.000  7.863138e+02 
  628.000  7.670775e+02 
  629.000  7.909041e+02 
  630.000  7.681266e+02 
  631.000  7.983969e+02 
  632.000  7.413076e+02 
  633.000  8.003156e+02 
  634.000  7.779044e+02 
  635.000  7.926779e+02 
  636.000  7.659911e+02 
  637.000  7.923353e+02 
  638.000  8.070050e+02 
  639.000  8.009545e+02 
  640.000  7.772316e+02 
  641.000  7.889950e+02 
  642.000  7.805977e+02 
  643.000  7.934414e+02 
  644.000  7.847644e+02 
  645.000  7.903010e+02 
  646.000  7.526872e+02 
  647.000  7.577708e+02 
  648.000  7.505353e+02 
  649.000  7.711849e+02 
  650.000  7.246279e+02 
  651.000  7.808504e+02 
  652.000  7.570262e+02 
  653.000  7.832012e+02 
  654.000  7.721049e+02 
  655.000  7.483055e+02 
  656.000  6.366577e+02 
  657.000  6.815885e+02 
  658.000  7.629834e+02 
  659.000  7.671366e+02 
  660.000  7.743353e+02 
  661.000  7.804769e+02 
  662.000  7.931638e+02 
  663.000  7.843720e+02 
  664.000  7.726539e+02 
  665.000  7.766178e+02 
  666.000  7.867215e+02 
  667.000  7.717540e+02 
  668.000  7.769411e+02 
  669.000  7.886354e+02 
  670.000  7.796460e+02 
  671.000  7.718659e+02 
  672.000  7.697623e+02 
  673.000  7.756782e+02 
  674.000  7.775804e+02 
  675.000  7.660927e+02 
  676.000  7.809283e+02 
  677.000  7.657521e+02 
  678.000  7.787803e+02 
  679.000  7.680367e+02 
  680.000  7.619927e+02 
  681.000  7.627153e+02 
  682.000  7.612980e+02 
  683.000  7.663792e+02 
  684.000  7.521201e+02 
  685.000  7.613856e+02 
  686.000  7.268320e+02 
  687.000  6.351884e+02 
  688.000  6.652726e+02 
  689.000  6.581403e+02 
  690.000  6.769262e+02 
  691.000  6.982616e+02 
  692.000  7.021478e+02 
  693.000  6.910074e+02 
  694.000  6.815223e+02 
  695.000  6.804619e+02 
  696.000  6.950328e+02 
  697.000  7.268919e+02 
  698.000  7.069688e+02 
  699.000  6.923521e+02 
  700.000  6.887292e+02 
  701.000  6.673205e+02 
  702.000  6.684209e+02 
  703.000  7.004379e+02 
  704.000  7.034741e+02 
  705.000  6.994557e+02 
  706.000  6.938992e+02 
  707.000  6.867685e+02 
  708.000  7.104104e+02 
  709.000  6.924089e+02 
  710.000  7.005602e+02 
  711.000  7.014524e+02 
  712.000  6.983943e+02 
  713.000  6.900408e+02 
  714.000  6.998509e+02 
  715.000  6.666292e+02 
  716.000  6.745516e+02 
  717.000  5.988317e+02 
  718.000  5.605576e+02 
  719.000  5.416812e+02 
  720.000  5.273439e+02 
  721.000  6.082665e+02 
  722.000  6.473544e+02 
  723.000  6.286078e+02 
  724.000  5.838718e+02 
  725.000  5.843347e+02 
  726.000  5.810732e+02 
  727.000  5.964725e+02 
  728.000  5.789792e+02 
  729.000  5.734131e+02 
  730.000  5.915226e+02 
  731.000  5.781113e+02 
  732.000  6.198331e+02 
  733.000  6.399954e+02 
  734.000  6.678865e+02 
  735.000  6.574616e+02 
  736.000  6.359783e+02 
  737.000  6.514683e+02 
  738.000  6.594581e+02 
  739.000  6.422001e+02 
  740.000  6.574042e+02 
  741.000  6.574222e+02 
  742.000  6.487745e+02 
  743.000  6.727510e+02 
  744.000  6.811268e+02 
  745.000  6.650735e+02 
  746.000  6.756619e+02 
  747.000  6.865095e+02 
  748.000  6.748859e+02 
  749.000  6.756409e+02 
  750.000  6.654177e+02 
  751.000  6.638907e+02 
  752.000  6.750461e+02 
  753.000  6.690794e+02 
  754.000  6.798690e+02 
  755.000  6.761515e+02 
  756.000  6.631060e+02 
  757.000  6.680917e+02 
  758.000  6.662789e+02 
  759.000  5.986341e+02 
  760.000  2.192706e+02 
  761.000  1.882653e+02 
  762.000  3.838693e+02 
  763.000  3.275044e+02 
  764.000  3.614054e+02 
  765.000  4.400360e+02 
  766.000  5.089047e+02 
  767.000  5.622383e+02 
  768.000  6.154311e+02 
  769.000  6.333777e+02 
  770.000  6.400361e+02 
  771.000  6.452213e+02 
  772.000  6.438836e+02 
  773.000  6.417770e+02 
  774.000  6.491732e+02 
  775.000  6.251659e+02 
  776.000  6.512191e+02 
  777.000  6.467948e+02 
  778.000  6.433257e+02 
  779.000  6.454191e+02 
  780.000  6.374346e+02 
  781.000  6.368134e+02 
  782.000  6.444772e+02 
  783.000  6.294182e+02 
  784.000  6.326757e+02 
  785.000  6.328793e+02 
  786.000  6.198034e+02 
  787.000  6.235814e+02 
  788.000  6.114338e+02 
  789.000  6.048459e+02 
  790.000  5.978609e+02 
  791.000  5.967253e+02 
  792.000  5.890690e+02 
  793.000  5.926014e+02 
  794.000  5.950268e+02 
  795.000  5.866663e+02 
  796.000  5.826576e+02 
  797.000  5.903924e+02 
  798.000  5.996827e+02 
  799.000  5.972045e+02 
  800.000  5.753738e+02 
  801.000  5.868644e+02 
  802.000  5.851165e+02 
  803.000  5.777037e+02 
  804.000  5.860035e+02 
  805.000  5.756613e+02 
  806.000  5.947587e+02 
  807.000  5.913967e+02 
  808.000  5.858450e+02 
  809.000  5.735648e+02 
  810.000  5.683594e+02 
  811.000  5.719406e+02 
  812.000  5.624914e+02 
  813.000  5.509028e+02 
  814.000  5.379517e+02 
  815.000  5.170923e+02 
  816.000  4.935061e+02 
  817.000  4.974763e+02 
  818.000  4.959797e+02 
  819.000  4.888153e+02 
  820.000  4.997950e+02 
  821.000  5.408052e+02 
  822.000  5.075210e+02 
  823.000  4.642721e+02 
  824.000  5.141428e+02 
  825.000  5.413199e+02 
  826.000  5.400574e+02 
  827.000  5.347641e+02 
  828.000  5.153411e+02 
  829.000  5.216619e+02 
  830.000  5.206995e+02 
  831.000  5.132837e+02 
  832.000  5.246345e+02 
  833.000  5.124264e+02 
  834.000  5.248885e+02 
  835.000  5.352413e+02 
  836.000  5.385355e+02 
  837.000  5.338204e+02 
  838.000  5.402385e+02 
  839.000  5.260047e+02 
  840.000  5.410724e+02 
  841.000  5.397297e+02 
  842.000  5.388681e+02 
  843.000  5.409782e+02 
  844.000  5.346008e+02 
  845.000  5.439409e+02 
  846.000  5.500524e+02 
  847.000  5.324283e+02 
  848.000  5.459304e+02 
  849.000  5.472261e+02 
  850.000  4.722243e+02 
  851.000  5.397567e+02 
  852.000  5.194274e+02 
  853.000  5.274508e+02 
  854.000  4.239852e+02 
  855.000  4.676244e+02 
  856.000  5.326423e+02 
  857.000  5.418359e+02 
  858.000  5.335655e+02 
  859.000  5.344453e+02 
  860.000  5.300507e+02 
  861.000  5.300874e+02 
  862.000  5.286492e+02 
  863.000  5.388152e+02 
  864.000  5.379534e+02 
  865.000  5.281075e+02 
  866.000  4.430322e+02 
  867.000  4.717742e+02 
  868.000  5.116982e+02 
  869.000  5.045912e+02 
  870.000  5.253890e+02 
  871.000  5.247164e+02 
  872.000  5.227499e+02 
  873.000  5.247465e+02 
  874.000  5.132023e+02 
  875.000  5.084875e+02 
  876.000  5.125598e+02 
  877.000  5.227699e+02 
  878.000  5.133583e+02 
  879.000  5.145304e+02 
  880.000  5.111778e+02 
  881.000  4.843882e+02 
  882.000  5.109242e+02 
  883.000  4.995150e+02 
  884.000  5.038683e+02 
  885.000  5.082383e+02 
  886.000  4.905804e+02 
  887.000  4.864951e+02 
  888.000  5.010229e+02 
  889.000  5.045059e+02 
  890.000  5.023214e+02 
  891.000  4.979953e+02 
  892.000  4.924568e+02 
  893.000  4.618351e+02 
  894.000  4.708882e+02 
  895.000  4.285002e+02 
  896.000  4.251787e+02 
  897.000  3.948176e+02 
  898.000  3.859749e+02 
  899.000  3.597279e+02 
  900.000  3.542364e+02 
  901.000  3.403682e+02 
  902.000  3.353789e+02 
  903.000  3.966471e+02 
  904.000  4.299154e+02 
  905.000  4.278697e+02 
  906.000  3.996712e+02 
  907.000  3.767765e+02 
  908.000  3.480144e+02 
  909.000  3.427845e+02 
  910.000  3.496127e+02 
  911.000  3.608475e+02 
  912.000  3.557069e+02 
  913.000  3.381995e+02 
  914.000  3.486652e+02 
  915.000  3.524661e+02 
  916.000  3.596076e+02 
  917.000  3.595107e+02 
  918.000  3.648140e+02 
  919.000  3.943775e+02 
  920.000  4.096360e+02 
  921.000  3.966640e+02 
  922.000  3.927944e+02 
  923.000  3.714188e+02 
  924.000  3.749108e+02 
  925.000  3.787243e+02 
  926.000  3.644756e+02 
  927.000  3.634226e+02 
  928.000  3.435521e+02 
  929.000  3.082565e+02 
  930.000  2.706281e+02 
  931.000  2.318034e+02 
  932.000  1.822558e+02 
  933.000  1.512281e+02 
  934.000  1.208036e+02 
  935.000  1.159092e+02 
  936.000  1.255808e+02 
  937.000  1.258524e+02 
  938.000  1.576852e+02 
  939.000  2.583939e+02 
  940.000  2.736101e+02 
  941.000  2.539410e+02 
  942.000  2.131446e+02 
  943.000  1.739955e+02 
  944.000  1.657945e+02 
  945.000  1.842891e+02 
  946.000  1.879892e+02 
  947.000  2.032594e+02 
  948.000  2.143671e+02 
  949.000  2.140482e+02 
  950.000  2.152666e+02 
  951.000  2.363914e+02 
  952.000  2.129978e+02 
  953.000  2.292318e+02 
  954.000  2.454843e+02 
  955.000  2.159043e+02 
  956.000  2.276531e+02 
  957.000  2.747094e+02 
  958.000  2.835785e+02 
  959.000  2.767957e+02 
  960.000  2.720868e+02 
  961.000  2.653771e+02 
  962.000  2.705263e+02 
  963.000  2.970473e+02 
  964.000  2.977214e+02 
  965.000  2.989198e+02 
  966.000  2.919196e+02 
  967.000  3.207169e+02 
  968.000  3.514177e+02 
  969.000  3.696250e+02 
  970.000  3.715928e+02 
  971.000  3.679403e+02 
  972.000  3.659675e+02 
  973.000  3.522387e+02 
  974.000  3.346039e+02 
  975.000  3.284757e+02 
  976.000  3.421510e+02 
  977.000  3.493007e+02 
  978.000  3.566878e+02 
  979.000  3.505474e+02 
  980.000  3.721237e+02 
  981.000  3.785176e+02 
  982.000  3.740292e+02 
  983.000  3.817429e+02 
  984.000  3.881688e+02 
  985.000  3.931334e+02 
  986.000  3.965334e+02 
  987.000  4.039749e+02 
  988.000  3.996756e+02 
  989.000  3.950327e+02 
  990.000  3.991012e+02 
  991.000  4.048231e+02 
  992.000  4.017814e+02 
  993.000  4.020320e+02 
  994.000  4.062754e+02 
  995.000  4.046393e+02 
  996.000  4.045461e+02 
  997.000  4.040580e+02 
  998.000  4.015985e+02 
  999.000  4.001935e+02 
 1000.000  3.973285e+02 
 1001.000  3.972860e+02 
 1002.000  3.931801e+02 
 1003.000  3.894283e+02 
 1004.000  3.881771e+02 
 1005.000  3.634216e+02 
 1006.000  3.827917e+02 
 1007.000  3.891100e+02 
 1008.000  3.879363e+02 
 1009.000  3.818369e+02 
 1010.000  3.849458e+02 
 1011.000  3.868448e+02 
 1012.000  3.885029e+02 
 1013.000  3.868610e+02 
 1014.000  3.898517e+02 
 1015.000  3.827524e+02 
 1016.000  3.857317e+02 
 1017.000  3.822319e+02 
 1018.000  3.865760e+02 
 1019.000  3.764831e+02 
 1020.000  3.761407e+02 
 1021.000  3.808007e+02 
 1022.000  3.735853e+02 
 1023.000  3.794841e+02 
 1024.000  3.767942e+02 
 1025.000  3.789975e+02 
 1026.000  3.804754e+02 
 1027.000  3.777656e+02 
 1028.000  3.790302e+02 
 1029.000  3.741298e+02 
 1030.000  3.787991e+02 
 1031.000  3.780620e+02 
 1032.000  3.771043e+02 
 1033.000  3.702878e+02 
 1034.000  3.744156e+02 
 1035.000  3.705225e+02 
 1036.000  3.753320e+02 
 1037.000  3.674933e+02 
 1038.000  3.711951e+02 
 1039.000  3.726155e+02 
 1040.000  3.681360e+02 
 1041.000  3.700237e+02 
 1042.000  3.711029e+02 
 1043.000  3.647084e+02 
 1044.000  3.682802e+02 
 1045.000  3.665375e+02 
 1046.000  3.557636e+02 
 1047.000  3.621721e+02 
 1048.000  3.656708e+02 
 1049.000  3.632574e+02 
 1050.000  3.609079e+02 
 1051.000  3.606792e+02 
 1052.000  3.588347e+02 
 1053.000  3.589657e+02 
 1054.000  3.550450e+02 
 1055.000  3.573871e+02 
 1056.000  3.562410e+02 
 1057.000  3.550895e+02 
 1058.000  3.504168e+02 
 1059.000  3.394865e+02 
 1060.000  3.522155e+02 
 1061.000  3.397689e+02 
 1062.000  3.486423e+02 
 1063.000  3.425645e+02 
 1064.000  3.465197e+02 
 1065.000  3.454860e+02 
 1066.000  3.349384e+02 
 1067.000  3.425650e+02 
 1068.000  3.397615e+02 
 1069.000  3.133921e+02 
 1070.000  3.321377e+02 
 1071.000  3.317482e+02 
 1072.000  3.318052e+02 
 1073.000  3.206771e+02 
 1074.000  3.320513e+02 
 1075.000  3.231205e+02 
 1076.000  3.292686e+02 
 1077.000  3.273296e+02 
 1078.000  3.268441e+02 
 1079.000  3.139690e+02 
 1080.000  3.194566e+02 
 1081.000  3.075188e+02 
 1082.000  3.130634e+02 
 1083.000  3.026748e+02 
 1084.000  3.120042e+02 
 1085.000  3.026853e+02 
 1086.000  3.078482e+02 
 1087.000  2.944029e+02 
 1088.000  3.125184e+02 
 1089.000  2.937360e+02 
 1090.000  2.987812e+02 
 1091.000  3.020246e+02 
 1092.000  2.915672e+02 
 1093.000  2.803764e+02 
 1094.000  2.521451e+02 
 1095.000  2.734126e+02 
 1096.000  2.727050e+02 
 1097.000  2.674941e+02 
 1098.000  2.454793e+02 
 1099.000  2.297240e+02 
 1100.000  2.347023e+02 
 1101.000  2.364436e+02 
 1102.000  2.254733e+02 
 1103.000  2.358238e+02 
 1104.000  2.312776e+02 
 1105.000  2.239545e+02 
 1106.000  2.152617e+02 
 1107.000  2.164993e+02 
 1108.000  2.167797e+02 
 1109.000  2.232655e+02 
 1110.000  2.231906e+02 
 1111.000  2.168253e+02 
 1112.000  1.998043e+02 
 1113.000  1.789513e+02 
 1114.000  1.747823e+02 
 1115.000  1.496689e+02 
 1116.000  1.343027e+02 
 1117.000  1.071451e+02 
 1118.000  8.232738e+01 
 1119.000  6.844557e+01 
 1120.000  5.571081e+01 
 1121.000  5.326968e+01 
 1122.000  4.157528e+01 
 1123.000  4.748628e+01 
 1124.000  5.165045e+01 
 1125.000  4.837349e+01 
 1126.000  4.665609e+01 
 1127.000  4.935784e+01 
 1128.000  5.058699e+01 
 1129.000  6.305835e+01 
 1130.000  9.508538e+01 
 1131.000  1.064720e+02 
 1132.000  9.242323e+01 
 1133.000  6.739412e+01 
 1134.000  3.330400e+01 
 1135.000  3.600587e+01 
 1136.000  7.135641e+01 
 1137.000  9.626821e+01 
 1138.000  1.183966e+02 
 1139.000  1.304023e+02 
 1140.000  1.255282e+02 
 1141.000  1.122272e+02 
 1142.000  1.116296e+02 
 1143.000  9.880929e+01 
 1144.000  8.675523e+01 
 1145.000  7.175340e+01 
 1146.000  7.611095e+01 
 1147.000  8.897816e+01 
 1148.000  9.983614e+01 
 1149.000  1.052515e+02 
 1150.000  1.055554e+02 
 1151.000  1.132605e+02 
 1152.000  1.170589e+02 
 1153.000  1.227190e+02 
 1154.000  1.222209e+02 
 1155.000  1.344544e+02 
 1156.000  1.454802e+02 
 1157.000  1.745004e+02 
 1158.000  1.870028e+02 
 1159.000  1.952759e+02 
 1160.000  1.973956e+02 
 1161.000  2.041339e+02 
 1162.000  2.202211e+02 
 1163.000  2.317601e+02 
 1164.000  2.294331e+02 
 1165.000  2.349651e+02 
 1166.000  2.312113e+02 
 1167.000  2.364459e+02 
 1168.000  2.379934e+02 
 1169.000  2.312841e+02 
 1170.000  2.389304e+02 
 1171.000  2.437871e+02 
 1172.000  2.408326e+02 
 1173.000  2.370658e+02 
 1174.000  2.373157e+02 
 1175.000  2.402616e+02 
 1176.000  2.396482e+02 
 1177.000  2.445148e+02 
 1178.000  2.353206e+02 
 1179.000  2.342955e+02 
 1180.000  2.357215e+02 
 1181.000  2.298682e+02 
 1182.000  2.255735e+02 
 1183.000  2.129577e+02 
 1184.000  2.252011e+02 
 1185.000  2.347039e+02 
 1186.000  2.313837e+02 
 1187.000  2.249173e+02 
 1188.000  2.223100e+02 
 1189.000  2.131681e+02 
 1190.000  2.339723e+02 
 1191.000  2.407936e+02 
 1192.000  2.440290e+02 
 1193.000  2.431508e+02 
 1194.000  2.420292e+02 
 1195.000  2.349256e+02 
 1196.000  2.353811e+02 
 1197.000  2.331986e+02 
 1198.000  2.248903e+02 
 1199.000  2.140738e+02 
 1200.000  2.291074e+02 
 1201.000  2.313030e+02 
 1202.000  2.321917e+02 
 1203.000  2.196085e+02 
 1204.000  2.242028e+02 
 1205.000  2.365874e+02 
 1206.000  2.384868e+02 
 1207.000  2.414574e+02 
 1208.000  2.369284e+02 
 1209.000  2.205261e+02 
 1210.000  2.331402e+02 
 1211.000  2.249511e+02 
 1212.000  2.327292e+02 
 1213.000  2.364936e+02 
 1214.000  2.349846e+02 
 1215.000  2.368048e+02 
 1216.000  2.402573e+02 
 1217.000  2.433118e+02 
 1218.000  2.439657e+02 
 1219.000  2.424966e+02 
 1220.000  2.442305e+02 
 1221.000  2.441869e+02 
 1222.000  2.430346e+02 
 1223.000  2.422301e+02 
 1224.000  2.463069e+02 
 1225.000  2.454216e+02 
 1226.000  2.469544e+02 
 1227.000  2.396440e+02 
 1228.000  2.484686e+02 
 1229.000  2.492122e+02 
 1230.000  2.494946e+02 
 1231.000  2.501299e+02 
 1232.000  2.475477e+02 
 1233.000  2.496724e+02 
 1234.000  2.503409e+02 
 1235.000  2.491115e+02 
 1236.000  2.508675e+02 
 1237.000  2.513086e+02 
 1238.000  2.513102e+02 
 1239.000  2.485425e+02 
 1240.000  2.474070e+02 
 1241.000  2.494440e+02 
 1242.000  2.477894e+02 
 1243.000  2.448642e+02 
 1244.000  2.423026e+02 
 1245.000  2.462458e+02 
 1246.000  2.440660e+02 
 1247.000  2.424712e+02 
 1248.000  2.440773e+02 
 1249.000  2.430125e+02 
 1250.000  2.417374e+02 
 1251.000  2.397618e+02 
 1252.000  2.385242e+02 
 1253.000  2.360189e+02 
 1254.000  2.355785e+02 
 1255.000  2.344356e+02 
 1256.000  2.332979e+02 
 1257.000  2.298202e+02 
 1258.000  2.288143e+02 
 1259.000  2.247298e+02 
 1260.000  2.232340e+02 
 1261.000  2.208614e+02 
 1262.000  2.123102e+02 
 1263.000  2.134364e+02 
 1264.000  2.091862e+02 
 1265.000  2.091767e+02 
 1266.000  2.089019e+02 
 1267.000  2.032436e+02 
 1268.000  1.994022e+02 
 1269.000  2.004498e+02 
 1270.000  2.072623e+02 
 1271.000  2.104690e+02 
 1272.000  2.116392e+02 
 1273.000  2.132380e+02 
 1274.000  2.141837e+02 
 1275.000  2.164643e+02 
 1276.000  2.173671e+02 
 1277.000  2.174316e+02 
 1278.000  2.169924e+02 
 1279.000  2.158928e+02 
 1280.000  2.159125e+02 
 1281.000  2.109664e+02 
 1282.000  1.883522e+02 
 1283.000  2.072799e+02 
 1284.000  2.158767e+02 
 1285.000  2.178158e+02 
 1286.000  2.170715e+02 
 1287.000  2.171228e+02 
 1288.000  2.110984e+02 
 1289.000  2.108900e+02 
 1290.000  2.058454e+02 
 1291.000  2.094075e+02 
 1292.000  2.122420e+02 
 1293.000  2.125938e+02 
 1294.000  2.071695e+02 
 1295.000  2.061483e+02 
 1296.000  2.028500e+02 
 1297.000  1.988064e+02 
 1298.000  1.967140e+02 
 1299.000  1.984038e+02 
 1300.000  1.971497e+02 
 1301.000  1.960946e+02 
 1302.000  1.916202e+02 
 1303.000  1.848613e+02 
 1304.000  1.827504e+02 
 1305.000  1.829160e+02 
 1306.000  1.821884e+02 
 1307.000  1.802545e+02 
 1308.000  1.765181e+02 
 1309.000  1.715189e+02 
 1310.000  1.702733e+02 
 1311.000  1.697528e+02 
 1312.000  1.636350e+02 
 1313.000  1.509698e+02 
 1314.000  1.507681e+02 
 1315.000  1.481315e+02 
 1316.000  1.554362e+02 
 1317.000  1.568650e+02 
 1318.000  1.482809e+02 
 1319.000  1.414034e+02 
 1320.000  1.305202e+02 
 1321.000  1.262356e+02 
 1322.000  1.319980e+02 
 1323.000  1.390572e+02 
 1324.000  1.427176e+02 
 1325.000  1.401788e+02 
 1326.000  1.329799e+02 
 1327.000  1.181783e+02 
 1328.000  1.042943e+02 
 1329.000  7.762834e+01 
 1330.000  7.086330e+01 
 1331.000  6.620551e+01 
 1332.000  6.626711e+01 
 1333.000  7.249374e+01 
 1334.000  7.889719e+01 
 1335.000  8.367449e+01 
 1336.000  8.454683e+01 
 1337.000  8.576179e+01 
 1338.000  8.916592e+01 
 1339.000  8.973993e+01 
 1340.000  9.207839e+01 
 1341.000  9.178297e+01 
 1342.000  9.199944e+01 
 1343.000  8.116690e+01 
 1344.000  6.912900e+01 
 1345.000  4.360843e+01 
 1346.000  2.856364e+01 
 1347.000  2.154818e+01 
 1348.000  1.270645e+01 
 1349.000  1.027997e+01 
 1350.000  5.136653e+00 
 1351.000  3.681500e+00 
 1352.000  1.678442e+00 
 1353.000  7.123576e-01 
 1354.000  3.863752e-01 
 1355.000  1.975340e-01 
 1356.000  9.191261e-02 
 1357.000  3.083365e-02 
 1358.000  1.525979e-02 
 1359.000  2.925355e-03 
 1360.000  1.172535e-03 
 1361.000  5.078769e-04 
 1362.000  4.235799e-04 
 1363.000  9.036846e-04 
 1364.000  1.244756e-03 
 1365.000  1.297170e-03 
 1366.000  1.775069e-03 
 1367.000  1.322751e-03 
 1368.000  1.178129e-03 
 1369.000  1.281445e-03 
 1370.000  4.686529e-03 
 1371.000  1.736088e-02 
 1372.000  7.718795e-02 
 1373.000  1.713545e-01 
 1374.000  2.738425e-01 
 1375.000  3.243900e-01 
 1376.000  2.758926e-01 
 1377.000  2.080031e-01 
 1378.000  1.098536e-01 
 1379.000  4.614447e-02 
 1380.000  1.237037e-02 
 1381.000  3.557776e-03 
 1382.000  1.539597e-03 
 1383.000  1.372126e-03 
 1384.000  4.161926e-03 
 1385.000  9.363519e-03 
 1386.000  2.503924e-02 
 1387.000  1.100559e-01 
 1388.000  2.067239e-01 
 1389.000  2.999959e-01 
 1390.000  3.226022e-01 
 1391.000  2.790069e-01 
 1392.000  1.485548e-01 
 1393.000  8.347581e-02 
 1394.000  4.623471e-02 
 1395.000  6.136082e-02 
 1396.000  1.248225e-01 
 1397.000  2.296588e-01 
 1398.000  2.459100e-01 
 1399.000  2.222700e-01 
 1400.000  1.978357e-01 
 1401.000  2.451951e-01 
 1402.000  3.922297e-01 
 1403.000  6.021324e-01 
 1404.000  5.275570e-01 
 1405.000  6.477197e-01 
 1406.000  5.444757e-01 
 1407.000  6.621268e-01 
 1408.000  1.006606e+00 
 1409.000  1.568246e+00 
 1410.000  2.511261e+00 
 1411.000  4.049631e+00 
 1412.000  3.941677e+00 
 1413.000  5.257293e+00 
 1414.000  5.000753e+00 
 1415.000  6.839413e+00 
 1416.000  8.108661e+00 
 1417.000  9.040439e+00 
 1418.000  9.226489e+00 
 1419.000  9.765874e+00 
 1420.000  1.034715e+01 
 1421.000  1.381654e+01 
 1422.000  1.504277e+01 
 1423.000  1.595770e+01 
 1424.000  1.581551e+01 
 1425.000  1.529292e+01 
 1426.000  1.484181e+01 
 1427.000  1.682569e+01 
 1428.000  1.860750e+01 
 1429.000  2.005584e+01 
 1430.000  1.962770e+01 
 1431.000  1.688340e+01 
 1432.000  1.571365e+01 
 1433.000  1.561398e+01 
 1434.000  1.433390e+01 
 1435.000  1.663502e+01 
 1436.000  1.761453e+01 
 1437.000  1.821147e+01 
 1438.000  2.093325e+01 
 1439.000  2.151448e+01 
 1440.000  2.118371e+01 
 1441.000  2.284063e+01 
 1442.000  2.134440e+01 
 1443.000  2.182912e+01 
 1444.000  2.285994e+01 
 1445.000  2.308141e+01 
 1446.000  2.536053e+01 
 1447.000  2.722375e+01 
 1448.000  2.779799e+01 
 1449.000  2.652826e+01 
 1450.000  2.435905e+01 
 1451.000  2.519949e+01 
 1452.000  2.866094e+01 
 1453.000  3.596249e+01 
 1454.000  4.398726e+01 
 1455.000  4.887326e+01 
 1456.000  5.444818e+01 
 1457.000  5.579023e+01 
 1458.000  5.764018e+01 
 1459.000  5.367258e+01 
 1460.000  4.930315e+01 
 1461.000  4.726833e+01 
 1462.000  4.197872e+01 
 1463.000  4.169664e+01 
 1464.000  4.033235e+01 
 1465.000  3.755095e+01 
 1466.000  3.290150e+01 
 1467.000  3.118087e+01 
 1468.000  2.780265e+01 
 1469.000  2.421220e+01 
 1470.000  2.279560e+01 
 1471.000  2.677830e+01 
 1472.000  3.326835e+01 
 1473.000  4.322166e+01 
 1474.000  5.004446e+01 
 1475.000  5.100620e+01 
 1476.000  5.109135e+01 
 1477.000  4.862425e+01 
 1478.000  4.545886e+01 
 1479.000  4.273207e+01 
 1480.000  4.496820e+01 
 1481.000  4.786937e+01 
 1482.000  5.263975e+01 
 1483.000  5.271812e+01 
 1484.000  5.330931e+01 
 1485.000  5.373941e+01 
 1486.000  5.655761e+01 
 1487.000  6.485099e+01 
 1488.000  5.731185e+01 
 1489.000  7.708770e+01 
 1490.000  8.763705e+01 
 1491.000  9.444279e+01 
 1492.000  9.337820e+01 
 1493.000  9.919784e+01 
 1494.000  9.936892e+01 
 1495.000  1.027075e+02 
 1496.000  1.064686e+02 
 1497.000  1.093869e+02 
 1498.000  1.165552e+02 
 1499.000  1.204332e+02 
 1500.000  1.266626e+02 
 1501.000  1.252086e+02 
 1502.000  1.220009e+02 
 1503.000  1.082323e+02 
 1504.000  1.141022e+02 
 1505.000  1.179324e+02 
 1506.000  1.196822e+02 
 1507.000  1.290517e+02 
 1508.000  1.290839e+02 
 1509.000  1.318076e+02 
 1510.000  1.346058e+02 
 1511.000  1.367843e+02 
 1512.000  1.352106e+02 
 1513.000  1.354647e+02 
 1514.000  1.336135e+02 
 1515.000  1.373921e+02 
 1516.000  1.365098e+02 
 1517.000  1.367318e+02 
 1518.000  1.413371e+02 
 1519.000  1.416522e+02 
 1520.000  1.456119e+02 
 1521.000  1.444818e+02 
 1522.000  1.436768e+02 
 1523.000  1.476849e+02 
 1524.000  1.461096e+02 
 1525.000  1.422923e+02 
 1526.000  1.464813e+02 
 1527.000  1.456165e+02 
 1528.000  1.475087e+02 
 1529.000  1.470546e+02 
 1530.000  1.383497e+02 
 1531.000  1.484528e+02 
 1532.000  1.481805e+02 
 1533.000  1.478383e+02 
 1534.000  1.459138e+02 
 1535.000  1.468156e+02 
 1536.000  1.487889e+02 
 1537.000  1.496458e+02 
 1538.000  1.459540e+02 
 1539.000  1.493413e+02 
 1540.000  1.440452e+02 
 1541.000  1.471680e+02 
 1542.000  1.480422e+02 
 1543.000  1.477717e+02 
 1544.000  1.498904e+02 
 1545.000  1.508102e+02 
 1546.000  1.512394e+02 
 1547.000  1.500081e+02 
 1548.000  1.456544e+02 
 1549.000  1.493853e+02 
 1550.000  1.485202e+02 
 1551.000  1.477288e+02 
 1552.000  1.502702e+02 
 1553.000  1.495965e+02 
 1554.000  1.440780e+02 
 1555.000  1.465980e+02 
 1556.000  1.438568e+02 
 1557.000  1.486181e+02 
 1558.000  1.474065e+02 
 1559.000  1.473359e+02 
 1560.000  1.447897e+02 
 1561.000  1.480851e+02 
 1562.000  1.479474e+02 
 1563.000  1.455770e+02 
 1564.000  1.424262e+02 
 1565.000  1.441707e+02 
 1566.000  1.414372e+02 
 1567.000  1.406978e+02 
 1568.000  1.367169e+02 
 1569.000  1.360153e+02 
 1570.000  1.316386e+02 
 1571.000  1.351650e+02 
 1572.000  1.348907e+02 
 1573.000  1.330264e+02 
 1574.000  1.338843e+02 
 1575.000  1.245757e+02 
 1576.000  1.338341e+02 
 1577.000  1.209826e+02 
 1578.000  1.325580e+02 
 1579.000  1.336019e+02 
 1580.000  1.368499e+02 
 1581.000  1.359420e+02 
 1582.000  1.337458e+02 
 1583.000  1.358902e+02 
 1584.000  1.351571e+02 
 1585.000  1.395018e+02 
 1586.000  1.377487e+02 
 1587.000  1.365282e+02 
 1588.000  1.346774e+02 
 1589.000  1.232285e+02 
 1590.000  1.326702e+02 
 1591.000  1.297045e+02 
 1592.000  1.364105e+02 
 1593.000  1.391160e+02 
 1594.000  1.377046e+02 
 1595.000  1.380910e+02 
 1596.000  1.293541e+02 
 1597.000  1.337937e+02 
 1598.000  1.351135e+02 
 1599.000  1.292084e+02 
 1600.000  1.302579e+02 
 1601.000  1.247733e+02 
 1602.000  1.277160e+02 
 1603.000  1.271561e+02 
 1604.000  1.293577e+02 
 1605.000  1.274436e+02 
 1606.000  1.271412e+02 
 1607.000  1.274605e+02 
 1608.000  1.287377e+02 
 1609.000  1.282415e+02 
 1610.000  1.203931e+02 
 1611.000  1.245705e+02 
 1612.000  1.265181e+02 
 1613.000  1.300565e+02 
 1614.000  1.287784e+02 
 1615.000  1.314572e+02 
 1616.000  1.236170e+02 
 1617.000  1.277674e+02 
 1618.000  1.317464e+02 
 1619.000  1.318450e+02 
 1620.000  1.289868e+02 
 1621.000  1.274043e+02 
 1622.000  1.306095e+02 
 1623.000  1.334436e+02 
 1624.000  1.344668e+02 
 1625.000  1.314894e+02 
 1626.000  1.327729e+02 
 1627.000  1.326475e+02 
 1628.000  1.335851e+02 
 1629.000  1.334050e+02 
 1630.000  1.294992e+02 
 1631.000  1.315226e+02 
 1632.000  1.312211e+02 
 1633.000  1.294558e+02 
 1634.000  1.262160e+02 
 1635.000  1.295983e+02 
 1636.000  1.289948e+02 
 1637.000  1.229486e+02 
 1638.000  1.220502e+02 
 1639.000  1.203867e+02 
 1640.000  1.208937e+02 
 1641.000  1.199017e+02 
 1642.000  1.197485e+02 
 1643.000  1.227137e+02 
 1644.000  1.206869e+02 
 1645.000  1.207418e+02 
 1646.000  1.221908e+02 
 1647.000  1.233098e+02 
 1648.000  1.226436e+02 
 1649.000  1.197919e+02 
 1650.000  1.228257e+02 
 1651.000  1.200793e+02 
 1652.000  1.223954e+02 
 1653.000  1.212205e+02 
 1654.000  1.225785e+02 
 1655.000  1.203772e+02 
 1656.000  1.228678e+02 
 1657.000  1.219736e+02 
 1658.000  1.228501e+02 
 1659.000  1.206289e+02 
 1660.000  1.219292e+02 
 1661.000  1.223983e+02 
 1662.000  1.214033e+02 
 1663.000  1.206165e+02 
 1664.000  1.200548e+02 
 1665.000  1.188337e+02 
 1666.000  1.184772e+02 
 1667.000  1.199511e+02 
 1668.000  1.179177e+02 
 1669.000  1.183594e+02 
 1670.000  1.210200e+02 
 1671.000  1.202462e+02 
 1672.000  1.145530e+02 
 1673.000  1.176811e+02 
 1674.000  1.180666e+02 
 1675.000  1.169659e+02 
 1676.000  1.150486e+02 
 1677.000  1.156796e+02 
 1678.000  1.164966e+02 
 1679.000  1.149023e+02 
 1680.000  1.110634e+02 
 1681.000  1.072704e+02 
 1682.000  1.103650e+02 
 1683.000  1.130431e+02 
 1684.000  1.150976e+02 
 1685.000  1.152594e+02 
 1686.000  1.138739e+02 
 1687.000  1.140402e+02 
 1688.000  1.138841e+02 
 1689.000  1.125080e+02 
 1690.000  1.121541e+02 
 1691.000  1.135689e+02 
 1692.000  1.137704e+02 
 1693.000  1.134065e+02 
 1694.000  1.132395e+02 
 1695.000  1.131125e+02 
 1696.000  1.124472e+02 
 1697.000  1.116480e+02 
 1698.000  1.122618e+02 
 1699.000  1.115385e+02 
 1700.000  1.101338e+02 
 1701.000  1.104400e+02 
 1702.000  1.100741e+02 
 1703.000  1.076172e+02 
 1704.000  1.092056e+02 
 1705.000  1.096994e+02 
 1706.000  1.079909e+02 
 1707.000  1.075207e+02 
 1708.000  1.046115e+02 
 1709.000  1.065224e+02 
 1710.000  1.077019e+02 
 1711.000  9.948950e+01 
 1712.000  1.064287e+02 
 1713.000  1.067640e+02 
 1714.000  1.068590e+02 
 1715.000  1.069119e+02 
 1716.000  1.064561e+02 
 1717.000  1.055541e+02 
 1718.000  1.049782e+02 
 1719.000  1.054786e+02 
 1720.000  1.022041e+02 
 1721.000  1.006897e+02 
 1722.000  1.017432e+02 
 1723.000  9.597021e+01 
 1724.000  9.739504e+01 
 1725.000  9.914113e+01 
 1726.000  1.006287e+02 
 1727.000  1.001215e+02 
 1728.000  9.786479e+01 
 1729.000  1.001135e+02 
 1730.000  1.002851e+02 
 1731.000  9.813762e+01 
 1732.000  9.648198e+01 
 1733.000  9.031339e+01 
 1734.000  9.179909e+01 
 1735.000  9.142084e+01 
 1736.000  8.696140e+01 
 1737.000  8.559711e+01 
 1738.000  8.954527e+01 
 1739.000  9.089751e+01 
 1740.000  9.073986e+01 
 1741.000  8.848624e+01 
 1742.000  9.124771e+01 
 1743.000  8.932837e+01 
 1744.000  9.022372e+01 
 1745.000  8.756011e+01 
 1746.000  8.763824e+01 
 1747.000  8.582292e+01 
 1748.000  8.895587e+01 
 1749.000  8.864223e+01 
 1750.000  8.822633e+01 
 1751.000  8.680061e+01 
 1752.000  8.718428e+01 
 1753.000  8.693796e+01 
 1754.000  8.696639e+01 
 1755.000  8.488391e+01 
 1756.000  8.586121e+01 
 1757.000  8.592244e+01 
 1758.000  8.565297e+01 
 1759.000  8.600461e+01 
 1760.000  8.480788e+01 
 1761.000  8.197303e+01 
 1762.000  7.993891e+01 
 1763.000  7.959492e+01 
 1764.000  7.575534e+01 
 1765.000  7.707687e+01 
 1766.000  7.610595e+01 
 1767.000  7.644636e+01 
 1768.000  7.535177e+01 
 1769.000  7.558338e+01 
 1770.000  7.395216e+01 
 1771.000  7.408189e+01 
 1772.000  7.283464e+01 
 1773.000  7.266364e+01 
 1774.000  6.805978e+01 
 1775.000  6.396669e+01 
 1776.000  6.360694e+01 
 1777.000  6.008300e+01 
 1778.000  5.769142e+01 
 1779.000  5.827222e+01 
 1780.000  5.652975e+01 
 1781.000  5.573769e+01 
 1782.000  5.500409e+01 
 1783.000  5.245187e+01 
 1784.000  5.249706e+01 
 1785.000  5.238037e+01 
 1786.000  5.248843e+01 
 1787.000  5.291305e+01 
 1788.000  5.258419e+01 
 1789.000  4.773254e+01 
 1790.000  4.736976e+01 
 1791.000  4.303299e+01 
 1792.000  4.163841e+01 
 1793.000  3.655496e+01 
 1794.000  3.290957e+01 
 1795.000  3.318391e+01 
 1796.000  2.818683e+01 
 1797.000  2.460979e+01 
 1798.000  2.469946e+01 
 1799.000  1.845648e+01 
 1800.000  1.836252e+01 
 1801.000  1.409064e+01 
 1802.000  1.148388e+01 
 1803.000  1.143343e+01 
 1804.000  1.125919e+01 
 1805.000  1.057239e+01 
 1806.000  8.886357e+00 
 1807.000  8.359600e+00 
 1808.000  7.637218e+00 
 1809.000  5.599999e+00 
 1810.000  4.182579e+00 
 1811.000  4.177793e+00 
 1812.000  2.865271e+00 
 1813.000  2.872580e+00 
 1814.000  2.345037e+00 
 1815.000  1.307930e+00 
 1816.000  1.290688e+00 
 1817.000  1.049731e+00 
 1818.000  8.442468e-01 
 1819.000  6.140110e-01 
 1820.000  5.262023e-01 
 1821.000  5.303703e-01 
 1822.000  4.035336e-01 
 1823.000  3.976382e-01 
 1824.000  3.434775e-01 
 1825.000  1.270344e-01 
 1826.000  1.278263e-01 
 1827.000  7.228467e-02 
 1828.000  5.532339e-02 
 1829.000  1.812832e-02 
 1830.000  8.675218e-03 
 1831.000  8.663721e-03 
 1832.000  3.583879e-03 
 1833.000  3.458103e-03 
 1834.000  1.408887e-03 
 1835.000  2.887395e-04 
 1836.000  2.897198e-04 
 1837.000  1.495775e-04 
 1838.000  1.202888e-04 
 1839.000  1.719282e-04 
 1840.000  3.910772e-04 
 1841.000  4.001707e-04 
 1842.000  7.560427e-04 
 1843.000  7.328914e-04 
 1844.000  1.147420e-03 
 1845.000  1.015680e-03 
 1846.000  7.255215e-04 
 1847.000  4.379233e-04 
 1848.000  4.517777e-04 
 1849.000  4.476788e-04 
 1850.000  4.521178e-04 
 1851.000  4.189241e-04 
 1852.000  4.471222e-04 
 1853.000  4.378243e-04 
 1854.000  4.500695e-04 
 1855.000  4.823100e-04 
 1856.000  5.556087e-04 
 1857.000  5.790306e-04 
 1858.000  9.576173e-04 
 1859.000  2.278572e-03 
 1860.000  2.255021e-03 
 1861.000  5.447763e-03 
 1862.000  4.846129e-03 
 1863.000  5.545214e-03 
 1864.000  4.243277e-03 
 1865.000  4.267123e-03 
 1866.000  1.441926e-03 
 1867.000  1.420341e-03 
 1868.000  1.610458e-04 
 1869.000  1.802406e-04 
 1870.000  2.033352e-05 
 1871.000  4.242131e-09 
 1872.000  4.213496e-09 
 1873.000  3.158571e-05 
 1874.000  3.157906e-05 
 1875.000  2.709050e-04 
 1876.000  2.628884e-04 
 1877.000  2.631142e-03 
 1878.000  9.100207e-03 
 1879.000  9.306884e-03 
 1880.000  2.045812e-02 
 1881.000  2.110318e-02 
 1882.000  3.334683e-02 
 1883.000  4.039365e-02 
 1884.000  5.308401e-02 
 1885.000  5.284645e-02 
 1886.000  5.126953e-02 
 1887.000  5.920361e-02 
 1888.000  5.845403e-02 
 1889.000  4.171347e-02 
 1890.000  4.018893e-02 
 1891.000  3.276261e-02 
 1892.000  3.179347e-02 
 1893.000  2.566634e-02 
 1894.000  2.018478e-02 
 1895.000  1.971759e-02 
 1896.000  1.133506e-02 
 1897.000  1.129574e-02 
 1898.000  4.125491e-03 
 1899.000  4.064917e-03 
 1900.000  1.698758e-03 
 1901.000  1.707666e-03 
 1902.000  1.133076e-03 
 1903.000  2.024349e-03 
 1904.000  2.008414e-03 
 1905.000  4.207196e-03 
 1906.000  4.229247e-03 
 1907.000  7.750581e-03 
 1908.000  7.614909e-03 
 1909.000  9.261401e-03 
 1910.000  9.284628e-03 
 1911.000  1.032528e-02 
 1912.000  1.082241e-02 
 1913.000  1.846779e-02 
 1914.000  2.740660e-02 
 1915.000  2.725580e-02 
 1916.000  7.840552e-02 
 1917.000  7.888911e-02 
 1918.000  1.221516e-01 
 1919.000  1.217479e-01 
 1920.000  2.193354e-01 
 1921.000  2.283260e-01 
 1922.000  3.083556e-01 
 1923.000  3.461304e-01 
 1924.000  4.186144e-01 
 1925.000  4.375136e-01 
 1926.000  4.401987e-01 
 1927.000  6.212441e-01 
 1928.000  6.153115e-01 
 1929.000  7.037954e-01 
 1930.000  7.321067e-01 
 1931.000  1.242340e+00 
 1932.000  1.281116e+00 
 1933.000  1.501913e+00 
 1934.000  1.824371e+00 
 1935.000  2.365646e+00 
 1936.000  2.398440e+00 
 1937.000  2.561234e+00 
 1938.000  3.432257e+00 
 1939.000  3.279991e+00 
 1940.000  4.054224e+00 
 1941.000  4.094311e+00 
 1942.000  5.410552e+00 
 1943.000  5.252364e+00 
 1944.000  5.860523e+00 
 1945.000  5.507046e+00 
 1946.000  7.463096e+00 
 1947.000  7.929218e+00 
 1948.000  8.897039e+00 
 1949.000  9.420715e+00 
 1950.000  1.024349e+01 
 1951.000  9.946803e+00 
 1952.000  9.955587e+00 
 1953.000  1.063892e+01 
 1954.000  1.067281e+01 
 1955.000  1.065954e+01 
 1956.000  1.025832e+01 
 1957.000  1.131876e+01 
 1958.000  1.137181e+01 
 1959.000  1.337779e+01 
 1960.000  1.327717e+01 
 1961.000  1.652055e+01 
 1962.000  1.619203e+01 
 1963.000  1.986430e+01 
 1964.000  1.988733e+01 
 1965.000  2.497121e+01 
 1966.000  2.436099e+01 
 1967.000  2.822587e+01 
 1968.000  2.831141e+01 
 1969.000  3.177720e+01 
 1970.000  3.205713e+01 
 1971.000  3.427272e+01 
 1972.000  3.422661e+01 
 1973.000  3.463022e+01 
 1974.000  3.557962e+01 
 1975.000  3.834803e+01 
 1976.000  3.856077e+01 
 1977.000  4.048890e+01 
 1978.000  3.842657e+01 
 1979.000  4.220796e+01 
 1980.000  4.099927e+01 
 1981.000  4.358624e+01 
 1982.000  4.397232e+01 
 1983.000  4.491213e+01 
 1984.000  4.451865e+01 
 1985.000  4.512168e+01 
 1986.000  4.421928e+01 
 1987.000  4.488648e+01 
 1988.000  4.618226e+01 
 1989.000  4.596794e+01 
 1990.000  4.583612e+01 
 1991.000  4.555960e+01 
 1992.000  4.498087e+01 
 1993.000  4.294373e+01 
 1994.000  4.329021e+01 
 1995.000  4.069168e+01 
 1996.000  4.072218e+01 
 1997.000  3.404609e+01 
 1998.000  3.340126e+01 
 1999.000  2.606195e+01 
 2000.000  2.610275e+01 
 2001.000  1.953324e+01 
 2002.000  1.956486e+01 
 2003.000  1.641230e+01 
 2004.000  1.641564e+01 
 2005.000  1.681045e+01 
 2006.000  1.637415e+01 
 2007.000  1.850587e+01 
 2008.000  1.850552e+01 
 2009.000  1.988999e+01 
 2010.000  1.992672e+01 
 2011.000  2.036100e+01 
 2012.000  2.034974e+01 
 2013.000  2.075068e+01 
 2014.000  2.054732e+01 
 2015.000  2.166771e+01 
 2016.000  2.164508e+01 
 2017.000  2.422562e+01 
 2018.000  2.428301e+01 
 2019.000  2.878437e+01 
 2020.000  2.858196e+01 
 2021.000  3.241408e+01 
 2022.000  3.355667e+01 
 2023.000  3.838235e+01 
 2024.000  3.842853e+01 
 2025.000  4.182862e+01 
 2026.000  4.220833e+01 
 2027.000  4.456387e+01 
 2028.000  4.473123e+01 
 2029.000  4.604976e+01 
 2030.000  4.551168e+01 
 2031.000  4.739255e+01 
 2032.000  4.818402e+01 
 2033.000  4.950325e+01 
 2034.000  4.946464e+01 
 2035.000  4.846989e+01 
 2036.000  4.960689e+01 
 2037.000  4.994150e+01 
 2038.000  4.726274e+01 
 2039.000  4.877528e+01 
 2040.000  4.917186e+01 
 2041.000  4.865923e+01 
 2042.000  4.820673e+01 
 2043.000  4.749368e+01 
 2044.000  4.748552e+01 
 2045.000  4.566246e+01 
 2046.000  4.563160e+01 
 2047.000  4.538454e+01 
 2048.000  4.227157e+01 
 2049.000  4.250624e+01 
 2050.000  3.890339e+01 
 2051.000  3.868813e+01 
 2052.000  3.631723e+01 
 2053.000  3.580871e+01 
 2054.000  3.541436e+01 
 2055.000  3.568349e+01 
 2056.000  3.621812e+01 
 2057.000  3.607863e+01 
 2058.000  3.714378e+01 
 2059.000  3.715686e+01 
 2060.000  3.742245e+01 
 2061.000  3.643178e+01 
 2062.000  3.752205e+01 
 2063.000  3.738277e+01 
 2064.000  3.522512e+01 
 2065.000  3.729031e+01 
 2066.000  3.733720e+01 
 2067.000  3.775785e+01 
 2068.000  3.743808e+01 
 2069.000  3.856522e+01 
 2070.000  3.727344e+01 
 2071.000  4.048412e+01 
 2072.000  4.002047e+01 
 2073.000  4.278239e+01 
 2074.000  4.271841e+01 
 2075.000  4.449960e+01 
 2076.000  4.444911e+01 
 2077.000  4.581422e+01 
 2078.000  4.580379e+01 
 2079.000  4.504335e+01 
 2080.000  4.642945e+01 
 2081.000  4.597734e+01 
 2082.000  4.686048e+01 
 2083.000  4.604314e+01 
 2084.000  4.666391e+01 
 2085.000  4.705298e+01 
 2086.000  4.769126e+01 
 2087.000  4.766837e+01 
 2088.000  4.820431e+01 
 2089.000  4.827255e+01 
 2090.000  4.854673e+01 
 2091.000  4.818391e+01 
 2092.000  4.634592e+01 
 2093.000  4.800004e+01 
 2094.000  4.845202e+01 
 2095.000  4.689334e+01 
 2096.000  4.830579e+01 
 2097.000  4.805412e+01 
 2098.000  4.798850e+01 
 2099.000  4.832079e+01 
 2100.000  4.844928e+01 
 2101.000  4.877978e+01 
 2102.000  4.911297e+01 
 2103.000  4.836392e+01 
 2104.000  4.932928e+01 
 2105.000  4.928789e+01 
 2106.000  4.973116e+01 
 2107.000  4.958229e+01 
 2108.000  4.956887e+01 
 2109.000  4.931498e+01 
 2110.000  4.800319e+01 
 2111.000  4.912128e+01 
 2112.000  4.889625e+01 
 2113.000  4.864810e+01 
 2114.000  4.880087e+01 
 2115.000  4.863685e+01 
 2116.000  4.830451e+01 
 2117.000  4.708305e+01 
 2118.000  4.817230e+01 
 2119.000  4.860584e+01 
 2120.000  4.744236e+01 
 2121.000  4.865880e+01 
 2122.000  4.823963e+01 
 2123.000  4.827254e+01 
 2124.000  4.775362e+01 
 2125.000  4.878534e+01 
 2126.000  4.932005e+01 
 2127.000  4.846167e+01 
 2128.000  4.975211e+01 
 2129.000  4.964011e+01 
 2130.000  4.960746e+01 
 2131.000  4.990660e+01 
 2132.000  4.981813e+01 
 2133.000  4.989811e+01 
 2134.000  4.974765e+01 
 2135.000  4.987655e+01 
 2136.000  4.805587e+01 
 2137.000  4.972615e+01 
 2138.000  4.971574e+01 
 2139.000  4.946676e+01 
 2140.000  4.943854e+01 
 2141.000  4.948370e+01 
 2142.000  4.909661e+01 
 2143.000  4.885114e+01 
 2144.000  4.829085e+01 
 2145.000  4.780992e+01 
 2146.000  4.658347e+01 
 2147.000  4.705664e+01 
 2148.000  4.707737e+01 
 2149.000  4.594355e+01 
 2150.000  4.588787e+01 
 2151.000  4.508781e+01 
 2152.000  4.497739e+01 
 2153.000  4.453949e+01 
 2154.000  4.464503e+01 
 2155.000  4.462472e+01 
 2156.000  4.476696e+01 
 2157.000  4.465288e+01 
 2158.000  4.467326e+01 
 2159.000  4.446650e+01 
 2160.000  4.440612e+01 
 2161.000  4.436190e+01 
 2162.000  4.376736e+01 
 2163.000  4.391314e+01 
 2164.000  4.329811e+01 
 2165.000  4.195081e+01 
 2166.000  3.768306e+01 
 2167.000  4.131410e+01 
 2168.000  4.262168e+01 
 2169.000  4.375253e+01 
 2170.000  4.381048e+01 
 2171.000  4.419230e+01 
 2172.000  4.395060e+01 
 2173.000  4.410892e+01 
 2174.000  4.379494e+01 
 2175.000  4.384831e+01 
 2176.000  4.357936e+01 
 2177.000  4.303631e+01 
 2178.000  4.335006e+01 
 2179.000  4.141075e+01 
 2180.000  4.308234e+01 
 2181.000  4.301421e+01 
 2182.000  4.235591e+01 
 2183.000  4.131094e+01 
 2184.000  4.237712e+01 
 2185.000  4.248448e+01 
 2186.000  4.267770e+01 
 2187.000  4.262116e+01 
 2188.000  4.154417e+01 
 2189.000  4.149179e+01 
 2190.000  4.199498e+01 
 2191.000  4.256795e+01 
 2192.000  4.245173e+01 
 2193.000  4.180727e+01 
 2194.000  4.169814e+01 
 2195.000  4.157412e+01 
 2196.000  4.086881e+01 
 2197.000  4.070828e+01 
 2198.000  4.035630e+01 
 2199.000  4.029850e+01 
 2200.000  4.014875e+01 
 2201.000  4.038552e+01 
 2202.000  4.032048e+01 
 2203.000  4.110507e+01 
 2204.000  4.111257e+01 
 2205.000  4.099498e+01 
 2206.000  4.032636e+01 
 2207.000  3.981271e+01 
 2208.000  4.214103e+01 
 2209.000  4.126998e+01 
 2210.000  4.276316e+01 
 2211.000  4.272518e+01 
 2212.000  4.258928e+01 
 2213.000  4.265736e+01 
 2214.000  4.248621e+01 
 2215.000  4.254094e+01 
 2216.000  4.218353e+01 
 2217.000  4.157351e+01 
 2218.000  4.210830e+01 
 2219.000  4.224277e+01 
 2220.000  4.216070e+01 
 2221.000  4.208778e+01 
 2222.000  4.192105e+01 
 2223.000  4.198914e+01 
 2224.000  4.188520e+01 
 2225.000  4.175460e+01 
 2226.000  4.103333e+01 
 2227.000  4.114988e+01 
 2228.000  4.118275e+01 
 2229.000  4.155264e+01 
 2230.000  4.112294e+01 
 2231.000  4.118546e+01 
 2232.000  4.118262e+01 
 2233.000  4.105760e+01 
 2234.000  4.098079e+01 
 2235.000  4.072274e+01 
 2236.000  4.055834e+01 
 2237.000  4.057578e+01 
 2238.000  4.006518e+01 
 2239.000  3.922406e+01 
 2240.000  3.967120e+01 
 2241.000  4.006247e+01 
 2242.000  3.997424e+01 
 2243.000  3.927732e+01 
 2244.000  3.957555e+01 
 2245.000  3.957410e+01 
 2246.000  3.948916e+01 
 2247.000  3.945132e+01 
 2248.000  3.837162e+01 
 2249.000  3.917044e+01 
 2250.000  3.880789e+01 
 2251.000  3.876213e+01 
 2252.000  3.882271e+01 
 2253.000  3.820498e+01 
 2254.000  3.725028e+01 
 2255.000  3.799492e+01 
 2256.000  3.770792e+01 
 2257.000  3.770429e+01 
 2258.000  3.760722e+01 
 2259.000  3.764944e+01 
 2260.000  3.730408e+01 
 2261.000  3.712122e+01 
 2262.000  3.718950e+01 
 2263.000  3.585550e+01 
 2264.000  3.717448e+01 
 2265.000  3.695444e+01 
 2266.000  3.646529e+01 
 2267.000  3.678806e+01 
 2268.000  3.682171e+01 
 2269.000  3.673693e+01 
 2270.000  3.662791e+01 
 2271.000  3.637788e+01 
 2272.000  3.671417e+01 
 2273.000  3.668731e+01 
 2274.000  3.657788e+01 
 2275.000  3.603506e+01 
 2276.000  3.652171e+01 
 2277.000  3.652821e+01 
 2278.000  3.649691e+01 
 2279.000  3.638368e+01 
 2280.000  3.627365e+01 
 2281.000  3.440968e+01 
 2282.000  3.552840e+01 
 2283.000  3.562959e+01 
 2284.000  3.547716e+01 
 2285.000  3.534901e+01 
 2286.000  3.514282e+01 
 2287.000  3.521345e+01 
 2288.000  3.508692e+01 
 2289.000  3.454605e+01 
 2290.000  3.454477e+01 
 2291.000  3.391314e+01 
 2292.000  3.408055e+01 
 2293.000  3.401322e+01 
 2294.000  3.204639e+01 
 2295.000  3.289522e+01 
 2296.000  3.276517e+01 
 2297.000  3.220696e+01 
 2298.000  3.292154e+01 
 2299.000  3.306423e+01 
 2300.000  3.297597e+01 
 2301.000  3.295085e+01 
 2302.000  3.346555e+01 
 2303.000  3.336616e+01 
 2304.000  3.325004e+01 
 2305.000  3.377365e+01 
 2306.000  3.380912e+01 
 2307.000  3.385258e+01 
 2308.000  3.384708e+01 
 2309.000  3.362337e+01 
 2310.000  3.332390e+01 
 2311.000  3.342827e+01 
 2312.000  3.327178e+01 
 2313.000  3.261504e+01 
 2314.000  3.242476e+01 
 2315.000  3.090302e+01 
 2316.000  3.135534e+01 
 2317.000  3.105036e+01 
 2318.000  3.284385e+01 
 2319.000  3.271206e+01 
 2320.000  3.090362e+01 
 2321.000  3.098779e+01 
 2322.000  3.096354e+01 
 2323.000  2.972328e+01 
 2324.000  3.054855e+01 
 2325.000  3.079789e+01 
 2326.000  3.064521e+01 
 2327.000  3.122710e+01 
 2328.000  3.143623e+01 
 2329.000  3.113090e+01 
 2330.000  3.107725e+01 
 2331.000  3.092507e+01 
 2332.000  3.047821e+01 
 2333.000  3.045702e+01 
 2334.000  2.953391e+01 
 2335.000  2.911433e+01 
 2336.000  2.930668e+01 
 2337.000  2.845705e+01 
 2338.000  2.830998e+01 
 2339.000  2.757736e+01 
 2340.000  2.760970e+01 
 2341.000  2.764298e+01 
 2342.000  2.706369e+01 
 2343.000  2.693590e+01 
 2344.000  2.685742e+01 
 2345.000  2.643715e+01 
 2346.000  2.650025e+01 
 2347.000  2.633219e+01 
 2348.000  2.613725e+01 
 2349.000  2.626236e+01 
 2350.000  2.609589e+01 
 2351.000  2.629870e+01 
 2352.000  2.589008e+01 
 2353.000  2.528468e+01 
 2354.000  2.594217e+01 
 2355.000  2.623803e+01 
 2356.000  2.672267e+01 
 2357.000  2.650642e+01 
 2358.000  2.649268e+01 
 2359.000  2.698627e+01 
 2360.000  2.700960e+01 
 2361.000  2.681162e+01 
 2362.000  2.620283e+01 
 2363.000  2.616602e+01 
 2364.000  2.620948e+01 
 2365.000  2.517717e+01 
 2366.000  2.522912e+01 
 2367.000  2.394131e+01 
 2368.000  2.382127e+01 
 2369.000  2.359333e+01 
 2370.000  2.276114e+01 
 2371.000  2.302517e+01 
 2372.000  2.303257e+01 
 2373.000  2.291265e+01 
 2374.000  2.179411e+01 
 2375.000  2.249146e+01 
 2376.000  2.244659e+01 
 2377.000  2.237445e+01 
 2378.000  2.230853e+01 
 2379.000  2.248867e+01 
 2380.000  2.241578e+01 
 2381.000  2.190709e+01 
 2382.000  2.196029e+01 
 2383.000  2.090688e+01 
 2384.000  2.088855e+01 
 2385.000  2.105026e+01 
 2386.000  2.120470e+01 
 2387.000  2.123769e+01 
 2388.000  2.180757e+01 
 2389.000  2.172910e+01 
 2390.000  2.226410e+01 
 2391.000  2.222562e+01 
 2392.000  2.211864e+01 
 2393.000  2.226925e+01 
 2394.000  2.255875e+01 
 2395.000  2.235967e+01 
 2396.000  2.228215e+01 
 2397.000  2.238659e+01 
 2398.000  2.217506e+01 
 2399.000  2.191524e+01 
 2400.000  2.171069e+01 
 2401.000  2.112989e+01 
 2402.000  2.123763e+01 
 2403.000  2.108251e+01 
 2404.000  1.985426e+01 
 2405.000  1.998552e+01 
 2406.000  1.969534e+01 
 2407.000  1.873009e+01 
 2408.000  1.876309e+01 
 2409.000  1.870297e+01 
 2410.000  1.750834e+01 
 2411.000  1.752504e+01 
 2412.000  1.750343e+01 
 2413.000  1.668343e+01 
 2414.000  1.610294e+01 
 2415.000  1.601552e+01 
 2416.000  1.551458e+01 
 2417.000  1.621499e+01 
 2418.000  1.635649e+01 
 2419.000  1.771109e+01 
 2420.000  1.752193e+01 
 2421.000  1.752101e+01 
 2422.000  1.841767e+01 
 2423.000  1.828856e+01 
 2424.000  1.834336e+01 
 2425.000  1.861353e+01 
 2426.000  1.884892e+01 
 2427.000  1.856790e+01 
 2428.000  1.847500e+01 
 2429.000  1.860019e+01 
 2430.000  1.848929e+01 
 2431.000  1.784597e+01 
 2432.000  1.795699e+01 
 2433.000  1.778588e+01 
 2434.000  1.670310e+01 
 2435.000  1.652049e+01 
 2436.000  1.698311e+01 
 2437.000  1.688319e+01 
 2438.000  1.647841e+01 
 2439.000  1.682341e+01 
 2440.000  1.583075e+01 
 2441.000  1.564737e+01 
 2442.000  1.574434e+01 
 2443.000  1.417094e+01 
 2444.000  1.410080e+01 
 2445.000  1.288384e+01 
 2446.000  1.251244e+01 
 2447.000  1.254159e+01 
 2448.000  1.211717e+01 
 2449.000  1.211783e+01 
 2450.000  1.220312e+01 
 2451.000  1.232637e+01 
 2452.000  1.232119e+01 
 2453.000  1.251374e+01 
 2454.000  1.398064e+01 
 2455.000  1.383730e+01 
 2456.000  1.381378e+01 
 2457.000  1.316809e+01 
 2458.000  1.421557e+01 
 2459.000  1.431452e+01 
 2460.000  1.422717e+01 
 2461.000  1.348882e+01 
 2462.000  1.352475e+01 
 2463.000  1.327351e+01 
 2464.000  1.233007e+01 
 2465.000  1.223402e+01 
 2466.000  1.213928e+01 
 2467.000  1.089615e+01 
 2468.000  1.089587e+01 
 2469.000  1.062918e+01 
 2470.000  8.573644e+00 
 2471.000  8.940212e+00 
 2472.000  8.905278e+00 
 2473.000  8.307994e+00 
 2474.000  8.160586e+00 
 2475.000  8.133147e+00 
 2476.000  6.629008e+00 
 2477.000  6.726732e+00 
 2478.000  6.694726e+00 
 2479.000  5.238544e+00 
 2480.000  5.314989e+00 
 2481.000  5.070268e+00 
 2482.000  4.023436e+00 
 2483.000  3.911968e+00 
 2484.000  4.095294e+00 
 2485.000  3.329765e+00 
 2486.000  3.309826e+00 
 2487.000  3.003142e+00 
 2488.000  2.927820e+00 
 2489.000  2.925994e+00 
 2490.000  2.941472e+00 
 2491.000  3.006734e+00 
 2492.000  3.019232e+00 
 2493.000  2.971619e+00 
 2494.000  2.942090e+00 
 2495.000  2.910206e+00 
 2496.000  2.892227e+00 
 2497.000  3.171927e+00 
 2498.000  3.150648e+00 
 2499.000  3.165804e+00 
 2500.000  2.883668e+00 
 2501.000  2.388104e+00 
 2502.000  2.402575e+00 
 2503.000  2.377765e+00 
 2504.000  2.092153e+00 
 2505.000  2.115962e+00 
 2506.000  1.867308e+00 
 2507.000  1.181671e+00 
 2508.000  1.165202e+00 
 2509.000  1.160859e+00 
 2510.000  8.510148e-01 
 2511.000  8.562972e-01 
 2512.000  6.987450e-01 
 2513.000  3.858638e-01 
 2514.000  3.852284e-01 
 2515.000  3.834203e-01 
 2516.000  3.130093e-01 
 2517.000  3.104151e-01 
 2518.000  3.056167e-01 
 2519.000  1.167121e-01 
 2520.000  1.165617e-01 
 2521.000  1.167964e-01 
 2522.000  1.165203e-01 
 2523.000  7.036251e-02 
 2524.000  7.012995e-02 
 2525.000  4.820161e-02 
 2526.000  1.542449e-02 
 2527.000  1.533235e-02 
 2528.000  1.539786e-02 
 2529.000  7.639727e-03 
 2530.000  7.651757e-03 
 2531.000  7.673020e-03 
 2532.000  1.177495e-03 
 2533.000  1.167063e-03 
 2534.000  1.176531e-03 
 2535.000  6.984824e-04 
 2536.000  7.025613e-04 
 2537.000  6.959062e-04 
 2538.000  3.475155e-04 
 2539.000  4.893358e-05 
 2540.000  4.907581e-05 
 2541.000  4.934930e-05 
 2542.000  2.261238e-05 
 2543.000  2.353763e-05 
 2544.000  7.024914e-06 
 2545.000  1.750583e-06 
 2546.000  1.757404e-06 
 2547.000  1.715131e-06 
 2548.000  1.741255e-06 
 2549.000  1.773126e-06 
 2550.000  1.764355e-06 
 2551.000  4.997846e-07 
 2552.000  1.266999e-07 
 2553.000  1.255347e-07 
 2554.000  1.282622e-07 
 2555.000  9.396103e-08 
 2556.000  9.334700e-08 
 2557.000  2.120050e-08 
 2558.000  0.000000e+00 
 2559.000  0.000000e+00 
 2560.000  0.000000e+00 
 2561.000  0.000000e+00 
 2562.000  0.000000e+00 
 2563.000  0.000000e+00 
 2564.000  0.000000e+00 
 2565.000  0.000000e+00 
 2566.000  0.000000e+00 
 2567.000  0.000000e+00 
 2568.000  0.000000e+00 
 2569.000  0.000000e+00 
 2570.000  0.000000e+00 
 2571.000  0.000000e+00 
 2572.000  0.000000e+00 
 2573.000  0.000000e+00 
 2574.000  0.000000e+00 
 2575.000  0.000000e+00 
 2576.000  0.000000e+00 
 2577.000  0.000000e+00 
 2578.000  0.000000e+00 
 2579.000  0.000000e+00 
 2580.000  0.000000e+00 
 2581.000  0.000000e+00 
 2582.000  0.000000e+00 
 2583.000  0.000000e+00 
 2584.000  0.000000e+00 
 2585.000  0.000000e+00 
 2586.000  0.000000e+00 
 2587.000  0.000000e+00 
 2588.000  0.000000e+00 
 2589.000  0.000000e+00 
 2590.000  0.000000e+00 
 2591.000  0.000000e+00 
 2592.000  0.000000e+00 
 2593.000  0.000000e+00 
 2594.000  0.000000e+00 
 2595.000  0.000000e+00 
 2596.000  0.000000e+00 
 2597.000  0.000000e+00 
 2598.000  0.000000e+00 
 2599.000  0.000000e+00 
 2600.000  0.000000e+00 
 2601.000  0.000000e+00 
 2602.000  0.000000e+00 
 2603.000  0.000000e+00 
 2604.000  0.000000e+00 
 2605.000  0.000000e+00 
 2606.000  0.000000e+00 
 2607.000  0.000000e+00 
 2608.000  0.000000e+00 
 2609.000  0.000000e+00 
 2610.000  0.000000e+00 
 2611.000  0.000000e+00 
 2612.000  0.000000e+00 
 2613.000  0.000000e+00 
 2614.000  0.000000e+00 
 2615.000  0.000000e+00 
 2616.000  0.000000e+00 
 2617.000  0.000000e+00 
 2618.000  0.000000e+00 
 2619.000  0.000000e+00 
 2620.000  0.000000e+00 
 2621.000  0.000000e+00 
 2622.000  0.000000e+00 
 2623.000  0.000000e+00 
 2624.000  0.000000e+00 
 2625.000  0.000000e+00 
 2626.000  0.000000e+00 
 2627.000  0.000000e+00 
 2628.000  0.000000e+00 
 2629.000  0.000000e+00 
 2630.000  0.000000e+00 
 2631.000  0.000000e+00 
 2632.000  0.000000e+00 
 2633.000  0.000000e+00 
 2634.000  0.000000e+00 
 2635.000  0.000000e+00 
 2636.000  0.000000e+00 
 2637.000  0.000000e+00 
 2638.000  0.000000e+00 
 2639.000  0.000000e+00 
 2640.000  0.000000e+00 
 2641.000  0.000000e+00 
 2642.000  0.000000e+00 
 2643.000  0.000000e+00 
 2644.000  0.000000e+00 
 2645.000  0.000000e+00 
 2646.000  0.000000e+00 
 2647.000  0.000000e+00 
 2648.000  0.000000e+00 
 2649.000  0.000000e+00 
 2650.000  0.000000e+00 
 2651.000  0.000000e+00 
 2652.000  0.000000e+00 
 2653.000  0.000000e+00 
 2654.000  0.000000e+00 
 2655.000  0.000000e+00 
 2656.000  0.000000e+00 
 2657.000  0.000000e+00 
 2658.000  0.000000e+00 
 2659.000  0.000000e+00 
 2660.000  0.000000e+00 
 2661.000  0.000000e+00 
 2662.000  0.000000e+00 
 2663.000  0.000000e+00 
 2664.000  0.000000e+00 
 2665.000  0.000000e+00 
 2666.000  0.000000e+00 
 2667.000  0.000000e+00 
 2668.000  0.000000e+00 
 2669.000  0.000000e+00 
 2670.000  0.000000e+00 
 2671.000  0.000000e+00 
 2672.000  0.000000e+00 
 2673.000  0.000000e+00 
 2674.000  0.000000e+00 
 2675.000  0.000000e+00 
 2676.000  0.000000e+00 
 2677.000  0.000000e+00 
 2678.000  0.000000e+00 
 2679.000  0.000000e+00 
 2680.000  0.000000e+00 
 2681.000  0.000000e+00 
 2682.000  0.000000e+00 
 2683.000  0.000000e+00 
 2684.000  0.000000e+00 
 2685.000  0.000000e+00 
 2686.000  0.000000e+00 
 2687.000  0.000000e+00 
 2688.000  0.000000e+00 
 2689.000  0.000000e+00 
 2690.000  0.000000e+00 
 2691.000  0.000000e+00 
 2692.000  0.000000e+00 
 2693.000  0.000000e+00 
 2694.000  0.000000e+00 
 2695.000  0.000000e+00 
 2696.000  0.000000e+00 
 2697.000  0.000000e+00 
 2698.000  0.000000e+00 
 2699.000  0.000000e+00 
 2700.000  0.000000e+00 
 2701.000  0.000000e+00 
 2702.000  0.000000e+00 
 2703.000  0.000000e+00 
 2704.000  0.000000e+00 
 2705.000  0.000000e+00 
 2706.000  0.000000e+00 
 2707.000  0.000000e+00 
 2708.000  0.000000e+00 
 2709.000  0.000000e+00 
 2710.000  0.000000e+00 
 2711.000  0.000000e+00 
 2712.000  0.000000e+00 
 2713.000  0.000000e+00 
 2714.000  0.000000e+00 
 2715.000  0.000000e+00 
 2716.000  0.000000e+00 
 2717.000  0.000000e+00 
 2718.000  0.000000e+00 
 2719.000  0.000000e+00 
 2720.000  0.000000e+00 
 2721.000  0.000000e+00 
 2722.000  0.000000e+00 
 2723.000  0.000000e+00 
 2724.000  0.000000e+00 
 2725.000  0.000000e+00 
 2726.000  0.000000e+00 
 2727.000  0.000000e+00 
 2728.000  0.000000e+00 
 2729.000  0.000000e+00 
 2730.000  0.000000e+00 
 2731.000  0.000000e+00 
 2732.000  0.000000e+00 
 2733.000  0.000000e+00 
 2734.000  0.000000e+00 
 2735.000  0.000000e+00 
 2736.000  0.000000e+00 
 2737.000  0.000000e+00 
 2738.000  0.000000e+00 
 2739.000  0.000000e+00 
 2740.000  0.000000e+00 
 2741.000  0.000000e+00 
 2742.000  0.000000e+00 
 2743.000  0.000000e+00 
 2744.000  0.000000e+00 
 2745.000  0.000000e+00 
 2746.000  0.000000e+00 
 2747.000  0.000000e+00 
 2748.000  0.000000e+00 
 2749.000  0.000000e+00 
 2750.000  0.000000e+00 
 2751.000  0.000000e+00 
 2752.000  0.000000e+00 
 2753.000  0.000000e+00 
 2754.000  0.000000e+00 
 2755.000  0.000000e+00 
 2756.000  0.000000e+00 
 2757.000  0.000000e+00 
 2758.000  0.000000e+00 
 2759.000  0.000000e+00 
 2760.000  0.000000e+00 
 2761.000  0.000000e+00 
 2762.000  0.000000e+00 
 2763.000  0.000000e+00 
 2764.000  0.000000e+00 
 2765.000  0.000000e+00 
 2766.000  0.000000e+00 
 2767.000  0.000000e+00 
 2768.000  0.000000e+00 
 2769.000  0.000000e+00 
 2770.000  0.000000e+00 
 2771.000  0.000000e+00 
 2772.000  0.000000e+00 
 2773.000  0.000000e+00 
 2774.000  0.000000e+00 
 2775.000  0.000000e+00 
 2776.000  0.000000e+00 
 2777.000  0.000000e+00 
 2778.000  0.000000e+00 
 2779.000  0.000000e+00 
 2780.000  0.000000e+00 
 2781.000  0.000000e+00 
 2782.000  0.000000e+00 
 2783.000  0.000000e+00 
 2784.000  0.000000e+00 
 2785.000  0.000000e+00 
 2786.000  0.000000e+00 
 2787.000  0.000000e+00 
 2788.000  0.000000e+00 
 2789.000  0.000000e+00 
 2790.000  0.000000e+00 
 2791.000  0.000000e+00 
 2792.000  0.000000e+00 
 2793.000  0.000000e+00 
 2794.000  0.000000e+00 
 2795.000  0.000000e+00 
 2796.000  0.000000e+00 
 2797.000  0.000000e+00 
 2798.000  7.936595e-11 
 2799.000  7.942636e-11 
 2800.000  7.968928e-11 
 2801.000  1.732131e-10 
 2802.000  8.009292e-10 
 2803.000  7.993657e-10 
 2804.000  7.956169e-10 
 2805.000  8.024580e-10 
 2806.000  2.281426e-07 
 2807.000  2.273125e-07 
 2808.000  2.283188e-07 
 2809.000  2.843932e-06 
 2810.000  2.849192e-06 
 2811.000  2.846479e-06 
 2812.000  2.849684e-06 
 2813.000  1.078673e-05 
 2814.000  1.078801e-05 
 2815.000  1.080756e-05 
 2816.000  1.075538e-05 
 2817.000  9.101826e-05 
 2818.000  9.103178e-05 
 2819.000  9.090896e-05 
 2820.000  9.080507e-05 
 2821.000  2.232477e-04 
 2822.000  2.229092e-04 
 2823.000  2.228548e-04 
 2824.000  2.221543e-04 
 2825.000  8.281259e-04 
 2826.000  8.294436e-04 
 2827.000  8.277838e-04 
 2828.000  8.261901e-04 
 2829.000  1.010271e-03 
 2830.000  1.011010e-03 
 2831.000  1.008795e-03 
 2832.000  1.011515e-03 
 2833.000  2.313537e-03 
 2834.000  2.316624e-03 
 2835.000  2.315638e-03 
 2836.000  2.312649e-03 
 2837.000  2.631417e-03 
 2838.000  2.626669e-03 
 2839.000  2.631634e-03 
 2840.000  2.617234e-03 
 2841.000  5.312186e-03 
 2842.000  5.408803e-03 
 2843.000  5.385868e-03 
 2844.000  5.388405e-03 
 2845.000  6.001067e-03 
 2846.000  5.997796e-03 
 2847.000  5.990088e-03 
 2848.000  5.992611e-03 
 2849.000  7.553088e-03 
 2850.000  1.334011e-02 
 2851.000  1.333881e-02 
 2852.000  1.333877e-02 
 2853.000  1.340695e-02 
 2854.000  2.095834e-02 
 2855.000  2.105442e-02 
 2856.000  2.104868e-02 
 2857.000  2.481287e-02 
 2858.000  4.747392e-02 
 2859.000  4.730709e-02 
 2860.000  4.698736e-02 
 2861.000  4.731455e-02 
 2862.000  8.022541e-02 
 2863.000  8.013666e-02 
 2864.000  8.013049e-02 
 2865.000  9.462016e-02 
 2866.000  1.416440e-01 
 2867.000  1.410621e-01 
 2868.000  1.398383e-01 
 2869.000  1.404950e-01 
 2870.000  1.892260e-01 
 2871.000  1.901014e-01 
 2872.000  1.880083e-01 
 2873.000  2.078067e-01 
 2874.000  2.915139e-01 
 2875.000  2.931814e-01 
 2876.000  2.946019e-01 
 2877.000  2.950088e-01 
 2878.000  3.862689e-01 
 2879.000  3.862232e-01 
 2880.000  3.854312e-01 
 2881.000  3.856999e-01 
 2882.000  5.938099e-01 
 2883.000  5.944477e-01 
 2884.000  5.939214e-01 
 2885.000  5.923674e-01 
 2886.000  5.907162e-01 
 2887.000  6.521963e-01 
 2888.000  6.515213e-01 
 2889.000  6.480805e-01 
 2890.000  7.019641e-01 
 2891.000  8.061772e-01 
 2892.000  8.056248e-01 
 2893.000  8.043624e-01 
 2894.000  8.012675e-01 
 2895.000  7.985762e-01 
 2896.000  7.972525e-01 
 2897.000  7.975446e-01 
 2898.000  8.403865e-01 
 2899.000  8.179097e-01 
 2900.000  8.202177e-01 
 2901.000  8.178853e-01 
 2902.000  8.184636e-01 
 2903.000  9.470197e-01 
 2904.000  9.455000e-01 
 2905.000  9.457222e-01 
 2906.000  9.318967e-01 
 2907.000  1.124992e+00 
 2908.000  1.123654e+00 
 2909.000  1.123210e+00 
 2910.000  1.121585e+00 
 2911.000  1.120285e+00 
 2912.000  1.268229e+00 
 2913.000  1.264492e+00 
 2914.000  1.262306e+00 
 2915.000  1.302988e+00 
 2916.000  1.641943e+00 
 2917.000  1.655226e+00 
 2918.000  1.652827e+00 
 2919.000  1.651184e+00 
 2920.000  9.358200e+00 
 2921.000  9.352756e+00 
 2922.000  9.326862e+00 
 2923.000  9.248872e+00 
 2924.000  2.587660e+00 
 2925.000  2.615514e+00 
 2926.000  2.573274e+00 
 2927.000  2.611754e+00 
 2928.000  2.611408e+00 
 2929.000  2.787184e+00 
 2930.000  2.831882e+00 
 2931.000  2.829089e+00 
 2932.000  2.947930e+00 
 2933.000  2.944123e+00 
 2934.000  2.948901e+00 
 2935.000  2.935660e+00 
 2936.000  2.937748e+00 
 2937.000  2.701218e+00 
 2938.000  2.702322e+00 
 2939.000  2.686042e+00 
 2940.000  2.693746e+00 
 2941.000  2.755727e+00 
 2942.000  2.544821e+00 
 2943.000  2.509397e+00 
 2944.000  2.528045e+00 
 2945.000  2.529751e+00 
 2946.000  2.585940e+00 
 2947.000  2.536417e+00 
 2948.000  2.576877e+00 
 2949.000  2.631221e+00 
 2950.000  2.803788e+00 
 2951.000  2.797131e+00 
 2952.000  2.779707e+00 
 2953.000  2.796643e+00 
 2954.000  2.789415e+00 
 2955.000  2.885157e+00 
 2956.000  2.891759e+00 
 2957.000  2.887919e+00 
 2958.000  2.931215e+00 
 2959.000  2.772916e+00 
 2960.000  2.759580e+00 
 2961.000  2.752504e+00 
 2962.000  2.761926e+00 
 2963.000  2.192232e+00 
 2964.000  2.187859e+00 
 2965.000  2.188381e+00 
 2966.000  2.183660e+00 
 2967.000  2.209530e+00 
 2968.000  1.816961e+00 
 2969.000  1.811708e+00 
 2970.000  1.809242e+00 
 2971.000  1.805645e+00 
 2972.000  1.971695e+00 
 2973.000  1.970889e+00 
 2974.000  1.969824e+00 
 2975.000  1.966629e+00 
 2976.000  1.987312e+00 
 2977.000  2.580888e+00 
 2978.000  2.572408e+00 
 2979.000  2.551096e+00 
 2980.000  2.570343e+00 
 2981.000  3.509924e+00 
 2982.000  3.497918e+00 
 2983.000  3.502007e+00 
 2984.000  3.497287e+00 
 2985.000  3.527359e+00 
 2986.000  4.395261e+00 
 2987.000  4.388410e+00 
 2988.000  4.352911e+00 
 2989.000  4.375909e+00 
 2990.000  4.428792e+00 
 2991.000  4.443423e+00 
 2992.000  4.438874e+00 
 2993.000  4.432377e+00 
 2994.000  4.426793e+00 
 2995.000  4.374831e+00 
 2996.000  4.367508e+00 
 2997.000  4.287426e+00 
 2998.000  4.345167e+00 
 2999.000  4.121619e+00 
 3000.000  4.054526e+00 
 3001.000  4.117958e+00 
 3002.000  4.116683e+00 
 3003.000  4.128056e+00 
 3004.000  3.575649e+00 
 3005.000  3.576945e+00 
 3006.000  3.570273e+00 
 3007.000  3.569946e+00 
 3008.000  3.494333e+00 
 3009.000  3.500831e+00 
 3010.000  3.494810e+00 
 3011.000  3.501967e+00 
 3012.000  3.497366e+00 
 3013.000  3.280807e+00 
 3014.000  3.272975e+00 
 3015.000  3.257450e+00 
 3016.000  3.268273e+00 
 3017.000  2.976392e+00 
 3018.000  2.986467e+00 
 3019.000  2.985376e+00 
 3020.000  2.950714e+00 
 3021.000  2.952004e+00 
 3022.000  2.946916e+00 
 3023.000  2.939028e+00 
 3024.000  2.932728e+00 
 3025.000  2.926656e+00 
 3026.000  2.691974e+00 
 3027.000  2.682631e+00 
 3028.000  2.669724e+00 
 3029.000  2.680307e+00 
 3030.000  2.651290e+00 
 3031.000  2.315484e+00 
 3032.000  2.311592e+00 
 3033.000  2.267570e+00 
 3034.000  2.299269e+00 
 3035.000  1.983096e+00 
 3036.000  1.974432e+00 
 3037.000  1.961601e+00 
 3038.000  1.941119e+00 
 3039.000  1.896426e+00 
 3040.000  1.668269e+00 
 3041.000  1.712513e+00 
 3042.000  1.721845e+00 
 3043.000  1.727689e+00 
 3044.000  1.729154e+00 
 3045.000  1.552414e+00 
 3046.000  1.554896e+00 
 3047.000  1.558165e+00 
 3048.000  1.546744e+00 
 3049.000  1.539508e+00 
 3050.000  1.540342e+00 
 3051.000  1.538591e+00 
 3052.000  1.536751e+00 
 3053.000  1.534080e+00 
 3054.000  1.734640e+00 
 3055.000  1.715867e+00 
 3056.000  1.733540e+00 
 3057.000  1.729133e+00 
 3058.000  1.705955e+00 
 3059.000  1.930519e+00 
 3060.000  1.936501e+00 
 3061.000  1.936407e+00 
 3062.000  1.933840e+00 
 3063.000  2.115127e+00 
 3064.000  2.085734e+00 
 3065.000  2.090730e+00 
 3066.000  2.108209e+00 
 3067.000  2.089573e+00 
 3068.000  2.169412e+00 
 3069.000  2.201452e+00 
 3070.000  2.200539e+00 
 3071.000  2.194476e+00 
 3072.000  2.196001e+00 
 3073.000  2.215294e+00 
 3074.000  2.207291e+00 
 3075.000  2.212494e+00 
 3076.000  2.195354e+00 
 3077.000  1.876902e+00 
 3078.000  1.877381e+00 
 3079.000  1.873004e+00 
 3080.000  1.868835e+00 
 3081.000  1.859480e+00 
 3082.000  1.730917e+00 
 3083.000  1.727808e+00 
 3084.000  1.735313e+00 
 3085.000  1.733059e+00 
 3086.000  1.719963e+00 
 3087.000  1.552899e+00 
 3088.000  1.561103e+00 
 3089.000  1.560203e+00 
 3090.000  1.559835e+00 
 3091.000  1.543259e+00 
 3092.000  1.336804e+00 
 3093.000  1.336236e+00 
 3094.000  1.333851e+00 
 3095.000  1.331050e+00 
 3096.000  1.361907e+00 
 3097.000  1.356898e+00 
 3098.000  1.330493e+00 
 3099.000  1.351855e+00 
 3100.000  1.356616e+00 
 3101.000  1.414187e+00 
 3102.000  1.412430e+00 
 3103.000  1.412307e+00 
 3104.000  1.410276e+00 
 3105.000  1.410171e+00 
 3106.000  1.627779e+00 
 3107.000  1.620786e+00 
 3108.000  1.627378e+00 
 3109.000  1.624412e+00 
 3110.000  1.622669e+00 
 3111.000  2.021721e+00 
 3112.000  2.017279e+00 
 3113.000  2.004945e+00 
 3114.000  2.006475e+00 
 3115.000  1.951059e+00 
 3116.000  2.612398e+00 
 3117.000  2.720449e+00 
 3118.000  2.731627e+00 
 3119.000  2.720484e+00 
 3120.000  2.723439e+00 
 3121.000  3.063683e+00 
 3122.000  3.071602e+00 
 3123.000  3.076918e+00 
 3124.000  3.074174e+00 
 3125.000  3.083858e+00 
 3126.000  3.419930e+00 
 3127.000  3.402532e+00 
 3128.000  3.415792e+00 
 3129.000  3.383942e+00 
 3130.000  3.585432e+00 
 3131.000  3.564084e+00 
 3132.000  3.580592e+00 
 3133.000  3.572297e+00 
 3134.000  3.620633e+00 
 3135.000  3.382143e+00 
 3136.000  3.378172e+00 
 3137.000  3.376478e+00 
 3138.000  3.374926e+00 
 3139.000  3.363198e+00 
 3140.000  3.414561e+00 
 3141.000  3.422697e+00 
 3142.000  3.408335e+00 
 3143.000  3.414460e+00 
 3144.000  3.470454e+00 
 3145.000  3.977191e+00 
 3146.000  3.972556e+00 
 3147.000  3.940026e+00 
 3148.000  3.958277e+00 
 3149.000  3.958873e+00 
 3150.000  4.722279e+00 
 3151.000  4.707553e+00 
 3152.000  4.457973e+00 
 3153.000  4.704135e+00 
 3154.000  4.737247e+00 
 3155.000  5.770738e+00 
 3156.000  5.765571e+00 
 3157.000  5.749648e+00 
 3158.000  5.750754e+00 
 3159.000  5.742723e+00 
 3160.000  6.577338e+00 
 3161.000  6.562337e+00 
 3162.000  6.572719e+00 
 3163.000  6.554589e+00 
 3164.000  6.504280e+00 
 3165.000  6.614812e+00 
 3166.000  6.627953e+00 
 3167.000  6.603271e+00 
 3168.000  6.562196e+00 
 3169.000  6.591749e+00 
 3170.000  6.222874e+00 
 3171.000  6.367483e+00 
 3172.000  6.364340e+00 
 3173.000  6.362915e+00 
 3174.000  6.279042e+00 
 3175.000  5.651938e+00 
 3176.000  5.643175e+00 
 3177.000  5.639126e+00 
 3178.000  5.612819e+00 
 3179.000  5.608162e+00 
 3180.000  4.595649e+00 
 3181.000  4.519341e+00 
 3182.000  4.579338e+00 
 3183.000  4.573498e+00 
 3184.000  4.502183e+00 
 3185.000  3.187872e+00 
 3186.000  3.183212e+00 
 3187.000  3.174859e+00 
 3188.000  3.169096e+00 
 3189.000  3.172575e+00 
 3190.000  1.923269e+00 
 3191.000  1.920984e+00 
 3192.000  1.918740e+00 
 3193.000  1.915412e+00 
 3194.000  1.887018e+00 
 3195.000  9.960715e-01 
 3196.000  9.906081e-01 
 3197.000  9.936509e-01 
 3198.000  9.918457e-01 
 3199.000  9.918515e-01 
 3200.000  6.392961e-01 
 3201.000  6.232750e-01 
 3202.000  6.374524e-01 
 3203.000  6.379907e-01 
 3204.000  6.348993e-01 
 3205.000  6.264066e-01 
 3206.000  5.003445e-01 
 3207.000  4.997008e-01 
 3208.000  4.991634e-01 
 3209.000  4.986232e-01 
 3210.000  4.974733e-01 
 3211.000  5.121970e-01 
 3212.000  5.113924e-01 
 3213.000  5.111501e-01 
 3214.000  5.104588e-01 
 3215.000  4.952553e-01 
 3216.000  6.754855e-01 
 3217.000  6.748869e-01 
 3218.000  6.750692e-01 
 3219.000  6.735312e-01 
 3220.000  6.732011e-01 
 3221.000  9.058353e-01 
 3222.000  9.059651e-01 
 3223.000  9.023169e-01 
 3224.000  8.975066e-01 
 3225.000  8.993101e-01 
 3226.000  1.202561e+00 
 3227.000  1.205178e+00 
 3228.000  1.202425e+00 
 3229.000  1.199243e+00 
 3230.000  1.198846e+00 
 3231.000  1.198758e+00 
 3232.000  1.679286e+00 
 3233.000  1.676884e+00 
 3234.000  1.652525e+00 
 3235.000  1.675871e+00 
 3236.000  1.677647e+00 
 3237.000  1.985568e+00 
 3238.000  1.983256e+00 
 3239.000  1.977746e+00 
 3240.000  1.976719e+00 
 3241.000  1.971962e+00 
 3242.000  2.013485e+00 
 3243.000  1.986838e+00 
 3244.000  2.012297e+00 
 3245.000  2.007375e+00 
 3246.000  2.040691e+00 
 3247.000  2.177104e+00 
 3248.000  2.173753e+00 
 3249.000  2.169447e+00 
 3250.000  2.168917e+00 
 3251.000  2.167089e+00 
 3252.000  2.163466e+00 
 3253.000  1.983724e+00 
 3254.000  1.969077e+00 
 3255.000  1.970812e+00 
 3256.000  1.976519e+00 
 3257.000  2.000412e+00 
 3258.000  1.796000e+00 
 3259.000  1.798169e+00 
 3260.000  1.779398e+00 
 3261.000  1.794210e+00 
 3262.000  1.785654e+00 
 3263.000  1.987522e+00 
 3264.000  1.990612e+00 
 3265.000  1.990529e+00 
 3266.000  1.973377e+00 
 3267.000  2.002939e+00 
 3268.000  2.391039e+00 
 3269.000  2.379319e+00 
 3270.000  2.384389e+00 
 3271.000  2.377990e+00 
 3272.000  2.379124e+00 
 3273.000  2.372062e+00 
 3274.000  2.820208e+00 
 3275.000  2.815877e+00 
 3276.000  2.772774e+00 
 3277.000  2.807287e+00 
 3278.000  2.822916e+00 
 3279.000  3.259063e+00 
 3280.000  3.248734e+00 
 3281.000  3.206421e+00 
 3282.000  3.239272e+00 
 3283.000  3.234853e+00 
 3284.000  3.241844e+00 
 3285.000  3.164958e+00 
 3286.000  3.197428e+00 
 3287.000  3.195041e+00 
 3288.000  3.190186e+00 
 3289.000  3.205807e+00 
 3290.000  2.772609e+00 
 3291.000  2.739190e+00 
 3292.000  2.763454e+00 
 3293.000  2.755414e+00 
 3294.000  2.747004e+00 
 3295.000  2.294774e+00 
 3296.000  2.258704e+00 
 3297.000  2.203509e+00 
 3298.000  2.235799e+00 
 3299.000  2.288472e+00 
 3300.000  2.329110e+00 
 3301.000  1.977201e+00 
 3302.000  1.992526e+00 
 3303.000  1.991300e+00 
 3304.000  1.991018e+00 
 3305.000  1.989028e+00 
 3306.000  1.674884e+00 
 3307.000  1.679368e+00 
 3308.000  1.676253e+00 
 3309.000  1.675975e+00 
 3310.000  1.673190e+00 
 3311.000  1.672503e+00 
 3312.000  1.591441e+00 
 3313.000  1.584536e+00 
 3314.000  1.591122e+00 
 3315.000  1.587990e+00 
 3316.000  1.574813e+00 
 3317.000  1.895570e+00 
 3318.000  1.875854e+00 
 3319.000  1.883393e+00 
 3320.000  1.710067e+00 
 3321.000  1.878140e+00 
 3322.000  1.899462e+00 
 3323.000  2.482168e+00 
 3324.000  2.486932e+00 
 3325.000  2.466180e+00 
 3326.000  2.469835e+00 
 3327.000  2.474176e+00 
 3328.000  3.090006e+00 
 3329.000  3.089767e+00 
 3330.000  3.087677e+00 
 3331.000  3.065462e+00 
 3332.000  3.061667e+00 
 3333.000  3.113234e+00 
 3334.000  3.446123e+00 
 3335.000  3.435813e+00 
 3336.000  3.436054e+00 
 3337.000  3.421012e+00 
 3338.000  3.421967e+00 
 3339.000  3.490177e+00 
 3340.000  3.457489e+00 
 3341.000  3.434093e+00 
 3342.000  3.480128e+00 
 3343.000  3.472866e+00 
 3344.000  3.511454e+00 
 3345.000  3.568565e+00 
 3346.000  3.558129e+00 
 3347.000  3.562735e+00 
 3348.000  3.560847e+00 
 3349.000  3.555245e+00 
 3350.000  3.502824e+00 
 3351.000  3.511561e+00 
 3352.000  3.514846e+00 
 3353.000  3.457980e+00 
 3354.000  3.504843e+00 
 3355.000  3.536022e+00 
 3356.000  3.797139e+00 
 3357.000  3.787915e+00 
 3358.000  3.771329e+00 
 3359.000  3.785593e+00 
 3360.000  3.780244e+00 
 3361.000  3.771859e+00 
 3362.000  4.060314e+00 
 3363.000  4.059953e+00 
 3364.000  4.059250e+00 
 3365.000  4.036805e+00 
 3366.000  4.028774e+00 
 3367.000  4.057512e+00 
 3368.000  4.453016e+00 
 3369.000  4.421661e+00 
 3370.000  4.340527e+00 
 3371.000  4.432960e+00 
 3372.000  4.440408e+00 
 3373.000  4.822189e+00 
 3374.000  4.790671e+00 
 3375.000  4.828905e+00 
 3376.000  4.826298e+00 
 3377.000  4.807044e+00 
 3378.000  4.817833e+00 
 3379.000  5.199617e+00 
 3380.000  5.207725e+00 
 3381.000  5.186971e+00 
 3382.000  5.145496e+00 
 3383.000  5.150826e+00 
 3384.000  5.159058e+00 
 3385.000  5.423551e+00 
 3386.000  5.427242e+00 
 3387.000  5.420042e+00 
 3388.000  5.411228e+00 
 3389.000  5.425829e+00 
 3390.000  5.559493e+00 
 3391.000  5.553156e+00 
 3392.000  5.541686e+00 
 3393.000  5.534289e+00 
 3394.000  5.529699e+00 
 3395.000  5.518682e+00 
 3396.000  5.545605e+00 
 3397.000  5.365445e+00 
 3398.000  5.516206e+00 
 3399.000  5.428962e+00 
 3400.000  5.565908e+00 
 3401.000  5.298568e+00 
 3402.000  5.618749e+00 
 3403.000  5.617765e+00 
 3404.000  5.625566e+00 
 3405.000  5.615473e+00 
 3406.000  5.611195e+00 
 3407.000  5.573216e+00 
 3408.000  5.799525e+00 
 3409.000  5.704964e+00 
 3410.000  5.751837e+00 
 3411.000  5.779438e+00 
 3412.000  5.792181e+00 
 3413.000  6.041395e+00 
 3414.000  6.049540e+00 
 3415.000  5.957102e+00 
 3416.000  5.886673e+00 
 3417.000  6.025556e+00 
 3418.000  6.041764e+00 
 3419.000  6.210745e+00 
 3420.000  6.209101e+00 
 3421.000  6.197160e+00 
 3422.000  6.171110e+00 
 3423.000  6.186038e+00 
 3424.000  6.188508e+00 
 3425.000  6.351329e+00 
 3426.000  6.343680e+00 
 3427.000  6.179050e+00 
 3428.000  6.251265e+00 
 3429.000  6.303631e+00 
 3430.000  6.313076e+00 
 3431.000  6.285406e+00 
 3432.000  6.316061e+00 
 3433.000  6.296004e+00 
 3434.000  6.299636e+00 
 3435.000  6.276759e+00 
 3436.000  6.290379e+00 
 3437.000  6.272290e+00 
 3438.000  6.280700e+00 
 3439.000  6.274459e+00 
 3440.000  6.265326e+00 
 3441.000  6.261122e+00 
 3442.000  6.205517e+00 
 3443.000  6.306580e+00 
 3444.000  6.298003e+00 
 3445.000  6.279803e+00 
 3446.000  6.266810e+00 
 3447.000  6.275747e+00 
 3448.000  6.263523e+00 
 3449.000  6.319682e+00 
 3450.000  6.310624e+00 
 3451.000  6.313176e+00 
 3452.000  6.303089e+00 
 3453.000  6.296537e+00 
 3454.000  6.278269e+00 
 3455.000  6.364010e+00 
 3456.000  6.336825e+00 
 3457.000  6.346391e+00 
 3458.000  6.334274e+00 
 3459.000  6.339877e+00 
 3460.000  6.325579e+00 
 3461.000  6.386362e+00 
 3462.000  6.382830e+00 
 3463.000  6.377684e+00 
 3464.000  6.359067e+00 
 3465.000  6.359370e+00 
 3466.000  6.322095e+00 
 3467.000  6.317692e+00 
 3468.000  6.323738e+00 
 3469.000  6.317841e+00 
 3470.000  6.316365e+00 
 3471.000  6.261182e+00 
 3472.000  6.287373e+00 
 3473.000  6.249182e+00 
 3474.000  6.282903e+00 
 3475.000  6.272715e+00 
 3476.000  6.280620e+00 
 3477.000  6.212619e+00 
 3478.000  6.270293e+00 
 3479.000  6.282218e+00 
 3480.000  6.274252e+00 
 3481.000  6.253886e+00 
 3482.000  6.262719e+00 
 3483.000  6.253247e+00 
 3484.000  6.237234e+00 
 3485.000  6.270413e+00 
 3486.000  6.241955e+00 
 3487.000  6.257667e+00 
 3488.000  6.262107e+00 
 3489.000  6.254657e+00 
 3490.000  6.220356e+00 
 3491.000  6.317541e+00 
 3492.000  6.285064e+00 
 3493.000  6.302701e+00 
 3494.000  6.244413e+00 
 3495.000  6.288428e+00 
 3496.000  6.295592e+00 
 3497.000  6.330203e+00 
 3498.000  6.318995e+00 
 3499.000  6.314809e+00 
 3500.000  6.309166e+00 
 3501.000  6.244258e+00 
 3502.000  6.293749e+00 
 3503.000  6.293452e+00 
 3504.000  6.288064e+00 
 3505.000  6.280862e+00 
 3506.000  6.275724e+00 
 3507.000  6.267568e+00 
 3508.000  6.248379e+00 
 3509.000  6.192202e+00 
 3510.000  6.186719e+00 
 3511.000  6.181136e+00 
 3512.000  6.156814e+00 
 3513.000  6.163586e+00 
 3514.000  6.156435e+00 
 3515.000  6.031742e+00 
 3516.000  6.005658e+00 
 3517.000  6.013789e+00 
 3518.000  5.998994e+00 
 3519.000  6.000308e+00 
 3520.000  5.988455e+00 
 3521.000  5.992702e+00 
 3522.000  5.824265e+00 
 3523.000  5.811994e+00 
 3524.000  5.755357e+00 
 3525.000  5.816858e+00 
 3526.000  5.811833e+00 
 3527.000  5.795114e+00 
 3528.000  5.600752e+00 
 3529.000  5.593874e+00 
 3530.000  5.596594e+00 
 3531.000  5.561023e+00 
 3532.000  5.586532e+00 
 3533.000  5.580706e+00 
 3534.000  5.394194e+00 
 3535.000  5.374020e+00 
 3536.000  5.416994e+00 
 3537.000  5.410241e+00 
 3538.000  5.300123e+00 
 3539.000  5.363575e+00 
 3540.000  5.353473e+00 
 3541.000  5.361170e+00 
 3542.000  5.349386e+00 
 3543.000  5.345314e+00 
 3544.000  5.343096e+00 
 3545.000  5.328962e+00 
 3546.000  5.326015e+00 
 3547.000  5.307795e+00 
 3548.000  5.295254e+00 
 3549.000  5.295836e+00 
 3550.000  5.291240e+00 
 3551.000  5.283509e+00 
 3552.000  5.278462e+00 
 3553.000  5.312839e+00 
 3554.000  5.314931e+00 
 3555.000  5.275738e+00 
 3556.000  5.173780e+00 
 3557.000  5.298410e+00 
 3558.000  5.288424e+00 
 3559.000  5.311532e+00 
 3560.000  5.190983e+00 
 3561.000  5.288581e+00 
 3562.000  5.298212e+00 
 3563.000  5.290242e+00 
 3564.000  5.267127e+00 
 3565.000  5.280931e+00 
 3566.000  5.190956e+00 
 3567.000  5.187588e+00 
 3568.000  5.183906e+00 
 3569.000  5.171187e+00 
 3570.000  5.160665e+00 
 3571.000  5.043703e+00 
 3572.000  5.153230e+00 
 3573.000  5.153314e+00 
 3574.000  5.142985e+00 
 3575.000  5.139523e+00 
 3576.000  5.137941e+00 
 3577.000  5.123302e+00 
 3578.000  5.148221e+00 
 3579.000  5.142826e+00 
 3580.000  5.066946e+00 
 3581.000  5.119549e+00 
 3582.000  5.118709e+00 
 3583.000  5.124043e+00 
 3584.000  5.057168e+00 
 3585.000  5.150476e+00 
 3586.000  5.149790e+00 
 3587.000  5.143633e+00 
 3588.000  5.149457e+00 
 3589.000  5.140523e+00 
 3590.000  5.139873e+00 
 3591.000  5.277557e+00 
 3592.000  5.276129e+00 
 3593.000  5.255847e+00 
 3594.000  5.257675e+00 
 3595.000  5.262966e+00 
 3596.000  5.197206e+00 
 3597.000  5.200230e+00 
 3598.000  5.392294e+00 
 3599.000  5.362350e+00 
 3600.000  5.371616e+00 
 3601.000  5.353711e+00 
 3602.000  5.370934e+00 
 3603.000  5.358073e+00 
 3604.000  5.443423e+00 
 3605.000  5.430686e+00 
 3606.000  5.435861e+00 
 3607.000  5.419732e+00 
 3608.000  5.422081e+00 
 3609.000  5.411610e+00 
 3610.000  5.400485e+00 
 3611.000  5.529591e+00 
 3612.000  5.518523e+00 
 3613.000  5.513464e+00 
 3614.000  5.511549e+00 
 3615.000  5.505517e+00 
 3616.000  5.497327e+00 
 3617.000  5.613062e+00 
 3618.000  5.606943e+00 
 3619.000  5.600102e+00 
 3620.000  5.593779e+00 
 3621.000  5.586035e+00 
 3622.000  5.585004e+00 
 3623.000  5.576602e+00 
 3624.000  5.617529e+00 
 3625.000  5.612863e+00 
 3626.000  5.616551e+00 
 3627.000  5.611652e+00 
 3628.000  5.604696e+00 
 3629.000  5.584933e+00 
 3630.000  5.669106e+00 
 3631.000  5.695546e+00 
 3632.000  5.696170e+00 
 3633.000  5.687371e+00 
 3634.000  5.681191e+00 
 3635.000  5.678786e+00 
 3636.000  5.661131e+00 
 3637.000  5.712964e+00 
 3638.000  5.730200e+00 
 3639.000  5.726799e+00 
 3640.000  5.699473e+00 
 3641.000  5.716104e+00 
 3642.000  5.704443e+00 
 3643.000  5.657791e+00 
 3644.000  5.568236e+00 
 3645.000  5.596626e+00 
 3646.000  5.639667e+00 
 3647.000  5.623927e+00 
 3648.000  5.623113e+00 
 3649.000  5.601681e+00 
 3650.000  5.494774e+00 
 3651.000  5.483191e+00 
 3652.000  5.468812e+00 
 3653.000  5.352949e+00 
 3654.000  5.358244e+00 
 3655.000  5.443789e+00 
 3656.000  5.448567e+00 
 3657.000  5.196652e+00 
 3658.000  5.181615e+00 
 3659.000  5.107139e+00 
 3660.000  5.119436e+00 
 3661.000  5.181962e+00 
 3662.000  5.163188e+00 
 3663.000  5.159012e+00 
 3664.000  4.843184e+00 
 3665.000  4.839710e+00 
 3666.000  4.833671e+00 
 3667.000  4.829284e+00 
 3668.000  4.754786e+00 
 3669.000  4.815732e+00 
 3670.000  4.681121e+00 
 3671.000  4.588687e+00 
 3672.000  4.664251e+00 
 3673.000  4.660383e+00 
 3674.000  4.661295e+00 
 3675.000  4.655114e+00 
 3676.000  4.650437e+00 
 3677.000  4.693989e+00 
 3678.000  4.778421e+00 
 3679.000  4.617973e+00 
 3680.000  4.781791e+00 
 3681.000  4.779185e+00 
 3682.000  4.712436e+00 
 3683.000  4.579238e+00 
 3684.000  4.942121e+00 
 3685.000  5.001282e+00 
 3686.000  5.012342e+00 
 3687.000  4.989834e+00 
 3688.000  5.001509e+00 
 3689.000  4.978065e+00 
 3690.000  4.954120e+00 
 3691.000  5.233775e+00 
 3692.000  5.225494e+00 
 3693.000  5.241064e+00 
 3694.000  5.225563e+00 
 3695.000  5.198735e+00 
 3696.000  5.192339e+00 
 3697.000  5.318866e+00 
 3698.000  5.320717e+00 
 3699.000  5.153525e+00 
 3700.000  5.179000e+00 
 3701.000  5.224473e+00 
 3702.000  5.269326e+00 
 3703.000  5.372196e+00 
 3704.000  5.386043e+00 
 3705.000  5.273863e+00 
 3706.000  5.339725e+00 
 3707.000  5.303014e+00 
 3708.000  5.340238e+00 
 3709.000  5.229217e+00 
 3710.000  5.346681e+00 
 3711.000  5.279693e+00 
 3712.000  5.235109e+00 
 3713.000  5.303036e+00 
 3714.000  5.274312e+00 
 3715.000  5.236924e+00 
 3716.000  5.281061e+00 
 3717.000  5.292613e+00 
 3718.000  5.274580e+00 
 3719.000  5.254984e+00 
 3720.000  5.276007e+00 
 3721.000  5.223976e+00 
 3722.000  5.230052e+00 
 3723.000  5.257225e+00 
 3724.000  5.252251e+00 
 3725.000  5.162987e+00 
 3726.000  5.183774e+00 
 3727.000  5.164036e+00 
 3728.000  5.167175e+00 
 3729.000  5.141144e+00 
 3730.000  5.157428e+00 
 3731.000  5.144594e+00 
 3732.000  5.102360e+00 
 3733.000  5.108727e+00 
 3734.000  5.101489e+00 
 3735.000  5.040469e+00 
 3736.000  5.005966e+00 
 3737.000  5.043490e+00 
 3738.000  4.982998e+00 
 3739.000  4.859428e+00 
 3740.000  4.785074e+00 
 3741.000  4.742104e+00 
 3742.000  4.921936e+00 
 3743.000  4.980707e+00 
 3744.000  4.969985e+00 
 3745.000  4.816768e+00 
 3746.000  4.722603e+00 
 3747.000  4.821550e+00 
 3748.000  4.944592e+00 
 3749.000  4.928669e+00 
 3750.000  4.905383e+00 
 3751.000  4.897804e+00 
 3752.000  4.935780e+00 
 3753.000  4.771003e+00 
 3754.000  4.835474e+00 
 3755.000  4.862911e+00 
 3756.000  4.887700e+00 
 3757.000  4.874209e+00 
 3758.000  4.840660e+00 
 3759.000  4.851863e+00 
 3760.000  4.864201e+00 
 3761.000  4.886405e+00 
 3762.000  4.846757e+00 
 3763.000  4.775767e+00 
 3764.000  4.859073e+00 
 3765.000  4.841159e+00 
 3766.000  4.853905e+00 
 3767.000  4.853888e+00 
 3768.000  4.830304e+00 
 3769.000  4.819408e+00 
 3770.000  4.827102e+00 
 3771.000  4.796605e+00 
 3772.000  4.824458e+00 
 3773.000  4.756804e+00 
 3774.000  4.840053e+00 
 3775.000  4.856109e+00 
 3776.000  4.766005e+00 
 3777.000  4.755748e+00 
 3778.000  4.837205e+00 
 3779.000  4.819322e+00 
 3780.000  4.802980e+00 
 3781.000  4.835824e+00 
 3782.000  4.799778e+00 
 3783.000  4.849862e+00 
 3784.000  4.836711e+00 
 3785.000  4.836400e+00 
 3786.000  4.822798e+00 
 3787.000  4.710605e+00 
 3788.000  4.841294e+00 
 3789.000  4.838331e+00 
 3790.000  4.842636e+00 
 3791.000  4.754873e+00 
 3792.000  4.811057e+00 
 3793.000  4.759941e+00 
 3794.000  4.821523e+00 
 3795.000  4.797083e+00 
 3796.000  4.875721e+00 
 3797.000  4.878854e+00 
 3798.000  4.857635e+00 
 3799.000  4.825661e+00 
 3800.000  4.772017e+00 
 3801.000  4.865250e+00 
 3802.000  4.847581e+00 
 3803.000  4.884099e+00 
 3804.000  4.865641e+00 
 3805.000  4.868381e+00 
 3806.000  4.856521e+00 
 3807.000  4.793875e+00 
 3808.000  4.824221e+00 
 3809.000  4.839319e+00 
 3810.000  4.857697e+00 
 3811.000  4.878890e+00 
 3812.000  4.890707e+00 
 3813.000  4.857413e+00 
 3814.000  4.874922e+00 
 3815.000  4.873728e+00 
 3816.000  4.828351e+00 
 3817.000  4.874628e+00 
 3818.000  4.840385e+00 
 3819.000  4.912094e+00 
 3820.000  4.914709e+00 
 3821.000  4.912420e+00 
 3822.000  4.905997e+00 
 3823.000  4.881334e+00 
 3824.000  4.887038e+00 
 3825.000  4.876967e+00 
 3826.000  4.877808e+00 
 3827.000  4.874797e+00 
 3828.000  4.858130e+00 
 3829.000  4.859114e+00 
 3830.000  4.860254e+00 
 3831.000  4.850592e+00 
 3832.000  4.821985e+00 
 3833.000  4.792185e+00 
 3834.000  4.809084e+00 
 3835.000  4.772312e+00 
 3836.000  4.735236e+00 
 3837.000  4.773497e+00 
 3838.000  4.790899e+00 
 3839.000  4.758210e+00 
 3840.000  4.754214e+00 
 3841.000  4.749275e+00 
 3842.000  4.740477e+00 
 3843.000  4.735482e+00 
 3844.000  4.729939e+00 
 3845.000  4.728060e+00 
 3846.000  4.731030e+00 
 3847.000  4.643992e+00 
 3848.000  4.642115e+00 
 3849.000  4.637244e+00 
 3850.000  4.612659e+00 
 3851.000  4.619989e+00 
 3852.000  4.620350e+00 
 3853.000  4.602333e+00 
 3854.000  4.531207e+00 
 3855.000  4.527449e+00 
 3856.000  4.522655e+00 
 3857.000  4.514107e+00 
 3858.000  4.504208e+00 
 3859.000  4.481873e+00 
 3860.000  4.470788e+00 
 3861.000  4.494442e+00 
 3862.000  4.421395e+00 
 3863.000  4.315620e+00 
 3864.000  4.380527e+00 
 3865.000  4.395783e+00 
 3866.000  4.403754e+00 
 3867.000  4.352335e+00 
 3868.000  4.377346e+00 
 3869.000  4.291680e+00 
 3870.000  4.315978e+00 
 3871.000  4.292852e+00 
 3872.000  4.236369e+00 
 3873.000  4.304083e+00 
 3874.000  4.297771e+00 
 3875.000  4.288084e+00 
 3876.000  4.294861e+00 
 3877.000  4.290707e+00 
 3878.000  4.285659e+00 
 3879.000  4.278945e+00 
 3880.000  4.276244e+00 
 3881.000  4.268658e+00 
 3882.000  4.253875e+00 
 3883.000  4.249482e+00 
 3884.000  4.293696e+00 
 3885.000  4.176780e+00 
 3886.000  4.236494e+00 
 3887.000  4.283565e+00 
 3888.000  4.283484e+00 
 3889.000  4.282570e+00 
 3890.000  4.268685e+00 
 3891.000  4.263749e+00 
 3892.000  4.320621e+00 
 3893.000  4.319386e+00 
 3894.000  4.301882e+00 
 3895.000  4.312450e+00 
 3896.000  4.292918e+00 
 3897.000  4.248046e+00 
 3898.000  4.228590e+00 
 3899.000  4.328602e+00 
 3900.000  4.298019e+00 
 3901.000  4.318494e+00 
 3902.000  4.317426e+00 
 3903.000  4.306005e+00 
 3904.000  4.310369e+00 
 3905.000  4.305305e+00 
 3906.000  4.289341e+00 
 3907.000  4.313174e+00 
 3908.000  4.302459e+00 
 3909.000  4.304820e+00 
 3910.000  4.301834e+00 
 3911.000  4.299242e+00 
 3912.000  4.296673e+00 
 3913.000  4.290471e+00 
 3914.000  4.303732e+00 
 3915.000  4.311235e+00 
 3916.000  4.299934e+00 
 3917.000  4.298793e+00 
 3918.000  4.288692e+00 
 3919.000  4.280840e+00 
 3920.000  4.293868e+00 
 3921.000  4.273225e+00 
 3922.000  4.321223e+00 
 3923.000  4.320467e+00 
 3924.000  4.316213e+00 
 3925.000  4.316309e+00 
 3926.000  4.301549e+00 
 3927.000  4.302932e+00 
 3928.000  4.309564e+00 
 3929.000  4.305217e+00 
 3930.000  4.362985e+00 
 3931.000  4.360180e+00 
 3932.000  4.337982e+00 
 3933.000  4.348897e+00 
 3934.000  4.294968e+00 
 3935.000  4.323780e+00 
 3936.000  4.343252e+00 
 3937.000  4.340908e+00 
 3938.000  4.381740e+00 
 3939.000  4.400787e+00 
 3940.000  4.397101e+00 
 3941.000  4.391208e+00 
 3942.000  4.390508e+00 
 3943.000  4.388271e+00 
 3944.000  4.351189e+00 
 3945.000  4.497740e+00 
 3946.000  4.484170e+00 
 3947.000  4.484643e+00 
 3948.000  4.461629e+00 
 3949.000  4.474759e+00 
 3950.000  4.426644e+00 
 3951.000  4.457947e+00 
 3952.000  4.304832e+00 
 3953.000  4.451636e+00 
 3954.000  4.447000e+00 
 3955.000  4.439654e+00 
 3956.000  4.399132e+00 
 3957.000  4.407598e+00 
 3958.000  4.370165e+00 
 3959.000  4.380270e+00 
 3960.000  4.427261e+00 
 3961.000  4.440305e+00 
 3962.000  4.400498e+00 
 3963.000  4.433954e+00 
 3964.000  4.412664e+00 
 3965.000  4.409346e+00 
 3966.000  4.413656e+00 
 3967.000  4.409212e+00 
 3968.000  4.417617e+00 
 3969.000  4.394642e+00 
 3970.000  4.381330e+00 
 3971.000  4.363289e+00 
 3972.000  4.385767e+00 
 3973.000  4.345502e+00 
 3974.000  4.361396e+00 
 3975.000  4.374607e+00 
 3976.000  4.371712e+00 
 3977.000  4.300514e+00 
 3978.000  4.318655e+00 
 3979.000  4.303985e+00 
 3980.000  4.308660e+00 
 3981.000  4.317842e+00 
 3982.000  4.308524e+00 
 3983.000  4.289581e+00 
 3984.000  4.287553e+00 
 3985.000  4.242802e+00 
 3986.000  4.148471e+00 
 3987.000  4.266543e+00 
 3988.000  4.270656e+00 
 3989.000  4.241369e+00 
 3990.000  4.239316e+00 
 3991.000  4.177384e+00 
 3992.000  4.228042e+00 
 3993.000  4.144918e+00 
 3994.000  4.138775e+00 
 3995.000  4.114021e+00 
 3996.000  4.044988e+00 
 3997.000  4.150813e+00 
 3998.000  4.128200e+00 
 3999.000  4.050187e+00 
 4000.000  4.090173e+00 
