  290.000  0.000000e+00 
  291.000  2.141530e-06 
  292.000  2.820773e-05 
  293.000  9.068470e-05 
  294.000  6.196660e-04 
  295.000  1.833150e-03 
  296.000  1.112582e-02 
  297.000  1.599129e-02 
  298.000  8.761992e-02 
  299.000  1.708572e-01 
  300.000  3.257357e-01 
  301.000  9.494745e-01 
  302.000  1.110237e+00 
  303.000  3.074334e+00 
  304.000  3.662268e+00 
  305.000  6.949259e+00 
  306.000  7.924722e+00 
  307.000  1.205632e+01 
  308.000  1.599009e+01 
  309.000  1.756205e+01 
  310.000  2.003161e+01 
  311.000  3.962409e+01 
  312.000  3.454889e+01 
  313.000  4.512687e+01 
  314.000  4.736456e+01 
  315.000  5.780061e+01 
  316.000  4.611527e+01 
  317.000  6.816676e+01 
  318.000  6.769545e+01 
  319.000  7.736093e+01 
  320.000  7.652467e+01 
  321.000  9.589390e+01 
  322.000  8.641192e+01 
  323.000  7.702001e+01 
  324.000  9.859586e+01 
  325.000  1.118497e+02 
  326.000  1.566904e+02 
  327.000  1.612203e+02 
  328.000  1.362512e+02 
  329.000  1.640930e+02 
  330.000  1.750479e+02 
  331.000  1.449318e+02 
  332.000  1.621769e+02 
  333.000  1.869610e+02 
  334.000  1.594084e+02 
  335.000  1.744732e+02 
  336.000  1.334430e+02 
  337.000  1.298797e+02 
  338.000  1.611148e+02 
  339.000  1.649088e+02 
  340.000  1.886280e+02 
  341.000  1.618234e+02 
  342.000  1.724213e+02 
  343.000  1.758826e+02 
  344.000  1.614951e+02 
  345.000  2.107928e+02 
  346.000  2.373454e+02 
  347.000  2.291287e+02 
  348.000  2.188684e+02 
  349.000  2.433755e+02 
  350.000  2.522627e+02 
  351.000  2.428173e+02 
  352.000  2.522173e+02 
  353.000  2.331543e+02 
  354.000  2.727017e+02 
  355.000  2.799490e+02 
  356.000  2.680744e+02 
  357.000  1.735046e+02 
  358.000  1.908607e+02 
  359.000  1.943575e+02 
  360.000  2.917923e+02 
  361.000  2.341282e+02 
  362.000  2.599118e+02 
  363.000  2.797079e+02 
  364.000  2.824024e+02 
  365.000  2.674270e+02 
  366.000  3.711532e+02 
  367.000  3.357560e+02 
  368.000  3.200548e+02 
  369.000  3.111349e+02 
  370.000  3.615909e+02 
  371.000  2.917688e+02 
  372.000  3.102407e+02 
  373.000  3.122314e+02 
  374.000  2.441317e+02 
  375.000  2.257016e+02 
  376.000  3.257700e+02 
  377.000  3.362042e+02 
  378.000  4.383918e+02 
  379.000  3.401604e+02 
  380.000  3.210576e+02 
  381.000  3.631255e+02 
  382.000  2.732988e+02 
  383.000  1.917686e+02 
  384.000  2.123540e+02 
  385.000  3.214005e+02 
  386.000  2.508314e+02 
  387.000  2.893713e+02 
  388.000  2.879692e+02 
  389.000  3.295455e+02 
  390.000  4.011808e+02 
  391.000  4.505464e+02 
  392.000  4.018904e+02 
  393.000  2.162344e+02 
  394.000  2.401213e+02 
  395.000  4.044438e+02 
  396.000  4.176577e+02 
  397.000  1.705286e+02 
  398.000  4.785995e+02 
  399.000  5.756022e+02 
  400.000  5.671714e+02 
  401.000  5.649467e+02 
  402.000  5.999764e+02 
  403.000  5.630729e+02 
  404.000  6.062786e+02 
  405.000  5.570596e+02 
  406.000  5.538896e+02 
  407.000  5.404407e+02 
  408.000  5.865278e+02 
  409.000  6.503419e+02 
  410.000  5.446346e+02 
  411.000  6.406110e+02 
  412.000  6.648382e+02 
  413.000  6.290163e+02 
  414.000  6.182811e+02 
  415.000  6.603921e+02 
  416.000  6.573166e+02 
  417.000  6.382166e+02 
  418.000  6.251873e+02 
  419.000  6.413841e+02 
  420.000  5.436015e+02 
  421.000  6.819601e+02 
  422.000  6.542898e+02 
  423.000  5.532779e+02 
  424.000  6.093232e+02 
  425.000  6.318318e+02 
  426.000  6.080875e+02 
  427.000  5.855966e+02 
  428.000  5.936472e+02 
  429.000  5.406901e+02 
  430.000  4.319385e+02 
  431.000  3.887736e+02 
  432.000  7.005476e+02 
  433.000  6.242469e+02 
  434.000  5.939379e+02 
  435.000  6.468538e+02 
  436.000  7.179907e+02 
  437.000  7.256433e+02 
  438.000  6.506653e+02 
  439.000  6.302454e+02 
  440.000  7.070573e+02 
  441.000  7.054334e+02 
  442.000  7.436605e+02 
  443.000  7.493289e+02 
  444.000  7.451464e+02 
  445.000  7.845217e+02 
  446.000  6.989670e+02 
  447.000  7.978951e+02 
  448.000  8.118942e+02 
  449.000  8.181285e+02 
  450.000  8.366781e+02 
  451.000  9.049666e+02 
  452.000  8.419650e+02 
  453.000  7.821995e+02 
  454.000  8.346024e+02 
  455.000  8.410911e+02 
  456.000  8.621248e+02 
  457.000  8.676036e+02 
  458.000  8.529760e+02 
  459.000  8.534929e+02 
  460.000  8.466730e+02 
  461.000  8.779927e+02 
  462.000  8.642972e+02 
  463.000  8.651103e+02 
  464.000  8.685576e+02 
  465.000  8.564511e+02 
  466.000  8.841584e+02 
  467.000  8.534933e+02 
  468.000  9.040375e+02 
  469.000  8.965544e+02 
  470.000  8.846182e+02 
  471.000  8.834070e+02 
  472.000  8.945579e+02 
  473.000  8.851239e+02 
  474.000  8.925190e+02 
  475.000  9.288116e+02 
  476.000  9.004100e+02 
  477.000  8.923057e+02 
  478.000  9.366827e+02 
  479.000  8.944463e+02 
  480.000  9.123465e+02 
  481.000  9.070467e+02 
  482.000  9.262944e+02 
  483.000  9.275215e+02 
  484.000  8.920912e+02 
  485.000  8.989044e+02 
  486.000  7.290449e+02 
  487.000  8.196793e+02 
  488.000  8.902888e+02 
  489.000  8.278693e+02 
  490.000  9.427914e+02 
  491.000  8.824954e+02 
  492.000  8.483124e+02 
  493.000  9.139159e+02 
  494.000  8.831581e+02 
  495.000  9.443757e+02 
  496.000  9.199879e+02 
  497.000  8.926611e+02 
  498.000  8.717896e+02 
  499.000  8.699004e+02 
  500.000  8.662819e+02 
  501.000  8.470633e+02 
  502.000  8.417112e+02 
  503.000  8.920947e+02 
  504.000  8.301923e+02 
  505.000  8.956385e+02 
  506.000  9.590619e+02 
  507.000  8.925640e+02 
  508.000  8.561935e+02 
  509.000  9.234930e+02 
  510.000  8.950244e+02 
  511.000  8.954769e+02 
  512.000  9.400414e+02 
  513.000  8.605198e+02 
  514.000  8.426222e+02 
  515.000  8.603905e+02 
  516.000  9.038910e+02 
  517.000  6.659001e+02 
  518.000  8.245004e+02 
  519.000  7.812089e+02 
  520.000  8.601657e+02 
  521.000  8.607119e+02 
  522.000  8.949235e+02 
  523.000  8.337203e+02 
  524.000  9.046001e+02 
  525.000  8.974094e+02 
  526.000  8.552788e+02 
  527.000  7.471534e+02 
  528.000  8.973535e+02 
  529.000  9.228499e+02 
  530.000  8.720293e+02 
  531.000  9.492188e+02 
  532.000  9.055724e+02 
  533.000  7.954415e+02 
  534.000  8.650516e+02 
  535.000  8.826669e+02 
  536.000  9.366691e+02 
  537.000  8.690679e+02 
  538.000  9.098029e+02 
  539.000  9.068729e+02 
  540.000  8.875692e+02 
  541.000  8.139584e+02 
  542.000  9.080582e+02 
  543.000  8.686816e+02 
  544.000  9.163375e+02 
  545.000  9.027878e+02 
  546.000  8.828097e+02 
  547.000  9.204202e+02 
  548.000  8.541068e+02 
  549.000  8.989918e+02 
  550.000  8.794564e+02 
  551.000  8.742706e+02 
  552.000  9.122979e+02 
  553.000  8.768827e+02 
  554.000  9.058709e+02 
  555.000  9.087639e+02 
  556.000  8.840478e+02 
  557.000  8.581232e+02 
  558.000  8.910381e+02 
  559.000  8.425205e+02 
  560.000  8.465011e+02 
  561.000  9.306300e+02 
  562.000  8.544294e+02 
  563.000  8.941685e+02 
  564.000  8.817908e+02 
  565.000  8.923859e+02 
  566.000  8.229134e+02 
  567.000  8.825660e+02 
  568.000  8.795730e+02 
  569.000  8.600880e+02 
  570.000  8.649575e+02 
  571.000  8.356649e+02 
  572.000  8.818956e+02 
  573.000  8.914132e+02 
  574.000  8.867562e+02 
  575.000  8.651290e+02 
  576.000  8.497512e+02 
  577.000  8.859847e+02 
  578.000  8.612980e+02 
  579.000  8.559638e+02 
  580.000  8.872283e+02 
  581.000  8.731815e+02 
  582.000  8.878611e+02 
  583.000  8.953635e+02 
  584.000  8.935895e+02 
  585.000  8.887110e+02 
  586.000  8.513694e+02 
  587.000  8.847576e+02 
  588.000  8.736964e+02 
  589.000  7.708905e+02 
  590.000  8.051447e+02 
  591.000  8.592208e+02 
  592.000  8.416410e+02 
  593.000  8.544609e+02 
  594.000  8.620159e+02 
  595.000  8.435497e+02 
  596.000  8.683024e+02 
  597.000  8.704628e+02 
  598.000  8.543074e+02 
  599.000  8.553610e+02 
  600.000  8.570040e+02 
  601.000  8.531030e+02 
  602.000  8.442698e+02 
  603.000  8.500208e+02 
  604.000  8.778577e+02 
  605.000  8.763948e+02 
  606.000  8.668546e+02 
  607.000  8.625954e+02 
  608.000  8.600437e+02 
  609.000  8.518021e+02 
  610.000  8.387350e+02 
  611.000  8.529362e+02 
  612.000  8.424039e+02 
  613.000  8.306483e+02 
  614.000  8.011764e+02 
  615.000  8.400883e+02 
  616.000  7.992561e+02 
  617.000  8.042434e+02 
  618.000  8.426179e+02 
  619.000  8.352816e+02 
  620.000  8.479896e+02 
  621.000  8.629051e+02 
  622.000  8.176429e+02 
  623.000  8.242256e+02 
  624.000  8.253157e+02 
  625.000  8.031135e+02 
  626.000  8.071738e+02 
  627.000  8.196422e+02 
  628.000  7.993099e+02 
  629.000  8.259303e+02 
  630.000  7.996982e+02 
  631.000  8.311877e+02 
  632.000  7.748369e+02 
  633.000  8.338763e+02 
  634.000  8.103247e+02 
  635.000  8.261863e+02 
  636.000  7.981578e+02 
  637.000  8.254928e+02 
  638.000  8.397218e+02 
  639.000  8.336205e+02 
  640.000  8.084552e+02 
  641.000  8.209188e+02 
  642.000  8.118304e+02 
  643.000  8.263746e+02 
  644.000  8.174750e+02 
  645.000  8.246494e+02 
  646.000  7.916170e+02 
  647.000  8.013139e+02 
  648.000  7.984873e+02 
  649.000  8.164407e+02 
  650.000  7.598380e+02 
  651.000  8.189187e+02 
  652.000  8.008763e+02 
  653.000  8.205713e+02 
  654.000  8.099189e+02 
  655.000  7.878738e+02 
  656.000  6.695728e+02 
  657.000  7.155058e+02 
  658.000  7.983732e+02 
  659.000  8.010636e+02 
  660.000  8.080306e+02 
  661.000  8.127368e+02 
  662.000  8.251646e+02 
  663.000  8.162952e+02 
  664.000  8.038573e+02 
  665.000  8.078090e+02 
  666.000  8.180916e+02 
  667.000  8.023636e+02 
  668.000  8.074645e+02 
  669.000  8.195287e+02 
  670.000  8.101570e+02 
  671.000  8.020167e+02 
  672.000  7.998246e+02 
  673.000  8.059713e+02 
  674.000  8.079498e+02 
  675.000  7.960132e+02 
  676.000  8.114365e+02 
  677.000  7.956728e+02 
  678.000  8.092134e+02 
  679.000  7.981141e+02 
  680.000  7.921623e+02 
  681.000  7.931585e+02 
  682.000  7.917570e+02 
  683.000  7.973621e+02 
  684.000  7.831043e+02 
  685.000  7.924326e+02 
  686.000  7.566954e+02 
  687.000  6.607850e+02 
  688.000  6.917239e+02 
  689.000  6.849459e+02 
  690.000  7.042229e+02 
  691.000  7.280359e+02 
  692.000  7.359252e+02 
  693.000  7.354763e+02 
  694.000  7.355192e+02 
  695.000  7.307151e+02 
  696.000  7.439655e+02 
  697.000  7.644701e+02 
  698.000  7.465617e+02 
  699.000  7.435090e+02 
  700.000  7.377697e+02 
  701.000  7.176583e+02 
  702.000  7.170051e+02 
  703.000  7.411687e+02 
  704.000  7.440629e+02 
  705.000  7.441005e+02 
  706.000  7.374711e+02 
  707.000  7.285161e+02 
  708.000  7.520536e+02 
  709.000  7.298566e+02 
  710.000  7.420583e+02 
  711.000  7.395410e+02 
  712.000  7.334405e+02 
  713.000  7.271790e+02 
  714.000  7.385038e+02 
  715.000  7.074817e+02 
  716.000  7.203542e+02 
  717.000  6.640801e+02 
  718.000  6.371650e+02 
  719.000  6.215206e+02 
  720.000  6.133159e+02 
  721.000  6.680075e+02 
  722.000  6.974691e+02 
  723.000  6.847289e+02 
  724.000  6.566404e+02 
  725.000  6.542385e+02 
  726.000  6.516057e+02 
  727.000  6.658724e+02 
  728.000  6.495803e+02 
  729.000  6.355146e+02 
  730.000  6.569158e+02 
  731.000  6.435959e+02 
  732.000  6.762245e+02 
  733.000  6.851284e+02 
  734.000  7.086351e+02 
  735.000  6.997802e+02 
  736.000  6.809233e+02 
  737.000  6.944728e+02 
  738.000  6.988176e+02 
  739.000  6.788166e+02 
  740.000  6.909926e+02 
  741.000  6.888080e+02 
  742.000  6.788662e+02 
  743.000  7.017282e+02 
  744.000  7.097757e+02 
  745.000  6.923898e+02 
  746.000  7.029067e+02 
  747.000  7.141395e+02 
  748.000  7.017232e+02 
  749.000  7.023241e+02 
  750.000  6.918578e+02 
  751.000  6.902720e+02 
  752.000  7.015769e+02 
  753.000  6.952716e+02 
  754.000  7.064244e+02 
  755.000  7.025630e+02 
  756.000  6.890035e+02 
  757.000  6.941839e+02 
  758.000  6.923019e+02 
  759.000  6.220150e+02 
  760.000  2.278351e+02 
  761.000  1.956179e+02 
  762.000  3.988638e+02 
  763.000  3.402953e+02 
  764.000  3.755243e+02 
  765.000  4.572211e+02 
  766.000  5.287806e+02 
  767.000  5.841964e+02 
  768.000  6.394673e+02 
  769.000  6.581141e+02 
  770.000  6.650326e+02 
  771.000  6.704220e+02 
  772.000  6.690334e+02 
  773.000  6.668547e+02 
  774.000  6.745845e+02 
  775.000  6.496331e+02 
  776.000  6.766902e+02 
  777.000  6.721407e+02 
  778.000  6.686190e+02 
  779.000  6.708703e+02 
  780.000  6.626415e+02 
  781.000  6.618351e+02 
  782.000  6.698782e+02 
  783.000  6.542946e+02 
  784.000  6.578621e+02 
  785.000  6.588434e+02 
  786.000  6.462565e+02 
  787.000  6.530666e+02 
  788.000  6.417697e+02 
  789.000  6.397908e+02 
  790.000  6.328774e+02 
  791.000  6.308024e+02 
  792.000  6.219061e+02 
  793.000  6.237171e+02 
  794.000  6.222126e+02 
  795.000  6.159708e+02 
  796.000  6.184283e+02 
  797.000  6.247416e+02 
  798.000  6.303141e+02 
  799.000  6.287137e+02 
  800.000  6.087772e+02 
  801.000  6.206066e+02 
  802.000  6.191060e+02 
  803.000  6.108513e+02 
  804.000  6.182095e+02 
  805.000  6.046393e+02 
  806.000  6.230832e+02 
  807.000  6.195236e+02 
  808.000  6.146666e+02 
  809.000  6.029393e+02 
  810.000  5.987415e+02 
  811.000  6.051111e+02 
  812.000  5.986067e+02 
  813.000  5.905266e+02 
  814.000  5.822333e+02 
  815.000  5.665677e+02 
  816.000  5.492665e+02 
  817.000  5.533375e+02 
  818.000  5.510167e+02 
  819.000  5.402242e+02 
  820.000  5.430837e+02 
  821.000  5.767878e+02 
  822.000  5.490411e+02 
  823.000  5.233882e+02 
  824.000  5.597423e+02 
  825.000  5.767903e+02 
  826.000  5.774398e+02 
  827.000  5.733524e+02 
  828.000  5.604883e+02 
  829.000  5.644803e+02 
  830.000  5.602216e+02 
  831.000  5.514943e+02 
  832.000  5.632906e+02 
  833.000  5.483726e+02 
  834.000  5.595338e+02 
  835.000  5.662572e+02 
  836.000  5.711166e+02 
  837.000  5.662484e+02 
  838.000  5.709850e+02 
  839.000  5.547242e+02 
  840.000  5.701802e+02 
  841.000  5.701410e+02 
  842.000  5.680308e+02 
  843.000  5.673964e+02 
  844.000  5.594416e+02 
  845.000  5.686327e+02 
  846.000  5.744025e+02 
  847.000  5.551811e+02 
  848.000  5.706046e+02 
  849.000  5.718398e+02 
  850.000  4.939842e+02 
  851.000  5.653303e+02 
  852.000  5.439974e+02 
  853.000  5.513340e+02 
  854.000  4.432451e+02 
  855.000  4.884011e+02 
  856.000  5.549936e+02 
  857.000  5.643146e+02 
  858.000  5.554750e+02 
  859.000  5.557982e+02 
  860.000  5.511068e+02 
  861.000  5.511195e+02 
  862.000  5.494748e+02 
  863.000  5.600425e+02 
  864.000  5.590500e+02 
  865.000  5.487448e+02 
  866.000  4.603430e+02 
  867.000  4.902437e+02 
  868.000  5.317382e+02 
  869.000  5.243445e+02 
  870.000  5.460020e+02 
  871.000  5.452957e+02 
  872.000  5.432022e+02 
  873.000  5.453712e+02 
  874.000  5.334329e+02 
  875.000  5.285628e+02 
  876.000  5.329102e+02 
  877.000  5.435323e+02 
  878.000  5.340532e+02 
  879.000  5.353094e+02 
  880.000  5.321246e+02 
  881.000  5.044633e+02 
  882.000  5.322710e+02 
  883.000  5.202578e+02 
  884.000  5.247529e+02 
  885.000  5.298939e+02 
  886.000  5.121177e+02 
  887.000  5.072654e+02 
  888.000  5.224691e+02 
  889.000  5.261406e+02 
  890.000  5.242227e+02 
  891.000  5.208426e+02 
  892.000  5.171409e+02 
  893.000  4.909452e+02 
  894.000  5.037643e+02 
  895.000  4.672534e+02 
  896.000  4.720382e+02 
  897.000  4.470667e+02 
  898.000  4.412296e+02 
  899.000  4.221841e+02 
  900.000  4.142850e+02 
  901.000  4.008035e+02 
  902.000  3.942591e+02 
  903.000  4.464862e+02 
  904.000  4.719149e+02 
  905.000  4.699769e+02 
  906.000  4.458885e+02 
  907.000  4.325128e+02 
  908.000  4.074149e+02 
  909.000  4.010499e+02 
  910.000  4.078706e+02 
  911.000  4.156093e+02 
  912.000  4.122273e+02 
  913.000  4.028789e+02 
  914.000  4.096513e+02 
  915.000  4.096568e+02 
  916.000  4.166887e+02 
  917.000  4.141091e+02 
  918.000  4.170714e+02 
  919.000  4.399995e+02 
  920.000  4.488600e+02 
  921.000  4.362550e+02 
  922.000  4.321272e+02 
  923.000  4.106476e+02 
  924.000  4.195669e+02 
  925.000  4.244706e+02 
  926.000  4.091230e+02 
  927.000  4.143497e+02 
  928.000  4.014731e+02 
  929.000  3.738761e+02 
  930.000  3.451478e+02 
  931.000  3.141110e+02 
  932.000  2.712448e+02 
  933.000  2.424177e+02 
  934.000  2.104180e+02 
  935.000  2.041849e+02 
  936.000  2.142553e+02 
  937.000  2.160536e+02 
  938.000  2.467932e+02 
  939.000  3.361734e+02 
  940.000  3.474422e+02 
  941.000  3.286237e+02 
  942.000  2.902827e+02 
  943.000  2.608903e+02 
  944.000  2.506792e+02 
  945.000  2.689214e+02 
  946.000  2.734740e+02 
  947.000  2.861172e+02 
  948.000  2.962769e+02 
  949.000  2.961236e+02 
  950.000  2.963342e+02 
  951.000  3.133176e+02 
  952.000  2.932800e+02 
  953.000  3.064756e+02 
  954.000  3.184023e+02 
  955.000  2.861700e+02 
  956.000  3.025906e+02 
  957.000  3.399562e+02 
  958.000  3.474890e+02 
  959.000  3.425287e+02 
  960.000  3.374926e+02 
  961.000  3.307872e+02 
  962.000  3.352747e+02 
  963.000  3.550926e+02 
  964.000  3.539622e+02 
  965.000  3.563413e+02 
  966.000  3.471335e+02 
  967.000  3.721223e+02 
  968.000  3.922269e+02 
  969.000  4.056268e+02 
  970.000  4.073403e+02 
  971.000  4.034743e+02 
  972.000  4.032130e+02 
  973.000  3.923576e+02 
  974.000  3.777722e+02 
  975.000  3.741282e+02 
  976.000  3.855405e+02 
  977.000  3.868072e+02 
  978.000  3.954551e+02 
  979.000  3.868318e+02 
  980.000  4.036088e+02 
  981.000  4.089537e+02 
  982.000  4.055391e+02 
  983.000  4.102950e+02 
  984.000  4.135322e+02 
  985.000  4.167395e+02 
  986.000  4.176853e+02 
  987.000  4.243484e+02 
  988.000  4.195544e+02 
  989.000  4.145059e+02 
  990.000  4.184980e+02 
  991.000  4.235229e+02 
  992.000  4.200721e+02 
  993.000  4.202375e+02 
  994.000  4.236655e+02 
  995.000  4.215295e+02 
  996.000  4.214462e+02 
  997.000  4.213171e+02 
  998.000  4.190815e+02 
  999.000  4.177761e+02 
 1000.000  4.146753e+02 
 1001.000  4.156584e+02 
 1002.000  4.128196e+02 
 1003.000  4.085488e+02 
 1004.000  4.064249e+02 
 1005.000  3.801648e+02 
 1006.000  4.003062e+02 
 1007.000  4.071958e+02 
 1008.000  4.071361e+02 
 1009.000  4.022816e+02 
 1010.000  4.048654e+02 
 1011.000  4.052095e+02 
 1012.000  4.063197e+02 
 1013.000  4.039863e+02 
 1014.000  4.069130e+02 
 1015.000  3.994626e+02 
 1016.000  4.023171e+02 
 1017.000  3.985530e+02 
 1018.000  4.033827e+02 
 1019.000  3.935037e+02 
 1020.000  3.928286e+02 
 1021.000  3.972687e+02 
 1022.000  3.905430e+02 
 1023.000  3.972674e+02 
 1024.000  3.947799e+02 
 1025.000  3.959164e+02 
 1026.000  3.970175e+02 
 1027.000  3.943608e+02 
 1028.000  3.955141e+02 
 1029.000  3.900473e+02 
 1030.000  3.944881e+02 
 1031.000  3.934892e+02 
 1032.000  3.923046e+02 
 1033.000  3.851037e+02 
 1034.000  3.893062e+02 
 1035.000  3.852264e+02 
 1036.000  3.901764e+02 
 1037.000  3.819505e+02 
 1038.000  3.857556e+02 
 1039.000  3.872770e+02 
 1040.000  3.826413e+02 
 1041.000  3.846181e+02 
 1042.000  3.857320e+02 
 1043.000  3.790605e+02 
 1044.000  3.827699e+02 
 1045.000  3.810270e+02 
 1046.000  3.698596e+02 
 1047.000  3.765486e+02 
 1048.000  3.801483e+02 
 1049.000  3.775377e+02 
 1050.000  3.751601e+02 
 1051.000  3.750345e+02 
 1052.000  3.731471e+02 
 1053.000  3.732520e+02 
 1054.000  3.692357e+02 
 1055.000  3.717594e+02 
 1056.000  3.705907e+02 
 1057.000  3.696264e+02 
 1058.000  3.652568e+02 
 1059.000  3.537242e+02 
 1060.000  3.665759e+02 
 1061.000  3.536290e+02 
 1062.000  3.631410e+02 
 1063.000  3.567936e+02 
 1064.000  3.611136e+02 
 1065.000  3.603192e+02 
 1066.000  3.492747e+02 
 1067.000  3.574188e+02 
 1068.000  3.554432e+02 
 1069.000  3.284849e+02 
 1070.000  3.482344e+02 
 1071.000  3.485092e+02 
 1072.000  3.492085e+02 
 1073.000  3.377292e+02 
 1074.000  3.497709e+02 
 1075.000  3.397675e+02 
 1076.000  3.468208e+02 
 1077.000  3.455152e+02 
 1078.000  3.458479e+02 
 1079.000  3.324223e+02 
 1080.000  3.402606e+02 
 1081.000  3.277308e+02 
 1082.000  3.328747e+02 
 1083.000  3.229014e+02 
 1084.000  3.340469e+02 
 1085.000  3.267514e+02 
 1086.000  3.317726e+02 
 1087.000  3.145685e+02 
 1088.000  3.338547e+02 
 1089.000  3.172445e+02 
 1090.000  3.234246e+02 
 1091.000  3.263326e+02 
 1092.000  3.168282e+02 
 1093.000  3.084848e+02 
 1094.000  2.789666e+02 
 1095.000  3.022932e+02 
 1096.000  3.013710e+02 
 1097.000  2.964640e+02 
 1098.000  2.807881e+02 
 1099.000  2.703192e+02 
 1100.000  2.757077e+02 
 1101.000  2.767406e+02 
 1102.000  2.645351e+02 
 1103.000  2.760781e+02 
 1104.000  2.721617e+02 
 1105.000  2.669036e+02 
 1106.000  2.597650e+02 
 1107.000  2.606800e+02 
 1108.000  2.607487e+02 
 1109.000  2.661571e+02 
 1110.000  2.669781e+02 
 1111.000  2.611983e+02 
 1112.000  2.475971e+02 
 1113.000  2.313635e+02 
 1114.000  2.296967e+02 
 1115.000  2.085792e+02 
 1116.000  1.944843e+02 
 1117.000  1.699223e+02 
 1118.000  1.444422e+02 
 1119.000  1.282043e+02 
 1120.000  1.134630e+02 
 1121.000  1.108487e+02 
 1122.000  9.497447e+01 
 1123.000  1.037892e+02 
 1124.000  1.096878e+02 
 1125.000  1.044814e+02 
 1126.000  1.013358e+02 
 1127.000  1.060733e+02 
 1128.000  1.066239e+02 
 1129.000  1.224031e+02 
 1130.000  1.585452e+02 
 1131.000  1.708929e+02 
 1132.000  1.566979e+02 
 1133.000  1.270500e+02 
 1134.000  8.106402e+01 
 1135.000  8.547314e+01 
 1136.000  1.314606e+02 
 1137.000  1.593530e+02 
 1138.000  1.784972e+02 
 1139.000  1.902082e+02 
 1140.000  1.858921e+02 
 1141.000  1.710291e+02 
 1142.000  1.722294e+02 
 1143.000  1.585995e+02 
 1144.000  1.457683e+02 
 1145.000  1.297060e+02 
 1146.000  1.350704e+02 
 1147.000  1.491703e+02 
 1148.000  1.597030e+02 
 1149.000  1.650387e+02 
 1150.000  1.645556e+02 
 1151.000  1.712657e+02 
 1152.000  1.744693e+02 
 1153.000  1.793470e+02 
 1154.000  1.787075e+02 
 1155.000  1.896538e+02 
 1156.000  1.980218e+02 
 1157.000  2.224720e+02 
 1158.000  2.318399e+02 
 1159.000  2.364466e+02 
 1160.000  2.366444e+02 
 1161.000  2.395548e+02 
 1162.000  2.542538e+02 
 1163.000  2.626740e+02 
 1164.000  2.590327e+02 
 1165.000  2.646053e+02 
 1166.000  2.592386e+02 
 1167.000  2.643971e+02 
 1168.000  2.663483e+02 
 1169.000  2.581389e+02 
 1170.000  2.660478e+02 
 1171.000  2.698779e+02 
 1172.000  2.675023e+02 
 1173.000  2.641699e+02 
 1174.000  2.643918e+02 
 1175.000  2.652880e+02 
 1176.000  2.624738e+02 
 1177.000  2.688423e+02 
 1178.000  2.608014e+02 
 1179.000  2.596624e+02 
 1180.000  2.620106e+02 
 1181.000  2.574361e+02 
 1182.000  2.545376e+02 
 1183.000  2.400793e+02 
 1184.000  2.527901e+02 
 1185.000  2.607025e+02 
 1186.000  2.578073e+02 
 1187.000  2.532808e+02 
 1188.000  2.509308e+02 
 1189.000  2.389741e+02 
 1190.000  2.579203e+02 
 1191.000  2.641237e+02 
 1192.000  2.657895e+02 
 1193.000  2.652301e+02 
 1194.000  2.642647e+02 
 1195.000  2.582859e+02 
 1196.000  2.585405e+02 
 1197.000  2.570185e+02 
 1198.000  2.480584e+02 
 1199.000  2.371462e+02 
 1200.000  2.531765e+02 
 1201.000  2.552668e+02 
 1202.000  2.555853e+02 
 1203.000  2.419113e+02 
 1204.000  2.463200e+02 
 1205.000  2.569971e+02 
 1206.000  2.578236e+02 
 1207.000  2.605673e+02 
 1208.000  2.561946e+02 
 1209.000  2.391782e+02 
 1210.000  2.541915e+02 
 1211.000  2.455028e+02 
 1212.000  2.537625e+02 
 1213.000  2.568016e+02 
 1214.000  2.553780e+02 
 1215.000  2.569510e+02 
 1216.000  2.588194e+02 
 1217.000  2.604338e+02 
 1218.000  2.602416e+02 
 1219.000  2.580948e+02 
 1220.000  2.599592e+02 
 1221.000  2.598370e+02 
 1222.000  2.586273e+02 
 1223.000  2.576187e+02 
 1224.000  2.611322e+02 
 1225.000  2.600283e+02 
 1226.000  2.613814e+02 
 1227.000  2.532236e+02 
 1228.000  2.619780e+02 
 1229.000  2.623046e+02 
 1230.000  2.620813e+02 
 1231.000  2.624294e+02 
 1232.000  2.595657e+02 
 1233.000  2.616786e+02 
 1234.000  2.616219e+02 
 1235.000  2.600672e+02 
 1236.000  2.617784e+02 
 1237.000  2.619960e+02 
 1238.000  2.618646e+02 
 1239.000  2.588667e+02 
 1240.000  2.576100e+02 
 1241.000  2.597210e+02 
 1242.000  2.580072e+02 
 1243.000  2.549711e+02 
 1244.000  2.523476e+02 
 1245.000  2.564524e+02 
 1246.000  2.542061e+02 
 1247.000  2.525583e+02 
 1248.000  2.542490e+02 
 1249.000  2.530711e+02 
 1250.000  2.517319e+02 
 1251.000  2.496139e+02 
 1252.000  2.483639e+02 
 1253.000  2.458113e+02 
 1254.000  2.455330e+02 
 1255.000  2.443861e+02 
 1256.000  2.431749e+02 
 1257.000  2.394510e+02 
 1258.000  2.385636e+02 
 1259.000  2.343254e+02 
 1260.000  2.328562e+02 
 1261.000  2.304581e+02 
 1262.000  2.217796e+02 
 1263.000  2.229494e+02 
 1264.000  2.184590e+02 
 1265.000  2.184649e+02 
 1266.000  2.183232e+02 
 1267.000  2.124845e+02 
 1268.000  2.084060e+02 
 1269.000  2.094860e+02 
 1270.000  2.169309e+02 
 1271.000  2.205633e+02 
 1272.000  2.218680e+02 
 1273.000  2.234015e+02 
 1274.000  2.241416e+02 
 1275.000  2.266035e+02 
 1276.000  2.277771e+02 
 1277.000  2.282291e+02 
 1278.000  2.282665e+02 
 1279.000  2.273333e+02 
 1280.000  2.271695e+02 
 1281.000  2.218202e+02 
 1282.000  1.978793e+02 
 1283.000  2.178762e+02 
 1284.000  2.271399e+02 
 1285.000  2.292524e+02 
 1286.000  2.289022e+02 
 1287.000  2.295983e+02 
 1288.000  2.251529e+02 
 1289.000  2.256441e+02 
 1290.000  2.204346e+02 
 1291.000  2.240683e+02 
 1292.000  2.264891e+02 
 1293.000  2.269034e+02 
 1294.000  2.220298e+02 
 1295.000  2.222801e+02 
 1296.000  2.201980e+02 
 1297.000  2.170107e+02 
 1298.000  2.149816e+02 
 1299.000  2.170840e+02 
 1300.000  2.159549e+02 
 1301.000  2.152044e+02 
 1302.000  2.111616e+02 
 1303.000  2.060781e+02 
 1304.000  2.047657e+02 
 1305.000  2.053629e+02 
 1306.000  2.050130e+02 
 1307.000  2.034313e+02 
 1308.000  2.008360e+02 
 1309.000  1.972666e+02 
 1310.000  1.960527e+02 
 1311.000  1.955318e+02 
 1312.000  1.907785e+02 
 1313.000  1.786193e+02 
 1314.000  1.807379e+02 
 1315.000  1.765506e+02 
 1316.000  1.836906e+02 
 1317.000  1.854995e+02 
 1318.000  1.782010e+02 
 1319.000  1.737946e+02 
 1320.000  1.648532e+02 
 1321.000  1.612229e+02 
 1322.000  1.658668e+02 
 1323.000  1.717919e+02 
 1324.000  1.747105e+02 
 1325.000  1.727514e+02 
 1326.000  1.667978e+02 
 1327.000  1.545560e+02 
 1328.000  1.430394e+02 
 1329.000  1.171189e+02 
 1330.000  1.113742e+02 
 1331.000  1.068518e+02 
 1332.000  1.062425e+02 
 1333.000  1.135488e+02 
 1334.000  1.200925e+02 
 1335.000  1.248040e+02 
 1336.000  1.252876e+02 
 1337.000  1.269951e+02 
 1338.000  1.301275e+02 
 1339.000  1.309097e+02 
 1340.000  1.327313e+02 
 1341.000  1.345213e+02 
 1342.000  1.345989e+02 
 1343.000  1.262627e+02 
 1344.000  1.149431e+02 
 1345.000  8.672234e+01 
 1346.000  6.809644e+01 
 1347.000  5.699725e+01 
 1348.000  4.251595e+01 
 1349.000  3.707636e+01 
 1350.000  2.516765e+01 
 1351.000  2.032176e+01 
 1352.000  1.323179e+01 
 1353.000  7.901165e+00 
 1354.000  5.587737e+00 
 1355.000  3.796179e+00 
 1356.000  2.462282e+00 
 1357.000  1.352522e+00 
 1358.000  8.661252e-01 
 1359.000  3.274096e-01 
 1360.000  1.808364e-01 
 1361.000  1.132124e-01 
 1362.000  1.005412e-01 
 1363.000  1.695740e-01 
 1364.000  2.091409e-01 
 1365.000  2.210541e-01 
 1366.000  2.719705e-01 
 1367.000  2.158777e-01 
 1368.000  1.869007e-01 
 1369.000  1.957268e-01 
 1370.000  4.206289e-01 
 1371.000  9.744728e-01 
 1372.000  2.431927e+00 
 1373.000  4.051164e+00 
 1374.000  5.404957e+00 
 1375.000  5.984339e+00 
 1376.000  5.384851e+00 
 1377.000  4.515281e+00 
 1378.000  3.028108e+00 
 1379.000  1.742580e+00 
 1380.000  7.595218e-01 
 1381.000  3.417592e-01 
 1382.000  2.024706e-01 
 1383.000  1.909799e-01 
 1384.000  3.883982e-01 
 1385.000  6.502738e-01 
 1386.000  1.208030e+00 
 1387.000  2.999044e+00 
 1388.000  4.504378e+00 
 1389.000  5.574267e+00 
 1390.000  5.797091e+00 
 1391.000  5.239862e+00 
 1392.000  3.492488e+00 
 1393.000  2.378694e+00 
 1394.000  1.621785e+00 
 1395.000  1.934656e+00 
 1396.000  3.057735e+00 
 1397.000  4.460147e+00 
 1398.000  4.657383e+00 
 1399.000  4.263477e+00 
 1400.000  3.916345e+00 
 1401.000  4.344198e+00 
 1402.000  5.901124e+00 
 1403.000  7.418868e+00 
 1404.000  6.801500e+00 
 1405.000  7.427227e+00 
 1406.000  6.647971e+00 
 1407.000  7.172120e+00 
 1408.000  9.361794e+00 
 1409.000  1.198937e+01 
 1410.000  1.618135e+01 
 1411.000  2.119170e+01 
 1412.000  2.052655e+01 
 1413.000  2.391412e+01 
 1414.000  2.327565e+01 
 1415.000  2.743298e+01 
 1416.000  3.053562e+01 
 1417.000  3.197156e+01 
 1418.000  3.238940e+01 
 1419.000  3.279124e+01 
 1420.000  3.398558e+01 
 1421.000  4.041756e+01 
 1422.000  4.230250e+01 
 1423.000  4.334202e+01 
 1424.000  4.310893e+01 
 1425.000  4.215593e+01 
 1426.000  4.073835e+01 
 1427.000  4.410876e+01 
 1428.000  4.726662e+01 
 1429.000  4.874385e+01 
 1430.000  4.724635e+01 
 1431.000  4.231707e+01 
 1432.000  4.043560e+01 
 1433.000  4.028790e+01 
 1434.000  3.801421e+01 
 1435.000  4.204025e+01 
 1436.000  4.359764e+01 
 1437.000  4.453912e+01 
 1438.000  4.862880e+01 
 1439.000  4.978096e+01 
 1440.000  4.834221e+01 
 1441.000  5.175630e+01 
 1442.000  4.930574e+01 
 1443.000  5.025187e+01 
 1444.000  5.190691e+01 
 1445.000  5.221424e+01 
 1446.000  5.566553e+01 
 1447.000  5.815592e+01 
 1448.000  5.905215e+01 
 1449.000  5.740950e+01 
 1450.000  5.406736e+01 
 1451.000  5.516597e+01 
 1452.000  5.930084e+01 
 1453.000  6.898849e+01 
 1454.000  7.818505e+01 
 1455.000  8.321948e+01 
 1456.000  8.887589e+01 
 1457.000  9.058656e+01 
 1458.000  9.272267e+01 
 1459.000  8.875085e+01 
 1460.000  8.353811e+01 
 1461.000  8.127373e+01 
 1462.000  7.522505e+01 
 1463.000  7.471526e+01 
 1464.000  7.325636e+01 
 1465.000  7.043172e+01 
 1466.000  6.420022e+01 
 1467.000  6.272960e+01 
 1468.000  5.778282e+01 
 1469.000  5.313744e+01 
 1470.000  5.099895e+01 
 1471.000  5.609209e+01 
 1472.000  6.448737e+01 
 1473.000  7.632757e+01 
 1474.000  8.293007e+01 
 1475.000  8.439264e+01 
 1476.000  8.452834e+01 
 1477.000  8.183492e+01 
 1478.000  7.778642e+01 
 1479.000  7.511271e+01 
 1480.000  7.739965e+01 
 1481.000  8.010114e+01 
 1482.000  8.519294e+01 
 1483.000  8.464241e+01 
 1484.000  8.523553e+01 
 1485.000  8.627230e+01 
 1486.000  8.821633e+01 
 1487.000  9.625452e+01 
 1488.000  8.454250e+01 
 1489.000  1.071544e+02 
 1490.000  1.163308e+02 
 1491.000  1.220870e+02 
 1492.000  1.201646e+02 
 1493.000  1.255702e+02 
 1494.000  1.255095e+02 
 1495.000  1.275748e+02 
 1496.000  1.290776e+02 
 1497.000  1.323279e+02 
 1498.000  1.381869e+02 
 1499.000  1.402303e+02 
 1500.000  1.455737e+02 
 1501.000  1.444652e+02 
 1502.000  1.416202e+02 
 1503.000  1.262002e+02 
 1504.000  1.323946e+02 
 1505.000  1.350445e+02 
 1506.000  1.369422e+02 
 1507.000  1.460035e+02 
 1508.000  1.451853e+02 
 1509.000  1.473041e+02 
 1510.000  1.501228e+02 
 1511.000  1.518569e+02 
 1512.000  1.497100e+02 
 1513.000  1.497477e+02 
 1514.000  1.477027e+02 
 1515.000  1.513894e+02 
 1516.000  1.502431e+02 
 1517.000  1.500725e+02 
 1518.000  1.542565e+02 
 1519.000  1.536297e+02 
 1520.000  1.566622e+02 
 1521.000  1.547795e+02 
 1522.000  1.538908e+02 
 1523.000  1.579447e+02 
 1524.000  1.564301e+02 
 1525.000  1.525118e+02 
 1526.000  1.568888e+02 
 1527.000  1.556168e+02 
 1528.000  1.571692e+02 
 1529.000  1.566725e+02 
 1530.000  1.469795e+02 
 1531.000  1.573242e+02 
 1532.000  1.566089e+02 
 1533.000  1.559937e+02 
 1534.000  1.537836e+02 
 1535.000  1.545849e+02 
 1536.000  1.566572e+02 
 1537.000  1.574443e+02 
 1538.000  1.534022e+02 
 1539.000  1.568113e+02 
 1540.000  1.511972e+02 
 1541.000  1.544526e+02 
 1542.000  1.553718e+02 
 1543.000  1.550716e+02 
 1544.000  1.572491e+02 
 1545.000  1.580770e+02 
 1546.000  1.583477e+02 
 1547.000  1.569614e+02 
 1548.000  1.524104e+02 
 1549.000  1.563162e+02 
 1550.000  1.554530e+02 
 1551.000  1.546429e+02 
 1552.000  1.573021e+02 
 1553.000  1.565460e+02 
 1554.000  1.507729e+02 
 1555.000  1.533290e+02 
 1556.000  1.504129e+02 
 1557.000  1.553353e+02 
 1558.000  1.541207e+02 
 1559.000  1.540993e+02 
 1560.000  1.514371e+02 
 1561.000  1.549399e+02 
 1562.000  1.548359e+02 
 1563.000  1.523769e+02 
 1564.000  1.490968e+02 
 1565.000  1.509694e+02 
 1566.000  1.481087e+02 
 1567.000  1.472883e+02 
 1568.000  1.430597e+02 
 1569.000  1.422547e+02 
 1570.000  1.376201e+02 
 1571.000  1.413084e+02 
 1572.000  1.409798e+02 
 1573.000  1.390209e+02 
 1574.000  1.399213e+02 
 1575.000  1.302048e+02 
 1576.000  1.398833e+02 
 1577.000  1.264446e+02 
 1578.000  1.385502e+02 
 1579.000  1.396519e+02 
 1580.000  1.430571e+02 
 1581.000  1.421097e+02 
 1582.000  1.398695e+02 
 1583.000  1.421736e+02 
 1584.000  1.414212e+02 
 1585.000  1.459935e+02 
 1586.000  1.441606e+02 
 1587.000  1.428841e+02 
 1588.000  1.408769e+02 
 1589.000  1.289498e+02 
 1590.000  1.389157e+02 
 1591.000  1.358120e+02 
 1592.000  1.429274e+02 
 1593.000  1.458535e+02 
 1594.000  1.444878e+02 
 1595.000  1.448674e+02 
 1596.000  1.357034e+02 
 1597.000  1.402903e+02 
 1598.000  1.415559e+02 
 1599.000  1.352534e+02 
 1600.000  1.362732e+02 
 1601.000  1.305367e+02 
 1602.000  1.335332e+02 
 1603.000  1.328893e+02 
 1604.000  1.351657e+02 
 1605.000  1.331671e+02 
 1606.000  1.328605e+02 
 1607.000  1.332356e+02 
 1608.000  1.346214e+02 
 1609.000  1.341041e+02 
 1610.000  1.259276e+02 
 1611.000  1.302810e+02 
 1612.000  1.323391e+02 
 1613.000  1.360547e+02 
 1614.000  1.347193e+02 
 1615.000  1.375341e+02 
 1616.000  1.293577e+02 
 1617.000  1.336450e+02 
 1618.000  1.378088e+02 
 1619.000  1.378475e+02 
 1620.000  1.347943e+02 
 1621.000  1.330925e+02 
 1622.000  1.364423e+02 
 1623.000  1.393878e+02 
 1624.000  1.404544e+02 
 1625.000  1.371994e+02 
 1626.000  1.386669e+02 
 1627.000  1.385130e+02 
 1628.000  1.395284e+02 
 1629.000  1.394107e+02 
 1630.000  1.354455e+02 
 1631.000  1.375636e+02 
 1632.000  1.373764e+02 
 1633.000  1.355274e+02 
 1634.000  1.321101e+02 
 1635.000  1.356520e+02 
 1636.000  1.350564e+02 
 1637.000  1.287034e+02 
 1638.000  1.277645e+02 
 1639.000  1.260607e+02 
 1640.000  1.265709e+02 
 1641.000  1.255908e+02 
 1642.000  1.254327e+02 
 1643.000  1.285986e+02 
 1644.000  1.265676e+02 
 1645.000  1.267432e+02 
 1646.000  1.282657e+02 
 1647.000  1.294532e+02 
 1648.000  1.288277e+02 
 1649.000  1.258668e+02 
 1650.000  1.290571e+02 
 1651.000  1.262159e+02 
 1652.000  1.287693e+02 
 1653.000  1.275516e+02 
 1654.000  1.289821e+02 
 1655.000  1.266549e+02 
 1656.000  1.292814e+02 
 1657.000  1.283421e+02 
 1658.000  1.292332e+02 
 1659.000  1.269143e+02 
 1660.000  1.283359e+02 
 1661.000  1.288320e+02 
 1662.000  1.277834e+02 
 1663.000  1.268722e+02 
 1664.000  1.262043e+02 
 1665.000  1.249222e+02 
 1666.000  1.244557e+02 
 1667.000  1.259167e+02 
 1668.000  1.237837e+02 
 1669.000  1.242583e+02 
 1670.000  1.270116e+02 
 1671.000  1.262192e+02 
 1672.000  1.202460e+02 
 1673.000  1.236599e+02 
 1674.000  1.241177e+02 
 1675.000  1.229637e+02 
 1676.000  1.209706e+02 
 1677.000  1.215983e+02 
 1678.000  1.223343e+02 
 1679.000  1.206615e+02 
 1680.000  1.165567e+02 
 1681.000  1.125438e+02 
 1682.000  1.157920e+02 
 1683.000  1.186275e+02 
 1684.000  1.208130e+02 
 1685.000  1.211412e+02 
 1686.000  1.196864e+02 
 1687.000  1.200466e+02 
 1688.000  1.200359e+02 
 1689.000  1.185913e+02 
 1690.000  1.183947e+02 
 1691.000  1.199158e+02 
 1692.000  1.201348e+02 
 1693.000  1.197267e+02 
 1694.000  1.195586e+02 
 1695.000  1.195431e+02 
 1696.000  1.188415e+02 
 1697.000  1.180711e+02 
 1698.000  1.187729e+02 
 1699.000  1.180091e+02 
 1700.000  1.165303e+02 
 1701.000  1.167845e+02 
 1702.000  1.163989e+02 
 1703.000  1.139505e+02 
 1704.000  1.158716e+02 
 1705.000  1.163969e+02 
 1706.000  1.148119e+02 
 1707.000  1.144529e+02 
 1708.000  1.113094e+02 
 1709.000  1.133441e+02 
 1710.000  1.145921e+02 
 1711.000  1.058754e+02 
 1712.000  1.132612e+02 
 1713.000  1.137566e+02 
 1714.000  1.138023e+02 
 1715.000  1.138745e+02 
 1716.000  1.133245e+02 
 1717.000  1.123001e+02 
 1718.000  1.117012e+02 
 1719.000  1.124959e+02 
 1720.000  1.095787e+02 
 1721.000  1.079702e+02 
 1722.000  1.095342e+02 
 1723.000  1.037561e+02 
 1724.000  1.053163e+02 
 1725.000  1.069830e+02 
 1726.000  1.082914e+02 
 1727.000  1.077652e+02 
 1728.000  1.053850e+02 
 1729.000  1.076442e+02 
 1730.000  1.078512e+02 
 1731.000  1.060189e+02 
 1732.000  1.045852e+02 
 1733.000  9.792101e+01 
 1734.000  9.971191e+01 
 1735.000  9.990282e+01 
 1736.000  9.505431e+01 
 1737.000  9.370366e+01 
 1738.000  9.818018e+01 
 1739.000  9.970094e+01 
 1740.000  9.983793e+01 
 1741.000  9.745658e+01 
 1742.000  1.005193e+02 
 1743.000  9.867976e+01 
 1744.000  9.989098e+01 
 1745.000  9.697234e+01 
 1746.000  9.742390e+01 
 1747.000  9.518469e+01 
 1748.000  9.870280e+01 
 1749.000  9.812399e+01 
 1750.000  9.779924e+01 
 1751.000  9.621960e+01 
 1752.000  9.683345e+01 
 1753.000  9.686398e+01 
 1754.000  9.689642e+01 
 1755.000  9.507595e+01 
 1756.000  9.613014e+01 
 1757.000  9.619936e+01 
 1758.000  9.569139e+01 
 1759.000  9.608483e+01 
 1760.000  9.511779e+01 
 1761.000  9.277840e+01 
 1762.000  9.047666e+01 
 1763.000  9.082557e+01 
 1764.000  8.783636e+01 
 1765.000  8.936904e+01 
 1766.000  8.858100e+01 
 1767.000  8.883768e+01 
 1768.000  8.756595e+01 
 1769.000  8.802859e+01 
 1770.000  8.648959e+01 
 1771.000  8.664142e+01 
 1772.000  8.592817e+01 
 1773.000  8.590642e+01 
 1774.000  8.234387e+01 
 1775.000  7.880727e+01 
 1776.000  7.855912e+01 
 1777.000  7.540136e+01 
 1778.000  7.332102e+01 
 1779.000  7.405885e+01 
 1780.000  7.289583e+01 
 1781.000  7.235191e+01 
 1782.000  7.139905e+01 
 1783.000  6.941601e+01 
 1784.000  6.947483e+01 
 1785.000  6.923761e+01 
 1786.000  6.991392e+01 
 1787.000  7.047795e+01 
 1788.000  7.013448e+01 
 1789.000  6.634714e+01 
 1790.000  6.584066e+01 
 1791.000  6.195492e+01 
 1792.000  6.073779e+01 
 1793.000  5.620152e+01 
 1794.000  5.232362e+01 
 1795.000  5.275718e+01 
 1796.000  4.816271e+01 
 1797.000  4.395693e+01 
 1798.000  4.411401e+01 
 1799.000  3.732618e+01 
 1800.000  3.713259e+01 
 1801.000  3.112853e+01 
 1802.000  2.788502e+01 
 1803.000  2.775890e+01 
 1804.000  2.766258e+01 
 1805.000  2.695723e+01 
 1806.000  2.449838e+01 
 1807.000  2.349470e+01 
 1808.000  2.254447e+01 
 1809.000  1.899898e+01 
 1810.000  1.571431e+01 
 1811.000  1.569251e+01 
 1812.000  1.291386e+01 
 1813.000  1.294270e+01 
 1814.000  1.132745e+01 
 1815.000  8.199046e+00 
 1816.000  8.087718e+00 
 1817.000  6.989914e+00 
 1818.000  6.135767e+00 
 1819.000  5.309659e+00 
 1820.000  4.857900e+00 
 1821.000  4.893931e+00 
 1822.000  4.408843e+00 
 1823.000  4.341785e+00 
 1824.000  4.007272e+00 
 1825.000  2.319372e+00 
 1826.000  2.332085e+00 
 1827.000  1.617577e+00 
 1828.000  1.437701e+00 
 1829.000  7.295449e-01 
 1830.000  4.583259e-01 
 1831.000  4.573080e-01 
 1832.000  2.833541e-01 
 1833.000  2.731292e-01 
 1834.000  1.552705e-01 
 1835.000  6.040056e-02 
 1836.000  6.053677e-02 
 1837.000  3.963180e-02 
 1838.000  3.542354e-02 
 1839.000  4.596008e-02 
 1840.000  7.729185e-02 
 1841.000  7.899262e-02 
 1842.000  1.237155e-01 
 1843.000  1.197730e-01 
 1844.000  1.618546e-01 
 1845.000  1.533476e-01 
 1846.000  1.235823e-01 
 1847.000  8.746301e-02 
 1848.000  9.011137e-02 
 1849.000  8.876181e-02 
 1850.000  8.952620e-02 
 1851.000  8.511259e-02 
 1852.000  8.607385e-02 
 1853.000  8.417903e-02 
 1854.000  8.615078e-02 
 1855.000  8.882509e-02 
 1856.000  9.487371e-02 
 1857.000  9.875423e-02 
 1858.000  1.362073e-01 
 1859.000  2.393996e-01 
 1860.000  2.366363e-01 
 1861.000  4.182684e-01 
 1862.000  3.961222e-01 
 1863.000  4.328267e-01 
 1864.000  3.645250e-01 
 1865.000  3.661149e-01 
 1866.000  1.784354e-01 
 1867.000  1.755488e-01 
 1868.000  4.337796e-02 
 1869.000  4.610691e-02 
 1870.000  1.095876e-02 
 1871.000  4.894568e-03 
 1872.000  4.855942e-03 
 1873.000  1.364906e-02 
 1874.000  1.363134e-02 
 1875.000  5.241499e-02 
 1876.000  4.963073e-02 
 1877.000  2.250974e-01 
 1878.000  5.029635e-01 
 1879.000  5.138507e-01 
 1880.000  7.959123e-01 
 1881.000  8.202252e-01 
 1882.000  1.098016e+00 
 1883.000  1.196578e+00 
 1884.000  1.370405e+00 
 1885.000  1.363131e+00 
 1886.000  1.321750e+00 
 1887.000  1.425815e+00 
 1888.000  1.406658e+00 
 1889.000  1.133957e+00 
 1890.000  1.091658e+00 
 1891.000  9.922011e-01 
 1892.000  9.620703e-01 
 1893.000  8.289556e-01 
 1894.000  7.455114e-01 
 1895.000  7.276351e-01 
 1896.000  5.071920e-01 
 1897.000  5.050024e-01 
 1898.000  2.708360e-01 
 1899.000  2.666263e-01 
 1900.000  1.535375e-01 
 1901.000  1.545183e-01 
 1902.000  1.190667e-01 
 1903.000  1.718184e-01 
 1904.000  1.703174e-01 
 1905.000  2.752387e-01 
 1906.000  2.764393e-01 
 1907.000  4.079698e-01 
 1908.000  4.004782e-01 
 1909.000  4.483295e-01 
 1910.000  4.490726e-01 
 1911.000  4.794148e-01 
 1912.000  4.805895e-01 
 1913.000  6.600216e-01 
 1914.000  8.514117e-01 
 1915.000  8.460765e-01 
 1916.000  1.542470e+00 
 1917.000  1.550956e+00 
 1918.000  2.050617e+00 
 1919.000  2.042490e+00 
 1920.000  2.757081e+00 
 1921.000  2.868462e+00 
 1922.000  3.474778e+00 
 1923.000  3.621299e+00 
 1924.000  3.975675e+00 
 1925.000  4.076370e+00 
 1926.000  4.099420e+00 
 1927.000  4.803048e+00 
 1928.000  4.755289e+00 
 1929.000  5.122958e+00 
 1930.000  5.326921e+00 
 1931.000  6.962029e+00 
 1932.000  7.177081e+00 
 1933.000  7.840386e+00 
 1934.000  8.682569e+00 
 1935.000  9.957753e+00 
 1936.000  1.009345e+01 
 1937.000  1.047112e+01 
 1938.000  1.205689e+01 
 1939.000  1.151999e+01 
 1940.000  1.316520e+01 
 1941.000  1.329305e+01 
 1942.000  1.514263e+01 
 1943.000  1.469800e+01 
 1944.000  1.521506e+01 
 1945.000  1.429551e+01 
 1946.000  1.692451e+01 
 1947.000  1.797984e+01 
 1948.000  1.897042e+01 
 1949.000  1.951841e+01 
 1950.000  1.957405e+01 
 1951.000  1.900582e+01 
 1952.000  1.857783e+01 
 1953.000  1.935122e+01 
 1954.000  1.886424e+01 
 1955.000  1.883994e+01 
 1956.000  1.824349e+01 
 1957.000  1.948384e+01 
 1958.000  1.957454e+01 
 1959.000  2.206006e+01 
 1960.000  2.189347e+01 
 1961.000  2.526029e+01 
 1962.000  2.475745e+01 
 1963.000  2.823952e+01 
 1964.000  2.827166e+01 
 1965.000  3.321793e+01 
 1966.000  3.240573e+01 
 1967.000  3.657114e+01 
 1968.000  3.668147e+01 
 1969.000  4.018764e+01 
 1970.000  4.054132e+01 
 1971.000  4.333746e+01 
 1972.000  4.307294e+01 
 1973.000  4.349696e+01 
 1974.000  4.468927e+01 
 1975.000  4.791856e+01 
 1976.000  4.801029e+01 
 1977.000  4.990487e+01 
 1978.000  4.736288e+01 
 1979.000  5.166874e+01 
 1980.000  5.008080e+01 
 1981.000  5.253906e+01 
 1982.000  5.300450e+01 
 1983.000  5.389969e+01 
 1984.000  5.333921e+01 
 1985.000  5.383491e+01 
 1986.000  5.275837e+01 
 1987.000  5.328281e+01 
 1988.000  5.475439e+01 
 1989.000  5.438736e+01 
 1990.000  5.423159e+01 
 1991.000  5.358920e+01 
 1992.000  5.285587e+01 
 1993.000  5.006978e+01 
 1994.000  5.047396e+01 
 1995.000  4.718092e+01 
 1996.000  4.718003e+01 
 1997.000  3.924365e+01 
 1998.000  3.850058e+01 
 1999.000  3.003095e+01 
 2000.000  3.005354e+01 
 2001.000  2.252040e+01 
 2002.000  2.255698e+01 
 2003.000  1.883508e+01 
 2004.000  1.882643e+01 
 2005.000  1.904946e+01 
 2006.000  1.855516e+01 
 2007.000  2.067587e+01 
 2008.000  2.066554e+01 
 2009.000  2.200583e+01 
 2010.000  2.204662e+01 
 2011.000  2.254553e+01 
 2012.000  2.252329e+01 
 2013.000  2.315243e+01 
 2014.000  2.292569e+01 
 2015.000  2.439665e+01 
 2016.000  2.436144e+01 
 2017.000  2.733906e+01 
 2018.000  2.740403e+01 
 2019.000  3.221759e+01 
 2020.000  3.198017e+01 
 2021.000  3.588802e+01 
 2022.000  3.715335e+01 
 2023.000  4.222039e+01 
 2024.000  4.226213e+01 
 2025.000  4.577822e+01 
 2026.000  4.619415e+01 
 2027.000  4.875476e+01 
 2028.000  4.892755e+01 
 2029.000  5.015811e+01 
 2030.000  4.957241e+01 
 2031.000  5.138085e+01 
 2032.000  5.223933e+01 
 2033.000  5.345395e+01 
 2034.000  5.341269e+01 
 2035.000  5.217860e+01 
 2036.000  5.340303e+01 
 2037.000  5.384053e+01 
 2038.000  5.095304e+01 
 2039.000  5.261847e+01 
 2040.000  5.304673e+01 
 2041.000  5.243022e+01 
 2042.000  5.194307e+01 
 2043.000  5.108001e+01 
 2044.000  5.107165e+01 
 2045.000  4.891867e+01 
 2046.000  4.888602e+01 
 2047.000  4.862173e+01 
 2048.000  4.525808e+01 
 2049.000  4.550686e+01 
 2050.000  4.173895e+01 
 2051.000  4.150835e+01 
 2052.000  3.908723e+01 
 2053.000  3.853794e+01 
 2054.000  3.828878e+01 
 2055.000  3.858007e+01 
 2056.000  3.928612e+01 
 2057.000  3.913514e+01 
 2058.000  4.032236e+01 
 2059.000  4.033690e+01 
 2060.000  4.062634e+01 
 2061.000  3.955118e+01 
 2062.000  4.068911e+01 
 2063.000  4.053841e+01 
 2064.000  3.814145e+01 
 2065.000  4.037796e+01 
 2066.000  4.042804e+01 
 2067.000  4.081208e+01 
 2068.000  4.046678e+01 
 2069.000  4.164149e+01 
 2070.000  4.024562e+01 
 2071.000  4.361786e+01 
 2072.000  4.311866e+01 
 2073.000  4.599654e+01 
 2074.000  4.592814e+01 
 2075.000  4.779522e+01 
 2076.000  4.774138e+01 
 2077.000  4.912505e+01 
 2078.000  4.911427e+01 
 2079.000  4.829784e+01 
 2080.000  4.971283e+01 
 2081.000  4.922914e+01 
 2082.000  5.014088e+01 
 2083.000  4.926593e+01 
 2084.000  4.986319e+01 
 2085.000  5.027934e+01 
 2086.000  5.091656e+01 
 2087.000  5.089254e+01 
 2088.000  5.146093e+01 
 2089.000  5.153418e+01 
 2090.000  5.187320e+01 
 2091.000  5.148593e+01 
 2092.000  4.952180e+01 
 2093.000  5.142332e+01 
 2094.000  5.190795e+01 
 2095.000  5.034629e+01 
 2096.000  5.186245e+01 
 2097.000  5.173211e+01 
 2098.000  5.166188e+01 
 2099.000  5.197033e+01 
 2100.000  5.210893e+01 
 2101.000  5.226199e+01 
 2102.000  5.261938e+01 
 2103.000  5.181726e+01 
 2104.000  5.272937e+01 
 2105.000  5.268552e+01 
 2106.000  5.300676e+01 
 2107.000  5.284850e+01 
 2108.000  5.282491e+01 
 2109.000  5.255475e+01 
 2110.000  5.127779e+01 
 2111.000  5.247258e+01 
 2112.000  5.231871e+01 
 2113.000  5.205359e+01 
 2114.000  5.221650e+01 
 2115.000  5.214821e+01 
 2116.000  5.179227e+01 
 2117.000  5.055316e+01 
 2118.000  5.172309e+01 
 2119.000  5.214888e+01 
 2120.000  5.090097e+01 
 2121.000  5.211076e+01 
 2122.000  5.166225e+01 
 2123.000  5.169729e+01 
 2124.000  5.102330e+01 
 2125.000  5.212606e+01 
 2126.000  5.253214e+01 
 2127.000  5.161824e+01 
 2128.000  5.282345e+01 
 2129.000  5.270494e+01 
 2130.000  5.257931e+01 
 2131.000  5.289678e+01 
 2132.000  5.280276e+01 
 2133.000  5.281715e+01 
 2134.000  5.265829e+01 
 2135.000  5.275114e+01 
 2136.000  5.082590e+01 
 2137.000  5.256996e+01 
 2138.000  5.255935e+01 
 2139.000  5.229652e+01 
 2140.000  5.223625e+01 
 2141.000  5.228511e+01 
 2142.000  5.192423e+01 
 2143.000  5.166501e+01 
 2144.000  5.125087e+01 
 2145.000  5.074085e+01 
 2146.000  4.971778e+01 
 2147.000  5.022315e+01 
 2148.000  5.024564e+01 
 2149.000  4.937263e+01 
 2150.000  4.931316e+01 
 2151.000  4.871890e+01 
 2152.000  4.859994e+01 
 2153.000  4.813806e+01 
 2154.000  4.825248e+01 
 2155.000  4.823288e+01 
 2156.000  4.832528e+01 
 2157.000  4.820247e+01 
 2158.000  4.816725e+01 
 2159.000  4.794466e+01 
 2160.000  4.782476e+01 
 2161.000  4.777747e+01 
 2162.000  4.713747e+01 
 2163.000  4.722609e+01 
 2164.000  4.656498e+01 
 2165.000  4.506020e+01 
 2166.000  4.047639e+01 
 2167.000  4.433490e+01 
 2168.000  4.573840e+01 
 2169.000  4.695399e+01 
 2170.000  4.696247e+01 
 2171.000  4.737209e+01 
 2172.000  4.717157e+01 
 2173.000  4.734182e+01 
 2174.000  4.711174e+01 
 2175.000  4.716946e+01 
 2176.000  4.688047e+01 
 2177.000  4.639119e+01 
 2178.000  4.672971e+01 
 2179.000  4.482633e+01 
 2180.000  4.663610e+01 
 2181.000  4.656265e+01 
 2182.000  4.602461e+01 
 2183.000  4.489047e+01 
 2184.000  4.602063e+01 
 2185.000  4.613752e+01 
 2186.000  4.626463e+01 
 2187.000  4.620365e+01 
 2188.000  4.503770e+01 
 2189.000  4.486310e+01 
 2190.000  4.540747e+01 
 2191.000  4.593629e+01 
 2192.000  4.581116e+01 
 2193.000  4.515730e+01 
 2194.000  4.503971e+01 
 2195.000  4.490604e+01 
 2196.000  4.419905e+01 
 2197.000  4.402571e+01 
 2198.000  4.362663e+01 
 2199.000  4.356443e+01 
 2200.000  4.340282e+01 
 2201.000  4.354541e+01 
 2202.000  4.347555e+01 
 2203.000  4.418071e+01 
 2204.000  4.418905e+01 
 2205.000  4.406295e+01 
 2206.000  4.320402e+01 
 2207.000  4.265398e+01 
 2208.000  4.501605e+01 
 2209.000  4.408585e+01 
 2210.000  4.559909e+01 
 2211.000  4.555888e+01 
 2212.000  4.541333e+01 
 2213.000  4.543736e+01 
 2214.000  4.525533e+01 
 2215.000  4.526046e+01 
 2216.000  4.488048e+01 
 2217.000  4.423111e+01 
 2218.000  4.476636e+01 
 2219.000  4.490961e+01 
 2220.000  4.476871e+01 
 2221.000  4.469155e+01 
 2222.000  4.451443e+01 
 2223.000  4.450692e+01 
 2224.000  4.439703e+01 
 2225.000  4.418313e+01 
 2226.000  4.342019e+01 
 2227.000  4.354433e+01 
 2228.000  4.351414e+01 
 2229.000  4.390522e+01 
 2230.000  4.340934e+01 
 2231.000  4.347560e+01 
 2232.000  4.347369e+01 
 2233.000  4.332352e+01 
 2234.000  4.324273e+01 
 2235.000  4.297445e+01 
 2236.000  4.280120e+01 
 2237.000  4.282119e+01 
 2238.000  4.229653e+01 
 2239.000  4.140880e+01 
 2240.000  4.189470e+01 
 2241.000  4.230814e+01 
 2242.000  4.221689e+01 
 2243.000  4.148752e+01 
 2244.000  4.180276e+01 
 2245.000  4.179044e+01 
 2246.000  4.170098e+01 
 2247.000  4.166334e+01 
 2248.000  4.050447e+01 
 2249.000  4.134792e+01 
 2250.000  4.094582e+01 
 2251.000  4.089777e+01 
 2252.000  4.096428e+01 
 2253.000  4.030861e+01 
 2254.000  3.930156e+01 
 2255.000  4.009194e+01 
 2256.000  3.978933e+01 
 2257.000  3.978832e+01 
 2258.000  3.971341e+01 
 2259.000  3.975821e+01 
 2260.000  3.942598e+01 
 2261.000  3.923292e+01 
 2262.000  3.930809e+01 
 2263.000  3.792331e+01 
 2264.000  3.931856e+01 
 2265.000  3.908604e+01 
 2266.000  3.858054e+01 
 2267.000  3.892224e+01 
 2268.000  3.894837e+01 
 2269.000  3.885890e+01 
 2270.000  3.874378e+01 
 2271.000  3.844536e+01 
 2272.000  3.880096e+01 
 2273.000  3.875790e+01 
 2274.000  3.864249e+01 
 2275.000  3.806922e+01 
 2276.000  3.857751e+01 
 2277.000  3.858456e+01 
 2278.000  3.857494e+01 
 2279.000  3.845546e+01 
 2280.000  3.833936e+01 
 2281.000  3.641187e+01 
 2282.000  3.759586e+01 
 2283.000  3.770734e+01 
 2284.000  3.760184e+01 
 2285.000  3.746619e+01 
 2286.000  3.732188e+01 
 2287.000  3.739707e+01 
 2288.000  3.726729e+01 
 2289.000  3.677575e+01 
 2290.000  3.677455e+01 
 2291.000  3.615766e+01 
 2292.000  3.633631e+01 
 2293.000  3.626469e+01 
 2294.000  3.420499e+01 
 2295.000  3.511115e+01 
 2296.000  3.497250e+01 
 2297.000  3.435488e+01 
 2298.000  3.511727e+01 
 2299.000  3.525907e+01 
 2300.000  3.516509e+01 
 2301.000  3.513845e+01 
 2302.000  3.567337e+01 
 2303.000  3.556758e+01 
 2304.000  3.545017e+01 
 2305.000  3.601957e+01 
 2306.000  3.605753e+01 
 2307.000  3.615060e+01 
 2308.000  3.614486e+01 
 2309.000  3.591353e+01 
 2310.000  3.565762e+01 
 2311.000  3.576943e+01 
 2312.000  3.560212e+01 
 2313.000  3.500971e+01 
 2314.000  3.480560e+01 
 2315.000  3.330547e+01 
 2316.000  3.379307e+01 
 2317.000  3.346450e+01 
 2318.000  3.467169e+01 
 2319.000  3.453270e+01 
 2320.000  3.338801e+01 
 2321.000  3.359235e+01 
 2322.000  3.356617e+01 
 2323.000  3.217202e+01 
 2324.000  3.306538e+01 
 2325.000  3.333538e+01 
 2326.000  3.313767e+01 
 2327.000  3.376698e+01 
 2328.000  3.399321e+01 
 2329.000  3.366911e+01 
 2330.000  3.361119e+01 
 2331.000  3.345803e+01 
 2332.000  3.304358e+01 
 2333.000  3.302069e+01 
 2334.000  3.216660e+01 
 2335.000  3.170970e+01 
 2336.000  3.193209e+01 
 2337.000  3.120437e+01 
 2338.000  3.104317e+01 
 2339.000  3.023989e+01 
 2340.000  3.043232e+01 
 2341.000  3.046906e+01 
 2342.000  2.999359e+01 
 2343.000  2.985202e+01 
 2344.000  2.976509e+01 
 2345.000  2.941659e+01 
 2346.000  2.948686e+01 
 2347.000  2.931334e+01 
 2348.000  2.922608e+01 
 2349.000  2.936601e+01 
 2350.000  2.917991e+01 
 2351.000  2.943827e+01 
 2352.000  2.898090e+01 
 2353.000  2.829777e+01 
 2354.000  2.903363e+01 
 2355.000  2.936477e+01 
 2356.000  2.987671e+01 
 2357.000  2.963495e+01 
 2358.000  2.964004e+01 
 2359.000  3.023048e+01 
 2360.000  3.025661e+01 
 2361.000  3.003484e+01 
 2362.000  2.949832e+01 
 2363.000  2.945688e+01 
 2364.000  2.953150e+01 
 2365.000  2.854315e+01 
 2366.000  2.860202e+01 
 2367.000  2.741709e+01 
 2368.000  2.727960e+01 
 2369.000  2.701855e+01 
 2370.000  2.627875e+01 
 2371.000  2.658355e+01 
 2372.000  2.659204e+01 
 2373.000  2.663651e+01 
 2374.000  2.533613e+01 
 2375.000  2.617470e+01 
 2376.000  2.655186e+01 
 2377.000  2.646645e+01 
 2378.000  2.638840e+01 
 2379.000  2.676790e+01 
 2380.000  2.668106e+01 
 2381.000  2.641807e+01 
 2382.000  2.648213e+01 
 2383.000  2.521171e+01 
 2384.000  2.520673e+01 
 2385.000  2.540178e+01 
 2386.000  2.558805e+01 
 2387.000  2.551470e+01 
 2388.000  2.619921e+01 
 2389.000  2.610481e+01 
 2390.000  2.660606e+01 
 2391.000  2.655994e+01 
 2392.000  2.647844e+01 
 2393.000  2.654411e+01 
 2394.000  2.688902e+01 
 2395.000  2.665154e+01 
 2396.000  2.665553e+01 
 2397.000  2.678029e+01 
 2398.000  2.658271e+01 
 2399.000  2.651058e+01 
 2400.000  2.626291e+01 
 2401.000  2.591613e+01 
 2402.000  2.604805e+01 
 2403.000  2.585758e+01 
 2404.000  2.499763e+01 
 2405.000  2.516262e+01 
 2406.000  2.479701e+01 
 2407.000  2.410830e+01 
 2408.000  2.415053e+01 
 2409.000  2.407289e+01 
 2410.000  2.319122e+01 
 2411.000  2.321305e+01 
 2412.000  2.318414e+01 
 2413.000  2.250372e+01 
 2414.000  2.172045e+01 
 2415.000  2.166173e+01 
 2416.000  2.102148e+01 
 2417.000  2.197015e+01 
 2418.000  2.216154e+01 
 2419.000  2.342376e+01 
 2420.000  2.317323e+01 
 2421.000  2.327835e+01 
 2422.000  2.407578e+01 
 2423.000  2.390655e+01 
 2424.000  2.397774e+01 
 2425.000  2.412734e+01 
 2426.000  2.443199e+01 
 2427.000  2.414795e+01 
 2428.000  2.412510e+01 
 2429.000  2.428803e+01 
 2430.000  2.414268e+01 
 2431.000  2.358366e+01 
 2432.000  2.372985e+01 
 2433.000  2.361974e+01 
 2434.000  2.255558e+01 
 2435.000  2.230841e+01 
 2436.000  2.293252e+01 
 2437.000  2.278925e+01 
 2438.000  2.224231e+01 
 2439.000  2.279337e+01 
 2440.000  2.195452e+01 
 2441.000  2.169958e+01 
 2442.000  2.183343e+01 
 2443.000  2.039623e+01 
 2444.000  2.029468e+01 
 2445.000  1.926641e+01 
 2446.000  1.871041e+01 
 2447.000  1.875338e+01 
 2448.000  1.832957e+01 
 2449.000  1.832996e+01 
 2450.000  1.845837e+01 
 2451.000  1.859281e+01 
 2452.000  1.858426e+01 
 2453.000  1.887396e+01 
 2454.000  2.024263e+01 
 2455.000  2.003430e+01 
 2456.000  1.999947e+01 
 2457.000  1.923163e+01 
 2458.000  2.056585e+01 
 2459.000  2.070804e+01 
 2460.000  2.058073e+01 
 2461.000  1.987868e+01 
 2462.000  1.993071e+01 
 2463.000  1.972413e+01 
 2464.000  1.895241e+01 
 2465.000  1.880375e+01 
 2466.000  1.865713e+01 
 2467.000  1.744144e+01 
 2468.000  1.744004e+01 
 2469.000  1.722393e+01 
 2470.000  1.486105e+01 
 2471.000  1.549543e+01 
 2472.000  1.543387e+01 
 2473.000  1.475595e+01 
 2474.000  1.449319e+01 
 2475.000  1.466370e+01 
 2476.000  1.290559e+01 
 2477.000  1.309481e+01 
 2478.000  1.303147e+01 
 2479.000  1.096994e+01 
 2480.000  1.112914e+01 
 2481.000  1.083089e+01 
 2482.000  9.459978e+00 
 2483.000  9.196996e+00 
 2484.000  9.627048e+00 
 2485.000  8.412864e+00 
 2486.000  8.361671e+00 
 2487.000  7.792801e+00 
 2488.000  7.907336e+00 
 2489.000  7.901452e+00 
 2490.000  7.942290e+00 
 2491.000  8.030939e+00 
 2492.000  8.063353e+00 
 2493.000  7.935237e+00 
 2494.000  8.192147e+00 
 2495.000  8.102118e+00 
 2496.000  8.050829e+00 
 2497.000  8.566954e+00 
 2498.000  8.508177e+00 
 2499.000  8.547796e+00 
 2500.000  8.202810e+00 
 2501.000  7.475327e+00 
 2502.000  7.519102e+00 
 2503.000  7.439953e+00 
 2504.000  6.833591e+00 
 2505.000  6.909966e+00 
 2506.000  6.543374e+00 
 2507.000  5.087730e+00 
 2508.000  5.015437e+00 
 2509.000  4.995365e+00 
 2510.000  4.090890e+00 
 2511.000  4.115150e+00 
 2512.000  3.774102e+00 
 2513.000  2.755427e+00 
 2514.000  2.749811e+00 
 2515.000  2.735831e+00 
 2516.000  2.411461e+00 
 2517.000  2.390538e+00 
 2518.000  2.352664e+00 
 2519.000  1.480483e+00 
 2520.000  1.477766e+00 
 2521.000  1.479931e+00 
 2522.000  1.475624e+00 
 2523.000  1.066334e+00 
 2524.000  1.062229e+00 
 2525.000  9.070832e-01 
 2526.000  4.923429e-01 
 2527.000  4.890307e-01 
 2528.000  4.907467e-01 
 2529.000  3.125480e-01 
 2530.000  3.128027e-01 
 2531.000  3.134345e-01 
 2532.000  1.234694e-01 
 2533.000  1.222480e-01 
 2534.000  1.231110e-01 
 2535.000  8.769645e-02 
 2536.000  8.811680e-02 
 2537.000  8.719113e-02 
 2538.000  6.514442e-02 
 2539.000  2.376131e-02 
 2540.000  2.379538e-02 
 2541.000  2.389284e-02 
 2542.000  1.425148e-02 
 2543.000  1.481290e-02 
 2544.000  8.806442e-03 
 2545.000  4.711038e-03 
 2546.000  4.719886e-03 
 2547.000  4.597077e-03 
 2548.000  4.648520e-03 
 2549.000  4.724089e-03 
 2550.000  4.691286e-03 
 2551.000  2.704540e-03 
 2552.000  1.532625e-03 
 2553.000  1.514566e-03 
 2554.000  1.543447e-03 
 2555.000  1.260423e-03 
 2556.000  1.248928e-03 
 2557.000  6.528432e-04 
 2558.000  9.007339e-05 
 2559.000  9.036483e-05 
 2560.000  8.894769e-05 
 2561.000  1.663666e-05 
 2562.000  1.666423e-05 
 2563.000  1.675926e-05 
 2564.000  7.982419e-06 
 2565.000  6.249903e-07 
 2566.000  6.317883e-07 
 2567.000  6.184821e-07 
 2568.000  1.458559e-07 
 2569.000  1.449322e-07 
 2570.000  1.451610e-07 
 2571.000  9.941453e-09 
 2572.000  1.004285e-08 
 2573.000  1.004626e-08 
 2574.000  1.002969e-08 
 2575.000  5.568514e-12 
 2576.000  5.641474e-12 
 2577.000  0.000000e+00 
 2578.000  0.000000e+00 
 2579.000  0.000000e+00 
 2580.000  0.000000e+00 
 2581.000  0.000000e+00 
 2582.000  0.000000e+00 
 2583.000  0.000000e+00 
 2584.000  0.000000e+00 
 2585.000  0.000000e+00 
 2586.000  0.000000e+00 
 2587.000  0.000000e+00 
 2588.000  0.000000e+00 
 2589.000  0.000000e+00 
 2590.000  0.000000e+00 
 2591.000  0.000000e+00 
 2592.000  0.000000e+00 
 2593.000  0.000000e+00 
 2594.000  0.000000e+00 
 2595.000  0.000000e+00 
 2596.000  0.000000e+00 
 2597.000  0.000000e+00 
 2598.000  0.000000e+00 
 2599.000  0.000000e+00 
 2600.000  0.000000e+00 
 2601.000  0.000000e+00 
 2602.000  0.000000e+00 
 2603.000  0.000000e+00 
 2604.000  0.000000e+00 
 2605.000  0.000000e+00 
 2606.000  0.000000e+00 
 2607.000  0.000000e+00 
 2608.000  0.000000e+00 
 2609.000  0.000000e+00 
 2610.000  0.000000e+00 
 2611.000  0.000000e+00 
 2612.000  0.000000e+00 
 2613.000  0.000000e+00 
 2614.000  0.000000e+00 
 2615.000  0.000000e+00 
 2616.000  0.000000e+00 
 2617.000  0.000000e+00 
 2618.000  0.000000e+00 
 2619.000  0.000000e+00 
 2620.000  0.000000e+00 
 2621.000  0.000000e+00 
 2622.000  0.000000e+00 
 2623.000  0.000000e+00 
 2624.000  0.000000e+00 
 2625.000  0.000000e+00 
 2626.000  0.000000e+00 
 2627.000  0.000000e+00 
 2628.000  0.000000e+00 
 2629.000  0.000000e+00 
 2630.000  0.000000e+00 
 2631.000  0.000000e+00 
 2632.000  8.135340e-09 
 2633.000  8.162959e-09 
 2634.000  8.145603e-09 
 2635.000  8.210006e-09 
 2636.000  5.485172e-08 
 2637.000  5.495888e-08 
 2638.000  6.275260e-08 
 2639.000  6.987580e-08 
 2640.000  6.542703e-08 
 2641.000  7.051754e-08 
 2642.000  6.910980e-08 
 2643.000  5.861178e-08 
 2644.000  5.893136e-08 
 2645.000  4.604856e-08 
 2646.000  1.506407e-08 
 2647.000  1.507799e-08 
 2648.000  1.501852e-08 
 2649.000  1.527896e-08 
 2650.000  0.000000e+00 
 2651.000  0.000000e+00 
 2652.000  0.000000e+00 
 2653.000  0.000000e+00 
 2654.000  0.000000e+00 
 2655.000  0.000000e+00 
 2656.000  0.000000e+00 
 2657.000  0.000000e+00 
 2658.000  0.000000e+00 
 2659.000  0.000000e+00 
 2660.000  0.000000e+00 
 2661.000  0.000000e+00 
 2662.000  0.000000e+00 
 2663.000  0.000000e+00 
 2664.000  0.000000e+00 
 2665.000  0.000000e+00 
 2666.000  0.000000e+00 
 2667.000  0.000000e+00 
 2668.000  0.000000e+00 
 2669.000  0.000000e+00 
 2670.000  0.000000e+00 
 2671.000  0.000000e+00 
 2672.000  0.000000e+00 
 2673.000  0.000000e+00 
 2674.000  0.000000e+00 
 2675.000  0.000000e+00 
 2676.000  0.000000e+00 
 2677.000  0.000000e+00 
 2678.000  0.000000e+00 
 2679.000  0.000000e+00 
 2680.000  0.000000e+00 
 2681.000  0.000000e+00 
 2682.000  0.000000e+00 
 2683.000  0.000000e+00 
 2684.000  0.000000e+00 
 2685.000  0.000000e+00 
 2686.000  0.000000e+00 
 2687.000  0.000000e+00 
 2688.000  0.000000e+00 
 2689.000  0.000000e+00 
 2690.000  0.000000e+00 
 2691.000  0.000000e+00 
 2692.000  0.000000e+00 
 2693.000  0.000000e+00 
 2694.000  0.000000e+00 
 2695.000  0.000000e+00 
 2696.000  0.000000e+00 
 2697.000  0.000000e+00 
 2698.000  0.000000e+00 
 2699.000  0.000000e+00 
 2700.000  0.000000e+00 
 2701.000  0.000000e+00 
 2702.000  0.000000e+00 
 2703.000  0.000000e+00 
 2704.000  0.000000e+00 
 2705.000  0.000000e+00 
 2706.000  0.000000e+00 
 2707.000  0.000000e+00 
 2708.000  0.000000e+00 
 2709.000  0.000000e+00 
 2710.000  0.000000e+00 
 2711.000  0.000000e+00 
 2712.000  0.000000e+00 
 2713.000  0.000000e+00 
 2714.000  0.000000e+00 
 2715.000  0.000000e+00 
 2716.000  0.000000e+00 
 2717.000  0.000000e+00 
 2718.000  0.000000e+00 
 2719.000  0.000000e+00 
 2720.000  0.000000e+00 
 2721.000  0.000000e+00 
 2722.000  0.000000e+00 
 2723.000  0.000000e+00 
 2724.000  0.000000e+00 
 2725.000  0.000000e+00 
 2726.000  0.000000e+00 
 2727.000  0.000000e+00 
 2728.000  0.000000e+00 
 2729.000  0.000000e+00 
 2730.000  0.000000e+00 
 2731.000  0.000000e+00 
 2732.000  0.000000e+00 
 2733.000  0.000000e+00 
 2734.000  0.000000e+00 
 2735.000  0.000000e+00 
 2736.000  0.000000e+00 
 2737.000  0.000000e+00 
 2738.000  0.000000e+00 
 2739.000  0.000000e+00 
 2740.000  0.000000e+00 
 2741.000  0.000000e+00 
 2742.000  0.000000e+00 
 2743.000  0.000000e+00 
 2744.000  0.000000e+00 
 2745.000  0.000000e+00 
 2746.000  0.000000e+00 
 2747.000  0.000000e+00 
 2748.000  0.000000e+00 
 2749.000  0.000000e+00 
 2750.000  0.000000e+00 
 2751.000  0.000000e+00 
 2752.000  0.000000e+00 
 2753.000  0.000000e+00 
 2754.000  0.000000e+00 
 2755.000  0.000000e+00 
 2756.000  0.000000e+00 
 2757.000  0.000000e+00 
 2758.000  0.000000e+00 
 2759.000  0.000000e+00 
 2760.000  0.000000e+00 
 2761.000  0.000000e+00 
 2762.000  0.000000e+00 
 2763.000  0.000000e+00 
 2764.000  0.000000e+00 
 2765.000  0.000000e+00 
 2766.000  0.000000e+00 
 2767.000  0.000000e+00 
 2768.000  0.000000e+00 
 2769.000  0.000000e+00 
 2770.000  0.000000e+00 
 2771.000  0.000000e+00 
 2772.000  0.000000e+00 
 2773.000  0.000000e+00 
 2774.000  0.000000e+00 
 2775.000  0.000000e+00 
 2776.000  0.000000e+00 
 2777.000  0.000000e+00 
 2778.000  0.000000e+00 
 2779.000  0.000000e+00 
 2780.000  0.000000e+00 
 2781.000  0.000000e+00 
 2782.000  0.000000e+00 
 2783.000  0.000000e+00 
 2784.000  0.000000e+00 
 2785.000  0.000000e+00 
 2786.000  2.574390e-08 
 2787.000  2.572052e-08 
 2788.000  2.583090e-08 
 2789.000  2.583902e-08 
 2790.000  2.786792e-06 
 2791.000  2.784138e-06 
 2792.000  2.782017e-06 
 2793.000  4.520532e-06 
 2794.000  1.818391e-05 
 2795.000  1.819329e-05 
 2796.000  1.818512e-05 
 2797.000  1.819561e-05 
 2798.000  4.112579e-05 
 2799.000  4.109019e-05 
 2800.000  4.115903e-05 
 2801.000  5.747784e-05 
 2802.000  1.353473e-04 
 2803.000  1.349033e-04 
 2804.000  1.340921e-04 
 2805.000  1.350647e-04 
 2806.000  3.019753e-04 
 2807.000  3.004774e-04 
 2808.000  3.014062e-04 
 2809.000  1.333478e-03 
 2810.000  1.334495e-03 
 2811.000  1.331778e-03 
 2812.000  1.331834e-03 
 2813.000  3.475576e-03 
 2814.000  3.472226e-03 
 2815.000  3.474755e-03 
 2816.000  3.454248e-03 
 2817.000  1.234875e-02 
 2818.000  1.233956e-02 
 2819.000  1.231191e-02 
 2820.000  1.228688e-02 
 2821.000  2.384809e-02 
 2822.000  2.379071e-02 
 2823.000  2.376377e-02 
 2824.000  2.366801e-02 
 2825.000  4.959166e-02 
 2826.000  4.963479e-02 
 2827.000  4.949981e-02 
 2828.000  4.936893e-02 
 2829.000  5.920199e-02 
 2830.000  5.920273e-02 
 2831.000  5.903050e-02 
 2832.000  5.914722e-02 
 2833.000  8.890162e-02 
 2834.000  8.896958e-02 
 2835.000  8.888096e-02 
 2836.000  8.871571e-02 
 2837.000  9.803584e-02 
 2838.000  9.780314e-02 
 2839.000  9.793238e-02 
 2840.000  9.734125e-02 
 2841.000  1.380219e-01 
 2842.000  1.404675e-01 
 2843.000  1.398074e-01 
 2844.000  1.398088e-01 
 2845.000  1.521402e-01 
 2846.000  1.519873e-01 
 2847.000  1.517224e-01 
 2848.000  1.517164e-01 
 2849.000  1.673802e-01 
 2850.000  2.350862e-01 
 2851.000  2.349746e-01 
 2852.000  2.348850e-01 
 2853.000  2.359962e-01 
 2854.000  3.158731e-01 
 2855.000  3.172012e-01 
 2856.000  3.169954e-01 
 2857.000  3.397142e-01 
 2858.000  4.994327e-01 
 2859.000  4.975239e-01 
 2860.000  4.940085e-01 
 2861.000  4.972947e-01 
 2862.000  7.039027e-01 
 2863.000  7.029066e-01 
 2864.000  7.026361e-01 
 2865.000  7.535388e-01 
 2866.000  9.678564e-01 
 2867.000  9.636365e-01 
 2868.000  9.550349e-01 
 2869.000  9.592781e-01 
 2870.000  1.174657e+00 
 2871.000  1.179794e+00 
 2872.000  1.166509e+00 
 2873.000  1.212857e+00 
 2874.000  1.498483e+00 
 2875.000  1.506735e+00 
 2876.000  1.513715e+00 
 2877.000  1.515484e+00 
 2878.000  1.820910e+00 
 2879.000  1.820310e+00 
 2880.000  1.816192e+00 
 2881.000  1.817074e+00 
 2882.000  2.334782e+00 
 2883.000  2.336874e+00 
 2884.000  2.334389e+00 
 2885.000  2.327869e+00 
 2886.000  2.320968e+00 
 2887.000  2.499963e+00 
 2888.000  2.496933e+00 
 2889.000  2.483306e+00 
 2890.000  2.576130e+00 
 2891.000  2.818839e+00 
 2892.000  2.816483e+00 
 2893.000  2.811647e+00 
 2894.000  2.800409e+00 
 2895.000  2.831178e+00 
 2896.000  2.826061e+00 
 2897.000  2.826673e+00 
 2898.000  2.880694e+00 
 2899.000  2.832674e+00 
 2900.000  2.840298e+00 
 2901.000  2.831855e+00 
 2902.000  2.833488e+00 
 2903.000  3.137782e+00 
 2904.000  3.132340e+00 
 2905.000  3.132672e+00 
 2906.000  3.086475e+00 
 2907.000  3.461226e+00 
 2908.000  3.456713e+00 
 2909.000  3.454952e+00 
 2910.000  3.449559e+00 
 2911.000  3.445167e+00 
 2912.000  3.746360e+00 
 2913.000  3.734894e+00 
 2914.000  3.728011e+00 
 2915.000  3.776110e+00 
 2916.000  4.358484e+00 
 2917.000  4.393290e+00 
 2918.000  4.386467e+00 
 2919.000  4.381654e+00 
 2920.000  1.336526e+01 
 2921.000  1.335610e+01 
 2922.000  1.331775e+01 
 2923.000  1.320503e+01 
 2924.000  5.757381e+00 
 2925.000  5.818824e+00 
 2926.000  5.724333e+00 
 2927.000  5.809407e+00 
 2928.000  5.808115e+00 
 2929.000  6.019764e+00 
 2930.000  6.115752e+00 
 2931.000  6.109168e+00 
 2932.000  6.215174e+00 
 2933.000  6.165001e+00 
 2934.000  6.174531e+00 
 2935.000  6.146334e+00 
 2936.000  6.150233e+00 
 2937.000  5.824140e+00 
 2938.000  5.826074e+00 
 2939.000  5.790532e+00 
 2940.000  5.806694e+00 
 2941.000  5.851442e+00 
 2942.000  5.533375e+00 
 2943.000  5.455981e+00 
 2944.000  5.496158e+00 
 2945.000  5.499497e+00 
 2946.000  5.566436e+00 
 2947.000  5.459469e+00 
 2948.000  5.546184e+00 
 2949.000  5.596272e+00 
 2950.000  5.787321e+00 
 2951.000  5.773233e+00 
 2952.000  5.736926e+00 
 2953.000  5.771533e+00 
 2954.000  5.756272e+00 
 2955.000  5.856032e+00 
 2956.000  5.869080e+00 
 2957.000  5.860937e+00 
 2958.000  5.897012e+00 
 2959.000  5.656521e+00 
 2960.000  5.629012e+00 
 2961.000  5.614275e+00 
 2962.000  5.633187e+00 
 2963.000  4.845196e+00 
 2964.000  4.835270e+00 
 2965.000  4.836163e+00 
 2966.000  4.825469e+00 
 2967.000  4.845681e+00 
 2968.000  4.254594e+00 
 2969.000  4.242085e+00 
 2970.000  4.236105e+00 
 2971.000  4.227477e+00 
 2972.000  4.469613e+00 
 2973.000  4.467568e+00 
 2974.000  4.464936e+00 
 2975.000  4.457478e+00 
 2976.000  4.470832e+00 
 2977.000  5.274722e+00 
 2978.000  5.257158e+00 
 2979.000  5.213373e+00 
 2980.000  5.252475e+00 
 2981.000  6.420975e+00 
 2982.000  6.398730e+00 
 2983.000  6.405927e+00 
 2984.000  6.397014e+00 
 2985.000  6.414005e+00 
 2986.000  7.401158e+00 
 2987.000  7.389314e+00 
 2988.000  7.329234e+00 
 2989.000  7.367650e+00 
 2990.000  7.429776e+00 
 2991.000  7.454011e+00 
 2992.000  7.446069e+00 
 2993.000  7.434861e+00 
 2994.000  7.422273e+00 
 2995.000  7.379473e+00 
 2996.000  7.366820e+00 
 2997.000  7.231448e+00 
 2998.000  7.328539e+00 
 2999.000  7.092196e+00 
 3000.000  6.976464e+00 
 3001.000  7.085321e+00 
 3002.000  7.082839e+00 
 3003.000  7.089261e+00 
 3004.000  6.460860e+00 
 3005.000  6.462944e+00 
 3006.000  6.450631e+00 
 3007.000  6.449783e+00 
 3008.000  6.346957e+00 
 3009.000  6.358507e+00 
 3010.000  6.347317e+00 
 3011.000  6.360063e+00 
 3012.000  6.351600e+00 
 3013.000  6.103165e+00 
 3014.000  6.088345e+00 
 3015.000  6.059217e+00 
 3016.000  6.079101e+00 
 3017.000  5.716837e+00 
 3018.000  5.735956e+00 
 3019.000  5.733625e+00 
 3020.000  5.666823e+00 
 3021.000  5.690241e+00 
 3022.000  5.703004e+00 
 3023.000  5.687491e+00 
 3024.000  5.675049e+00 
 3025.000  5.663052e+00 
 3026.000  5.378045e+00 
 3027.000  5.359144e+00 
 3028.000  5.333127e+00 
 3029.000  5.354034e+00 
 3030.000  5.325175e+00 
 3031.000  4.888399e+00 
 3032.000  4.879956e+00 
 3033.000  4.786802e+00 
 3034.000  4.853493e+00 
 3035.000  4.414546e+00 
 3036.000  4.395054e+00 
 3037.000  4.366292e+00 
 3038.000  4.320501e+00 
 3039.000  4.231911e+00 
 3040.000  3.895825e+00 
 3041.000  3.998955e+00 
 3042.000  4.020556e+00 
 3043.000  4.034007e+00 
 3044.000  4.037235e+00 
 3045.000  3.763832e+00 
 3046.000  3.769669e+00 
 3047.000  3.777414e+00 
 3048.000  3.760982e+00 
 3049.000  3.754337e+00 
 3050.000  3.756186e+00 
 3051.000  3.751726e+00 
 3052.000  3.747052e+00 
 3053.000  3.740354e+00 
 3054.000  4.044430e+00 
 3055.000  4.000460e+00 
 3056.000  4.041462e+00 
 3057.000  4.030987e+00 
 3058.000  3.992311e+00 
 3059.000  4.324816e+00 
 3060.000  4.337993e+00 
 3061.000  4.337560e+00 
 3062.000  4.331586e+00 
 3063.000  4.585513e+00 
 3064.000  4.521558e+00 
 3065.000  4.532157e+00 
 3066.000  4.569810e+00 
 3067.000  4.536773e+00 
 3068.000  4.629618e+00 
 3069.000  4.697744e+00 
 3070.000  4.695552e+00 
 3071.000  4.682366e+00 
 3072.000  4.685376e+00 
 3073.000  4.707765e+00 
 3074.000  4.690510e+00 
 3075.000  4.701322e+00 
 3076.000  4.676930e+00 
 3077.000  4.229791e+00 
 3078.000  4.230645e+00 
 3079.000  4.220557e+00 
 3080.000  4.210939e+00 
 3081.000  4.189637e+00 
 3082.000  3.998389e+00 
 3083.000  3.990993e+00 
 3084.000  4.008115e+00 
 3085.000  4.002698e+00 
 3086.000  3.974567e+00 
 3087.000  3.718540e+00 
 3088.000  3.737986e+00 
 3089.000  3.735632e+00 
 3090.000  3.734557e+00 
 3091.000  3.694676e+00 
 3092.000  3.378479e+00 
 3093.000  3.376863e+00 
 3094.000  3.370661e+00 
 3095.000  3.363404e+00 
 3096.000  3.406966e+00 
 3097.000  3.394260e+00 
 3098.000  3.328036e+00 
 3099.000  3.381297e+00 
 3100.000  3.393031e+00 
 3101.000  3.479699e+00 
 3102.000  3.475196e+00 
 3103.000  3.474716e+00 
 3104.000  3.469541e+00 
 3105.000  3.462659e+00 
 3106.000  3.784027e+00 
 3107.000  3.767586e+00 
 3108.000  3.782725e+00 
 3109.000  3.775645e+00 
 3110.000  3.771410e+00 
 3111.000  4.335670e+00 
 3112.000  4.325932e+00 
 3113.000  4.299272e+00 
 3114.000  4.302344e+00 
 3115.000  4.162983e+00 
 3116.000  4.987088e+00 
 3117.000  5.193120e+00 
 3118.000  5.214222e+00 
 3119.000  5.192715e+00 
 3120.000  5.198120e+00 
 3121.000  5.582600e+00 
 3122.000  5.596777e+00 
 3123.000  5.606208e+00 
 3124.000  5.600954e+00 
 3125.000  5.590872e+00 
 3126.000  5.954159e+00 
 3127.000  5.923623e+00 
 3128.000  5.946464e+00 
 3129.000  5.890774e+00 
 3130.000  6.117591e+00 
 3131.000  6.080917e+00 
 3132.000  6.108830e+00 
 3133.000  6.094427e+00 
 3134.000  6.129630e+00 
 3135.000  5.833210e+00 
 3136.000  5.826153e+00 
 3137.000  5.823026e+00 
 3138.000  5.820144e+00 
 3139.000  5.799709e+00 
 3140.000  5.842054e+00 
 3141.000  5.855764e+00 
 3142.000  5.830987e+00 
 3143.000  5.841259e+00 
 3144.000  5.880298e+00 
 3145.000  6.388496e+00 
 3146.000  6.380853e+00 
 3147.000  6.328406e+00 
 3148.000  6.357523e+00 
 3149.000  6.358283e+00 
 3150.000  7.095323e+00 
 3151.000  7.072978e+00 
 3152.000  6.697783e+00 
 3153.000  7.067406e+00 
 3154.000  7.088326e+00 
 3155.000  8.013881e+00 
 3156.000  8.006463e+00 
 3157.000  7.984110e+00 
 3158.000  7.985404e+00 
 3159.000  7.974011e+00 
 3160.000  8.657712e+00 
 3161.000  8.637706e+00 
 3162.000  8.651109e+00 
 3163.000  8.626987e+00 
 3164.000  8.579276e+00 
 3165.000  8.652190e+00 
 3166.000  8.669092e+00 
 3167.000  8.636526e+00 
 3168.000  8.582521e+00 
 3169.000  8.620889e+00 
 3170.000  8.197385e+00 
 3171.000  8.387603e+00 
 3172.000  8.383187e+00 
 3173.000  8.381036e+00 
 3174.000  8.324955e+00 
 3175.000  7.772618e+00 
 3176.000  7.760278e+00 
 3177.000  7.754420e+00 
 3178.000  7.717957e+00 
 3179.000  7.711264e+00 
 3180.000  6.753944e+00 
 3181.000  6.641551e+00 
 3182.000  6.729469e+00 
 3183.000  6.720638e+00 
 3184.000  6.670708e+00 
 3185.000  5.343431e+00 
 3186.000  5.335392e+00 
 3187.000  5.321166e+00 
 3188.000  5.311283e+00 
 3189.000  5.316888e+00 
 3190.000  3.835047e+00 
 3191.000  3.830329e+00 
 3192.000  3.825694e+00 
 3193.000  3.818896e+00 
 3194.000  3.793224e+00 
 3195.000  2.513735e+00 
 3196.000  2.499828e+00 
 3197.000  2.507387e+00 
 3198.000  2.502712e+00 
 3199.000  2.502608e+00 
 3200.000  1.876943e+00 
 3201.000  1.829819e+00 
 3202.000  1.871353e+00 
 3203.000  1.872844e+00 
 3204.000  1.863681e+00 
 3205.000  1.855879e+00 
 3206.000  1.601640e+00 
 3207.000  1.599496e+00 
 3208.000  1.597693e+00 
 3209.000  1.595881e+00 
 3210.000  1.592118e+00 
 3211.000  1.615585e+00 
 3212.000  1.612964e+00 
 3213.000  1.612116e+00 
 3214.000  1.609852e+00 
 3215.000  1.570165e+00 
 3216.000  1.920132e+00 
 3217.000  1.918328e+00 
 3218.000  1.918743e+00 
 3219.000  1.914267e+00 
 3220.000  1.913225e+00 
 3221.000  2.302276e+00 
 3222.000  2.302483e+00 
 3223.000  2.293087e+00 
 3224.000  2.280740e+00 
 3225.000  2.290686e+00 
 3226.000  2.734651e+00 
 3227.000  2.740454e+00 
 3228.000  2.734047e+00 
 3229.000  2.726665e+00 
 3230.000  2.725615e+00 
 3231.000  2.725267e+00 
 3232.000  3.362999e+00 
 3233.000  3.358006e+00 
 3234.000  3.309049e+00 
 3235.000  3.355616e+00 
 3236.000  3.354948e+00 
 3237.000  3.706124e+00 
 3238.000  3.701617e+00 
 3239.000  3.691145e+00 
 3240.000  3.689040e+00 
 3241.000  3.679972e+00 
 3242.000  3.717360e+00 
 3243.000  3.667976e+00 
 3244.000  3.714787e+00 
 3245.000  3.705512e+00 
 3246.000  3.741793e+00 
 3247.000  3.892174e+00 
 3248.000  3.886001e+00 
 3249.000  3.878123e+00 
 3250.000  3.876994e+00 
 3251.000  3.873544e+00 
 3252.000  3.866889e+00 
 3253.000  3.666442e+00 
 3254.000  3.639201e+00 
 3255.000  3.642237e+00 
 3256.000  3.652614e+00 
 3257.000  3.671205e+00 
 3258.000  3.438491e+00 
 3259.000  3.442497e+00 
 3260.000  3.406414e+00 
 3261.000  3.434621e+00 
 3262.000  3.418096e+00 
 3263.000  3.684688e+00 
 3264.000  3.690257e+00 
 3265.000  3.689945e+00 
 3266.000  3.657992e+00 
 3267.000  3.697119e+00 
 3268.000  4.164108e+00 
 3269.000  4.143528e+00 
 3270.000  4.152190e+00 
 3271.000  4.140879e+00 
 3272.000  4.142686e+00 
 3273.000  4.130223e+00 
 3274.000  4.643032e+00 
 3275.000  4.635715e+00 
 3276.000  4.564570e+00 
 3277.000  4.621200e+00 
 3278.000  4.631118e+00 
 3279.000  5.101712e+00 
 3280.000  5.085349e+00 
 3281.000  5.018922e+00 
 3282.000  5.070148e+00 
 3283.000  5.063036e+00 
 3284.000  5.073785e+00 
 3285.000  4.984332e+00 
 3286.000  5.035274e+00 
 3287.000  5.031322e+00 
 3288.000  5.023484e+00 
 3289.000  5.033832e+00 
 3290.000  4.548404e+00 
 3291.000  4.493423e+00 
 3292.000  4.533066e+00 
 3293.000  4.519719e+00 
 3294.000  4.505764e+00 
 3295.000  3.936303e+00 
 3296.000  3.874294e+00 
 3297.000  3.779487e+00 
 3298.000  3.834736e+00 
 3299.000  3.924940e+00 
 3300.000  3.967576e+00 
 3301.000  3.429912e+00 
 3302.000  3.456389e+00 
 3303.000  3.454156e+00 
 3304.000  3.453560e+00 
 3305.000  3.450002e+00 
 3306.000  2.889005e+00 
 3307.000  2.896651e+00 
 3308.000  2.891187e+00 
 3309.000  2.890621e+00 
 3310.000  2.885727e+00 
 3311.000  2.864557e+00 
 3312.000  2.635288e+00 
 3313.000  2.623782e+00 
 3314.000  2.634616e+00 
 3315.000  2.629357e+00 
 3316.000  2.607467e+00 
 3317.000  3.039782e+00 
 3318.000  3.008083e+00 
 3319.000  3.020089e+00 
 3320.000  2.742079e+00 
 3321.000  3.011502e+00 
 3322.000  3.033290e+00 
 3323.000  3.800576e+00 
 3324.000  3.807779e+00 
 3325.000  3.775916e+00 
 3326.000  3.781422e+00 
 3327.000  3.787978e+00 
 3328.000  4.582057e+00 
 3329.000  4.581593e+00 
 3330.000  4.578385e+00 
 3331.000  4.545336e+00 
 3332.000  4.539602e+00 
 3333.000  4.582058e+00 
 3334.000  5.002275e+00 
 3335.000  4.987214e+00 
 3336.000  4.987466e+00 
 3337.000  4.965535e+00 
 3338.000  4.966825e+00 
 3339.000  5.073956e+00 
 3340.000  5.026335e+00 
 3341.000  4.992227e+00 
 3342.000  5.059051e+00 
 3343.000  5.048395e+00 
 3344.000  5.070647e+00 
 3345.000  5.117820e+00 
 3346.000  5.102776e+00 
 3347.000  5.109303e+00 
 3348.000  5.106517e+00 
 3349.000  5.098405e+00 
 3350.000  5.023155e+00 
 3351.000  5.032434e+00 
 3352.000  5.037064e+00 
 3353.000  4.955495e+00 
 3354.000  5.022575e+00 
 3355.000  5.032130e+00 
 3356.000  5.244705e+00 
 3357.000  5.231904e+00 
 3358.000  5.208935e+00 
 3359.000  5.228575e+00 
 3360.000  5.221127e+00 
 3361.000  5.209486e+00 
 3362.000  5.436662e+00 
 3363.000  5.436114e+00 
 3364.000  5.435111e+00 
 3365.000  5.404995e+00 
 3366.000  5.365731e+00 
 3367.000  5.403953e+00 
 3368.000  5.717210e+00 
 3369.000  5.676905e+00 
 3370.000  5.572689e+00 
 3371.000  5.691311e+00 
 3372.000  5.700822e+00 
 3373.000  5.983457e+00 
 3374.000  5.944297e+00 
 3375.000  5.991684e+00 
 3376.000  5.988397e+00 
 3377.000  5.964454e+00 
 3378.000  5.956041e+00 
 3379.000  6.236986e+00 
 3380.000  6.246667e+00 
 3381.000  6.221731e+00 
 3382.000  6.171941e+00 
 3383.000  6.178292e+00 
 3384.000  6.188123e+00 
 3385.000  6.395825e+00 
 3386.000  6.400135e+00 
 3387.000  6.391601e+00 
 3388.000  6.381165e+00 
 3389.000  6.378091e+00 
 3390.000  6.482518e+00 
 3391.000  6.475098e+00 
 3392.000  6.461690e+00 
 3393.000  6.453032e+00 
 3394.000  6.447648e+00 
 3395.000  6.434769e+00 
 3396.000  6.452927e+00 
 3397.000  6.243258e+00 
 3398.000  6.418652e+00 
 3399.000  6.317103e+00 
 3400.000  6.476420e+00 
 3401.000  6.148362e+00 
 3402.000  6.506325e+00 
 3403.000  6.505162e+00 
 3404.000  6.514172e+00 
 3405.000  6.502462e+00 
 3406.000  6.497484e+00 
 3407.000  6.453484e+00 
 3408.000  6.644152e+00 
 3409.000  6.535795e+00 
 3410.000  6.589470e+00 
 3411.000  6.621067e+00 
 3412.000  6.622874e+00 
 3413.000  6.799541e+00 
 3414.000  6.808691e+00 
 3415.000  6.704636e+00 
 3416.000  6.625350e+00 
 3417.000  6.781642e+00 
 3418.000  6.799865e+00 
 3419.000  6.929268e+00 
 3420.000  6.927417e+00 
 3421.000  6.914074e+00 
 3422.000  6.884993e+00 
 3423.000  6.901630e+00 
 3424.000  6.896002e+00 
 3425.000  7.029918e+00 
 3426.000  7.021436e+00 
 3427.000  6.839201e+00 
 3428.000  6.919117e+00 
 3429.000  6.977064e+00 
 3430.000  6.987504e+00 
 3431.000  6.970627e+00 
 3432.000  7.004610e+00 
 3433.000  6.982351e+00 
 3434.000  6.986364e+00 
 3435.000  6.960978e+00 
 3436.000  6.970778e+00 
 3437.000  6.974666e+00 
 3438.000  6.984005e+00 
 3439.000  6.977054e+00 
 3440.000  6.966886e+00 
 3441.000  6.962200e+00 
 3442.000  6.900357e+00 
 3443.000  7.014496e+00 
 3444.000  7.004945e+00 
 3445.000  6.984690e+00 
 3446.000  6.970227e+00 
 3447.000  6.980155e+00 
 3448.000  6.960925e+00 
 3449.000  7.022451e+00 
 3450.000  7.012377e+00 
 3451.000  7.015203e+00 
 3452.000  7.003985e+00 
 3453.000  6.996696e+00 
 3454.000  6.976387e+00 
 3455.000  7.056912e+00 
 3456.000  7.026758e+00 
 3457.000  7.037355e+00 
 3458.000  7.023910e+00 
 3459.000  7.030113e+00 
 3460.000  7.011220e+00 
 3461.000  7.056806e+00 
 3462.000  7.052895e+00 
 3463.000  7.047200e+00 
 3464.000  7.026620e+00 
 3465.000  7.026947e+00 
 3466.000  6.985750e+00 
 3467.000  6.988103e+00 
 3468.000  6.994783e+00 
 3469.000  6.988253e+00 
 3470.000  6.986611e+00 
 3471.000  6.925564e+00 
 3472.000  6.952917e+00 
 3473.000  6.907732e+00 
 3474.000  6.945000e+00 
 3475.000  6.933732e+00 
 3476.000  6.942461e+00 
 3477.000  6.867288e+00 
 3478.000  6.931031e+00 
 3479.000  6.952041e+00 
 3480.000  6.943218e+00 
 3481.000  6.920673e+00 
 3482.000  6.930440e+00 
 3483.000  6.919951e+00 
 3484.000  6.901354e+00 
 3485.000  6.952949e+00 
 3486.000  6.921387e+00 
 3487.000  6.938801e+00 
 3488.000  6.943718e+00 
 3489.000  6.935450e+00 
 3490.000  6.897408e+00 
 3491.000  7.014932e+00 
 3492.000  6.978861e+00 
 3493.000  6.998439e+00 
 3494.000  6.933710e+00 
 3495.000  6.982577e+00 
 3496.000  6.989917e+00 
 3497.000  7.055853e+00 
 3498.000  7.043354e+00 
 3499.000  7.038681e+00 
 3500.000  7.032383e+00 
 3501.000  6.960028e+00 
 3502.000  7.015186e+00 
 3503.000  7.044718e+00 
 3504.000  7.038679e+00 
 3505.000  7.030611e+00 
 3506.000  7.024851e+00 
 3507.000  7.015715e+00 
 3508.000  6.994296e+00 
 3509.000  6.967761e+00 
 3510.000  6.961584e+00 
 3511.000  6.955296e+00 
 3512.000  6.927919e+00 
 3513.000  6.935532e+00 
 3514.000  6.927478e+00 
 3515.000  6.823006e+00 
 3516.000  6.793494e+00 
 3517.000  6.802684e+00 
 3518.000  6.785942e+00 
 3519.000  6.787420e+00 
 3520.000  6.774428e+00 
 3521.000  6.779226e+00 
 3522.000  6.616550e+00 
 3523.000  6.602602e+00 
 3524.000  6.538254e+00 
 3525.000  6.608114e+00 
 3526.000  6.602398e+00 
 3527.000  6.583397e+00 
 3528.000  6.398894e+00 
 3529.000  6.391030e+00 
 3530.000  6.394129e+00 
 3531.000  6.353482e+00 
 3532.000  6.382620e+00 
 3533.000  6.376454e+00 
 3534.000  6.197623e+00 
 3535.000  6.174436e+00 
 3536.000  6.223804e+00 
 3537.000  6.216039e+00 
 3538.000  6.089512e+00 
 3539.000  6.162408e+00 
 3540.000  6.161067e+00 
 3541.000  6.169919e+00 
 3542.000  6.156349e+00 
 3543.000  6.151657e+00 
 3544.000  6.149097e+00 
 3545.000  6.133434e+00 
 3546.000  6.130036e+00 
 3547.000  6.131781e+00 
 3548.000  6.117285e+00 
 3549.000  6.117949e+00 
 3550.000  6.112633e+00 
 3551.000  6.103693e+00 
 3552.000  6.097856e+00 
 3553.000  6.127460e+00 
 3554.000  6.129866e+00 
 3555.000  6.084654e+00 
 3556.000  5.967057e+00 
 3557.000  6.110789e+00 
 3558.000  6.099805e+00 
 3559.000  6.111705e+00 
 3560.000  5.972988e+00 
 3561.000  6.085280e+00 
 3562.000  6.096354e+00 
 3563.000  6.087176e+00 
 3564.000  6.060571e+00 
 3565.000  6.076447e+00 
 3566.000  5.993626e+00 
 3567.000  5.989729e+00 
 3568.000  5.985471e+00 
 3569.000  5.970778e+00 
 3570.000  5.958621e+00 
 3571.000  5.823865e+00 
 3572.000  5.940138e+00 
 3573.000  5.940228e+00 
 3574.000  5.928314e+00 
 3575.000  5.924315e+00 
 3576.000  5.922484e+00 
 3577.000  5.905602e+00 
 3578.000  5.927382e+00 
 3579.000  5.921162e+00 
 3580.000  5.833792e+00 
 3581.000  5.894348e+00 
 3582.000  5.893373e+00 
 3583.000  5.899619e+00 
 3584.000  5.822615e+00 
 3585.000  5.922115e+00 
 3586.000  5.921319e+00 
 3587.000  5.914231e+00 
 3588.000  5.920920e+00 
 3589.000  5.910641e+00 
 3590.000  5.909884e+00 
 3591.000  6.033318e+00 
 3592.000  6.031677e+00 
 3593.000  6.008483e+00 
 3594.000  6.010564e+00 
 3595.000  6.016605e+00 
 3596.000  5.941273e+00 
 3597.000  5.944723e+00 
 3598.000  6.125972e+00 
 3599.000  6.091945e+00 
 3600.000  6.102464e+00 
 3601.000  6.082115e+00 
 3602.000  6.101674e+00 
 3603.000  6.087054e+00 
 3604.000  6.171383e+00 
 3605.000  6.156933e+00 
 3606.000  6.162794e+00 
 3607.000  6.144499e+00 
 3608.000  6.147153e+00 
 3609.000  6.135004e+00 
 3610.000  6.122384e+00 
 3611.000  6.244020e+00 
 3612.000  6.231514e+00 
 3613.000  6.225794e+00 
 3614.000  6.223622e+00 
 3615.000  6.216804e+00 
 3616.000  6.207548e+00 
 3617.000  6.301158e+00 
 3618.000  6.294281e+00 
 3619.000  6.286592e+00 
 3620.000  6.279486e+00 
 3621.000  6.270784e+00 
 3622.000  6.269509e+00 
 3623.000  6.260069e+00 
 3624.000  6.292114e+00 
 3625.000  6.286879e+00 
 3626.000  6.291002e+00 
 3627.000  6.285505e+00 
 3628.000  6.277706e+00 
 3629.000  6.255561e+00 
 3630.000  6.311110e+00 
 3631.000  6.340536e+00 
 3632.000  6.341223e+00 
 3633.000  6.331419e+00 
 3634.000  6.324532e+00 
 3635.000  6.321846e+00 
 3636.000  6.302538e+00 
 3637.000  6.333147e+00 
 3638.000  6.352245e+00 
 3639.000  6.348466e+00 
 3640.000  6.318165e+00 
 3641.000  6.336593e+00 
 3642.000  6.323658e+00 
 3643.000  6.295928e+00 
 3644.000  6.196263e+00 
 3645.000  6.227848e+00 
 3646.000  6.275733e+00 
 3647.000  6.258212e+00 
 3648.000  6.257297e+00 
 3649.000  6.233662e+00 
 3650.000  6.175375e+00 
 3651.000  6.162350e+00 
 3652.000  6.146180e+00 
 3653.000  6.015959e+00 
 3654.000  6.021902e+00 
 3655.000  6.118034e+00 
 3656.000  6.123394e+00 
 3657.000  5.948079e+00 
 3658.000  5.930859e+00 
 3659.000  5.845608e+00 
 3660.000  5.859674e+00 
 3661.000  5.931233e+00 
 3662.000  5.909592e+00 
 3663.000  5.904803e+00 
 3664.000  5.676734e+00 
 3665.000  5.672654e+00 
 3666.000  5.665569e+00 
 3667.000  5.660419e+00 
 3668.000  5.573092e+00 
 3669.000  5.644518e+00 
 3670.000  5.548923e+00 
 3671.000  5.439346e+00 
 3672.000  5.528911e+00 
 3673.000  5.524317e+00 
 3674.000  5.525392e+00 
 3675.000  5.518056e+00 
 3676.000  5.512508e+00 
 3677.000  5.496339e+00 
 3678.000  5.595195e+00 
 3679.000  5.407314e+00 
 3680.000  5.599126e+00 
 3681.000  5.596066e+00 
 3682.000  5.517901e+00 
 3683.000  5.361928e+00 
 3684.000  5.677855e+00 
 3685.000  5.745817e+00 
 3686.000  5.758515e+00 
 3687.000  5.732649e+00 
 3688.000  5.746054e+00 
 3689.000  5.719291e+00 
 3690.000  5.691772e+00 
 3691.000  5.899258e+00 
 3692.000  5.889915e+00 
 3693.000  5.907456e+00 
 3694.000  5.889976e+00 
 3695.000  5.859728e+00 
 3696.000  5.852511e+00 
 3697.000  5.915638e+00 
 3698.000  5.917689e+00 
 3699.000  5.731730e+00 
 3700.000  5.760056e+00 
 3701.000  5.810622e+00 
 3702.000  5.860498e+00 
 3703.000  5.975264e+00 
 3704.000  5.977852e+00 
 3705.000  5.853337e+00 
 3706.000  5.926428e+00 
 3707.000  5.885674e+00 
 3708.000  5.926980e+00 
 3709.000  5.803752e+00 
 3710.000  5.934114e+00 
 3711.000  5.864746e+00 
 3712.000  5.815213e+00 
 3713.000  5.890658e+00 
 3714.000  5.858743e+00 
 3715.000  5.817204e+00 
 3716.000  5.866222e+00 
 3717.000  5.878727e+00 
 3718.000  5.864004e+00 
 3719.000  5.842210e+00 
 3720.000  5.865573e+00 
 3721.000  5.807721e+00 
 3722.000  5.814467e+00 
 3723.000  5.844669e+00 
 3724.000  5.839131e+00 
 3725.000  5.766532e+00 
 3726.000  5.789741e+00 
 3727.000  5.767686e+00 
 3728.000  5.771184e+00 
 3729.000  5.742103e+00 
 3730.000  5.760106e+00 
 3731.000  5.745763e+00 
 3732.000  5.717176e+00 
 3733.000  5.724304e+00 
 3734.000  5.716185e+00 
 3735.000  5.647803e+00 
 3736.000  5.609136e+00 
 3737.000  5.651173e+00 
 3738.000  5.583385e+00 
 3739.000  5.452942e+00 
 3740.000  5.369500e+00 
 3741.000  5.321273e+00 
 3742.000  5.523060e+00 
 3743.000  5.589002e+00 
 3744.000  5.577120e+00 
 3745.000  5.405178e+00 
 3746.000  5.323614e+00 
 3747.000  5.435146e+00 
 3748.000  5.573838e+00 
 3749.000  5.555882e+00 
 3750.000  5.529624e+00 
 3751.000  5.521071e+00 
 3752.000  5.563873e+00 
 3753.000  5.385388e+00 
 3754.000  5.458154e+00 
 3755.000  5.489116e+00 
 3756.000  5.517089e+00 
 3757.000  5.501854e+00 
 3758.000  5.464115e+00 
 3759.000  5.476754e+00 
 3760.000  5.488174e+00 
 3761.000  5.513218e+00 
 3762.000  5.468477e+00 
 3763.000  5.388372e+00 
 3764.000  5.482357e+00 
 3765.000  5.462137e+00 
 3766.000  5.476510e+00 
 3767.000  5.473383e+00 
 3768.000  5.446782e+00 
 3769.000  5.434486e+00 
 3770.000  5.443154e+00 
 3771.000  5.408758e+00 
 3772.000  5.440157e+00 
 3773.000  5.363954e+00 
 3774.000  5.430495e+00 
 3775.000  5.448502e+00 
 3776.000  5.347398e+00 
 3777.000  5.335882e+00 
 3778.000  5.427269e+00 
 3779.000  5.407196e+00 
 3780.000  5.388853e+00 
 3781.000  5.410832e+00 
 3782.000  5.370492e+00 
 3783.000  5.426524e+00 
 3784.000  5.411801e+00 
 3785.000  5.411445e+00 
 3786.000  5.396217e+00 
 3787.000  5.270549e+00 
 3788.000  5.399795e+00 
 3789.000  5.396482e+00 
 3790.000  5.401277e+00 
 3791.000  5.303383e+00 
 3792.000  5.366038e+00 
 3793.000  5.309019e+00 
 3794.000  5.377697e+00 
 3795.000  5.350430e+00 
 3796.000  5.410888e+00 
 3797.000  5.414359e+00 
 3798.000  5.390802e+00 
 3799.000  5.355311e+00 
 3800.000  5.295772e+00 
 3801.000  5.399034e+00 
 3802.000  5.379419e+00 
 3803.000  5.414669e+00 
 3804.000  5.394197e+00 
 3805.000  5.397227e+00 
 3806.000  5.384072e+00 
 3807.000  5.314613e+00 
 3808.000  5.348248e+00 
 3809.000  5.364977e+00 
 3810.000  5.366143e+00 
 3811.000  5.389546e+00 
 3812.000  5.402592e+00 
 3813.000  5.365805e+00 
 3814.000  5.385139e+00 
 3815.000  5.383812e+00 
 3816.000  5.333332e+00 
 3817.000  5.356223e+00 
 3818.000  5.318590e+00 
 3819.000  5.397375e+00 
 3820.000  5.400241e+00 
 3821.000  5.397718e+00 
 3822.000  5.390653e+00 
 3823.000  5.363546e+00 
 3824.000  5.369806e+00 
 3825.000  5.351593e+00 
 3826.000  5.352508e+00 
 3827.000  5.349197e+00 
 3828.000  5.330901e+00 
 3829.000  5.331971e+00 
 3830.000  5.332870e+00 
 3831.000  5.322262e+00 
 3832.000  5.276308e+00 
 3833.000  5.243694e+00 
 3834.000  5.262176e+00 
 3835.000  5.221933e+00 
 3836.000  5.181356e+00 
 3837.000  5.223215e+00 
 3838.000  5.242250e+00 
 3839.000  5.188169e+00 
 3840.000  5.183806e+00 
 3841.000  5.178415e+00 
 3842.000  5.168814e+00 
 3843.000  5.163361e+00 
 3844.000  5.157310e+00 
 3845.000  5.154923e+00 
 3846.000  5.158154e+00 
 3847.000  5.059798e+00 
 3848.000  5.057745e+00 
 3849.000  5.052432e+00 
 3850.000  5.025638e+00 
 3851.000  5.033620e+00 
 3852.000  5.034006e+00 
 3853.000  5.014368e+00 
 3854.000  4.925314e+00 
 3855.000  4.921224e+00 
 3856.000  4.916005e+00 
 3857.000  4.906708e+00 
 3858.000  4.895941e+00 
 3859.000  4.871656e+00 
 3860.000  4.859292e+00 
 3861.000  4.884994e+00 
 3862.000  4.787109e+00 
 3863.000  4.672578e+00 
 3864.000  4.742848e+00 
 3865.000  4.759360e+00 
 3866.000  4.767983e+00 
 3867.000  4.712306e+00 
 3868.000  4.739377e+00 
 3869.000  4.640397e+00 
 3870.000  4.666663e+00 
 3871.000  4.641652e+00 
 3872.000  4.580574e+00 
 3873.000  4.653782e+00 
 3874.000  4.646953e+00 
 3875.000  4.636281e+00 
 3876.000  4.629564e+00 
 3877.000  4.625080e+00 
 3878.000  4.619633e+00 
 3879.000  4.612389e+00 
 3880.000  4.609472e+00 
 3881.000  4.601288e+00 
 3882.000  4.585348e+00 
 3883.000  4.580606e+00 
 3884.000  4.614773e+00 
 3885.000  4.489107e+00 
 3886.000  4.553281e+00 
 3887.000  4.603866e+00 
 3888.000  4.603774e+00 
 3889.000  4.602784e+00 
 3890.000  4.587704e+00 
 3891.000  4.582393e+00 
 3892.000  4.636859e+00 
 3893.000  4.635527e+00 
 3894.000  4.616738e+00 
 3895.000  4.628073e+00 
 3896.000  4.607105e+00 
 3897.000  4.558943e+00 
 3898.000  4.538058e+00 
 3899.000  4.632530e+00 
 3900.000  4.599794e+00 
 3901.000  4.621548e+00 
 3902.000  4.620245e+00 
 3903.000  4.607864e+00 
 3904.000  4.612375e+00 
 3905.000  4.606723e+00 
 3906.000  4.589483e+00 
 3907.000  4.606183e+00 
 3908.000  4.594590e+00 
 3909.000  4.596962e+00 
 3910.000  4.593623e+00 
 3911.000  4.590705e+00 
 3912.000  4.587813e+00 
 3913.000  4.581041e+00 
 3914.000  4.590148e+00 
 3915.000  4.598009e+00 
 3916.000  4.585814e+00 
 3917.000  4.584456e+00 
 3918.000  4.573541e+00 
 3919.000  4.565027e+00 
 3920.000  4.578778e+00 
 3921.000  4.556617e+00 
 3922.000  4.600734e+00 
 3923.000  4.599803e+00 
 3924.000  4.595146e+00 
 3925.000  4.595121e+00 
 3926.000  4.579281e+00 
 3927.000  4.580626e+00 
 3928.000  4.587559e+00 
 3929.000  4.582805e+00 
 3930.000  4.639207e+00 
 3931.000  4.636114e+00 
 3932.000  4.612401e+00 
 3933.000  4.623896e+00 
 3934.000  4.566446e+00 
 3935.000  4.596968e+00 
 3936.000  4.617620e+00 
 3937.000  4.615016e+00 
 3938.000  4.654882e+00 
 3939.000  4.675019e+00 
 3940.000  4.671008e+00 
 3941.000  4.664649e+00 
 3942.000  4.663808e+00 
 3943.000  4.661335e+00 
 3944.000  4.621848e+00 
 3945.000  4.747809e+00 
 3946.000  4.733478e+00 
 3947.000  4.733972e+00 
 3948.000  4.709672e+00 
 3949.000  4.723525e+00 
 3950.000  4.672729e+00 
 3951.000  4.705766e+00 
 3952.000  4.567975e+00 
 3953.000  4.719512e+00 
 3954.000  4.714516e+00 
 3955.000  4.706651e+00 
 3956.000  4.663613e+00 
 3957.000  4.672510e+00 
 3958.000  4.632751e+00 
 3959.000  4.643384e+00 
 3960.000  4.693119e+00 
 3961.000  4.704668e+00 
 3962.000  4.662416e+00 
 3963.000  4.697786e+00 
 3964.000  4.675152e+00 
 3965.000  4.671561e+00 
 3966.000  4.676051e+00 
 3967.000  4.671417e+00 
 3968.000  4.680244e+00 
 3969.000  4.653518e+00 
 3970.000  4.639349e+00 
 3971.000  4.620173e+00 
 3972.000  4.643902e+00 
 3973.000  4.601195e+00 
 3974.000  4.617952e+00 
 3975.000  4.631867e+00 
 3976.000  4.628729e+00 
 3977.000  4.551154e+00 
 3978.000  4.570286e+00 
 3979.000  4.554695e+00 
 3980.000  4.559577e+00 
 3981.000  4.569227e+00 
 3982.000  4.559299e+00 
 3983.000  4.539367e+00 
 3984.000  4.537155e+00 
 3985.000  4.488754e+00 
 3986.000  4.388896e+00 
 3987.000  4.513750e+00 
 3988.000  4.518038e+00 
 3989.000  4.486994e+00 
 3990.000  4.484761e+00 
 3991.000  4.419184e+00 
 3992.000  4.472712e+00 
 3993.000  4.383658e+00 
 3994.000  4.377108e+00 
 3995.000  4.350874e+00 
 3996.000  4.277814e+00 
 3997.000  4.389676e+00 
 3998.000  4.365707e+00 
 3999.000  4.283350e+00 
 4000.000  4.325583e+00 
