  290.000  0.000000e+00 
  291.000  2.061043e-06 
  292.000  2.714757e-05 
  293.000  8.727640e-05 
  294.000  5.963764e-04 
  295.000  1.764253e-03 
  296.000  1.070769e-02 
  297.000  1.539026e-02 
  298.000  8.432682e-02 
  299.000  1.644355e-01 
  300.000  3.134933e-01 
  301.000  9.137881e-01 
  302.000  1.068510e+00 
  303.000  2.958792e+00 
  304.000  3.524625e+00 
  305.000  6.688081e+00 
  306.000  7.626879e+00 
  307.000  1.160320e+01 
  308.000  1.538911e+01 
  309.000  1.690199e+01 
  310.000  1.927875e+01 
  311.000  3.813486e+01 
  312.000  3.325041e+01 
  313.000  4.343080e+01 
  314.000  4.558442e+01 
  315.000  5.562825e+01 
  316.000  4.438207e+01 
  317.000  6.560479e+01 
  318.000  6.515116e+01 
  319.000  7.445339e+01 
  320.000  7.364858e+01 
  321.000  9.228983e+01 
  322.000  8.316423e+01 
  323.000  7.412530e+01 
  324.000  9.489024e+01 
  325.000  1.076460e+02 
  326.000  1.508013e+02 
  327.000  1.551610e+02 
  328.000  1.311303e+02 
  329.000  1.579257e+02 
  330.000  1.684689e+02 
  331.000  1.394847e+02 
  332.000  1.560816e+02 
  333.000  1.799341e+02 
  334.000  1.534172e+02 
  335.000  1.679158e+02 
  336.000  1.284277e+02 
  337.000  1.249983e+02 
  338.000  1.550595e+02 
  339.000  1.587108e+02 
  340.000  1.815386e+02 
  341.000  1.557414e+02 
  342.000  1.659410e+02 
  343.000  1.692722e+02 
  344.000  1.554255e+02 
  345.000  2.028704e+02 
  346.000  2.284250e+02 
  347.000  2.205171e+02 
  348.000  2.106424e+02 
  349.000  2.342284e+02 
  350.000  2.427816e+02 
  351.000  2.336912e+02 
  352.000  2.427380e+02 
  353.000  2.243914e+02 
  354.000  2.624524e+02 
  355.000  2.694274e+02 
  356.000  2.579991e+02 
  357.000  1.669836e+02 
  358.000  1.836874e+02 
  359.000  1.870528e+02 
  360.000  2.808256e+02 
  361.000  2.253287e+02 
  362.000  2.501433e+02 
  363.000  2.691954e+02 
  364.000  2.717886e+02 
  365.000  2.573760e+02 
  366.000  3.572038e+02 
  367.000  3.231369e+02 
  368.000  3.080259e+02 
  369.000  2.994412e+02 
  370.000  3.480008e+02 
  371.000  2.808029e+02 
  372.000  2.985806e+02 
  373.000  3.004965e+02 
  374.000  2.349562e+02 
  375.000  2.172188e+02 
  376.000  3.135262e+02 
  377.000  3.235683e+02 
  378.000  4.219152e+02 
  379.000  3.273758e+02 
  380.000  3.089909e+02 
  381.000  3.494778e+02 
  382.000  2.630271e+02 
  383.000  1.845611e+02 
  384.000  2.043728e+02 
  385.000  3.093210e+02 
  386.000  2.414042e+02 
  387.000  2.784956e+02 
  388.000  2.771461e+02 
  389.000  3.171599e+02 
  390.000  3.861028e+02 
  391.000  4.336130e+02 
  392.000  3.867857e+02 
  393.000  2.081074e+02 
  394.000  2.310965e+02 
  395.000  3.892432e+02 
  396.000  4.019604e+02 
  397.000  1.641194e+02 
  398.000  4.606118e+02 
  399.000  5.539687e+02 
  400.000  5.458549e+02 
  401.000  5.437136e+02 
  402.000  5.774268e+02 
  403.000  5.419103e+02 
  404.000  5.834922e+02 
  405.000  5.361230e+02 
  406.000  5.330722e+02 
  407.000  5.201287e+02 
  408.000  5.644838e+02 
  409.000  6.258994e+02 
  410.000  5.241650e+02 
  411.000  6.165343e+02 
  412.000  6.398508e+02 
  413.000  6.053752e+02 
  414.000  5.950435e+02 
  415.000  6.355719e+02 
  416.000  6.326120e+02 
  417.000  6.142298e+02 
  418.000  6.016902e+02 
  419.000  6.172783e+02 
  420.000  5.231707e+02 
  421.000  6.563294e+02 
  422.000  6.296989e+02 
  423.000  5.324835e+02 
  424.000  5.864223e+02 
  425.000  6.080850e+02 
  426.000  5.852331e+02 
  427.000  5.635875e+02 
  428.000  5.713355e+02 
  429.000  5.203688e+02 
  430.000  4.157045e+02 
  431.000  3.741619e+02 
  432.000  6.742182e+02 
  433.000  6.007852e+02 
  434.000  5.716153e+02 
  435.000  6.225424e+02 
  436.000  6.910057e+02 
  437.000  6.983707e+02 
  438.000  6.262107e+02 
  439.000  6.065582e+02 
  440.000  6.804832e+02 
  441.000  6.789203e+02 
  442.000  7.157108e+02 
  443.000  7.211661e+02 
  444.000  7.171408e+02 
  445.000  7.550361e+02 
  446.000  6.726970e+02 
  447.000  7.679069e+02 
  448.000  7.813799e+02 
  449.000  7.873799e+02 
  450.000  8.052324e+02 
  451.000  8.709543e+02 
  452.000  8.103207e+02 
  453.000  7.528013e+02 
  454.000  8.032346e+02 
  455.000  8.094796e+02 
  456.000  8.297226e+02 
  457.000  8.349957e+02 
  458.000  8.209177e+02 
  459.000  8.214150e+02 
  460.000  8.148516e+02 
  461.000  8.449943e+02 
  462.000  8.318134e+02 
  463.000  8.325959e+02 
  464.000  8.359136e+02 
  465.000  8.242622e+02 
  466.000  8.509281e+02 
  467.000  8.214156e+02 
  468.000  8.700602e+02 
  469.000  8.628583e+02 
  470.000  8.513707e+02 
  471.000  8.502050e+02 
  472.000  8.609367e+02 
  473.000  8.518574e+02 
  474.000  8.589745e+02 
  475.000  8.939031e+02 
  476.000  8.665690e+02 
  477.000  8.587692e+02 
  478.000  9.014783e+02 
  479.000  8.608294e+02 
  480.000  8.780568e+02 
  481.000  8.729562e+02 
  482.000  8.914806e+02 
  483.000  8.926614e+02 
  484.000  8.585629e+02 
  485.000  8.651199e+02 
  486.000  7.016444e+02 
  487.000  7.888724e+02 
  488.000  8.568282e+02 
  489.000  7.967547e+02 
  490.000  9.073575e+02 
  491.000  8.493276e+02 
  492.000  8.164294e+02 
  493.000  8.795672e+02 
  494.000  8.499655e+02 
  495.000  9.088823e+02 
  496.000  8.854111e+02 
  497.000  8.591113e+02 
  498.000  8.390242e+02 
  499.000  8.372060e+02 
  500.000  8.337234e+02 
  501.000  8.152272e+02 
  502.000  8.100763e+02 
  503.000  8.585662e+02 
  504.000  7.989902e+02 
  505.000  8.619768e+02 
  506.000  9.230163e+02 
  507.000  8.590178e+02 
  508.000  8.240143e+02 
  509.000  8.887844e+02 
  510.000  8.613857e+02 
  511.000  8.618213e+02 
  512.000  9.047108e+02 
  513.000  8.281780e+02 
  514.000  8.109531e+02 
  515.000  8.280536e+02 
  516.000  8.699191e+02 
  517.000  6.408728e+02 
  518.000  7.935123e+02 
  519.000  7.518480e+02 
  520.000  8.278372e+02 
  521.000  8.283629e+02 
  522.000  8.612887e+02 
  523.000  8.023857e+02 
  524.000  8.706016e+02 
  525.000  8.636810e+02 
  526.000  8.231340e+02 
  527.000  7.190723e+02 
  528.000  8.636273e+02 
  529.000  8.881654e+02 
  530.000  8.392549e+02 
  531.000  9.135432e+02 
  532.000  8.715373e+02 
  533.000  7.655457e+02 
  534.000  8.325394e+02 
  535.000  8.494927e+02 
  536.000  9.014653e+02 
  537.000  8.364048e+02 
  538.000  8.756088e+02 
  539.000  8.727889e+02 
  540.000  8.542108e+02 
  541.000  7.833667e+02 
  542.000  8.739295e+02 
  543.000  8.360330e+02 
  544.000  8.818978e+02 
  545.000  8.688574e+02 
  546.000  8.496301e+02 
  547.000  8.858271e+02 
  548.000  8.220059e+02 
  549.000  8.652040e+02 
  550.000  8.464028e+02 
  551.000  8.414120e+02 
  552.000  8.780100e+02 
  553.000  8.439258e+02 
  554.000  8.718246e+02 
  555.000  8.746088e+02 
  556.000  8.508217e+02 
  557.000  8.258714e+02 
  558.000  8.575493e+02 
  559.000  8.108552e+02 
  560.000  8.146860e+02 
  561.000  8.956529e+02 
  562.000  8.222971e+02 
  563.000  8.605400e+02 
  564.000  8.486228e+02 
  565.000  8.588051e+02 
  566.000  7.919554e+02 
  567.000  8.493005e+02 
  568.000  8.461752e+02 
  569.000  8.268740e+02 
  570.000  8.316862e+02 
  571.000  8.039689e+02 
  572.000  8.480748e+02 
  573.000  8.575987e+02 
  574.000  8.529543e+02 
  575.000  8.321445e+02 
  576.000  8.173563e+02 
  577.000  8.523317e+02 
  578.000  8.287314e+02 
  579.000  8.237523e+02 
  580.000  8.537455e+02 
  581.000  8.402667e+02 
  582.000  8.543897e+02 
  583.000  8.615711e+02 
  584.000  8.598309e+02 
  585.000  8.551029e+02 
  586.000  8.191462e+02 
  587.000  8.510327e+02 
  588.000  8.395054e+02 
  589.000  7.395015e+02 
  590.000  7.722634e+02 
  591.000  8.250247e+02 
  592.000  8.076564e+02 
  593.000  8.209702e+02 
  594.000  8.279885e+02 
  595.000  8.095278e+02 
  596.000  8.343224e+02 
  597.000  8.361809e+02 
  598.000  8.210870e+02 
  599.000  8.222796e+02 
  600.000  8.242444e+02 
  601.000  8.207413e+02 
  602.000  8.123340e+02 
  603.000  8.180349e+02 
  604.000  8.448106e+02 
  605.000  8.434366e+02 
  606.000  8.342641e+02 
  607.000  8.301730e+02 
  608.000  8.277187e+02 
  609.000  8.197878e+02 
  610.000  8.072119e+02 
  611.000  8.208794e+02 
  612.000  8.107430e+02 
  613.000  7.994292e+02 
  614.000  7.710649e+02 
  615.000  8.085143e+02 
  616.000  7.692168e+02 
  617.000  7.740167e+02 
  618.000  8.109489e+02 
  619.000  8.038883e+02 
  620.000  8.161187e+02 
  621.000  8.304735e+02 
  622.000  7.869126e+02 
  623.000  7.932479e+02 
  624.000  7.942969e+02 
  625.000  7.729288e+02 
  626.000  7.767905e+02 
  627.000  7.885195e+02 
  628.000  7.690177e+02 
  629.000  7.944316e+02 
  630.000  7.694691e+02 
  631.000  7.997711e+02 
  632.000  7.452095e+02 
  633.000  8.022559e+02 
  634.000  7.796334e+02 
  635.000  7.948412e+02 
  636.000  7.679011e+02 
  637.000  7.942863e+02 
  638.000  8.080164e+02 
  639.000  8.021218e+02 
  640.000  7.779602e+02 
  641.000  7.899308e+02 
  642.000  7.812169e+02 
  643.000  7.950879e+02 
  644.000  7.865096e+02 
  645.000  7.932392e+02 
  646.000  7.608103e+02 
  647.000  7.696511e+02 
  648.000  7.664045e+02 
  649.000  7.840774e+02 
  650.000  7.305189e+02 
  651.000  7.873059e+02 
  652.000  7.691919e+02 
  653.000  7.889838e+02 
  654.000  7.786337e+02 
  655.000  7.571178e+02 
  656.000  6.435173e+02 
  657.000  6.878076e+02 
  658.000  7.677501e+02 
  659.000  7.706892e+02 
  660.000  7.772480e+02 
  661.000  7.819825e+02 
  662.000  7.940278e+02 
  663.000  7.854591e+02 
  664.000  7.735206e+02 
  665.000  7.773392e+02 
  666.000  7.872680e+02 
  667.000  7.721556e+02 
  668.000  7.770967e+02 
  669.000  7.887171e+02 
  670.000  7.797009e+02 
  671.000  7.718728e+02 
  672.000  7.697637e+02 
  673.000  7.756794e+02 
  674.000  7.775834e+02 
  675.000  7.660955e+02 
  676.000  7.809382e+02 
  677.000  7.657663e+02 
  678.000  7.787975e+02 
  679.000  7.681083e+02 
  680.000  7.623435e+02 
  681.000  7.632944e+02 
  682.000  7.619807e+02 
  683.000  7.672621e+02 
  684.000  7.534775e+02 
  685.000  7.624913e+02 
  686.000  7.280901e+02 
  687.000  6.358616e+02 
  688.000  6.656735e+02 
  689.000  6.590795e+02 
  690.000  6.776595e+02 
  691.000  7.003939e+02 
  692.000  7.075558e+02 
  693.000  7.058620e+02 
  694.000  7.047672e+02 
  695.000  7.005720e+02 
  696.000  7.135408e+02 
  697.000  7.347120e+02 
  698.000  7.171586e+02 
  699.000  7.128308e+02 
  700.000  7.075359e+02 
  701.000  6.879329e+02 
  702.000  6.875115e+02 
  703.000  7.118096e+02 
  704.000  7.146236e+02 
  705.000  7.141776e+02 
  706.000  7.078940e+02 
  707.000  6.994514e+02 
  708.000  7.222212e+02 
  709.000  7.012551e+02 
  710.000  7.125733e+02 
  711.000  7.105424e+02 
  712.000  7.050029e+02 
  713.000  6.987032e+02 
  714.000  7.094761e+02 
  715.000  6.792249e+02 
  716.000  6.910931e+02 
  717.000  6.343266e+02 
  718.000  6.068865e+02 
  719.000  5.913475e+02 
  720.000  5.826178e+02 
  721.000  6.388141e+02 
  722.000  6.684706e+02 
  723.000  6.554241e+02 
  724.000  6.262073e+02 
  725.000  6.242440e+02 
  726.000  6.216164e+02 
  727.000  6.355571e+02 
  728.000  6.196434e+02 
  729.000  6.070865e+02 
  730.000  6.273766e+02 
  731.000  6.144744e+02 
  732.000  6.471461e+02 
  733.000  6.571084e+02 
  734.000  6.803550e+02 
  735.000  6.716041e+02 
  736.000  6.530555e+02 
  737.000  6.663876e+02 
  738.000  6.710209e+02 
  739.000  6.520056e+02 
  740.000  6.641340e+02 
  741.000  6.622795e+02 
  742.000  6.528184e+02 
  743.000  6.750177e+02 
  744.000  6.828586e+02 
  745.000  6.662053e+02 
  746.000  6.763816e+02 
  747.000  6.871968e+02 
  748.000  6.752958e+02 
  749.000  6.758946e+02 
  750.000  6.657900e+02 
  751.000  6.642637e+02 
  752.000  6.751900e+02 
  753.000  6.691334e+02 
  754.000  6.798735e+02 
  755.000  6.761572e+02 
  756.000  6.631078e+02 
  757.000  6.680934e+02 
  758.000  6.662820e+02 
  759.000  5.986368e+02 
  760.000  2.192720e+02 
  761.000  1.882658e+02 
  762.000  3.838725e+02 
  763.000  3.275055e+02 
  764.000  3.614100e+02 
  765.000  4.400368e+02 
  766.000  5.089066e+02 
  767.000  5.622397e+02 
  768.000  6.154332e+02 
  769.000  6.333794e+02 
  770.000  6.400378e+02 
  771.000  6.452244e+02 
  772.000  6.438879e+02 
  773.000  6.417899e+02 
  774.000  6.492242e+02 
  775.000  6.252111e+02 
  776.000  6.512531e+02 
  777.000  6.468692e+02 
  778.000  6.434705e+02 
  779.000  6.456284e+02 
  780.000  6.377014e+02 
  781.000  6.369435e+02 
  782.000  6.446752e+02 
  783.000  6.296702e+02 
  784.000  6.330786e+02 
  785.000  6.339290e+02 
  786.000  6.216802e+02 
  787.000  6.279408e+02 
  788.000  6.169180e+02 
  789.000  6.144569e+02 
  790.000  6.077642e+02 
  791.000  6.058703e+02 
  792.000  5.974158e+02 
  793.000  5.993714e+02 
  794.000  5.983824e+02 
  795.000  5.920966e+02 
  796.000  5.937022e+02 
  797.000  5.999769e+02 
  798.000  6.058077e+02 
  799.000  6.041558e+02 
  800.000  5.846533e+02 
  801.000  5.960511e+02 
  802.000  5.945706e+02 
  803.000  5.866893e+02 
  804.000  5.939158e+02 
  805.000  5.811785e+02 
  806.000  5.990885e+02 
  807.000  5.956701e+02 
  808.000  5.908920e+02 
  809.000  5.794882e+02 
  810.000  5.753107e+02 
  811.000  5.811392e+02 
  812.000  5.745004e+02 
  813.000  5.662687e+02 
  814.000  5.576889e+02 
  815.000  5.419101e+02 
  816.000  5.243985e+02 
  817.000  5.283282e+02 
  818.000  5.261865e+02 
  819.000  5.161942e+02 
  820.000  5.199568e+02 
  821.000  5.534367e+02 
  822.000  5.259337e+02 
  823.000  4.989368e+02 
  824.000  5.357837e+02 
  825.000  5.534976e+02 
  826.000  5.538911e+02 
  827.000  5.497928e+02 
  828.000  5.365554e+02 
  829.000  5.407003e+02 
  830.000  5.369813e+02 
  831.000  5.286989e+02 
  832.000  5.400489e+02 
  833.000  5.259484e+02 
  834.000  5.368957e+02 
  835.000  5.438295e+02 
  836.000  5.483400e+02 
  837.000  5.436495e+02 
  838.000  5.484299e+02 
  839.000  5.329478e+02 
  840.000  5.478459e+02 
  841.000  5.476523e+02 
  842.000  5.457602e+02 
  843.000  5.454725e+02 
  844.000  5.379673e+02 
  845.000  5.468714e+02 
  846.000  5.524899e+02 
  847.000  5.340650e+02 
  848.000  5.487796e+02 
  849.000  5.499811e+02 
  850.000  4.750429e+02 
  851.000  5.435740e+02 
  852.000  5.230666e+02 
  853.000  5.302413e+02 
  854.000  4.262804e+02 
  855.000  4.697606e+02 
  856.000  5.339877e+02 
  857.000  5.429482e+02 
  858.000  5.344669e+02 
  859.000  5.348995e+02 
  860.000  5.303539e+02 
  861.000  5.303690e+02 
  862.000  5.288030e+02 
  863.000  5.389730e+02 
  864.000  5.380289e+02 
  865.000  5.281193e+02 
  866.000  4.430405e+02 
  867.000  4.718133e+02 
  868.000  5.117471e+02 
  869.000  5.046323e+02 
  870.000  5.254703e+02 
  871.000  5.247914e+02 
  872.000  5.227824e+02 
  873.000  5.248591e+02 
  874.000  5.133631e+02 
  875.000  5.086728e+02 
  876.000  5.128402e+02 
  877.000  5.230524e+02 
  878.000  5.139526e+02 
  879.000  5.151597e+02 
  880.000  5.120576e+02 
  881.000  4.853638e+02 
  882.000  5.120978e+02 
  883.000  5.005555e+02 
  884.000  5.048853e+02 
  885.000  5.097639e+02 
  886.000  4.925734e+02 
  887.000  4.879698e+02 
  888.000  5.025883e+02 
  889.000  5.061388e+02 
  890.000  5.042390e+02 
  891.000  5.008838e+02 
  892.000  4.970886e+02 
  893.000  4.712323e+02 
  894.000  4.831786e+02 
  895.000  4.471541e+02 
  896.000  4.507853e+02 
  897.000  4.259580e+02 
  898.000  4.199320e+02 
  899.000  4.005612e+02 
  900.000  3.932342e+02 
  901.000  3.801282e+02 
  902.000  3.739901e+02 
  903.000  4.257090e+02 
  904.000  4.512923e+02 
  905.000  4.493997e+02 
  906.000  4.255814e+02 
  907.000  4.114246e+02 
  908.000  3.866532e+02 
  909.000  3.806427e+02 
  910.000  3.872485e+02 
  911.000  3.951964e+02 
  912.000  3.916930e+02 
  913.000  3.815612e+02 
  914.000  3.886104e+02 
  915.000  3.891118e+02 
  916.000  3.959306e+02 
  917.000  3.937524e+02 
  918.000  3.969184e+02 
  919.000  4.199470e+02 
  920.000  4.293134e+02 
  921.000  4.170715e+02 
  922.000  4.131099e+02 
  923.000  3.923456e+02 
  924.000  4.002941e+02 
  925.000  4.049083e+02 
  926.000  3.902159e+02 
  927.000  3.944912e+02 
  928.000  3.811458e+02 
  929.000  3.534254e+02 
  930.000  3.243802e+02 
  931.000  2.931485e+02 
  932.000  2.504605e+02 
  933.000  2.219278e+02 
  934.000  1.907727e+02 
  935.000  1.848896e+02 
  936.000  1.947537e+02 
  937.000  1.962291e+02 
  938.000  2.265602e+02 
  939.000  3.153806e+02 
  940.000  3.268718e+02 
  941.000  3.084663e+02 
  942.000  2.708346e+02 
  943.000  2.406628e+02 
  944.000  2.310242e+02 
  945.000  2.488878e+02 
  946.000  2.531829e+02 
  947.000  2.658986e+02 
  948.000  2.759268e+02 
  949.000  2.757383e+02 
  950.000  2.760898e+02 
  951.000  2.932136e+02 
  952.000  2.732108e+02 
  953.000  2.864838e+02 
  954.000  2.986834e+02 
  955.000  2.677442e+02 
  956.000  2.829859e+02 
  957.000  3.206144e+02 
  958.000  3.280843e+02 
  959.000  3.230103e+02 
  960.000  3.181616e+02 
  961.000  3.116507e+02 
  962.000  3.160853e+02 
  963.000  3.361970e+02 
  964.000  3.353365e+02 
  965.000  3.374749e+02 
  966.000  3.288433e+02 
  967.000  3.535356e+02 
  968.000  3.743424e+02 
  969.000  3.879008e+02 
  970.000  3.895861e+02 
  971.000  3.858717e+02 
  972.000  3.854064e+02 
  973.000  3.745462e+02 
  974.000  3.600475e+02 
  975.000  3.562027e+02 
  976.000  3.675351e+02 
  977.000  3.695023e+02 
  978.000  3.777069e+02 
  979.000  3.696716e+02 
  980.000  3.864915e+02 
  981.000  3.917867e+02 
  982.000  3.883492e+02 
  983.000  3.933080e+02 
  984.000  3.968239e+02 
  985.000  4.001358e+02 
  986.000  4.013437e+02 
  987.000  4.078781e+02 
  988.000  4.033006e+02 
  989.000  3.984667e+02 
  990.000  4.023353e+02 
  991.000  4.072765e+02 
  992.000  4.039885e+02 
  993.000  4.041583e+02 
  994.000  4.075443e+02 
  995.000  4.055564e+02 
  996.000  4.054746e+02 
  997.000  4.053072e+02 
  998.000  4.031067e+02 
  999.000  4.018311e+02 
 1000.000  3.988625e+02 
 1001.000  3.997109e+02 
 1002.000  3.968148e+02 
 1003.000  3.927473e+02 
 1004.000  3.907980e+02 
 1005.000  3.655864e+02 
 1006.000  3.849694e+02 
 1007.000  3.915629e+02 
 1008.000  3.913721e+02 
 1009.000  3.865289e+02 
 1010.000  3.890902e+02 
 1011.000  3.896089e+02 
 1012.000  3.907477e+02 
 1013.000  3.885518e+02 
 1014.000  3.913911e+02 
 1015.000  3.842298e+02 
 1016.000  3.869984e+02 
 1017.000  3.833926e+02 
 1018.000  3.880092e+02 
 1019.000  3.784504e+02 
 1020.000  3.778154e+02 
 1021.000  3.821802e+02 
 1022.000  3.755953e+02 
 1023.000  3.819986e+02 
 1024.000  3.795694e+02 
 1025.000  3.809047e+02 
 1026.000  3.818866e+02 
 1027.000  3.793096e+02 
 1028.000  3.804396e+02 
 1029.000  3.752329e+02 
 1030.000  3.795543e+02 
 1031.000  3.786190e+02 
 1032.000  3.775002e+02 
 1033.000  3.706237e+02 
 1034.000  3.746362e+02 
 1035.000  3.707222e+02 
 1036.000  3.754915e+02 
 1037.000  3.675840e+02 
 1038.000  3.712509e+02 
 1039.000  3.727098e+02 
 1040.000  3.682462e+02 
 1041.000  3.701469e+02 
 1042.000  3.712198e+02 
 1043.000  3.648023e+02 
 1044.000  3.683724e+02 
 1045.000  3.666873e+02 
 1046.000  3.559366e+02 
 1047.000  3.623708e+02 
 1048.000  3.658392e+02 
 1049.000  3.633363e+02 
 1050.000  3.610430e+02 
 1051.000  3.609053e+02 
 1052.000  3.591118e+02 
 1053.000  3.591942e+02 
 1054.000  3.553178e+02 
 1055.000  3.577351e+02 
 1056.000  3.566075e+02 
 1057.000  3.556524e+02 
 1058.000  3.513921e+02 
 1059.000  3.403139e+02 
 1060.000  3.527246e+02 
 1061.000  3.402660e+02 
 1062.000  3.493882e+02 
 1063.000  3.432840e+02 
 1064.000  3.474176e+02 
 1065.000  3.466098e+02 
 1066.000  3.359903e+02 
 1067.000  3.438044e+02 
 1068.000  3.418100e+02 
 1069.000  3.158141e+02 
 1070.000  3.347906e+02 
 1071.000  3.349771e+02 
 1072.000  3.355767e+02 
 1073.000  3.245193e+02 
 1074.000  3.360832e+02 
 1075.000  3.265395e+02 
 1076.000  3.332516e+02 
 1077.000  3.319135e+02 
 1078.000  3.321375e+02 
 1079.000  3.192221e+02 
 1080.000  3.265182e+02 
 1081.000  3.144738e+02 
 1082.000  3.194973e+02 
 1083.000  3.098036e+02 
 1084.000  3.203619e+02 
 1085.000  3.130596e+02 
 1086.000  3.179342e+02 
 1087.000  3.017565e+02 
 1088.000  3.202652e+02 
 1089.000  3.039373e+02 
 1090.000  3.097763e+02 
 1091.000  3.126315e+02 
 1092.000  3.033238e+02 
 1093.000  2.949014e+02 
 1094.000  2.665084e+02 
 1095.000  2.888179e+02 
 1096.000  2.879561e+02 
 1097.000  2.831743e+02 
 1098.000  2.672018e+02 
 1099.000  2.563791e+02 
 1100.000  2.615443e+02 
 1101.000  2.626405e+02 
 1102.000  2.509898e+02 
 1103.000  2.620138e+02 
 1104.000  2.581430e+02 
 1105.000  2.527809e+02 
 1106.000  2.456556e+02 
 1107.000  2.465944e+02 
 1108.000  2.467013e+02 
 1109.000  2.521021e+02 
 1110.000  2.527984e+02 
 1111.000  2.471300e+02 
 1112.000  2.334920e+02 
 1113.000  2.171235e+02 
 1114.000  2.151884e+02 
 1115.000  1.941047e+02 
 1116.000  1.801961e+02 
 1117.000  1.557761e+02 
 1118.000  1.308901e+02 
 1119.000  1.153285e+02 
 1120.000  1.010968e+02 
 1121.000  9.853061e+01 
 1122.000  8.350445e+01 
 1123.000  9.175508e+01 
 1124.000  9.731255e+01 
 1125.000  9.250984e+01 
 1126.000  8.966178e+01 
 1127.000  9.395984e+01 
 1128.000  9.464606e+01 
 1129.000  1.097025e+02 
 1130.000  1.446827e+02 
 1131.000  1.566573e+02 
 1132.000  1.427249e+02 
 1133.000  1.142598e+02 
 1134.000  7.071323e+01 
 1135.000  7.477732e+01 
 1136.000  1.185214e+02 
 1137.000  1.454970e+02 
 1138.000  1.647592e+02 
 1139.000  1.762007e+02 
 1140.000  1.718929e+02 
 1141.000  1.575914e+02 
 1142.000  1.584685e+02 
 1143.000  1.452516e+02 
 1144.000  1.327773e+02 
 1145.000  1.171278e+02 
 1146.000  1.222360e+02 
 1147.000  1.359053e+02 
 1148.000  1.463076e+02 
 1149.000  1.515407e+02 
 1150.000  1.511725e+02 
 1151.000  1.578764e+02 
 1152.000  1.610907e+02 
 1153.000  1.659661e+02 
 1154.000  1.653350e+02 
 1155.000  1.761831e+02 
 1156.000  1.847225e+02 
 1157.000  2.091331e+02 
 1158.000  2.186327e+02 
 1159.000  2.235729e+02 
 1160.000  2.240090e+02 
 1161.000  2.273289e+02 
 1162.000  2.417255e+02 
 1163.000  2.502636e+02 
 1164.000  2.469076e+02 
 1165.000  2.522828e+02 
 1166.000  2.472857e+02 
 1167.000  2.522807e+02 
 1168.000  2.541175e+02 
 1169.000  2.463607e+02 
 1170.000  2.539770e+02 
 1171.000  2.578099e+02 
 1172.000  2.554388e+02 
 1173.000  2.521590e+02 
 1174.000  2.523768e+02 
 1175.000  2.535015e+02 
 1176.000  2.510540e+02 
 1177.000  2.570276e+02 
 1178.000  2.491052e+02 
 1179.000  2.480176e+02 
 1180.000  2.501738e+02 
 1181.000  2.455866e+02 
 1182.000  2.426042e+02 
 1183.000  2.288489e+02 
 1184.000  2.410885e+02 
 1185.000  2.489446e+02 
 1186.000  2.460900e+02 
 1187.000  2.414631e+02 
 1188.000  2.391550e+02 
 1189.000  2.279435e+02 
 1190.000  2.465066e+02 
 1191.000  2.525838e+02 
 1192.000  2.543885e+02 
 1193.000  2.538080e+02 
 1194.000  2.528541e+02 
 1195.000  2.469307e+02 
 1196.000  2.472021e+02 
 1197.000  2.456476e+02 
 1198.000  2.370618e+02 
 1199.000  2.265177e+02 
 1200.000  2.419005e+02 
 1201.000  2.439361e+02 
 1202.000  2.443152e+02 
 1203.000  2.312240e+02 
 1204.000  2.355113e+02 
 1205.000  2.460501e+02 
 1206.000  2.469818e+02 
 1207.000  2.496627e+02 
 1208.000  2.454135e+02 
 1209.000  2.290313e+02 
 1210.000  2.432549e+02 
 1211.000  2.349121e+02 
 1212.000  2.428414e+02 
 1213.000  2.458700e+02 
 1214.000  2.444820e+02 
 1215.000  2.460336e+02 
 1216.000  2.480346e+02 
 1217.000  2.497712e+02 
 1218.000  2.496880e+02 
 1219.000  2.476939e+02 
 1220.000  2.494805e+02 
 1221.000  2.493716e+02 
 1222.000  2.482085e+02 
 1223.000  2.472576e+02 
 1224.000  2.507231e+02 
 1225.000  2.496820e+02 
 1226.000  2.510119e+02 
 1227.000  2.432254e+02 
 1228.000  2.516991e+02 
 1229.000  2.520647e+02 
 1230.000  2.519094e+02 
 1231.000  2.522803e+02 
 1232.000  2.495448e+02 
 1233.000  2.515892e+02 
 1234.000  2.516947e+02 
 1235.000  2.501669e+02 
 1236.000  2.518125e+02 
 1237.000  2.520495e+02 
 1238.000  2.519378e+02 
 1239.000  2.490675e+02 
 1240.000  2.478660e+02 
 1241.000  2.498985e+02 
 1242.000  2.482483e+02 
 1243.000  2.453509e+02 
 1244.000  2.427973e+02 
 1245.000  2.467477e+02 
 1246.000  2.445835e+02 
 1247.000  2.429970e+02 
 1248.000  2.446244e+02 
 1249.000  2.435134e+02 
 1250.000  2.422117e+02 
 1251.000  2.401808e+02 
 1252.000  2.389738e+02 
 1253.000  2.365113e+02 
 1254.000  2.362229e+02 
 1255.000  2.351145e+02 
 1256.000  2.339522e+02 
 1257.000  2.303717e+02 
 1258.000  2.295089e+02 
 1259.000  2.254294e+02 
 1260.000  2.240056e+02 
 1261.000  2.216900e+02 
 1262.000  2.133138e+02 
 1263.000  2.144399e+02 
 1264.000  2.101267e+02 
 1265.000  2.101308e+02 
 1266.000  2.099781e+02 
 1267.000  2.043540e+02 
 1268.000  2.004390e+02 
 1269.000  2.014796e+02 
 1270.000  2.086027e+02 
 1271.000  2.120644e+02 
 1272.000  2.133098e+02 
 1273.000  2.148008e+02 
 1274.000  2.155415e+02 
 1275.000  2.179004e+02 
 1276.000  2.190032e+02 
 1277.000  2.193939e+02 
 1278.000  2.193729e+02 
 1279.000  2.184510e+02 
 1280.000  2.183148e+02 
 1281.000  2.131912e+02 
 1282.000  1.902006e+02 
 1283.000  2.094090e+02 
 1284.000  2.182875e+02 
 1285.000  2.203094e+02 
 1286.000  2.199242e+02 
 1287.000  2.205199e+02 
 1288.000  2.160296e+02 
 1289.000  2.164204e+02 
 1290.000  2.114024e+02 
 1291.000  2.149093e+02 
 1292.000  2.173031e+02 
 1293.000  2.176961e+02 
 1294.000  2.129174e+02 
 1295.000  2.130034e+02 
 1296.000  2.108416e+02 
 1297.000  2.076535e+02 
 1298.000  2.056843e+02 
 1299.000  2.076700e+02 
 1300.000  2.065622e+02 
 1301.000  2.058023e+02 
 1302.000  2.018393e+02 
 1303.000  1.967116e+02 
 1304.000  1.953450e+02 
 1305.000  1.958680e+02 
 1306.000  1.954860e+02 
 1307.000  1.939100e+02 
 1308.000  1.912565e+02 
 1309.000  1.876212e+02 
 1310.000  1.864419e+02 
 1311.000  1.859428e+02 
 1312.000  1.811613e+02 
 1313.000  1.693229e+02 
 1314.000  1.710659e+02 
 1315.000  1.672216e+02 
 1316.000  1.741673e+02 
 1317.000  1.758688e+02 
 1318.000  1.686305e+02 
 1319.000  1.640209e+02 
 1320.000  1.550829e+02 
 1321.000  1.514698e+02 
 1322.000  1.561397e+02 
 1323.000  1.620577e+02 
 1324.000  1.649905e+02 
 1325.000  1.630246e+02 
 1326.000  1.570751e+02 
 1327.000  1.448376e+02 
 1328.000  1.332952e+02 
 1329.000  1.079133e+02 
 1330.000  1.021337e+02 
 1331.000  9.767701e+01 
 1332.000  9.721048e+01 
 1333.000  1.041844e+02 
 1334.000  1.105806e+02 
 1335.000  1.152053e+02 
 1336.000  1.157525e+02 
 1337.000  1.173677e+02 
 1338.000  1.204713e+02 
 1339.000  1.212472e+02 
 1340.000  1.231087e+02 
 1341.000  1.245999e+02 
 1342.000  1.246979e+02 
 1343.000  1.162354e+02 
 1344.000  1.050391e+02 
 1345.000  7.763898e+01 
 1346.000  5.977826e+01 
 1347.000  4.941845e+01 
 1348.000  3.594469e+01 
 1349.000  3.106658e+01 
 1350.000  2.040644e+01 
 1351.000  1.624467e+01 
 1352.000  1.017946e+01 
 1353.000  5.848480e+00 
 1354.000  4.018521e+00 
 1355.000  2.646497e+00 
 1356.000  1.655726e+00 
 1357.000  8.629088e-01 
 1358.000  5.358601e-01 
 1359.000  1.877796e-01 
 1360.000  9.982375e-02 
 1361.000  6.002646e-02 
 1362.000  5.290886e-02 
 1363.000  9.201159e-02 
 1364.000  1.149814e-01 
 1365.000  1.215519e-01 
 1366.000  1.515180e-01 
 1367.000  1.190947e-01 
 1368.000  1.030180e-01 
 1369.000  1.083682e-01 
 1370.000  2.471663e-01 
 1371.000  6.055411e-01 
 1372.000  1.614499e+00 
 1373.000  2.783038e+00 
 1374.000  3.790950e+00 
 1375.000  4.231149e+00 
 1376.000  3.782318e+00 
 1377.000  3.131516e+00 
 1378.000  2.042435e+00 
 1379.000  1.132047e+00 
 1380.000  4.661012e-01 
 1381.000  1.988295e-01 
 1382.000  1.135914e-01 
 1383.000  1.064956e-01 
 1384.000  2.271314e-01 
 1385.000  3.938724e-01 
 1386.000  7.634862e-01 
 1387.000  2.024747e+00 
 1388.000  3.123108e+00 
 1389.000  3.932747e+00 
 1390.000  4.106194e+00 
 1391.000  3.689083e+00 
 1392.000  2.393857e+00 
 1393.000  1.592183e+00 
 1394.000  1.058967e+00 
 1395.000  1.278992e+00 
 1396.000  2.083136e+00 
 1397.000  3.121232e+00 
 1398.000  3.268950e+00 
 1399.000  2.983889e+00 
 1400.000  2.730605e+00 
 1401.000  3.062805e+00 
 1402.000  4.242273e+00 
 1403.000  5.447789e+00 
 1404.000  4.967449e+00 
 1405.000  5.486473e+00 
 1406.000  4.874151e+00 
 1407.000  5.318223e+00 
 1408.000  7.069078e+00 
 1409.000  9.245846e+00 
 1410.000  1.273534e+01 
 1411.000  1.706005e+01 
 1412.000  1.653401e+01 
 1413.000  1.953171e+01 
 1414.000  1.895811e+01 
 1415.000  2.269686e+01 
 1416.000  2.545434e+01 
 1417.000  2.680942e+01 
 1418.000  2.718357e+01 
 1419.000  2.763583e+01 
 1420.000  2.871762e+01 
 1421.000  3.459336e+01 
 1422.000  3.637720e+01 
 1423.000  3.740072e+01 
 1424.000  3.718368e+01 
 1425.000  3.629484e+01 
 1426.000  3.509206e+01 
 1427.000  3.819214e+01 
 1428.000  4.108032e+01 
 1429.000  4.257985e+01 
 1430.000  4.131895e+01 
 1431.000  3.682691e+01 
 1432.000  3.507920e+01 
 1433.000  3.493800e+01 
 1434.000  3.285847e+01 
 1435.000  3.654657e+01 
 1436.000  3.799460e+01 
 1437.000  3.886887e+01 
 1438.000  4.269882e+01 
 1439.000  4.372816e+01 
 1440.000  4.253436e+01 
 1441.000  4.557283e+01 
 1442.000  4.331544e+01 
 1443.000  4.416122e+01 
 1444.000  4.568756e+01 
 1445.000  4.597565e+01 
 1446.000  4.918683e+01 
 1447.000  5.154934e+01 
 1448.000  5.237032e+01 
 1449.000  5.080098e+01 
 1450.000  4.768531e+01 
 1451.000  4.873430e+01 
 1452.000  5.272279e+01 
 1453.000  6.189125e+01 
 1454.000  7.076347e+01 
 1455.000  7.570625e+01 
 1456.000  8.124624e+01 
 1457.000  8.286213e+01 
 1458.000  8.489729e+01 
 1459.000  8.099428e+01 
 1460.000  7.601329e+01 
 1461.000  7.382359e+01 
 1462.000  6.800085e+01 
 1463.000  6.754038e+01 
 1464.000  6.612103e+01 
 1465.000  6.333482e+01 
 1466.000  5.745962e+01 
 1467.000  5.594651e+01 
 1468.000  5.133505e+01 
 1469.000  4.690319e+01 
 1470.000  4.491253e+01 
 1471.000  4.978587e+01 
 1472.000  5.776880e+01 
 1473.000  6.913607e+01 
 1474.000  7.568791e+01 
 1475.000  7.702460e+01 
 1476.000  7.714890e+01 
 1477.000  7.452840e+01 
 1478.000  7.068959e+01 
 1479.000  6.804142e+01 
 1480.000  7.026918e+01 
 1481.000  7.296671e+01 
 1482.000  7.789730e+01 
 1483.000  7.746743e+01 
 1484.000  7.803161e+01 
 1485.000  7.894256e+01 
 1486.000  8.097880e+01 
 1487.000  8.888153e+01 
 1488.000  7.811343e+01 
 1489.000  9.970006e+01 
 1490.000  1.088342e+02 
 1491.000  1.145618e+02 
 1492.000  1.128189e+02 
 1493.000  1.181085e+02 
 1494.000  1.180825e+02 
 1495.000  1.202509e+02 
 1496.000  1.220198e+02 
 1497.000  1.251188e+02 
 1498.000  1.309682e+02 
 1499.000  1.331912e+02 
 1500.000  1.384729e+02 
 1501.000  1.373546e+02 
 1502.000  1.345460e+02 
 1503.000  1.198325e+02 
 1504.000  1.257828e+02 
 1505.000  1.285023e+02 
 1506.000  1.303178e+02 
 1507.000  1.391265e+02 
 1508.000  1.384436e+02 
 1509.000  1.405679e+02 
 1510.000  1.432927e+02 
 1511.000  1.450237e+02 
 1512.000  1.430188e+02 
 1513.000  1.430799e+02 
 1514.000  1.411257e+02 
 1515.000  1.447031e+02 
 1516.000  1.436261e+02 
 1517.000  1.435101e+02 
 1518.000  1.476084e+02 
 1519.000  1.471190e+02 
 1520.000  1.501651e+02 
 1521.000  1.484365e+02 
 1522.000  1.475867e+02 
 1523.000  1.515012e+02 
 1524.000  1.500289e+02 
 1525.000  1.462508e+02 
 1526.000  1.504610e+02 
 1527.000  1.492797e+02 
 1528.000  1.508226e+02 
 1529.000  1.503471e+02 
 1530.000  1.410930e+02 
 1531.000  1.510679e+02 
 1532.000  1.504293e+02 
 1533.000  1.498674e+02 
 1534.000  1.477643e+02 
 1535.000  1.485513e+02 
 1536.000  1.505432e+02 
 1537.000  1.513125e+02 
 1538.000  1.474460e+02 
 1539.000  1.507398e+02 
 1540.000  1.453492e+02 
 1541.000  1.484810e+02 
 1542.000  1.493645e+02 
 1543.000  1.490777e+02 
 1544.000  1.511763e+02 
 1545.000  1.519879e+02 
 1546.000  1.522607e+02 
 1547.000  1.509515e+02 
 1548.000  1.465670e+02 
 1549.000  1.503229e+02 
 1550.000  1.494879e+02 
 1551.000  1.487068e+02 
 1552.000  1.512641e+02 
 1553.000  1.505421e+02 
 1554.000  1.449902e+02 
 1555.000  1.474580e+02 
 1556.000  1.446595e+02 
 1557.000  1.494150e+02 
 1558.000  1.482259e+02 
 1559.000  1.481990e+02 
 1560.000  1.456387e+02 
 1561.000  1.490006e+02 
 1562.000  1.488909e+02 
 1563.000  1.465235e+02 
 1564.000  1.434279e+02 
 1565.000  1.451709e+02 
 1566.000  1.424200e+02 
 1567.000  1.416364e+02 
 1568.000  1.375770e+02 
 1569.000  1.368110e+02 
 1570.000  1.323604e+02 
 1571.000  1.359076e+02 
 1572.000  1.355963e+02 
 1573.000  1.337134e+02 
 1574.000  1.345791e+02 
 1575.000  1.252322e+02 
 1576.000  1.345409e+02 
 1577.000  1.216162e+02 
 1578.000  1.332586e+02 
 1579.000  1.343169e+02 
 1580.000  1.375911e+02 
 1581.000  1.366797e+02 
 1582.000  1.345187e+02 
 1583.000  1.367276e+02 
 1584.000  1.360025e+02 
 1585.000  1.403966e+02 
 1586.000  1.386337e+02 
 1587.000  1.374062e+02 
 1588.000  1.354775e+02 
 1589.000  1.240013e+02 
 1590.000  1.335760e+02 
 1591.000  1.305915e+02 
 1592.000  1.374226e+02 
 1593.000  1.402816e+02 
 1594.000  1.389058e+02 
 1595.000  1.392738e+02 
 1596.000  1.304635e+02 
 1597.000  1.348813e+02 
 1598.000  1.361118e+02 
 1599.000  1.300649e+02 
 1600.000  1.310546e+02 
 1601.000  1.255377e+02 
 1602.000  1.284289e+02 
 1603.000  1.278164e+02 
 1604.000  1.300087e+02 
 1605.000  1.280862e+02 
 1606.000  1.277903e+02 
 1607.000  1.281463e+02 
 1608.000  1.294734e+02 
 1609.000  1.289757e+02 
 1610.000  1.211083e+02 
 1611.000  1.252971e+02 
 1612.000  1.272740e+02 
 1613.000  1.308458e+02 
 1614.000  1.295614e+02 
 1615.000  1.322670e+02 
 1616.000  1.244008e+02 
 1617.000  1.285302e+02 
 1618.000  1.325345e+02 
 1619.000  1.325792e+02 
 1620.000  1.296502e+02 
 1621.000  1.280188e+02 
 1622.000  1.312408e+02 
 1623.000  1.340758e+02 
 1624.000  1.351020e+02 
 1625.000  1.319878e+02 
 1626.000  1.333848e+02 
 1627.000  1.332394e+02 
 1628.000  1.342110e+02 
 1629.000  1.340908e+02 
 1630.000  1.302636e+02 
 1631.000  1.323005e+02 
 1632.000  1.321058e+02 
 1633.000  1.303279e+02 
 1634.000  1.270380e+02 
 1635.000  1.304437e+02 
 1636.000  1.298738e+02 
 1637.000  1.237672e+02 
 1638.000  1.228642e+02 
 1639.000  1.212215e+02 
 1640.000  1.217146e+02 
 1641.000  1.207654e+02 
 1642.000  1.206131e+02 
 1643.000  1.236506e+02 
 1644.000  1.216871e+02 
 1645.000  1.218425e+02 
 1646.000  1.233060e+02 
 1647.000  1.244462e+02 
 1648.000  1.238364e+02 
 1649.000  1.209864e+02 
 1650.000  1.240527e+02 
 1651.000  1.213166e+02 
 1652.000  1.237573e+02 
 1653.000  1.225850e+02 
 1654.000  1.239596e+02 
 1655.000  1.217244e+02 
 1656.000  1.242480e+02 
 1657.000  1.233451e+02 
 1658.000  1.242052e+02 
 1659.000  1.219746e+02 
 1660.000  1.233347e+02 
 1661.000  1.238113e+02 
 1662.000  1.228038e+02 
 1663.000  1.219376e+02 
 1664.000  1.213047e+02 
 1665.000  1.200722e+02 
 1666.000  1.196344e+02 
 1667.000  1.210489e+02 
 1668.000  1.189983e+02 
 1669.000  1.194533e+02 
 1670.000  1.220989e+02 
 1671.000  1.213350e+02 
 1672.000  1.155927e+02 
 1673.000  1.188653e+02 
 1674.000  1.192994e+02 
 1675.000  1.181899e+02 
 1676.000  1.162717e+02 
 1677.000  1.168791e+02 
 1678.000  1.176357e+02 
 1679.000  1.160270e+02 
 1680.000  1.120502e+02 
 1681.000  1.081965e+02 
 1682.000  1.113191e+02 
 1683.000  1.140420e+02 
 1684.000  1.161399e+02 
 1685.000  1.164425e+02 
 1686.000  1.150440e+02 
 1687.000  1.153692e+02 
 1688.000  1.153414e+02 
 1689.000  1.139527e+02 
 1690.000  1.137438e+02 
 1691.000  1.152020e+02 
 1692.000  1.154119e+02 
 1693.000  1.150228e+02 
 1694.000  1.148604e+02 
 1695.000  1.148323e+02 
 1696.000  1.141581e+02 
 1697.000  1.134097e+02 
 1698.000  1.140781e+02 
 1699.000  1.133444e+02 
 1700.000  1.119232e+02 
 1701.000  1.121759e+02 
 1702.000  1.118054e+02 
 1703.000  1.094364e+02 
 1704.000  1.112545e+02 
 1705.000  1.117587e+02 
 1706.000  1.102109e+02 
 1707.000  1.098506e+02 
 1708.000  1.068390e+02 
 1709.000  1.087918e+02 
 1710.000  1.099911e+02 
 1711.000  1.016220e+02 
 1712.000  1.087110e+02 
 1713.000  1.091714e+02 
 1714.000  1.092216e+02 
 1715.000  1.092895e+02 
 1716.000  1.087695e+02 
 1717.000  1.077936e+02 
 1718.000  1.072177e+02 
 1719.000  1.079509e+02 
 1720.000  1.050856e+02 
 1721.000  1.035417e+02 
 1722.000  1.049925e+02 
 1723.000  9.940392e+01 
 1724.000  1.008970e+02 
 1725.000  1.025196e+02 
 1726.000  1.038073e+02 
 1727.000  1.033012e+02 
 1728.000  1.010147e+02 
 1729.000  1.031988e+02 
 1730.000  1.033953e+02 
 1731.000  1.015847e+02 
 1732.000  1.001704e+02 
 1733.000  9.378564e+01 
 1734.000  9.548109e+01 
 1735.000  9.559501e+01 
 1736.000  9.095348e+01 
 1737.000  8.964603e+01 
 1738.000  9.391115e+01 
 1739.000  9.536250e+01 
 1740.000  9.545867e+01 
 1741.000  9.317060e+01 
 1742.000  9.609691e+01 
 1743.000  9.430792e+01 
 1744.000  9.544021e+01 
 1745.000  9.264906e+01 
 1746.000  9.303999e+01 
 1747.000  9.092682e+01 
 1748.000  9.428385e+01 
 1749.000  9.375829e+01 
 1750.000  9.343256e+01 
 1751.000  9.192339e+01 
 1752.000  9.249097e+01 
 1753.000  9.248535e+01 
 1754.000  9.251624e+01 
 1755.000  9.072436e+01 
 1756.000  9.173492e+01 
 1757.000  9.180090e+01 
 1758.000  9.134315e+01 
 1759.000  9.171866e+01 
 1760.000  9.075343e+01 
 1761.000  8.842906e+01 
 1762.000  8.623516e+01 
 1763.000  8.648350e+01 
 1764.000  8.348218e+01 
 1765.000  8.493884e+01 
 1766.000  8.415150e+01 
 1767.000  8.441692e+01 
 1768.000  8.320844e+01 
 1769.000  8.362611e+01 
 1770.000  8.213094e+01 
 1771.000  8.227509e+01 
 1772.000  8.151302e+01 
 1773.000  8.147644e+01 
 1774.000  7.788766e+01 
 1775.000  7.438137e+01 
 1776.000  7.412990e+01 
 1777.000  7.102029e+01 
 1778.000  6.895670e+01 
 1779.000  6.965062e+01 
 1780.000  6.845014e+01 
 1781.000  6.788573e+01 
 1782.000  6.699173e+01 
 1783.000  6.499686e+01 
 1784.000  6.505201e+01 
 1785.000  6.483908e+01 
 1786.000  6.543481e+01 
 1787.000  6.596284e+01 
 1788.000  6.563081e+01 
 1789.000  6.181205e+01 
 1790.000  6.134039e+01 
 1791.000  5.747853e+01 
 1792.000  5.627821e+01 
 1793.000  5.176785e+01 
 1794.000  4.800333e+01 
 1795.000  4.840131e+01 
 1796.000  4.384415e+01 
 1797.000  3.980439e+01 
 1798.000  3.994688e+01 
 1799.000  3.333820e+01 
 1800.000  3.316560e+01 
 1801.000  2.751111e+01 
 1802.000  2.440266e+01 
 1803.000  2.429260e+01 
 1804.000  2.417393e+01 
 1805.000  2.347284e+01 
 1806.000  2.115698e+01 
 1807.000  2.024349e+01 
 1808.000  1.933228e+01 
 1809.000  1.604778e+01 
 1810.000  1.311269e+01 
 1811.000  1.309481e+01 
 1812.000  1.057596e+01 
 1813.000  1.059990e+01 
 1814.000  9.200259e+00 
 1815.000  6.477575e+00 
 1816.000  6.389869e+00 
 1817.000  5.482597e+00 
 1818.000  4.771827e+00 
 1819.000  4.053125e+00 
 1820.000  3.679419e+00 
 1821.000  3.706888e+00 
 1822.000  3.287363e+00 
 1823.000  3.237553e+00 
 1824.000  2.964558e+00 
 1825.000  1.635774e+00 
 1826.000  1.644859e+00 
 1827.000  1.113432e+00 
 1828.000  9.753193e-01 
 1829.000  4.711007e-01 
 1830.000  2.865036e-01 
 1831.000  2.858919e-01 
 1832.000  1.696861e-01 
 1833.000  1.635792e-01 
 1834.000  8.936796e-02 
 1835.000  3.235713e-02 
 1836.000  3.243366e-02 
 1837.000  2.063993e-02 
 1838.000  1.825980e-02 
 1839.000  2.399564e-02 
 1840.000  4.183294e-02 
 1841.000  4.275851e-02 
 1842.000  6.867406e-02 
 1843.000  6.649386e-02 
 1844.000  9.144478e-02 
 1845.000  8.607141e-02 
 1846.000  6.837109e-02 
 1847.000  4.747698e-02 
 1848.000  4.892093e-02 
 1849.000  4.818044e-02 
 1850.000  4.860147e-02 
 1851.000  4.606275e-02 
 1852.000  4.680573e-02 
 1853.000  4.578086e-02 
 1854.000  4.687666e-02 
 1855.000  4.851492e-02 
 1856.000  5.225550e-02 
 1857.000  5.439918e-02 
 1858.000  7.667082e-02 
 1859.000  1.398239e-01 
 1860.000  1.382262e-01 
 1861.000  2.535928e-01 
 1862.000  2.387048e-01 
 1863.000  2.622999e-01 
 1864.000  2.183907e-01 
 1865.000  2.193698e-01 
 1866.000  1.022437e-01 
 1867.000  1.006016e-01 
 1868.000  2.265226e-02 
 1869.000  2.419777e-02 
 1870.000  5.252235e-03 
 1871.000  2.225660e-03 
 1872.000  2.208340e-03 
 1873.000  6.699937e-03 
 1874.000  6.691956e-03 
 1875.000  2.831572e-02 
 1876.000  2.687658e-02 
 1877.000  1.338064e-01 
 1878.000  3.149657e-01 
 1879.000  3.218161e-01 
 1880.000  5.179355e-01 
 1881.000  5.338061e-01 
 1882.000  7.288540e-01 
 1883.000  8.025386e-01 
 1884.000  9.321598e-01 
 1885.000  9.272870e-01 
 1886.000  8.991773e-01 
 1887.000  9.758377e-01 
 1888.000  9.627993e-01 
 1889.000  7.649300e-01 
 1890.000  7.364519e-01 
 1891.000  6.614669e-01 
 1892.000  6.414298e-01 
 1893.000  5.483907e-01 
 1894.000  4.861917e-01 
 1895.000  4.745724e-01 
 1896.000  3.232747e-01 
 1897.000  3.219059e-01 
 1898.000  1.650375e-01 
 1899.000  1.624859e-01 
 1900.000  9.005592e-02 
 1901.000  9.061592e-02 
 1902.000  6.860068e-02 
 1903.000  1.015457e-01 
 1904.000  1.006672e-01 
 1905.000  1.678078e-01 
 1906.000  1.685540e-01 
 1907.000  2.552559e-01 
 1908.000  2.505898e-01 
 1909.000  2.830181e-01 
 1910.000  2.835105e-01 
 1911.000  3.041388e-01 
 1912.000  3.062049e-01 
 1913.000  4.306155e-01 
 1914.000  5.648359e-01 
 1915.000  5.613379e-01 
 1916.000  1.075780e+00 
 1917.000  1.081768e+00 
 1918.000  1.457452e+00 
 1919.000  1.451768e+00 
 1920.000  2.020455e+00 
 1921.000  2.102194e+00 
 1922.000  2.579748e+00 
 1923.000  2.708025e+00 
 1924.000  3.001596e+00 
 1925.000  3.084622e+00 
 1926.000  3.102209e+00 
 1927.000  3.703434e+00 
 1928.000  3.666751e+00 
 1929.000  3.978536e+00 
 1930.000  4.137096e+00 
 1931.000  5.558552e+00 
 1932.000  5.730424e+00 
 1933.000  6.312934e+00 
 1934.000  7.054317e+00 
 1935.000  8.198762e+00 
 1936.000  8.310675e+00 
 1937.000  8.651398e+00 
 1938.000  1.011866e+01 
 1939.000  9.668231e+00 
 1940.000  1.115278e+01 
 1941.000  1.126128e+01 
 1942.000  1.303248e+01 
 1943.000  1.264996e+01 
 1944.000  1.321259e+01 
 1945.000  1.241423e+01 
 1946.000  1.491481e+01 
 1947.000  1.584496e+01 
 1948.000  1.684106e+01 
 1949.000  1.737596e+01 
 1950.000  1.758441e+01 
 1951.000  1.707405e+01 
 1952.000  1.673669e+01 
 1953.000  1.747682e+01 
 1954.000  1.708882e+01 
 1955.000  1.706688e+01 
 1956.000  1.651434e+01 
 1957.000  1.769431e+01 
 1958.000  1.777674e+01 
 1959.000  2.013682e+01 
 1960.000  1.998481e+01 
 1961.000  2.325635e+01 
 1962.000  2.279344e+01 
 1963.000  2.622607e+01 
 1964.000  2.625598e+01 
 1965.000  3.108484e+01 
 1966.000  3.032484e+01 
 1967.000  3.433040e+01 
 1968.000  3.443401e+01 
 1969.000  3.782461e+01 
 1970.000  3.815751e+01 
 1971.000  4.078987e+01 
 1972.000  4.055937e+01 
 1973.000  4.096441e+01 
 1974.000  4.208731e+01 
 1975.000  4.515632e+01 
 1976.000  4.525831e+01 
 1977.000  4.709827e+01 
 1978.000  4.469925e+01 
 1979.000  4.880278e+01 
 1980.000  4.731248e+01 
 1981.000  4.971134e+01 
 1982.000  5.015172e+01 
 1983.000  5.102551e+01 
 1984.000  5.050266e+01 
 1985.000  5.099588e+01 
 1986.000  4.997609e+01 
 1987.000  5.050352e+01 
 1988.000  5.190412e+01 
 1989.000  5.156752e+01 
 1990.000  5.141980e+01 
 1991.000  5.084626e+01 
 1992.000  5.015503e+01 
 1993.000  4.755445e+01 
 1994.000  4.793830e+01 
 1995.000  4.484046e+01 
 1996.000  4.484273e+01 
 1997.000  3.732150e+01 
 1998.000  3.661481e+01 
 1999.000  2.856115e+01 
 2000.000  2.858476e+01 
 2001.000  2.141589e+01 
 2002.000  2.145066e+01 
 2003.000  1.792118e+01 
 2004.000  1.791402e+01 
 2005.000  1.815193e+01 
 2006.000  1.768091e+01 
 2007.000  1.973501e+01 
 2008.000  1.972600e+01 
 2009.000  2.102842e+01 
 2010.000  2.106738e+01 
 2011.000  2.154204e+01 
 2012.000  2.152163e+01 
 2013.000  2.210132e+01 
 2014.000  2.188486e+01 
 2015.000  2.326379e+01 
 2016.000  2.323105e+01 
 2017.000  2.606191e+01 
 2018.000  2.612383e+01 
 2019.000  3.074269e+01 
 2020.000  3.051707e+01 
 2021.000  3.428893e+01 
 2022.000  3.549786e+01 
 2023.000  4.037046e+01 
 2024.000  4.041113e+01 
 2025.000  4.379832e+01 
 2026.000  4.419622e+01 
 2027.000  4.664807e+01 
 2028.000  4.681424e+01 
 2029.000  4.801547e+01 
 2030.000  4.745477e+01 
 2031.000  4.921333e+01 
 2032.000  5.003556e+01 
 2033.000  5.122294e+01 
 2034.000  5.118336e+01 
 2035.000  5.001904e+01 
 2036.000  5.119275e+01 
 2037.000  5.160281e+01 
 2038.000  4.883530e+01 
 2039.000  5.042753e+01 
 2040.000  5.083792e+01 
 2041.000  5.025393e+01 
 2042.000  4.978696e+01 
 2043.000  4.897056e+01 
 2044.000  4.896251e+01 
 2045.000  4.692010e+01 
 2046.000  4.688874e+01 
 2047.000  4.663522e+01 
 2048.000  4.341227e+01 
 2049.000  4.365108e+01 
 2050.000  4.002652e+01 
 2051.000  3.980534e+01 
 2052.000  3.746952e+01 
 2053.000  3.694311e+01 
 2054.000  3.668411e+01 
 2055.000  3.696317e+01 
 2056.000  3.762497e+01 
 2057.000  3.748034e+01 
 2058.000  3.861359e+01 
 2059.000  3.862748e+01 
 2060.000  3.890454e+01 
 2061.000  3.787491e+01 
 2062.000  3.896972e+01 
 2063.000  3.882535e+01 
 2064.000  3.653621e+01 
 2065.000  3.867856e+01 
 2066.000  3.872657e+01 
 2067.000  3.910255e+01 
 2068.000  3.877168e+01 
 2069.000  3.990218e+01 
 2070.000  3.856468e+01 
 2071.000  4.180680e+01 
 2072.000  4.132830e+01 
 2073.000  4.409787e+01 
 2074.000  4.403225e+01 
 2075.000  4.582764e+01 
 2076.000  4.577597e+01 
 2077.000  4.711212e+01 
 2078.000  4.710173e+01 
 2079.000  4.631884e+01 
 2080.000  4.768396e+01 
 2081.000  4.721997e+01 
 2082.000  4.809838e+01 
 2083.000  4.725909e+01 
 2084.000  4.783967e+01 
 2085.000  4.823889e+01 
 2086.000  4.885538e+01 
 2087.000  4.883229e+01 
 2088.000  4.937806e+01 
 2089.000  4.944832e+01 
 2090.000  4.976831e+01 
 2091.000  4.939672e+01 
 2092.000  4.751229e+01 
 2093.000  4.932127e+01 
 2094.000  4.978605e+01 
 2095.000  4.827586e+01 
 2096.000  4.972966e+01 
 2097.000  4.958866e+01 
 2098.000  4.952130e+01 
 2099.000  4.982261e+01 
 2100.000  4.995545e+01 
 2101.000  5.012527e+01 
 2102.000  5.046800e+01 
 2103.000  4.969863e+01 
 2104.000  5.058742e+01 
 2105.000  5.054530e+01 
 2106.000  5.087094e+01 
 2107.000  5.071901e+01 
 2108.000  5.069744e+01 
 2109.000  5.043813e+01 
 2110.000  4.919870e+01 
 2111.000  5.034500e+01 
 2112.000  5.018747e+01 
 2113.000  4.993311e+01 
 2114.000  5.008944e+01 
 2115.000  5.001163e+01 
 2116.000  4.967024e+01 
 2117.000  4.847383e+01 
 2118.000  4.959560e+01 
 2119.000  5.000839e+01 
 2120.000  4.881166e+01 
 2121.000  4.998269e+01 
 2122.000  4.955247e+01 
 2123.000  4.958609e+01 
 2124.000  4.895314e+01 
 2125.000  5.001112e+01 
 2126.000  5.041960e+01 
 2127.000  4.954242e+01 
 2128.000  5.071851e+01 
 2129.000  5.060467e+01 
 2130.000  5.049446e+01 
 2131.000  5.079930e+01 
 2132.000  5.070903e+01 
 2133.000  5.073092e+01 
 2134.000  5.057830e+01 
 2135.000  5.067248e+01 
 2136.000  4.882307e+01 
 2137.000  5.050101e+01 
 2138.000  5.049079e+01 
 2139.000  5.023826e+01 
 2140.000  5.018386e+01 
 2141.000  5.023070e+01 
 2142.000  4.987851e+01 
 2143.000  4.962947e+01 
 2144.000  4.921118e+01 
 2145.000  4.872141e+01 
 2146.000  4.770716e+01 
 2147.000  4.819207e+01 
 2148.000  4.821362e+01 
 2149.000  4.733722e+01 
 2150.000  4.728017e+01 
 2151.000  4.668008e+01 
 2152.000  4.656606e+01 
 2153.000  4.612223e+01 
 2154.000  4.623182e+01 
 2155.000  4.621283e+01 
 2156.000  4.630843e+01 
 2157.000  4.619071e+01 
 2158.000  4.616350e+01 
 2159.000  4.595013e+01 
 2160.000  4.584162e+01 
 2161.000  4.579625e+01 
 2162.000  4.518276e+01 
 2163.000  4.527552e+01 
 2164.000  4.464169e+01 
 2165.000  4.320555e+01 
 2166.000  3.881039e+01 
 2167.000  4.251485e+01 
 2168.000  4.386070e+01 
 2169.000  4.502621e+01 
 2170.000  4.504057e+01 
 2171.000  4.543339e+01 
 2172.000  4.523438e+01 
 2173.000  4.539761e+01 
 2174.000  4.516486e+01 
 2175.000  4.522017e+01 
 2176.000  4.494308e+01 
 2177.000  4.446317e+01 
 2178.000  4.478759e+01 
 2179.000  4.294197e+01 
 2180.000  4.467564e+01 
 2181.000  4.460524e+01 
 2182.000  4.406984e+01 
 2183.000  4.298377e+01 
 2184.000  4.406923e+01 
 2185.000  4.418113e+01 
 2186.000  4.431230e+01 
 2187.000  4.425386e+01 
 2188.000  4.313699e+01 
 2189.000  4.298325e+01 
 2190.000  4.350478e+01 
 2191.000  4.402180e+01 
 2192.000  4.390186e+01 
 2193.000  4.327055e+01 
 2194.000  4.315785e+01 
 2195.000  4.302974e+01 
 2196.000  4.234602e+01 
 2197.000  4.217993e+01 
 2198.000  4.179971e+01 
 2199.000  4.174009e+01 
 2200.000  4.158522e+01 
 2201.000  4.173478e+01 
 2202.000  4.166780e+01 
 2203.000  4.235975e+01 
 2204.000  4.236772e+01 
 2205.000  4.224678e+01 
 2206.000  4.143927e+01 
 2207.000  4.091169e+01 
 2208.000  4.319245e+01 
 2209.000  4.229990e+01 
 2210.000  4.376119e+01 
 2211.000  4.372258e+01 
 2212.000  4.358299e+01 
 2213.000  4.361165e+01 
 2214.000  4.343691e+01 
 2215.000  4.344792e+01 
 2216.000  4.308313e+01 
 2217.000  4.245984e+01 
 2218.000  4.297757e+01 
 2219.000  4.311506e+01 
 2220.000  4.298593e+01 
 2221.000  4.291182e+01 
 2222.000  4.274181e+01 
 2223.000  4.274381e+01 
 2224.000  4.263824e+01 
 2225.000  4.244146e+01 
 2226.000  4.170856e+01 
 2227.000  4.182778e+01 
 2228.000  4.180630e+01 
 2229.000  4.218201e+01 
 2230.000  4.171039e+01 
 2231.000  4.177402e+01 
 2232.000  4.177215e+01 
 2233.000  4.163004e+01 
 2234.000  4.155237e+01 
 2235.000  4.129412e+01 
 2236.000  4.112763e+01 
 2237.000  4.114676e+01 
 2238.000  4.064108e+01 
 2239.000  3.978807e+01 
 2240.000  4.025337e+01 
 2241.000  4.065059e+01 
 2242.000  4.056279e+01 
 2243.000  3.986137e+01 
 2244.000  4.016423e+01 
 2245.000  4.015363e+01 
 2246.000  4.006765e+01 
 2247.000  4.003133e+01 
 2248.000  3.892012e+01 
 2249.000  3.973056e+01 
 2250.000  3.934641e+01 
 2251.000  3.930021e+01 
 2252.000  3.936396e+01 
 2253.000  3.873449e+01 
 2254.000  3.776674e+01 
 2255.000  3.852571e+01 
 2256.000  3.823490e+01 
 2257.000  3.823374e+01 
 2258.000  3.815875e+01 
 2259.000  3.820178e+01 
 2260.000  3.787883e+01 
 2261.000  3.769333e+01 
 2262.000  3.776535e+01 
 2263.000  3.643218e+01 
 2264.000  3.777256e+01 
 2265.000  3.754916e+01 
 2266.000  3.706218e+01 
 2267.000  3.739040e+01 
 2268.000  3.741693e+01 
 2269.000  3.733096e+01 
 2270.000  3.722035e+01 
 2271.000  3.693755e+01 
 2272.000  3.727919e+01 
 2273.000  3.723986e+01 
 2274.000  3.712894e+01 
 2275.000  3.657811e+01 
 2276.000  3.706717e+01 
 2277.000  3.707392e+01 
 2278.000  3.706240e+01 
 2279.000  3.694758e+01 
 2280.000  3.683601e+01 
 2281.000  3.497921e+01 
 2282.000  3.611661e+01 
 2283.000  3.622340e+01 
 2284.000  3.611588e+01 
 2285.000  3.598557e+01 
 2286.000  3.583845e+01 
 2287.000  3.591063e+01 
 2288.000  3.578571e+01 
 2289.000  3.530443e+01 
 2290.000  3.530326e+01 
 2291.000  3.470469e+01 
 2292.000  3.487615e+01 
 2293.000  3.480739e+01 
 2294.000  3.282666e+01 
 2295.000  3.369629e+01 
 2296.000  3.356319e+01 
 2297.000  3.297296e+01 
 2298.000  3.370467e+01 
 2299.000  3.384249e+01 
 2300.000  3.375228e+01 
 2301.000  3.372669e+01 
 2302.000  3.424172e+01 
 2303.000  3.414016e+01 
 2304.000  3.402701e+01 
 2305.000  3.457260e+01 
 2306.000  3.460903e+01 
 2307.000  3.469300e+01 
 2308.000  3.468748e+01 
 2309.000  3.446494e+01 
 2310.000  3.421236e+01 
 2311.000  3.431962e+01 
 2312.000  3.415908e+01 
 2313.000  3.357804e+01 
 2314.000  3.338226e+01 
 2315.000  3.192887e+01 
 2316.000  3.239630e+01 
 2317.000  3.208129e+01 
 2318.000  3.332082e+01 
 2319.000  3.318722e+01 
 2320.000  3.199900e+01 
 2321.000  3.218228e+01 
 2322.000  3.215718e+01 
 2323.000  3.082722e+01 
 2324.000  3.168324e+01 
 2325.000  3.194193e+01 
 2326.000  3.175705e+01 
 2327.000  3.236012e+01 
 2328.000  3.257693e+01 
 2329.000  3.226564e+01 
 2330.000  3.221011e+01 
 2331.000  3.206248e+01 
 2332.000  3.165795e+01 
 2333.000  3.163601e+01 
 2334.000  3.080094e+01 
 2335.000  3.036343e+01 
 2336.000  3.057541e+01 
 2337.000  2.985644e+01 
 2338.000  2.970220e+01 
 2339.000  2.893360e+01 
 2340.000  2.909977e+01 
 2341.000  2.913490e+01 
 2342.000  2.866264e+01 
 2343.000  2.852734e+01 
 2344.000  2.844427e+01 
 2345.000  2.809784e+01 
 2346.000  2.816495e+01 
 2347.000  2.799820e+01 
 2348.000  2.790069e+01 
 2349.000  2.803426e+01 
 2350.000  2.785659e+01 
 2351.000  2.809964e+01 
 2352.000  2.766306e+01 
 2353.000  2.701294e+01 
 2354.000  2.771538e+01 
 2355.000  2.803148e+01 
 2356.000  2.852363e+01 
 2357.000  2.829282e+01 
 2358.000  2.829608e+01 
 2359.000  2.885628e+01 
 2360.000  2.888122e+01 
 2361.000  2.866952e+01 
 2362.000  2.814080e+01 
 2363.000  2.810126e+01 
 2364.000  2.817038e+01 
 2365.000  2.720859e+01 
 2366.000  2.726471e+01 
 2367.000  2.610376e+01 
 2368.000  2.597286e+01 
 2369.000  2.572431e+01 
 2370.000  2.499746e+01 
 2371.000  2.528739e+01 
 2372.000  2.529547e+01 
 2373.000  2.531695e+01 
 2374.000  2.408099e+01 
 2375.000  2.487578e+01 
 2376.000  2.518622e+01 
 2377.000  2.510520e+01 
 2378.000  2.503118e+01 
 2379.000  2.537228e+01 
 2380.000  2.528997e+01 
 2381.000  2.500388e+01 
 2382.000  2.506452e+01 
 2383.000  2.386211e+01 
 2384.000  2.385547e+01 
 2385.000  2.404006e+01 
 2386.000  2.421635e+01 
 2387.000  2.416216e+01 
 2388.000  2.481039e+01 
 2389.000  2.472100e+01 
 2390.000  2.521162e+01 
 2391.000  2.516793e+01 
 2392.000  2.508688e+01 
 2393.000  2.516370e+01 
 2394.000  2.549068e+01 
 2395.000  2.526557e+01 
 2396.000  2.525843e+01 
 2397.000  2.537666e+01 
 2398.000  2.518482e+01 
 2399.000  2.509138e+01 
 2400.000  2.485699e+01 
 2401.000  2.448836e+01 
 2402.000  2.461302e+01 
 2403.000  2.443306e+01 
 2404.000  2.355028e+01 
 2405.000  2.370574e+01 
 2406.000  2.336131e+01 
 2407.000  2.265273e+01 
 2408.000  2.269243e+01 
 2409.000  2.261949e+01 
 2410.000  2.172001e+01 
 2411.000  2.174047e+01 
 2412.000  2.171341e+01 
 2413.000  2.103049e+01 
 2414.000  2.029851e+01 
 2415.000  2.023881e+01 
 2416.000  1.963902e+01 
 2417.000  2.052534e+01 
 2418.000  2.070415e+01 
 2419.000  2.194654e+01 
 2420.000  2.171183e+01 
 2421.000  2.180127e+01 
 2422.000  2.259419e+01 
 2423.000  2.243541e+01 
 2424.000  2.250225e+01 
 2425.000  2.266534e+01 
 2426.000  2.295157e+01 
 2427.000  2.267817e+01 
 2428.000  2.264902e+01 
 2429.000  2.280203e+01 
 2430.000  2.266562e+01 
 2431.000  2.210914e+01 
 2432.000  2.224624e+01 
 2433.000  2.213324e+01 
 2434.000  2.109661e+01 
 2435.000  2.086548e+01 
 2436.000  2.144927e+01 
 2437.000  2.131617e+01 
 2438.000  2.080463e+01 
 2439.000  2.131320e+01 
 2440.000  2.047470e+01 
 2441.000  2.023700e+01 
 2442.000  2.036187e+01 
 2443.000  1.893737e+01 
 2444.000  1.884314e+01 
 2445.000  1.781309e+01 
 2446.000  1.729907e+01 
 2447.000  1.733885e+01 
 2448.000  1.692363e+01 
 2449.000  1.692404e+01 
 2450.000  1.704264e+01 
 2451.000  1.718027e+01 
 2452.000  1.717243e+01 
 2453.000  1.744017e+01 
 2454.000  1.879612e+01 
 2455.000  1.860274e+01 
 2456.000  1.857046e+01 
 2457.000  1.784344e+01 
 2458.000  1.910772e+01 
 2459.000  1.923990e+01 
 2460.000  1.912169e+01 
 2461.000  1.842851e+01 
 2462.000  1.847682e+01 
 2463.000  1.827176e+01 
 2464.000  1.749232e+01 
 2465.000  1.735520e+01 
 2466.000  1.721995e+01 
 2467.000  1.602005e+01 
 2468.000  1.601885e+01 
 2469.000  1.580264e+01 
 2470.000  1.353135e+01 
 2471.000  1.410905e+01 
 2472.000  1.405308e+01 
 2473.000  1.339659e+01 
 2474.000  1.315811e+01 
 2475.000  1.329456e+01 
 2476.000  1.160019e+01 
 2477.000  1.177036e+01 
 2478.000  1.171350e+01 
 2479.000  9.774917e+00 
 2480.000  9.916842e+00 
 2481.000  9.633274e+00 
 2482.000  8.324040e+00 
 2483.000  8.092709e+00 
 2484.000  8.471197e+00 
 2485.000  7.339357e+00 
 2486.000  7.294761e+00 
 2487.000  6.781516e+00 
 2488.000  6.853979e+00 
 2489.000  6.848952e+00 
 2490.000  6.884427e+00 
 2491.000  6.970255e+00 
 2492.000  6.998462e+00 
 2493.000  6.887341e+00 
 2494.000  7.089719e+00 
 2495.000  7.011905e+00 
 2496.000  6.967613e+00 
 2497.000  7.440998e+00 
 2498.000  7.390048e+00 
 2499.000  7.424564e+00 
 2500.000  7.089771e+00 
 2501.000  6.398469e+00 
 2502.000  6.436058e+00 
 2503.000  6.368426e+00 
 2504.000  5.819470e+00 
 2505.000  5.884619e+00 
 2506.000  5.535078e+00 
 2507.000  4.210686e+00 
 2508.000  4.150962e+00 
 2509.000  4.134456e+00 
 2510.000  3.341417e+00 
 2511.000  3.361318e+00 
 2512.000  3.048305e+00 
 2513.000  2.161331e+00 
 2514.000  2.157005e+00 
 2515.000  2.146118e+00 
 2516.000  1.874427e+00 
 2517.000  1.858233e+00 
 2518.000  1.828859e+00 
 2519.000  1.094036e+00 
 2520.000  1.092084e+00 
 2521.000  1.093741e+00 
 2522.000  1.090615e+00 
 2523.000  7.714112e-01 
 2524.000  7.684809e-01 
 2525.000  6.425995e-01 
 2526.000  3.298656e-01 
 2527.000  3.276702e-01 
 2528.000  3.288438e-01 
 2529.000  2.032882e-01 
 2530.000  2.034687e-01 
 2531.000  2.038944e-01 
 2532.000  7.294848e-02 
 2533.000  7.223410e-02 
 2534.000  7.275134e-02 
 2535.000  5.070848e-02 
 2536.000  5.095662e-02 
 2537.000  5.042641e-02 
 2538.000  3.622979e-02 
 2539.000  1.197698e-02 
 2540.000  1.199585e-02 
 2541.000  1.204669e-02 
 2542.000  6.962904e-03 
 2543.000  7.238216e-03 
 2544.000  4.024070e-03 
 2545.000  1.996096e-03 
 2546.000  2.000236e-03 
 2547.000  1.948567e-03 
 2548.000  1.971219e-03 
 2549.000  2.003656e-03 
 2550.000  1.990127e-03 
 2551.000  1.070599e-03 
 2552.000  5.613504e-04 
 2553.000  5.548762e-04 
 2554.000  5.655986e-04 
 2555.000  4.559142e-04 
 2556.000  4.518697e-04 
 2557.000  2.177809e-04 
 2558.000  2.511807e-05 
 2559.000  2.520740e-05 
 2560.000  2.482004e-05 
 2561.000  4.150872e-06 
 2562.000  4.159081e-06 
 2563.000  4.184142e-06 
 2564.000  1.812067e-06 
 2565.000  1.133731e-07 
 2566.000  1.146522e-07 
 2567.000  1.122824e-07 
 2568.000  2.401263e-08 
 2569.000  2.387023e-08 
 2570.000  2.391744e-08 
 2571.000  0.000000e+00 
 2572.000  0.000000e+00 
 2573.000  0.000000e+00 
 2574.000  0.000000e+00 
 2575.000  0.000000e+00 
 2576.000  0.000000e+00 
 2577.000  0.000000e+00 
 2578.000  0.000000e+00 
 2579.000  0.000000e+00 
 2580.000  0.000000e+00 
 2581.000  0.000000e+00 
 2582.000  0.000000e+00 
 2583.000  0.000000e+00 
 2584.000  0.000000e+00 
 2585.000  0.000000e+00 
 2586.000  0.000000e+00 
 2587.000  0.000000e+00 
 2588.000  0.000000e+00 
 2589.000  0.000000e+00 
 2590.000  0.000000e+00 
 2591.000  0.000000e+00 
 2592.000  0.000000e+00 
 2593.000  0.000000e+00 
 2594.000  0.000000e+00 
 2595.000  0.000000e+00 
 2596.000  0.000000e+00 
 2597.000  0.000000e+00 
 2598.000  0.000000e+00 
 2599.000  0.000000e+00 
 2600.000  0.000000e+00 
 2601.000  0.000000e+00 
 2602.000  0.000000e+00 
 2603.000  0.000000e+00 
 2604.000  0.000000e+00 
 2605.000  0.000000e+00 
 2606.000  0.000000e+00 
 2607.000  0.000000e+00 
 2608.000  0.000000e+00 
 2609.000  0.000000e+00 
 2610.000  0.000000e+00 
 2611.000  0.000000e+00 
 2612.000  0.000000e+00 
 2613.000  0.000000e+00 
 2614.000  0.000000e+00 
 2615.000  0.000000e+00 
 2616.000  0.000000e+00 
 2617.000  0.000000e+00 
 2618.000  0.000000e+00 
 2619.000  0.000000e+00 
 2620.000  0.000000e+00 
 2621.000  0.000000e+00 
 2622.000  0.000000e+00 
 2623.000  0.000000e+00 
 2624.000  0.000000e+00 
 2625.000  0.000000e+00 
 2626.000  0.000000e+00 
 2627.000  0.000000e+00 
 2628.000  0.000000e+00 
 2629.000  0.000000e+00 
 2630.000  0.000000e+00 
 2631.000  0.000000e+00 
 2632.000  0.000000e+00 
 2633.000  0.000000e+00 
 2634.000  0.000000e+00 
 2635.000  0.000000e+00 
 2636.000  6.633551e-09 
 2637.000  6.650415e-09 
 2638.000  7.723720e-09 
 2639.000  8.539766e-09 
 2640.000  8.000781e-09 
 2641.000  8.628361e-09 
 2642.000  8.461066e-09 
 2643.000  7.088629e-09 
 2644.000  7.131483e-09 
 2645.000  5.406671e-09 
 2646.000  0.000000e+00 
 2647.000  0.000000e+00 
 2648.000  0.000000e+00 
 2649.000  0.000000e+00 
 2650.000  0.000000e+00 
 2651.000  0.000000e+00 
 2652.000  0.000000e+00 
 2653.000  0.000000e+00 
 2654.000  0.000000e+00 
 2655.000  0.000000e+00 
 2656.000  0.000000e+00 
 2657.000  0.000000e+00 
 2658.000  0.000000e+00 
 2659.000  0.000000e+00 
 2660.000  0.000000e+00 
 2661.000  0.000000e+00 
 2662.000  0.000000e+00 
 2663.000  0.000000e+00 
 2664.000  0.000000e+00 
 2665.000  0.000000e+00 
 2666.000  0.000000e+00 
 2667.000  0.000000e+00 
 2668.000  0.000000e+00 
 2669.000  0.000000e+00 
 2670.000  0.000000e+00 
 2671.000  0.000000e+00 
 2672.000  0.000000e+00 
 2673.000  0.000000e+00 
 2674.000  0.000000e+00 
 2675.000  0.000000e+00 
 2676.000  0.000000e+00 
 2677.000  0.000000e+00 
 2678.000  0.000000e+00 
 2679.000  0.000000e+00 
 2680.000  0.000000e+00 
 2681.000  0.000000e+00 
 2682.000  0.000000e+00 
 2683.000  0.000000e+00 
 2684.000  0.000000e+00 
 2685.000  0.000000e+00 
 2686.000  0.000000e+00 
 2687.000  0.000000e+00 
 2688.000  0.000000e+00 
 2689.000  0.000000e+00 
 2690.000  0.000000e+00 
 2691.000  0.000000e+00 
 2692.000  0.000000e+00 
 2693.000  0.000000e+00 
 2694.000  0.000000e+00 
 2695.000  0.000000e+00 
 2696.000  0.000000e+00 
 2697.000  0.000000e+00 
 2698.000  0.000000e+00 
 2699.000  0.000000e+00 
 2700.000  0.000000e+00 
 2701.000  0.000000e+00 
 2702.000  0.000000e+00 
 2703.000  0.000000e+00 
 2704.000  0.000000e+00 
 2705.000  0.000000e+00 
 2706.000  0.000000e+00 
 2707.000  0.000000e+00 
 2708.000  0.000000e+00 
 2709.000  0.000000e+00 
 2710.000  0.000000e+00 
 2711.000  0.000000e+00 
 2712.000  0.000000e+00 
 2713.000  0.000000e+00 
 2714.000  0.000000e+00 
 2715.000  0.000000e+00 
 2716.000  0.000000e+00 
 2717.000  0.000000e+00 
 2718.000  0.000000e+00 
 2719.000  0.000000e+00 
 2720.000  0.000000e+00 
 2721.000  0.000000e+00 
 2722.000  0.000000e+00 
 2723.000  0.000000e+00 
 2724.000  0.000000e+00 
 2725.000  0.000000e+00 
 2726.000  0.000000e+00 
 2727.000  0.000000e+00 
 2728.000  0.000000e+00 
 2729.000  0.000000e+00 
 2730.000  0.000000e+00 
 2731.000  0.000000e+00 
 2732.000  0.000000e+00 
 2733.000  0.000000e+00 
 2734.000  0.000000e+00 
 2735.000  0.000000e+00 
 2736.000  0.000000e+00 
 2737.000  0.000000e+00 
 2738.000  0.000000e+00 
 2739.000  0.000000e+00 
 2740.000  0.000000e+00 
 2741.000  0.000000e+00 
 2742.000  0.000000e+00 
 2743.000  0.000000e+00 
 2744.000  0.000000e+00 
 2745.000  0.000000e+00 
 2746.000  0.000000e+00 
 2747.000  0.000000e+00 
 2748.000  0.000000e+00 
 2749.000  0.000000e+00 
 2750.000  0.000000e+00 
 2751.000  0.000000e+00 
 2752.000  0.000000e+00 
 2753.000  0.000000e+00 
 2754.000  0.000000e+00 
 2755.000  0.000000e+00 
 2756.000  0.000000e+00 
 2757.000  0.000000e+00 
 2758.000  0.000000e+00 
 2759.000  0.000000e+00 
 2760.000  0.000000e+00 
 2761.000  0.000000e+00 
 2762.000  0.000000e+00 
 2763.000  0.000000e+00 
 2764.000  0.000000e+00 
 2765.000  0.000000e+00 
 2766.000  0.000000e+00 
 2767.000  0.000000e+00 
 2768.000  0.000000e+00 
 2769.000  0.000000e+00 
 2770.000  0.000000e+00 
 2771.000  0.000000e+00 
 2772.000  0.000000e+00 
 2773.000  0.000000e+00 
 2774.000  0.000000e+00 
 2775.000  0.000000e+00 
 2776.000  0.000000e+00 
 2777.000  0.000000e+00 
 2778.000  0.000000e+00 
 2779.000  0.000000e+00 
 2780.000  0.000000e+00 
 2781.000  0.000000e+00 
 2782.000  0.000000e+00 
 2783.000  0.000000e+00 
 2784.000  0.000000e+00 
 2785.000  0.000000e+00 
 2786.000  0.000000e+00 
 2787.000  0.000000e+00 
 2788.000  0.000000e+00 
 2789.000  0.000000e+00 
 2790.000  6.575094e-08 
 2791.000  6.570112e-08 
 2792.000  6.566390e-08 
 2793.000  1.135822e-07 
 2794.000  7.093695e-06 
 2795.000  7.098473e-06 
 2796.000  7.096410e-06 
 2797.000  7.101626e-06 
 2798.000  1.632358e-05 
 2799.000  1.631205e-05 
 2800.000  1.634195e-05 
 2801.000  2.382435e-05 
 2802.000  5.871846e-05 
 2803.000  5.853346e-05 
 2804.000  5.818893e-05 
 2805.000  5.861840e-05 
 2806.000  1.348604e-04 
 2807.000  1.342087e-04 
 2808.000  1.346413e-04 
 2809.000  6.639245e-04 
 2810.000  6.645012e-04 
 2811.000  6.632179e-04 
 2812.000  6.633154e-04 
 2813.000  1.809435e-03 
 2814.000  1.807882e-03 
 2815.000  1.809387e-03 
 2816.000  1.798897e-03 
 2817.000  7.044659e-03 
 2818.000  7.040016e-03 
 2819.000  7.024841e-03 
 2820.000  7.011161e-03 
 2821.000  1.399699e-02 
 2822.000  1.396450e-02 
 2823.000  1.394991e-02 
 2824.000  1.389486e-02 
 2825.000  3.085990e-02 
 2826.000  3.088891e-02 
 2827.000  3.080707e-02 
 2828.000  3.072769e-02 
 2829.000  3.693312e-02 
 2830.000  3.693612e-02 
 2831.000  3.683124e-02 
 2832.000  3.690660e-02 
 2833.000  5.778478e-02 
 2834.000  5.783204e-02 
 2835.000  5.777762e-02 
 2836.000  5.767338e-02 
 2837.000  6.395390e-02 
 2838.000  6.380557e-02 
 2839.000  6.389338e-02 
 2840.000  6.351127e-02 
 2841.000  9.335639e-02 
 2842.000  9.501464e-02 
 2843.000  9.457233e-02 
 2844.000  9.457745e-02 
 2845.000  1.032029e-01 
 2846.000  1.031038e-01 
 2847.000  1.029286e-01 
 2848.000  1.029289e-01 
 2849.000  1.150290e-01 
 2850.000  1.656743e-01 
 2851.000  1.656016e-01 
 2852.000  1.655444e-01 
 2853.000  1.663336e-01 
 2854.000  2.267890e-01 
 2855.000  2.277508e-01 
 2856.000  2.276113e-01 
 2857.000  2.461796e-01 
 2858.000  3.726576e-01 
 2859.000  3.712442e-01 
 2860.000  3.686320e-01 
 2861.000  3.710951e-01 
 2862.000  5.366983e-01 
 2863.000  5.359542e-01 
 2864.000  5.357639e-01 
 2865.000  5.799485e-01 
 2866.000  7.575527e-01 
 2867.000  7.542682e-01 
 2868.000  7.475529e-01 
 2869.000  7.508923e-01 
 2870.000  9.299752e-01 
 2871.000  9.340649e-01 
 2872.000  9.235690e-01 
 2873.000  9.659342e-01 
 2874.000  1.210136e+00 
 2875.000  1.216824e+00 
 2876.000  1.222485e+00 
 2877.000  1.223939e+00 
 2878.000  1.485744e+00 
 2879.000  1.485283e+00 
 2880.000  1.481954e+00 
 2881.000  1.482703e+00 
 2882.000  1.942321e+00 
 2883.000  1.944095e+00 
 2884.000  1.942060e+00 
 2885.000  1.936669e+00 
 2886.000  1.930960e+00 
 2887.000  2.086006e+00 
 2888.000  2.083512e+00 
 2889.000  2.072177e+00 
 2890.000  2.158540e+00 
 2891.000  2.373682e+00 
 2892.000  2.371732e+00 
 2893.000  2.367694e+00 
 2894.000  2.358263e+00 
 2895.000  2.380105e+00 
 2896.000  2.375837e+00 
 2897.000  2.376385e+00 
 2898.000  2.429535e+00 
 2899.000  2.384729e+00 
 2900.000  2.391177e+00 
 2901.000  2.384097e+00 
 2902.000  2.385501e+00 
 2903.000  2.655535e+00 
 2904.000  2.650963e+00 
 2905.000  2.651275e+00 
 2906.000  2.612210e+00 
 2907.000  2.952177e+00 
 2908.000  2.948360e+00 
 2909.000  2.946889e+00 
 2910.000  2.942321e+00 
 2911.000  2.938606e+00 
 2912.000  3.210871e+00 
 2913.000  3.201078e+00 
 2914.000  3.195213e+00 
 2915.000  3.242235e+00 
 2916.000  3.780490e+00 
 2917.000  3.810718e+00 
 2918.000  3.804838e+00 
 2919.000  3.800698e+00 
 2920.000  1.248198e+01 
 2921.000  1.247355e+01 
 2922.000  1.243786e+01 
 2923.000  1.233270e+01 
 2924.000  5.095947e+00 
 2925.000  5.150374e+00 
 2926.000  5.066781e+00 
 2927.000  5.142126e+00 
 2928.000  5.141026e+00 
 2929.000  5.347014e+00 
 2930.000  5.432321e+00 
 2931.000  5.426519e+00 
 2932.000  5.533365e+00 
 2933.000  5.491156e+00 
 2934.000  5.499683e+00 
 2935.000  5.474607e+00 
 2936.000  5.478120e+00 
 2937.000  5.169479e+00 
 2938.000  5.171234e+00 
 2939.000  5.139724e+00 
 2940.000  5.154106e+00 
 2941.000  5.201272e+00 
 2942.000  4.903242e+00 
 2943.000  4.834692e+00 
 2944.000  4.870324e+00 
 2945.000  4.873313e+00 
 2946.000  4.938421e+00 
 2947.000  4.843552e+00 
 2948.000  4.920515e+00 
 2949.000  4.970545e+00 
 2950.000  5.157471e+00 
 2951.000  5.144945e+00 
 2952.000  5.112618e+00 
 2953.000  5.143488e+00 
 2954.000  5.129917e+00 
 2955.000  5.229119e+00 
 2956.000  5.240799e+00 
 2957.000  5.233558e+00 
 2958.000  5.270100e+00 
 2959.000  5.045859e+00 
 2960.000  5.021346e+00 
 2961.000  5.008225e+00 
 2962.000  5.025121e+00 
 2963.000  4.281020e+00 
 2964.000  4.272271e+00 
 2965.000  4.273082e+00 
 2966.000  4.263654e+00 
 2967.000  4.284575e+00 
 2968.000  3.731988e+00 
 2969.000  3.721034e+00 
 2970.000  3.715806e+00 
 2971.000  3.708254e+00 
 2972.000  3.935751e+00 
 2973.000  3.933967e+00 
 2974.000  3.931668e+00 
 2975.000  3.925118e+00 
 2976.000  3.939658e+00 
 2977.000  4.700804e+00 
 2978.000  4.685170e+00 
 2979.000  4.646168e+00 
 2980.000  4.681035e+00 
 2981.000  5.798350e+00 
 2982.000  5.778286e+00 
 2983.000  5.784809e+00 
 2984.000  5.776783e+00 
 2985.000  5.795344e+00 
 2986.000  6.748554e+00 
 2987.000  6.737780e+00 
 2988.000  6.683024e+00 
 2989.000  6.718079e+00 
 2990.000  6.777637e+00 
 2991.000  6.799771e+00 
 2992.000  6.792554e+00 
 2993.000  6.782354e+00 
 2994.000  6.771034e+00 
 2995.000  6.726780e+00 
 2996.000  6.715271e+00 
 2997.000  6.591897e+00 
 2998.000  6.680427e+00 
 2999.000  6.449573e+00 
 3000.000  6.344352e+00 
 3001.000  6.443370e+00 
 3002.000  6.441136e+00 
 3003.000  6.448035e+00 
 3004.000  5.840909e+00 
 3005.000  5.842814e+00 
 3006.000  5.831705e+00 
 3007.000  5.830960e+00 
 3008.000  5.734350e+00 
 3009.000  5.744807e+00 
 3010.000  5.734718e+00 
 3011.000  5.746256e+00 
 3012.000  5.738531e+00 
 3013.000  5.498687e+00 
 3014.000  5.485355e+00 
 3015.000  5.459134e+00 
 3016.000  5.477069e+00 
 3017.000  5.131015e+00 
 3018.000  5.148193e+00 
 3019.000  5.146121e+00 
 3020.000  5.086184e+00 
 3021.000  5.105294e+00 
 3022.000  5.114878e+00 
 3023.000  5.100985e+00 
 3024.000  5.089847e+00 
 3025.000  5.079108e+00 
 3026.000  4.805163e+00 
 3027.000  4.788296e+00 
 3028.000  4.765069e+00 
 3029.000  4.783770e+00 
 3030.000  4.755387e+00 
 3031.000  4.339693e+00 
 3032.000  4.332216e+00 
 3033.000  4.249537e+00 
 3034.000  4.308761e+00 
 3035.000  3.894342e+00 
 3036.000  3.877164e+00 
 3037.000  3.851808e+00 
 3038.000  3.811430e+00 
 3039.000  3.732298e+00 
 3040.000  3.417529e+00 
 3041.000  3.508014e+00 
 3042.000  3.526978e+00 
 3043.000  3.538795e+00 
 3044.000  3.541642e+00 
 3045.000  3.287004e+00 
 3046.000  3.292115e+00 
 3047.000  3.298893e+00 
 3048.000  3.283554e+00 
 3049.000  3.276858e+00 
 3050.000  3.278487e+00 
 3051.000  3.274611e+00 
 3052.000  3.270545e+00 
 3053.000  3.264715e+00 
 3054.000  3.548972e+00 
 3055.000  3.510405e+00 
 3056.000  3.546402e+00 
 3057.000  3.537226e+00 
 3058.000  3.501942e+00 
 3059.000  3.813499e+00 
 3060.000  3.825138e+00 
 3061.000  3.824774e+00 
 3062.000  3.819525e+00 
 3063.000  4.059183e+00 
 3064.000  4.002589e+00 
 3065.000  4.011992e+00 
 3066.000  4.045342e+00 
 3067.000  4.015431e+00 
 3068.000  4.106235e+00 
 3069.000  4.166680e+00 
 3070.000  4.164756e+00 
 3071.000  4.153083e+00 
 3072.000  4.155773e+00 
 3073.000  4.177607e+00 
 3074.000  4.162315e+00 
 3075.000  4.171931e+00 
 3076.000  4.149219e+00 
 3077.000  3.727496e+00 
 3078.000  3.728267e+00 
 3079.000  3.719397e+00 
 3080.000  3.710939e+00 
 3081.000  3.692185e+00 
 3082.000  3.513195e+00 
 3083.000  3.506714e+00 
 3084.000  3.521777e+00 
 3085.000  3.517036e+00 
 3086.000  3.492115e+00 
 3087.000  3.253217e+00 
 3088.000  3.270247e+00 
 3089.000  3.268204e+00 
 3090.000  3.267280e+00 
 3091.000  3.232405e+00 
 3092.000  2.936764e+00 
 3093.000  2.935374e+00 
 3094.000  2.929997e+00 
 3095.000  2.923704e+00 
 3096.000  2.964878e+00 
 3097.000  2.953836e+00 
 3098.000  2.896219e+00 
 3099.000  2.942584e+00 
 3100.000  2.952810e+00 
 3101.000  3.034130e+00 
 3102.000  3.030219e+00 
 3103.000  3.029814e+00 
 3104.000  3.025317e+00 
 3105.000  3.019866e+00 
 3106.000  3.321367e+00 
 3107.000  3.306952e+00 
 3108.000  3.320256e+00 
 3109.000  3.314058e+00 
 3110.000  3.310356e+00 
 3111.000  3.842279e+00 
 3112.000  3.833668e+00 
 3113.000  3.810059e+00 
 3114.000  3.812800e+00 
 3115.000  3.691053e+00 
 3116.000  4.480246e+00 
 3117.000  4.665360e+00 
 3118.000  4.684338e+00 
 3119.000  4.665036e+00 
 3120.000  4.669912e+00 
 3121.000  5.043090e+00 
 3122.000  5.055918e+00 
 3123.000  5.064460e+00 
 3124.000  5.059736e+00 
 3125.000  5.053051e+00 
 3126.000  5.406487e+00 
 3127.000  5.378782e+00 
 3128.000  5.399543e+00 
 3129.000  5.348996e+00 
 3130.000  5.568229e+00 
 3131.000  5.534871e+00 
 3132.000  5.560299e+00 
 3133.000  5.547212e+00 
 3134.000  5.583424e+00 
 3135.000  5.300563e+00 
 3136.000  5.294169e+00 
 3137.000  5.291346e+00 
 3138.000  5.288743e+00 
 3139.000  5.270194e+00 
 3140.000  5.313653e+00 
 3141.000  5.326142e+00 
 3142.000  5.303623e+00 
 3143.000  5.312984e+00 
 3144.000  5.353489e+00 
 3145.000  5.852733e+00 
 3146.000  5.845748e+00 
 3147.000  5.797717e+00 
 3148.000  5.824409e+00 
 3149.000  5.825122e+00 
 3150.000  6.552151e+00 
 3151.000  6.531537e+00 
 3152.000  6.185081e+00 
 3153.000  6.526428e+00 
 3154.000  6.548326e+00 
 3155.000  7.469771e+00 
 3156.000  7.462880e+00 
 3157.000  7.442065e+00 
 3158.000  7.443294e+00 
 3159.000  7.432695e+00 
 3160.000  8.121496e+00 
 3161.000  8.102753e+00 
 3162.000  8.115349e+00 
 3163.000  8.092744e+00 
 3164.000  8.046277e+00 
 3165.000  8.123887e+00 
 3166.000  8.139783e+00 
 3167.000  8.109231e+00 
 3168.000  8.058549e+00 
 3169.000  8.094600e+00 
 3170.000  7.690329e+00 
 3171.000  7.868806e+00 
 3172.000  7.864689e+00 
 3173.000  7.862694e+00 
 3174.000  7.805052e+00 
 3175.000  7.256777e+00 
 3176.000  7.245281e+00 
 3177.000  7.239838e+00 
 3178.000  7.205821e+00 
 3179.000  7.199597e+00 
 3180.000  6.256020e+00 
 3181.000  6.151934e+00 
 3182.000  6.233396e+00 
 3183.000  6.225235e+00 
 3184.000  6.173959e+00 
 3185.000  4.874235e+00 
 3186.000  4.866923e+00 
 3187.000  4.853966e+00 
 3188.000  4.844971e+00 
 3189.000  4.850103e+00 
 3190.000  3.426671e+00 
 3191.000  3.422469e+00 
 3192.000  3.418341e+00 
 3193.000  3.412281e+00 
 3194.000  3.386609e+00 
 3195.000  2.184699e+00 
 3196.000  2.172622e+00 
 3197.000  2.179202e+00 
 3198.000  2.175149e+00 
 3199.000  2.175068e+00 
 3200.000  1.602116e+00 
 3201.000  1.561900e+00 
 3202.000  1.597360e+00 
 3203.000  1.598640e+00 
 3204.000  1.590825e+00 
 3205.000  1.582724e+00 
 3206.000  1.353526e+00 
 3207.000  1.351721e+00 
 3208.000  1.350204e+00 
 3209.000  1.348680e+00 
 3210.000  1.345506e+00 
 3211.000  1.367702e+00 
 3212.000  1.365490e+00 
 3213.000  1.364779e+00 
 3214.000  1.362869e+00 
 3215.000  1.328582e+00 
 3216.000  1.646042e+00 
 3217.000  1.644503e+00 
 3218.000  1.644867e+00 
 3219.000  1.641039e+00 
 3220.000  1.640155e+00 
 3221.000  2.000106e+00 
 3222.000  2.000296e+00 
 3223.000  1.992144e+00 
 3224.000  1.981428e+00 
 3225.000  1.989610e+00 
 3226.000  2.407464e+00 
 3227.000  2.412586e+00 
 3228.000  2.406957e+00 
 3229.000  2.400471e+00 
 3230.000  2.399560e+00 
 3231.000  2.399266e+00 
 3232.000  3.005774e+00 
 3233.000  3.001328e+00 
 3234.000  2.957586e+00 
 3235.000  2.999222e+00 
 3236.000  2.998993e+00 
 3237.000  3.339745e+00 
 3238.000  3.335701e+00 
 3239.000  3.326279e+00 
 3240.000  3.324398e+00 
 3241.000  3.316244e+00 
 3242.000  3.354217e+00 
 3243.000  3.309674e+00 
 3244.000  3.351928e+00 
 3245.000  3.343576e+00 
 3246.000  3.378518e+00 
 3247.000  3.524369e+00 
 3248.000  3.518795e+00 
 3249.000  3.511677e+00 
 3250.000  3.510672e+00 
 3251.000  3.507563e+00 
 3252.000  3.501553e+00 
 3253.000  3.306815e+00 
 3254.000  3.282260e+00 
 3255.000  3.285013e+00 
 3256.000  3.294388e+00 
 3257.000  3.313390e+00 
 3258.000  3.087464e+00 
 3259.000  3.091074e+00 
 3260.000  3.058687e+00 
 3261.000  3.084028e+00 
 3262.000  3.069202e+00 
 3263.000  3.321218e+00 
 3264.000  3.326252e+00 
 3265.000  3.325985e+00 
 3266.000  3.297197e+00 
 3267.000  3.333829e+00 
 3268.000  3.780747e+00 
 3269.000  3.762076e+00 
 3270.000  3.769956e+00 
 3271.000  3.759700e+00 
 3272.000  3.761356e+00 
 3273.000  3.750055e+00 
 3274.000  4.243876e+00 
 3275.000  4.237205e+00 
 3276.000  4.172193e+00 
 3277.000  4.223971e+00 
 3278.000  4.234430e+00 
 3279.000  4.690533e+00 
 3280.000  4.675506e+00 
 3281.000  4.614450e+00 
 3282.000  4.661565e+00 
 3283.000  4.655044e+00 
 3284.000  4.664943e+00 
 3285.000  4.579304e+00 
 3286.000  4.626123e+00 
 3287.000  4.622511e+00 
 3288.000  4.615325e+00 
 3289.000  4.626093e+00 
 3290.000  4.157626e+00 
 3291.000  4.107382e+00 
 3292.000  4.143634e+00 
 3293.000  4.131447e+00 
 3294.000  4.118706e+00 
 3295.000  3.579026e+00 
 3296.000  3.522658e+00 
 3297.000  3.436467e+00 
 3298.000  3.486714e+00 
 3299.000  3.568744e+00 
 3300.000  3.609889e+00 
 3301.000  3.113460e+00 
 3302.000  3.137504e+00 
 3303.000  3.135485e+00 
 3304.000  3.134954e+00 
 3305.000  3.131734e+00 
 3306.000  2.624219e+00 
 3307.000  2.631171e+00 
 3308.000  2.626217e+00 
 3309.000  2.625710e+00 
 3310.000  2.621272e+00 
 3311.000  2.603799e+00 
 3312.000  2.404830e+00 
 3313.000  2.394336e+00 
 3314.000  2.404228e+00 
 3315.000  2.399436e+00 
 3316.000  2.379467e+00 
 3317.000  2.784565e+00 
 3318.000  2.755535e+00 
 3319.000  2.766540e+00 
 3320.000  2.511877e+00 
 3321.000  2.758688e+00 
 3322.000  2.779749e+00 
 3323.000  3.499837e+00 
 3324.000  3.506478e+00 
 3325.000  3.477144e+00 
 3326.000  3.482223e+00 
 3327.000  3.488268e+00 
 3328.000  4.235608e+00 
 3329.000  4.235189e+00 
 3330.000  4.232233e+00 
 3331.000  4.201693e+00 
 3332.000  4.196402e+00 
 3333.000  4.238700e+00 
 3334.000  4.634392e+00 
 3335.000  4.620448e+00 
 3336.000  4.620688e+00 
 3337.000  4.600379e+00 
 3338.000  4.601584e+00 
 3339.000  4.699936e+00 
 3340.000  4.655835e+00 
 3341.000  4.624250e+00 
 3342.000  4.686157e+00 
 3343.000  4.676295e+00 
 3344.000  4.699951e+00 
 3345.000  4.746842e+00 
 3346.000  4.732895e+00 
 3347.000  4.738957e+00 
 3348.000  4.736379e+00 
 3349.000  4.728862e+00 
 3350.000  4.659073e+00 
 3351.000  4.668037e+00 
 3352.000  4.672339e+00 
 3353.000  4.596683e+00 
 3354.000  4.658913e+00 
 3355.000  4.670941e+00 
 3356.000  4.885041e+00 
 3357.000  4.873122e+00 
 3358.000  4.851734e+00 
 3359.000  4.870032e+00 
 3360.000  4.863100e+00 
 3361.000  4.852263e+00 
 3362.000  5.082592e+00 
 3363.000  5.082087e+00 
 3364.000  5.081154e+00 
 3365.000  5.053005e+00 
 3366.000  5.018888e+00 
 3367.000  5.054643e+00 
 3368.000  5.370620e+00 
 3369.000  5.332762e+00 
 3370.000  5.234868e+00 
 3371.000  5.346304e+00 
 3372.000  5.355244e+00 
 3373.000  5.643609e+00 
 3374.000  5.606678e+00 
 3375.000  5.651378e+00 
 3376.000  5.648282e+00 
 3377.000  5.625703e+00 
 3378.000  5.619767e+00 
 3379.000  5.905620e+00 
 3380.000  5.914791e+00 
 3381.000  5.891183e+00 
 3382.000  5.844042e+00 
 3383.000  5.850060e+00 
 3384.000  5.859372e+00 
 3385.000  6.068299e+00 
 3386.000  6.072392e+00 
 3387.000  6.064298e+00 
 3388.000  6.054400e+00 
 3389.000  6.053354e+00 
 3390.000  6.158025e+00 
 3391.000  6.150980e+00 
 3392.000  6.138246e+00 
 3393.000  6.130024e+00 
 3394.000  6.124912e+00 
 3395.000  6.112681e+00 
 3396.000  6.131424e+00 
 3397.000  5.932205e+00 
 3398.000  6.098863e+00 
 3399.000  6.002377e+00 
 3400.000  6.153759e+00 
 3401.000  5.843611e+00 
 3402.000  6.185102e+00 
 3403.000  6.183998e+00 
 3404.000  6.192565e+00 
 3405.000  6.181435e+00 
 3406.000  6.176705e+00 
 3407.000  6.134879e+00 
 3408.000  6.324177e+00 
 3409.000  6.221041e+00 
 3410.000  6.272133e+00 
 3411.000  6.302211e+00 
 3412.000  6.305110e+00 
 3413.000  6.485319e+00 
 3414.000  6.494047e+00 
 3415.000  6.394802e+00 
 3416.000  6.319182e+00 
 3417.000  6.468253e+00 
 3418.000  6.485636e+00 
 3419.000  6.615936e+00 
 3420.000  6.614170e+00 
 3421.000  6.601433e+00 
 3422.000  6.573668e+00 
 3423.000  6.589554e+00 
 3424.000  6.584954e+00 
 3425.000  6.718101e+00 
 3426.000  6.709998e+00 
 3427.000  6.535847e+00 
 3428.000  6.612219e+00 
 3429.000  6.667597e+00 
 3430.000  6.677574e+00 
 3431.000  6.659881e+00 
 3432.000  6.692349e+00 
 3433.000  6.671084e+00 
 3434.000  6.674920e+00 
 3435.000  6.650666e+00 
 3436.000  6.660518e+00 
 3437.000  6.661383e+00 
 3438.000  6.670304e+00 
 3439.000  6.663666e+00 
 3440.000  6.653956e+00 
 3441.000  6.649481e+00 
 3442.000  6.590416e+00 
 3443.000  6.699230e+00 
 3444.000  6.690108e+00 
 3445.000  6.670765e+00 
 3446.000  6.656953e+00 
 3447.000  6.666436e+00 
 3448.000  6.648589e+00 
 3449.000  6.707388e+00 
 3450.000  6.697766e+00 
 3451.000  6.700466e+00 
 3452.000  6.689752e+00 
 3453.000  6.682790e+00 
 3454.000  6.663393e+00 
 3455.000  6.741983e+00 
 3456.000  6.713176e+00 
 3457.000  6.723301e+00 
 3458.000  6.710456e+00 
 3459.000  6.716383e+00 
 3460.000  6.698611e+00 
 3461.000  6.744601e+00 
 3462.000  6.740864e+00 
 3463.000  6.735423e+00 
 3464.000  6.715754e+00 
 3465.000  6.716066e+00 
 3466.000  6.676693e+00 
 3467.000  6.678120e+00 
 3468.000  6.684504e+00 
 3469.000  6.678264e+00 
 3470.000  6.676696e+00 
 3471.000  6.618358e+00 
 3472.000  6.644643e+00 
 3473.000  6.601776e+00 
 3474.000  6.637394e+00 
 3475.000  6.626624e+00 
 3476.000  6.634968e+00 
 3477.000  6.563125e+00 
 3478.000  6.624046e+00 
 3479.000  6.643234e+00 
 3480.000  6.634803e+00 
 3481.000  6.613260e+00 
 3482.000  6.622594e+00 
 3483.000  6.612571e+00 
 3484.000  6.594879e+00 
 3485.000  6.642473e+00 
 3486.000  6.612319e+00 
 3487.000  6.628957e+00 
 3488.000  6.633655e+00 
 3489.000  6.625757e+00 
 3490.000  6.589415e+00 
 3491.000  6.700579e+00 
 3492.000  6.666126e+00 
 3493.000  6.684827e+00 
 3494.000  6.622999e+00 
 3495.000  6.669676e+00 
 3496.000  6.676742e+00 
 3497.000  6.736589e+00 
 3498.000  6.724658e+00 
 3499.000  6.720195e+00 
 3500.000  6.714184e+00 
 3501.000  6.645103e+00 
 3502.000  6.697764e+00 
 3503.000  6.722559e+00 
 3504.000  6.716797e+00 
 3505.000  6.709098e+00 
 3506.000  6.703603e+00 
 3507.000  6.694884e+00 
 3508.000  6.674438e+00 
 3509.000  6.644983e+00 
 3510.000  6.639093e+00 
 3511.000  6.633096e+00 
 3512.000  6.606989e+00 
 3513.000  6.614250e+00 
 3514.000  6.606569e+00 
 3515.000  6.502857e+00 
 3516.000  6.474729e+00 
 3517.000  6.483489e+00 
 3518.000  6.467533e+00 
 3519.000  6.468942e+00 
 3520.000  6.456520e+00 
 3521.000  6.461092e+00 
 3522.000  6.302890e+00 
 3523.000  6.289605e+00 
 3524.000  6.228307e+00 
 3525.000  6.294856e+00 
 3526.000  6.289411e+00 
 3527.000  6.271312e+00 
 3528.000  6.091424e+00 
 3529.000  6.083938e+00 
 3530.000  6.086889e+00 
 3531.000  6.048196e+00 
 3532.000  6.075934e+00 
 3533.000  6.070018e+00 
 3534.000  5.895896e+00 
 3535.000  5.873839e+00 
 3536.000  5.920804e+00 
 3537.000  5.913417e+00 
 3538.000  5.793050e+00 
 3539.000  5.862398e+00 
 3540.000  5.859958e+00 
 3541.000  5.868377e+00 
 3542.000  5.855472e+00 
 3543.000  5.851008e+00 
 3544.000  5.848575e+00 
 3545.000  5.833621e+00 
 3546.000  5.830389e+00 
 3547.000  5.829483e+00 
 3548.000  5.815702e+00 
 3549.000  5.816335e+00 
 3550.000  5.811281e+00 
 3551.000  5.802783e+00 
 3552.000  5.797235e+00 
 3553.000  5.826523e+00 
 3554.000  5.828811e+00 
 3555.000  5.785821e+00 
 3556.000  5.674000e+00 
 3557.000  5.810673e+00 
 3558.000  5.800179e+00 
 3559.000  5.813171e+00 
 3560.000  5.681231e+00 
 3561.000  5.788039e+00 
 3562.000  5.798572e+00 
 3563.000  5.789843e+00 
 3564.000  5.764538e+00 
 3565.000  5.779639e+00 
 3566.000  5.698513e+00 
 3567.000  5.694809e+00 
 3568.000  5.690761e+00 
 3569.000  5.676792e+00 
 3570.000  5.665234e+00 
 3571.000  5.537086e+00 
 3572.000  5.648792e+00 
 3573.000  5.648877e+00 
 3574.000  5.637548e+00 
 3575.000  5.633747e+00 
 3576.000  5.632006e+00 
 3577.000  5.615952e+00 
 3578.000  5.637451e+00 
 3579.000  5.631536e+00 
 3580.000  5.548439e+00 
 3581.000  5.606034e+00 
 3582.000  5.605107e+00 
 3583.000  5.611040e+00 
 3584.000  5.537802e+00 
 3585.000  5.633333e+00 
 3586.000  5.632576e+00 
 3587.000  5.625834e+00 
 3588.000  5.632198e+00 
 3589.000  5.622420e+00 
 3590.000  5.621701e+00 
 3591.000  5.743057e+00 
 3592.000  5.741497e+00 
 3593.000  5.719419e+00 
 3594.000  5.721401e+00 
 3595.000  5.727151e+00 
 3596.000  5.655460e+00 
 3597.000  5.658744e+00 
 3598.000  5.835604e+00 
 3599.000  5.803190e+00 
 3600.000  5.813211e+00 
 3601.000  5.793828e+00 
 3602.000  5.812460e+00 
 3603.000  5.798534e+00 
 3604.000  5.880298e+00 
 3605.000  5.866532e+00 
 3606.000  5.872116e+00 
 3607.000  5.854685e+00 
 3608.000  5.857215e+00 
 3609.000  5.845666e+00 
 3610.000  5.833642e+00 
 3611.000  5.952344e+00 
 3612.000  5.940423e+00 
 3613.000  5.934970e+00 
 3614.000  5.932901e+00 
 3615.000  5.926401e+00 
 3616.000  5.917578e+00 
 3617.000  6.011014e+00 
 3618.000  6.004455e+00 
 3619.000  5.997121e+00 
 3620.000  5.990342e+00 
 3621.000  5.982042e+00 
 3622.000  5.980839e+00 
 3623.000  5.971835e+00 
 3624.000  6.003991e+00 
 3625.000  5.998996e+00 
 3626.000  6.002931e+00 
 3627.000  5.997686e+00 
 3628.000  5.990246e+00 
 3629.000  5.969115e+00 
 3630.000  6.026510e+00 
 3631.000  6.054609e+00 
 3632.000  6.055265e+00 
 3633.000  6.045905e+00 
 3634.000  6.039328e+00 
 3635.000  6.036764e+00 
 3636.000  6.018298e+00 
 3637.000  6.050608e+00 
 3638.000  6.068855e+00 
 3639.000  6.065246e+00 
 3640.000  6.036297e+00 
 3641.000  6.053903e+00 
 3642.000  6.041546e+00 
 3643.000  6.012320e+00 
 3644.000  5.917145e+00 
 3645.000  5.947308e+00 
 3646.000  5.993037e+00 
 3647.000  5.976304e+00 
 3648.000  5.975431e+00 
 3649.000  5.952845e+00 
 3650.000  5.890253e+00 
 3651.000  5.877829e+00 
 3652.000  5.862406e+00 
 3653.000  5.738198e+00 
 3654.000  5.743867e+00 
 3655.000  5.835562e+00 
 3656.000  5.840675e+00 
 3657.000  5.661110e+00 
 3658.000  5.644722e+00 
 3659.000  5.563584e+00 
 3660.000  5.576973e+00 
 3661.000  5.645080e+00 
 3662.000  5.624500e+00 
 3663.000  5.619942e+00 
 3664.000  5.387596e+00 
 3665.000  5.383725e+00 
 3666.000  5.377000e+00 
 3667.000  5.372113e+00 
 3668.000  5.289235e+00 
 3669.000  5.357025e+00 
 3670.000  5.259231e+00 
 3671.000  5.155375e+00 
 3672.000  5.240264e+00 
 3673.000  5.235911e+00 
 3674.000  5.236930e+00 
 3675.000  5.229979e+00 
 3676.000  5.224723e+00 
 3677.000  5.217021e+00 
 3678.000  5.310854e+00 
 3679.000  5.132523e+00 
 3680.000  5.314586e+00 
 3681.000  5.311683e+00 
 3682.000  5.237490e+00 
 3683.000  5.089445e+00 
 3684.000  5.401532e+00 
 3685.000  5.466186e+00 
 3686.000  5.478266e+00 
 3687.000  5.453660e+00 
 3688.000  5.466413e+00 
 3689.000  5.440939e+00 
 3690.000  5.414761e+00 
 3691.000  5.624946e+00 
 3692.000  5.616039e+00 
 3693.000  5.632765e+00 
 3694.000  5.616098e+00 
 3695.000  5.587258e+00 
 3696.000  5.580377e+00 
 3697.000  5.649540e+00 
 3698.000  5.651500e+00 
 3699.000  5.473906e+00 
 3700.000  5.500958e+00 
 3701.000  5.549252e+00 
 3702.000  5.596883e+00 
 3703.000  5.706459e+00 
 3704.000  5.710383e+00 
 3705.000  5.591440e+00 
 3706.000  5.661262e+00 
 3707.000  5.622332e+00 
 3708.000  5.661790e+00 
 3709.000  5.544076e+00 
 3710.000  5.668606e+00 
 3711.000  5.601775e+00 
 3712.000  5.554464e+00 
 3713.000  5.626527e+00 
 3714.000  5.596043e+00 
 3715.000  5.556368e+00 
 3716.000  5.603189e+00 
 3717.000  5.615168e+00 
 3718.000  5.600500e+00 
 3719.000  5.579687e+00 
 3720.000  5.602001e+00 
 3721.000  5.546748e+00 
 3722.000  5.553192e+00 
 3723.000  5.582037e+00 
 3724.000  5.576749e+00 
 3725.000  5.504376e+00 
 3726.000  5.526530e+00 
 3727.000  5.505479e+00 
 3728.000  5.508819e+00 
 3729.000  5.481061e+00 
 3730.000  5.498266e+00 
 3731.000  5.484576e+00 
 3732.000  5.455180e+00 
 3733.000  5.461981e+00 
 3734.000  5.454235e+00 
 3735.000  5.388988e+00 
 3736.000  5.352093e+00 
 3737.000  5.392205e+00 
 3738.000  5.327523e+00 
 3739.000  5.202147e+00 
 3740.000  5.122543e+00 
 3741.000  5.076536e+00 
 3742.000  5.269042e+00 
 3743.000  5.331952e+00 
 3744.000  5.320606e+00 
 3745.000  5.156572e+00 
 3746.000  5.076024e+00 
 3747.000  5.182368e+00 
 3748.000  5.314611e+00 
 3749.000  5.297491e+00 
 3750.000  5.272454e+00 
 3751.000  5.264301e+00 
 3752.000  5.305112e+00 
 3753.000  5.134105e+00 
 3754.000  5.203476e+00 
 3755.000  5.232994e+00 
 3756.000  5.259663e+00 
 3757.000  5.245139e+00 
 3758.000  5.209152e+00 
 3759.000  5.221201e+00 
 3760.000  5.232378e+00 
 3761.000  5.256256e+00 
 3762.000  5.213600e+00 
 3763.000  5.137230e+00 
 3764.000  5.226835e+00 
 3765.000  5.207558e+00 
 3766.000  5.221262e+00 
 3767.000  5.218633e+00 
 3768.000  5.193270e+00 
 3769.000  5.181548e+00 
 3770.000  5.189813e+00 
 3771.000  5.157019e+00 
 3772.000  5.186957e+00 
 3773.000  5.114296e+00 
 3774.000  5.180838e+00 
 3775.000  5.198017e+00 
 3776.000  5.101562e+00 
 3777.000  5.090577e+00 
 3778.000  5.177763e+00 
 3779.000  5.158613e+00 
 3780.000  5.141114e+00 
 3781.000  5.163771e+00 
 3782.000  5.125272e+00 
 3783.000  5.178746e+00 
 3784.000  5.164697e+00 
 3785.000  5.164358e+00 
 3786.000  5.149826e+00 
 3787.000  5.029912e+00 
 3788.000  5.155185e+00 
 3789.000  5.152023e+00 
 3790.000  5.156600e+00 
 3791.000  5.063141e+00 
 3792.000  5.122960e+00 
 3793.000  5.068524e+00 
 3794.000  5.134091e+00 
 3795.000  5.108060e+00 
 3796.000  5.168871e+00 
 3797.000  5.172186e+00 
 3798.000  5.149684e+00 
 3799.000  5.115781e+00 
 3800.000  5.058906e+00 
 3801.000  5.157572e+00 
 3802.000  5.138835e+00 
 3803.000  5.173107e+00 
 3804.000  5.153549e+00 
 3805.000  5.156444e+00 
 3806.000  5.143876e+00 
 3807.000  5.077517e+00 
 3808.000  5.109652e+00 
 3809.000  5.125636e+00 
 3810.000  5.128930e+00 
 3811.000  5.151299e+00 
 3812.000  5.163769e+00 
 3813.000  5.128609e+00 
 3814.000  5.147089e+00 
 3815.000  5.145822e+00 
 3816.000  5.097610e+00 
 3817.000  5.122693e+00 
 3818.000  5.086702e+00 
 3819.000  5.162052e+00 
 3820.000  5.164793e+00 
 3821.000  5.162382e+00 
 3822.000  5.155626e+00 
 3823.000  5.129701e+00 
 3824.000  5.135689e+00 
 3825.000  5.119082e+00 
 3826.000  5.119959e+00 
 3827.000  5.116792e+00 
 3828.000  5.099291e+00 
 3829.000  5.100316e+00 
 3830.000  5.101214e+00 
 3831.000  5.091066e+00 
 3832.000  5.048764e+00 
 3833.000  5.017557e+00 
 3834.000  5.035243e+00 
 3835.000  4.996736e+00 
 3836.000  4.957910e+00 
 3837.000  4.997963e+00 
 3838.000  5.016179e+00 
 3839.000  4.966514e+00 
 3840.000  4.962337e+00 
 3841.000  4.957176e+00 
 3842.000  4.947986e+00 
 3843.000  4.942767e+00 
 3844.000  4.936975e+00 
 3845.000  4.934727e+00 
 3846.000  4.937820e+00 
 3847.000  4.844058e+00 
 3848.000  4.842093e+00 
 3849.000  4.837008e+00 
 3850.000  4.811356e+00 
 3851.000  4.818998e+00 
 3852.000  4.819367e+00 
 3853.000  4.800568e+00 
 3854.000  4.716628e+00 
 3855.000  4.712711e+00 
 3856.000  4.707714e+00 
 3857.000  4.698811e+00 
 3858.000  4.688501e+00 
 3859.000  4.665246e+00 
 3860.000  4.653440e+00 
 3861.000  4.678053e+00 
 3862.000  4.586422e+00 
 3863.000  4.476694e+00 
 3864.000  4.544018e+00 
 3865.000  4.559837e+00 
 3866.000  4.568100e+00 
 3867.000  4.514757e+00 
 3868.000  4.540695e+00 
 3869.000  4.446573e+00 
 3870.000  4.471743e+00 
 3871.000  4.447777e+00 
 3872.000  4.389251e+00 
 3873.000  4.459403e+00 
 3874.000  4.452858e+00 
 3875.000  4.442656e+00 
 3876.000  4.437823e+00 
 3877.000  4.433525e+00 
 3878.000  4.428304e+00 
 3879.000  4.421360e+00 
 3880.000  4.418564e+00 
 3881.000  4.410721e+00 
 3882.000  4.395441e+00 
 3883.000  4.390896e+00 
 3884.000  4.425185e+00 
 3885.000  4.304683e+00 
 3886.000  4.366220e+00 
 3887.000  4.414727e+00 
 3888.000  4.414639e+00 
 3889.000  4.413692e+00 
 3890.000  4.399251e+00 
 3891.000  4.394159e+00 
 3892.000  4.447151e+00 
 3893.000  4.445874e+00 
 3894.000  4.427853e+00 
 3895.000  4.438725e+00 
 3896.000  4.418616e+00 
 3897.000  4.372425e+00 
 3898.000  4.352394e+00 
 3899.000  4.444469e+00 
 3900.000  4.413063e+00 
 3901.000  4.433953e+00 
 3902.000  4.432724e+00 
 3903.000  4.420865e+00 
 3904.000  4.425212e+00 
 3905.000  4.419823e+00 
 3906.000  4.403303e+00 
 3907.000  4.420335e+00 
 3908.000  4.409229e+00 
 3909.000  4.411524e+00 
 3910.000  4.408338e+00 
 3911.000  4.405557e+00 
 3912.000  4.402801e+00 
 3913.000  4.396320e+00 
 3914.000  4.405635e+00 
 3915.000  4.413198e+00 
 3916.000  4.401511e+00 
 3917.000  4.400224e+00 
 3918.000  4.389767e+00 
 3919.000  4.381612e+00 
 3920.000  4.394828e+00 
 3921.000  4.373581e+00 
 3922.000  4.416735e+00 
 3923.000  4.415857e+00 
 3924.000  4.411402e+00 
 3925.000  4.411394e+00 
 3926.000  4.396203e+00 
 3927.000  4.397509e+00 
 3928.000  4.404181e+00 
 3929.000  4.399632e+00 
 3930.000  4.454357e+00 
 3931.000  4.451401e+00 
 3932.000  4.428646e+00 
 3933.000  4.439697e+00 
 3934.000  4.384549e+00 
 3935.000  4.413870e+00 
 3936.000  4.433713e+00 
 3937.000  4.431226e+00 
 3938.000  4.469915e+00 
 3939.000  4.489264e+00 
 3940.000  4.485424e+00 
 3941.000  4.479330e+00 
 3942.000  4.478534e+00 
 3943.000  4.476171e+00 
 3944.000  4.438265e+00 
 3945.000  4.562564e+00 
 3946.000  4.548792e+00 
 3947.000  4.549267e+00 
 3948.000  4.525915e+00 
 3949.000  4.539229e+00 
 3950.000  4.490415e+00 
 3951.000  4.522164e+00 
 3952.000  4.387064e+00 
 3953.000  4.533082e+00 
 3954.000  4.528295e+00 
 3955.000  4.520749e+00 
 3956.000  4.479421e+00 
 3957.000  4.487976e+00 
 3958.000  4.449796e+00 
 3959.000  4.460019e+00 
 3960.000  4.507799e+00 
 3961.000  4.519144e+00 
 3962.000  4.478567e+00 
 3963.000  4.512551e+00 
 3964.000  4.490819e+00 
 3965.000  4.487379e+00 
 3966.000  4.491699e+00 
 3967.000  4.487251e+00 
 3968.000  4.495739e+00 
 3969.000  4.470343e+00 
 3970.000  4.456739e+00 
 3971.000  4.438328e+00 
 3972.000  4.461130e+00 
 3973.000  4.420112e+00 
 3974.000  4.436219e+00 
 3975.000  4.449594e+00 
 3976.000  4.446589e+00 
 3977.000  4.372311e+00 
 3978.000  4.390699e+00 
 3979.000  4.375728e+00 
 3980.000  4.380425e+00 
 3981.000  4.389705e+00 
 3982.000  4.380175e+00 
 3983.000  4.361023e+00 
 3984.000  4.358905e+00 
 3985.000  4.312534e+00 
 3986.000  4.216603e+00 
 3987.000  4.336563e+00 
 3988.000  4.340690e+00 
 3989.000  4.310872e+00 
 3990.000  4.308733e+00 
 3991.000  4.245736e+00 
 3992.000  4.297171e+00 
 3993.000  4.211738e+00 
 3994.000  4.205450e+00 
 3995.000  4.180252e+00 
 3996.000  4.110063e+00 
 3997.000  4.217543e+00 
 3998.000  4.194521e+00 
 3999.000  4.115387e+00 
 4000.000  4.155971e+00 
