  290.000  0.000000e+00 
  291.000  2.061003e-06 
  292.000  2.714726e-05 
  293.000  8.727531e-05 
  294.000  5.963702e-04 
  295.000  1.764231e-03 
  296.000  1.070755e-02 
  297.000  1.539008e-02 
  298.000  8.432585e-02 
  299.000  1.644339e-01 
  300.000  3.134898e-01 
  301.000  9.137785e-01 
  302.000  1.068497e+00 
  303.000  2.958760e+00 
  304.000  3.524588e+00 
  305.000  6.688005e+00 
  306.000  7.626800e+00 
  307.000  1.160308e+01 
  308.000  1.538896e+01 
  309.000  1.690183e+01 
  310.000  1.927855e+01 
  311.000  3.813449e+01 
  312.000  3.325008e+01 
  313.000  4.343039e+01 
  314.000  4.558396e+01 
  315.000  5.562774e+01 
  316.000  4.438167e+01 
  317.000  6.560418e+01 
  318.000  6.515059e+01 
  319.000  7.445274e+01 
  320.000  7.364790e+01 
  321.000  9.228906e+01 
  322.000  8.316352e+01 
  323.000  7.412466e+01 
  324.000  9.488947e+01 
  325.000  1.076451e+02 
  326.000  1.508001e+02 
  327.000  1.551597e+02 
  328.000  1.311292e+02 
  329.000  1.579244e+02 
  330.000  1.684676e+02 
  331.000  1.394836e+02 
  332.000  1.560805e+02 
  333.000  1.799328e+02 
  334.000  1.534161e+02 
  335.000  1.679145e+02 
  336.000  1.284267e+02 
  337.000  1.249973e+02 
  338.000  1.550583e+02 
  339.000  1.587096e+02 
  340.000  1.815372e+02 
  341.000  1.557402e+02 
  342.000  1.659397e+02 
  343.000  1.692709e+02 
  344.000  1.554244e+02 
  345.000  2.028689e+02 
  346.000  2.284234e+02 
  347.000  2.205155e+02 
  348.000  2.106409e+02 
  349.000  2.342267e+02 
  350.000  2.427799e+02 
  351.000  2.336895e+02 
  352.000  2.427362e+02 
  353.000  2.243898e+02 
  354.000  2.624506e+02 
  355.000  2.694254e+02 
  356.000  2.579973e+02 
  357.000  1.669825e+02 
  358.000  1.836861e+02 
  359.000  1.870515e+02 
  360.000  2.808236e+02 
  361.000  2.253271e+02 
  362.000  2.501416e+02 
  363.000  2.691935e+02 
  364.000  2.717867e+02 
  365.000  2.573742e+02 
  366.000  3.572014e+02 
  367.000  3.231348e+02 
  368.000  3.080238e+02 
  369.000  2.994392e+02 
  370.000  3.479985e+02 
  371.000  2.808011e+02 
  372.000  2.985786e+02 
  373.000  3.004945e+02 
  374.000  2.349547e+02 
  375.000  2.172174e+02 
  376.000  3.135242e+02 
  377.000  3.235662e+02 
  378.000  4.219125e+02 
  379.000  3.273737e+02 
  380.000  3.089890e+02 
  381.000  3.494756e+02 
  382.000  2.630254e+02 
  383.000  1.845600e+02 
  384.000  2.043716e+02 
  385.000  3.093191e+02 
  386.000  2.414026e+02 
  387.000  2.784938e+02 
  388.000  2.771445e+02 
  389.000  3.171580e+02 
  390.000  3.861004e+02 
  391.000  4.336103e+02 
  392.000  3.867834e+02 
  393.000  2.081061e+02 
  394.000  2.310952e+02 
  395.000  3.892408e+02 
  396.000  4.019579e+02 
  397.000  1.641184e+02 
  398.000  4.606090e+02 
  399.000  5.539655e+02 
  400.000  5.458516e+02 
  401.000  5.437104e+02 
  402.000  5.774234e+02 
  403.000  5.419071e+02 
  404.000  5.834888e+02 
  405.000  5.361199e+02 
  406.000  5.330692e+02 
  407.000  5.201257e+02 
  408.000  5.644805e+02 
  409.000  6.258959e+02 
  410.000  5.241619e+02 
  411.000  6.165308e+02 
  412.000  6.398472e+02 
  413.000  6.053719e+02 
  414.000  5.950402e+02 
  415.000  6.355683e+02 
  416.000  6.326085e+02 
  417.000  6.142264e+02 
  418.000  6.016870e+02 
  419.000  6.172749e+02 
  420.000  5.231679e+02 
  421.000  6.563257e+02 
  422.000  6.296956e+02 
  423.000  5.324806e+02 
  424.000  5.864191e+02 
  425.000  6.080817e+02 
  426.000  5.852299e+02 
  427.000  5.635845e+02 
  428.000  5.713323e+02 
  429.000  5.203660e+02 
  430.000  4.157022e+02 
  431.000  3.741599e+02 
  432.000  6.742147e+02 
  433.000  6.007820e+02 
  434.000  5.716124e+02 
  435.000  6.225391e+02 
  436.000  6.910021e+02 
  437.000  6.983671e+02 
  438.000  6.262075e+02 
  439.000  6.065550e+02 
  440.000  6.804797e+02 
  441.000  6.789168e+02 
  442.000  7.157071e+02 
  443.000  7.211623e+02 
  444.000  7.171371e+02 
  445.000  7.550323e+02 
  446.000  6.726935e+02 
  447.000  7.679031e+02 
  448.000  7.813760e+02 
  449.000  7.873760e+02 
  450.000  8.052284e+02 
  451.000  8.709501e+02 
  452.000  8.103166e+02 
  453.000  7.527975e+02 
  454.000  8.032306e+02 
  455.000  8.094755e+02 
  456.000  8.297186e+02 
  457.000  8.349915e+02 
  458.000  8.209136e+02 
  459.000  8.214110e+02 
  460.000  8.148476e+02 
  461.000  8.449902e+02 
  462.000  8.318094e+02 
  463.000  8.325919e+02 
  464.000  8.359097e+02 
  465.000  8.242583e+02 
  466.000  8.509241e+02 
  467.000  8.214117e+02 
  468.000  8.700561e+02 
  469.000  8.628542e+02 
  470.000  8.513667e+02 
  471.000  8.502010e+02 
  472.000  8.609326e+02 
  473.000  8.518533e+02 
  474.000  8.589705e+02 
  475.000  8.938989e+02 
  476.000  8.665649e+02 
  477.000  8.587652e+02 
  478.000  9.014742e+02 
  479.000  8.608254e+02 
  480.000  8.780529e+02 
  481.000  8.729523e+02 
  482.000  8.914764e+02 
  483.000  8.926574e+02 
  484.000  8.585590e+02 
  485.000  8.651160e+02 
  486.000  7.016412e+02 
  487.000  7.888689e+02 
  488.000  8.568242e+02 
  489.000  7.967511e+02 
  490.000  9.073535e+02 
  491.000  8.493239e+02 
  492.000  8.164258e+02 
  493.000  8.795632e+02 
  494.000  8.499619e+02 
  495.000  9.088784e+02 
  496.000  8.854072e+02 
  497.000  8.591075e+02 
  498.000  8.390204e+02 
  499.000  8.372023e+02 
  500.000  8.337198e+02 
  501.000  8.152236e+02 
  502.000  8.100727e+02 
  503.000  8.585625e+02 
  504.000  7.989868e+02 
  505.000  8.619731e+02 
  506.000  9.230123e+02 
  507.000  8.590141e+02 
  508.000  8.240108e+02 
  509.000  8.887806e+02 
  510.000  8.613820e+02 
  511.000  8.618176e+02 
  512.000  9.047069e+02 
  513.000  8.281744e+02 
  514.000  8.109495e+02 
  515.000  8.280500e+02 
  516.000  8.699153e+02 
  517.000  6.408701e+02 
  518.000  7.935090e+02 
  519.000  7.518447e+02 
  520.000  8.278337e+02 
  521.000  8.283594e+02 
  522.000  8.612851e+02 
  523.000  8.023824e+02 
  524.000  8.705980e+02 
  525.000  8.636774e+02 
  526.000  8.231306e+02 
  527.000  7.190693e+02 
  528.000  8.636237e+02 
  529.000  8.881617e+02 
  530.000  8.392514e+02 
  531.000  9.135396e+02 
  532.000  8.715337e+02 
  533.000  7.655424e+02 
  534.000  8.325360e+02 
  535.000  8.494893e+02 
  536.000  9.014616e+02 
  537.000  8.364014e+02 
  538.000  8.756051e+02 
  539.000  8.727853e+02 
  540.000  8.542073e+02 
  541.000  7.833635e+02 
  542.000  8.739259e+02 
  543.000  8.360295e+02 
  544.000  8.818942e+02 
  545.000  8.688538e+02 
  546.000  8.496267e+02 
  547.000  8.858235e+02 
  548.000  8.220026e+02 
  549.000  8.652005e+02 
  550.000  8.463994e+02 
  551.000  8.414086e+02 
  552.000  8.780065e+02 
  553.000  8.439224e+02 
  554.000  8.718211e+02 
  555.000  8.746052e+02 
  556.000  8.508182e+02 
  557.000  8.258679e+02 
  558.000  8.575458e+02 
  559.000  8.108515e+02 
  560.000  8.146818e+02 
  561.000  8.956464e+02 
  562.000  8.220852e+02 
  563.000  8.602997e+02 
  564.000  8.483327e+02 
  565.000  8.583574e+02 
  566.000  7.916329e+02 
  567.000  8.484481e+02 
  568.000  8.429010e+02 
  569.000  8.173730e+02 
  570.000  8.235196e+02 
  571.000  8.011857e+02 
  572.000  8.408394e+02 
  573.000  8.519620e+02 
  574.000  8.482241e+02 
  575.000  8.274635e+02 
  576.000  8.127940e+02 
  577.000  8.489296e+02 
  578.000  8.267392e+02 
  579.000  8.225038e+02 
  580.000  8.523885e+02 
  581.000  8.394002e+02 
  582.000  8.534806e+02 
  583.000  8.601755e+02 
  584.000  8.582053e+02 
  585.000  8.529954e+02 
  586.000  8.169288e+02 
  587.000  8.463041e+02 
  588.000  8.250367e+02 
  589.000  7.139628e+02 
  590.000  7.445751e+02 
  591.000  8.047440e+02 
  592.000  7.827267e+02 
  593.000  8.062299e+02 
  594.000  8.105870e+02 
  595.000  7.849567e+02 
  596.000  8.199287e+02 
  597.000  8.194797e+02 
  598.000  8.091893e+02 
  599.000  8.122864e+02 
  600.000  8.183383e+02 
  601.000  8.178636e+02 
  602.000  8.102451e+02 
  603.000  8.168585e+02 
  604.000  8.442299e+02 
  605.000  8.432206e+02 
  606.000  8.341461e+02 
  607.000  8.301419e+02 
  608.000  8.277036e+02 
  609.000  8.197830e+02 
  610.000  8.072081e+02 
  611.000  8.208759e+02 
  612.000  8.107397e+02 
  613.000  7.994261e+02 
  614.000  7.710620e+02 
  615.000  8.085112e+02 
  616.000  7.692139e+02 
  617.000  7.740138e+02 
  618.000  8.109458e+02 
  619.000  8.038853e+02 
  620.000  8.161155e+02 
  621.000  8.304704e+02 
  622.000  7.869094e+02 
  623.000  7.932446e+02 
  624.000  7.942923e+02 
  625.000  7.729207e+02 
  626.000  7.762877e+02 
  627.000  7.853871e+02 
  628.000  7.663282e+02 
  629.000  7.895472e+02 
  630.000  7.676061e+02 
  631.000  7.978643e+02 
  632.000  7.398087e+02 
  633.000  7.994858e+02 
  634.000  7.772894e+02 
  635.000  7.920606e+02 
  636.000  7.652320e+02 
  637.000  7.915604e+02 
  638.000  8.065852e+02 
  639.000  8.005663e+02 
  640.000  7.770103e+02 
  641.000  7.886066e+02 
  642.000  7.803146e+02 
  643.000  7.928636e+02 
  644.000  7.841502e+02 
  645.000  7.890972e+02 
  646.000  7.495754e+02 
  647.000  7.532339e+02 
  648.000  7.445008e+02 
  649.000  7.662632e+02 
  650.000  7.223573e+02 
  651.000  7.783636e+02 
  652.000  7.523839e+02 
  653.000  7.809723e+02 
  654.000  7.695945e+02 
  655.000  7.449316e+02 
  656.000  6.340292e+02 
  657.000  6.792026e+02 
  658.000  7.611497e+02 
  659.000  7.657679e+02 
  660.000  7.731432e+02 
  661.000  7.798685e+02 
  662.000  7.928047e+02 
  663.000  7.840104e+02 
  664.000  7.722943e+02 
  665.000  7.763995e+02 
  666.000  7.865923e+02 
  667.000  7.715970e+02 
  668.000  7.768788e+02 
  669.000  7.886014e+02 
  670.000  7.796225e+02 
  671.000  7.718608e+02 
  672.000  7.697595e+02 
  673.000  7.756754e+02 
  674.000  7.775768e+02 
  675.000  7.660892e+02 
  676.000  7.809222e+02 
  677.000  7.657443e+02 
  678.000  7.787714e+02 
  679.000  7.680072e+02 
  680.000  7.618578e+02 
  681.000  7.624657e+02 
  682.000  7.610153e+02 
  683.000  7.661013e+02 
  684.000  7.516642e+02 
  685.000  7.609416e+02 
  686.000  7.265819e+02 
  687.000  6.349317e+02 
  688.000  6.651180e+02 
  689.000  6.577823e+02 
  690.000  6.766437e+02 
  691.000  6.974489e+02 
  692.000  7.000960e+02 
  693.000  6.854473e+02 
  694.000  6.729015e+02 
  695.000  6.729699e+02 
  696.000  6.881270e+02 
  697.000  7.239214e+02 
  698.000  7.031240e+02 
  699.000  6.847390e+02 
  700.000  6.817192e+02 
  701.000  6.596616e+02 
  702.000  6.613160e+02 
  703.000  6.961577e+02 
  704.000  6.992797e+02 
  705.000  6.939526e+02 
  706.000  6.886667e+02 
  707.000  6.820212e+02 
  708.000  7.059861e+02 
  709.000  6.890834e+02 
  710.000  6.960646e+02 
  711.000  6.980372e+02 
  712.000  6.959004e+02 
  713.000  6.867807e+02 
  714.000  6.962250e+02 
  715.000  6.618934e+02 
  716.000  6.683295e+02 
  717.000  5.858306e+02 
  718.000  5.438340e+02 
  719.000  5.238413e+02 
  720.000  5.076945e+02 
  721.000  5.969453e+02 
  722.000  6.393880e+02 
  723.000  6.186099e+02 
  724.000  5.684838e+02 
  725.000  5.697676e+02 
  726.000  5.663004e+02 
  727.000  5.821905e+02 
  728.000  5.641863e+02 
  729.000  5.610604e+02 
  730.000  5.784114e+02 
  731.000  5.648604e+02 
  732.000  6.097370e+02 
  733.000  6.335835e+02 
  734.000  6.631881e+02 
  735.000  6.521610e+02 
  736.000  6.296164e+02 
  737.000  6.458959e+02 
  738.000  6.551204e+02 
  739.000  6.385176e+02 
  740.000  6.548664e+02 
  741.000  6.555866e+02 
  742.000  6.472469e+02 
  743.000  6.718195e+02 
  744.000  6.806758e+02 
  745.000  6.646188e+02 
  746.000  6.753638e+02 
  747.000  6.862249e+02 
  748.000  6.747681e+02 
  749.000  6.755428e+02 
  750.000  6.652451e+02 
  751.000  6.637180e+02 
  752.000  6.749899e+02 
  753.000  6.690571e+02 
  754.000  6.798654e+02 
  755.000  6.761475e+02 
  756.000  6.631037e+02 
  757.000  6.680894e+02 
  758.000  6.662761e+02 
  759.000  5.986317e+02 
  760.000  2.192696e+02 
  761.000  1.882647e+02 
  762.000  3.838672e+02 
  763.000  3.275032e+02 
  764.000  3.614029e+02 
  765.000  4.400347e+02 
  766.000  5.089027e+02 
  767.000  5.622365e+02 
  768.000  6.154289e+02 
  769.000  6.333755e+02 
  770.000  6.400339e+02 
  771.000  6.452186e+02 
  772.000  6.438805e+02 
  773.000  6.417706e+02 
  774.000  6.491526e+02 
  775.000  6.251475e+02 
  776.000  6.512049e+02 
  777.000  6.467654e+02 
  778.000  6.432700e+02 
  779.000  6.453393e+02 
  780.000  6.373333e+02 
  781.000  6.367629e+02 
  782.000  6.444012e+02 
  783.000  6.293220e+02 
  784.000  6.325954e+02 
  785.000  6.325331e+02 
  786.000  6.190277e+02 
  787.000  6.219528e+02 
  788.000  6.093868e+02 
  789.000  6.012809e+02 
  790.000  5.941871e+02 
  791.000  5.933282e+02 
  792.000  5.859658e+02 
  793.000  5.900786e+02 
  794.000  5.937652e+02 
  795.000  5.846371e+02 
  796.000  5.785714e+02 
  797.000  5.868371e+02 
  798.000  5.973962e+02 
  799.000  5.946145e+02 
  800.000  5.719315e+02 
  801.000  5.834547e+02 
  802.000  5.816093e+02 
  803.000  5.743690e+02 
  804.000  5.830631e+02 
  805.000  5.736031e+02 
  806.000  5.931396e+02 
  807.000  5.897987e+02 
  808.000  5.839601e+02 
  809.000  5.713548e+02 
  810.000  5.657669e+02 
  811.000  5.685171e+02 
  812.000  5.580320e+02 
  813.000  5.452180e+02 
  814.000  5.306877e+02 
  815.000  5.080148e+02 
  816.000  4.823312e+02 
  817.000  4.862968e+02 
  818.000  4.850215e+02 
  819.000  4.788535e+02 
  820.000  4.923643e+02 
  821.000  5.360529e+02 
  822.000  5.007086e+02 
  823.000  4.518624e+02 
  824.000  5.061891e+02 
  825.000  5.367448e+02 
  826.000  5.349010e+02 
  827.000  5.291788e+02 
  828.000  5.075565e+02 
  829.000  5.146451e+02 
  830.000  5.146714e+02 
  831.000  5.075746e+02 
  832.000  5.189349e+02 
  833.000  5.074182e+02 
  834.000  5.204326e+02 
  835.000  5.320372e+02 
  836.000  5.348914e+02 
  837.000  5.301738e+02 
  838.000  5.371913e+02 
  839.000  5.234193e+02 
  840.000  5.385494e+02 
  841.000  5.367869e+02 
  842.000  5.363046e+02 
  843.000  5.392987e+02 
  844.000  5.333410e+02 
  845.000  5.428434e+02 
  846.000  5.491387e+02 
  847.000  5.317514e+02 
  848.000  5.448643e+02 
  849.000  5.461946e+02 
  850.000  4.711702e+02 
  851.000  5.383313e+02 
  852.000  5.180685e+02 
  853.000  5.264063e+02 
  854.000  4.231271e+02 
  855.000  4.668250e+02 
  856.000  5.320858e+02 
  857.000  5.414003e+02 
  858.000  5.332695e+02 
  859.000  5.342573e+02 
  860.000  5.299655e+02 
  861.000  5.299803e+02 
  862.000  5.285900e+02 
  863.000  5.387545e+02 
  864.000  5.379234e+02 
  865.000  5.281013e+02 
  866.000  4.430276e+02 
  867.000  4.717581e+02 
  868.000  5.116783e+02 
  869.000  5.045742e+02 
  870.000  5.253570e+02 
  871.000  5.246866e+02 
  872.000  5.227357e+02 
  873.000  5.247026e+02 
  874.000  5.131405e+02 
  875.000  5.084164e+02 
  876.000  5.124462e+02 
  877.000  5.226361e+02 
  878.000  5.131198e+02 
  879.000  5.142778e+02 
  880.000  5.108335e+02 
  881.000  4.840068e+02 
  882.000  5.105321e+02 
  883.000  4.991075e+02 
  884.000  5.034694e+02 
  885.000  5.078243e+02 
  886.000  4.897823e+02 
  887.000  4.858795e+02 
  888.000  5.003689e+02 
  889.000  5.040501e+02 
  890.000  5.015453e+02 
  891.000  4.969070e+02 
  892.000  4.907171e+02 
  893.000  4.583467e+02 
  894.000  4.663351e+02 
  895.000  4.216926e+02 
  896.000  4.159268e+02 
  897.000  3.836819e+02 
  898.000  3.738929e+02 
  899.000  3.454700e+02 
  900.000  3.405698e+02 
  901.000  3.265070e+02 
  902.000  3.219226e+02 
  903.000  3.861826e+02 
  904.000  4.220435e+02 
  905.000  4.199628e+02 
  906.000  3.902941e+02 
  907.000  3.645158e+02 
  908.000  3.345295e+02 
  909.000  3.295565e+02 
  910.000  3.364312e+02 
  911.000  3.486993e+02 
  912.000  3.430424e+02 
  913.000  3.232492e+02 
  914.000  3.347576e+02 
  915.000  3.396144e+02 
  916.000  3.468506e+02 
  917.000  3.474449e+02 
  918.000  3.534501e+02 
  919.000  3.851642e+02 
  920.000  4.024503e+02 
  921.000  3.892463e+02 
  922.000  3.854141e+02 
  923.000  3.638453e+02 
  924.000  3.658047e+02 
  925.000  3.693137e+02 
  926.000  3.551708e+02 
  927.000  3.522735e+02 
  928.000  3.302365e+02 
  929.000  2.925934e+02 
  930.000  2.525394e+02 
  931.000  2.119156e+02 
  932.000  1.612863e+02 
  933.000  1.305086e+02 
  934.000  1.014058e+02 
  935.000  9.690465e+01 
  936.000  1.060725e+02 
  937.000  1.061210e+02 
  938.000  1.371807e+02 
  939.000  2.389747e+02 
  940.000  2.551182e+02 
  941.000  2.353499e+02 
  942.000  1.942715e+02 
  943.000  1.536629e+02 
  944.000  1.459970e+02 
  945.000  1.641553e+02 
  946.000  1.676514e+02 
  947.000  1.832973e+02 
  948.000  1.945088e+02 
  949.000  1.942000e+02 
  950.000  1.956441e+02 
  951.000  2.175558e+02 
  952.000  1.936459e+02 
  953.000  2.104714e+02 
  954.000  2.277018e+02 
  955.000  1.989008e+02 
  956.000  2.096190e+02 
  957.000  2.589841e+02 
  958.000  2.682681e+02 
  959.000  2.610610e+02 
  960.000  2.564612e+02 
  961.000  2.497664e+02 
  962.000  2.551192e+02 
  963.000  2.834750e+02 
  964.000  2.846498e+02 
  965.000  2.855753e+02 
  966.000  2.791434e+02 
  967.000  3.091765e+02 
  968.000  3.431298e+02 
  969.000  3.629370e+02 
  970.000  3.650151e+02 
  971.000  3.613918e+02 
  972.000  3.588961e+02 
  973.000  3.441957e+02 
  974.000  3.255284e+02 
  975.000  3.186536e+02 
  976.000  3.330874e+02 
  977.000  3.419901e+02 
  978.000  3.491013e+02 
  979.000  3.436329e+02 
  980.000  3.668595e+02 
  981.000  3.736475e+02 
  982.000  3.688036e+02 
  983.000  3.774988e+02 
  984.000  3.849716e+02 
  985.000  3.905378e+02 
  986.000  3.947397e+02 
  987.000  4.025179e+02 
  988.000  3.983252e+02 
  989.000  3.937559e+02 
  990.000  3.978995e+02 
  991.000  4.039097e+02 
  992.000  4.009597e+02 
  993.000  4.012407e+02 
  994.000  4.057464e+02 
  995.000  4.043288e+02 
  996.000  4.042321e+02 
  997.000  4.037164e+02 
  998.000  4.009944e+02 
  999.000  3.995379e+02 
 1000.000  3.967138e+02 
 1001.000  3.963856e+02 
 1002.000  3.918366e+02 
 1003.000  3.882003e+02 
 1004.000  3.872046e+02 
 1005.000  3.626170e+02 
 1006.000  3.819818e+02 
 1007.000  3.881985e+02 
 1008.000  3.866649e+02 
 1009.000  3.801077e+02 
 1010.000  3.834160e+02 
 1011.000  3.858196e+02 
 1012.000  3.876685e+02 
 1013.000  3.861847e+02 
 1014.000  3.892356e+02 
 1015.000  3.821612e+02 
 1016.000  3.852052e+02 
 1017.000  3.817491e+02 
 1018.000  3.860025e+02 
 1019.000  3.757524e+02 
 1020.000  3.754714e+02 
 1021.000  3.802482e+02 
 1022.000  3.728385e+02 
 1023.000  3.785522e+02 
 1024.000  3.757668e+02 
 1025.000  3.782886e+02 
 1026.000  3.799106e+02 
 1027.000  3.771484e+02 
 1028.000  3.784667e+02 
 1029.000  3.737042e+02 
 1030.000  3.785030e+02 
 1031.000  3.778383e+02 
 1032.000  3.769398e+02 
 1033.000  3.701479e+02 
 1034.000  3.743125e+02 
 1035.000  3.704451e+02 
 1036.000  3.752694e+02 
 1037.000  3.674561e+02 
 1038.000  3.711709e+02 
 1039.000  3.725769e+02 
 1040.000  3.680915e+02 
 1041.000  3.699744e+02 
 1042.000  3.710558e+02 
 1043.000  3.646699e+02 
 1044.000  3.682422e+02 
 1045.000  3.664781e+02 
 1046.000  3.556958e+02 
 1047.000  3.620947e+02 
 1048.000  3.656190e+02 
 1049.000  3.632181e+02 
 1050.000  3.608742e+02 
 1051.000  3.605821e+02 
 1052.000  3.587563e+02 
 1053.000  3.589077e+02 
 1054.000  3.549295e+02 
 1055.000  3.572408e+02 
 1056.000  3.560869e+02 
 1057.000  3.549045e+02 
 1058.000  3.500387e+02 
 1059.000  3.391646e+02 
 1060.000  3.520473e+02 
 1061.000  3.396048e+02 
 1062.000  3.483493e+02 
 1063.000  3.422825e+02 
 1064.000  3.461710e+02 
 1065.000  3.450220e+02 
 1066.000  3.345008e+02 
 1067.000  3.420593e+02 
 1068.000  3.389982e+02 
 1069.000  3.124922e+02 
 1070.000  3.311512e+02 
 1071.000  3.305500e+02 
 1072.000  3.304079e+02 
 1073.000  3.192530e+02 
 1074.000  3.305562e+02 
 1075.000  3.218479e+02 
 1076.000  3.277884e+02 
 1077.000  3.256287e+02 
 1078.000  3.248837e+02 
 1079.000  3.120222e+02 
 1080.000  3.168548e+02 
 1081.000  3.049560e+02 
 1082.000  3.106845e+02 
 1083.000  3.000445e+02 
 1084.000  3.089280e+02 
 1085.000  2.988953e+02 
 1086.000  3.041530e+02 
 1087.000  2.916789e+02 
 1088.000  3.096481e+02 
 1089.000  2.899963e+02 
 1090.000  2.947539e+02 
 1091.000  2.981265e+02 
 1092.000  2.872637e+02 
 1093.000  2.751127e+02 
 1094.000  2.469617e+02 
 1095.000  2.678439e+02 
 1096.000  2.671772e+02 
 1097.000  2.618122e+02 
 1098.000  2.377952e+02 
 1099.000  2.204772e+02 
 1100.000  2.253728e+02 
 1101.000  2.273056e+02 
 1102.000  2.165730e+02 
 1103.000  2.266581e+02 
 1104.000  2.218957e+02 
 1105.000  2.139646e+02 
 1106.000  2.048264e+02 
 1107.000  2.061218e+02 
 1108.000  2.064153e+02 
 1109.000  2.131529e+02 
 1110.000  2.127681e+02 
 1111.000  2.061855e+02 
 1112.000  1.882044e+02 
 1113.000  1.661318e+02 
 1114.000  1.612506e+02 
 1115.000  1.353023e+02 
 1116.000  1.198180e+02 
 1117.000  9.273329e+01 
 1118.000  6.883472e+01 
 1119.000  5.591670e+01 
 1120.000  4.421793e+01 
 1121.000  4.195854e+01 
 1122.000  3.174459e+01 
 1123.000  3.674818e+01 
 1124.000  4.032736e+01 
 1125.000  3.755684e+01 
 1126.000  3.616345e+01 
 1127.000  3.841042e+01 
 1128.000  3.965082e+01 
 1129.000  5.080342e+01 
 1130.000  8.048785e+01 
 1131.000  9.125266e+01 
 1132.000  7.778613e+01 
 1133.000  5.482327e+01 
 1134.000  2.494680e+01 
 1135.000  2.719778e+01 
 1136.000  5.854311e+01 
 1137.000  8.180092e+01 
 1138.000  1.038045e+02 
 1139.000  1.157282e+02 
 1140.000  1.108555e+02 
 1141.000  9.824312e+01 
 1142.000  9.732092e+01 
 1143.000  8.502451e+01 
 1144.000  7.354942e+01 
 1145.000  5.939718e+01 
 1146.000  6.339091e+01 
 1147.000  7.550706e+01 
 1148.000  8.604047e+01 
 1149.000  9.133430e+01 
 1150.000  9.184668e+01 
 1151.000  9.961695e+01 
 1152.000  1.034850e+02 
 1153.000  1.092266e+02 
 1154.000  1.088488e+02 
 1155.000  1.212396e+02 
 1156.000  1.327559e+02 
 1157.000  1.627228e+02 
 1158.000  1.760826e+02 
 1159.000  1.853980e+02 
 1160.000  1.880751e+02 
 1161.000  1.958891e+02 
 1162.000  2.125249e+02 
 1163.000  2.250719e+02 
 1164.000  2.230930e+02 
 1165.000  2.287104e+02 
 1166.000  2.254135e+02 
 1167.000  2.307422e+02 
 1168.000  2.321897e+02 
 1169.000  2.258583e+02 
 1170.000  2.335136e+02 
 1171.000  2.387204e+02 
 1172.000  2.355701e+02 
 1173.000  2.316467e+02 
 1174.000  2.319087e+02 
 1175.000  2.354731e+02 
 1176.000  2.354927e+02 
 1177.000  2.399710e+02 
 1178.000  2.303482e+02 
 1179.000  2.293456e+02 
 1180.000  2.305194e+02 
 1181.000  2.242440e+02 
 1182.000  2.195154e+02 
 1183.000  2.073013e+02 
 1184.000  2.195270e+02 
 1185.000  2.295765e+02 
 1186.000  2.261021e+02 
 1187.000  2.190289e+02 
 1188.000  2.163303e+02 
 1189.000  2.078987e+02 
 1190.000  2.294438e+02 
 1191.000  2.365189e+02 
 1192.000  2.402532e+02 
 1193.000  2.392717e+02 
 1194.000  2.380956e+02 
 1195.000  2.305890e+02 
 1196.000  2.311076e+02 
 1197.000  2.287102e+02 
 1198.000  2.205040e+02 
 1199.000  2.096039e+02 
 1200.000  2.245022e+02 
 1201.000  2.267498e+02 
 1202.000  2.278145e+02 
 1203.000  2.154173e+02 
 1204.000  2.201156e+02 
 1205.000  2.331350e+02 
 1206.000  2.353728e+02 
 1207.000  2.384457e+02 
 1208.000  2.338237e+02 
 1209.000  2.174230e+02 
 1210.000  2.294708e+02 
 1211.000  2.213426e+02 
 1212.000  2.290643e+02 
 1213.000  2.330848e+02 
 1214.000  2.315372e+02 
 1215.000  2.334521e+02 
 1216.000  2.374156e+02 
 1217.000  2.409397e+02 
 1218.000  2.418577e+02 
 1219.000  2.405780e+02 
 1220.000  2.422949e+02 
 1221.000  2.422755e+02 
 1222.000  2.411279e+02 
 1223.000  2.403773e+02 
 1224.000  2.446743e+02 
 1225.000  2.438453e+02 
 1226.000  2.454523e+02 
 1227.000  2.383162e+02 
 1228.000  2.472668e+02 
 1229.000  2.481486e+02 
 1230.000  2.485908e+02 
 1231.000  2.493228e+02 
 1232.000  2.467975e+02 
 1233.000  2.489517e+02 
 1234.000  2.498264e+02 
 1235.000  2.486806e+02 
 1236.000  2.505785e+02 
 1237.000  2.510116e+02 
 1238.000  2.510824e+02 
 1239.000  2.483261e+02 
 1240.000  2.472134e+02 
 1241.000  2.492517e+02 
 1242.000  2.476213e+02 
 1243.000  2.446957e+02 
 1244.000  2.421200e+02 
 1245.000  2.460375e+02 
 1246.000  2.438512e+02 
 1247.000  2.422535e+02 
 1248.000  2.438786e+02 
 1249.000  2.428102e+02 
 1250.000  2.415627e+02 
 1251.000  2.395897e+02 
 1252.000  2.383404e+02 
 1253.000  2.358193e+02 
 1254.000  2.353230e+02 
 1255.000  2.341669e+02 
 1256.000  2.330381e+02 
 1257.000  2.295697e+02 
 1258.000  2.285387e+02 
 1259.000  2.244528e+02 
 1260.000  2.229299e+02 
 1261.000  2.205362e+02 
 1262.000  2.119213e+02 
 1263.000  2.130465e+02 
 1264.000  2.088198e+02 
 1265.000  2.088043e+02 
 1266.000  2.084839e+02 
 1267.000  2.028136e+02 
 1268.000  1.989984e+02 
 1269.000  2.000479e+02 
 1270.000  2.067455e+02 
 1271.000  2.098574e+02 
 1272.000  2.110000e+02 
 1273.000  2.126361e+02 
 1274.000  2.136544e+02 
 1275.000  2.159062e+02 
 1276.000  2.167339e+02 
 1277.000  2.166788e+02 
 1278.000  2.160868e+02 
 1279.000  2.149209e+02 
 1280.000  2.149969e+02 
 1281.000  2.101137e+02 
 1282.000  1.876396e+02 
 1283.000  2.064595e+02 
 1284.000  2.149483e+02 
 1285.000  2.168569e+02 
 1286.000  2.159788e+02 
 1287.000  2.158315e+02 
 1288.000  2.092574e+02 
 1289.000  2.088310e+02 
 1290.000  2.037793e+02 
 1291.000  2.073529e+02 
 1292.000  2.103346e+02 
 1293.000  2.106716e+02 
 1294.000  2.050126e+02 
 1295.000  2.036013e+02 
 1296.000  1.998980e+02 
 1297.000  1.955557e+02 
 1298.000  1.934166e+02 
 1299.000  1.949885e+02 
 1300.000  1.936852e+02 
 1301.000  1.925136e+02 
 1302.000  1.878613e+02 
 1303.000  1.805491e+02 
 1304.000  1.781733e+02 
 1305.000  1.782189e+02 
 1306.000  1.773590e+02 
 1307.000  1.753101e+02 
 1308.000  1.712051e+02 
 1309.000  1.657534e+02 
 1310.000  1.644902e+02 
 1311.000  1.639450e+02 
 1312.000  1.574190e+02 
 1313.000  1.445257e+02 
 1314.000  1.437103e+02 
 1315.000  1.414493e+02 
 1316.000  1.488062e+02 
 1317.000  1.501427e+02 
 1318.000  1.411634e+02 
 1319.000  1.336411e+02 
 1320.000  1.222494e+02 
 1321.000  1.178008e+02 
 1322.000  1.238102e+02 
 1323.000  1.311067e+02 
 1324.000  1.349566e+02 
 1325.000  1.322189e+02 
 1326.000  1.247142e+02 
 1327.000  1.092954e+02 
 1328.000  9.495735e+01 
 1329.000  6.851192e+01 
 1330.000  6.168448e+01 
 1331.000  5.713702e+01 
 1332.000  5.727711e+01 
 1333.000  6.313389e+01 
 1334.000  6.930518e+01 
 1335.000  7.396288e+01 
 1336.000  7.485897e+01 
 1337.000  7.587273e+01 
 1338.000  7.925772e+01 
 1339.000  7.964669e+01 
 1340.000  8.203854e+01 
 1341.000  8.111675e+01 
 1342.000  8.135559e+01 
 1343.000  7.007249e+01 
 1344.000  5.826121e+01 
 1345.000  3.456538e+01 
 1346.000  2.117092e+01 
 1347.000  1.544307e+01 
 1348.000  8.339230e+00 
 1349.000  6.585004e+00 
 1350.000  2.933801e+00 
 1351.000  2.023131e+00 
 1352.000  8.075026e-01 
 1353.000  3.041033e-01 
 1354.000  1.495821e-01 
 1355.000  6.892812e-02 
 1356.000  2.837745e-02 
 1357.000  7.904491e-03 
 1358.000  3.599132e-03 
 1359.000  5.418524e-04 
 1360.000  1.957859e-04 
 1361.000  7.412097e-05 
 1362.000  6.058197e-05 
 1363.000  1.379191e-04 
 1364.000  1.969230e-04 
 1365.000  2.026333e-04 
 1366.000  2.864907e-04 
 1367.000  2.111763e-04 
 1368.000  1.932395e-04 
 1369.000  2.128108e-04 
 1370.000  9.396560e-04 
 1371.000  4.052899e-03 
 1372.000  2.197253e-02 
 1373.000  5.353910e-02 
 1374.000  9.099013e-02 
 1375.000  1.101823e-01 
 1376.000  9.196527e-02 
 1377.000  6.699493e-02 
 1378.000  3.266900e-02 
 1379.000  1.239383e-02 
 1380.000  2.827517e-03 
 1381.000  7.035422e-04 
 1382.000  2.737520e-04 
 1383.000  2.388462e-04 
 1384.000  8.248803e-04 
 1385.000  2.042871e-03 
 1386.000  6.170223e-03 
 1387.000  3.291908e-02 
 1388.000  6.648629e-02 
 1389.000  1.022796e-01 
 1390.000  1.111966e-01 
 1391.000  9.513603e-02 
 1392.000  4.710479e-02 
 1393.000  2.495951e-02 
 1394.000  1.292570e-02 
 1395.000  1.778462e-02 
 1396.000  3.926352e-02 
 1397.000  7.816387e-02 
 1398.000  8.438592e-02 
 1399.000  7.640385e-02 
 1400.000  6.731953e-02 
 1401.000  8.726414e-02 
 1402.000  1.471969e-01 
 1403.000  2.437377e-01 
 1404.000  2.104523e-01 
 1405.000  2.713644e-01 
 1406.000  2.235321e-01 
 1407.000  2.861658e-01 
 1408.000  4.570929e-01 
 1409.000  7.662398e-01 
 1410.000  1.296934e+00 
 1411.000  2.258137e+00 
 1412.000  2.201505e+00 
 1413.000  3.097239e+00 
 1414.000  2.924373e+00 
 1415.000  4.234192e+00 
 1416.000  5.123737e+00 
 1417.000  5.869051e+00 
 1418.000  6.004333e+00 
 1419.000  6.478686e+00 
 1420.000  6.913624e+00 
 1421.000  9.624825e+00 
 1422.000  1.061398e+01 
 1423.000  1.141979e+01 
 1424.000  1.130517e+01 
 1425.000  1.091513e+01 
 1426.000  1.060794e+01 
 1427.000  1.222281e+01 
 1428.000  1.365603e+01 
 1429.000  1.494352e+01 
 1430.000  1.467034e+01 
 1431.000  1.246000e+01 
 1432.000  1.149843e+01 
 1433.000  1.141829e+01 
 1434.000  1.038953e+01 
 1435.000  1.224938e+01 
 1436.000  1.305865e+01 
 1437.000  1.355622e+01 
 1438.000  1.584422e+01 
 1439.000  1.631015e+01 
 1440.000  1.613167e+01 
 1441.000  1.743982e+01 
 1442.000  1.619632e+01 
 1443.000  1.658844e+01 
 1444.000  1.745407e+01 
 1445.000  1.764940e+01 
 1446.000  1.958988e+01 
 1447.000  2.122272e+01 
 1448.000  2.172420e+01 
 1449.000  2.060802e+01 
 1450.000  1.879182e+01 
 1451.000  1.952744e+01 
 1452.000  2.265219e+01 
 1453.000  2.912762e+01 
 1454.000  3.655967e+01 
 1455.000  4.118945e+01 
 1456.000  4.655435e+01 
 1457.000  4.778384e+01 
 1458.000  4.955010e+01 
 1459.000  4.572993e+01 
 1460.000  4.168340e+01 
 1461.000  3.977396e+01 
 1462.000  3.483824e+01 
 1463.000  3.460501e+01 
 1464.000  3.331311e+01 
 1465.000  3.068213e+01 
 1466.000  2.654139e+01 
 1467.000  2.489297e+01 
 1468.000  2.196359e+01 
 1469.000  1.879188e+01 
 1470.000  1.758280e+01 
 1471.000  2.110242e+01 
 1472.000  2.688351e+01 
 1473.000  3.600303e+01 
 1474.000  4.255421e+01 
 1475.000  4.342393e+01 
 1476.000  4.349755e+01 
 1477.000  4.119201e+01 
 1478.000  3.833191e+01 
 1479.000  3.572058e+01 
 1480.000  3.789157e+01 
 1481.000  4.070651e+01 
 1482.000  4.529117e+01 
 1483.000  4.547598e+01 
 1484.000  4.609182e+01 
 1485.000  4.640287e+01 
 1486.000  4.934719e+01 
 1487.000  5.750042e+01 
 1488.000  5.094624e+01 
 1489.000  6.988502e+01 
 1490.000  8.064420e+01 
 1491.000  8.771751e+01 
 1492.000  8.685636e+01 
 1493.000  9.281927e+01 
 1494.000  9.304591e+01 
 1495.000  9.674330e+01 
 1496.000  1.010768e+02 
 1497.000  1.039418e+02 
 1498.000  1.114948e+02 
 1499.000  1.158795e+02 
 1500.000  1.224210e+02 
 1501.000  1.208629e+02 
 1502.000  1.175595e+02 
 1503.000  1.041413e+02 
 1504.000  1.099824e+02 
 1505.000  1.141612e+02 
 1506.000  1.158931e+02 
 1507.000  1.254305e+02 
 1508.000  1.257004e+02 
 1509.000  1.286315e+02 
 1510.000  1.314496e+02 
 1511.000  1.337880e+02 
 1512.000  1.323630e+02 
 1513.000  1.326927e+02 
 1514.000  1.308790e+02 
 1515.000  1.347260e+02 
 1516.000  1.339155e+02 
 1517.000  1.342533e+02 
 1518.000  1.390360e+02 
 1519.000  1.396306e+02 
 1520.000  1.439132e+02 
 1521.000  1.429953e+02 
 1522.000  1.422092e+02 
 1523.000  1.462504e+02 
 1524.000  1.446393e+02 
 1525.000  1.408143e+02 
 1526.000  1.449934e+02 
 1527.000  1.442447e+02 
 1528.000  1.462603e+02 
 1529.000  1.458154e+02 
 1530.000  1.373114e+02 
 1531.000  1.474563e+02 
 1532.000  1.473179e+02 
 1533.000  1.470549e+02 
 1534.000  1.451973e+02 
 1535.000  1.461402e+02 
 1536.000  1.481068e+02 
 1537.000  1.489957e+02 
 1538.000  1.453683e+02 
 1539.000  1.487896e+02 
 1540.000  1.435293e+02 
 1541.000  1.466488e+02 
 1542.000  1.475192e+02 
 1543.000  1.472551e+02 
 1544.000  1.493807e+02 
 1545.000  1.503395e+02 
 1546.000  1.508046e+02 
 1547.000  1.496061e+02 
 1548.000  1.453327e+02 
 1549.000  1.490547e+02 
 1550.000  1.481712e+02 
 1551.000  1.473730e+02 
 1552.000  1.499063e+02 
 1553.000  1.492662e+02 
 1554.000  1.437592e+02 
 1555.000  1.462398e+02 
 1556.000  1.435210e+02 
 1557.000  1.482833e+02 
 1558.000  1.470636e+02 
 1559.000  1.469764e+02 
 1560.000  1.444361e+02 
 1561.000  1.477258e+02 
 1562.000  1.475459e+02 
 1563.000  1.451729e+02 
 1564.000  1.420231e+02 
 1565.000  1.437677e+02 
 1566.000  1.410413e+02 
 1567.000  1.403181e+02 
 1568.000  1.363669e+02 
 1569.000  1.356888e+02 
 1570.000  1.313403e+02 
 1571.000  1.348581e+02 
 1572.000  1.345973e+02 
 1573.000  1.327404e+02 
 1574.000  1.335950e+02 
 1575.000  1.243029e+02 
 1576.000  1.335404e+02 
 1577.000  1.207190e+02 
 1578.000  1.322667e+02 
 1579.000  1.333050e+02 
 1580.000  1.365426e+02 
 1581.000  1.356360e+02 
 1582.000  1.334275e+02 
 1583.000  1.355476e+02 
 1584.000  1.348118e+02 
 1585.000  1.391372e+02 
 1586.000  1.373881e+02 
 1587.000  1.361703e+02 
 1588.000  1.343300e+02 
 1589.000  1.228948e+02 
 1590.000  1.322873e+02 
 1591.000  1.293295e+02 
 1592.000  1.359875e+02 
 1593.000  1.386521e+02 
 1594.000  1.372280e+02 
 1595.000  1.376209e+02 
 1596.000  1.289131e+02 
 1597.000  1.333592e+02 
 1598.000  1.347111e+02 
 1599.000  1.288592e+02 
 1600.000  1.299300e+02 
 1601.000  1.244587e+02 
 1602.000  1.274193e+02 
 1603.000  1.268786e+02 
 1604.000  1.290827e+02 
 1605.000  1.271721e+02 
 1606.000  1.268675e+02 
 1607.000  1.271732e+02 
 1608.000  1.284317e+02 
 1609.000  1.279360e+02 
 1610.000  1.200967e+02 
 1611.000  1.242686e+02 
 1612.000  1.262048e+02 
 1613.000  1.297298e+02 
 1614.000  1.284543e+02 
 1615.000  1.311224e+02 
 1616.000  1.232939e+02 
 1617.000  1.274506e+02 
 1618.000  1.314190e+02 
 1619.000  1.315371e+02 
 1620.000  1.287055e+02 
 1621.000  1.271412e+02 
 1622.000  1.303391e+02 
 1623.000  1.331799e+02 
 1624.000  1.342018e+02 
 1625.000  1.312668e+02 
 1626.000  1.325083e+02 
 1627.000  1.323900e+02 
 1628.000  1.333122e+02 
 1629.000  1.331127e+02 
 1630.000  1.291793e+02 
 1631.000  1.311972e+02 
 1632.000  1.309094e+02 
 1633.000  1.291465e+02 
 1634.000  1.258560e+02 
 1635.000  1.292280e+02 
 1636.000  1.286321e+02 
 1637.000  1.226096e+02 
 1638.000  1.217130e+02 
 1639.000  1.200425e+02 
 1640.000  1.205539e+02 
 1641.000  1.195466e+02 
 1642.000  1.193929e+02 
 1643.000  1.223305e+02 
 1644.000  1.202813e+02 
 1645.000  1.202992e+02 
 1646.000  1.217423e+02 
 1647.000  1.228532e+02 
 1648.000  1.221663e+02 
 1649.000  1.193150e+02 
 1650.000  1.223355e+02 
 1651.000  1.195861e+02 
 1652.000  1.218561e+02 
 1653.000  1.206801e+02 
 1654.000  1.220315e+02 
 1655.000  1.198432e+02 
 1656.000  1.223204e+02 
 1657.000  1.214296e+02 
 1658.000  1.223117e+02 
 1659.000  1.200941e+02 
 1660.000  1.213722e+02 
 1661.000  1.218380e+02 
 1662.000  1.208477e+02 
 1663.000  1.200897e+02 
 1664.000  1.195535e+02 
 1665.000  1.183369e+02 
 1666.000  1.180099e+02 
 1667.000  1.195040e+02 
 1668.000  1.174777e+02 
 1669.000  1.179142e+02 
 1670.000  1.205618e+02 
 1671.000  1.197854e+02 
 1672.000  1.141128e+02 
 1673.000  1.172018e+02 
 1674.000  1.175694e+02 
 1675.000  1.164718e+02 
 1676.000  1.145552e+02 
 1677.000  1.151943e+02 
 1678.000  1.160319e+02 
 1679.000  1.144434e+02 
 1680.000  1.106422e+02 
 1681.000  1.068725e+02 
 1682.000  1.099551e+02 
 1683.000  1.126148e+02 
 1684.000  1.146512e+02 
 1685.000  1.147764e+02 
 1686.000  1.133961e+02 
 1687.000  1.135035e+02 
 1688.000  1.133010e+02 
 1689.000  1.119294e+02 
 1690.000  1.115225e+02 
 1691.000  1.129209e+02 
 1692.000  1.131184e+02 
 1693.000  1.127628e+02 
 1694.000  1.125942e+02 
 1695.000  1.124298e+02 
 1696.000  1.117681e+02 
 1697.000  1.109509e+02 
 1698.000  1.115427e+02 
 1699.000  1.108236e+02 
 1700.000  1.094255e+02 
 1701.000  1.097486e+02 
 1702.000  1.093844e+02 
 1703.000  1.068974e+02 
 1704.000  1.084000e+02 
 1705.000  1.088897e+02 
 1706.000  1.071248e+02 
 1707.000  1.066132e+02 
 1708.000  1.037425e+02 
 1709.000  1.056371e+02 
 1710.000  1.068057e+02 
 1711.000  9.865529e+01 
 1712.000  1.055358e+02 
 1713.000  1.058229e+02 
 1714.000  1.059337e+02 
 1715.000  1.059793e+02 
 1716.000  1.055448e+02 
 1717.000  1.046698e+02 
 1718.000  1.040926e+02 
 1719.000  1.045075e+02 
 1720.000  1.010908e+02 
 1721.000  9.958617e+01 
 1722.000  1.004961e+02 
 1723.000  9.466444e+01 
 1724.000  9.606145e+01 
 1725.000  9.784637e+01 
 1726.000  9.940255e+01 
 1727.000  9.889297e+01 
 1728.000  9.664647e+01 
 1729.000  9.891526e+01 
 1730.000  9.907503e+01 
 1731.000  9.680862e+01 
 1732.000  9.507082e+01 
 1733.000  8.898279e+01 
 1734.000  9.039021e+01 
 1735.000  8.984190e+01 
 1736.000  8.544902e+01 
 1737.000  8.406328e+01 
 1738.000  8.789585e+01 
 1739.000  8.920759e+01 
 1740.000  8.896000e+01 
 1741.000  8.672222e+01 
 1742.000  8.941918e+01 
 1743.000  8.745503e+01 
 1744.000  8.826795e+01 
 1745.000  8.564922e+01 
 1746.000  8.561620e+01 
 1747.000  8.390573e+01 
 1748.000  8.695087e+01 
 1749.000  8.670502e+01 
 1750.000  8.625943e+01 
 1751.000  8.486526e+01 
 1752.000  8.517498e+01 
 1753.000  8.484793e+01 
 1754.000  8.487547e+01 
 1755.000  8.268756e+01 
 1756.000  8.365096e+01 
 1757.000  8.371043e+01 
 1758.000  8.349040e+01 
 1759.000  8.383298e+01 
 1760.000  8.256226e+01 
 1761.000  7.955212e+01 
 1762.000  7.757794e+01 
 1763.000  7.704037e+01 
 1764.000  7.292850e+01 
 1765.000  7.420061e+01 
 1766.000  7.317546e+01 
 1767.000  7.351656e+01 
 1768.000  7.246389e+01 
 1769.000  7.263492e+01 
 1770.000  7.094036e+01 
 1771.000  7.106483e+01 
 1772.000  6.967177e+01 
 1773.000  6.944383e+01 
 1774.000  6.454128e+01 
 1775.000  6.030539e+01 
 1776.000  5.990076e+01 
 1777.000  5.627077e+01 
 1778.000  5.381048e+01 
 1779.000  5.435236e+01 
 1780.000  5.243840e+01 
 1781.000  5.159310e+01 
 1782.000  5.091428e+01 
 1783.000  4.819671e+01 
 1784.000  4.823856e+01 
 1785.000  4.815007e+01 
 1786.000  4.805853e+01 
 1787.000  4.844781e+01 
 1788.000  4.812585e+01 
 1789.000  4.301355e+01 
 1790.000  4.268729e+01 
 1791.000  3.834020e+01 
 1792.000  3.689292e+01 
 1793.000  3.179369e+01 
 1794.000  2.831406e+01 
 1795.000  2.855072e+01 
 1796.000  2.360811e+01 
 1797.000  2.031870e+01 
 1798.000  2.039335e+01 
 1799.000  1.457197e+01 
 1800.000  1.449839e+01 
 1801.000  1.081190e+01 
 1802.000  8.494808e+00 
 1803.000  8.457970e+00 
 1804.000  8.297229e+00 
 1805.000  7.671100e+00 
 1806.000  6.257955e+00 
 1807.000  5.850516e+00 
 1808.000  5.236543e+00 
 1809.000  3.647363e+00 
 1810.000  2.635780e+00 
 1811.000  2.633031e+00 
 1812.000  1.680986e+00 
 1813.000  1.685500e+00 
 1814.000  1.345357e+00 
 1815.000  6.797615e-01 
 1816.000  6.709139e-01 
 1817.000  5.350586e-01 
 1818.000  4.149120e-01 
 1819.000  2.827281e-01 
 1820.000  2.372325e-01 
 1821.000  2.391620e-01 
 1822.000  1.690829e-01 
 1823.000  1.666553e-01 
 1824.000  1.409109e-01 
 1825.000  4.402328e-02 
 1826.000  4.431162e-02 
 1827.000  2.345699e-02 
 1828.000  1.686860e-02 
 1829.000  4.740507e-03 
 1830.000  2.077483e-03 
 1831.000  2.075507e-03 
 1832.000  7.369900e-04 
 1833.000  7.114277e-04 
 1834.000  2.602525e-04 
 1835.000  4.249593e-05 
 1836.000  4.266058e-05 
 1837.000  2.039801e-05 
 1838.000  1.569602e-05 
 1839.000  2.302681e-05 
 1840.000  5.776166e-05 
 1841.000  5.913512e-05 
 1842.000  1.172999e-04 
 1843.000  1.137693e-04 
 1844.000  1.868276e-04 
 1845.000  1.607117e-04 
 1846.000  1.104124e-04 
 1847.000  6.330720e-05 
 1848.000  6.534610e-05 
 1849.000  6.510673e-05 
 1850.000  6.578787e-05 
 1851.000  6.046061e-05 
 1852.000  6.612120e-05 
 1853.000  6.477992e-05 
 1854.000  6.669519e-05 
 1855.000  7.262200e-05 
 1856.000  8.595335e-05 
 1857.000  8.962220e-05 
 1858.000  1.572053e-04 
 1859.000  4.112092e-04 
 1860.000  4.071666e-04 
 1861.000  1.088427e-03 
 1862.000  9.433191e-04 
 1863.000  1.095040e-03 
 1864.000  8.124436e-04 
 1865.000  8.174386e-04 
 1866.000  2.464234e-04 
 1867.000  2.428597e-04 
 1868.000  2.140377e-05 
 1869.000  2.448033e-05 
 1870.000  1.442404e-09 
 1871.000  0.000000e+00 
 1872.000  0.000000e+00 
 1873.000  3.623734e-09 
 1874.000  3.624629e-09 
 1875.000  4.102959e-05 
 1876.000  4.021726e-05 
 1877.000  5.225868e-04 
 1878.000  2.082124e-03 
 1879.000  2.130339e-03 
 1880.000  5.320366e-03 
 1881.000  5.490315e-03 
 1882.000  9.154896e-03 
 1883.000  1.158522e-02 
 1884.000  1.607534e-02 
 1885.000  1.600903e-02 
 1886.000  1.553527e-02 
 1887.000  1.850350e-02 
 1888.000  1.827524e-02 
 1889.000  1.253789e-02 
 1890.000  1.208366e-02 
 1891.000  9.466777e-03 
 1892.000  9.189873e-03 
 1893.000  7.264608e-03 
 1894.000  5.432252e-03 
 1895.000  5.308422e-03 
 1896.000  2.867410e-03 
 1897.000  2.858488e-03 
 1898.000  9.191126e-04 
 1899.000  9.059465e-04 
 1900.000  3.413244e-04 
 1901.000  3.430736e-04 
 1902.000  2.167747e-04 
 1903.000  4.150310e-04 
 1904.000  4.119153e-04 
 1905.000  9.382752e-04 
 1906.000  9.435393e-04 
 1907.000  1.854799e-03 
 1908.000  1.822996e-03 
 1909.000  2.287867e-03 
 1910.000  2.294416e-03 
 1911.000  2.585749e-03 
 1912.000  2.761328e-03 
 1913.000  5.102472e-03 
 1914.000  7.924033e-03 
 1915.000  7.882969e-03 
 1916.000  2.678500e-02 
 1917.000  2.695767e-02 
 1918.000  4.393290e-02 
 1919.000  4.379979e-02 
 1920.000  8.807611e-02 
 1921.000  9.170812e-02 
 1922.000  1.282945e-01 
 1923.000  1.485373e-01 
 1924.000  1.869176e-01 
 1925.000  1.965793e-01 
 1926.000  1.978257e-01 
 1927.000  3.008818e-01 
 1928.000  2.980581e-01 
 1929.000  3.476047e-01 
 1930.000  3.616478e-01 
 1931.000  6.777613e-01 
 1932.000  6.990078e-01 
 1933.000  8.384457e-01 
 1934.000  1.058391e+00 
 1935.000  1.436136e+00 
 1936.000  1.456189e+00 
 1937.000  1.569691e+00 
 1938.000  2.232431e+00 
 1939.000  2.133552e+00 
 1940.000  2.704997e+00 
 1941.000  2.731944e+00 
 1942.000  3.818719e+00 
 1943.000  3.707275e+00 
 1944.000  4.238182e+00 
 1945.000  3.982775e+00 
 1946.000  5.672884e+00 
 1947.000  6.027443e+00 
 1948.000  6.899204e+00 
 1949.000  7.393437e+00 
 1950.000  8.272344e+00 
 1951.000  8.032983e+00 
 1952.000  8.101917e+00 
 1953.000  8.751169e+00 
 1954.000  8.875426e+00 
 1955.000  8.864574e+00 
 1956.000  8.513875e+00 
 1957.000  9.520177e+00 
 1958.000  9.564927e+00 
 1959.000  1.140955e+01 
 1960.000  1.132390e+01 
 1961.000  1.446660e+01 
 1962.000  1.417906e+01 
 1963.000  1.780940e+01 
 1964.000  1.783022e+01 
 1965.000  2.290690e+01 
 1966.000  2.234728e+01 
 1967.000  2.611429e+01 
 1968.000  2.619361e+01 
 1969.000  2.966486e+01 
 1970.000  2.992630e+01 
 1971.000  3.199611e+01 
 1972.000  3.201854e+01 
 1973.000  3.242911e+01 
 1974.000  3.331824e+01 
 1975.000  3.597084e+01 
 1976.000  3.622699e+01 
 1977.000  3.817258e+01 
 1978.000  3.622828e+01 
 1979.000  3.988166e+01 
 1980.000  3.877650e+01 
 1981.000  4.140886e+01 
 1982.000  4.177567e+01 
 1983.000  4.272928e+01 
 1984.000  4.238611e+01 
 1985.000  4.302537e+01 
 1986.000  4.216488e+01 
 1987.000  4.287152e+01 
 1988.000  4.413332e+01 
 1989.000  4.396372e+01 
 1990.000  4.383762e+01 
 1991.000  4.365596e+01 
 1992.000  4.312088e+01 
 1993.000  4.127642e+01 
 1994.000  4.160939e+01 
 1995.000  3.918216e+01 
 1996.000  3.922536e+01 
 1997.000  3.285244e+01 
 1998.000  3.223017e+01 
 1999.000  2.515085e+01 
 2000.000  2.519946e+01 
 2001.000  1.885065e+01 
 2002.000  1.888112e+01 
 2003.000  1.586243e+01 
 2004.000  1.587044e+01 
 2005.000  1.631641e+01 
 2006.000  1.589290e+01 
 2007.000  1.804448e+01 
 2008.000  1.804817e+01 
 2009.000  1.945811e+01 
 2010.000  1.949400e+01 
 2011.000  1.991356e+01 
 2012.000  1.990656e+01 
 2013.000  2.024715e+01 
 2014.000  2.004868e+01 
 2015.000  2.107974e+01 
 2016.000  2.106161e+01 
 2017.000  2.355325e+01 
 2018.000  2.360898e+01 
 2019.000  2.806003e+01 
 2020.000  2.786712e+01 
 2021.000  3.171234e+01 
 2022.000  3.283011e+01 
 2023.000  3.763052e+01 
 2024.000  3.767972e+01 
 2025.000  4.107951e+01 
 2026.000  4.145229e+01 
 2027.000  4.377069e+01 
 2028.000  4.393949e+01 
 2029.000  4.529771e+01 
 2030.000  4.476829e+01 
 2031.000  4.668882e+01 
 2032.000  4.746840e+01 
 2033.000  4.883433e+01 
 2034.000  4.879609e+01 
 2035.000  4.786214e+01 
 2036.000  4.898473e+01 
 2037.000  4.929452e+01 
 2038.000  4.665031e+01 
 2039.000  4.813294e+01 
 2040.000  4.852415e+01 
 2041.000  4.803892e+01 
 2042.000  4.759203e+01 
 2043.000  4.691619e+01 
 2044.000  4.690799e+01 
 2045.000  4.516576e+01 
 2046.000  4.513510e+01 
 2047.000  4.489059e+01 
 2048.000  4.182003e+01 
 2049.000  4.205347e+01 
 2050.000  3.846278e+01 
 2051.000  3.824983e+01 
 2052.000  3.586929e+01 
 2053.000  3.536804e+01 
 2054.000  3.492702e+01 
 2055.000  3.519234e+01 
 2056.000  3.568188e+01 
 2057.000  3.554434e+01 
 2058.000  3.658505e+01 
 2059.000  3.659782e+01 
 2060.000  3.685907e+01 
 2061.000  3.588320e+01 
 2062.000  3.697102e+01 
 2063.000  3.683367e+01 
 2064.000  3.472452e+01 
 2065.000  3.676025e+01 
 2066.000  3.680692e+01 
 2067.000  3.724291e+01 
 2068.000  3.692739e+01 
 2069.000  3.805202e+01 
 2070.000  3.677800e+01 
 2071.000  3.997424e+01 
 2072.000  3.951630e+01 
 2073.000  4.227246e+01 
 2074.000  4.220911e+01 
 2075.000  4.398386e+01 
 2076.000  4.393382e+01 
 2077.000  4.530768e+01 
 2078.000  4.529722e+01 
 2079.000  4.454574e+01 
 2080.000  4.593799e+01 
 2081.000  4.549052e+01 
 2082.000  4.637441e+01 
 2083.000  4.556585e+01 
 2084.000  4.620031e+01 
 2085.000  4.658537e+01 
 2086.000  4.723072e+01 
 2087.000  4.720791e+01 
 2088.000  4.774005e+01 
 2089.000  4.780748e+01 
 2090.000  4.806510e+01 
 2091.000  4.770573e+01 
 2092.000  4.588617e+01 
 2093.000  4.748388e+01 
 2094.000  4.793084e+01 
 2095.000  4.635660e+01 
 2096.000  4.775311e+01 
 2097.000  4.746279e+01 
 2098.000  4.739783e+01 
 2099.000  4.774063e+01 
 2100.000  4.786744e+01 
 2101.000  4.825442e+01 
 2102.000  4.858387e+01 
 2103.000  4.784275e+01 
 2104.000  4.883424e+01 
 2105.000  4.879319e+01 
 2106.000  4.927784e+01 
 2107.000  4.913018e+01 
 2108.000  4.911963e+01 
 2109.000  4.886790e+01 
 2110.000  4.753176e+01 
 2111.000  4.863874e+01 
 2112.000  4.838996e+01 
 2113.000  4.814423e+01 
 2114.000  4.829567e+01 
 2115.000  4.810137e+01 
 2116.000  4.777255e+01 
 2117.000  4.654347e+01 
 2118.000  4.762011e+01 
 2119.000  4.806064e+01 
 2120.000  4.691006e+01 
 2121.000  4.814130e+01 
 2122.000  4.772646e+01 
 2123.000  4.775910e+01 
 2124.000  4.728112e+01 
 2125.000  4.830249e+01 
 2126.000  4.888155e+01 
 2127.000  4.803066e+01 
 2128.000  4.936076e+01 
 2129.000  4.924950e+01 
 2130.000  4.924461e+01 
 2131.000  4.954143e+01 
 2132.000  4.945367e+01 
 2133.000  4.955436e+01 
 2134.000  4.940480e+01 
 2135.000  4.954602e+01 
 2136.000  4.773726e+01 
 2137.000  4.940314e+01 
 2138.000  4.939267e+01 
 2139.000  4.914516e+01 
 2140.000  4.912635e+01 
 2141.000  4.917075e+01 
 2142.000  4.877131e+01 
 2143.000  4.852733e+01 
 2144.000  4.791663e+01 
 2145.000  4.743929e+01 
 2146.000  4.613799e+01 
 2147.000  4.660650e+01 
 2148.000  4.662690e+01 
 2149.000  4.540313e+01 
 2150.000  4.534798e+01 
 2151.000  4.447810e+01 
 2152.000  4.436905e+01 
 2153.000  4.393372e+01 
 2154.000  4.403770e+01 
 2155.000  4.401670e+01 
 2156.000  4.417487e+01 
 2157.000  4.406218e+01 
 2158.000  4.409922e+01 
 2159.000  4.389499e+01 
 2160.000  4.385108e+01 
 2161.000  4.380729e+01 
 2162.000  4.322007e+01 
 2163.000  4.338432e+01 
 2164.000  4.277658e+01 
 2165.000  4.146159e+01 
 2166.000  3.724351e+01 
 2167.000  4.084461e+01 
 2168.000  4.213721e+01 
 2169.000  4.325432e+01 
 2170.000  4.332727e+01 
 2171.000  4.370477e+01 
 2172.000  4.344823e+01 
 2173.000  4.360464e+01 
 2174.000  4.326186e+01 
 2175.000  4.331446e+01 
 2176.000  4.304868e+01 
 2177.000  4.248405e+01 
 2178.000  4.279368e+01 
 2179.000  4.082352e+01 
 2180.000  4.247130e+01 
 2181.000  4.240402e+01 
 2182.000  4.170368e+01 
 2183.000  4.067416e+01 
 2184.000  4.173198e+01 
 2185.000  4.183758e+01 
 2186.000  4.205220e+01 
 2187.000  4.199639e+01 
 2188.000  4.093446e+01 
 2189.000  4.091733e+01 
 2190.000  4.141344e+01 
 2191.000  4.200527e+01 
 2192.000  4.189048e+01 
 2193.000  4.124187e+01 
 2194.000  4.113412e+01 
 2195.000  4.101168e+01 
 2196.000  4.029969e+01 
 2197.000  4.014130e+01 
 2198.000  3.979941e+01 
 2199.000  3.974232e+01 
 2200.000  3.959454e+01 
 2201.000  3.986156e+01 
 2202.000  3.979726e+01 
 2203.000  4.061320e+01 
 2204.000  4.062051e+01 
 2205.000  4.050424e+01 
 2206.000  3.988541e+01 
 2207.000  3.937729e+01 
 2208.000  4.171941e+01 
 2209.000  4.085698e+01 
 2210.000  4.235978e+01 
 2211.000  4.232205e+01 
 2212.000  4.218743e+01 
 2213.000  4.226923e+01 
 2214.000  4.209953e+01 
 2215.000  4.216978e+01 
 2216.000  4.181538e+01 
 2217.000  4.121056e+01 
 2218.000  4.175056e+01 
 2219.000  4.188380e+01 
 2220.000  4.181861e+01 
 2221.000  4.174618e+01 
 2222.000  4.158054e+01 
 2223.000  4.167184e+01 
 2224.000  4.156859e+01 
 2225.000  4.146185e+01 
 2226.000  4.074555e+01 
 2227.000  4.086065e+01 
 2228.000  4.091261e+01 
 2229.000  4.127996e+01 
 2230.000  4.086582e+01 
 2231.000  4.092785e+01 
 2232.000  4.092426e+01 
 2233.000  4.080506e+01 
 2234.000  4.072863e+01 
 2235.000  4.047094e+01 
 2236.000  4.030746e+01 
 2237.000  4.032381e+01 
 2238.000  3.981150e+01 
 2239.000  3.897561e+01 
 2240.000  3.941570e+01 
 2241.000  3.980436e+01 
 2242.000  3.971555e+01 
 2243.000  3.902050e+01 
 2244.000  3.931669e+01 
 2245.000  3.931853e+01 
 2246.000  3.923406e+01 
 2247.000  3.919513e+01 
 2248.000  3.812745e+01 
 2249.000  3.892110e+01 
 2250.000  3.856676e+01 
 2251.000  3.852120e+01 
 2252.000  3.857993e+01 
 2253.000  3.796651e+01 
 2254.000  3.701770e+01 
 2255.000  3.775623e+01 
 2256.000  3.747097e+01 
 2257.000  3.746577e+01 
 2258.000  3.736014e+01 
 2259.000  3.740201e+01 
 2260.000  3.704904e+01 
 2261.000  3.686735e+01 
 2262.000  3.693348e+01 
 2263.000  3.560017e+01 
 2264.000  3.690969e+01 
 2265.000  3.669115e+01 
 2266.000  3.620187e+01 
 2267.000  3.652224e+01 
 2268.000  3.655676e+01 
 2269.000  3.647252e+01 
 2270.000  3.636422e+01 
 2271.000  3.612630e+01 
 2272.000  3.646020e+01 
 2273.000  3.643605e+01 
 2274.000  3.632731e+01 
 2275.000  3.578814e+01 
 2276.000  3.627323e+01 
 2277.000  3.627962e+01 
 2278.000  3.623930e+01 
 2279.000  3.612680e+01 
 2280.000  3.601749e+01 
 2281.000  3.415372e+01 
 2282.000  3.526406e+01 
 2283.000  3.536211e+01 
 2284.000  3.519273e+01 
 2285.000  3.506555e+01 
 2286.000  3.483856e+01 
 2287.000  3.490852e+01 
 2288.000  3.478055e+01 
 2289.000  3.421817e+01 
 2290.000  3.421685e+01 
 2291.000  3.357452e+01 
 2292.000  3.374020e+01 
 2293.000  3.367349e+01 
 2294.000  3.171270e+01 
 2295.000  3.255264e+01 
 2296.000  3.242389e+01 
 2297.000  3.187804e+01 
 2298.000  3.258529e+01 
 2299.000  3.272689e+01 
 2300.000  3.263948e+01 
 2301.000  3.261457e+01 
 2302.000  3.312821e+01 
 2303.000  3.302979e+01 
 2304.000  3.291146e+01 
 2305.000  3.342474e+01 
 2306.000  3.345979e+01 
 2307.000  3.348880e+01 
 2308.000  3.348332e+01 
 2309.000  3.325809e+01 
 2310.000  3.294102e+01 
 2311.000  3.304414e+01 
 2312.000  3.288942e+01 
 2313.000  3.220731e+01 
 2314.000  3.201938e+01 
 2315.000  3.047370e+01 
 2316.000  3.091971e+01 
 2317.000  3.061893e+01 
 2318.000  3.260535e+01 
 2319.000  3.247449e+01 
 2320.000  3.044823e+01 
 2321.000  3.049570e+01 
 2322.000  3.047181e+01 
 2323.000  2.926586e+01 
 2324.000  3.007840e+01 
 2325.000  3.032388e+01 
 2326.000  3.017887e+01 
 2327.000  3.075187e+01 
 2328.000  3.095780e+01 
 2329.000  3.065534e+01 
 2330.000  3.060249e+01 
 2331.000  3.044701e+01 
 2332.000  2.998425e+01 
 2333.000  2.996338e+01 
 2334.000  2.901227e+01 
 2335.000  2.860010e+01 
 2336.000  2.878287e+01 
 2337.000  2.788842e+01 
 2338.000  2.774428e+01 
 2339.000  2.702630e+01 
 2340.000  2.701275e+01 
 2341.000  2.704530e+01 
 2342.000  2.642693e+01 
 2343.000  2.630215e+01 
 2344.000  2.622551e+01 
 2345.000  2.578178e+01 
 2346.000  2.584332e+01 
 2347.000  2.567309e+01 
 2348.000  2.544342e+01 
 2349.000  2.556521e+01 
 2350.000  2.540317e+01 
 2351.000  2.559170e+01 
 2352.000  2.519407e+01 
 2353.000  2.460042e+01 
 2354.000  2.524013e+01 
 2355.000  2.552799e+01 
 2356.000  2.600809e+01 
 2357.000  2.579764e+01 
 2358.000  2.577515e+01 
 2359.000  2.624062e+01 
 2360.000  2.626332e+01 
 2361.000  2.607084e+01 
 2362.000  2.543816e+01 
 2363.000  2.540244e+01 
 2364.000  2.543358e+01 
 2365.000  2.437912e+01 
 2366.000  2.442945e+01 
 2367.000  2.310698e+01 
 2368.000  2.299115e+01 
 2369.000  2.277118e+01 
 2370.000  2.190229e+01 
 2371.000  2.215640e+01 
 2372.000  2.216355e+01 
 2373.000  2.199907e+01 
 2374.000  2.092516e+01 
 2375.000  2.158326e+01 
 2376.000  2.142257e+01 
 2377.000  2.135376e+01 
 2378.000  2.129090e+01 
 2379.000  2.141957e+01 
 2380.000  2.135018e+01 
 2381.000  2.076889e+01 
 2382.000  2.081938e+01 
 2383.000  1.982075e+01 
 2384.000  1.979905e+01 
 2385.000  1.995238e+01 
 2386.000  2.009881e+01 
 2387.000  2.014878e+01 
 2388.000  2.068950e+01 
 2389.000  2.061513e+01 
 2390.000  2.115902e+01 
 2391.000  2.112251e+01 
 2392.000  2.100311e+01 
 2393.000  2.116880e+01 
 2394.000  2.144409e+01 
 2395.000  2.125493e+01 
 2396.000  2.115646e+01 
 2397.000  2.125570e+01 
 2398.000  2.103390e+01 
 2399.000  2.071845e+01 
 2400.000  2.052518e+01 
 2401.000  1.988697e+01 
 2402.000  1.998847e+01 
 2403.000  1.984258e+01 
 2404.000  1.851532e+01 
 2405.000  1.863784e+01 
 2406.000  1.836733e+01 
 2407.000  1.734276e+01 
 2408.000  1.737342e+01 
 2409.000  1.731785e+01 
 2410.000  1.604952e+01 
 2411.000  1.606494e+01 
 2412.000  1.604524e+01 
 2413.000  1.520376e+01 
 2414.000  1.467485e+01 
 2415.000  1.457604e+01 
 2416.000  1.410334e+01 
 2417.000  1.474016e+01 
 2418.000  1.486891e+01 
 2419.000  1.622690e+01 
 2420.000  1.605372e+01 
 2421.000  1.601927e+01 
 2422.000  1.691893e+01 
 2423.000  1.680049e+01 
 2424.000  1.685100e+01 
 2425.000  1.714582e+01 
 2426.000  1.736281e+01 
 2427.000  1.707663e+01 
 2428.000  1.695703e+01 
 2429.000  1.707213e+01 
 2430.000  1.697053e+01 
 2431.000  1.631669e+01 
 2432.000  1.641838e+01 
 2433.000  1.622478e+01 
 2434.000  1.514547e+01 
 2435.000  1.498009e+01 
 2436.000  1.539977e+01 
 2437.000  1.531105e+01 
 2438.000  1.494416e+01 
 2439.000  1.522913e+01 
 2440.000  1.421281e+01 
 2441.000  1.404837e+01 
 2442.000  1.413564e+01 
 2443.000  1.257075e+01 
 2444.000  1.250871e+01 
 2445.000  1.126973e+01 
 2446.000  1.094505e+01 
 2447.000  1.097073e+01 
 2448.000  1.055990e+01 
 2449.000  1.056065e+01 
 2450.000  1.063516e+01 
 2451.000  1.072916e+01 
 2452.000  1.072486e+01 
 2453.000  1.089268e+01 
 2454.000  1.233164e+01 
 2455.000  1.220545e+01 
 2456.000  1.218494e+01 
 2457.000  1.156880e+01 
 2458.000  1.251227e+01 
 2459.000  1.259964e+01 
 2460.000  1.252304e+01 
 2461.000  1.180198e+01 
 2462.000  1.183369e+01 
 2463.000  1.156860e+01 
 2464.000  1.061194e+01 
 2465.000  1.052955e+01 
 2466.000  1.044829e+01 
 2467.000  9.255738e+00 
 2468.000  9.255744e+00 
 2469.000  8.978614e+00 
 2470.000  7.072283e+00 
 2471.000  7.374891e+00 
 2472.000  7.346304e+00 
 2473.000  6.799484e+00 
 2474.000  6.679052e+00 
 2475.000  6.611383e+00 
 2476.000  5.243457e+00 
 2477.000  5.320957e+00 
 2478.000  5.295839e+00 
 2479.000  4.047149e+00 
 2480.000  4.106361e+00 
 2481.000  3.882488e+00 
 2482.000  2.977263e+00 
 2483.000  2.894913e+00 
 2484.000  3.030714e+00 
 2485.000  2.407368e+00 
 2486.000  2.393063e+00 
 2487.000  2.145783e+00 
 2488.000  2.057506e+00 
 2489.000  2.056339e+00 
 2490.000  2.067332e+00 
 2491.000  2.120663e+00 
 2492.000  2.129597e+00 
 2493.000  2.096130e+00 
 2494.000  2.028321e+00 
 2495.000  2.006480e+00 
 2496.000  1.994224e+00 
 2497.000  2.208586e+00 
 2498.000  2.193925e+00 
 2499.000  2.204634e+00 
 2500.000  1.963396e+00 
 2501.000  1.564732e+00 
 2502.000  1.574357e+00 
 2503.000  1.558242e+00 
 2504.000  1.352174e+00 
 2505.000  1.367687e+00 
 2506.000  1.171028e+00 
 2507.000  6.851819e-01 
 2508.000  6.757155e-01 
 2509.000  6.732798e-01 
 2510.000  4.762106e-01 
 2511.000  4.792251e-01 
 2512.000  3.721623e-01 
 2513.000  1.845389e-01 
 2514.000  1.842666e-01 
 2515.000  1.834333e-01 
 2516.000  1.460819e-01 
 2517.000  1.448959e-01 
 2518.000  1.426804e-01 
 2519.000  4.461345e-02 
 2520.000  4.456654e-02 
 2521.000  4.466681e-02 
 2522.000  4.457180e-02 
 2523.000  2.539682e-02 
 2524.000  2.531886e-02 
 2525.000  1.588534e-02 
 2526.000  4.154063e-03 
 2527.000  4.130600e-03 
 2528.000  4.149594e-03 
 2529.000  1.899105e-03 
 2530.000  1.902711e-03 
 2531.000  1.908621e-03 
 2532.000  2.014973e-04 
 2533.000  1.998014e-04 
 2534.000  2.015120e-04 
 2535.000  1.127921e-04 
 2536.000  1.135014e-04 
 2537.000  1.124762e-04 
 2538.000  4.746462e-05 
 2539.000  4.605773e-06 
 2540.000  4.622033e-06 
 2541.000  4.650681e-06 
 2542.000  1.956901e-06 
 2543.000  2.038241e-06 
 2544.000  4.564910e-07 
 2545.000  8.316593e-08 
 2546.000  8.356127e-08 
 2547.000  8.162042e-08 
 2548.000  8.298686e-08 
 2549.000  8.457756e-08 
 2550.000  8.423039e-08 
 2551.000  1.775082e-08 
 2552.000  3.210667e-09 
 2553.000  3.184631e-09 
 2554.000  3.257400e-09 
 2555.000  0.000000e+00 
 2556.000  0.000000e+00 
 2557.000  0.000000e+00 
 2558.000  0.000000e+00 
 2559.000  0.000000e+00 
 2560.000  0.000000e+00 
 2561.000  0.000000e+00 
 2562.000  0.000000e+00 
 2563.000  0.000000e+00 
 2564.000  0.000000e+00 
 2565.000  0.000000e+00 
 2566.000  0.000000e+00 
 2567.000  0.000000e+00 
 2568.000  0.000000e+00 
 2569.000  0.000000e+00 
 2570.000  0.000000e+00 
 2571.000  0.000000e+00 
 2572.000  0.000000e+00 
 2573.000  0.000000e+00 
 2574.000  0.000000e+00 
 2575.000  0.000000e+00 
 2576.000  0.000000e+00 
 2577.000  0.000000e+00 
 2578.000  0.000000e+00 
 2579.000  0.000000e+00 
 2580.000  0.000000e+00 
 2581.000  0.000000e+00 
 2582.000  0.000000e+00 
 2583.000  0.000000e+00 
 2584.000  0.000000e+00 
 2585.000  0.000000e+00 
 2586.000  0.000000e+00 
 2587.000  0.000000e+00 
 2588.000  0.000000e+00 
 2589.000  0.000000e+00 
 2590.000  0.000000e+00 
 2591.000  0.000000e+00 
 2592.000  0.000000e+00 
 2593.000  0.000000e+00 
 2594.000  0.000000e+00 
 2595.000  0.000000e+00 
 2596.000  0.000000e+00 
 2597.000  0.000000e+00 
 2598.000  0.000000e+00 
 2599.000  0.000000e+00 
 2600.000  0.000000e+00 
 2601.000  0.000000e+00 
 2602.000  0.000000e+00 
 2603.000  0.000000e+00 
 2604.000  0.000000e+00 
 2605.000  0.000000e+00 
 2606.000  0.000000e+00 
 2607.000  0.000000e+00 
 2608.000  0.000000e+00 
 2609.000  0.000000e+00 
 2610.000  0.000000e+00 
 2611.000  0.000000e+00 
 2612.000  0.000000e+00 
 2613.000  0.000000e+00 
 2614.000  0.000000e+00 
 2615.000  0.000000e+00 
 2616.000  0.000000e+00 
 2617.000  0.000000e+00 
 2618.000  0.000000e+00 
 2619.000  0.000000e+00 
 2620.000  0.000000e+00 
 2621.000  0.000000e+00 
 2622.000  0.000000e+00 
 2623.000  0.000000e+00 
 2624.000  0.000000e+00 
 2625.000  0.000000e+00 
 2626.000  0.000000e+00 
 2627.000  0.000000e+00 
 2628.000  0.000000e+00 
 2629.000  0.000000e+00 
 2630.000  0.000000e+00 
 2631.000  0.000000e+00 
 2632.000  0.000000e+00 
 2633.000  0.000000e+00 
 2634.000  0.000000e+00 
 2635.000  0.000000e+00 
 2636.000  0.000000e+00 
 2637.000  0.000000e+00 
 2638.000  0.000000e+00 
 2639.000  0.000000e+00 
 2640.000  0.000000e+00 
 2641.000  0.000000e+00 
 2642.000  0.000000e+00 
 2643.000  0.000000e+00 
 2644.000  0.000000e+00 
 2645.000  0.000000e+00 
 2646.000  0.000000e+00 
 2647.000  0.000000e+00 
 2648.000  0.000000e+00 
 2649.000  0.000000e+00 
 2650.000  0.000000e+00 
 2651.000  0.000000e+00 
 2652.000  0.000000e+00 
 2653.000  0.000000e+00 
 2654.000  0.000000e+00 
 2655.000  0.000000e+00 
 2656.000  0.000000e+00 
 2657.000  0.000000e+00 
 2658.000  0.000000e+00 
 2659.000  0.000000e+00 
 2660.000  0.000000e+00 
 2661.000  0.000000e+00 
 2662.000  0.000000e+00 
 2663.000  0.000000e+00 
 2664.000  0.000000e+00 
 2665.000  0.000000e+00 
 2666.000  0.000000e+00 
 2667.000  0.000000e+00 
 2668.000  0.000000e+00 
 2669.000  0.000000e+00 
 2670.000  0.000000e+00 
 2671.000  0.000000e+00 
 2672.000  0.000000e+00 
 2673.000  0.000000e+00 
 2674.000  0.000000e+00 
 2675.000  0.000000e+00 
 2676.000  0.000000e+00 
 2677.000  0.000000e+00 
 2678.000  0.000000e+00 
 2679.000  0.000000e+00 
 2680.000  0.000000e+00 
 2681.000  0.000000e+00 
 2682.000  0.000000e+00 
 2683.000  0.000000e+00 
 2684.000  0.000000e+00 
 2685.000  0.000000e+00 
 2686.000  0.000000e+00 
 2687.000  0.000000e+00 
 2688.000  0.000000e+00 
 2689.000  0.000000e+00 
 2690.000  0.000000e+00 
 2691.000  0.000000e+00 
 2692.000  0.000000e+00 
 2693.000  0.000000e+00 
 2694.000  0.000000e+00 
 2695.000  0.000000e+00 
 2696.000  0.000000e+00 
 2697.000  0.000000e+00 
 2698.000  0.000000e+00 
 2699.000  0.000000e+00 
 2700.000  0.000000e+00 
 2701.000  0.000000e+00 
 2702.000  0.000000e+00 
 2703.000  0.000000e+00 
 2704.000  0.000000e+00 
 2705.000  0.000000e+00 
 2706.000  0.000000e+00 
 2707.000  0.000000e+00 
 2708.000  0.000000e+00 
 2709.000  0.000000e+00 
 2710.000  0.000000e+00 
 2711.000  0.000000e+00 
 2712.000  0.000000e+00 
 2713.000  0.000000e+00 
 2714.000  0.000000e+00 
 2715.000  0.000000e+00 
 2716.000  0.000000e+00 
 2717.000  0.000000e+00 
 2718.000  0.000000e+00 
 2719.000  0.000000e+00 
 2720.000  0.000000e+00 
 2721.000  0.000000e+00 
 2722.000  0.000000e+00 
 2723.000  0.000000e+00 
 2724.000  0.000000e+00 
 2725.000  0.000000e+00 
 2726.000  0.000000e+00 
 2727.000  0.000000e+00 
 2728.000  0.000000e+00 
 2729.000  0.000000e+00 
 2730.000  0.000000e+00 
 2731.000  0.000000e+00 
 2732.000  0.000000e+00 
 2733.000  0.000000e+00 
 2734.000  0.000000e+00 
 2735.000  0.000000e+00 
 2736.000  0.000000e+00 
 2737.000  0.000000e+00 
 2738.000  0.000000e+00 
 2739.000  0.000000e+00 
 2740.000  0.000000e+00 
 2741.000  0.000000e+00 
 2742.000  0.000000e+00 
 2743.000  0.000000e+00 
 2744.000  0.000000e+00 
 2745.000  0.000000e+00 
 2746.000  0.000000e+00 
 2747.000  0.000000e+00 
 2748.000  0.000000e+00 
 2749.000  0.000000e+00 
 2750.000  0.000000e+00 
 2751.000  0.000000e+00 
 2752.000  0.000000e+00 
 2753.000  0.000000e+00 
 2754.000  0.000000e+00 
 2755.000  0.000000e+00 
 2756.000  0.000000e+00 
 2757.000  0.000000e+00 
 2758.000  0.000000e+00 
 2759.000  0.000000e+00 
 2760.000  0.000000e+00 
 2761.000  0.000000e+00 
 2762.000  0.000000e+00 
 2763.000  0.000000e+00 
 2764.000  0.000000e+00 
 2765.000  0.000000e+00 
 2766.000  0.000000e+00 
 2767.000  0.000000e+00 
 2768.000  0.000000e+00 
 2769.000  0.000000e+00 
 2770.000  0.000000e+00 
 2771.000  0.000000e+00 
 2772.000  0.000000e+00 
 2773.000  0.000000e+00 
 2774.000  0.000000e+00 
 2775.000  0.000000e+00 
 2776.000  0.000000e+00 
 2777.000  0.000000e+00 
 2778.000  0.000000e+00 
 2779.000  0.000000e+00 
 2780.000  0.000000e+00 
 2781.000  0.000000e+00 
 2782.000  0.000000e+00 
 2783.000  0.000000e+00 
 2784.000  0.000000e+00 
 2785.000  0.000000e+00 
 2786.000  0.000000e+00 
 2787.000  0.000000e+00 
 2788.000  0.000000e+00 
 2789.000  0.000000e+00 
 2790.000  0.000000e+00 
 2791.000  0.000000e+00 
 2792.000  0.000000e+00 
 2793.000  0.000000e+00 
 2794.000  0.000000e+00 
 2795.000  0.000000e+00 
 2796.000  0.000000e+00 
 2797.000  0.000000e+00 
 2798.000  0.000000e+00 
 2799.000  0.000000e+00 
 2800.000  0.000000e+00 
 2801.000  0.000000e+00 
 2802.000  0.000000e+00 
 2803.000  0.000000e+00 
 2804.000  0.000000e+00 
 2805.000  0.000000e+00 
 2806.000  1.051845e-10 
 2807.000  1.048604e-10 
 2808.000  1.053834e-10 
 2809.000  2.911169e-07 
 2810.000  2.917902e-07 
 2811.000  2.916458e-07 
 2812.000  2.921065e-07 
 2813.000  1.247304e-06 
 2814.000  1.248021e-06 
 2815.000  1.250853e-06 
 2816.000  1.245384e-06 
 2817.000  1.463507e-05 
 2818.000  1.464273e-05 
 2819.000  1.462848e-05 
 2820.000  1.461730e-05 
 2821.000  3.879895e-05 
 2822.000  3.875458e-05 
 2823.000  3.875979e-05 
 2824.000  3.865247e-05 
 2825.000  1.815260e-04 
 2826.000  1.818703e-04 
 2827.000  1.815621e-04 
 2828.000  1.812673e-04 
 2829.000  2.230765e-04 
 2830.000  2.233081e-04 
 2831.000  2.228865e-04 
 2832.000  2.235553e-04 
 2833.000  6.092633e-04 
 2834.000  6.102258e-04 
 2835.000  6.101137e-04 
 2836.000  6.094734e-04 
 2837.000  7.001156e-04 
 2838.000  6.990223e-04 
 2839.000  7.005126e-04 
 2840.000  6.968482e-04 
 2841.000  1.635154e-03 
 2842.000  1.665219e-03 
 2843.000  1.658484e-03 
 2844.000  1.659593e-03 
 2845.000  1.862287e-03 
 2846.000  1.861636e-03 
 2847.000  1.859610e-03 
 2848.000  1.860756e-03 
 2849.000  2.480207e-03 
 2850.000  4.761957e-03 
 2851.000  4.762271e-03 
 2852.000  4.763026e-03 
 2853.000  4.788142e-03 
 2854.000  7.871143e-03 
 2855.000  7.908499e-03 
 2856.000  7.907625e-03 
 2857.000  9.703610e-03 
 2858.000  2.040917e-02 
 2859.000  2.034019e-02 
 2860.000  2.020539e-02 
 2861.000  2.034879e-02 
 2862.000  3.658122e-02 
 2863.000  3.654554e-02 
 2864.000  3.654759e-02 
 2865.000  4.494094e-02 
 2866.000  7.112815e-02 
 2867.000  7.084371e-02 
 2868.000  7.023674e-02 
 2869.000  7.057434e-02 
 2870.000  9.803174e-02 
 2871.000  9.849608e-02 
 2872.000  9.742206e-02 
 2873.000  1.105055e-01 
 2874.000  1.623881e-01 
 2875.000  1.633320e-01 
 2876.000  1.641383e-01 
 2877.000  1.643801e-01 
 2878.000  2.213074e-01 
 2879.000  2.213015e-01 
 2880.000  2.208678e-01 
 2881.000  2.210420e-01 
 2882.000  3.643498e-01 
 2883.000  3.647693e-01 
 2884.000  3.644741e-01 
 2885.000  3.635488e-01 
 2886.000  3.625632e-01 
 2887.000  4.035224e-01 
 2888.000  4.031355e-01 
 2889.000  4.010374e-01 
 2890.000  4.424477e-01 
 2891.000  5.179632e-01 
 2892.000  5.176417e-01 
 2893.000  5.168645e-01 
 2894.000  5.149096e-01 
 2895.000  5.108204e-01 
 2896.000  5.100065e-01 
 2897.000  5.102267e-01 
 2898.000  5.453759e-01 
 2899.000  5.303787e-01 
 2900.000  5.319061e-01 
 2901.000  5.304234e-01 
 2902.000  5.308278e-01 
 2903.000  6.230027e-01 
 2904.000  6.220382e-01 
 2905.000  6.222201e-01 
 2906.000  6.131580e-01 
 2907.000  7.615883e-01 
 2908.000  7.607208e-01 
 2909.000  7.604582e-01 
 2910.000  7.593963e-01 
 2911.000  7.585542e-01 
 2912.000  8.699949e-01 
 2913.000  8.674744e-01 
 2914.000  8.660179e-01 
 2915.000  9.012748e-01 
 2916.000  1.170102e+00 
 2917.000  1.179622e+00 
 2918.000  1.177965e+00 
 2919.000  1.176847e+00 
 2920.000  8.151092e+00 
 2921.000  8.146717e+00 
 2922.000  8.124528e+00 
 2923.000  8.056952e+00 
 2924.000  1.959674e+00 
 2925.000  1.980846e+00 
 2926.000  1.948933e+00 
 2927.000  1.978155e+00 
 2928.000  1.977972e+00 
 2929.000  2.131307e+00 
 2930.000  2.165572e+00 
 2931.000  2.163522e+00 
 2932.000  2.277509e+00 
 2933.000  2.283275e+00 
 2934.000  2.287057e+00 
 2935.000  2.276864e+00 
 2936.000  2.278561e+00 
 2937.000  2.075216e+00 
 2938.000  2.076134e+00 
 2939.000  2.063696e+00 
 2940.000  2.069684e+00 
 2941.000  2.131097e+00 
 2942.000  1.955447e+00 
 2943.000  1.928284e+00 
 2944.000  1.942671e+00 
 2945.000  1.944039e+00 
 2946.000  1.993601e+00 
 2947.000  1.955480e+00 
 2948.000  1.986732e+00 
 2949.000  2.039082e+00 
 2950.000  2.196193e+00 
 2951.000  2.191037e+00 
 2952.000  2.177445e+00 
 2953.000  2.190770e+00 
 2954.000  2.185165e+00 
 2955.000  2.272351e+00 
 2956.000  2.277609e+00 
 2957.000  2.274645e+00 
 2958.000  2.317595e+00 
 2959.000  2.184473e+00 
 2960.000  2.174019e+00 
 2961.000  2.168497e+00 
 2962.000  2.175970e+00 
 2963.000  1.682773e+00 
 2964.000  1.679456e+00 
 2965.000  1.679897e+00 
 2966.000  1.676313e+00 
 2967.000  1.701811e+00 
 2968.000  1.371168e+00 
 2969.000  1.367233e+00 
 2970.000  1.365402e+00 
 2971.000  1.362716e+00 
 2972.000  1.503697e+00 
 2973.000  1.503114e+00 
 2974.000  1.502334e+00 
 2975.000  1.499929e+00 
 2976.000  1.520630e+00 
 2977.000  2.038599e+00 
 2978.000  2.031940e+00 
 2979.000  2.015145e+00 
 2980.000  2.030388e+00 
 2981.000  2.873861e+00 
 2982.000  2.864087e+00 
 2983.000  2.867489e+00 
 2984.000  2.863681e+00 
 2985.000  2.895783e+00 
 2986.000  3.699841e+00 
 2987.000  3.694141e+00 
 2988.000  3.664326e+00 
 2989.000  3.683753e+00 
 2990.000  3.732664e+00 
 2991.000  3.745064e+00 
 2992.000  3.741298e+00 
 2993.000  3.735890e+00 
 2994.000  3.732282e+00 
 2995.000  3.682275e+00 
 2996.000  3.676177e+00 
 2997.000  3.608835e+00 
 2998.000  3.657503e+00 
 2999.000  3.446884e+00 
 3000.000  3.390836e+00 
 3001.000  3.443947e+00 
 3002.000  3.442941e+00 
 3003.000  3.455467e+00 
 3004.000  2.944433e+00 
 3005.000  2.945551e+00 
 3006.000  2.940109e+00 
 3007.000  2.939891e+00 
 3008.000  2.872661e+00 
 3009.000  2.878055e+00 
 3010.000  2.873154e+00 
 3011.000  2.879089e+00 
 3012.000  2.875601e+00 
 3013.000  2.675955e+00 
 3014.000  2.669615e+00 
 3015.000  2.656999e+00 
 3016.000  2.665875e+00 
 3017.000  2.402671e+00 
 3018.000  2.410848e+00 
 3019.000  2.410009e+00 
 3020.000  2.382070e+00 
 3021.000  2.379674e+00 
 3022.000  2.371500e+00 
 3023.000  2.365198e+00 
 3024.000  2.360173e+00 
 3025.000  2.355331e+00 
 3026.000  2.144158e+00 
 3027.000  2.136757e+00 
 3028.000  2.126517e+00 
 3029.000  2.134988e+00 
 3030.000  2.107223e+00 
 3031.000  1.810538e+00 
 3032.000  1.807531e+00 
 3033.000  1.773144e+00 
 3034.000  1.797967e+00 
 3035.000  1.524257e+00 
 3036.000  1.517628e+00 
 3037.000  1.507795e+00 
 3038.000  1.492082e+00 
 3039.000  1.456271e+00 
 3040.000  1.262067e+00 
 3041.000  1.295565e+00 
 3042.000  1.302653e+00 
 3043.000  1.307100e+00 
 3044.000  1.308235e+00 
 3045.000  1.160258e+00 
 3046.000  1.162137e+00 
 3047.000  1.164604e+00 
 3048.000  1.154697e+00 
 3049.000  1.147862e+00 
 3050.000  1.148508e+00 
 3051.000  1.147227e+00 
 3052.000  1.145879e+00 
 3053.000  1.143912e+00 
 3054.000  1.312352e+00 
 3055.000  1.298177e+00 
 3056.000  1.311576e+00 
 3057.000  1.308269e+00 
 3058.000  1.288734e+00 
 3059.000  1.479017e+00 
 3060.000  1.483632e+00 
 3061.000  1.483593e+00 
 3062.000  1.481659e+00 
 3063.000  1.637798e+00 
 3064.000  1.615073e+00 
 3065.000  1.618978e+00 
 3066.000  1.632548e+00 
 3067.000  1.617103e+00 
 3068.000  1.687959e+00 
 3069.000  1.712926e+00 
 3070.000  1.712255e+00 
 3071.000  1.707575e+00 
 3072.000  1.708801e+00 
 3073.000  1.726048e+00 
 3074.000  1.719850e+00 
 3075.000  1.723943e+00 
 3076.000  1.708821e+00 
 3077.000  1.434547e+00 
 3078.000  1.434946e+00 
 3079.000  1.431633e+00 
 3080.000  1.428479e+00 
 3081.000  1.421361e+00 
 3082.000  1.312450e+00 
 3083.000  1.310121e+00 
 3084.000  1.315842e+00 
 3085.000  1.314163e+00 
 3086.000  1.303993e+00 
 3087.000  1.164021e+00 
 3088.000  1.170197e+00 
 3089.000  1.169548e+00 
 3090.000  1.169299e+00 
 3091.000  1.156899e+00 
 3092.000  9.846991e-01 
 3093.000  9.843020e-01 
 3094.000  9.825675e-01 
 3095.000  9.805256e-01 
 3096.000  1.006897e+00 
 3097.000  1.003216e+00 
 3098.000  9.837150e-01 
 3099.000  9.995310e-01 
 3100.000  1.003073e+00 
 3101.000  1.051199e+00 
 3102.000  1.049916e+00 
 3103.000  1.049848e+00 
 3104.000  1.048361e+00 
 3105.000  1.049145e+00 
 3106.000  1.233313e+00 
 3107.000  1.228040e+00 
 3108.000  1.233061e+00 
 3109.000  1.230839e+00 
 3110.000  1.229544e+00 
 3111.000  1.572397e+00 
 3112.000  1.568975e+00 
 3113.000  1.559414e+00 
 3114.000  1.560637e+00 
 3115.000  1.520674e+00 
 3116.000  2.111889e+00 
 3117.000  2.199280e+00 
 3118.000  2.208360e+00 
 3119.000  2.199394e+00 
 3120.000  2.201826e+00 
 3121.000  2.514415e+00 
 3122.000  2.520964e+00 
 3123.000  2.525376e+00 
 3124.000  2.523172e+00 
 3125.000  2.536373e+00 
 3126.000  2.851977e+00 
 3127.000  2.837517e+00 
 3128.000  2.848626e+00 
 3129.000  2.822114e+00 
 3130.000  3.009669e+00 
 3131.000  2.991802e+00 
 3132.000  3.005712e+00 
 3133.000  2.998802e+00 
 3134.000  3.049128e+00 
 3135.000  2.833724e+00 
 3136.000  2.830441e+00 
 3137.000  2.829065e+00 
 3138.000  2.827807e+00 
 3139.000  2.818022e+00 
 3140.000  2.868391e+00 
 3141.000  2.875268e+00 
 3142.000  2.863247e+00 
 3143.000  2.868437e+00 
 3144.000  2.927183e+00 
 3145.000  3.414487e+00 
 3146.000  3.410553e+00 
 3147.000  3.382670e+00 
 3148.000  3.398384e+00 
 3149.000  3.398941e+00 
 3150.000  4.142975e+00 
 3151.000  4.130110e+00 
 3152.000  3.911196e+00 
 3153.000  4.127221e+00 
 3154.000  4.163337e+00 
 3155.000  5.194885e+00 
 3156.000  5.190301e+00 
 3157.000  5.176034e+00 
 3158.000  5.177098e+00 
 3159.000  5.169934e+00 
 3160.000  6.024819e+00 
 3161.000  6.011157e+00 
 3162.000  6.020743e+00 
 3163.000  6.004214e+00 
 3164.000  5.952864e+00 
 3165.000  6.067056e+00 
 3166.000  6.079194e+00 
 3167.000  6.056641e+00 
 3168.000  6.019051e+00 
 3169.000  6.046242e+00 
 3170.000  5.694579e+00 
 3171.000  5.826993e+00 
 3172.000  5.824199e+00 
 3173.000  5.822976e+00 
 3174.000  5.730769e+00 
 3175.000  5.094034e+00 
 3176.000  5.086216e+00 
 3177.000  5.082649e+00 
 3178.000  5.059018e+00 
 3179.000  5.054900e+00 
 3180.000  4.053838e+00 
 3181.000  3.986589e+00 
 3182.000  4.039577e+00 
 3183.000  4.034490e+00 
 3184.000  3.958187e+00 
 3185.000  2.690919e+00 
 3186.000  2.687033e+00 
 3187.000  2.680030e+00 
 3188.000  2.675214e+00 
 3189.000  2.678198e+00 
 3190.000  1.534649e+00 
 3191.000  1.532853e+00 
 3192.000  1.531090e+00 
 3193.000  1.528461e+00 
 3194.000  1.500765e+00 
 3195.000  7.352718e-01 
 3196.000  7.312533e-01 
 3197.000  7.335144e-01 
 3198.000  7.321966e-01 
 3199.000  7.322150e-01 
 3200.000  4.493260e-01 
 3201.000  4.380747e-01 
 3202.000  4.480485e-01 
 3203.000  4.484358e-01 
 3204.000  4.462717e-01 
 3205.000  4.386268e-01 
 3206.000  3.415182e-01 
 3207.000  3.410863e-01 
 3208.000  3.407270e-01 
 3209.000  3.403656e-01 
 3210.000  3.395880e-01 
 3211.000  3.512924e-01 
 3212.000  3.507481e-01 
 3213.000  3.505895e-01 
 3214.000  3.501228e-01 
 3215.000  3.389596e-01 
 3216.000  4.788664e-01 
 3217.000  4.784532e-01 
 3218.000  4.785930e-01 
 3219.000  4.775136e-01 
 3220.000  4.772903e-01 
 3221.000  6.659141e-01 
 3222.000  6.660246e-01 
 3223.000  6.633578e-01 
 3224.000  6.598361e-01 
 3225.000  6.605245e-01 
 3226.000  9.164474e-01 
 3227.000  9.184628e-01 
 3228.000  9.163854e-01 
 3229.000  9.139814e-01 
 3230.000  9.136996e-01 
 3231.000  9.136530e-01 
 3232.000  1.333616e+00 
 3233.000  1.331738e+00 
 3234.000  1.312422e+00 
 3235.000  1.330994e+00 
 3236.000  1.333102e+00 
 3237.000  1.614464e+00 
 3238.000  1.612619e+00 
 3239.000  1.608173e+00 
 3240.000  1.607373e+00 
 3241.000  1.603539e+00 
 3242.000  1.643016e+00 
 3243.000  1.621307e+00 
 3244.000  1.642118e+00 
 3245.000  1.638136e+00 
 3246.000  1.670002e+00 
 3247.000  1.797474e+00 
 3248.000  1.794742e+00 
 3249.000  1.791223e+00 
 3250.000  1.790821e+00 
 3251.000  1.789346e+00 
 3252.000  1.786390e+00 
 3253.000  1.620292e+00 
 3254.000  1.608360e+00 
 3255.000  1.609808e+00 
 3256.000  1.614502e+00 
 3257.000  1.638758e+00 
 3258.000  1.451857e+00 
 3259.000  1.453637e+00 
 3260.000  1.438488e+00 
 3261.000  1.450489e+00 
 3262.000  1.443598e+00 
 3263.000  1.623554e+00 
 3264.000  1.626108e+00 
 3265.000  1.626070e+00 
 3266.000  1.612087e+00 
 3267.000  1.639148e+00 
 3268.000  1.994652e+00 
 3269.000  1.984909e+00 
 3270.000  1.989173e+00 
 3271.000  1.983868e+00 
 3272.000  1.984848e+00 
 3273.000  1.978991e+00 
 3274.000  2.395989e+00 
 3275.000  2.392351e+00 
 3276.000  2.355770e+00 
 3277.000  2.385134e+00 
 3278.000  2.401859e+00 
 3279.000  2.816210e+00 
 3280.000  2.807331e+00 
 3281.000  2.770811e+00 
 3282.000  2.799245e+00 
 3283.000  2.795471e+00 
 3284.000  2.801558e+00 
 3285.000  2.729618e+00 
 3286.000  2.757666e+00 
 3287.000  2.755652e+00 
 3288.000  2.751509e+00 
 3289.000  2.768287e+00 
 3290.000  2.362005e+00 
 3291.000  2.333570e+00 
 3292.000  2.354276e+00 
 3293.000  2.347461e+00 
 3294.000  2.340331e+00 
 3295.000  1.926904e+00 
 3296.000  1.896645e+00 
 3297.000  1.850325e+00 
 3298.000  1.877467e+00 
 3299.000  1.921726e+00 
 3300.000  1.961430e+00 
 3301.000  1.656386e+00 
 3302.000  1.669246e+00 
 3303.000  1.668240e+00 
 3304.000  1.668026e+00 
 3305.000  1.666381e+00 
 3306.000  1.405736e+00 
 3307.000  1.409517e+00 
 3308.000  1.406921e+00 
 3309.000  1.406707e+00 
 3310.000  1.404386e+00 
 3311.000  1.407896e+00 
 3312.000  1.354909e+00 
 3313.000  1.349046e+00 
 3314.000  1.354669e+00 
 3315.000  1.352018e+00 
 3316.000  1.340814e+00 
 3317.000  1.630732e+00 
 3318.000  1.613790e+00 
 3319.000  1.620294e+00 
 3320.000  1.471197e+00 
 3321.000  1.615812e+00 
 3322.000  1.636943e+00 
 3323.000  2.169940e+00 
 3324.000  2.174126e+00 
 3325.000  2.156006e+00 
 3326.000  2.159224e+00 
 3327.000  2.163040e+00 
 3328.000  2.729541e+00 
 3329.000  2.729357e+00 
 3330.000  2.727538e+00 
 3331.000  2.707941e+00 
 3332.000  2.704616e+00 
 3333.000  2.758639e+00 
 3334.000  3.069228e+00 
 3335.000  3.060072e+00 
 3336.000  3.060311e+00 
 3337.000  3.046939e+00 
 3338.000  3.047815e+00 
 3339.000  3.106958e+00 
 3340.000  3.077884e+00 
 3341.000  3.057082e+00 
 3342.000  3.098089e+00 
 3343.000  3.091649e+00 
 3344.000  3.134670e+00 
 3345.000  3.194803e+00 
 3346.000  3.185482e+00 
 3347.000  3.189626e+00 
 3348.000  3.187956e+00 
 3349.000  3.182961e+00 
 3350.000  3.136050e+00 
 3351.000  3.144535e+00 
 3352.000  3.147497e+00 
 3353.000  3.096595e+00 
 3354.000  3.138580e+00 
 3355.000  3.175677e+00 
 3356.000  3.445061e+00 
 3357.000  3.436709e+00 
 3358.000  3.421678e+00 
 3359.000  3.434635e+00 
 3360.000  3.429799e+00 
 3361.000  3.422209e+00 
 3362.000  3.721157e+00 
 3363.000  3.720844e+00 
 3364.000  3.720218e+00 
 3365.000  3.699666e+00 
 3366.000  3.700463e+00 
 3367.000  3.726876e+00 
 3368.000  4.140467e+00 
 3369.000  4.111329e+00 
 3370.000  4.035905e+00 
 3371.000  4.121867e+00 
 3372.000  4.128808e+00 
 3373.000  4.533646e+00 
 3374.000  4.504032e+00 
 3375.000  4.539995e+00 
 3376.000  4.537561e+00 
 3377.000  4.519476e+00 
 3378.000  4.536522e+00 
 3379.000  4.945609e+00 
 3380.000  4.953334e+00 
 3381.000  4.933609e+00 
 3382.000  4.894175e+00 
 3383.000  4.899259e+00 
 3384.000  4.907103e+00 
 3385.000  5.187169e+00 
 3386.000  5.190714e+00 
 3387.000  5.183844e+00 
 3388.000  5.175429e+00 
 3389.000  5.196275e+00 
 3390.000  5.339656e+00 
 3391.000  5.333582e+00 
 3392.000  5.322577e+00 
 3393.000  5.315484e+00 
 3394.000  5.311088e+00 
 3395.000  5.300518e+00 
 3396.000  5.329921e+00 
 3397.000  5.156779e+00 
 3398.000  5.301688e+00 
 3399.000  5.217848e+00 
 3400.000  5.349482e+00 
 3401.000  5.098405e+00 
 3402.000  5.411134e+00 
 3403.000  5.410194e+00 
 3404.000  5.417717e+00 
 3405.000  5.408006e+00 
 3406.000  5.403895e+00 
 3407.000  5.367328e+00 
 3408.000  5.604665e+00 
 3409.000  5.513290e+00 
 3410.000  5.558597e+00 
 3411.000  5.585280e+00 
 3412.000  5.602118e+00 
 3413.000  5.873850e+00 
 3414.000  5.881777e+00 
 3415.000  5.791910e+00 
 3416.000  5.723441e+00 
 3417.000  5.858480e+00 
 3418.000  5.874246e+00 
 3419.000  6.055662e+00 
 3420.000  6.054067e+00 
 3421.000  6.042432e+00 
 3422.000  6.017040e+00 
 3423.000  6.031604e+00 
 3424.000  6.037094e+00 
 3425.000  6.209944e+00 
 3426.000  6.202472e+00 
 3427.000  6.041512e+00 
 3428.000  6.112125e+00 
 3429.000  6.163333e+00 
 3430.000  6.172574e+00 
 3431.000  6.141589e+00 
 3432.000  6.171548e+00 
 3433.000  6.151956e+00 
 3434.000  6.155511e+00 
 3435.000  6.133163e+00 
 3436.000  6.148450e+00 
 3437.000  6.124425e+00 
 3438.000  6.132642e+00 
 3439.000  6.126554e+00 
 3440.000  6.117640e+00 
 3441.000  6.113541e+00 
 3442.000  6.059251e+00 
 3443.000  6.157431e+00 
 3444.000  6.149061e+00 
 3445.000  6.131297e+00 
 3446.000  6.118616e+00 
 3447.000  6.127347e+00 
 3448.000  6.117497e+00 
 3449.000  6.172873e+00 
 3450.000  6.164030e+00 
 3451.000  6.166526e+00 
 3452.000  6.156677e+00 
 3453.000  6.150282e+00 
 3454.000  6.132442e+00 
 3455.000  6.220401e+00 
 3456.000  6.193833e+00 
 3457.000  6.203187e+00 
 3458.000  6.191348e+00 
 3459.000  6.196828e+00 
 3460.000  6.183996e+00 
 3461.000  6.249818e+00 
 3462.000  6.246366e+00 
 3463.000  6.241334e+00 
 3464.000  6.223118e+00 
 3465.000  6.223418e+00 
 3466.000  6.186943e+00 
 3467.000  6.180565e+00 
 3468.000  6.186483e+00 
 3469.000  6.180718e+00 
 3470.000  6.179278e+00 
 3471.000  6.125296e+00 
 3472.000  6.151538e+00 
 3473.000  6.115109e+00 
 3474.000  6.148111e+00 
 3475.000  6.138145e+00 
 3476.000  6.145883e+00 
 3477.000  6.079345e+00 
 3478.000  6.135785e+00 
 3479.000  6.145210e+00 
 3480.000  6.137420e+00 
 3481.000  6.117503e+00 
 3482.000  6.126145e+00 
 3483.000  6.116883e+00 
 3484.000  6.101561e+00 
 3485.000  6.129823e+00 
 3486.000  6.102006e+00 
 3487.000  6.117368e+00 
 3488.000  6.121713e+00 
 3489.000  6.114433e+00 
 3490.000  6.080904e+00 
 3491.000  6.173121e+00 
 3492.000  6.141389e+00 
 3493.000  6.158628e+00 
 3494.000  6.101675e+00 
 3495.000  6.144687e+00 
 3496.000  6.151927e+00 
 3497.000  6.177924e+00 
 3498.000  6.166990e+00 
 3499.000  6.162907e+00 
 3500.000  6.157403e+00 
 3501.000  6.094059e+00 
 3502.000  6.142364e+00 
 3503.000  6.133619e+00 
 3504.000  6.128371e+00 
 3505.000  6.121356e+00 
 3506.000  6.116351e+00 
 3507.000  6.108405e+00 
 3508.000  6.089694e+00 
 3509.000  6.024693e+00 
 3510.000  6.019362e+00 
 3511.000  6.013934e+00 
 3512.000  5.990273e+00 
 3513.000  5.996864e+00 
 3514.000  5.989910e+00 
 3515.000  5.858583e+00 
 3516.000  5.833251e+00 
 3517.000  5.841152e+00 
 3518.000  5.826785e+00 
 3519.000  5.828063e+00 
 3520.000  5.816411e+00 
 3521.000  5.820539e+00 
 3522.000  5.649178e+00 
 3523.000  5.637280e+00 
 3524.000  5.582348e+00 
 3525.000  5.642003e+00 
 3526.000  5.637132e+00 
 3527.000  5.620919e+00 
 3528.000  5.422401e+00 
 3529.000  5.415745e+00 
 3530.000  5.418381e+00 
 3531.000  5.383946e+00 
 3532.000  5.408646e+00 
 3533.000  5.402837e+00 
 3534.000  5.212849e+00 
 3535.000  5.193356e+00 
 3536.000  5.234889e+00 
 3537.000  5.228366e+00 
 3538.000  5.121952e+00 
 3539.000  5.183275e+00 
 3540.000  5.170717e+00 
 3541.000  5.178155e+00 
 3542.000  5.166775e+00 
 3543.000  5.162846e+00 
 3544.000  5.160707e+00 
 3545.000  5.146846e+00 
 3546.000  5.144003e+00 
 3547.000  5.120199e+00 
 3548.000  5.108104e+00 
 3549.000  5.108668e+00 
 3550.000  5.104238e+00 
 3551.000  5.096783e+00 
 3552.000  5.091918e+00 
 3553.000  5.127818e+00 
 3554.000  5.129841e+00 
 3555.000  5.092015e+00 
 3556.000  4.993612e+00 
 3557.000  5.113904e+00 
 3558.000  5.104080e+00 
 3559.000  5.130362e+00 
 3560.000  5.013927e+00 
 3561.000  5.108199e+00 
 3562.000  5.117505e+00 
 3563.000  5.109810e+00 
 3564.000  5.087486e+00 
 3565.000  5.100822e+00 
 3566.000  5.008296e+00 
 3567.000  5.005050e+00 
 3568.000  5.001500e+00 
 3569.000  4.989232e+00 
 3570.000  4.979083e+00 
 3571.000  4.866131e+00 
 3572.000  4.974552e+00 
 3573.000  4.974636e+00 
 3574.000  4.964669e+00 
 3575.000  4.961329e+00 
 3576.000  4.959806e+00 
 3577.000  4.945677e+00 
 3578.000  4.971622e+00 
 3579.000  4.966414e+00 
 3580.000  4.893140e+00 
 3581.000  4.943943e+00 
 3582.000  4.943134e+00 
 3583.000  4.948241e+00 
 3584.000  4.883665e+00 
 3585.000  4.975933e+00 
 3586.000  4.975273e+00 
 3587.000  4.969327e+00 
 3588.000  4.974957e+00 
 3589.000  4.966330e+00 
 3590.000  4.965703e+00 
 3591.000  5.108257e+00 
 3592.000  5.106878e+00 
 3593.000  5.087250e+00 
 3594.000  5.089022e+00 
 3595.000  5.094147e+00 
 3596.000  5.030542e+00 
 3597.000  5.033472e+00 
 3598.000  5.229942e+00 
 3599.000  5.200903e+00 
 3600.000  5.209893e+00 
 3601.000  5.192531e+00 
 3602.000  5.209239e+00 
 3603.000  5.196768e+00 
 3604.000  5.283048e+00 
 3605.000  5.270688e+00 
 3606.000  5.275715e+00 
 3607.000  5.260065e+00 
 3608.000  5.262347e+00 
 3609.000  5.252274e+00 
 3610.000  5.241479e+00 
 3611.000  5.373657e+00 
 3612.000  5.362905e+00 
 3613.000  5.357992e+00 
 3614.000  5.356133e+00 
 3615.000  5.350276e+00 
 3616.000  5.342319e+00 
 3617.000  5.465175e+00 
 3618.000  5.459221e+00 
 3619.000  5.452564e+00 
 3620.000  5.446410e+00 
 3621.000  5.438874e+00 
 3622.000  5.437899e+00 
 3623.000  5.429722e+00 
 3624.000  5.473443e+00 
 3625.000  5.468900e+00 
 3626.000  5.472498e+00 
 3627.000  5.467727e+00 
 3628.000  5.460953e+00 
 3629.000  5.441700e+00 
 3630.000  5.534684e+00 
 3631.000  5.560500e+00 
 3632.000  5.561113e+00 
 3633.000  5.552526e+00 
 3634.000  5.546496e+00 
 3635.000  5.544153e+00 
 3636.000  5.526775e+00 
 3637.000  5.585073e+00 
 3638.000  5.601926e+00 
 3639.000  5.598606e+00 
 3640.000  5.571895e+00 
 3641.000  5.588156e+00 
 3642.000  5.576761e+00 
 3643.000  5.524312e+00 
 3644.000  5.436873e+00 
 3645.000  5.464597e+00 
 3646.000  5.506626e+00 
 3647.000  5.491262e+00 
 3648.000  5.490470e+00 
 3649.000  5.469453e+00 
 3650.000  5.347916e+00 
 3651.000  5.336647e+00 
 3652.000  5.322654e+00 
 3653.000  5.209892e+00 
 3654.000  5.215049e+00 
 3655.000  5.298311e+00 
 3656.000  5.302965e+00 
 3657.000  5.027880e+00 
 3658.000  5.013334e+00 
 3659.000  4.941281e+00 
 3660.000  4.953182e+00 
 3661.000  5.013680e+00 
 3662.000  4.995557e+00 
 3663.000  4.991519e+00 
 3664.000  4.649955e+00 
 3665.000  4.646623e+00 
 3666.000  4.640828e+00 
 3667.000  4.636619e+00 
 3668.000  4.565095e+00 
 3669.000  4.623613e+00 
 3670.000  4.477993e+00 
 3671.000  4.389574e+00 
 3672.000  4.461862e+00 
 3673.000  4.458163e+00 
 3674.000  4.459040e+00 
 3675.000  4.453129e+00 
 3676.000  4.448642e+00 
 3677.000  4.508147e+00 
 3678.000  4.589239e+00 
 3679.000  4.435147e+00 
 3680.000  4.592482e+00 
 3681.000  4.589982e+00 
 3682.000  4.525879e+00 
 3683.000  4.397956e+00 
 3684.000  4.775805e+00 
 3685.000  4.832979e+00 
 3686.000  4.843669e+00 
 3687.000  4.821923e+00 
 3688.000  4.833207e+00 
 3689.000  4.810476e+00 
 3690.000  4.787340e+00 
 3691.000  5.088962e+00 
 3692.000  5.080913e+00 
 3693.000  5.096056e+00 
 3694.000  5.080986e+00 
 3695.000  5.054904e+00 
 3696.000  5.048690e+00 
 3697.000  5.194149e+00 
 3698.000  5.195960e+00 
 3699.000  5.032691e+00 
 3700.000  5.057573e+00 
 3701.000  5.101984e+00 
 3702.000  5.145787e+00 
 3703.000  5.246095e+00 
 3704.000  5.263280e+00 
 3705.000  5.153660e+00 
 3706.000  5.218025e+00 
 3707.000  5.182153e+00 
 3708.000  5.218533e+00 
 3709.000  5.110045e+00 
 3710.000  5.224836e+00 
 3711.000  5.157952e+00 
 3712.000  5.114400e+00 
 3713.000  5.180764e+00 
 3714.000  5.152706e+00 
 3715.000  5.116183e+00 
 3716.000  5.159307e+00 
 3717.000  5.170690e+00 
 3718.000  5.151554e+00 
 3719.000  5.132419e+00 
 3720.000  5.152954e+00 
 3721.000  5.102140e+00 
 3722.000  5.108078e+00 
 3723.000  5.134621e+00 
 3724.000  5.129766e+00 
 3725.000  5.035019e+00 
 3726.000  5.055294e+00 
 3727.000  5.036048e+00 
 3728.000  5.039112e+00 
 3729.000  5.013731e+00 
 3730.000  5.029657e+00 
 3731.000  5.017144e+00 
 3732.000  4.970672e+00 
 3733.000  4.976880e+00 
 3734.000  4.969831e+00 
 3735.000  4.910388e+00 
 3736.000  4.876779e+00 
 3737.000  4.913339e+00 
 3738.000  4.854411e+00 
 3739.000  4.731774e+00 
 3740.000  4.659376e+00 
 3741.000  4.617537e+00 
 3742.000  4.792648e+00 
 3743.000  4.849879e+00 
 3744.000  4.839365e+00 
 3745.000  4.690178e+00 
 3746.000  4.591694e+00 
 3747.000  4.687901e+00 
 3748.000  4.807536e+00 
 3749.000  4.792059e+00 
 3750.000  4.769420e+00 
 3751.000  4.762055e+00 
 3752.000  4.798982e+00 
 3753.000  4.636744e+00 
 3754.000  4.699403e+00 
 3755.000  4.726071e+00 
 3756.000  4.750166e+00 
 3757.000  4.737059e+00 
 3758.000  4.704385e+00 
 3759.000  4.715276e+00 
 3760.000  4.727937e+00 
 3761.000  4.749522e+00 
 3762.000  4.710988e+00 
 3763.000  4.641990e+00 
 3764.000  4.722966e+00 
 3765.000  4.705557e+00 
 3766.000  4.717949e+00 
 3767.000  4.718801e+00 
 3768.000  4.695878e+00 
 3769.000  4.685288e+00 
 3770.000  4.692771e+00 
 3771.000  4.663126e+00 
 3772.000  4.690207e+00 
 3773.000  4.624383e+00 
 3774.000  4.712971e+00 
 3775.000  4.728609e+00 
 3776.000  4.640874e+00 
 3777.000  4.630889e+00 
 3778.000  4.710212e+00 
 3779.000  4.692801e+00 
 3780.000  4.676892e+00 
 3781.000  4.713060e+00 
 3782.000  4.677932e+00 
 3783.000  4.726748e+00 
 3784.000  4.713935e+00 
 3785.000  4.713635e+00 
 3786.000  4.700381e+00 
 3787.000  4.591061e+00 
 3788.000  4.723237e+00 
 3789.000  4.720349e+00 
 3790.000  4.724553e+00 
 3791.000  4.638934e+00 
 3792.000  4.693750e+00 
 3793.000  4.643884e+00 
 3794.000  4.703968e+00 
 3795.000  4.680128e+00 
 3796.000  4.764599e+00 
 3797.000  4.767665e+00 
 3798.000  4.746933e+00 
 3799.000  4.715691e+00 
 3800.000  4.663273e+00 
 3801.000  4.754429e+00 
 3802.000  4.737166e+00 
 3803.000  4.774364e+00 
 3804.000  4.756324e+00 
 3805.000  4.759006e+00 
 3806.000  4.747416e+00 
 3807.000  4.686181e+00 
 3808.000  4.715848e+00 
 3809.000  4.730610e+00 
 3810.000  4.754079e+00 
 3811.000  4.774823e+00 
 3812.000  4.786392e+00 
 3813.000  4.753810e+00 
 3814.000  4.770950e+00 
 3815.000  4.769784e+00 
 3816.000  4.725479e+00 
 3817.000  4.778905e+00 
 3818.000  4.745339e+00 
 3819.000  4.815643e+00 
 3820.000  4.818209e+00 
 3821.000  4.815969e+00 
 3822.000  4.809676e+00 
 3823.000  4.785500e+00 
 3824.000  4.791096e+00 
 3825.000  4.783293e+00 
 3826.000  4.784122e+00 
 3827.000  4.781172e+00 
 3828.000  4.764828e+00 
 3829.000  4.765796e+00 
 3830.000  4.767016e+00 
 3831.000  4.757543e+00 
 3832.000  4.733711e+00 
 3833.000  4.704460e+00 
 3834.000  4.721052e+00 
 3835.000  4.684957e+00 
 3836.000  4.648562e+00 
 3837.000  4.686126e+00 
 3838.000  4.703214e+00 
 3839.000  4.676462e+00 
 3840.000  4.672538e+00 
 3841.000  4.667688e+00 
 3842.000  4.659044e+00 
 3843.000  4.654138e+00 
 3844.000  4.648694e+00 
 3845.000  4.646943e+00 
 3846.000  4.649865e+00 
 3847.000  4.565330e+00 
 3848.000  4.563487e+00 
 3849.000  4.558702e+00 
 3850.000  4.534535e+00 
 3851.000  4.541746e+00 
 3852.000  4.542104e+00 
 3853.000  4.524394e+00 
 3854.000  4.457863e+00 
 3855.000  4.454169e+00 
 3856.000  4.449455e+00 
 3857.000  4.441049e+00 
 3858.000  4.431314e+00 
 3859.000  4.409342e+00 
 3860.000  4.398526e+00 
 3861.000  4.421800e+00 
 3862.000  4.355360e+00 
 3863.000  4.251167e+00 
 3864.000  4.315108e+00 
 3865.000  4.330138e+00 
 3866.000  4.337993e+00 
 3867.000  4.287345e+00 
 3868.000  4.311985e+00 
 3869.000  4.229437e+00 
 3870.000  4.253386e+00 
 3871.000  4.230598e+00 
 3872.000  4.174938e+00 
 3873.000  4.241672e+00 
 3874.000  4.235456e+00 
 3875.000  4.225951e+00 
 3876.000  4.236771e+00 
 3877.000  4.232676e+00 
 3878.000  4.227699e+00 
 3879.000  4.221077e+00 
 3880.000  4.218416e+00 
 3881.000  4.210936e+00 
 3882.000  4.196356e+00 
 3883.000  4.192025e+00 
 3884.000  4.239654e+00 
 3885.000  4.124211e+00 
 3886.000  4.183177e+00 
 3887.000  4.229658e+00 
 3888.000  4.229582e+00 
 3889.000  4.228682e+00 
 3890.000  4.215000e+00 
 3891.000  4.210129e+00 
 3892.000  4.268241e+00 
 3893.000  4.267024e+00 
 3894.000  4.249736e+00 
 3895.000  4.260178e+00 
 3896.000  4.240886e+00 
 3897.000  4.196560e+00 
 3898.000  4.177343e+00 
 3899.000  4.279988e+00 
 3900.000  4.249752e+00 
 3901.000  4.270038e+00 
 3902.000  4.269022e+00 
 3903.000  4.257771e+00 
 3904.000  4.262126e+00 
 3905.000  4.257153e+00 
 3906.000  4.241409e+00 
 3907.000  4.267583e+00 
 3908.000  4.257020e+00 
 3909.000  4.259396e+00 
 3910.000  4.256480e+00 
 3911.000  4.253954e+00 
 3912.000  4.251453e+00 
 3913.000  4.245355e+00 
 3914.000  4.260001e+00 
 3915.000  4.267466e+00 
 3916.000  4.256317e+00 
 3917.000  4.255226e+00 
 3918.000  4.245265e+00 
 3919.000  4.237530e+00 
 3920.000  4.250464e+00 
 3921.000  4.230034e+00 
 3922.000  4.279652e+00 
 3923.000  4.278938e+00 
 3924.000  4.274758e+00 
 3925.000  4.274888e+00 
 3926.000  4.260304e+00 
 3927.000  4.261708e+00 
 3928.000  4.268311e+00 
 3929.000  4.264040e+00 
 3930.000  4.322808e+00 
 3931.000  4.320059e+00 
 3932.000  4.298096e+00 
 3933.000  4.308941e+00 
 3934.000  4.255537e+00 
 3935.000  4.284114e+00 
 3936.000  4.303377e+00 
 3937.000  4.301084e+00 
 3938.000  4.342579e+00 
 3939.000  4.361482e+00 
 3940.000  4.357857e+00 
 3941.000  4.352042e+00 
 3942.000  4.351375e+00 
 3943.000  4.349185e+00 
 3944.000  4.312459e+00 
 3945.000  4.466904e+00 
 3946.000  4.453430e+00 
 3947.000  4.453903e+00 
 3948.000  4.431050e+00 
 3949.000  4.444092e+00 
 3950.000  4.396310e+00 
 3951.000  4.427402e+00 
 3952.000  4.267893e+00 
 3953.000  4.414712e+00 
 3954.000  4.410136e+00 
 3955.000  4.402875e+00 
 3956.000  4.362710e+00 
 3957.000  4.371128e+00 
 3958.000  4.334029e+00 
 3959.000  4.344072e+00 
 3960.000  4.390697e+00 
 3961.000  4.404356e+00 
 3962.000  4.364895e+00 
 3963.000  4.398103e+00 
 3964.000  4.377007e+00 
 3965.000  4.373739e+00 
 3966.000  4.378036e+00 
 3967.000  4.373550e+00 
 3968.000  4.381909e+00 
 3969.000  4.359812e+00 
 3970.000  4.346627e+00 
 3971.000  4.328752e+00 
 3972.000  4.351074e+00 
 3973.000  4.311149e+00 
 3974.000  4.326939e+00 
 3975.000  4.340067e+00 
 3976.000  4.337217e+00 
 3977.000  4.267266e+00 
 3978.000  4.285287e+00 
 3979.000  4.270751e+00 
 3980.000  4.275410e+00 
 3981.000  4.284542e+00 
 3982.000  4.275315e+00 
 3983.000  4.256425e+00 
 3984.000  4.254433e+00 
 3985.000  4.210294e+00 
 3986.000  4.116705e+00 
 3987.000  4.233892e+00 
 3988.000  4.237992e+00 
 3989.000  4.208948e+00 
 3990.000  4.206929e+00 
 3991.000  4.145489e+00 
 3992.000  4.195778e+00 
 3993.000  4.113640e+00 
 3994.000  4.107561e+00 
 3995.000  4.083010e+00 
 3996.000  4.014514e+00 
 3997.000  4.119558e+00 
 3998.000  4.097133e+00 
 3999.000  4.019604e+00 
 4000.000  4.059304e+00 
