  290.000  0.000000e+00 
  291.000  2.061031e-06 
  292.000  2.714762e-05 
  293.000  8.727672e-05 
  294.000  5.963759e-04 
  295.000  1.764251e-03 
  296.000  1.070764e-02 
  297.000  1.539032e-02 
  298.000  8.432690e-02 
  299.000  1.644359e-01 
  300.000  3.134933e-01 
  301.000  9.137886e-01 
  302.000  1.068510e+00 
  303.000  2.958791e+00 
  304.000  3.524625e+00 
  305.000  6.688085e+00 
  306.000  7.626876e+00 
  307.000  1.160320e+01 
  308.000  1.538912e+01 
  309.000  1.690199e+01 
  310.000  1.927876e+01 
  311.000  3.813488e+01 
  312.000  3.325040e+01 
  313.000  4.343080e+01 
  314.000  4.558443e+01 
  315.000  5.562822e+01 
  316.000  4.438206e+01 
  317.000  6.560476e+01 
  318.000  6.515119e+01 
  319.000  7.445339e+01 
  320.000  7.364859e+01 
  321.000  9.228983e+01 
  322.000  8.316423e+01 
  323.000  7.412530e+01 
  324.000  9.489024e+01 
  325.000  1.076460e+02 
  326.000  1.508013e+02 
  327.000  1.551610e+02 
  328.000  1.311303e+02 
  329.000  1.579258e+02 
  330.000  1.684689e+02 
  331.000  1.394847e+02 
  332.000  1.560816e+02 
  333.000  1.799341e+02 
  334.000  1.534172e+02 
  335.000  1.679158e+02 
  336.000  1.284277e+02 
  337.000  1.249983e+02 
  338.000  1.550595e+02 
  339.000  1.587108e+02 
  340.000  1.815386e+02 
  341.000  1.557414e+02 
  342.000  1.659410e+02 
  343.000  1.692722e+02 
  344.000  1.554255e+02 
  345.000  2.028704e+02 
  346.000  2.284250e+02 
  347.000  2.205171e+02 
  348.000  2.106424e+02 
  349.000  2.342283e+02 
  350.000  2.427816e+02 
  351.000  2.336912e+02 
  352.000  2.427380e+02 
  353.000  2.243914e+02 
  354.000  2.624524e+02 
  355.000  2.694274e+02 
  356.000  2.579991e+02 
  357.000  1.669836e+02 
  358.000  1.836874e+02 
  359.000  1.870528e+02 
  360.000  2.808256e+02 
  361.000  2.253287e+02 
  362.000  2.501433e+02 
  363.000  2.691954e+02 
  364.000  2.717886e+02 
  365.000  2.573760e+02 
  366.000  3.572038e+02 
  367.000  3.231369e+02 
  368.000  3.080259e+02 
  369.000  2.994413e+02 
  370.000  3.480008e+02 
  371.000  2.808029e+02 
  372.000  2.985806e+02 
  373.000  3.004965e+02 
  374.000  2.349562e+02 
  375.000  2.172189e+02 
  376.000  3.135262e+02 
  377.000  3.235683e+02 
  378.000  4.219152e+02 
  379.000  3.273758e+02 
  380.000  3.089909e+02 
  381.000  3.494778e+02 
  382.000  2.630271e+02 
  383.000  1.845612e+02 
  384.000  2.043728e+02 
  385.000  3.093210e+02 
  386.000  2.414042e+02 
  387.000  2.784955e+02 
  388.000  2.771462e+02 
  389.000  3.171599e+02 
  390.000  3.861028e+02 
  391.000  4.336130e+02 
  392.000  3.867857e+02 
  393.000  2.081074e+02 
  394.000  2.310966e+02 
  395.000  3.892431e+02 
  396.000  4.019604e+02 
  397.000  1.641194e+02 
  398.000  4.606118e+02 
  399.000  5.539688e+02 
  400.000  5.458549e+02 
  401.000  5.437136e+02 
  402.000  5.774268e+02 
  403.000  5.419103e+02 
  404.000  5.834922e+02 
  405.000  5.361230e+02 
  406.000  5.330723e+02 
  407.000  5.201287e+02 
  408.000  5.644839e+02 
  409.000  6.258994e+02 
  410.000  5.241650e+02 
  411.000  6.165343e+02 
  412.000  6.398509e+02 
  413.000  6.053752e+02 
  414.000  5.950436e+02 
  415.000  6.355719e+02 
  416.000  6.326120e+02 
  417.000  6.142299e+02 
  418.000  6.016903e+02 
  419.000  6.172783e+02 
  420.000  5.231707e+02 
  421.000  6.563293e+02 
  422.000  6.296989e+02 
  423.000  5.324834e+02 
  424.000  5.864224e+02 
  425.000  6.080850e+02 
  426.000  5.852331e+02 
  427.000  5.635875e+02 
  428.000  5.713354e+02 
  429.000  5.203688e+02 
  430.000  4.157045e+02 
  431.000  3.741619e+02 
  432.000  6.742182e+02 
  433.000  6.007852e+02 
  434.000  5.716153e+02 
  435.000  6.225424e+02 
  436.000  6.910057e+02 
  437.000  6.983707e+02 
  438.000  6.262108e+02 
  439.000  6.065582e+02 
  440.000  6.804832e+02 
  441.000  6.789203e+02 
  442.000  7.157108e+02 
  443.000  7.211661e+02 
  444.000  7.171407e+02 
  445.000  7.550361e+02 
  446.000  6.726970e+02 
  447.000  7.679070e+02 
  448.000  7.813799e+02 
  449.000  7.873799e+02 
  450.000  8.052324e+02 
  451.000  8.709544e+02 
  452.000  8.103206e+02 
  453.000  7.528013e+02 
  454.000  8.032346e+02 
  455.000  8.094795e+02 
  456.000  8.297227e+02 
  457.000  8.349955e+02 
  458.000  8.209176e+02 
  459.000  8.214150e+02 
  460.000  8.148516e+02 
  461.000  8.449943e+02 
  462.000  8.318134e+02 
  463.000  8.325959e+02 
  464.000  8.359136e+02 
  465.000  8.242622e+02 
  466.000  8.509281e+02 
  467.000  8.214156e+02 
  468.000  8.700603e+02 
  469.000  8.628583e+02 
  470.000  8.513707e+02 
  471.000  8.502051e+02 
  472.000  8.609367e+02 
  473.000  8.518574e+02 
  474.000  8.589745e+02 
  475.000  8.939031e+02 
  476.000  8.665690e+02 
  477.000  8.587692e+02 
  478.000  9.014783e+02 
  479.000  8.608294e+02 
  480.000  8.780568e+02 
  481.000  8.729562e+02 
  482.000  8.914805e+02 
  483.000  8.926614e+02 
  484.000  8.585629e+02 
  485.000  8.651199e+02 
  486.000  7.016444e+02 
  487.000  7.888724e+02 
  488.000  8.568281e+02 
  489.000  7.967547e+02 
  490.000  9.073574e+02 
  491.000  8.493276e+02 
  492.000  8.164294e+02 
  493.000  8.795672e+02 
  494.000  8.499655e+02 
  495.000  9.088823e+02 
  496.000  8.854111e+02 
  497.000  8.591113e+02 
  498.000  8.390242e+02 
  499.000  8.372060e+02 
  500.000  8.337234e+02 
  501.000  8.152272e+02 
  502.000  8.100763e+02 
  503.000  8.585662e+02 
  504.000  7.989902e+02 
  505.000  8.619769e+02 
  506.000  9.230164e+02 
  507.000  8.590178e+02 
  508.000  8.240143e+02 
  509.000  8.887844e+02 
  510.000  8.613857e+02 
  511.000  8.618212e+02 
  512.000  9.047108e+02 
  513.000  8.281780e+02 
  514.000  8.109531e+02 
  515.000  8.280536e+02 
  516.000  8.699191e+02 
  517.000  6.408729e+02 
  518.000  7.935123e+02 
  519.000  7.518479e+02 
  520.000  8.278372e+02 
  521.000  8.283629e+02 
  522.000  8.612888e+02 
  523.000  8.023857e+02 
  524.000  8.706016e+02 
  525.000  8.636810e+02 
  526.000  8.231340e+02 
  527.000  7.190723e+02 
  528.000  8.636273e+02 
  529.000  8.881654e+02 
  530.000  8.392549e+02 
  531.000  9.135433e+02 
  532.000  8.715373e+02 
  533.000  7.655457e+02 
  534.000  8.325394e+02 
  535.000  8.494927e+02 
  536.000  9.014653e+02 
  537.000  8.364048e+02 
  538.000  8.756088e+02 
  539.000  8.727889e+02 
  540.000  8.542108e+02 
  541.000  7.833667e+02 
  542.000  8.739295e+02 
  543.000  8.360330e+02 
  544.000  8.818978e+02 
  545.000  8.688574e+02 
  546.000  8.496301e+02 
  547.000  8.858271e+02 
  548.000  8.220059e+02 
  549.000  8.652040e+02 
  550.000  8.464028e+02 
  551.000  8.414120e+02 
  552.000  8.780100e+02 
  553.000  8.439258e+02 
  554.000  8.718246e+02 
  555.000  8.746088e+02 
  556.000  8.508217e+02 
  557.000  8.258714e+02 
  558.000  8.575493e+02 
  559.000  8.108550e+02 
  560.000  8.146858e+02 
  561.000  8.956520e+02 
  562.000  8.222258e+02 
  563.000  8.604591e+02 
  564.000  8.485249e+02 
  565.000  8.586533e+02 
  566.000  7.918465e+02 
  567.000  8.489946e+02 
  568.000  8.450182e+02 
  569.000  8.236181e+02 
  570.000  8.288899e+02 
  571.000  8.029096e+02 
  572.000  8.455980e+02 
  573.000  8.556718e+02 
  574.000  8.514706e+02 
  575.000  8.306760e+02 
  576.000  8.159248e+02 
  577.000  8.511281e+02 
  578.000  8.280134e+02 
  579.000  8.232898e+02 
  580.000  8.532423e+02 
  581.000  8.399548e+02 
  582.000  8.540624e+02 
  583.000  8.610536e+02 
  584.000  8.592987e+02 
  585.000  8.543433e+02 
  586.000  8.184094e+02 
  587.000  8.495506e+02 
  588.000  8.345448e+02 
  589.000  7.306888e+02 
  590.000  7.627056e+02 
  591.000  8.180574e+02 
  592.000  7.990668e+02 
  593.000  8.159225e+02 
  594.000  8.220209e+02 
  595.000  8.010627e+02 
  596.000  8.293904e+02 
  597.000  8.304478e+02 
  598.000  8.170111e+02 
  599.000  8.188574e+02 
  600.000  8.222260e+02 
  601.000  8.196447e+02 
  602.000  8.115817e+02 
  603.000  8.175994e+02 
  604.000  8.446136e+02 
  605.000  8.433641e+02 
  606.000  8.342250e+02 
  607.000  8.301636e+02 
  608.000  8.277146e+02 
  609.000  8.197873e+02 
  610.000  8.072116e+02 
  611.000  8.208792e+02 
  612.000  8.107429e+02 
  613.000  7.994292e+02 
  614.000  7.710649e+02 
  615.000  8.085142e+02 
  616.000  7.692168e+02 
  617.000  7.740167e+02 
  618.000  8.109489e+02 
  619.000  8.038882e+02 
  620.000  8.161186e+02 
  621.000  8.304734e+02 
  622.000  7.869124e+02 
  623.000  7.932477e+02 
  624.000  7.942964e+02 
  625.000  7.729272e+02 
  626.000  7.766196e+02 
  627.000  7.873564e+02 
  628.000  7.680981e+02 
  629.000  7.927579e+02 
  630.000  7.688333e+02 
  631.000  7.991199e+02 
  632.000  7.433575e+02 
  633.000  8.012286e+02 
  634.000  7.788495e+02 
  635.000  7.938515e+02 
  636.000  7.669528e+02 
  637.000  7.933176e+02 
  638.000  8.075747e+02 
  639.000  8.016121e+02 
  640.000  7.776559e+02 
  641.000  7.895222e+02 
  642.000  7.809802e+02 
  643.000  7.943469e+02 
  644.000  7.857244e+02 
  645.000  7.919423e+02 
  646.000  7.569522e+02 
  647.000  7.640023e+02 
  648.000  7.588463e+02 
  649.000  7.779465e+02 
  650.000  7.277269e+02 
  651.000  7.842458e+02 
  652.000  7.634057e+02 
  653.000  7.862433e+02 
  654.000  7.755366e+02 
  655.000  7.529316e+02 
  656.000  6.402596e+02 
  657.000  6.848550e+02 
  658.000  7.654891e+02 
  659.000  7.690048e+02 
  660.000  7.759621e+02 
  661.000  7.813051e+02 
  662.000  7.935731e+02 
  663.000  7.849844e+02 
  664.000  7.730638e+02 
  665.000  7.770380e+02 
  666.000  7.869877e+02 
  667.000  7.719653e+02 
  668.000  7.770230e+02 
  669.000  7.886783e+02 
  670.000  7.796749e+02 
  671.000  7.718696e+02 
  672.000  7.697631e+02 
  673.000  7.756790e+02 
  674.000  7.775821e+02 
  675.000  7.660942e+02 
  676.000  7.809335e+02 
  677.000  7.657595e+02 
  678.000  7.787894e+02 
  679.000  7.680742e+02 
  680.000  7.621759e+02 
  681.000  7.630571e+02 
  682.000  7.616110e+02 
  683.000  7.668806e+02 
  684.000  7.528694e+02 
  685.000  7.619168e+02 
  686.000  7.274893e+02 
  687.000  6.355402e+02 
  688.000  6.654826e+02 
  689.000  6.586313e+02 
  690.000  6.773110e+02 
  691.000  6.993776e+02 
  692.000  7.049752e+02 
  693.000  6.987388e+02 
  694.000  6.935824e+02 
  695.000  6.909120e+02 
  696.000  7.046551e+02 
  697.000  7.309824e+02 
  698.000  7.122868e+02 
  699.000  7.029857e+02 
  700.000  6.985035e+02 
  701.000  6.780220e+02 
  702.000  6.783375e+02 
  703.000  7.063681e+02 
  704.000  7.092869e+02 
  705.000  7.071144e+02 
  706.000  7.011801e+02 
  707.000  6.933689e+02 
  708.000  7.165593e+02 
  709.000  6.970197e+02 
  710.000  7.068120e+02 
  711.000  7.061891e+02 
  712.000  7.018430e+02 
  713.000  6.945573e+02 
  714.000  7.048710e+02 
  715.000  6.731942e+02 
  716.000  6.831761e+02 
  717.000  6.171691e+02 
  718.000  5.843719e+02 
  719.000  5.671675e+02 
  720.000  5.556039e+02 
  721.000  6.241130e+02 
  722.000  6.583759e+02 
  723.000  6.425471e+02 
  724.000  6.056854e+02 
  725.000  6.049283e+02 
  726.000  6.019812e+02 
  727.000  6.166482e+02 
  728.000  5.999375e+02 
  729.000  5.908190e+02 
  730.000  6.100350e+02 
  731.000  5.968635e+02 
  732.000  6.339882e+02 
  733.000  6.489052e+02 
  734.000  6.743905e+02 
  735.000  6.648256e+02 
  736.000  6.448521e+02 
  737.000  6.592284e+02 
  738.000  6.654809e+02 
  739.000  6.473094e+02 
  740.000  6.609156e+02 
  741.000  6.599581e+02 
  742.000  6.508853e+02 
  743.000  6.740353e+02 
  744.000  6.820656e+02 
  745.000  6.656986e+02 
  746.000  6.760707e+02 
  747.000  6.868252e+02 
  748.000  6.751002e+02 
  749.000  6.757737e+02 
  750.000  6.655890e+02 
  751.000  6.640622e+02 
  752.000  6.751214e+02 
  753.000  6.691077e+02 
  754.000  6.798715e+02 
  755.000  6.761545e+02 
  756.000  6.631070e+02 
  757.000  6.680928e+02 
  758.000  6.662806e+02 
  759.000  5.986356e+02 
  760.000  2.192714e+02 
  761.000  1.882656e+02 
  762.000  3.838710e+02 
  763.000  3.275050e+02 
  764.000  3.614078e+02 
  765.000  4.400364e+02 
  766.000  5.089058e+02 
  767.000  5.622391e+02 
  768.000  6.154323e+02 
  769.000  6.333786e+02 
  770.000  6.400370e+02 
  771.000  6.452230e+02 
  772.000  6.438859e+02 
  773.000  6.417838e+02 
  774.000  6.491998e+02 
  775.000  6.251896e+02 
  776.000  6.512369e+02 
  777.000  6.468336e+02 
  778.000  6.434011e+02 
  779.000  6.455281e+02 
  780.000  6.375735e+02 
  781.000  6.368813e+02 
  782.000  6.445804e+02 
  783.000  6.295496e+02 
  784.000  6.328671e+02 
  785.000  6.334606e+02 
  786.000  6.208795e+02 
  787.000  6.258475e+02 
  788.000  6.142840e+02 
  789.000  6.098304e+02 
  790.000  6.029971e+02 
  791.000  6.014704e+02 
  792.000  5.934012e+02 
  793.000  5.961179e+02 
  794.000  5.967748e+02 
  795.000  5.894894e+02 
  796.000  5.883806e+02 
  797.000  5.953631e+02 
  798.000  6.028661e+02 
  799.000  6.008150e+02 
  800.000  5.801865e+02 
  801.000  5.916297e+02 
  802.000  5.900197e+02 
  803.000  5.823645e+02 
  804.000  5.901095e+02 
  805.000  5.785279e+02 
  806.000  5.970102e+02 
  807.000  5.936187e+02 
  808.000  5.884683e+02 
  809.000  5.766426e+02 
  810.000  5.719711e+02 
  811.000  5.767166e+02 
  812.000  5.687213e+02 
  813.000  5.588649e+02 
  814.000  5.481604e+02 
  815.000  5.299015e+02 
  816.000  5.093889e+02 
  817.000  5.133480e+02 
  818.000  5.115257e+02 
  819.000  5.029204e+02 
  820.000  5.102285e+02 
  821.000  5.473884e+02 
  822.000  5.170627e+02 
  823.000  4.820293e+02 
  824.000  5.253309e+02 
  825.000  5.476639e+02 
  826.000  5.472442e+02 
  827.000  5.425639e+02 
  828.000  5.263024e+02 
  829.000  5.315140e+02 
  830.000  5.291385e+02 
  831.000  5.212744e+02 
  832.000  5.326196e+02 
  833.000  5.194362e+02 
  834.000  5.311166e+02 
  835.000  5.397042e+02 
  836.000  5.436239e+02 
  837.000  5.389183e+02 
  838.000  5.444909e+02 
  839.000  5.296103e+02 
  840.000  5.445903e+02 
  841.000  5.438404e+02 
  842.000  5.424457e+02 
  843.000  5.433148e+02 
  844.000  5.363519e+02 
  845.000  5.454655e+02 
  846.000  5.513209e+02 
  847.000  5.333666e+02 
  848.000  5.474122e+02 
  849.000  5.486592e+02 
  850.000  4.736900e+02 
  851.000  5.417408e+02 
  852.000  5.213189e+02 
  853.000  5.289023e+02 
  854.000  4.251786e+02 
  855.000  4.687353e+02 
  856.000  5.332448e+02 
  857.000  5.423810e+02 
  858.000  5.340646e+02 
  859.000  5.346511e+02 
  860.000  5.302088e+02 
  861.000  5.302342e+02 
  862.000  5.287296e+02 
  863.000  5.388976e+02 
  864.000  5.379930e+02 
  865.000  5.281141e+02 
  866.000  4.430368e+02 
  867.000  4.717948e+02 
  868.000  5.117239e+02 
  869.000  5.046130e+02 
  870.000  5.254316e+02 
  871.000  5.247558e+02 
  872.000  5.227673e+02 
  873.000  5.248054e+02 
  874.000  5.132862e+02 
  875.000  5.085842e+02 
  876.000  5.126919e+02 
  877.000  5.228966e+02 
  878.000  5.136372e+02 
  879.000  5.148259e+02 
  880.000  5.116049e+02 
  881.000  4.848618e+02 
  882.000  5.115624e+02 
  883.000  5.000811e+02 
  884.000  5.043629e+02 
  885.000  5.090579e+02 
  886.000  4.916925e+02 
  887.000  4.872097e+02 
  888.000  5.017823e+02 
  889.000  5.053852e+02 
  890.000  5.032240e+02 
  891.000  4.995002e+02 
  892.000  4.948678e+02 
  893.000  4.667076e+02 
  894.000  4.772562e+02 
  895.000  4.381159e+02 
  896.000  4.383325e+02 
  897.000  4.107566e+02 
  898.000  4.033251e+02 
  899.000  3.804534e+02 
  900.000  3.740561e+02 
  901.000  3.605374e+02 
  902.000  3.549628e+02 
  903.000  4.115582e+02 
  904.000  4.409700e+02 
  905.000  4.389925e+02 
  906.000  4.129885e+02 
  907.000  3.944448e+02 
  908.000  3.676216e+02 
  909.000  3.620037e+02 
  910.000  3.687351e+02 
  911.000  3.783601e+02 
  912.000  3.740222e+02 
  913.000  3.601081e+02 
  914.000  3.689180e+02 
  915.000  3.710938e+02 
  916.000  3.780805e+02 
  917.000  3.769451e+02 
  918.000  3.811860e+02 
  919.000  4.074985e+02 
  920.000  4.197802e+02 
  921.000  4.071674e+02 
  922.000  4.032482e+02 
  923.000  3.821727e+02 
  924.000  3.879150e+02 
  925.000  3.921472e+02 
  926.000  3.776984e+02 
  927.000  3.793429e+02 
  928.000  3.627298e+02 
  929.000  3.311290e+02 
  930.000  2.975615e+02 
  931.000  2.621382e+02 
  932.000  2.153583e+02 
  933.000  1.849527e+02 
  934.000  1.535062e+02 
  935.000  1.480781e+02 
  936.000  1.581225e+02 
  937.000  1.588847e+02 
  938.000  1.907260e+02 
  939.000  2.870977e+02 
  940.000  3.006158e+02 
  941.000  2.814072e+02 
  942.000  2.417758e+02 
  943.000  2.062516e+02 
  944.000  1.973007e+02 
  945.000  2.157959e+02 
  946.000  2.197949e+02 
  947.000  2.340529e+02 
  948.000  2.447622e+02 
  949.000  2.444769e+02 
  950.000  2.452965e+02 
  951.000  2.647206e+02 
  952.000  2.426821e+02 
  953.000  2.576526e+02 
  954.000  2.720809e+02 
  955.000  2.416440e+02 
  956.000  2.550610e+02 
  957.000  2.978561e+02 
  958.000  3.060521e+02 
  959.000  3.000448e+02 
  960.000  2.952322e+02 
  961.000  2.885780e+02 
  962.000  2.933883e+02 
  963.000  3.168679e+02 
  964.000  3.167810e+02 
  965.000  3.184272e+02 
  966.000  3.105993e+02 
  967.000  3.374149e+02 
  968.000  3.631958e+02 
  969.000  3.790544e+02 
  970.000  3.808730e+02 
  971.000  3.771853e+02 
  972.000  3.759763e+02 
  973.000  3.636889e+02 
  974.000  3.476145e+02 
  975.000  3.426198e+02 
  976.000  3.551361e+02 
  977.000  3.596836e+02 
  978.000  3.674808e+02 
  979.000  3.603734e+02 
  980.000  3.795403e+02 
  981.000  3.853711e+02 
  982.000  3.814107e+02 
  983.000  3.877162e+02 
  984.000  3.926490e+02 
  985.000  3.967625e+02 
  986.000  3.990314e+02 
  987.000  4.060025e+02 
  988.000  4.015573e+02 
  989.000  3.968141e+02 
  990.000  4.007785e+02 
  991.000  4.060963e+02 
  992.000  4.029268e+02 
  993.000  4.031352e+02 
  994.000  4.068908e+02 
  995.000  4.051386e+02 
  996.000  4.050515e+02 
  997.000  4.047292e+02 
  998.000  4.024398e+02 
  999.000  4.011069e+02 
 1000.000  3.981842e+02 
 1001.000  3.985434e+02 
 1002.000  3.950619e+02 
 1003.000  3.911473e+02 
 1004.000  3.895358e+02 
 1005.000  3.645444e+02 
 1006.000  3.839215e+02 
 1007.000  3.903823e+02 
 1008.000  3.897159e+02 
 1009.000  3.842638e+02 
 1010.000  3.870906e+02 
 1011.000  3.882776e+02 
 1012.000  3.896674e+02 
 1013.000  3.878038e+02 
 1014.000  3.907101e+02 
 1015.000  3.835762e+02 
 1016.000  3.863456e+02 
 1017.000  3.827948e+02 
 1018.000  3.872448e+02 
 1019.000  3.775033e+02 
 1020.000  3.770743e+02 
 1021.000  3.814450e+02 
 1022.000  3.746278e+02 
 1023.000  3.807873e+02 
 1024.000  3.782319e+02 
 1025.000  3.799868e+02 
 1026.000  3.811341e+02 
 1027.000  3.786264e+02 
 1028.000  3.798160e+02 
 1029.000  3.746762e+02 
 1030.000  3.791675e+02 
 1031.000  3.783716e+02 
 1032.000  3.773311e+02 
 1033.000  3.704403e+02 
 1034.000  3.745177e+02 
 1035.000  3.706275e+02 
 1036.000  3.754163e+02 
 1037.000  3.675419e+02 
 1038.000  3.712256e+02 
 1039.000  3.726660e+02 
 1040.000  3.681946e+02 
 1041.000  3.700891e+02 
 1042.000  3.711651e+02 
 1043.000  3.647587e+02 
 1044.000  3.683297e+02 
 1045.000  3.666169e+02 
 1046.000  3.558549e+02 
 1047.000  3.622767e+02 
 1048.000  3.657598e+02 
 1049.000  3.633081e+02 
 1050.000  3.609797e+02 
 1051.000  3.608109e+02 
 1052.000  3.589800e+02 
 1053.000  3.590861e+02 
 1054.000  3.551700e+02 
 1055.000  3.575870e+02 
 1056.000  3.564516e+02 
 1057.000  3.554033e+02 
 1058.000  3.509419e+02 
 1059.000  3.398964e+02 
 1060.000  3.525003e+02 
 1061.000  3.400474e+02 
 1062.000  3.490468e+02 
 1063.000  3.429535e+02 
 1064.000  3.470016e+02 
 1065.000  3.460080e+02 
 1066.000  3.354240e+02 
 1067.000  3.431524e+02 
 1068.000  3.408248e+02 
 1069.000  3.146482e+02 
 1070.000  3.335139e+02 
 1071.000  3.334220e+02 
 1072.000  3.337592e+02 
 1073.000  3.226680e+02 
 1074.000  3.341408e+02 
 1075.000  3.248947e+02 
 1076.000  3.313344e+02 
 1077.000  3.297057e+02 
 1078.000  3.295863e+02 
 1079.000  3.166909e+02 
 1080.000  3.231083e+02 
 1081.000  3.111154e+02 
 1082.000  3.163945e+02 
 1083.000  3.063631e+02 
 1084.000  3.163242e+02 
 1085.000  3.080341e+02 
 1086.000  3.130533e+02 
 1087.000  2.982124e+02 
 1088.000  3.165320e+02 
 1089.000  2.990018e+02 
 1090.000  3.044550e+02 
 1091.000  3.075045e+02 
 1092.000  2.976329e+02 
 1093.000  2.878438e+02 
 1094.000  2.595186e+02 
 1095.000  2.813256e+02 
 1096.000  2.805462e+02 
 1097.000  2.755553e+02 
 1098.000  2.565528e+02 
 1099.000  2.432187e+02 
 1100.000  2.483008e+02 
 1101.000  2.497322e+02 
 1102.000  2.384166e+02 
 1103.000  2.491246e+02 
 1104.000  2.449110e+02 
 1105.000  2.385435e+02 
 1106.000  2.305928e+02 
 1107.000  2.317035e+02 
 1108.000  2.319212e+02 
 1109.000  2.379231e+02 
 1110.000  2.382621e+02 
 1111.000  2.322378e+02 
 1112.000  2.168208e+02 
 1113.000  1.980650e+02 
 1114.000  1.950002e+02 
 1115.000  1.716312e+02 
 1116.000  1.567930e+02 
 1117.000  1.304392e+02 
 1118.000  1.050514e+02 
 1119.000  9.007938e+01 
 1120.000  7.624329e+01 
 1121.000  7.364759e+01 
 1122.000  6.000327e+01 
 1123.000  6.720268e+01 
 1124.000  7.216180e+01 
 1125.000  6.811133e+01 
 1126.000  6.585455e+01 
 1127.000  6.931091e+01 
 1128.000  7.037590e+01 
 1129.000  8.445869e+01 
 1130.000  1.188253e+02 
 1131.000  1.307604e+02 
 1132.000  1.164017e+02 
 1133.000  8.906368e+01 
 1134.000  4.943507e+01 
 1135.000  5.283163e+01 
 1136.000  9.326180e+01 
 1137.000  1.198081e+02 
 1138.000  1.411250e+02 
 1139.000  1.529896e+02 
 1140.000  1.482915e+02 
 1141.000  1.342824e+02 
 1142.000  1.343275e+02 
 1143.000  1.210799e+02 
 1144.000  1.085503e+02 
 1145.000  9.282834e+01 
 1146.000  9.763513e+01 
 1147.000  1.112044e+02 
 1148.000  1.221200e+02 
 1149.000  1.275493e+02 
 1150.000  1.275201e+02 
 1151.000  1.348755e+02 
 1152.000  1.384516e+02 
 1153.000  1.438198e+02 
 1154.000  1.432071e+02 
 1155.000  1.549167e+02 
 1156.000  1.648867e+02 
 1157.000  1.919220e+02 
 1158.000  2.029973e+02 
 1159.000  2.096391e+02 
 1160.000  2.109186e+02 
 1161.000  2.159815e+02 
 1162.000  2.312304e+02 
 1163.000  2.412654e+02 
 1164.000  2.384216e+02 
 1165.000  2.438581e+02 
 1166.000  2.394616e+02 
 1167.000  2.445693e+02 
 1168.000  2.462631e+02 
 1169.000  2.390161e+02 
 1170.000  2.466479e+02 
 1171.000  2.509888e+02 
 1172.000  2.483265e+02 
 1173.000  2.448002e+02 
 1174.000  2.450334e+02 
 1175.000  2.470637e+02 
 1176.000  2.455231e+02 
 1177.000  2.509525e+02 
 1178.000  2.423964e+02 
 1179.000  2.413392e+02 
 1180.000  2.431345e+02 
 1181.000  2.379138e+02 
 1182.000  2.342728e+02 
 1183.000  2.210768e+02 
 1184.000  2.333281e+02 
 1185.000  2.420093e+02 
 1186.000  2.389212e+02 
 1187.000  2.333704e+02 
 1188.000  2.309083e+02 
 1189.000  2.207224e+02 
 1190.000  2.404100e+02 
 1191.000  2.468566e+02 
 1192.000  2.493662e+02 
 1193.000  2.486387e+02 
 1194.000  2.476003e+02 
 1195.000  2.410913e+02 
 1196.000  2.414539e+02 
 1197.000  2.395880e+02 
 1198.000  2.311363e+02 
 1199.000  2.204522e+02 
 1200.000  2.356698e+02 
 1201.000  2.377862e+02 
 1202.000  2.384172e+02 
 1203.000  2.255719e+02 
 1204.000  2.300121e+02 
 1205.000  2.414646e+02 
 1206.000  2.428724e+02 
 1207.000  2.456954e+02 
 1208.000  2.413061e+02 
 1209.000  2.249097e+02 
 1210.000  2.383430e+02 
 1211.000  2.300723e+02 
 1212.000  2.379290e+02 
 1213.000  2.413202e+02 
 1214.000  2.398710e+02 
 1215.000  2.415543e+02 
 1216.000  2.442679e+02 
 1217.000  2.466486e+02 
 1218.000  2.469250e+02 
 1219.000  2.451863e+02 
 1220.000  2.469464e+02 
 1221.000  2.468688e+02 
 1222.000  2.457105e+02 
 1223.000  2.448304e+02 
 1224.000  2.485936e+02 
 1225.000  2.476282e+02 
 1226.000  2.490563e+02 
 1227.000  2.415002e+02 
 1228.000  2.501450e+02 
 1229.000  2.506936e+02 
 1230.000  2.507503e+02 
 1231.000  2.512492e+02 
 1232.000  2.485875e+02 
 1233.000  2.506706e+02 
 1234.000  2.510486e+02 
 1235.000  2.497019e+02 
 1236.000  2.513489e+02 
 1237.000  2.516842e+02 
 1238.000  2.516548e+02 
 1239.000  2.488084e+02 
 1240.000  2.476640e+02 
 1241.000  2.496987e+02 
 1242.000  2.480468e+02 
 1243.000  2.451236e+02 
 1244.000  2.425772e+02 
 1245.000  2.465020e+02 
 1246.000  2.443517e+02 
 1247.000  2.427606e+02 
 1248.000  2.443685e+02 
 1249.000  2.432800e+02 
 1250.000  2.419909e+02 
 1251.000  2.399868e+02 
 1252.000  2.387651e+02 
 1253.000  2.362820e+02 
 1254.000  2.359202e+02 
 1255.000  2.347953e+02 
 1256.000  2.336449e+02 
 1257.000  2.301537e+02 
 1258.000  2.291826e+02 
 1259.000  2.251006e+02 
 1260.000  2.236422e+02 
 1261.000  2.212991e+02 
 1262.000  2.128380e+02 
 1263.000  2.139646e+02 
 1264.000  2.096817e+02 
 1265.000  2.096797e+02 
 1266.000  2.094683e+02 
 1267.000  2.038274e+02 
 1268.000  1.999483e+02 
 1269.000  2.009926e+02 
 1270.000  2.079659e+02 
 1271.000  2.113048e+02 
 1272.000  2.125138e+02 
 1273.000  2.140580e+02 
 1274.000  2.148989e+02 
 1275.000  2.172201e+02 
 1276.000  2.182268e+02 
 1277.000  2.184597e+02 
 1278.000  2.182360e+02 
 1279.000  2.172287e+02 
 1280.000  2.171683e+02 
 1281.000  2.121316e+02 
 1282.000  1.893221e+02 
 1283.000  2.083969e+02 
 1284.000  2.171411e+02 
 1285.000  2.191231e+02 
 1286.000  2.185652e+02 
 1287.000  2.188969e+02 
 1288.000  2.136582e+02 
 1289.000  2.137581e+02 
 1290.000  2.087260e+02 
 1291.000  2.122637e+02 
 1292.000  2.148774e+02 
 1293.000  2.152504e+02 
 1294.000  2.101584e+02 
 1295.000  2.097009e+02 
 1296.000  2.069833e+02 
 1297.000  2.033738e+02 
 1298.000  2.013457e+02 
 1299.000  2.031928e+02 
 1300.000  2.020119e+02 
 1301.000  2.011133e+02 
 1302.000  1.968980e+02 
 1303.000  1.909590e+02 
 1304.000  1.892282e+02 
 1305.000  1.895728e+02 
 1306.000  1.890263e+02 
 1307.000  1.872690e+02 
 1308.000  1.840773e+02 
 1309.000  1.797582e+02 
 1310.000  1.785434e+02 
 1311.000  1.780424e+02 
 1312.000  1.725732e+02 
 1313.000  1.602966e+02 
 1314.000  1.610478e+02 
 1315.000  1.578223e+02 
 1316.000  1.649821e+02 
 1317.000  1.665478e+02 
 1318.000  1.586082e+02 
 1319.000  1.528048e+02 
 1320.000  1.428184e+02 
 1321.000  1.388371e+02 
 1322.000  1.441165e+02 
 1323.000  1.506816e+02 
 1324.000  1.540063e+02 
 1325.000  1.517583e+02 
 1326.000  1.451254e+02 
 1327.000  1.314787e+02 
 1328.000  1.185864e+02 
 1329.000  9.219437e+01 
 1330.000  8.576653e+01 
 1331.000  8.110280e+01 
 1332.000  8.096049e+01 
 1333.000  8.763327e+01 
 1334.000  9.417250e+01 
 1335.000  9.897282e+01 
 1336.000  9.973234e+01 
 1337.000  1.011896e+02 
 1338.000  1.045108e+02 
 1339.000  1.052591e+02 
 1340.000  1.074178e+02 
 1341.000  1.080480e+02 
 1342.000  1.082146e+02 
 1343.000  9.840448e+01 
 1344.000  8.651039e+01 
 1345.000  5.931863e+01 
 1346.000  4.239615e+01 
 1347.000  3.353178e+01 
 1348.000  2.215349e+01 
 1349.000  1.854514e+01 
 1350.000  1.074666e+01 
 1351.000  8.131574e+00 
 1352.000  4.403658e+00 
 1353.000  2.194294e+00 
 1354.000  1.351928e+00 
 1355.000  7.919220e-01 
 1356.000  4.322240e-01 
 1357.000  1.841913e-01 
 1358.000  1.024961e-01 
 1359.000  2.709504e-02 
 1360.000  1.256576e-02 
 1361.000  6.492151e-03 
 1362.000  5.571165e-03 
 1363.000  1.074701e-02 
 1364.000  1.407595e-02 
 1365.000  1.482979e-02 
 1366.000  1.935303e-02 
 1367.000  1.476174e-02 
 1368.000  1.284837e-02 
 1369.000  1.373495e-02 
 1370.000  3.907287e-02 
 1371.000  1.168901e-01 
 1372.000  3.970077e-01 
 1373.000  7.732987e-01 
 1374.000  1.136318e+00 
 1375.000  1.305220e+00 
 1376.000  1.139307e+00 
 1377.000  9.015016e-01 
 1378.000  5.315717e-01 
 1379.000  2.576754e-01 
 1380.000  8.638017e-02 
 1381.000  3.045535e-02 
 1382.000  1.524486e-02 
 1383.000  1.396474e-02 
 1384.000  3.530406e-02 
 1385.000  6.941833e-02 
 1386.000  1.569335e-01 
 1387.000  5.292109e-01 
 1388.000  8.977783e-01 
 1389.000  1.207147e+00 
 1390.000  1.278421e+00 
 1391.000  1.125918e+00 
 1392.000  6.639819e-01 
 1393.000  4.064395e-01 
 1394.000  2.474348e-01 
 1395.000  3.125697e-01 
 1396.000  5.668045e-01 
 1397.000  9.363872e-01 
 1398.000  9.912067e-01 
 1399.000  8.981844e-01 
 1400.000  8.109635e-01 
 1401.000  9.508207e-01 
 1402.000  1.411845e+00 
 1403.000  1.966844e+00 
 1404.000  1.759107e+00 
 1405.000  2.034909e+00 
 1406.000  1.760088e+00 
 1407.000  2.012539e+00 
 1408.000  2.854379e+00 
 1409.000  4.045163e+00 
 1410.000  5.992378e+00 
 1411.000  8.744015e+00 
 1412.000  8.491873e+00 
 1413.000  1.059276e+01 
 1414.000  1.018155e+01 
 1415.000  1.294886e+01 
 1416.000  1.491711e+01 
 1417.000  1.610171e+01 
 1418.000  1.637770e+01 
 1419.000  1.694174e+01 
 1420.000  1.777074e+01 
 1421.000  2.245774e+01 
 1422.000  2.401554e+01 
 1423.000  2.503586e+01 
 1424.000  2.485278e+01 
 1425.000  2.412605e+01 
 1426.000  2.336880e+01 
 1427.000  2.592434e+01 
 1428.000  2.826121e+01 
 1429.000  2.984085e+01 
 1430.000  2.907594e+01 
 1431.000  2.546957e+01 
 1432.000  2.399049e+01 
 1433.000  2.386461e+01 
 1434.000  2.218340e+01 
 1435.000  2.518348e+01 
 1436.000  2.641445e+01 
 1437.000  2.715853e+01 
 1438.000  3.049489e+01 
 1439.000  3.127977e+01 
 1440.000  3.060538e+01 
 1441.000  3.288654e+01 
 1442.000  3.100242e+01 
 1443.000  3.165060e+01 
 1444.000  3.293361e+01 
 1445.000  3.319109e+01 
 1446.000  3.596370e+01 
 1447.000  3.812419e+01 
 1448.000  3.881493e+01 
 1449.000  3.735567e+01 
 1450.000  3.467440e+01 
 1451.000  3.564592e+01 
 1452.000  3.948212e+01 
 1453.000  4.786436e+01 
 1454.000  5.651094e+01 
 1455.000  6.157282e+01 
 1456.000  6.726180e+01 
 1457.000  6.875386e+01 
 1458.000  7.070713e+01 
 1459.000  6.667043e+01 
 1460.000  6.192112e+01 
 1461.000  5.976302e+01 
 1462.000  5.409691e+01 
 1463.000  5.373182e+01 
 1464.000  5.230699e+01 
 1465.000  4.942896e+01 
 1466.000  4.409506e+01 
 1467.000  4.238666e+01 
 1468.000  3.835789e+01 
 1469.000  3.424386e+01 
 1470.000  3.252333e+01 
 1471.000  3.707551e+01 
 1472.000  4.446410e+01 
 1473.000  5.536284e+01 
 1474.000  6.227260e+01 
 1475.000  6.339988e+01 
 1476.000  6.350373e+01 
 1477.000  6.089017e+01 
 1478.000  5.733422e+01 
 1479.000  5.455845e+01 
 1480.000  5.682887e+01 
 1481.000  5.972322e+01 
 1482.000  6.465144e+01 
 1483.000  6.451306e+01 
 1484.000  6.507807e+01 
 1485.000  6.572421e+01 
 1486.000  6.822796e+01 
 1487.000  7.648487e+01 
 1488.000  6.738245e+01 
 1489.000  8.819486e+01 
 1490.000  9.818216e+01 
 1491.000  1.044971e+02 
 1492.000  1.031061e+02 
 1493.000  1.086773e+02 
 1494.000  1.087554e+02 
 1495.000  1.115252e+02 
 1496.000  1.143404e+02 
 1497.000  1.173448e+02 
 1498.000  1.238829e+02 
 1499.000  1.269574e+02 
 1500.000  1.327149e+02 
 1501.000  1.314247e+02 
 1502.000  1.283971e+02 
 1503.000  1.141387e+02 
 1504.000  1.200496e+02 
 1505.000  1.233362e+02 
 1506.000  1.251166e+02 
 1507.000  1.342157e+02 
 1508.000  1.338910e+02 
 1509.000  1.363115e+02 
 1510.000  1.390753e+02 
 1511.000  1.410249e+02 
 1512.000  1.392332e+02 
 1513.000  1.393853e+02 
 1514.000  1.374812e+02 
 1515.000  1.411584e+02 
 1516.000  1.401755e+02 
 1517.000  1.402271e+02 
 1518.000  1.445749e+02 
 1519.000  1.444825e+02 
 1520.000  1.479764e+02 
 1521.000  1.465410e+02 
 1522.000  1.457116e+02 
 1523.000  1.496721e+02 
 1524.000  1.481490e+02 
 1525.000  1.443488e+02 
 1526.000  1.485497e+02 
 1527.000  1.475215e+02 
 1528.000  1.492357e+02 
 1529.000  1.487699e+02 
 1530.000  1.397818e+02 
 1531.000  1.498212e+02 
 1532.000  1.493600e+02 
 1533.000  1.489051e+02 
 1534.000  1.468878e+02 
 1535.000  1.477307e+02 
 1536.000  1.497136e+02 
 1537.000  1.505254e+02 
 1538.000  1.467432e+02 
 1539.000  1.500824e+02 
 1540.000  1.447370e+02 
 1541.000  1.478645e+02 
 1542.000  1.487437e+02 
 1543.000  1.484646e+02 
 1544.000  1.505731e+02 
 1545.000  1.514374e+02 
 1546.000  1.518162e+02 
 1547.000  1.504874e+02 
 1548.000  1.461515e+02 
 1549.000  1.498960e+02 
 1550.000  1.490285e+02 
 1551.000  1.482421e+02 
 1552.000  1.507921e+02 
 1553.000  1.501130e+02 
 1554.000  1.445763e+02 
 1555.000  1.470685e+02 
 1556.000  1.442797e+02 
 1557.000  1.490393e+02 
 1558.000  1.478383e+02 
 1559.000  1.478082e+02 
 1560.000  1.452542e+02 
 1561.000  1.485855e+02 
 1562.000  1.484384e+02 
 1563.000  1.460663e+02 
 1564.000  1.429612e+02 
 1565.000  1.447052e+02 
 1566.000  1.419624e+02 
 1567.000  1.412002e+02 
 1568.000  1.371783e+02 
 1569.000  1.364434e+02 
 1570.000  1.320281e+02 
 1571.000  1.355658e+02 
 1572.000  1.352723e+02 
 1573.000  1.333982e+02 
 1574.000  1.342603e+02 
 1575.000  1.249308e+02 
 1576.000  1.342164e+02 
 1577.000  1.213254e+02 
 1578.000  1.329369e+02 
 1579.000  1.339885e+02 
 1580.000  1.372505e+02 
 1581.000  1.363406e+02 
 1582.000  1.341624e+02 
 1583.000  1.363403e+02 
 1584.000  1.356113e+02 
 1585.000  1.399821e+02 
 1586.000  1.382238e+02 
 1587.000  1.369995e+02 
 1588.000  1.350824e+02 
 1589.000  1.236280e+02 
 1590.000  1.331311e+02 
 1591.000  1.301559e+02 
 1592.000  1.369734e+02 
 1593.000  1.397362e+02 
 1594.000  1.383430e+02 
 1595.000  1.387200e+02 
 1596.000  1.299441e+02 
 1597.000  1.343732e+02 
 1598.000  1.356472e+02 
 1599.000  1.296683e+02 
 1600.000  1.306871e+02 
 1601.000  1.251852e+02 
 1602.000  1.281019e+02 
 1603.000  1.275148e+02 
 1604.000  1.297120e+02 
 1605.000  1.277933e+02 
 1606.000  1.274944e+02 
 1607.000  1.278327e+02 
 1608.000  1.291357e+02 
 1609.000  1.286387e+02 
 1610.000  1.207795e+02 
 1611.000  1.249635e+02 
 1612.000  1.269265e+02 
 1613.000  1.304827e+02 
 1614.000  1.292012e+02 
 1615.000  1.318943e+02 
 1616.000  1.240396e+02 
 1617.000  1.281799e+02 
 1618.000  1.321726e+02 
 1619.000  1.322435e+02 
 1620.000  1.293484e+02 
 1621.000  1.277406e+02 
 1622.000  1.309549e+02 
 1623.000  1.337900e+02 
 1624.000  1.348150e+02 
 1625.000  1.317667e+02 
 1626.000  1.331090e+02 
 1627.000  1.329733e+02 
 1628.000  1.339248e+02 
 1629.000  1.337796e+02 
 1630.000  1.299137e+02 
 1631.000  1.319444e+02 
 1632.000  1.316980e+02 
 1633.000  1.299260e+02 
 1634.000  1.266330e+02 
 1635.000  1.300273e+02 
 1636.000  1.294688e+02 
 1637.000  1.233907e+02 
 1638.000  1.224898e+02 
 1639.000  1.208368e+02 
 1640.000  1.213369e+02 
 1641.000  1.203668e+02 
 1642.000  1.202142e+02 
 1643.000  1.232173e+02 
 1644.000  1.212227e+02 
 1645.000  1.213295e+02 
 1646.000  1.227863e+02 
 1647.000  1.239165e+02 
 1648.000  1.232794e+02 
 1649.000  1.204281e+02 
 1650.000  1.234793e+02 
 1651.000  1.207378e+02 
 1652.000  1.231184e+02 
 1653.000  1.219449e+02 
 1654.000  1.233118e+02 
 1655.000  1.210926e+02 
 1656.000  1.236009e+02 
 1657.000  1.227022e+02 
 1658.000  1.235704e+02 
 1659.000  1.213442e+02 
 1660.000  1.226756e+02 
 1661.000  1.231487e+02 
 1662.000  1.221473e+02 
 1663.000  1.213196e+02 
 1664.000  1.207215e+02 
 1665.000  1.194943e+02 
 1666.000  1.190960e+02 
 1667.000  1.205399e+02 
 1668.000  1.184973e+02 
 1669.000  1.189459e+02 
 1670.000  1.216231e+02 
 1671.000  1.208532e+02 
 1672.000  1.151327e+02 
 1673.000  1.183148e+02 
 1674.000  1.187254e+02 
 1675.000  1.176201e+02 
 1676.000  1.157022e+02 
 1677.000  1.163212e+02 
 1678.000  1.171078e+02 
 1679.000  1.155058e+02 
 1680.000  1.116151e+02 
 1681.000  1.077894e+02 
 1682.000  1.108997e+02 
 1683.000  1.136027e+02 
 1684.000  1.156805e+02 
 1685.000  1.158942e+02 
 1686.000  1.145018e+02 
 1687.000  1.147505e+02 
 1688.000  1.146602e+02 
 1689.000  1.132777e+02 
 1690.000  1.129985e+02 
 1691.000  1.144360e+02 
 1692.000  1.146423e+02 
 1693.000  1.142657e+02 
 1694.000  1.141011e+02 
 1695.000  1.140256e+02 
 1696.000  1.133556e+02 
 1697.000  1.125823e+02 
 1698.000  1.132252e+02 
 1699.000  1.124964e+02 
 1700.000  1.110829e+02 
 1701.000  1.113627e+02 
 1702.000  1.109943e+02 
 1703.000  1.085819e+02 
 1704.000  1.102895e+02 
 1705.000  1.107888e+02 
 1706.000  1.091620e+02 
 1707.000  1.087491e+02 
 1708.000  1.057865e+02 
 1709.000  1.077196e+02 
 1710.000  1.089109e+02 
 1711.000  1.006154e+02 
 1712.000  1.076337e+02 
 1713.000  1.080347e+02 
 1714.000  1.081069e+02 
 1715.000  1.081684e+02 
 1716.000  1.076804e+02 
 1717.000  1.067403e+02 
 1718.000  1.061650e+02 
 1719.000  1.067856e+02 
 1720.000  1.037186e+02 
 1721.000  1.021895e+02 
 1722.000  1.034470e+02 
 1723.000  9.776488e+01 
 1724.000  9.922622e+01 
 1725.000  1.009116e+02 
 1726.000  1.022983e+02 
 1727.000  1.017925e+02 
 1728.000  9.952077e+01 
 1729.000  1.017378e+02 
 1730.000  1.019235e+02 
 1731.000  9.994758e+01 
 1732.000  9.841360e+01 
 1733.000  9.213278e+01 
 1734.000  9.372733e+01 
 1735.000  9.359814e+01 
 1736.000  8.904478e+01 
 1737.000  8.771011e+01 
 1738.000  9.182155e+01 
 1739.000  9.322692e+01 
 1740.000  9.319863e+01 
 1741.000  9.092568e+01 
 1742.000  9.377412e+01 
 1743.000  9.192055e+01 
 1744.000  9.293601e+01 
 1745.000  9.020745e+01 
 1746.000  9.044525e+01 
 1747.000  8.847832e+01 
 1748.000  9.172958e+01 
 1749.000  9.131130e+01 
 1750.000  9.094031e+01 
 1751.000  8.947109e+01 
 1752.000  8.995267e+01 
 1753.000  8.982696e+01 
 1754.000  8.985667e+01 
 1755.000  8.792354e+01 
 1756.000  8.891882e+01 
 1757.000  8.898254e+01 
 1758.000  8.862527e+01 
 1759.000  8.898936e+01 
 1760.000  8.790688e+01 
 1761.000  8.532965e+01 
 1762.000  8.321245e+01 
 1763.000  8.316264e+01 
 1764.000  7.973840e+01 
 1765.000  8.112956e+01 
 1766.000  8.024693e+01 
 1767.000  8.056197e+01 
 1768.000  7.940856e+01 
 1769.000  7.973241e+01 
 1770.000  7.817844e+01 
 1771.000  7.831559e+01 
 1772.000  7.730290e+01 
 1773.000  7.720534e+01 
 1774.000  7.308904e+01 
 1775.000  6.926208e+01 
 1776.000  6.896122e+01 
 1777.000  6.562809e+01 
 1778.000  6.337913e+01 
 1779.000  6.401702e+01 
 1780.000  6.254147e+01 
 1781.000  6.185117e+01 
 1782.000  6.103682e+01 
 1783.000  5.875401e+01 
 1784.000  5.880418e+01 
 1785.000  5.864149e+01 
 1786.000  5.901594e+01 
 1787.000  5.949266e+01 
 1788.000  5.915912e+01 
 1789.000  5.478424e+01 
 1790.000  5.436691e+01 
 1791.000  5.018660e+01 
 1792.000  4.888579e+01 
 1793.000  4.399431e+01 
 1794.000  4.021638e+01 
 1795.000  4.055059e+01 
 1796.000  3.566353e+01 
 1797.000  3.177207e+01 
 1798.000  3.188668e+01 
 1799.000  2.527735e+01 
 1800.000  2.514742e+01 
 1801.000  2.008903e+01 
 1802.000  1.715006e+01 
 1803.000  1.707358e+01 
 1804.000  1.690437e+01 
 1805.000  1.617539e+01 
 1806.000  1.412409e+01 
 1807.000  1.340374e+01 
 1808.000  1.255456e+01 
 1809.000  9.842549e+00 
 1810.000  7.700462e+00 
 1811.000  7.690697e+00 
 1812.000  5.771564e+00 
 1813.000  5.785355e+00 
 1814.000  4.874765e+00 
 1815.000  3.086273e+00 
 1816.000  3.044966e+00 
 1817.000  2.545872e+00 
 1818.000  2.140494e+00 
 1819.000  1.693350e+00 
 1820.000  1.494981e+00 
 1821.000  1.506440e+00 
 1822.000  1.250910e+00 
 1823.000  1.232253e+00 
 1824.000  1.096949e+00 
 1825.000  5.041213e-01 
 1826.000  5.070708e-01 
 1827.000  3.146540e-01 
 1828.000  2.598058e-01 
 1829.000  1.045856e-01 
 1830.000  5.664408e-02 
 1831.000  5.654309e-02 
 1832.000  2.846070e-02 
 1833.000  2.744756e-02 
 1834.000  1.301209e-02 
 1835.000  3.609655e-03 
 1836.000  3.619822e-03 
 1837.000  2.081963e-03 
 1838.000  1.766589e-03 
 1839.000  2.423330e-03 
 1840.000  4.804222e-03 
 1841.000  4.912883e-03 
 1842.000  8.580009e-03 
 1843.000  8.311851e-03 
 1844.000  1.216940e-02 
 1845.000  1.115165e-02 
 1846.000  8.414645e-03 
 1847.000  5.460114e-03 
 1848.000  5.629093e-03 
 1849.000  5.551482e-03 
 1850.000  5.602851e-03 
 1851.000  5.252188e-03 
 1852.000  5.448383e-03 
 1853.000  5.331692e-03 
 1854.000  5.469417e-03 
 1855.000  5.747850e-03 
 1856.000  6.388047e-03 
 1857.000  6.653275e-03 
 1858.000  1.013032e-02 
 1859.000  2.104029e-02 
 1860.000  2.080989e-02 
 1861.000  4.360834e-02 
 1862.000  4.004425e-02 
 1863.000  4.488376e-02 
 1864.000  3.587442e-02 
 1865.000  3.605305e-02 
 1866.000  1.435734e-02 
 1867.000  1.413362e-02 
 1868.000  2.284070e-03 
 1869.000  2.490028e-03 
 1870.000  3.924988e-04 
 1871.000  1.378673e-04 
 1872.000  1.368568e-04 
 1873.000  5.482070e-04 
 1874.000  5.477885e-04 
 1875.000  3.261703e-03 
 1876.000  3.126264e-03 
 1877.000  2.176551e-02 
 1878.000  6.170518e-02 
 1879.000  6.307305e-02 
 1880.000  1.172685e-01 
 1881.000  1.209072e-01 
 1882.000  1.771588e-01 
 1883.000  2.034142e-01 
 1884.000  2.497118e-01 
 1885.000  2.484884e-01 
 1886.000  2.410041e-01 
 1887.000  2.684608e-01 
 1888.000  2.649557e-01 
 1889.000  1.998514e-01 
 1890.000  1.924704e-01 
 1891.000  1.653007e-01 
 1892.000  1.603446e-01 
 1893.000  1.333329e-01 
 1894.000  1.119078e-01 
 1895.000  1.092702e-01 
 1896.000  6.856930e-02 
 1897.000  6.830187e-02 
 1898.000  2.976492e-02 
 1899.000  2.931486e-02 
 1900.000  1.417414e-02 
 1901.000  1.425437e-02 
 1902.000  1.012735e-02 
 1903.000  1.641736e-02 
 1904.000  1.628092e-02 
 1905.000  3.031194e-02 
 1906.000  3.045728e-02 
 1907.000  5.057698e-02 
 1908.000  4.966962e-02 
 1909.000  5.802545e-02 
 1910.000  5.814594e-02 
 1911.000  6.346937e-02 
 1912.000  6.503438e-02 
 1913.000  1.000100e-01 
 1914.000  1.392435e-01 
 1915.000  1.384233e-01 
 1916.000  3.201459e-01 
 1917.000  3.220121e-01 
 1918.000  4.640101e-01 
 1919.000  4.623212e-01 
 1920.000  7.236277e-01 
 1921.000  7.530717e-01 
 1922.000  9.679110e-01 
 1923.000  1.046301e+00 
 1924.000  1.205191e+00 
 1925.000  1.248644e+00 
 1926.000  1.256001e+00 
 1927.000  1.615286e+00 
 1928.000  1.599537e+00 
 1929.000  1.780341e+00 
 1930.000  1.851584e+00 
 1931.000  2.766830e+00 
 1932.000  2.852734e+00 
 1933.000  3.238598e+00 
 1934.000  3.753711e+00 
 1935.000  4.588283e+00 
 1936.000  4.651340e+00 
 1937.000  4.902022e+00 
 1938.000  6.095144e+00 
 1939.000  5.824225e+00 
 1940.000  6.946608e+00 
 1941.000  7.014670e+00 
 1942.000  8.624759e+00 
 1943.000  8.372042e+00 
 1944.000  9.028034e+00 
 1945.000  8.482947e+00 
 1946.000  1.077379e+01 
 1947.000  1.144612e+01 
 1948.000  1.248858e+01 
 1949.000  1.303220e+01 
 1950.000  1.363981e+01 
 1951.000  1.324429e+01 
 1952.000  1.311401e+01 
 1953.000  1.383304e+01 
 1954.000  1.368470e+01 
 1955.000  1.366737e+01 
 1956.000  1.319002e+01 
 1957.000  1.431691e+01 
 1958.000  1.438377e+01 
 1959.000  1.659385e+01 
 1960.000  1.646878e+01 
 1961.000  1.977847e+01 
 1962.000  1.938495e+01 
 1963.000  2.300651e+01 
 1964.000  2.303292e+01 
 1965.000  2.803817e+01 
 1966.000  2.735280e+01 
 1967.000  3.131487e+01 
 1968.000  3.140954e+01 
 1969.000  3.484679e+01 
 1970.000  3.515359e+01 
 1971.000  3.758084e+01 
 1972.000  3.743847e+01 
 1973.000  3.783857e+01 
 1974.000  3.887584e+01 
 1975.000  4.180236e+01 
 1976.000  4.195609e+01 
 1977.000  4.384618e+01 
 1978.000  4.161280e+01 
 1979.000  4.556558e+01 
 1980.000  4.421120e+01 
 1981.000  4.671302e+01 
 1982.000  4.712681e+01 
 1983.000  4.803782e+01 
 1984.000  4.757603e+01 
 1985.000  4.812439e+01 
 1986.000  4.716198e+01 
 1987.000  4.776299e+01 
 1988.000  4.911058e+01 
 1989.000  4.883319e+01 
 1990.000  4.869324e+01 
 1991.000  4.827045e+01 
 1992.000  4.763246e+01 
 1993.000  4.531148e+01 
 1994.000  4.567715e+01 
 1995.000  4.282681e+01 
 1996.000  4.284157e+01 
 1997.000  3.573270e+01 
 1998.000  3.505602e+01 
 1999.000  2.734903e+01 
 2000.000  2.738021e+01 
 2001.000  2.050095e+01 
 2002.000  2.053419e+01 
 2003.000  1.718927e+01 
 2004.000  1.718679e+01 
 2005.000  1.750378e+01 
 2006.000  1.704954e+01 
 2007.000  1.914540e+01 
 2008.000  1.914017e+01 
 2009.000  2.048454e+01 
 2010.000  2.052244e+01 
 2011.000  2.097750e+01 
 2012.000  2.096110e+01 
 2013.000  2.145179e+01 
 2014.000  2.124163e+01 
 2015.000  2.249277e+01 
 2016.000  2.246454e+01 
 2017.000  2.517286e+01 
 2018.000  2.523258e+01 
 2019.000  2.979815e+01 
 2020.000  2.958330e+01 
 2021.000  3.338872e+01 
 2022.000  3.456580e+01 
 2023.000  3.941962e+01 
 2024.000  3.946251e+01 
 2025.000  4.285839e+01 
 2026.000  4.324761e+01 
 2027.000  4.565376e+01 
 2028.000  4.582005e+01 
 2029.000  4.707965e+01 
 2030.000  4.652972e+01 
 2031.000  4.834996e+01 
 2032.000  4.915760e+01 
 2033.000  5.040960e+01 
 2034.000  5.037049e+01 
 2035.000  4.928885e+01 
 2036.000  5.044527e+01 
 2037.000  5.081752e+01 
 2038.000  4.809196e+01 
 2039.000  4.964599e+01 
 2040.000  5.004985e+01 
 2041.000  4.949983e+01 
 2042.000  4.903971e+01 
 2043.000  4.827363e+01 
 2044.000  4.826553e+01 
 2045.000  4.632907e+01 
 2046.000  4.629794e+01 
 2047.000  4.604746e+01 
 2048.000  4.287669e+01 
 2049.000  4.311338e+01 
 2050.000  3.949731e+01 
 2051.000  3.927892e+01 
 2052.000  3.692458e+01 
 2053.000  3.640649e+01 
 2054.000  3.608061e+01 
 2055.000  3.635495e+01 
 2056.000  3.695449e+01 
 2057.000  3.681231e+01 
 2058.000  3.791239e+01 
 2059.000  3.792590e+01 
 2060.000  3.819748e+01 
 2061.000  3.718644e+01 
 2062.000  3.827946e+01 
 2063.000  3.813753e+01 
 2064.000  3.591184e+01 
 2065.000  3.801746e+01 
 2066.000  3.806484e+01 
 2067.000  3.846295e+01 
 2068.000  3.813736e+01 
 2069.000  3.926687e+01 
 2070.000  3.795101e+01 
 2071.000  4.117937e+01 
 2072.000  4.070792e+01 
 2073.000  4.347523e+01 
 2074.000  4.341039e+01 
 2075.000  4.519955e+01 
 2076.000  4.514844e+01 
 2077.000  4.649951e+01 
 2078.000  4.648911e+01 
 2079.000  4.571673e+01 
 2080.000  4.709277e+01 
 2081.000  4.663438e+01 
 2082.000  4.751556e+01 
 2083.000  4.668654e+01 
 2084.000  4.728708e+01 
 2085.000  4.768154e+01 
 2086.000  4.830901e+01 
 2087.000  4.828602e+01 
 2088.000  4.882716e+01 
 2089.000  4.889647e+01 
 2090.000  4.919419e+01 
 2091.000  4.882673e+01 
 2092.000  4.696408e+01 
 2093.000  4.869801e+01 
 2094.000  4.915675e+01 
 2095.000  4.762201e+01 
 2096.000  4.905623e+01 
 2097.000  4.886077e+01 
 2098.000  4.879424e+01 
 2099.000  4.911094e+01 
 2100.000  4.924172e+01 
 2101.000  4.949045e+01 
 2102.000  4.982869e+01 
 2103.000  4.906890e+01 
 2104.000  4.999568e+01 
 2105.000  4.995390e+01 
 2106.000  5.033728e+01 
 2107.000  5.018679e+01 
 2108.000  5.016921e+01 
 2109.000  4.991243e+01 
 2110.000  4.863695e+01 
 2111.000  4.977000e+01 
 2112.000  4.957932e+01 
 2113.000  4.932790e+01 
 2114.000  4.948252e+01 
 2115.000  4.936237e+01 
 2116.000  4.902526e+01 
 2117.000  4.781596e+01 
 2118.000  4.892236e+01 
 2119.000  4.934548e+01 
 2120.000  4.816447e+01 
 2121.000  4.935838e+01 
 2122.000  4.893338e+01 
 2123.000  4.896666e+01 
 2124.000  4.838926e+01 
 2125.000  4.943491e+01 
 2126.000  4.990538e+01 
 2127.000  4.903699e+01 
 2128.000  5.026949e+01 
 2129.000  5.015651e+01 
 2130.000  5.008413e+01 
 2131.000  5.038634e+01 
 2132.000  5.029690e+01 
 2133.000  5.034717e+01 
 2134.000  5.019555e+01 
 2135.000  5.030671e+01 
 2136.000  4.847050e+01 
 2137.000  5.014552e+01 
 2138.000  5.013521e+01 
 2139.000  4.988431e+01 
 2140.000  4.984266e+01 
 2141.000  4.988876e+01 
 2142.000  4.951947e+01 
 2143.000  4.927207e+01 
 2144.000  4.878431e+01 
 2145.000  4.829865e+01 
 2146.000  4.718032e+01 
 2147.000  4.765974e+01 
 2148.000  4.768090e+01 
 2149.000  4.667785e+01 
 2150.000  4.662146e+01 
 2151.000  4.592292e+01 
 2152.000  4.581062e+01 
 2153.000  4.536947e+01 
 2154.000  4.547713e+01 
 2155.000  4.545760e+01 
 2156.000  4.557632e+01 
 2157.000  4.546035e+01 
 2158.000  4.545655e+01 
 2159.000  4.524632e+01 
 2160.000  4.516164e+01 
 2161.000  4.511682e+01 
 2162.000  4.451232e+01 
 2163.000  4.463120e+01 
 2164.000  4.400626e+01 
 2165.000  4.261319e+01 
 2166.000  3.827818e+01 
 2167.000  4.194864e+01 
 2168.000  4.327644e+01 
 2169.000  4.442569e+01 
 2170.000  4.446162e+01 
 2171.000  4.484926e+01 
 2172.000  4.462920e+01 
 2173.000  4.479012e+01 
 2174.000  4.451758e+01 
 2175.000  4.457198e+01 
 2176.000  4.429874e+01 
 2177.000  4.378752e+01 
 2178.000  4.410690e+01 
 2179.000  4.221422e+01 
 2180.000  4.391838e+01 
 2181.000  4.384906e+01 
 2182.000  4.325270e+01 
 2183.000  4.218631e+01 
 2184.000  4.326308e+01 
 2185.000  4.337282e+01 
 2186.000  4.353471e+01 
 2187.000  4.347718e+01 
 2188.000  4.237937e+01 
 2189.000  4.227558e+01 
 2190.000  4.278841e+01 
 2191.000  4.333330e+01 
 2192.000  4.321512e+01 
 2193.000  4.257710e+01 
 2194.000  4.246609e+01 
 2195.000  4.233992e+01 
 2196.000  4.164515e+01 
 2197.000  4.148170e+01 
 2198.000  4.111523e+01 
 2199.000  4.105647e+01 
 2200.000  4.090404e+01 
 2201.000  4.109662e+01 
 2202.000  4.103056e+01 
 2203.000  4.176855e+01 
 2204.000  4.177630e+01 
 2205.000  4.165694e+01 
 2206.000  4.091714e+01 
 2207.000  4.039610e+01 
 2208.000  4.270158e+01 
 2209.000  4.181908e+01 
 2210.000  4.329680e+01 
 2211.000  4.325848e+01 
 2212.000  4.312069e+01 
 2213.000  4.316874e+01 
 2214.000  4.299566e+01 
 2215.000  4.302806e+01 
 2216.000  4.266669e+01 
 2217.000  4.204964e+01 
 2218.000  4.257609e+01 
 2219.000  4.271220e+01 
 2220.000  4.260600e+01 
 2221.000  4.253243e+01 
 2222.000  4.236404e+01 
 2223.000  4.239847e+01 
 2224.000  4.229365e+01 
 2225.000  4.212905e+01 
 2226.000  4.140144e+01 
 2227.000  4.151958e+01 
 2228.000  4.152475e+01 
 2229.000  4.189783e+01 
 2230.000  4.144639e+01 
 2231.000  4.150952e+01 
 2232.000  4.150734e+01 
 2233.000  4.137368e+01 
 2234.000  4.129640e+01 
 2235.000  4.103812e+01 
 2236.000  4.087255e+01 
 2237.000  4.089107e+01 
 2238.000  4.038294e+01 
 2239.000  3.953526e+01 
 2240.000  3.999197e+01 
 2241.000  4.038652e+01 
 2242.000  4.029868e+01 
 2243.000  3.959930e+01 
 2244.000  3.990008e+01 
 2245.000  3.989394e+01 
 2246.000  3.980843e+01 
 2247.000  3.977159e+01 
 2248.000  3.867536e+01 
 2249.000  3.948061e+01 
 2250.000  3.910678e+01 
 2251.000  3.906077e+01 
 2252.000  3.912328e+01 
 2253.000  3.849945e+01 
 2254.000  3.753749e+01 
 2255.000  3.828993e+01 
 2256.000  3.800082e+01 
 2257.000  3.799874e+01 
 2258.000  3.791325e+01 
 2259.000  3.795592e+01 
 2260.000  3.762186e+01 
 2261.000  3.743753e+01 
 2262.000  3.750808e+01 
 2263.000  3.617400e+01 
 2264.000  3.750480e+01 
 2265.000  3.728289e+01 
 2266.000  3.679455e+01 
 2267.000  3.712033e+01 
 2268.000  3.715105e+01 
 2269.000  3.706561e+01 
 2270.000  3.695570e+01 
 2271.000  3.668870e+01 
 2272.000  3.702795e+01 
 2273.000  3.699545e+01 
 2274.000  3.688519e+01 
 2275.000  3.633789e+01 
 2276.000  3.682611e+01 
 2277.000  3.683274e+01 
 2278.000  3.681241e+01 
 2279.000  3.669829e+01 
 2280.000  3.658739e+01 
 2281.000  3.472581e+01 
 2282.000  3.585489e+01 
 2283.000  3.595945e+01 
 2284.000  3.583040e+01 
 2285.000  3.570105e+01 
 2286.000  3.552497e+01 
 2287.000  3.559645e+01 
 2288.000  3.547110e+01 
 2289.000  3.496082e+01 
 2290.000  3.495960e+01 
 2291.000  3.434439e+01 
 2292.000  3.451400e+01 
 2293.000  3.444589e+01 
 2294.000  3.247137e+01 
 2295.000  3.333152e+01 
 2296.000  3.319981e+01 
 2297.000  3.262478e+01 
 2298.000  3.334871e+01 
 2299.000  3.349013e+01 
 2300.000  3.340079e+01 
 2301.000  3.337541e+01 
 2302.000  3.389072e+01 
 2303.000  3.379013e+01 
 2304.000  3.367602e+01 
 2305.000  3.421199e+01 
 2306.000  3.424798e+01 
 2307.000  3.431219e+01 
 2308.000  3.430667e+01 
 2309.000  3.408402e+01 
 2310.000  3.380893e+01 
 2311.000  3.391487e+01 
 2312.000  3.375616e+01 
 2313.000  3.313741e+01 
 2314.000  3.294415e+01 
 2315.000  3.145711e+01 
 2316.000  3.191758e+01 
 2317.000  3.160718e+01 
 2318.000  3.311919e+01 
 2319.000  3.298635e+01 
 2320.000  3.149385e+01 
 2321.000  3.162931e+01 
 2322.000  3.160460e+01 
 2323.000  3.031738e+01 
 2324.000  3.115919e+01 
 2325.000  3.141356e+01 
 2326.000  3.124610e+01 
 2327.000  3.183943e+01 
 2328.000  3.205270e+01 
 2329.000  3.174398e+01 
 2330.000  3.168932e+01 
 2331.000  3.154020e+01 
 2332.000  3.111534e+01 
 2333.000  3.109374e+01 
 2334.000  3.021412e+01 
 2335.000  2.978491e+01 
 2336.000  2.998846e+01 
 2337.000  2.920483e+01 
 2338.000  2.905392e+01 
 2339.000  2.830207e+01 
 2340.000  2.840201e+01 
 2341.000  2.843627e+01 
 2342.000  2.791209e+01 
 2343.000  2.778031e+01 
 2344.000  2.769938e+01 
 2345.000  2.731553e+01 
 2346.000  2.738075e+01 
 2347.000  2.721413e+01 
 2348.000  2.706898e+01 
 2349.000  2.719855e+01 
 2350.000  2.702616e+01 
 2351.000  2.724950e+01 
 2352.000  2.682611e+01 
 2353.000  2.619979e+01 
 2354.000  2.688107e+01 
 2355.000  2.718764e+01 
 2356.000  2.767698e+01 
 2357.000  2.745301e+01 
 2358.000  2.744920e+01 
 2359.000  2.797889e+01 
 2360.000  2.800306e+01 
 2361.000  2.779780e+01 
 2362.000  2.722778e+01 
 2363.000  2.718952e+01 
 2364.000  2.724758e+01 
 2365.000  2.624995e+01 
 2366.000  2.630409e+01 
 2367.000  2.507617e+01 
 2368.000  2.495042e+01 
 2369.000  2.471165e+01 
 2370.000  2.393292e+01 
 2371.000  2.421051e+01 
 2372.000  2.421826e+01 
 2373.000  2.416782e+01 
 2374.000  2.298797e+01 
 2375.000  2.373726e+01 
 2376.000  2.386874e+01 
 2377.000  2.379198e+01 
 2378.000  2.372184e+01 
 2379.000  2.398134e+01 
 2380.000  2.390356e+01 
 2381.000  2.350532e+01 
 2382.000  2.356235e+01 
 2383.000  2.243204e+01 
 2384.000  2.241929e+01 
 2385.000  2.259280e+01 
 2386.000  2.275850e+01 
 2387.000  2.275394e+01 
 2388.000  2.336443e+01 
 2389.000  2.328029e+01 
 2390.000  2.379598e+01 
 2391.000  2.375478e+01 
 2392.000  2.366267e+01 
 2393.000  2.378109e+01 
 2394.000  2.409015e+01 
 2395.000  2.387747e+01 
 2396.000  2.383393e+01 
 2397.000  2.394554e+01 
 2398.000  2.374577e+01 
 2399.000  2.356938e+01 
 2400.000  2.334927e+01 
 2401.000  2.286800e+01 
 2402.000  2.298448e+01 
 2403.000  2.281649e+01 
 2404.000  2.175307e+01 
 2405.000  2.189674e+01 
 2406.000  2.157868e+01 
 2407.000  2.072837e+01 
 2408.000  2.076477e+01 
 2409.000  2.069811e+01 
 2410.000  1.963841e+01 
 2411.000  1.965701e+01 
 2412.000  1.963263e+01 
 2413.000  1.886845e+01 
 2414.000  1.821180e+01 
 2415.000  1.813950e+01 
 2416.000  1.759203e+01 
 2417.000  1.838607e+01 
 2418.000  1.854635e+01 
 2419.000  1.986255e+01 
 2420.000  1.965023e+01 
 2421.000  1.969656e+01 
 2422.000  2.055778e+01 
 2423.000  2.041345e+01 
 2424.000  2.047441e+01 
 2425.000  2.069668e+01 
 2426.000  2.095819e+01 
 2427.000  2.068257e+01 
 2428.000  2.062473e+01 
 2429.000  2.076424e+01 
 2430.000  2.064019e+01 
 2431.000  2.003093e+01 
 2432.000  2.015530e+01 
 2433.000  2.001528e+01 
 2434.000  1.894625e+01 
 2435.000  1.873885e+01 
 2436.000  1.926332e+01 
 2437.000  1.914675e+01 
 2438.000  1.868744e+01 
 2439.000  1.911734e+01 
 2440.000  1.818777e+01 
 2441.000  1.797681e+01 
 2442.000  1.808792e+01 
 2443.000  1.655825e+01 
 2444.000  1.647602e+01 
 2445.000  1.533164e+01 
 2446.000  1.488941e+01 
 2447.000  1.492383e+01 
 2448.000  1.449487e+01 
 2449.000  1.449540e+01 
 2450.000  1.459717e+01 
 2451.000  1.474248e+01 
 2452.000  1.473597e+01 
 2453.000  1.496595e+01 
 2454.000  1.641233e+01 
 2455.000  1.624371e+01 
 2456.000  1.621576e+01 
 2457.000  1.552902e+01 
 2458.000  1.670275e+01 
 2459.000  1.681859e+01 
 2460.000  1.671555e+01 
 2461.000  1.598262e+01 
 2462.000  1.602480e+01 
 2463.000  1.579680e+01 
 2464.000  1.491449e+01 
 2465.000  1.479787e+01 
 2466.000  1.468285e+01 
 2467.000  1.342535e+01 
 2468.000  1.342461e+01 
 2469.000  1.318096e+01 
 2470.000  1.097424e+01 
 2471.000  1.144304e+01 
 2472.000  1.139793e+01 
 2473.000  1.075268e+01 
 2474.000  1.056153e+01 
 2475.000  1.060934e+01 
 2476.000  8.966546e+00 
 2477.000  9.098348e+00 
 2478.000  9.054675e+00 
 2479.000  7.324667e+00 
 2480.000  7.431240e+00 
 2481.000  7.163218e+00 
 2482.000  5.948002e+00 
 2483.000  5.782917e+00 
 2484.000  6.053605e+00 
 2485.000  5.086161e+00 
 2486.000  5.055444e+00 
 2487.000  4.651168e+00 
 2488.000  4.626922e+00 
 2489.000  4.623742e+00 
 2490.000  4.647905e+00 
 2491.000  4.727600e+00 
 2492.000  4.746949e+00 
 2493.000  4.671793e+00 
 2494.000  4.738344e+00 
 2495.000  4.686615e+00 
 2496.000  4.657284e+00 
 2497.000  5.037982e+00 
 2498.000  5.003781e+00 
 2499.000  5.027447e+00 
 2500.000  4.703906e+00 
 2501.000  4.085552e+00 
 2502.000  4.109874e+00 
 2503.000  4.067004e+00 
 2504.000  3.649055e+00 
 2505.000  3.690192e+00 
 2506.000  3.376438e+00 
 2507.000  2.361922e+00 
 2508.000  2.328670e+00 
 2509.000  2.319658e+00 
 2510.000  1.788377e+00 
 2511.000  1.799220e+00 
 2512.000  1.558420e+00 
 2513.000  9.866748e-01 
 2514.000  9.848500e-01 
 2515.000  9.800292e-01 
 2516.000  8.284550e-01 
 2517.000  8.214224e-01 
 2518.000  8.085611e-01 
 2519.000  3.959576e-01 
 2520.000  3.953360e-01 
 2521.000  3.960204e-01 
 2522.000  3.949730e-01 
 2523.000  2.588094e-01 
 2524.000  2.578815e-01 
 2525.000  1.979525e-01 
 2526.000  8.196909e-02 
 2527.000  8.144779e-02 
 2528.000  8.176386e-02 
 2529.000  4.544763e-02 
 2530.000  4.550152e-02 
 2531.000  4.561023e-02 
 2532.000  1.117290e-02 
 2533.000  1.106801e-02 
 2534.000  1.115184e-02 
 2535.000  7.192595e-03 
 2536.000  7.230756e-03 
 2537.000  7.158444e-03 
 2538.000  4.386581e-03 
 2539.000  9.875965e-04 
 2540.000  9.897249e-04 
 2541.000  9.944947e-04 
 2542.000  5.137501e-04 
 2543.000  5.343721e-04 
 2544.000  2.262511e-04 
 2545.000  8.284340e-05 
 2546.000  8.308113e-05 
 2547.000  8.099936e-05 
 2548.000  8.207477e-05 
 2549.000  8.349155e-05 
 2550.000  8.299341e-05 
 2551.000  3.371157e-05 
 2552.000  1.287252e-05 
 2553.000  1.273717e-05 
 2554.000  1.299668e-05 
 2555.000  1.000203e-05 
 2556.000  9.923489e-06 
 2557.000  3.439748e-06 
 2558.000  1.997052e-07 
 2559.000  2.006775e-07 
 2560.000  1.978518e-07 
 2561.000  2.219506e-08 
 2562.000  2.226798e-08 
 2563.000  2.243128e-08 
 2564.000  6.602698e-09 
 2565.000  0.000000e+00 
 2566.000  0.000000e+00 
 2567.000  0.000000e+00 
 2568.000  0.000000e+00 
 2569.000  0.000000e+00 
 2570.000  0.000000e+00 
 2571.000  0.000000e+00 
 2572.000  0.000000e+00 
 2573.000  0.000000e+00 
 2574.000  0.000000e+00 
 2575.000  0.000000e+00 
 2576.000  0.000000e+00 
 2577.000  0.000000e+00 
 2578.000  0.000000e+00 
 2579.000  0.000000e+00 
 2580.000  0.000000e+00 
 2581.000  0.000000e+00 
 2582.000  0.000000e+00 
 2583.000  0.000000e+00 
 2584.000  0.000000e+00 
 2585.000  0.000000e+00 
 2586.000  0.000000e+00 
 2587.000  0.000000e+00 
 2588.000  0.000000e+00 
 2589.000  0.000000e+00 
 2590.000  0.000000e+00 
 2591.000  0.000000e+00 
 2592.000  0.000000e+00 
 2593.000  0.000000e+00 
 2594.000  0.000000e+00 
 2595.000  0.000000e+00 
 2596.000  0.000000e+00 
 2597.000  0.000000e+00 
 2598.000  0.000000e+00 
 2599.000  0.000000e+00 
 2600.000  0.000000e+00 
 2601.000  0.000000e+00 
 2602.000  0.000000e+00 
 2603.000  0.000000e+00 
 2604.000  0.000000e+00 
 2605.000  0.000000e+00 
 2606.000  0.000000e+00 
 2607.000  0.000000e+00 
 2608.000  0.000000e+00 
 2609.000  0.000000e+00 
 2610.000  0.000000e+00 
 2611.000  0.000000e+00 
 2612.000  0.000000e+00 
 2613.000  0.000000e+00 
 2614.000  0.000000e+00 
 2615.000  0.000000e+00 
 2616.000  0.000000e+00 
 2617.000  0.000000e+00 
 2618.000  0.000000e+00 
 2619.000  0.000000e+00 
 2620.000  0.000000e+00 
 2621.000  0.000000e+00 
 2622.000  0.000000e+00 
 2623.000  0.000000e+00 
 2624.000  0.000000e+00 
 2625.000  0.000000e+00 
 2626.000  0.000000e+00 
 2627.000  0.000000e+00 
 2628.000  0.000000e+00 
 2629.000  0.000000e+00 
 2630.000  0.000000e+00 
 2631.000  0.000000e+00 
 2632.000  0.000000e+00 
 2633.000  0.000000e+00 
 2634.000  0.000000e+00 
 2635.000  0.000000e+00 
 2636.000  0.000000e+00 
 2637.000  0.000000e+00 
 2638.000  0.000000e+00 
 2639.000  0.000000e+00 
 2640.000  0.000000e+00 
 2641.000  0.000000e+00 
 2642.000  0.000000e+00 
 2643.000  0.000000e+00 
 2644.000  0.000000e+00 
 2645.000  0.000000e+00 
 2646.000  0.000000e+00 
 2647.000  0.000000e+00 
 2648.000  0.000000e+00 
 2649.000  0.000000e+00 
 2650.000  0.000000e+00 
 2651.000  0.000000e+00 
 2652.000  0.000000e+00 
 2653.000  0.000000e+00 
 2654.000  0.000000e+00 
 2655.000  0.000000e+00 
 2656.000  0.000000e+00 
 2657.000  0.000000e+00 
 2658.000  0.000000e+00 
 2659.000  0.000000e+00 
 2660.000  0.000000e+00 
 2661.000  0.000000e+00 
 2662.000  0.000000e+00 
 2663.000  0.000000e+00 
 2664.000  0.000000e+00 
 2665.000  0.000000e+00 
 2666.000  0.000000e+00 
 2667.000  0.000000e+00 
 2668.000  0.000000e+00 
 2669.000  0.000000e+00 
 2670.000  0.000000e+00 
 2671.000  0.000000e+00 
 2672.000  0.000000e+00 
 2673.000  0.000000e+00 
 2674.000  0.000000e+00 
 2675.000  0.000000e+00 
 2676.000  0.000000e+00 
 2677.000  0.000000e+00 
 2678.000  0.000000e+00 
 2679.000  0.000000e+00 
 2680.000  0.000000e+00 
 2681.000  0.000000e+00 
 2682.000  0.000000e+00 
 2683.000  0.000000e+00 
 2684.000  0.000000e+00 
 2685.000  0.000000e+00 
 2686.000  0.000000e+00 
 2687.000  0.000000e+00 
 2688.000  0.000000e+00 
 2689.000  0.000000e+00 
 2690.000  0.000000e+00 
 2691.000  0.000000e+00 
 2692.000  0.000000e+00 
 2693.000  0.000000e+00 
 2694.000  0.000000e+00 
 2695.000  0.000000e+00 
 2696.000  0.000000e+00 
 2697.000  0.000000e+00 
 2698.000  0.000000e+00 
 2699.000  0.000000e+00 
 2700.000  0.000000e+00 
 2701.000  0.000000e+00 
 2702.000  0.000000e+00 
 2703.000  0.000000e+00 
 2704.000  0.000000e+00 
 2705.000  0.000000e+00 
 2706.000  0.000000e+00 
 2707.000  0.000000e+00 
 2708.000  0.000000e+00 
 2709.000  0.000000e+00 
 2710.000  0.000000e+00 
 2711.000  0.000000e+00 
 2712.000  0.000000e+00 
 2713.000  0.000000e+00 
 2714.000  0.000000e+00 
 2715.000  0.000000e+00 
 2716.000  0.000000e+00 
 2717.000  0.000000e+00 
 2718.000  0.000000e+00 
 2719.000  0.000000e+00 
 2720.000  0.000000e+00 
 2721.000  0.000000e+00 
 2722.000  0.000000e+00 
 2723.000  0.000000e+00 
 2724.000  0.000000e+00 
 2725.000  0.000000e+00 
 2726.000  0.000000e+00 
 2727.000  0.000000e+00 
 2728.000  0.000000e+00 
 2729.000  0.000000e+00 
 2730.000  0.000000e+00 
 2731.000  0.000000e+00 
 2732.000  0.000000e+00 
 2733.000  0.000000e+00 
 2734.000  0.000000e+00 
 2735.000  0.000000e+00 
 2736.000  0.000000e+00 
 2737.000  0.000000e+00 
 2738.000  0.000000e+00 
 2739.000  0.000000e+00 
 2740.000  0.000000e+00 
 2741.000  0.000000e+00 
 2742.000  0.000000e+00 
 2743.000  0.000000e+00 
 2744.000  0.000000e+00 
 2745.000  0.000000e+00 
 2746.000  0.000000e+00 
 2747.000  0.000000e+00 
 2748.000  0.000000e+00 
 2749.000  0.000000e+00 
 2750.000  0.000000e+00 
 2751.000  0.000000e+00 
 2752.000  0.000000e+00 
 2753.000  0.000000e+00 
 2754.000  0.000000e+00 
 2755.000  0.000000e+00 
 2756.000  0.000000e+00 
 2757.000  0.000000e+00 
 2758.000  0.000000e+00 
 2759.000  0.000000e+00 
 2760.000  0.000000e+00 
 2761.000  0.000000e+00 
 2762.000  0.000000e+00 
 2763.000  0.000000e+00 
 2764.000  0.000000e+00 
 2765.000  0.000000e+00 
 2766.000  0.000000e+00 
 2767.000  0.000000e+00 
 2768.000  0.000000e+00 
 2769.000  0.000000e+00 
 2770.000  0.000000e+00 
 2771.000  0.000000e+00 
 2772.000  0.000000e+00 
 2773.000  0.000000e+00 
 2774.000  0.000000e+00 
 2775.000  0.000000e+00 
 2776.000  0.000000e+00 
 2777.000  0.000000e+00 
 2778.000  0.000000e+00 
 2779.000  0.000000e+00 
 2780.000  0.000000e+00 
 2781.000  0.000000e+00 
 2782.000  0.000000e+00 
 2783.000  0.000000e+00 
 2784.000  0.000000e+00 
 2785.000  0.000000e+00 
 2786.000  0.000000e+00 
 2787.000  0.000000e+00 
 2788.000  0.000000e+00 
 2789.000  0.000000e+00 
 2790.000  0.000000e+00 
 2791.000  0.000000e+00 
 2792.000  0.000000e+00 
 2793.000  0.000000e+00 
 2794.000  5.892105e-09 
 2795.000  5.899865e-09 
 2796.000  5.901958e-09 
 2797.000  5.910095e-09 
 2798.000  5.526013e-07 
 2799.000  5.525653e-07 
 2800.000  5.539356e-07 
 2801.000  9.618012e-07 
 2802.000  2.840897e-06 
 2803.000  2.833429e-06 
 2804.000  2.818232e-06 
 2805.000  2.840530e-06 
 2806.000  7.238092e-06 
 2807.000  7.206883e-06 
 2808.000  7.233894e-06 
 2809.000  5.428068e-05 
 2810.000  5.435106e-05 
 2811.000  5.426923e-05 
 2812.000  5.430040e-05 
 2813.000  1.735266e-04 
 2814.000  1.734517e-04 
 2815.000  1.736699e-04 
 2816.000  1.727364e-04 
 2817.000  9.605702e-04 
 2818.000  9.602750e-04 
 2819.000  9.585433e-04 
 2820.000  9.570105e-04 
 2821.000  2.112772e-03 
 2822.000  2.108606e-03 
 2823.000  2.107138e-03 
 2824.000  2.099559e-03 
 2825.000  5.872891e-03 
 2826.000  5.880068e-03 
 2827.000  5.866156e-03 
 2828.000  5.852696e-03 
 2829.000  7.093161e-03 
 2830.000  7.095747e-03 
 2831.000  7.077604e-03 
 2832.000  7.094085e-03 
 2833.000  1.311095e-02 
 2834.000  1.312460e-02 
 2835.000  1.311520e-02 
 2836.000  1.309446e-02 
 2837.000  1.470197e-02 
 2838.000  1.467115e-02 
 2839.000  1.469463e-02 
 2840.000  1.460999e-02 
 2841.000  2.478324e-02 
 2842.000  2.522803e-02 
 2843.000  2.511514e-02 
 2844.000  2.512104e-02 
 2845.000  2.768323e-02 
 2846.000  2.766164e-02 
 2847.000  2.761960e-02 
 2848.000  2.762469e-02 
 2849.000  3.253663e-02 
 2850.000  5.150650e-02 
 2851.000  5.149165e-02 
 2852.000  5.148143e-02 
 2853.000  5.173456e-02 
 2854.000  7.535575e-02 
 2855.000  7.568645e-02 
 2856.000  7.565128e-02 
 2857.000  8.495330e-02 
 2858.000  1.434217e-01 
 2859.000  1.428952e-01 
 2860.000  1.419069e-01 
 2861.000  1.428723e-01 
 2862.000  2.231362e-01 
 2863.000  2.228538e-01 
 2864.000  2.228015e-01 
 2865.000  2.505007e-01 
 2866.000  3.485633e-01 
 2867.000  3.470862e-01 
 2868.000  3.440302e-01 
 2869.000  3.456012e-01 
 2870.000  4.457266e-01 
 2871.000  4.477306e-01 
 2872.000  4.427432e-01 
 2873.000  4.743268e-01 
 2874.000  6.261719e-01 
 2875.000  6.296848e-01 
 2876.000  6.326665e-01 
 2877.000  6.334713e-01 
 2878.000  7.976158e-01 
 2879.000  7.974344e-01 
 2880.000  7.957122e-01 
 2881.000  7.961804e-01 
 2882.000  1.122887e+00 
 2883.000  1.123990e+00 
 2884.000  1.122891e+00 
 2885.000  1.119852e+00 
 2886.000  1.116628e+00 
 2887.000  1.219038e+00 
 2888.000  1.217665e+00 
 2889.000  1.211124e+00 
 2890.000  1.283160e+00 
 2891.000  1.438791e+00 
 2892.000  1.437694e+00 
 2893.000  1.435329e+00 
 2894.000  1.429696e+00 
 2895.000  1.434178e+00 
 2896.000  1.431690e+00 
 2897.000  1.432104e+00 
 2898.000  1.483424e+00 
 2899.000  1.448503e+00 
 2900.000  1.452493e+00 
 2901.000  1.448266e+00 
 2902.000  1.449192e+00 
 2903.000  1.643649e+00 
 2904.000  1.640902e+00 
 2905.000  1.641178e+00 
 2906.000  1.617077e+00 
 2907.000  1.882995e+00 
 2908.000  1.880645e+00 
 2909.000  1.879791e+00 
 2910.000  1.876961e+00 
 2911.000  1.874675e+00 
 2912.000  2.083734e+00 
 2913.000  2.077471e+00 
 2914.000  2.073757e+00 
 2915.000  2.119866e+00 
 2916.000  2.564770e+00 
 2917.000  2.585382e+00 
 2918.000  2.581496e+00 
 2919.000  2.578792e+00 
 2920.000  1.102484e+01 
 2921.000  1.101784e+01 
 2922.000  1.098675e+01 
 2923.000  1.089430e+01 
 2924.000  3.722620e+00 
 2925.000  3.762513e+00 
 2926.000  3.701576e+00 
 2927.000  3.756753e+00 
 2928.000  3.756081e+00 
 2929.000  3.955668e+00 
 2930.000  4.018918e+00 
 2931.000  4.014767e+00 
 2932.000  4.132485e+00 
 2933.000  4.110734e+00 
 2934.000  4.117241e+00 
 2935.000  4.098591e+00 
 2936.000  4.101343e+00 
 2937.000  3.822036e+00 
 2938.000  3.823447e+00 
 2939.000  3.800263e+00 
 2940.000  3.811011e+00 
 2941.000  3.868630e+00 
 2942.000  3.608809e+00 
 2943.000  3.558449e+00 
 2944.000  3.584768e+00 
 2945.000  3.587062e+00 
 2946.000  3.650279e+00 
 2947.000  3.580249e+00 
 2948.000  3.637233e+00 
 2949.000  3.691308e+00 
 2950.000  3.878028e+00 
 2951.000  3.868700e+00 
 2952.000  3.844481e+00 
 2953.000  3.867784e+00 
 2954.000  3.857668e+00 
 2955.000  3.960079e+00 
 2956.000  3.969018e+00 
 2957.000  3.963626e+00 
 2958.000  4.004910e+00 
 2959.000  3.810869e+00 
 2960.000  3.792434e+00 
 2961.000  3.782605e+00 
 2962.000  3.795446e+00 
 2963.000  3.124763e+00 
 2964.000  3.118443e+00 
 2965.000  3.119101e+00 
 2966.000  3.112284e+00 
 2967.000  3.136824e+00 
 2968.000  2.656425e+00 
 2969.000  2.648677e+00 
 2970.000  2.645006e+00 
 2971.000  2.639681e+00 
 2972.000  2.840366e+00 
 2973.000  2.839133e+00 
 2974.000  2.837527e+00 
 2975.000  2.832853e+00 
 2976.000  2.851647e+00 
 2977.000  3.543713e+00 
 2978.000  3.531987e+00 
 2979.000  3.502645e+00 
 2980.000  3.528991e+00 
 2981.000  4.582154e+00 
 2982.000  4.566377e+00 
 2983.000  4.571609e+00 
 2984.000  4.565344e+00 
 2985.000  4.590560e+00 
 2986.000  5.522997e+00 
 2987.000  5.514268e+00 
 2988.000  5.469545e+00 
 2989.000  5.498323e+00 
 2990.000  5.555600e+00 
 2991.000  5.573833e+00 
 2992.000  5.568007e+00 
 2993.000  5.559736e+00 
 2994.000  5.551229e+00 
 2995.000  5.500361e+00 
 2996.000  5.491039e+00 
 2997.000  5.390241e+00 
 2998.000  5.462720e+00 
 2999.000  5.229161e+00 
 3000.000  5.143930e+00 
 3001.000  5.224297e+00 
 3002.000  5.222569e+00 
 3003.000  5.231840e+00 
 3004.000  4.637674e+00 
 3005.000  4.639258e+00 
 3006.000  4.630509e+00 
 3007.000  4.629990e+00 
 3008.000  4.542941e+00 
 3009.000  4.551296e+00 
 3010.000  4.543374e+00 
 3011.000  4.552585e+00 
 3012.000  4.546371e+00 
 3013.000  4.312417e+00 
 3014.000  4.302031e+00 
 3015.000  4.281533e+00 
 3016.000  4.295669e+00 
 3017.000  3.969637e+00 
 3018.000  3.982991e+00 
 3019.000  3.981451e+00 
 3020.000  3.935142e+00 
 3021.000  3.944071e+00 
 3022.000  3.945384e+00 
 3023.000  3.934736e+00 
 3024.000  3.926211e+00 
 3025.000  3.917994e+00 
 3026.000  3.656610e+00 
 3027.000  3.643837e+00 
 3028.000  3.626224e+00 
 3029.000  3.640517e+00 
 3030.000  3.611006e+00 
 3031.000  3.226362e+00 
 3032.000  3.220862e+00 
 3033.000  3.159449e+00 
 3034.000  3.203539e+00 
 3035.000  2.830673e+00 
 3036.000  2.818238e+00 
 3037.000  2.799857e+00 
 3038.000  2.770557e+00 
 3039.000  2.710218e+00 
 3040.000  2.434303e+00 
 3041.000  2.498802e+00 
 3042.000  2.512358e+00 
 3043.000  2.520822e+00 
 3044.000  2.522898e+00 
 3045.000  2.304238e+00 
 3046.000  2.307865e+00 
 3047.000  2.312660e+00 
 3048.000  2.299140e+00 
 3049.000  2.291832e+00 
 3050.000  2.293017e+00 
 3051.000  2.290350e+00 
 3052.000  2.287553e+00 
 3053.000  2.283519e+00 
 3054.000  2.530018e+00 
 3055.000  2.502573e+00 
 3056.000  2.528285e+00 
 3057.000  2.521793e+00 
 3058.000  2.492798e+00 
 3059.000  2.765585e+00 
 3060.000  2.774081e+00 
 3061.000  2.773874e+00 
 3062.000  2.770123e+00 
 3063.000  2.985109e+00 
 3064.000  2.943548e+00 
 3065.000  2.950522e+00 
 3066.000  2.975110e+00 
 3067.000  2.951176e+00 
 3068.000  3.040339e+00 
 3069.000  3.085157e+00 
 3070.000  3.083796e+00 
 3071.000  3.075216e+00 
 3072.000  3.077271e+00 
 3073.000  3.098677e+00 
 3074.000  3.087399e+00 
 3075.000  3.094595e+00 
 3076.000  3.074580e+00 
 3077.000  2.696782e+00 
 3078.000  2.697397e+00 
 3079.000  2.691035e+00 
 3080.000  2.684973e+00 
 3081.000  2.671459e+00 
 3082.000  2.515127e+00 
 3083.000  2.510540e+00 
 3084.000  2.521377e+00 
 3085.000  2.518034e+00 
 3086.000  2.499639e+00 
 3087.000  2.293512e+00 
 3088.000  2.305566e+00 
 3089.000  2.304173e+00 
 3090.000  2.303569e+00 
 3091.000  2.279028e+00 
 3092.000  2.023417e+00 
 3093.000  2.022501e+00 
 3094.000  2.018838e+00 
 3095.000  2.014543e+00 
 3096.000  2.051430e+00 
 3097.000  2.043831e+00 
 3098.000  2.004005e+00 
 3099.000  2.036128e+00 
 3100.000  2.043245e+00 
 3101.000  2.114160e+00 
 3102.000  2.111478e+00 
 3103.000  2.111239e+00 
 3104.000  2.108148e+00 
 3105.000  2.105923e+00 
 3106.000  2.370411e+00 
 3107.000  2.360168e+00 
 3108.000  2.369709e+00 
 3109.000  2.365330e+00 
 3110.000  2.362734e+00 
 3111.000  2.837901e+00 
 3112.000  2.831595e+00 
 3113.000  2.814212e+00 
 3114.000  2.816289e+00 
 3115.000  2.731657e+00 
 3116.000  3.475983e+00 
 3117.000  3.619668e+00 
 3118.000  3.634456e+00 
 3119.000  3.619545e+00 
 3120.000  3.623394e+00 
 3121.000  3.990905e+00 
 3122.000  4.001129e+00 
 3123.000  4.007960e+00 
 3124.000  4.004293e+00 
 3125.000  4.006814e+00 
 3126.000  4.360544e+00 
 3127.000  4.338269e+00 
 3128.000  4.355084e+00 
 3129.000  4.314385e+00 
 3130.000  4.529702e+00 
 3131.000  4.502638e+00 
 3132.000  4.523397e+00 
 3133.000  4.512823e+00 
 3134.000  4.556089e+00 
 3135.000  4.289971e+00 
 3136.000  4.284855e+00 
 3137.000  4.282630e+00 
 3138.000  4.280583e+00 
 3139.000  4.265630e+00 
 3140.000  4.315246e+00 
 3141.000  4.325448e+00 
 3142.000  4.307220e+00 
 3143.000  4.314882e+00 
 3144.000  4.364308e+00 
 3145.000  4.880345e+00 
 3146.000  4.874580e+00 
 3147.000  4.834587e+00 
 3148.000  4.856904e+00 
 3149.000  4.857558e+00 
 3150.000  5.620996e+00 
 3151.000  5.603379e+00 
 3152.000  5.306220e+00 
 3153.000  5.599133e+00 
 3154.000  5.626927e+00 
 3155.000  6.626180e+00 
 3156.000  6.620145e+00 
 3157.000  6.601758e+00 
 3158.000  6.602926e+00 
 3159.000  6.593603e+00 
 3160.000  7.370315e+00 
 3161.000  7.353392e+00 
 3162.000  7.364910e+00 
 3163.000  7.344482e+00 
 3164.000  7.296049e+00 
 3165.000  7.394156e+00 
 3166.000  7.408720e+00 
 3167.000  7.381007e+00 
 3168.000  7.334970e+00 
 3169.000  7.367879e+00 
 3170.000  6.978441e+00 
 3171.000  7.140488e+00 
 3172.000  7.136844e+00 
 3173.000  7.135126e+00 
 3174.000  7.064412e+00 
 3175.000  6.468263e+00 
 3176.000  6.458110e+00 
 3177.000  6.453354e+00 
 3178.000  6.423125e+00 
 3179.000  6.417673e+00 
 3180.000  5.420858e+00 
 3181.000  5.330747e+00 
 3182.000  5.401413e+00 
 3183.000  5.394421e+00 
 3184.000  5.332457e+00 
 3185.000  3.995548e+00 
 3186.000  3.989620e+00 
 3187.000  3.979064e+00 
 3188.000  3.971757e+00 
 3189.000  3.976031e+00 
 3190.000  2.608837e+00 
 3191.000  2.605680e+00 
 3192.000  2.602582e+00 
 3193.000  2.598011e+00 
 3194.000  2.570087e+00 
 3195.000  1.505390e+00 
 3196.000  1.497097e+00 
 3197.000  1.501659e+00 
 3198.000  1.498894e+00 
 3199.000  1.498867e+00 
 3200.000  1.035103e+00 
 3201.000  1.009139e+00 
 3202.000  1.032069e+00 
 3203.000  1.032915e+00 
 3204.000  1.027885e+00 
 3205.000  1.018895e+00 
 3206.000  8.432537e-01 
 3207.000  8.421468e-01 
 3208.000  8.412186e-01 
 3209.000  8.402864e-01 
 3210.000  8.383258e-01 
 3211.000  8.574412e-01 
 3212.000  8.560718e-01 
 3213.000  8.556434e-01 
 3214.000  8.544635e-01 
 3215.000  8.312248e-01 
 3216.000  1.078873e+00 
 3217.000  1.077887e+00 
 3218.000  1.078149e+00 
 3219.000  1.075663e+00 
 3220.000  1.075106e+00 
 3221.000  1.374870e+00 
 3222.000  1.375030e+00 
 3223.000  1.369455e+00 
 3224.000  1.362117e+00 
 3225.000  1.366472e+00 
 3226.000  1.735151e+00 
 3227.000  1.738879e+00 
 3228.000  1.734859e+00 
 3229.000  1.730221e+00 
 3230.000  1.729601e+00 
 3231.000  1.729426e+00 
 3232.000  2.286736e+00 
 3233.000  2.283402e+00 
 3234.000  2.250171e+00 
 3235.000  2.281897e+00 
 3236.000  2.282859e+00 
 3237.000  2.617417e+00 
 3238.000  2.614300e+00 
 3239.000  2.606969e+00 
 3240.000  2.605548e+00 
 3241.000  2.599209e+00 
 3242.000  2.640999e+00 
 3243.000  2.605979e+00 
 3244.000  2.639303e+00 
 3245.000  2.632780e+00 
 3246.000  2.667360e+00 
 3247.000  2.812039e+00 
 3248.000  2.807643e+00 
 3249.000  2.802016e+00 
 3250.000  2.801264e+00 
 3251.000  2.798836e+00 
 3252.000  2.794091e+00 
 3253.000  2.601336e+00 
 3254.000  2.582066e+00 
 3255.000  2.584280e+00 
 3256.000  2.591702e+00 
 3257.000  2.613806e+00 
 3258.000  2.391809e+00 
 3259.000  2.394645e+00 
 3260.000  2.369595e+00 
 3261.000  2.389268e+00 
 3262.000  2.377823e+00 
 3263.000  2.608349e+00 
 3264.000  2.612346e+00 
 3265.000  2.612180e+00 
 3266.000  2.589615e+00 
 3267.000  2.622756e+00 
 3268.000  3.048564e+00 
 3269.000  3.033558e+00 
 3270.000  3.039960e+00 
 3271.000  3.031739e+00 
 3272.000  3.033122e+00 
 3273.000  3.024057e+00 
 3274.000  3.504829e+00 
 3275.000  3.499375e+00 
 3276.000  3.445738e+00 
 3277.000  3.488556e+00 
 3278.000  3.501892e+00 
 3279.000  3.956909e+00 
 3280.000  3.944293e+00 
 3281.000  3.892843e+00 
 3282.000  3.932651e+00 
 3283.000  3.927209e+00 
 3284.000  3.935620e+00 
 3285.000  3.853162e+00 
 3286.000  3.892616e+00 
 3287.000  3.889634e+00 
 3288.000  3.883648e+00 
 3289.000  3.897042e+00 
 3290.000  3.437049e+00 
 3291.000  3.395560e+00 
 3292.000  3.425577e+00 
 3293.000  3.415550e+00 
 3294.000  3.405063e+00 
 3295.000  2.903060e+00 
 3296.000  2.857377e+00 
 3297.000  2.787503e+00 
 3298.000  2.828300e+00 
 3299.000  2.894880e+00 
 3300.000  2.936120e+00 
 3301.000  2.512284e+00 
 3302.000  2.531715e+00 
 3303.000  2.530117e+00 
 3304.000  2.529719e+00 
 3305.000  2.527152e+00 
 3306.000  2.122623e+00 
 3307.000  2.128273e+00 
 3308.000  2.124290e+00 
 3309.000  2.123906e+00 
 3310.000  2.120342e+00 
 3311.000  2.111999e+00 
 3312.000  1.978570e+00 
 3313.000  1.969958e+00 
 3314.000  1.978118e+00 
 3315.000  1.974197e+00 
 3316.000  1.957787e+00 
 3317.000  2.322483e+00 
 3318.000  2.298294e+00 
 3319.000  2.307499e+00 
 3320.000  2.095113e+00 
 3321.000  2.301000e+00 
 3322.000  2.322304e+00 
 3323.000  2.976037e+00 
 3324.000  2.981712e+00 
 3325.000  2.956795e+00 
 3326.000  2.961142e+00 
 3327.000  2.966310e+00 
 3328.000  3.651133e+00 
 3329.000  3.650806e+00 
 3330.000  3.648292e+00 
 3331.000  3.622000e+00 
 3332.000  3.617472e+00 
 3333.000  3.664634e+00 
 3334.000  4.029596e+00 
 3335.000  4.017502e+00 
 3336.000  4.017743e+00 
 3337.000  4.000114e+00 
 3338.000  4.001192e+00 
 3339.000  4.083923e+00 
 3340.000  4.045634e+00 
 3341.000  4.018219e+00 
 3342.000  4.072044e+00 
 3343.000  4.063505e+00 
 3344.000  4.094816e+00 
 3345.000  4.146913e+00 
 3346.000  4.134753e+00 
 3347.000  4.140074e+00 
 3348.000  4.137847e+00 
 3349.000  4.131305e+00 
 3350.000  4.070359e+00 
 3351.000  4.079308e+00 
 3352.000  4.083092e+00 
 3353.000  4.017002e+00 
 3354.000  4.071409e+00 
 3355.000  4.093164e+00 
 3356.000  4.334839e+00 
 3357.000  4.324282e+00 
 3358.000  4.305323e+00 
 3359.000  4.321580e+00 
 3360.000  4.315448e+00 
 3361.000  4.305851e+00 
 3362.000  4.570143e+00 
 3363.000  4.569709e+00 
 3364.000  4.568891e+00 
 3365.000  4.543601e+00 
 3366.000  4.522386e+00 
 3367.000  4.554623e+00 
 3368.000  4.914879e+00 
 3369.000  4.880250e+00 
 3370.000  4.790679e+00 
 3371.000  4.892677e+00 
 3372.000  4.900875e+00 
 3373.000  5.240243e+00 
 3374.000  5.205969e+00 
 3375.000  5.247494e+00 
 3376.000  5.244637e+00 
 3377.000  5.223690e+00 
 3378.000  5.225717e+00 
 3379.000  5.561938e+00 
 3380.000  5.570591e+00 
 3381.000  5.548372e+00 
 3382.000  5.503988e+00 
 3383.000  5.509670e+00 
 3384.000  5.518456e+00 
 3385.000  5.756675e+00 
 3386.000  5.760573e+00 
 3387.000  5.752911e+00 
 3388.000  5.743536e+00 
 3389.000  5.749755e+00 
 3390.000  5.868865e+00 
 3391.000  5.862162e+00 
 3392.000  5.850038e+00 
 3393.000  5.842214e+00 
 3394.000  5.837353e+00 
 3395.000  5.825708e+00 
 3396.000  5.848667e+00 
 3397.000  5.658645e+00 
 3398.000  5.817629e+00 
 3399.000  5.725603e+00 
 3400.000  5.870018e+00 
 3401.000  5.580247e+00 
 3402.000  5.911232e+00 
 3403.000  5.910185e+00 
 3404.000  5.918381e+00 
 3405.000  5.907752e+00 
 3406.000  5.903240e+00 
 3407.000  5.863274e+00 
 3408.000  6.071738e+00 
 3409.000  5.972727e+00 
 3410.000  6.021789e+00 
 3411.000  6.050673e+00 
 3412.000  6.058070e+00 
 3413.000  6.273014e+00 
 3414.000  6.281463e+00 
 3415.000  6.185472e+00 
 3416.000  6.112335e+00 
 3417.000  6.256532e+00 
 3418.000  6.273352e+00 
 3419.000  6.423215e+00 
 3420.000  6.421506e+00 
 3421.000  6.409147e+00 
 3422.000  6.382197e+00 
 3423.000  6.397628e+00 
 3424.000  6.396224e+00 
 3425.000  6.544130e+00 
 3426.000  6.536241e+00 
 3427.000  6.366606e+00 
 3428.000  6.441005e+00 
 3429.000  6.494954e+00 
 3430.000  6.504679e+00 
 3431.000  6.481993e+00 
 3432.000  6.513600e+00 
 3433.000  6.492908e+00 
 3434.000  6.496647e+00 
 3435.000  6.473046e+00 
 3436.000  6.484574e+00 
 3437.000  6.475772e+00 
 3438.000  6.484449e+00 
 3439.000  6.478000e+00 
 3440.000  6.468564e+00 
 3441.000  6.464219e+00 
 3442.000  6.406804e+00 
 3443.000  6.511889e+00 
 3444.000  6.503026e+00 
 3445.000  6.484229e+00 
 3446.000  6.470807e+00 
 3447.000  6.480029e+00 
 3448.000  6.464740e+00 
 3449.000  6.522170e+00 
 3450.000  6.512817e+00 
 3451.000  6.515446e+00 
 3452.000  6.505031e+00 
 3453.000  6.498265e+00 
 3454.000  6.479407e+00 
 3455.000  6.561654e+00 
 3456.000  6.533620e+00 
 3457.000  6.543478e+00 
 3458.000  6.530980e+00 
 3459.000  6.536752e+00 
 3460.000  6.520564e+00 
 3461.000  6.573895e+00 
 3462.000  6.570255e+00 
 3463.000  6.564954e+00 
 3464.000  6.545786e+00 
 3465.000  6.546094e+00 
 3466.000  6.507720e+00 
 3467.000  6.506249e+00 
 3468.000  6.512471e+00 
 3469.000  6.506394e+00 
 3470.000  6.504870e+00 
 3471.000  6.448036e+00 
 3472.000  6.474233e+00 
 3473.000  6.433604e+00 
 3474.000  6.468317e+00 
 3475.000  6.457824e+00 
 3476.000  6.465958e+00 
 3477.000  6.395947e+00 
 3478.000  6.455319e+00 
 3479.000  6.470915e+00 
 3480.000  6.462705e+00 
 3481.000  6.441724e+00 
 3482.000  6.450819e+00 
 3483.000  6.441059e+00 
 3484.000  6.424141e+00 
 3485.000  6.464584e+00 
 3486.000  6.435242e+00 
 3487.000  6.451436e+00 
 3488.000  6.456010e+00 
 3489.000  6.448326e+00 
 3490.000  6.412959e+00 
 3491.000  6.517285e+00 
 3492.000  6.483777e+00 
 3493.000  6.501969e+00 
 3494.000  6.441834e+00 
 3495.000  6.487238e+00 
 3496.000  6.494331e+00 
 3497.000  6.541659e+00 
 3498.000  6.530075e+00 
 3499.000  6.525744e+00 
 3500.000  6.519909e+00 
 3501.000  6.452829e+00 
 3502.000  6.503971e+00 
 3503.000  6.516258e+00 
 3504.000  6.510674e+00 
 3505.000  6.503215e+00 
 3506.000  6.497891e+00 
 3507.000  6.489442e+00 
 3508.000  6.469597e+00 
 3509.000  6.426737e+00 
 3510.000  6.421042e+00 
 3511.000  6.415245e+00 
 3512.000  6.389998e+00 
 3513.000  6.397023e+00 
 3514.000  6.389597e+00 
 3515.000  6.275212e+00 
 3516.000  6.248071e+00 
 3517.000  6.256526e+00 
 3518.000  6.241131e+00 
 3519.000  6.242494e+00 
 3520.000  6.230352e+00 
 3521.000  6.234768e+00 
 3522.000  6.071203e+00 
 3523.000  6.058408e+00 
 3524.000  5.999366e+00 
 3525.000  6.063471e+00 
 3526.000  6.058229e+00 
 3527.000  6.040798e+00 
 3528.000  5.853332e+00 
 3529.000  5.846141e+00 
 3530.000  5.848979e+00 
 3531.000  5.811801e+00 
 3532.000  5.838457e+00 
 3533.000  5.832593e+00 
 3534.000  5.651941e+00 
 3535.000  5.630800e+00 
 3536.000  5.675824e+00 
 3537.000  5.668745e+00 
 3538.000  5.553361e+00 
 3539.000  5.619842e+00 
 3540.000  5.613517e+00 
 3541.000  5.621585e+00 
 3542.000  5.609225e+00 
 3543.000  5.604951e+00 
 3544.000  5.602623e+00 
 3545.000  5.588080e+00 
 3546.000  5.584987e+00 
 3547.000  5.575321e+00 
 3548.000  5.562144e+00 
 3549.000  5.562751e+00 
 3550.000  5.557920e+00 
 3551.000  5.549796e+00 
 3552.000  5.544491e+00 
 3553.000  5.576414e+00 
 3554.000  5.578606e+00 
 3555.000  5.537463e+00 
 3556.000  5.430445e+00 
 3557.000  5.561254e+00 
 3558.000  5.551019e+00 
 3559.000  5.569174e+00 
 3560.000  5.442774e+00 
 3561.000  5.545102e+00 
 3562.000  5.555196e+00 
 3563.000  5.546835e+00 
 3564.000  5.522595e+00 
 3565.000  5.537065e+00 
 3566.000  5.451309e+00 
 3567.000  5.447769e+00 
 3568.000  5.443899e+00 
 3569.000  5.430538e+00 
 3570.000  5.419483e+00 
 3571.000  5.296792e+00 
 3572.000  5.407598e+00 
 3573.000  5.407683e+00 
 3574.000  5.396841e+00 
 3575.000  5.393204e+00 
 3576.000  5.391540e+00 
 3577.000  5.376175e+00 
 3578.000  5.399444e+00 
 3579.000  5.393782e+00 
 3580.000  5.314196e+00 
 3581.000  5.369361e+00 
 3582.000  5.368477e+00 
 3583.000  5.374122e+00 
 3584.000  5.303980e+00 
 3585.000  5.398549e+00 
 3586.000  5.397827e+00 
 3587.000  5.391368e+00 
 3588.000  5.397470e+00 
 3589.000  5.388102e+00 
 3590.000  5.387415e+00 
 3591.000  5.517233e+00 
 3592.000  5.515737e+00 
 3593.000  5.494530e+00 
 3594.000  5.496436e+00 
 3595.000  5.501964e+00 
 3596.000  5.433150e+00 
 3597.000  5.436307e+00 
 3598.000  5.621106e+00 
 3599.000  5.589886e+00 
 3600.000  5.599542e+00 
 3601.000  5.580873e+00 
 3602.000  5.598824e+00 
 3603.000  5.585413e+00 
 3604.000  5.669104e+00 
 3605.000  5.655834e+00 
 3606.000  5.661221e+00 
 3607.000  5.644419e+00 
 3608.000  5.646861e+00 
 3609.000  5.635831e+00 
 3610.000  5.624242e+00 
 3611.000  5.748344e+00 
 3612.000  5.736835e+00 
 3613.000  5.731572e+00 
 3614.000  5.729576e+00 
 3615.000  5.723302e+00 
 3616.000  5.714784e+00 
 3617.000  5.819528e+00 
 3618.000  5.813180e+00 
 3619.000  5.806084e+00 
 3620.000  5.799523e+00 
 3621.000  5.791491e+00 
 3622.000  5.790373e+00 
 3623.000  5.781658e+00 
 3624.000  5.818264e+00 
 3625.000  5.813427e+00 
 3626.000  5.817243e+00 
 3627.000  5.812164e+00 
 3628.000  5.804956e+00 
 3629.000  5.784482e+00 
 3630.000  5.855325e+00 
 3631.000  5.882629e+00 
 3632.000  5.883270e+00 
 3633.000  5.874177e+00 
 3634.000  5.867791e+00 
 3635.000  5.865303e+00 
 3636.000  5.847238e+00 
 3637.000  5.889329e+00 
 3638.000  5.907093e+00 
 3639.000  5.903583e+00 
 3640.000  5.875409e+00 
 3641.000  5.892549e+00 
 3642.000  5.880524e+00 
 3643.000  5.842579e+00 
 3644.000  5.750094e+00 
 3645.000  5.779407e+00 
 3646.000  5.823849e+00 
 3647.000  5.807592e+00 
 3648.000  5.806747e+00 
 3649.000  5.784723e+00 
 3650.000  5.699898e+00 
 3651.000  5.687879e+00 
 3652.000  5.672958e+00 
 3653.000  5.552766e+00 
 3654.000  5.558255e+00 
 3655.000  5.646990e+00 
 3656.000  5.651941e+00 
 3657.000  5.435709e+00 
 3658.000  5.419977e+00 
 3659.000  5.342071e+00 
 3660.000  5.354930e+00 
 3661.000  5.420327e+00 
 3662.000  5.400627e+00 
 3663.000  5.396254e+00 
 3664.000  5.121067e+00 
 3665.000  5.117389e+00 
 3666.000  5.111000e+00 
 3667.000  5.106358e+00 
 3668.000  5.027582e+00 
 3669.000  5.092021e+00 
 3670.000  4.975146e+00 
 3671.000  4.876903e+00 
 3672.000  4.957210e+00 
 3673.000  4.953094e+00 
 3674.000  4.954061e+00 
 3675.000  4.947487e+00 
 3676.000  4.942521e+00 
 3677.000  4.961062e+00 
 3678.000  5.050295e+00 
 3679.000  4.880714e+00 
 3680.000  5.053849e+00 
 3681.000  5.051090e+00 
 3682.000  4.980540e+00 
 3683.000  4.839761e+00 
 3684.000  5.178264e+00 
 3685.000  5.240248e+00 
 3686.000  5.251832e+00 
 3687.000  5.228246e+00 
 3688.000  5.240474e+00 
 3689.000  5.215997e+00 
 3690.000  5.190904e+00 
 3691.000  5.436437e+00 
 3692.000  5.427831e+00 
 3693.000  5.443999e+00 
 3694.000  5.427894e+00 
 3695.000  5.400023e+00 
 3696.000  5.393376e+00 
 3697.000  5.491321e+00 
 3698.000  5.493228e+00 
 3699.000  5.320611e+00 
 3700.000  5.346908e+00 
 3701.000  5.393851e+00 
 3702.000  5.440153e+00 
 3703.000  5.546536e+00 
 3704.000  5.555407e+00 
 3705.000  5.439694e+00 
 3706.000  5.507624e+00 
 3707.000  5.469753e+00 
 3708.000  5.508143e+00 
 3709.000  5.393628e+00 
 3710.000  5.514781e+00 
 3711.000  5.447793e+00 
 3712.000  5.401786e+00 
 3713.000  5.471870e+00 
 3714.000  5.442228e+00 
 3715.000  5.403646e+00 
 3716.000  5.449184e+00 
 3717.000  5.460959e+00 
 3718.000  5.444598e+00 
 3719.000  5.424367e+00 
 3720.000  5.446064e+00 
 3721.000  5.392351e+00 
 3722.000  5.398618e+00 
 3723.000  5.426663e+00 
 3724.000  5.421525e+00 
 3725.000  5.340634e+00 
 3726.000  5.362132e+00 
 3727.000  5.341710e+00 
 3728.000  5.344954e+00 
 3729.000  5.318023e+00 
 3730.000  5.334790e+00 
 3731.000  5.321511e+00 
 3732.000  5.285675e+00 
 3733.000  5.292268e+00 
 3734.000  5.284765e+00 
 3735.000  5.221549e+00 
 3736.000  5.185802e+00 
 3737.000  5.224670e+00 
 3738.000  5.162002e+00 
 3739.000  5.037364e+00 
 3740.000  4.960284e+00 
 3741.000  4.915737e+00 
 3742.000  5.102149e+00 
 3743.000  5.163068e+00 
 3744.000  5.152034e+00 
 3745.000  4.993200e+00 
 3746.000  4.905731e+00 
 3747.000  5.008511e+00 
 3748.000  5.136321e+00 
 3749.000  5.119777e+00 
 3750.000  5.095583e+00 
 3751.000  5.087706e+00 
 3752.000  5.127151e+00 
 3753.000  4.959030e+00 
 3754.000  5.026039e+00 
 3755.000  5.054553e+00 
 3756.000  5.080315e+00 
 3757.000  5.066289e+00 
 3758.000  5.031488e+00 
 3759.000  5.043129e+00 
 3760.000  5.054918e+00 
 3761.000  5.077989e+00 
 3762.000  5.036782e+00 
 3763.000  4.963005e+00 
 3764.000  5.049573e+00 
 3765.000  5.030952e+00 
 3766.000  5.044194e+00 
 3767.000  5.042873e+00 
 3768.000  5.018367e+00 
 3769.000  5.007042e+00 
 3770.000  5.015032e+00 
 3771.000  4.983345e+00 
 3772.000  5.012278e+00 
 3773.000  4.942040e+00 
 3774.000  5.017050e+00 
 3775.000  5.033689e+00 
 3776.000  4.940286e+00 
 3777.000  4.929650e+00 
 3778.000  5.014082e+00 
 3779.000  4.995541e+00 
 3780.000  4.978598e+00 
 3781.000  5.006380e+00 
 3782.000  4.969058e+00 
 3783.000  5.020905e+00 
 3784.000  5.007286e+00 
 3785.000  5.006960e+00 
 3786.000  4.992874e+00 
 3787.000  4.876672e+00 
 3788.000  5.004812e+00 
 3789.000  5.001746e+00 
 3790.000  5.006192e+00 
 3791.000  4.915462e+00 
 3792.000  4.973538e+00 
 3793.000  4.920692e+00 
 3794.000  4.984350e+00 
 3795.000  4.959082e+00 
 3796.000  5.028855e+00 
 3797.000  5.032083e+00 
 3798.000  5.010194e+00 
 3799.000  4.977212e+00 
 3800.000  4.921880e+00 
 3801.000  5.017956e+00 
 3802.000  4.999730e+00 
 3803.000  5.035157e+00 
 3804.000  5.016123e+00 
 3805.000  5.018944e+00 
 3806.000  5.006713e+00 
 3807.000  4.942127e+00 
 3808.000  4.973407e+00 
 3809.000  4.988968e+00 
 3810.000  4.999771e+00 
 3811.000  5.021579e+00 
 3812.000  5.033738e+00 
 3813.000  4.999466e+00 
 3814.000  5.017484e+00 
 3815.000  5.016251e+00 
 3816.000  4.969392e+00 
 3817.000  5.005023e+00 
 3818.000  4.969861e+00 
 3819.000  5.043483e+00 
 3820.000  5.046165e+00 
 3821.000  5.043811e+00 
 3822.000  5.037212e+00 
 3823.000  5.011886e+00 
 3824.000  5.017739e+00 
 3825.000  5.004354e+00 
 3826.000  5.005215e+00 
 3827.000  5.002121e+00 
 3828.000  4.985015e+00 
 3829.000  4.986020e+00 
 3830.000  4.987037e+00 
 3831.000  4.977119e+00 
 3832.000  4.941556e+00 
 3833.000  4.911014e+00 
 3834.000  4.928327e+00 
 3835.000  4.890640e+00 
 3836.000  4.852641e+00 
 3837.000  4.891847e+00 
 3838.000  4.909678e+00 
 3839.000  4.868359e+00 
 3840.000  4.864267e+00 
 3841.000  4.859211e+00 
 3842.000  4.850204e+00 
 3843.000  4.845090e+00 
 3844.000  4.839417e+00 
 3845.000  4.837347e+00 
 3846.000  4.840382e+00 
 3847.000  4.749851e+00 
 3848.000  4.747927e+00 
 3849.000  4.742942e+00 
 3850.000  4.717792e+00 
 3851.000  4.725288e+00 
 3852.000  4.725653e+00 
 3853.000  4.707221e+00 
 3854.000  4.629528e+00 
 3855.000  4.625685e+00 
 3856.000  4.620783e+00 
 3857.000  4.612047e+00 
 3858.000  4.601930e+00 
 3859.000  4.579106e+00 
 3860.000  4.567644e+00 
 3861.000  4.591806e+00 
 3862.000  4.509260e+00 
 3863.000  4.401379e+00 
 3864.000  4.467573e+00 
 3865.000  4.483129e+00 
 3866.000  4.491255e+00 
 3867.000  4.438811e+00 
 3868.000  4.464315e+00 
 3869.000  4.374273e+00 
 3870.000  4.399036e+00 
 3871.000  4.375462e+00 
 3872.000  4.317889e+00 
 3873.000  4.386902e+00 
 3874.000  4.380467e+00 
 3875.000  4.370512e+00 
 3876.000  4.371394e+00 
 3877.000  4.367163e+00 
 3878.000  4.362022e+00 
 3879.000  4.355184e+00 
 3880.000  4.352432e+00 
 3881.000  4.344708e+00 
 3882.000  4.329659e+00 
 3883.000  4.325184e+00 
 3884.000  4.364379e+00 
 3885.000  4.245534e+00 
 3886.000  4.306229e+00 
 3887.000  4.354072e+00 
 3888.000  4.353987e+00 
 3889.000  4.353054e+00 
 3890.000  4.338880e+00 
 3891.000  4.333860e+00 
 3892.000  4.388810e+00 
 3893.000  4.387552e+00 
 3894.000  4.369770e+00 
 3895.000  4.380501e+00 
 3896.000  4.360658e+00 
 3897.000  4.315075e+00 
 3898.000  4.295309e+00 
 3899.000  4.391352e+00 
 3900.000  4.360322e+00 
 3901.000  4.381030e+00 
 3902.000  4.379882e+00 
 3903.000  4.368231e+00 
 3904.000  4.372594e+00 
 3905.000  4.367373e+00 
 3906.000  4.351116e+00 
 3907.000  4.371505e+00 
 3908.000  4.360584e+00 
 3909.000  4.362916e+00 
 3910.000  4.359827e+00 
 3911.000  4.357140e+00 
 3912.000  4.354476e+00 
 3913.000  4.348129e+00 
 3914.000  4.359380e+00 
 3915.000  4.366922e+00 
 3916.000  4.355417e+00 
 3917.000  4.354203e+00 
 3918.000  4.343914e+00 
 3919.000  4.335903e+00 
 3920.000  4.349040e+00 
 3921.000  4.328087e+00 
 3922.000  4.373652e+00 
 3923.000  4.372836e+00 
 3924.000  4.368476e+00 
 3925.000  4.368521e+00 
 3926.000  4.353530e+00 
 3927.000  4.354877e+00 
 3928.000  4.361537e+00 
 3929.000  4.357084e+00 
 3930.000  4.413335e+00 
 3931.000  4.410452e+00 
 3932.000  4.387953e+00 
 3933.000  4.398948e+00 
 3934.000  4.344351e+00 
 3935.000  4.373449e+00 
 3936.000  4.393145e+00 
 3937.000  4.390728e+00 
 3938.000  4.430507e+00 
 3939.000  4.449726e+00 
 3940.000  4.445960e+00 
 3941.000  4.439960e+00 
 3942.000  4.439211e+00 
 3943.000  4.436910e+00 
 3944.000  4.399376e+00 
 3945.000  4.534544e+00 
 3946.000  4.520860e+00 
 3947.000  4.521334e+00 
 3948.000  4.498128e+00 
 3949.000  4.511362e+00 
 3950.000  4.462850e+00 
 3951.000  4.494406e+00 
 3952.000  4.350507e+00 
 3953.000  4.497029e+00 
 3954.000  4.492312e+00 
 3955.000  4.484859e+00 
 3956.000  4.443891e+00 
 3957.000  4.452410e+00 
 3958.000  4.414564e+00 
 3959.000  4.424737e+00 
 3960.000  4.472173e+00 
 3961.000  4.484340e+00 
 3962.000  4.444106e+00 
 3963.000  4.477861e+00 
 3964.000  4.456327e+00 
 3965.000  4.452944e+00 
 3966.000  4.457263e+00 
 3967.000  4.452836e+00 
 3968.000  4.461290e+00 
 3969.000  4.437065e+00 
 3970.000  4.423592e+00 
 3971.000  4.405346e+00 
 3972.000  4.428010e+00 
 3973.000  4.387326e+00 
 3974.000  4.403342e+00 
 3975.000  4.416648e+00 
 3976.000  4.413694e+00 
 3977.000  4.340847e+00 
 3978.000  4.359130e+00 
 3979.000  4.344294e+00 
 3980.000  4.348985e+00 
 3981.000  4.358224e+00 
 3982.000  4.348789e+00 
 3983.000  4.329747e+00 
 3984.000  4.327671e+00 
 3985.000  4.282072e+00 
 3986.000  4.186842e+00 
 3987.000  4.305980e+00 
 3988.000  4.310103e+00 
 3989.000  4.280519e+00 
 3990.000  4.278420e+00 
 3991.000  4.215891e+00 
 3992.000  4.266989e+00 
 3993.000  4.182607e+00 
 3994.000  4.176385e+00 
 3995.000  4.151382e+00 
 3996.000  4.081699e+00 
 3997.000  4.188460e+00 
 3998.000  4.165618e+00 
 3999.000  4.086990e+00 
 4000.000  4.127316e+00 
