  290.000  0.000000e+00 
  291.000  2.083291e-06 
  292.000  2.744073e-05 
  293.000  8.821885e-05 
  294.000  6.028176e-04 
  295.000  1.783300e-03 
  296.000  1.082328e-02 
  297.000  1.555648e-02 
  298.000  8.523742e-02 
  299.000  1.662116e-01 
  300.000  3.168789e-01 
  301.000  9.236557e-01 
  302.000  1.080048e+00 
  303.000  2.990740e+00 
  304.000  3.562684e+00 
  305.000  6.760303e+00 
  306.000  7.709232e+00 
  307.000  1.172850e+01 
  308.000  1.555530e+01 
  309.000  1.708451e+01 
  310.000  1.948693e+01 
  311.000  3.854668e+01 
  312.000  3.360944e+01 
  313.000  4.389979e+01 
  314.000  4.607666e+01 
  315.000  5.622894e+01 
  316.000  4.486132e+01 
  317.000  6.631321e+01 
  318.000  6.585469e+01 
  319.000  7.525739e+01 
  320.000  7.444388e+01 
  321.000  9.328642e+01 
  322.000  8.406226e+01 
  323.000  7.492575e+01 
  324.000  9.591492e+01 
  325.000  1.088084e+02 
  326.000  1.524297e+02 
  327.000  1.568365e+02 
  328.000  1.325464e+02 
  329.000  1.596311e+02 
  330.000  1.702881e+02 
  331.000  1.409909e+02 
  332.000  1.577671e+02 
  333.000  1.818772e+02 
  334.000  1.550739e+02 
  335.000  1.697290e+02 
  336.000  1.298145e+02 
  337.000  1.263481e+02 
  338.000  1.567339e+02 
  339.000  1.604247e+02 
  340.000  1.834990e+02 
  341.000  1.574231e+02 
  342.000  1.677329e+02 
  343.000  1.711000e+02 
  344.000  1.571039e+02 
  345.000  2.050611e+02 
  346.000  2.308917e+02 
  347.000  2.228984e+02 
  348.000  2.129171e+02 
  349.000  2.367577e+02 
  350.000  2.454033e+02 
  351.000  2.362147e+02 
  352.000  2.453592e+02 
  353.000  2.268145e+02 
  354.000  2.652866e+02 
  355.000  2.723368e+02 
  356.000  2.607850e+02 
  357.000  1.687868e+02 
  358.000  1.856709e+02 
  359.000  1.890727e+02 
  360.000  2.838581e+02 
  361.000  2.277619e+02 
  362.000  2.528445e+02 
  363.000  2.721023e+02 
  364.000  2.747234e+02 
  365.000  2.601553e+02 
  366.000  3.610611e+02 
  367.000  3.266264e+02 
  368.000  3.113521e+02 
  369.000  3.026747e+02 
  370.000  3.517587e+02 
  371.000  2.838352e+02 
  372.000  3.018048e+02 
  373.000  3.037414e+02 
  374.000  2.374934e+02 
  375.000  2.195645e+02 
  376.000  3.169118e+02 
  377.000  3.270624e+02 
  378.000  4.264713e+02 
  379.000  3.309109e+02 
  380.000  3.123276e+02 
  381.000  3.532516e+02 
  382.000  2.658674e+02 
  383.000  1.865541e+02 
  384.000  2.065798e+02 
  385.000  3.126612e+02 
  386.000  2.440110e+02 
  387.000  2.815029e+02 
  388.000  2.801389e+02 
  389.000  3.205847e+02 
  390.000  3.902722e+02 
  391.000  4.382954e+02 
  392.000  3.909625e+02 
  393.000  2.103547e+02 
  394.000  2.335921e+02 
  395.000  3.934464e+02 
  396.000  4.063011e+02 
  397.000  1.658916e+02 
  398.000  4.655857e+02 
  399.000  5.599507e+02 
  400.000  5.517493e+02 
  401.000  5.495850e+02 
  402.000  5.836622e+02 
  403.000  5.477623e+02 
  404.000  5.897930e+02 
  405.000  5.419124e+02 
  406.000  5.388286e+02 
  407.000  5.257453e+02 
  408.000  5.705795e+02 
  409.000  6.326583e+02 
  410.000  5.298252e+02 
  411.000  6.231920e+02 
  412.000  6.467603e+02 
  413.000  6.119125e+02 
  414.000  6.014692e+02 
  415.000  6.424351e+02 
  416.000  6.394433e+02 
  417.000  6.208626e+02 
  418.000  6.081877e+02 
  419.000  6.239440e+02 
  420.000  5.288202e+02 
  421.000  6.634167e+02 
  422.000  6.364988e+02 
  423.000  5.382335e+02 
  424.000  5.927548e+02 
  425.000  6.146514e+02 
  426.000  5.915527e+02 
  427.000  5.696734e+02 
  428.000  5.775050e+02 
  429.000  5.259880e+02 
  430.000  4.201935e+02 
  431.000  3.782022e+02 
  432.000  6.814988e+02 
  433.000  6.072728e+02 
  434.000  5.777879e+02 
  435.000  6.292650e+02 
  436.000  6.984675e+02 
  437.000  7.059121e+02 
  438.000  6.329728e+02 
  439.000  6.131080e+02 
  440.000  6.878314e+02 
  441.000  6.862517e+02 
  442.000  7.234394e+02 
  443.000  7.289536e+02 
  444.000  7.248849e+02 
  445.000  7.631894e+02 
  446.000  6.799611e+02 
  447.000  7.761992e+02 
  448.000  7.898177e+02 
  449.000  7.958826e+02 
  450.000  8.139277e+02 
  451.000  8.803594e+02 
  452.000  8.190710e+02 
  453.000  7.609305e+02 
  454.000  8.119083e+02 
  455.000  8.182206e+02 
  456.000  8.386824e+02 
  457.000  8.440123e+02 
  458.000  8.297823e+02 
  459.000  8.302852e+02 
  460.000  8.236508e+02 
  461.000  8.541190e+02 
  462.000  8.407957e+02 
  463.000  8.415867e+02 
  464.000  8.449403e+02 
  465.000  8.331630e+02 
  466.000  8.601169e+02 
  467.000  8.302856e+02 
  468.000  8.794556e+02 
  469.000  8.721758e+02 
  470.000  8.605642e+02 
  471.000  8.593860e+02 
  472.000  8.702335e+02 
  473.000  8.610562e+02 
  474.000  8.682502e+02 
  475.000  9.035560e+02 
  476.000  8.759266e+02 
  477.000  8.680425e+02 
  478.000  9.112130e+02 
  479.000  8.701252e+02 
  480.000  8.875386e+02 
  481.000  8.823829e+02 
  482.000  9.011072e+02 
  483.000  9.023009e+02 
  484.000  8.678342e+02 
  485.000  8.744620e+02 
  486.000  7.092211e+02 
  487.000  7.973911e+02 
  488.000  8.660806e+02 
  489.000  8.053585e+02 
  490.000  9.171557e+02 
  491.000  8.584991e+02 
  492.000  8.252457e+02 
  493.000  8.890652e+02 
  494.000  8.591439e+02 
  495.000  9.186969e+02 
  496.000  8.949722e+02 
  497.000  8.683884e+02 
  498.000  8.480845e+02 
  499.000  8.462466e+02 
  500.000  8.427264e+02 
  501.000  8.240305e+02 
  502.000  8.188239e+02 
  503.000  8.678375e+02 
  504.000  8.076182e+02 
  505.000  8.712849e+02 
  506.000  9.329837e+02 
  507.000  8.682939e+02 
  508.000  8.329125e+02 
  509.000  8.983820e+02 
  510.000  8.706874e+02 
  511.000  8.711277e+02 
  512.000  9.144804e+02 
  513.000  8.371210e+02 
  514.000  8.197102e+02 
  515.000  8.369954e+02 
  516.000  8.793129e+02 
  517.000  6.477933e+02 
  518.000  8.020811e+02 
  519.000  7.599667e+02 
  520.000  8.367766e+02 
  521.000  8.373080e+02 
  522.000  8.705894e+02 
  523.000  8.110503e+02 
  524.000  8.800028e+02 
  525.000  8.730076e+02 
  526.000  8.320226e+02 
  527.000  7.268372e+02 
  528.000  8.729532e+02 
  529.000  8.977563e+02 
  530.000  8.483176e+02 
  531.000  9.234083e+02 
  532.000  8.809486e+02 
  533.000  7.738124e+02 
  534.000  8.415297e+02 
  535.000  8.586660e+02 
  536.000  9.111998e+02 
  537.000  8.454368e+02 
  538.000  8.850641e+02 
  539.000  8.822138e+02 
  540.000  8.634351e+02 
  541.000  7.918259e+02 
  542.000  8.833667e+02 
  543.000  8.450609e+02 
  544.000  8.914210e+02 
  545.000  8.782397e+02 
  546.000  8.588049e+02 
  547.000  8.953927e+02 
  548.000  8.308824e+02 
  549.000  8.745470e+02 
  550.000  8.555427e+02 
  551.000  8.504980e+02 
  552.000  8.874913e+02 
  553.000  8.530390e+02 
  554.000  8.812391e+02 
  555.000  8.840533e+02 
  556.000  8.600093e+02 
  557.000  8.347896e+02 
  558.000  8.668096e+02 
  559.000  8.196112e+02 
  560.000  8.234836e+02 
  561.000  9.053252e+02 
  562.000  8.312168e+02 
  563.000  8.698780e+02 
  564.000  8.578418e+02 
  565.000  8.681642e+02 
  566.000  8.005685e+02 
  567.000  8.586680e+02 
  568.000  8.560150e+02 
  569.000  8.376393e+02 
  570.000  8.422433e+02 
  571.000  8.131655e+02 
  572.000  8.586287e+02 
  573.000  8.677465e+02 
  574.000  8.630563e+02 
  575.000  8.421002e+02 
  576.000  8.271284e+02 
  577.000  8.622673e+02 
  578.000  8.380009e+02 
  579.000  8.328290e+02 
  580.000  8.631619e+02 
  581.000  8.495410e+02 
  582.000  8.638265e+02 
  583.000  8.710775e+02 
  584.000  8.694752e+02 
  585.000  8.646754e+02 
  586.000  8.284572e+02 
  587.000  8.611109e+02 
  588.000  8.513691e+02 
  589.000  7.524847e+02 
  590.000  7.860246e+02 
  591.000  8.378689e+02 
  592.000  8.212430e+02 
  593.000  8.326801e+02 
  594.000  8.402971e+02 
  595.000  8.230635e+02 
  596.000  8.461127e+02 
  597.000  8.484485e+02 
  598.000  8.322514e+02 
  599.000  8.330880e+02 
  600.000  8.340747e+02 
  601.000  8.301373e+02 
  602.000  8.215289e+02 
  603.000  8.270392e+02 
  604.000  8.540441e+02 
  605.000  8.525851e+02 
  606.000  8.432949e+02 
  607.000  8.391431e+02 
  608.000  8.366591e+02 
  609.000  8.286407e+02 
  610.000  8.159287e+02 
  611.000  8.297438e+02 
  612.000  8.194979e+02 
  613.000  8.080619e+02 
  614.000  7.793914e+02 
  615.000  8.172451e+02 
  616.000  7.775233e+02 
  617.000  7.823750e+02 
  618.000  8.197059e+02 
  619.000  8.125692e+02 
  620.000  8.249315e+02 
  621.000  8.394415e+02 
  622.000  7.954101e+02 
  623.000  8.018138e+02 
  624.000  8.028743e+02 
  625.000  7.812762e+02 
  626.000  7.852746e+02 
  627.000  7.976901e+02 
  628.000  7.778403e+02 
  629.000  8.039547e+02 
  630.000  7.781361e+02 
  631.000  8.087736e+02 
  632.000  7.543024e+02 
  633.000  8.114974e+02 
  634.000  7.885399e+02 
  635.000  8.040311e+02 
  636.000  7.766517e+02 
  637.000  8.033326e+02 
  638.000  8.170419e+02 
  639.000  8.111305e+02 
  640.000  7.865521e+02 
  641.000  7.987388e+02 
  642.000  7.898630e+02 
  643.000  8.041453e+02 
  644.000  7.955015e+02 
  645.000  8.025865e+02 
  646.000  7.712062e+02 
  647.000  7.811600e+02 
  648.000  7.789673e+02 
  649.000  7.960153e+02 
  650.000  7.399803e+02 
  651.000  7.975322e+02 
  652.000  7.807749e+02 
  653.000  7.990475e+02 
  654.000  7.887888e+02 
  655.000  7.676598e+02 
  656.000  6.523069e+02 
  657.000  6.969023e+02 
  658.000  7.773160e+02 
  659.000  7.797828e+02 
  660.000  7.864169e+02 
  661.000  7.908574e+02 
  662.000  8.027787e+02 
  663.000  7.942640e+02 
  664.000  7.820507e+02 
  665.000  7.859227e+02 
  666.000  7.959273e+02 
  667.000  7.806011e+02 
  668.000  7.855297e+02 
  669.000  7.972557e+02 
  670.000  7.881351e+02 
  671.000  7.802097e+02 
  672.000  7.780764e+02 
  673.000  7.840560e+02 
  674.000  7.859810e+02 
  675.000  7.743690e+02 
  676.000  7.893738e+02 
  677.000  7.740393e+02 
  678.000  7.872120e+02 
  679.000  7.764222e+02 
  680.000  7.706713e+02 
  681.000  7.716915e+02 
  682.000  7.703429e+02 
  683.000  7.758207e+02 
  684.000  7.620172e+02 
  685.000  7.709690e+02 
  686.000  7.362955e+02 
  687.000  6.429114e+02 
  688.000  6.729706e+02 
  689.000  6.664522e+02 
  690.000  6.851756e+02 
  691.000  7.085358e+02 
  692.000  7.166681e+02 
  693.000  7.175750e+02 
  694.000  7.188313e+02 
  695.000  7.136983e+02 
  696.000  7.263577e+02 
  697.000  7.447711e+02 
  698.000  7.276890e+02 
  699.000  7.262024e+02 
  700.000  7.203751e+02 
  701.000  7.010753e+02 
  702.000  7.002195e+02 
  703.000  7.226117e+02 
  704.000  7.253974e+02 
  705.000  7.259489e+02 
  706.000  7.193967e+02 
  707.000  7.104980e+02 
  708.000  7.332705e+02 
  709.000  7.112549e+02 
  710.000  7.235775e+02 
  711.000  7.207109e+02 
  712.000  7.144233e+02 
  713.000  7.086230e+02 
  714.000  7.197739e+02 
  715.000  6.900155e+02 
  716.000  7.030905e+02 
  717.000  6.511428e+02 
  718.000  6.266188e+02 
  719.000  6.119232e+02 
  720.000  6.048519e+02 
  721.000  6.541974e+02 
  722.000  6.814595e+02 
  723.000  6.699093e+02 
  724.000  6.449387e+02 
  725.000  6.422247e+02 
  726.000  6.397656e+02 
  727.000  6.534169e+02 
  728.000  6.378227e+02 
  729.000  6.230837e+02 
  730.000  6.442335e+02 
  731.000  6.313683e+02 
  732.000  6.617407e+02 
  733.000  6.689126e+02 
  734.000  6.911152e+02 
  735.000  6.827466e+02 
  736.000  6.648307e+02 
  737.000  6.777000e+02 
  738.000  6.814447e+02 
  739.000  6.617386e+02 
  740.000  6.731469e+02 
  741.000  6.707580e+02 
  742.000  6.609731e+02 
  743.000  6.830046e+02 
  744.000  6.907313e+02 
  745.000  6.737342e+02 
  746.000  6.839072e+02 
  747.000  6.947524e+02 
  748.000  6.826995e+02 
  749.000  6.832622e+02 
  750.000  6.731141e+02 
  751.000  6.715716e+02 
  752.000  6.825201e+02 
  753.000  6.763736e+02 
  754.000  6.872162e+02 
  755.000  6.834601e+02 
  756.000  6.702687e+02 
  757.000  6.753082e+02 
  758.000  6.734775e+02 
  759.000  6.051018e+02 
  760.000  2.216402e+02 
  761.000  1.902988e+02 
  762.000  3.880186e+02 
  763.000  3.310424e+02 
  764.000  3.653139e+02 
  765.000  4.447887e+02 
  766.000  5.144025e+02 
  767.000  5.683114e+02 
  768.000  6.220795e+02 
  769.000  6.402193e+02 
  770.000  6.469496e+02 
  771.000  6.521927e+02 
  772.000  6.508420e+02 
  773.000  6.487238e+02 
  774.000  6.562488e+02 
  775.000  6.319750e+02 
  776.000  6.582947e+02 
  777.000  6.538748e+02 
  778.000  6.504588e+02 
  779.000  6.526579e+02 
  780.000  6.446611e+02 
  781.000  6.438574e+02 
  782.000  6.516912e+02 
  783.000  6.365389e+02 
  784.000  6.400361e+02 
  785.000  6.410908e+02 
  786.000  6.289899e+02 
  787.000  6.359277e+02 
  788.000  6.250981e+02 
  789.000  6.237674e+02 
  790.000  6.170839e+02 
  791.000  6.149551e+02 
  792.000  6.061858e+02 
  793.000  6.077205e+02 
  794.000  6.057672e+02 
  795.000  5.999921e+02 
  796.000  6.031948e+02 
  797.000  6.091238e+02 
  798.000  6.140449e+02 
  799.000  6.126073e+02 
  800.000  5.935497e+02 
  801.000  6.050436e+02 
  802.000  6.036226e+02 
  803.000  5.955249e+02 
  804.000  6.025283e+02 
  805.000  5.889826e+02 
  806.000  6.067548e+02 
  807.000  6.032839e+02 
  808.000  5.986696e+02 
  809.000  5.873865e+02 
  810.000  5.834491e+02 
  811.000  5.899677e+02 
  812.000  5.840445e+02 
  813.000  5.766711e+02 
  814.000  5.692437e+02 
  815.000  5.547578e+02 
  816.000  5.388578e+02 
  817.000  5.428042e+02 
  818.000  5.404471e+02 
  819.000  5.295232e+02 
  820.000  5.312162e+02 
  821.000  5.628832e+02 
  822.000  5.367490e+02 
  823.000  5.142898e+02 
  824.000  5.476431e+02 
  825.000  5.628240e+02 
  826.000  5.637054e+02 
  827.000  5.599056e+02 
  828.000  5.483124e+02 
  829.000  5.518689e+02 
  830.000  5.473192e+02 
  831.000  5.387044e+02 
  832.000  5.501840e+02 
  833.000  5.353967e+02 
  834.000  5.460344e+02 
  835.000  5.520801e+02 
  836.000  5.569855e+02 
  837.000  5.522559e+02 
  838.000  5.566265e+02 
  839.000  5.406290e+02 
  840.000  5.556403e+02 
  841.000  5.557689e+02 
  842.000  5.535676e+02 
  843.000  5.526058e+02 
  844.000  5.447066e+02 
  845.000  5.535859e+02 
  846.000  5.589322e+02 
  847.000  5.403511e+02 
  848.000  5.554929e+02 
  849.000  5.566810e+02 
  850.000  4.809518e+02 
  851.000  5.505004e+02 
  852.000  5.297221e+02 
  853.000  5.367379e+02 
  854.000  4.315182e+02 
  855.000  4.753083e+02 
  856.000  5.401261e+02 
  857.000  5.490756e+02 
  858.000  5.405104e+02 
  859.000  5.407628e+02 
  860.000  5.361641e+02 
  861.000  5.361735e+02 
  862.000  5.345554e+02 
  863.000  5.448362e+02 
  864.000  5.438591e+02 
  865.000  5.338250e+02 
  866.000  4.478265e+02 
  867.000  4.769186e+02 
  868.000  5.172863e+02 
  869.000  5.100925e+02 
  870.000  5.311667e+02 
  871.000  5.304786e+02 
  872.000  5.284361e+02 
  873.000  5.305574e+02 
  874.000  5.189508e+02 
  875.000  5.142166e+02 
  876.000  5.184636e+02 
  877.000  5.288081e+02 
  878.000  5.196295e+02 
  879.000  5.208571e+02 
  880.000  5.177942e+02 
  881.000  4.908954e+02 
  882.000  5.179772e+02 
  883.000  5.062701e+02 
  884.000  5.106391e+02 
  885.000  5.157141e+02 
  886.000  4.985093e+02 
  887.000  4.937182e+02 
  888.000  5.085231e+02 
  889.000  5.120762e+02 
  890.000  5.102082e+02 
  891.000  5.069189e+02 
  892.000  5.037353e+02 
  893.000  4.789420e+02 
  894.000  4.918304e+02 
  895.000  4.572657e+02 
  896.000  4.629709e+02 
  897.000  4.395397e+02 
  898.000  4.343051e+02 
  899.000  4.169210e+02 
  900.000  4.089351e+02 
  901.000  3.959680e+02 
  902.000  3.894290e+02 
  903.000  4.386363e+02 
  904.000  4.621683e+02 
  905.000  4.603140e+02 
  906.000  4.375707e+02 
  907.000  4.259587e+02 
  908.000  4.022239e+02 
  909.000  3.959060e+02 
  910.000  4.024937e+02 
  911.000  4.094723e+02 
  912.000  4.064554e+02 
  913.000  3.986120e+02 
  914.000  4.046133e+02 
  915.000  4.040744e+02 
  916.000  4.108586e+02 
  917.000  4.080173e+02 
  918.000  4.105550e+02 
  919.000  4.318101e+02 
  920.000  4.395219e+02 
  921.000  4.273801e+02 
  922.000  4.233530e+02 
  923.000  4.025593e+02 
  924.000  4.119243e+02 
  925.000  4.168064e+02 
  926.000  4.017873e+02 
  927.000  4.076880e+02 
  928.000  3.961985e+02 
  929.000  3.706292e+02 
  930.000  3.442402e+02 
  931.000  3.155982e+02 
  932.000  2.755772e+02 
  933.000  2.485197e+02 
  934.000  2.179279e+02 
  935.000  2.117474e+02 
  936.000  2.212903e+02 
  937.000  2.233437e+02 
  938.000  2.522706e+02 
  939.000  3.358701e+02 
  940.000  3.461026e+02 
  941.000  3.281455e+02 
  942.000  2.917172e+02 
  943.000  2.653404e+02 
  944.000  2.552079e+02 
  945.000  2.725552e+02 
  946.000  2.770785e+02 
  947.000  2.887320e+02 
  948.000  2.983171e+02 
  949.000  2.982190e+02 
  950.000  2.982560e+02 
  951.000  3.138756e+02 
  952.000  2.952281e+02 
  953.000  3.074014e+02 
  954.000  3.181833e+02 
  955.000  2.867712e+02 
  956.000  3.033724e+02 
  957.000  3.378268e+02 
  958.000  3.449112e+02 
  959.000  3.404265e+02 
  960.000  3.355353e+02 
  961.000  3.290829e+02 
  962.000  3.333194e+02 
  963.000  3.514397e+02 
  964.000  3.500917e+02 
  965.000  3.525746e+02 
  966.000  3.433689e+02 
  967.000  3.669670e+02 
  968.000  3.849339e+02 
  969.000  3.972531e+02 
  970.000  3.988819e+02 
  971.000  3.951146e+02 
  972.000  3.950905e+02 
  973.000  3.849791e+02 
  974.000  3.712937e+02 
  975.000  3.681178e+02 
  976.000  3.788377e+02 
  977.000  3.792576e+02 
  978.000  3.877988e+02 
  979.000  3.791263e+02 
  980.000  3.947191e+02 
  981.000  3.997560e+02 
  982.000  3.965985e+02 
  983.000  4.008145e+02 
  984.000  4.035337e+02 
  985.000  4.064123e+02 
  986.000  4.070140e+02 
  987.000  4.133660e+02 
  988.000  4.086638e+02 
  989.000  4.037262e+02 
  990.000  4.075816e+02 
  991.000  4.123574e+02 
  992.000  4.088302e+02 
  993.000  4.089843e+02 
  994.000  4.123568e+02 
  995.000  4.102062e+02 
  996.000  4.101270e+02 
  997.000  4.100477e+02 
  998.000  4.078764e+02 
  999.000  4.066758e+02 
 1000.000  4.035931e+02 
 1001.000  4.047035e+02 
 1002.000  4.021173e+02 
 1003.000  3.979167e+02 
 1004.000  3.957492e+02 
 1005.000  3.701373e+02 
 1006.000  3.897327e+02 
 1007.000  3.964746e+02 
 1008.000  3.965592e+02 
 1009.000  3.920198e+02 
 1010.000  3.944535e+02 
 1011.000  3.945875e+02 
 1012.000  3.955925e+02 
 1013.000  3.932692e+02 
 1014.000  3.960922e+02 
 1015.000  3.887871e+02 
 1016.000  3.915887e+02 
 1017.000  3.879090e+02 
 1018.000  3.925951e+02 
 1019.000  3.829649e+02 
 1020.000  3.824128e+02 
 1021.000  3.866880e+02 
 1022.000  3.800884e+02 
 1023.000  3.868258e+02 
 1024.000  3.844438e+02 
 1025.000  3.854326e+02 
 1026.000  3.864002e+02 
 1027.000  3.838826e+02 
 1028.000  3.849375e+02 
 1029.000  3.796064e+02 
 1030.000  3.838306e+02 
 1031.000  3.828762e+02 
 1032.000  3.817010e+02 
 1033.000  3.746893e+02 
 1034.000  3.787610e+02 
 1035.000  3.747790e+02 
 1036.000  3.795886e+02 
 1037.000  3.715766e+02 
 1038.000  3.752731e+02 
 1039.000  3.767587e+02 
 1040.000  3.722513e+02 
 1041.000  3.741762e+02 
 1042.000  3.752589e+02 
 1043.000  3.687655e+02 
 1044.000  3.723737e+02 
 1045.000  3.706865e+02 
 1046.000  3.598261e+02 
 1047.000  3.663369e+02 
 1048.000  3.698342e+02 
 1049.000  3.672845e+02 
 1050.000  3.649769e+02 
 1051.000  3.648727e+02 
 1052.000  3.630405e+02 
 1053.000  3.631086e+02 
 1054.000  3.592387e+02 
 1055.000  3.617061e+02 
 1056.000  3.605722e+02 
 1057.000  3.596630e+02 
 1058.000  3.554709e+02 
 1059.000  3.441937e+02 
 1060.000  3.566868e+02 
 1061.000  3.440901e+02 
 1062.000  3.533779e+02 
 1063.000  3.471982e+02 
 1064.000  3.514263e+02 
 1065.000  3.506998e+02 
 1066.000  3.399449e+02 
 1067.000  3.478932e+02 
 1068.000  3.460709e+02 
 1069.000  3.198999e+02 
 1070.000  3.391451e+02 
 1071.000  3.394959e+02 
 1072.000  3.402548e+02 
 1073.000  3.290977e+02 
 1074.000  3.408388e+02 
 1075.000  3.310178e+02 
 1076.000  3.379606e+02 
 1077.000  3.367777e+02 
 1078.000  3.372045e+02 
 1079.000  3.241377e+02 
 1080.000  3.320284e+02 
 1081.000  3.198240e+02 
 1082.000  3.247495e+02 
 1083.000  3.151495e+02 
 1084.000  3.261724e+02 
 1085.000  3.193781e+02 
 1086.000  3.242168e+02 
 1087.000  3.070717e+02 
 1088.000  3.258897e+02 
 1089.000  3.100995e+02 
 1090.000  3.162282e+02 
 1091.000  3.189956e+02 
 1092.000  3.099231e+02 
 1093.000  3.022304e+02 
 1094.000  2.735005e+02 
 1095.000  2.963426e+02 
 1096.000  2.954167e+02 
 1097.000  2.907065e+02 
 1098.000  2.764224e+02 
 1099.000  2.670593e+02 
 1100.000  2.723222e+02 
 1101.000  2.732138e+02 
 1102.000  2.612364e+02 
 1103.000  2.725548e+02 
 1104.000  2.688564e+02 
 1105.000  2.640737e+02 
 1106.000  2.574139e+02 
 1107.000  2.582369e+02 
 1108.000  2.582549e+02 
 1109.000  2.632932e+02 
 1110.000  2.641891e+02 
 1111.000  2.586823e+02 
 1112.000  2.460615e+02 
 1113.000  2.311040e+02 
 1114.000  2.298428e+02 
 1115.000  2.101724e+02 
 1116.000  1.968704e+02 
 1117.000  1.739388e+02 
 1118.000  1.496637e+02 
 1119.000  1.338533e+02 
 1120.000  1.196520e+02 
 1121.000  1.171869e+02 
 1122.000  1.015647e+02 
 1123.000  1.103444e+02 
 1124.000  1.161777e+02 
 1125.000  1.108948e+02 
 1126.000  1.076372e+02 
 1127.000  1.125387e+02 
 1128.000  1.128787e+02 
 1129.000  1.282794e+02 
 1130.000  1.630162e+02 
 1131.000  1.748746e+02 
 1132.000  1.614375e+02 
 1133.000  1.326666e+02 
 1134.000  8.742525e+01 
 1135.000  9.189777e+01 
 1136.000  1.369205e+02 
 1137.000  1.637704e+02 
 1138.000  1.813593e+02 
 1139.000  1.925440e+02 
 1140.000  1.885331e+02 
 1141.000  1.741145e+02 
 1142.000  1.756029e+02 
 1143.000  1.624991e+02 
 1144.000  1.502121e+02 
 1145.000  1.348884e+02 
 1146.000  1.401475e+02 
 1147.000  1.536850e+02 
 1148.000  1.635803e+02 
 1149.000  1.686434e+02 
 1150.000  1.680702e+02 
 1151.000  1.743015e+02 
 1152.000  1.772625e+02 
 1153.000  1.817915e+02 
 1154.000  1.811980e+02 
 1155.000  1.914745e+02 
 1156.000  1.990515e+02 
 1157.000  2.218226e+02 
 1158.000  2.303977e+02 
 1159.000  2.343228e+02 
 1160.000  2.342480e+02 
 1161.000  2.365093e+02 
 1162.000  2.505358e+02 
 1163.000  2.582552e+02 
 1164.000  2.545517e+02 
 1165.000  2.599626e+02 
 1166.000  2.545624e+02 
 1167.000  2.595486e+02 
 1168.000  2.614913e+02 
 1169.000  2.533505e+02 
 1170.000  2.610392e+02 
 1171.000  2.646060e+02 
 1172.000  2.623872e+02 
 1173.000  2.592249e+02 
 1174.000  2.594360e+02 
 1175.000  2.600234e+02 
 1176.000  2.570033e+02 
 1177.000  2.633662e+02 
 1178.000  2.557438e+02 
 1179.000  2.546265e+02 
 1180.000  2.570230e+02 
 1181.000  2.527740e+02 
 1182.000  2.501645e+02 
 1183.000  2.359272e+02 
 1184.000  2.482837e+02 
 1185.000  2.557184e+02 
 1186.000  2.529762e+02 
 1187.000  2.488680e+02 
 1188.000  2.466330e+02 
 1189.000  2.346810e+02 
 1190.000  2.527532e+02 
 1191.000  2.586721e+02 
 1192.000  2.600745e+02 
 1193.000  2.595760e+02 
 1194.000  2.586642e+02 
 1195.000  2.530310e+02 
 1196.000  2.532502e+02 
 1197.000  2.518671e+02 
 1198.000  2.431105e+02 
 1199.000  2.325413e+02 
 1200.000  2.481833e+02 
 1201.000  2.501907e+02 
 1202.000  2.504221e+02 
 1203.000  2.370460e+02 
 1204.000  2.412867e+02 
 1205.000  2.513885e+02 
 1206.000  2.520457e+02 
 1207.000  2.546711e+02 
 1208.000  2.504618e+02 
 1209.000  2.339146e+02 
 1210.000  2.487629e+02 
 1211.000  2.402901e+02 
 1212.000  2.483466e+02 
 1213.000  2.511908e+02 
 1214.000  2.498258e+02 
 1215.000  2.513154e+02 
 1216.000  2.529140e+02 
 1217.000  2.542878e+02 
 1218.000  2.539914e+02 
 1219.000  2.518256e+02 
 1220.000  2.536478e+02 
 1221.000  2.535197e+02 
 1222.000  2.523415e+02 
 1223.000  2.513392e+02 
 1224.000  2.546670e+02 
 1225.000  2.535702e+02 
 1226.000  2.548569e+02 
 1227.000  2.468519e+02 
 1228.000  2.553162e+02 
 1229.000  2.555790e+02 
 1230.000  2.552980e+02 
 1231.000  2.555983e+02 
 1232.000  2.527905e+02 
 1233.000  2.548343e+02 
 1234.000  2.547014e+02 
 1235.000  2.531573e+02 
 1236.000  2.547952e+02 
 1237.000  2.549773e+02 
 1238.000  2.548336e+02 
 1239.000  2.518771e+02 
 1240.000  2.506702e+02 
 1241.000  2.527231e+02 
 1242.000  2.510567e+02 
 1243.000  2.481037e+02 
 1244.000  2.455553e+02 
 1245.000  2.495487e+02 
 1246.000  2.473659e+02 
 1247.000  2.457637e+02 
 1248.000  2.474081e+02 
 1249.000  2.462559e+02 
 1250.000  2.449491e+02 
 1251.000  2.428806e+02 
 1252.000  2.416689e+02 
 1253.000  2.391918e+02 
 1254.000  2.389431e+02 
 1255.000  2.378322e+02 
 1256.000  2.366504e+02 
 1257.000  2.330239e+02 
 1258.000  2.321699e+02 
 1259.000  2.280479e+02 
 1260.000  2.266288e+02 
 1261.000  2.243042e+02 
 1262.000  2.158873e+02 
 1263.000  2.170250e+02 
 1264.000  2.126476e+02 
 1265.000  2.126551e+02 
 1266.000  2.125346e+02 
 1267.000  2.068599e+02 
 1268.000  2.028815e+02 
 1269.000  2.039307e+02 
 1270.000  2.112180e+02 
 1271.000  2.147883e+02 
 1272.000  2.160684e+02 
 1273.000  2.175438e+02 
 1274.000  2.182332e+02 
 1275.000  2.206395e+02 
 1276.000  2.218097e+02 
 1277.000  2.222968e+02 
 1278.000  2.223942e+02 
 1279.000  2.215119e+02 
 1280.000  2.213296e+02 
 1281.000  2.160992e+02 
 1282.000  1.927554e+02 
 1283.000  2.122477e+02 
 1284.000  2.212988e+02 
 1285.000  2.233659e+02 
 1286.000  2.230767e+02 
 1287.000  2.238335e+02 
 1288.000  2.197368e+02 
 1289.000  2.203026e+02 
 1290.000  2.152396e+02 
 1291.000  2.187633e+02 
 1292.000  2.210490e+02 
 1293.000  2.214581e+02 
 1294.000  2.168116e+02 
 1295.000  2.172223e+02 
 1296.000  2.153669e+02 
 1297.000  2.123965e+02 
 1298.000  2.104400e+02 
 1299.000  2.125246e+02 
 1300.000  2.114493e+02 
 1301.000  2.107591e+02 
 1302.000  2.069044e+02 
 1303.000  2.022143e+02 
 1304.000  2.010491e+02 
 1305.000  2.016866e+02 
 1306.000  2.013943e+02 
 1307.000  1.999142e+02 
 1308.000  1.975588e+02 
 1309.000  1.943045e+02 
 1310.000  1.931361e+02 
 1311.000  1.926256e+02 
 1312.000  1.882299e+02 
 1313.000  1.765535e+02 
 1314.000  1.789402e+02 
 1315.000  1.746621e+02 
 1316.000  1.815218e+02 
 1317.000  1.833244e+02 
 1318.000  1.764622e+02 
 1319.000  1.725873e+02 
 1320.000  1.642648e+02 
 1321.000  1.608687e+02 
 1322.000  1.651568e+02 
 1323.000  1.706728e+02 
 1324.000  1.733724e+02 
 1325.000  1.715534e+02 
 1326.000  1.660107e+02 
 1327.000  1.546202e+02 
 1328.000  1.439491e+02 
 1329.000  1.192812e+02 
 1330.000  1.139985e+02 
 1331.000  1.097361e+02 
 1332.000  1.089989e+02 
 1333.000  1.161530e+02 
 1334.000  1.223814e+02 
 1335.000  1.268456e+02 
 1336.000  1.272166e+02 
 1337.000  1.288984e+02 
 1338.000  1.318357e+02 
 1339.000  1.325545e+02 
 1340.000  1.341976e+02 
 1341.000  1.361789e+02 
 1342.000  1.362272e+02 
 1343.000  1.286156e+02 
 1344.000  1.179807e+02 
 1345.000  9.094947e+01 
 1346.000  7.287453e+01 
 1347.000  6.180226e+01 
 1348.000  4.730920e+01 
 1349.000  4.164911e+01 
 1350.000  2.924155e+01 
 1351.000  2.396934e+01 
 1352.000  1.623342e+01 
 1353.000  1.009137e+01 
 1354.000  7.351884e+00 
 1355.000  5.157695e+00 
 1356.000  3.472140e+00 
 1357.000  2.012761e+00 
 1358.000  1.331556e+00 
 1359.000  5.445825e-01 
 1360.000  3.132139e-01 
 1361.000  2.044185e-01 
 1362.000  1.829910e-01 
 1363.000  2.985701e-01 
 1364.000  3.631554e-01 
 1365.000  3.835701e-01 
 1366.000  4.653838e-01 
 1367.000  3.735002e-01 
 1368.000  3.240670e-01 
 1369.000  3.377653e-01 
 1370.000  6.823484e-01 
 1371.000  1.489973e+00 
 1372.000  3.469874e+00 
 1373.000  5.574759e+00 
 1374.000  7.277692e+00 
 1375.000  7.989706e+00 
 1376.000  7.239250e+00 
 1377.000  6.152396e+00 
 1378.000  4.248601e+00 
 1379.000  2.544058e+00 
 1380.000  1.177396e+00 
 1381.000  5.605802e-01 
 1382.000  3.450128e-01 
 1383.000  3.274671e-01 
 1384.000  6.332945e-01 
 1385.000  1.021613e+00 
 1386.000  1.814846e+00 
 1387.000  4.204041e+00 
 1388.000  6.138784e+00 
 1389.000  7.461670e+00 
 1390.000  7.727511e+00 
 1391.000  7.031226e+00 
 1392.000  4.821290e+00 
 1393.000  3.368027e+00 
 1394.000  2.357371e+00 
 1395.000  2.775797e+00 
 1396.000  4.249820e+00 
 1397.000  6.026718e+00 
 1398.000  6.273519e+00 
 1399.000  5.762640e+00 
 1400.000  5.314690e+00 
 1401.000  5.829783e+00 
 1402.000  7.757688e+00 
 1403.000  9.543296e+00 
 1404.000  8.799520e+00 
 1405.000  9.501195e+00 
 1406.000  8.572139e+00 
 1407.000  9.145802e+00 
 1408.000  1.171088e+01 
 1409.000  1.467686e+01 
 1410.000  1.938613e+01 
 1411.000  2.480410e+01 
 1412.000  2.401112e+01 
 1413.000  2.758394e+01 
 1414.000  2.692569e+01 
 1415.000  3.123206e+01 
 1416.000  3.448911e+01 
 1417.000  3.590182e+01 
 1418.000  3.633743e+01 
 1419.000  3.663809e+01 
 1420.000  3.786735e+01 
 1421.000  4.443939e+01 
 1422.000  4.628116e+01 
 1423.000  4.725362e+01 
 1424.000  4.702083e+01 
 1425.000  4.607754e+01 
 1426.000  4.450432e+01 
 1427.000  4.792776e+01 
 1428.000  5.115540e+01 
 1429.000  5.247417e+01 
 1430.000  5.080059e+01 
 1431.000  4.573862e+01 
 1432.000  4.385059e+01 
 1433.000  4.370827e+01 
 1434.000  4.138479e+01 
 1435.000  4.549240e+01 
 1436.000  4.705396e+01 
 1437.000  4.800019e+01 
 1438.000  5.206876e+01 
 1439.000  5.328059e+01 
 1440.000  5.165059e+01 
 1441.000  5.525520e+01 
 1442.000  5.276715e+01 
 1443.000  5.376210e+01 
 1444.000  5.544124e+01 
 1445.000  5.574790e+01 
 1446.000  5.921394e+01 
 1447.000  6.165889e+01 
 1448.000  6.257828e+01 
 1449.000  6.098021e+01 
 1450.000  5.763686e+01 
 1451.000  5.870581e+01 
 1452.000  6.268687e+01 
 1453.000  7.223517e+01 
 1454.000  8.110970e+01 
 1455.000  8.586649e+01 
 1456.000  9.123637e+01 
 1457.000  9.293071e+01 
 1458.000  9.502995e+01 
 1459.000  9.127584e+01 
 1460.000  8.618340e+01 
 1461.000  8.400261e+01 
 1462.000  7.814607e+01 
 1463.000  7.761605e+01 
 1464.000  7.622087e+01 
 1465.000  7.356965e+01 
 1466.000  6.739609e+01 
 1467.000  6.609505e+01 
 1468.000  6.113349e+01 
 1469.000  5.660519e+01 
 1470.000  5.445918e+01 
 1471.000  5.940425e+01 
 1472.000  6.763035e+01 
 1473.000  7.911681e+01 
 1474.000  8.527393e+01 
 1475.000  8.677969e+01 
 1476.000  8.691873e+01 
 1477.000  8.434614e+01 
 1478.000  8.035959e+01 
 1479.000  7.786105e+01 
 1480.000  8.004926e+01 
 1481.000  8.254917e+01 
 1482.000  8.745324e+01 
 1483.000  8.680095e+01 
 1484.000  8.738947e+01 
 1485.000  8.849777e+01 
 1486.000  9.019417e+01 
 1487.000  9.779867e+01 
 1488.000  8.584758e+01 
 1489.000  1.080096e+02 
 1490.000  1.165797e+02 
 1491.000  1.219671e+02 
 1492.000  1.199779e+02 
 1493.000  1.251391e+02 
 1494.000  1.250438e+02 
 1495.000  1.268537e+02 
 1496.000  1.279556e+02 
 1497.000  1.311503e+02 
 1498.000  1.366157e+02 
 1499.000  1.383206e+02 
 1500.000  1.433670e+02 
 1501.000  1.423453e+02 
 1502.000  1.396576e+02 
 1503.000  1.245215e+02 
 1504.000  1.305597e+02 
 1505.000  1.329513e+02 
 1506.000  1.348097e+02 
 1507.000  1.435272e+02 
 1508.000  1.426173e+02 
 1509.000  1.445864e+02 
 1510.000  1.473148e+02 
 1511.000  1.489351e+02 
 1512.000  1.467800e+02 
 1513.000  1.467906e+02 
 1514.000  1.447861e+02 
 1515.000  1.483412e+02 
 1516.000  1.471980e+02 
 1517.000  1.469796e+02 
 1518.000  1.509726e+02 
 1519.000  1.502398e+02 
 1520.000  1.530523e+02 
 1521.000  1.511310e+02 
 1522.000  1.502608e+02 
 1523.000  1.541903e+02 
 1524.000  1.527326e+02 
 1525.000  1.489292e+02 
 1526.000  1.531894e+02 
 1527.000  1.519059e+02 
 1528.000  1.533636e+02 
 1529.000  1.528777e+02 
 1530.000  1.433683e+02 
 1531.000  1.534111e+02 
 1532.000  1.526619e+02 
 1533.000  1.520310e+02 
 1534.000  1.498555e+02 
 1535.000  1.506180e+02 
 1536.000  1.526367e+02 
 1537.000  1.533896e+02 
 1538.000  1.494321e+02 
 1539.000  1.527348e+02 
 1540.000  1.472601e+02 
 1541.000  1.504282e+02 
 1542.000  1.513236e+02 
 1543.000  1.510293e+02 
 1544.000  1.531445e+02 
 1545.000  1.539339e+02 
 1546.000  1.541841e+02 
 1547.000  1.528234e+02 
 1548.000  1.483865e+02 
 1549.000  1.521893e+02 
 1550.000  1.513540e+02 
 1551.000  1.505497e+02 
 1552.000  1.531386e+02 
 1553.000  1.524150e+02 
 1554.000  1.467944e+02 
 1555.000  1.492726e+02 
 1556.000  1.464107e+02 
 1557.000  1.512155e+02 
 1558.000  1.500194e+02 
 1559.000  1.500223e+02 
 1560.000  1.474307e+02 
 1561.000  1.508480e+02 
 1562.000  1.507571e+02 
 1563.000  1.483658e+02 
 1564.000  1.451740e+02 
 1565.000  1.469945e+02 
 1566.000  1.442093e+02 
 1567.000  1.434048e+02 
 1568.000  1.392801e+02 
 1569.000  1.384876e+02 
 1570.000  1.339688e+02 
 1571.000  1.375594e+02 
 1572.000  1.372343e+02 
 1573.000  1.353262e+02 
 1574.000  1.362031e+02 
 1575.000  1.267463e+02 
 1576.000  1.361679e+02 
 1577.000  1.230853e+02 
 1578.000  1.348701e+02 
 1579.000  1.359438e+02 
 1580.000  1.392599e+02 
 1581.000  1.383378e+02 
 1582.000  1.361638e+02 
 1583.000  1.384144e+02 
 1584.000  1.376837e+02 
 1585.000  1.421383e+02 
 1586.000  1.403539e+02 
 1587.000  1.391113e+02 
 1588.000  1.371554e+02 
 1589.000  1.255500e+02 
 1590.000  1.352509e+02 
 1591.000  1.322293e+02 
 1592.000  1.391676e+02 
 1593.000  1.420428e+02 
 1594.000  1.407181e+02 
 1595.000  1.410846e+02 
 1596.000  1.321601e+02 
 1597.000  1.366184e+02 
 1598.000  1.378364e+02 
 1599.000  1.316852e+02 
 1600.000  1.326684e+02 
 1601.000  1.270838e+02 
 1602.000  1.299908e+02 
 1603.000  1.293569e+02 
 1604.000  1.315697e+02 
 1605.000  1.296244e+02 
 1606.000  1.293271e+02 
 1607.000  1.296972e+02 
 1608.000  1.310524e+02 
 1609.000  1.305490e+02 
 1610.000  1.225930e+02 
 1611.000  1.268291e+02 
 1612.000  1.288352e+02 
 1613.000  1.324541e+02 
 1614.000  1.311542e+02 
 1615.000  1.338960e+02 
 1616.000  1.259391e+02 
 1617.000  1.301062e+02 
 1618.000  1.341599e+02 
 1619.000  1.341896e+02 
 1620.000  1.312094e+02 
 1621.000  1.295469e+02 
 1622.000  1.328077e+02 
 1623.000  1.356728e+02 
 1624.000  1.367106e+02 
 1625.000  1.335245e+02 
 1626.000  1.349684e+02 
 1627.000  1.348157e+02 
 1628.000  1.358094e+02 
 1629.000  1.356946e+02 
 1630.000  1.318571e+02 
 1631.000  1.339192e+02 
 1632.000  1.337526e+02 
 1633.000  1.319523e+02 
 1634.000  1.286290e+02 
 1635.000  1.320777e+02 
 1636.000  1.314949e+02 
 1637.000  1.253064e+02 
 1638.000  1.243925e+02 
 1639.000  1.227382e+02 
 1640.000  1.232324e+02 
 1641.000  1.222852e+02 
 1642.000  1.221314e+02 
 1643.000  1.252214e+02 
 1644.000  1.232551e+02 
 1645.000  1.234404e+02 
 1646.000  1.249235e+02 
 1647.000  1.260816e+02 
 1648.000  1.254812e+02 
 1649.000  1.226015e+02 
 1650.000  1.257092e+02 
 1651.000  1.229471e+02 
 1652.000  1.254490e+02 
 1653.000  1.242648e+02 
 1654.000  1.256586e+02 
 1655.000  1.233900e+02 
 1656.000  1.259494e+02 
 1657.000  1.250344e+02 
 1658.000  1.258987e+02 
 1659.000  1.236417e+02 
 1660.000  1.250331e+02 
 1661.000  1.255167e+02 
 1662.000  1.244948e+02 
 1663.000  1.235968e+02 
 1664.000  1.229365e+02 
 1665.000  1.216877e+02 
 1666.000  1.212221e+02 
 1667.000  1.226341e+02 
 1668.000  1.205569e+02 
 1669.000  1.209735e+02 
 1670.000  1.237031e+02 
 1671.000  1.229337e+02 
 1672.000  1.171162e+02 
 1673.000  1.204062e+02 
 1674.000  1.209035e+02 
 1675.000  1.197795e+02 
 1676.000  1.178407e+02 
 1677.000  1.184477e+02 
 1678.000  1.191548e+02 
 1679.000  1.175257e+02 
 1680.000  1.135185e+02 
 1681.000  1.095977e+02 
 1682.000  1.127610e+02 
 1683.000  1.155342e+02 
 1684.000  1.176658e+02 
 1685.000  1.179602e+02 
 1686.000  1.165437e+02 
 1687.000  1.169558e+02 
 1688.000  1.169642e+02 
 1689.000  1.155570e+02 
 1690.000  1.153869e+02 
 1691.000  1.168728e+02 
 1692.000  1.170868e+02 
 1693.000  1.166858e+02 
 1694.000  1.165229e+02 
 1695.000  1.165219e+02 
 1696.000  1.158382e+02 
 1697.000  1.150964e+02 
 1698.000  1.157863e+02 
 1699.000  1.150419e+02 
 1700.000  1.136011e+02 
 1701.000  1.138397e+02 
 1702.000  1.134640e+02 
 1703.000  1.110957e+02 
 1704.000  1.129974e+02 
 1705.000  1.135098e+02 
 1706.000  1.119923e+02 
 1707.000  1.116586e+02 
 1708.000  1.085862e+02 
 1709.000  1.105711e+02 
 1710.000  1.117870e+02 
 1711.000  1.032861e+02 
 1712.000  1.104915e+02 
 1713.000  1.109908e+02 
 1714.000  1.110285e+02 
 1715.000  1.111003e+02 
 1716.000  1.105552e+02 
 1717.000  1.095479e+02 
 1718.000  1.089648e+02 
 1719.000  1.097717e+02 
 1720.000  1.069963e+02 
 1721.000  1.054269e+02 
 1722.000  1.070070e+02 
 1723.000  1.014162e+02 
 1724.000  1.029428e+02 
 1725.000  1.045439e+02 
 1726.000  1.057859e+02 
 1727.000  1.052734e+02 
 1728.000  1.029535e+02 
 1729.000  1.051406e+02 
 1730.000  1.053446e+02 
 1731.000  1.036129e+02 
 1732.000  1.022556e+02 
 1733.000  9.574174e+01 
 1734.000  9.751401e+01 
 1735.000  9.777525e+01 
 1736.000  9.303207e+01 
 1737.000  9.172622e+01 
 1738.000  9.612733e+01 
 1739.000  9.761962e+01 
 1740.000  9.779108e+01 
 1741.000  9.547071e+01 
 1742.000  9.847269e+01 
 1743.000  9.670354e+01 
 1744.000  9.791796e+01 
 1745.000  9.505948e+01 
 1746.000  9.554568e+01 
 1747.000  9.332234e+01 
 1748.000  9.677531e+01 
 1749.000  9.617777e+01 
 1750.000  9.587623e+01 
 1751.000  9.432774e+01 
 1752.000  9.494934e+01 
 1753.000  9.501690e+01 
 1754.000  9.504880e+01 
 1755.000  9.332076e+01 
 1756.000  9.435046e+01 
 1757.000  9.441850e+01 
 1758.000  9.388943e+01 
 1759.000  9.427554e+01 
 1760.000  9.337272e+01 
 1761.000  9.117592e+01 
 1762.000  8.891399e+01 
 1763.000  8.934888e+01 
 1764.000  8.657704e+01 
 1765.000  8.808781e+01 
 1766.000  8.735316e+01 
 1767.000  8.758102e+01 
 1768.000  8.632732e+01 
 1769.000  8.680753e+01 
 1770.000  8.532417e+01 
 1771.000  8.547397e+01 
 1772.000  8.486366e+01 
 1773.000  8.485851e+01 
 1774.000  8.157014e+01 
 1775.000  7.824575e+01 
 1776.000  7.801728e+01 
 1777.000  7.502471e+01 
 1778.000  7.307143e+01 
 1779.000  7.380671e+01 
 1780.000  7.276406e+01 
 1781.000  7.228160e+01 
 1782.000  7.132961e+01 
 1783.000  6.949554e+01 
 1784.000  6.955434e+01 
 1785.000  6.930643e+01 
 1786.000  7.001937e+01 
 1787.000  7.058413e+01 
 1788.000  7.025217e+01 
 1789.000  6.676176e+01 
 1790.000  6.625190e+01 
 1791.000  6.261957e+01 
 1792.000  6.146633e+01 
 1793.000  5.722721e+01 
 1794.000  5.350480e+01 
 1795.000  5.394790e+01 
 1796.000  4.964493e+01 
 1797.000  4.556413e+01 
 1798.000  4.572665e+01 
 1799.000  3.924676e+01 
 1800.000  3.904286e+01 
 1801.000  3.309765e+01 
 1802.000  2.994806e+01 
 1803.000  2.981224e+01 
 1804.000  2.975356e+01 
 1805.000  2.909881e+01 
 1806.000  2.666774e+01 
 1807.000  2.563767e+01 
 1808.000  2.471769e+01 
 1809.000  2.115706e+01 
 1810.000  1.772638e+01 
 1811.000  1.770139e+01 
 1812.000  1.484634e+01 
 1813.000  1.487904e+01 
 1814.000  1.313723e+01 
 1815.000  9.782127e+00 
 1816.000  9.648930e+00 
 1817.000  8.403543e+00 
 1818.000  7.439359e+00 
 1819.000  6.562040e+00 
 1820.000  6.053605e+00 
 1821.000  6.098211e+00 
 1822.000  5.578872e+00 
 1823.000  5.493695e+00 
 1824.000  5.113118e+00 
 1825.000  3.108015e+00 
 1826.000  3.124824e+00 
 1827.000  2.224103e+00 
 1828.000  2.005582e+00 
 1829.000  1.071372e+00 
 1830.000  6.966258e-01 
 1831.000  6.950181e-01 
 1832.000  4.500286e-01 
 1833.000  4.337465e-01 
 1834.000  2.571810e-01 
 1835.000  1.077954e-01 
 1836.000  1.080266e-01 
 1837.000  7.287753e-02 
 1838.000  6.580720e-02 
 1839.000  8.420447e-02 
 1840.000  1.363145e-01 
 1841.000  1.392976e-01 
 1842.000  2.122574e-01 
 1843.000  2.054676e-01 
 1844.000  2.725561e-01 
 1845.000  2.599186e-01 
 1846.000  2.126953e-01 
 1847.000  1.535926e-01 
 1848.000  1.582235e-01 
 1849.000  1.559210e-01 
 1850.000  1.572444e-01 
 1851.000  1.499839e-01 
 1852.000  1.509868e-01 
 1853.000  1.476451e-01 
 1854.000  1.510246e-01 
 1855.000  1.551279e-01 
 1856.000  1.642550e-01 
 1857.000  1.709537e-01 
 1858.000  2.304533e-01 
 1859.000  3.894404e-01 
 1860.000  3.849000e-01 
 1861.000  6.540396e-01 
 1862.000  6.231776e-01 
 1863.000  6.768330e-01 
 1864.000  5.769888e-01 
 1865.000  5.794360e-01 
 1866.000  2.961636e-01 
 1867.000  2.913380e-01 
 1868.000  7.943358e-02 
 1869.000  8.401377e-02 
 1870.000  2.199494e-02 
 1871.000  1.038618e-02 
 1872.000  1.030308e-02 
 1873.000  2.672828e-02 
 1874.000  2.669078e-02 
 1875.000  9.274395e-02 
 1876.000  8.760606e-02 
 1877.000  3.601204e-01 
 1878.000  7.614992e-01 
 1879.000  7.779050e-01 
 1880.000  1.158177e+00 
 1881.000  1.193446e+00 
 1882.000  1.564572e+00 
 1883.000  1.687554e+00 
 1884.000  1.905372e+00 
 1885.000  1.895106e+00 
 1886.000  1.837499e+00 
 1887.000  1.970738e+00 
 1888.000  1.944112e+00 
 1889.000  1.591568e+00 
 1890.000  1.532084e+00 
 1891.000  1.409626e+00 
 1892.000  1.366712e+00 
 1893.000  1.187366e+00 
 1894.000  1.083570e+00 
 1895.000  1.057502e+00 
 1896.000  7.552979e-01 
 1897.000  7.519761e-01 
 1898.000  4.228800e-01 
 1899.000  4.162723e-01 
 1900.000  2.496210e-01 
 1901.000  2.512609e-01 
 1902.000  1.972659e-01 
 1903.000  2.770972e-01 
 1904.000  2.746533e-01 
 1905.000  4.294945e-01 
 1906.000  4.313320e-01 
 1907.000  6.194074e-01 
 1908.000  6.079822e-01 
 1909.000  6.745017e-01 
 1910.000  6.755645e-01 
 1911.000  7.175170e-01 
 1912.000  7.161948e-01 
 1913.000  9.598231e-01 
 1914.000  1.216460e+00 
 1915.000  1.208748e+00 
 1916.000  2.092827e+00 
 1917.000  2.104205e+00 
 1918.000  2.727223e+00 
 1919.000  2.716240e+00 
 1920.000  3.553876e+00 
 1921.000  3.697245e+00 
 1922.000  4.417752e+00 
 1923.000  4.571089e+00 
 1924.000  4.970693e+00 
 1925.000  5.084356e+00 
 1926.000  5.112870e+00 
 1927.000  5.878605e+00 
 1928.000  5.819927e+00 
 1929.000  6.222753e+00 
 1930.000  6.470256e+00 
 1931.000  8.220679e+00 
 1932.000  8.474354e+00 
 1933.000  9.175462e+00 
 1934.000  1.007045e+01 
 1935.000  1.139225e+01 
 1936.000  1.154723e+01 
 1937.000  1.193569e+01 
 1938.000  1.352704e+01 
 1939.000  1.292446e+01 
 1940.000  1.462475e+01 
 1941.000  1.476653e+01 
 1942.000  1.655114e+01 
 1943.000  1.606495e+01 
 1944.000  1.647340e+01 
 1945.000  1.547761e+01 
 1946.000  1.804851e+01 
 1947.000  1.917375e+01 
 1948.000  2.007357e+01 
 1949.000  2.059625e+01 
 1950.000  2.046070e+01 
 1951.000  1.986661e+01 
 1952.000  1.936136e+01 
 1953.000  2.011763e+01 
 1954.000  1.955058e+01 
 1955.000  1.952530e+01 
 1956.000  1.892199e+01 
 1957.000  2.014302e+01 
 1958.000  2.023674e+01 
 1959.000  2.268305e+01 
 1960.000  2.251170e+01 
 1961.000  2.574247e+01 
 1962.000  2.522998e+01 
 1963.000  2.851511e+01 
 1964.000  2.854753e+01 
 1965.000  3.327639e+01 
 1966.000  3.246273e+01 
 1967.000  3.651388e+01 
 1968.000  3.662400e+01 
 1969.000  4.001613e+01 
 1970.000  4.036827e+01 
 1971.000  4.315179e+01 
 1972.000  4.286907e+01 
 1973.000  4.328571e+01 
 1974.000  4.447221e+01 
 1975.000  4.765481e+01 
 1976.000  4.772985e+01 
 1977.000  4.955388e+01 
 1978.000  4.702977e+01 
 1979.000  5.126098e+01 
 1980.000  4.967570e+01 
 1981.000  5.202979e+01 
 1982.000  5.249072e+01 
 1983.000  5.334755e+01 
 1984.000  5.278486e+01 
 1985.000  5.324947e+01 
 1986.000  5.218465e+01 
 1987.000  5.266954e+01 
 1988.000  5.411826e+01 
 1989.000  5.374343e+01 
 1990.000  5.358953e+01 
 1991.000  5.291557e+01 
 1992.000  5.218682e+01 
 1993.000  4.938879e+01 
 1994.000  4.978749e+01 
 1995.000  4.650654e+01 
 1996.000  4.650251e+01 
 1997.000  3.865618e+01 
 1998.000  3.792426e+01 
 1999.000  2.958019e+01 
 2000.000  2.960028e+01 
 2001.000  2.218513e+01 
 2002.000  2.222118e+01 
 2003.000  1.854387e+01 
 2004.000  1.853426e+01 
 2005.000  1.872581e+01 
 2006.000  1.823992e+01 
 2007.000  2.028827e+01 
 2008.000  2.027728e+01 
 2009.000  2.156738e+01 
 2010.000  2.160738e+01 
 2011.000  2.209863e+01 
 2012.000  2.207600e+01 
 2013.000  2.271603e+01 
 2014.000  2.249359e+01 
 2015.000  2.396432e+01 
 2016.000  2.392889e+01 
 2017.000  2.686310e+01 
 2018.000  2.692696e+01 
 2019.000  3.162381e+01 
 2020.000  3.138984e+01 
 2021.000  3.517907e+01 
 2022.000  3.641944e+01 
 2023.000  4.135236e+01 
 2024.000  4.139251e+01 
 2025.000  4.480913e+01 
 2026.000  4.521629e+01 
 2027.000  4.772054e+01 
 2028.000  4.788881e+01 
 2029.000  4.906754e+01 
 2030.000  4.849463e+01 
 2031.000  5.023412e+01 
 2032.000  5.107349e+01 
 2033.000  5.223522e+01 
 2034.000  5.219495e+01 
 2035.000  5.096928e+01 
 2036.000  5.216538e+01 
 2037.000  5.260293e+01 
 2038.000  4.978186e+01 
 2039.000  5.141329e+01 
 2040.000  5.183179e+01 
 2041.000  5.122207e+01 
 2042.000  5.074620e+01 
 2043.000  4.989134e+01 
 2044.000  4.988322e+01 
 2045.000  4.775706e+01 
 2046.000  4.772522e+01 
 2047.000  4.746725e+01 
 2048.000  4.417993e+01 
 2049.000  4.442261e+01 
 2050.000  4.075560e+01 
 2051.000  4.053047e+01 
 2052.000  3.818154e+01 
 2053.000  3.764483e+01 
 2054.000  3.742321e+01 
 2055.000  3.770795e+01 
 2056.000  3.841385e+01 
 2057.000  3.826625e+01 
 2058.000  3.943124e+01 
 2059.000  3.944549e+01 
 2060.000  3.972867e+01 
 2061.000  3.867730e+01 
 2062.000  3.978458e+01 
 2063.000  3.963727e+01 
 2064.000  3.728653e+01 
 2065.000  3.947294e+01 
 2066.000  3.952188e+01 
 2067.000  3.988857e+01 
 2068.000  3.955111e+01 
 2069.000  4.069387e+01 
 2070.000  3.932969e+01 
 2071.000  4.261360e+01 
 2072.000  4.212594e+01 
 2073.000  4.492550e+01 
 2074.000  4.485872e+01 
 2075.000  4.667657e+01 
 2076.000  4.662402e+01 
 2077.000  4.796513e+01 
 2078.000  4.795463e+01 
 2079.000  4.715742e+01 
 2080.000  4.853025e+01 
 2081.000  4.805811e+01 
 2082.000  4.894398e+01 
 2083.000  4.808990e+01 
 2084.000  4.866468e+01 
 2085.000  4.907087e+01 
 2086.000  4.968723e+01 
 2087.000  4.966383e+01 
 2088.000  5.021808e+01 
 2089.000  5.028961e+01 
 2090.000  5.062613e+01 
 2091.000  5.024821e+01 
 2092.000  4.833130e+01 
 2093.000  5.020369e+01 
 2094.000  5.067686e+01 
 2095.000  4.916560e+01 
 2096.000  5.064618e+01 
 2097.000  5.053618e+01 
 2098.000  5.046761e+01 
 2099.000  5.076285e+01 
 2100.000  5.089828e+01 
 2101.000  5.102290e+01 
 2102.000  5.137185e+01 
 2103.000  5.058879e+01 
 2104.000  5.146423e+01 
 2105.000  5.142148e+01 
 2106.000  5.171624e+01 
 2107.000  5.156187e+01 
 2108.000  5.153771e+01 
 2109.000  5.127416e+01 
 2110.000  5.004328e+01 
 2111.000  5.120934e+01 
 2112.000  5.106983e+01 
 2113.000  5.081108e+01 
 2114.000  5.097006e+01 
 2115.000  5.091665e+01 
 2116.000  5.056916e+01 
 2117.000  4.936802e+01 
 2118.000  5.051056e+01 
 2119.000  5.092149e+01 
 2120.000  4.970300e+01 
 2121.000  5.087257e+01 
 2122.000  5.043476e+01 
 2123.000  5.046895e+01 
 2124.000  4.979643e+01 
 2125.000  5.087271e+01 
 2126.000  5.124868e+01 
 2127.000  5.035715e+01 
 2128.000  5.151212e+01 
 2129.000  5.139660e+01 
 2130.000  5.126288e+01 
 2131.000  5.157244e+01 
 2132.000  5.148075e+01 
 2133.000  5.148611e+01 
 2134.000  5.133128e+01 
 2135.000  5.141642e+01 
 2136.000  4.953994e+01 
 2137.000  5.123705e+01 
 2138.000  5.122675e+01 
 2139.000  5.097063e+01 
 2140.000  5.090813e+01 
 2141.000  5.095585e+01 
 2142.000  5.061003e+01 
 2143.000  5.035740e+01 
 2144.000  4.997574e+01 
 2145.000  4.947844e+01 
 2146.000  4.851512e+01 
 2147.000  4.900831e+01 
 2148.000  4.903029e+01 
 2149.000  4.822009e+01 
 2150.000  4.816204e+01 
 2151.000  4.761433e+01 
 2152.000  4.749810e+01 
 2153.000  4.704810e+01 
 2154.000  4.715995e+01 
 2155.000  4.714101e+01 
 2156.000  4.722366e+01 
 2157.000  4.710369e+01 
 2158.000  4.706221e+01 
 2159.000  4.684475e+01 
 2160.000  4.672069e+01 
 2161.000  4.667452e+01 
 2162.000  4.604934e+01 
 2163.000  4.612747e+01 
 2164.000  4.548177e+01 
 2165.000  4.400496e+01 
 2166.000  3.952853e+01 
 2167.000  4.329153e+01 
 2168.000  4.466203e+01 
 2169.000  4.584919e+01 
 2170.000  4.585074e+01 
 2171.000  4.625069e+01 
 2172.000  4.606214e+01 
 2173.000  4.622842e+01 
 2174.000  4.601678e+01 
 2175.000  4.607320e+01 
 2176.000  4.579094e+01 
 2177.000  4.532476e+01 
 2178.000  4.565553e+01 
 2179.000  4.381893e+01 
 2180.000  4.558806e+01 
 2181.000  4.551629e+01 
 2182.000  4.501192e+01 
 2183.000  4.390284e+01 
 2184.000  4.500455e+01 
 2185.000  4.511889e+01 
 2186.000  4.523298e+01 
 2187.000  4.517339e+01 
 2188.000  4.403355e+01 
 2189.000  4.384828e+01 
 2190.000  4.438036e+01 
 2191.000  4.488603e+01 
 2192.000  4.476379e+01 
 2193.000  4.412992e+01 
 2194.000  4.401504e+01 
 2195.000  4.388445e+01 
 2196.000  4.320029e+01 
 2197.000  4.303091e+01 
 2198.000  4.263855e+01 
 2199.000  4.257778e+01 
 2200.000  4.241986e+01 
 2201.000  4.254523e+01 
 2202.000  4.247701e+01 
 2203.000  4.314859e+01 
 2204.000  4.315677e+01 
 2205.000  4.303364e+01 
 2206.000  4.217751e+01 
 2207.000  4.164057e+01 
 2208.000  4.393016e+01 
 2209.000  4.302243e+01 
 2210.000  4.448908e+01 
 2211.000  4.444988e+01 
 2212.000  4.430777e+01 
 2213.000  4.432518e+01 
 2214.000  4.414764e+01 
 2215.000  4.414609e+01 
 2216.000  4.377549e+01 
 2217.000  4.314202e+01 
 2218.000  4.365988e+01 
 2219.000  4.379961e+01 
 2220.000  4.365559e+01 
 2221.000  4.358038e+01 
 2222.000  4.340761e+01 
 2223.000  4.339038e+01 
 2224.000  4.328327e+01 
 2225.000  4.306545e+01 
 2226.000  4.232183e+01 
 2227.000  4.244284e+01 
 2228.000  4.240533e+01 
 2229.000  4.278648e+01 
 2230.000  4.229808e+01 
 2231.000  4.236266e+01 
 2232.000  4.236084e+01 
 2233.000  4.221215e+01 
 2234.000  4.213345e+01 
 2235.000  4.187255e+01 
 2236.000  4.170377e+01 
 2237.000  4.172333e+01 
 2238.000  4.121372e+01 
 2239.000  4.034874e+01 
 2240.000  4.082389e+01 
 2241.000  4.122680e+01 
 2242.000  4.113799e+01 
 2243.000  4.042792e+01 
 2244.000  4.073513e+01 
 2245.000  4.072180e+01 
 2246.000  4.063465e+01 
 2247.000  4.059810e+01 
 2248.000  3.946640e+01 
 2249.000  4.028826e+01 
 2250.000  3.989408e+01 
 2251.000  3.984728e+01 
 2252.000  3.991224e+01 
 2253.000  3.927275e+01 
 2254.000  3.829160e+01 
 2255.000  3.906225e+01 
 2256.000  3.876743e+01 
 2257.000  3.876662e+01 
 2258.000  3.869683e+01 
 2259.000  3.874051e+01 
 2260.000  3.842077e+01 
 2261.000  3.823266e+01 
 2262.000  3.830609e+01 
 2263.000  3.695951e+01 
 2264.000  3.831932e+01 
 2265.000  3.809273e+01 
 2266.000  3.760154e+01 
 2267.000  3.793459e+01 
 2268.000  3.795845e+01 
 2269.000  3.787128e+01 
 2270.000  3.775911e+01 
 2271.000  3.746409e+01 
 2272.000  3.781064e+01 
 2273.000  3.776639e+01 
 2274.000  3.765395e+01 
 2275.000  3.709536e+01 
 2276.000  3.758993e+01 
 2277.000  3.759682e+01 
 2278.000  3.758982e+01 
 2279.000  3.747341e+01 
 2280.000  3.736029e+01 
 2281.000  3.548726e+01 
 2282.000  3.664122e+01 
 2283.000  3.675013e+01 
 2284.000  3.665391e+01 
 2285.000  3.652169e+01 
 2286.000  3.639017e+01 
 2287.000  3.646350e+01 
 2288.000  3.633724e+01 
 2289.000  3.586787e+01 
 2290.000  3.586673e+01 
 2291.000  3.527190e+01 
 2292.000  3.544619e+01 
 2293.000  3.537635e+01 
 2294.000  3.337111e+01 
 2295.000  3.425519e+01 
 2296.000  3.411992e+01 
 2297.000  3.351468e+01 
 2298.000  3.425845e+01 
 2299.000  3.439479e+01 
 2300.000  3.430314e+01 
 2301.000  3.427717e+01 
 2302.000  3.479726e+01 
 2303.000  3.469408e+01 
 2304.000  3.457997e+01 
 2305.000  3.513634e+01 
 2306.000  3.517339e+01 
 2307.000  3.526992e+01 
 2308.000  3.526434e+01 
 2309.000  3.503916e+01 
 2310.000  3.479692e+01 
 2311.000  3.490605e+01 
 2312.000  3.474279e+01 
 2313.000  3.417831e+01 
 2314.000  3.397905e+01 
 2315.000  3.253016e+01 
 2316.000  3.300642e+01 
 2317.000  3.268551e+01 
 2318.000  3.377613e+01 
 2319.000  3.364075e+01 
 2320.000  3.262037e+01 
 2321.000  3.283348e+01 
 2322.000  3.280791e+01 
 2323.000  3.143913e+01 
 2324.000  3.231216e+01 
 2325.000  3.257602e+01 
 2326.000  3.237768e+01 
 2327.000  3.299257e+01 
 2328.000  3.321363e+01 
 2329.000  3.289772e+01 
 2330.000  3.284113e+01 
 2331.000  3.269229e+01 
 2332.000  3.229517e+01 
 2333.000  3.227280e+01 
 2334.000  3.145620e+01 
 2335.000  3.100941e+01 
 2336.000  3.122783e+01 
 2337.000  3.054002e+01 
 2338.000  3.038226e+01 
 2339.000  2.959609e+01 
 2340.000  2.980387e+01 
 2341.000  2.983987e+01 
 2342.000  2.939306e+01 
 2343.000  2.925433e+01 
 2344.000  2.916916e+01 
 2345.000  2.884218e+01 
 2346.000  2.891108e+01 
 2347.000  2.874191e+01 
 2348.000  2.867162e+01 
 2349.000  2.880890e+01 
 2350.000  2.862634e+01 
 2351.000  2.888371e+01 
 2352.000  2.843496e+01 
 2353.000  2.776228e+01 
 2354.000  2.848422e+01 
 2355.000  2.880910e+01 
 2356.000  2.930758e+01 
 2357.000  2.907043e+01 
 2358.000  2.907699e+01 
 2359.000  2.965977e+01 
 2360.000  2.968540e+01 
 2361.000  2.946782e+01 
 2362.000  2.895951e+01 
 2363.000  2.891883e+01 
 2364.000  2.899411e+01 
 2365.000  2.804423e+01 
 2366.000  2.810207e+01 
 2367.000  2.697219e+01 
 2368.000  2.683693e+01 
 2369.000  2.658011e+01 
 2370.000  2.587650e+01 
 2371.000  2.617663e+01 
 2372.000  2.618499e+01 
 2373.000  2.625161e+01 
 2374.000  2.497002e+01 
 2375.000  2.579870e+01 
 2376.000  2.622299e+01 
 2377.000  2.613864e+01 
 2378.000  2.606156e+01 
 2379.000  2.645718e+01 
 2380.000  2.637134e+01 
 2381.000  2.615154e+01 
 2382.000  2.621496e+01 
 2383.000  2.495736e+01 
 2384.000  2.495458e+01 
 2385.000  2.514767e+01 
 2386.000  2.533207e+01 
 2387.000  2.524197e+01 
 2388.000  2.591916e+01 
 2389.000  2.582576e+01 
 2390.000  2.630404e+01 
 2391.000  2.625843e+01 
 2392.000  2.618170e+01 
 2393.000  2.623009e+01 
 2394.000  2.657090e+01 
 2395.000  2.633622e+01 
 2396.000  2.635223e+01 
 2397.000  2.647555e+01 
 2398.000  2.628488e+01 
 2399.000  2.624077e+01 
 2400.000  2.599561e+01 
 2401.000  2.569719e+01 
 2402.000  2.582798e+01 
 2403.000  2.563910e+01 
 2404.000  2.486372e+01 
 2405.000  2.502781e+01 
 2406.000  2.466414e+01 
 2407.000  2.404610e+01 
 2408.000  2.408821e+01 
 2409.000  2.401074e+01 
 2410.000  2.321058e+01 
 2411.000  2.323241e+01 
 2412.000  2.320345e+01 
 2413.000  2.257425e+01 
 2414.000  2.178851e+01 
 2415.000  2.173463e+01 
 2416.000  2.109330e+01 
 2417.000  2.204520e+01 
 2418.000  2.223721e+01 
 2419.000  2.343215e+01 
 2420.000  2.318150e+01 
 2421.000  2.329612e+01 
 2422.000  2.404144e+01 
 2423.000  2.387243e+01 
 2424.000  2.394348e+01 
 2425.000  2.406733e+01 
 2426.000  2.437119e+01 
 2427.000  2.409460e+01 
 2428.000  2.407953e+01 
 2429.000  2.424212e+01 
 2430.000  2.409701e+01 
 2431.000  2.357474e+01 
 2432.000  2.372083e+01 
 2433.000  2.362091e+01 
 2434.000  2.260065e+01 
 2435.000  2.235295e+01 
 2436.000  2.297825e+01 
 2437.000  2.283366e+01 
 2438.000  2.228561e+01 
 2439.000  2.284484e+01 
 2440.000  2.206488e+01 
 2441.000  2.180861e+01 
 2442.000  2.194308e+01 
 2443.000  2.059515e+01 
 2444.000  2.049256e+01 
 2445.000  1.953970e+01 
 2446.000  1.897575e+01 
 2447.000  1.901929e+01 
 2448.000  1.861665e+01 
 2449.000  1.861699e+01 
 2450.000  1.874736e+01 
 2451.000  1.886604e+01 
 2452.000  1.885731e+01 
 2453.000  1.915120e+01 
 2454.000  2.043445e+01 
 2455.000  2.022408e+01 
 2456.000  2.018885e+01 
 2457.000  1.942866e+01 
 2458.000  2.074486e+01 
 2459.000  2.088821e+01 
 2460.000  2.075971e+01 
 2461.000  2.009869e+01 
 2462.000  2.015122e+01 
 2463.000  1.995674e+01 
 2464.000  1.924906e+01 
 2465.000  1.909799e+01 
 2466.000  1.894899e+01 
 2467.000  1.780543e+01 
 2468.000  1.780392e+01 
 2469.000  1.760257e+01 
 2470.000  1.530893e+01 
 2471.000  1.596234e+01 
 2472.000  1.589884e+01 
 2473.000  1.524761e+01 
 2474.000  1.497602e+01 
 2475.000  1.517270e+01 
 2476.000  1.347400e+01 
 2477.000  1.367146e+01 
 2478.000  1.360524e+01 
 2479.000  1.155909e+01 
 2480.000  1.172676e+01 
 2481.000  1.143321e+01 
 2482.000  1.009838e+01 
 2483.000  9.817571e+00 
 2484.000  1.027656e+01 
 2485.000  9.062650e+00 
 2486.000  9.007428e+00 
 2487.000  8.415283e+00 
 2488.000  8.572989e+00 
 2489.000  8.566519e+00 
 2490.000  8.610705e+00 
 2491.000  8.694942e+00 
 2492.000  8.729942e+00 
 2493.000  8.591148e+00 
 2494.000  8.891528e+00 
 2495.000  8.793692e+00 
 2496.000  8.737905e+00 
 2497.000  9.262773e+00 
 2498.000  9.199096e+00 
 2499.000  9.241807e+00 
 2500.000  8.912234e+00 
 2501.000  8.202046e+00 
 2502.000  8.249927e+00 
 2503.000  8.162935e+00 
 2504.000  7.538485e+00 
 2505.000  7.622599e+00 
 2506.000  7.266373e+00 
 2507.000  5.777770e+00 
 2508.000  5.695528e+00 
 2509.000  5.672592e+00 
 2510.000  4.710944e+00 
 2511.000  4.738760e+00 
 2512.000  4.394697e+00 
 2513.000  3.305721e+00 
 2514.000  3.298862e+00 
 2515.000  3.281972e+00 
 2516.000  2.921027e+00 
 2517.000  2.895578e+00 
 2518.000  2.849598e+00 
 2519.000  1.887160e+00 
 2520.000  1.883600e+00 
 2521.000  1.886263e+00 
 2522.000  1.880678e+00 
 2523.000  1.390211e+00 
 2524.000  1.384787e+00 
 2525.000  1.207443e+00 
 2526.000  6.937984e-01 
 2527.000  6.890815e-01 
 2528.000  6.914499e-01 
 2529.000  4.544813e-01 
 2530.000  4.548193e-01 
 2531.000  4.557053e-01 
 2532.000  1.978515e-01 
 2533.000  1.958749e-01 
 2534.000  1.972383e-01 
 2535.000  1.437729e-01 
 2536.000  1.444478e-01 
 2537.000  1.429164e-01 
 2538.000  1.110124e-01 
 2539.000  4.473928e-02 
 2540.000  4.479712e-02 
 2541.000  4.497435e-02 
 2542.000  2.773513e-02 
 2543.000  2.882368e-02 
 2544.000  1.831718e-02 
 2545.000  1.056697e-02 
 2546.000  1.058479e-02 
 2547.000  1.030739e-02 
 2548.000  1.041812e-02 
 2549.000  1.058544e-02 
 2550.000  1.050991e-02 
 2551.000  6.490495e-03 
 2552.000  3.972398e-03 
 2553.000  3.924607e-03 
 2554.000  3.998439e-03 
 2555.000  3.310570e-03 
 2556.000  3.279558e-03 
 2557.000  1.858423e-03 
 2558.000  3.080619e-04 
 2559.000  3.089603e-04 
 2560.000  3.040182e-04 
 2561.000  6.401460e-05 
 2562.000  6.410027e-05 
 2563.000  6.444527e-05 
 2564.000  3.373948e-05 
 2565.000  3.324518e-06 
 2566.000  3.359342e-06 
 2567.000  3.287280e-06 
 2568.000  8.598003e-07 
 2569.000  8.540152e-07 
 2570.000  8.550240e-07 
 2571.000  8.004898e-08 
 2572.000  8.082490e-08 
 2573.000  8.081131e-08 
 2574.000  8.063742e-08 
 2575.000  4.098032e-08 
 2576.000  4.149628e-08 
 2577.000  1.385538e-08 
 2578.000  0.000000e+00 
 2579.000  0.000000e+00 
 2580.000  0.000000e+00 
 2581.000  0.000000e+00 
 2582.000  0.000000e+00 
 2583.000  0.000000e+00 
 2584.000  0.000000e+00 
 2585.000  0.000000e+00 
 2586.000  0.000000e+00 
 2587.000  0.000000e+00 
 2588.000  0.000000e+00 
 2589.000  0.000000e+00 
 2590.000  0.000000e+00 
 2591.000  0.000000e+00 
 2592.000  0.000000e+00 
 2593.000  0.000000e+00 
 2594.000  0.000000e+00 
 2595.000  0.000000e+00 
 2596.000  0.000000e+00 
 2597.000  0.000000e+00 
 2598.000  0.000000e+00 
 2599.000  0.000000e+00 
 2600.000  0.000000e+00 
 2601.000  0.000000e+00 
 2602.000  0.000000e+00 
 2603.000  0.000000e+00 
 2604.000  0.000000e+00 
 2605.000  0.000000e+00 
 2606.000  0.000000e+00 
 2607.000  0.000000e+00 
 2608.000  0.000000e+00 
 2609.000  0.000000e+00 
 2610.000  0.000000e+00 
 2611.000  0.000000e+00 
 2612.000  0.000000e+00 
 2613.000  0.000000e+00 
 2614.000  0.000000e+00 
 2615.000  0.000000e+00 
 2616.000  0.000000e+00 
 2617.000  0.000000e+00 
 2618.000  0.000000e+00 
 2619.000  0.000000e+00 
 2620.000  0.000000e+00 
 2621.000  0.000000e+00 
 2622.000  0.000000e+00 
 2623.000  0.000000e+00 
 2624.000  0.000000e+00 
 2625.000  0.000000e+00 
 2626.000  0.000000e+00 
 2627.000  0.000000e+00 
 2628.000  0.000000e+00 
 2629.000  3.936990e-09 
 2630.000  3.973548e-09 
 2631.000  6.237659e-09 
 2632.000  7.355188e-08 
 2633.000  7.375882e-08 
 2634.000  7.355904e-08 
 2635.000  7.409737e-08 
 2636.000  4.330494e-07 
 2637.000  4.336438e-07 
 2638.000  4.867944e-07 
 2639.000  5.450460e-07 
 2640.000  5.100460e-07 
 2641.000  5.494080e-07 
 2642.000  5.381249e-07 
 2643.000  4.623445e-07 
 2644.000  4.645943e-07 
 2645.000  3.740862e-07 
 2646.000  1.359461e-07 
 2647.000  1.359875e-07 
 2648.000  1.353680e-07 
 2649.000  1.376312e-07 
 2650.000  1.793081e-08 
 2651.000  1.806657e-08 
 2652.000  1.182430e-08 
 2653.000  0.000000e+00 
 2654.000  0.000000e+00 
 2655.000  0.000000e+00 
 2656.000  0.000000e+00 
 2657.000  0.000000e+00 
 2658.000  0.000000e+00 
 2659.000  0.000000e+00 
 2660.000  0.000000e+00 
 2661.000  0.000000e+00 
 2662.000  0.000000e+00 
 2663.000  0.000000e+00 
 2664.000  0.000000e+00 
 2665.000  0.000000e+00 
 2666.000  0.000000e+00 
 2667.000  0.000000e+00 
 2668.000  0.000000e+00 
 2669.000  0.000000e+00 
 2670.000  0.000000e+00 
 2671.000  0.000000e+00 
 2672.000  0.000000e+00 
 2673.000  0.000000e+00 
 2674.000  0.000000e+00 
 2675.000  0.000000e+00 
 2676.000  0.000000e+00 
 2677.000  0.000000e+00 
 2678.000  0.000000e+00 
 2679.000  0.000000e+00 
 2680.000  0.000000e+00 
 2681.000  0.000000e+00 
 2682.000  0.000000e+00 
 2683.000  0.000000e+00 
 2684.000  0.000000e+00 
 2685.000  0.000000e+00 
 2686.000  0.000000e+00 
 2687.000  0.000000e+00 
 2688.000  0.000000e+00 
 2689.000  0.000000e+00 
 2690.000  0.000000e+00 
 2691.000  0.000000e+00 
 2692.000  0.000000e+00 
 2693.000  0.000000e+00 
 2694.000  0.000000e+00 
 2695.000  0.000000e+00 
 2696.000  0.000000e+00 
 2697.000  0.000000e+00 
 2698.000  0.000000e+00 
 2699.000  0.000000e+00 
 2700.000  0.000000e+00 
 2701.000  0.000000e+00 
 2702.000  0.000000e+00 
 2703.000  0.000000e+00 
 2704.000  0.000000e+00 
 2705.000  0.000000e+00 
 2706.000  0.000000e+00 
 2707.000  0.000000e+00 
 2708.000  0.000000e+00 
 2709.000  0.000000e+00 
 2710.000  0.000000e+00 
 2711.000  0.000000e+00 
 2712.000  0.000000e+00 
 2713.000  0.000000e+00 
 2714.000  0.000000e+00 
 2715.000  0.000000e+00 
 2716.000  0.000000e+00 
 2717.000  0.000000e+00 
 2718.000  0.000000e+00 
 2719.000  0.000000e+00 
 2720.000  0.000000e+00 
 2721.000  0.000000e+00 
 2722.000  0.000000e+00 
 2723.000  0.000000e+00 
 2724.000  0.000000e+00 
 2725.000  6.874778e-09 
 2726.000  6.897849e-09 
 2727.000  6.851695e-09 
 2728.000  6.964038e-09 
 2729.000  9.660627e-09 
 2730.000  9.666965e-09 
 2731.000  9.701432e-09 
 2732.000  1.154043e-08 
 2733.000  8.072991e-09 
 2734.000  8.072173e-09 
 2735.000  8.136309e-09 
 2736.000  0.000000e+00 
 2737.000  0.000000e+00 
 2738.000  0.000000e+00 
 2739.000  0.000000e+00 
 2740.000  0.000000e+00 
 2741.000  0.000000e+00 
 2742.000  0.000000e+00 
 2743.000  0.000000e+00 
 2744.000  0.000000e+00 
 2745.000  0.000000e+00 
 2746.000  0.000000e+00 
 2747.000  0.000000e+00 
 2748.000  0.000000e+00 
 2749.000  0.000000e+00 
 2750.000  0.000000e+00 
 2751.000  0.000000e+00 
 2752.000  0.000000e+00 
 2753.000  0.000000e+00 
 2754.000  0.000000e+00 
 2755.000  0.000000e+00 
 2756.000  0.000000e+00 
 2757.000  0.000000e+00 
 2758.000  0.000000e+00 
 2759.000  0.000000e+00 
 2760.000  0.000000e+00 
 2761.000  0.000000e+00 
 2762.000  0.000000e+00 
 2763.000  0.000000e+00 
 2764.000  0.000000e+00 
 2765.000  0.000000e+00 
 2766.000  0.000000e+00 
 2767.000  0.000000e+00 
 2768.000  0.000000e+00 
 2769.000  0.000000e+00 
 2770.000  0.000000e+00 
 2771.000  0.000000e+00 
 2772.000  0.000000e+00 
 2773.000  0.000000e+00 
 2774.000  0.000000e+00 
 2775.000  0.000000e+00 
 2776.000  0.000000e+00 
 2777.000  0.000000e+00 
 2778.000  0.000000e+00 
 2779.000  0.000000e+00 
 2780.000  0.000000e+00 
 2781.000  0.000000e+00 
 2782.000  0.000000e+00 
 2783.000  0.000000e+00 
 2784.000  0.000000e+00 
 2785.000  0.000000e+00 
 2786.000  1.114089e-07 
 2787.000  1.112861e-07 
 2788.000  1.117420e-07 
 2789.000  1.117551e-07 
 2790.000  7.762259e-06 
 2791.000  7.753360e-06 
 2792.000  7.745954e-06 
 2793.000  1.182821e-05 
 2794.000  4.468164e-05 
 2795.000  4.469770e-05 
 2796.000  4.467069e-05 
 2797.000  4.468943e-05 
 2798.000  9.922422e-05 
 2799.000  9.912271e-05 
 2800.000  9.927346e-05 
 2801.000  1.328325e-04 
 2802.000  2.987662e-04 
 2803.000  2.977485e-04 
 2804.000  2.959199e-04 
 2805.000  2.980282e-04 
 2806.000  6.464613e-04 
 2807.000  6.431726e-04 
 2808.000  6.450798e-04 
 2809.000  2.555291e-03 
 2810.000  2.556977e-03 
 2811.000  2.551505e-03 
 2812.000  2.551345e-03 
 2813.000  6.352956e-03 
 2814.000  6.346178e-03 
 2815.000  6.350144e-03 
 2816.000  6.312014e-03 
 2817.000  2.055787e-02 
 2818.000  2.054079e-02 
 2819.000  2.049304e-02 
 2820.000  2.044964e-02 
 2821.000  3.852586e-02 
 2822.000  3.842989e-02 
 2823.000  3.838313e-02 
 2824.000  3.822519e-02 
 2825.000  7.553018e-02 
 2826.000  7.559068e-02 
 2827.000  7.538002e-02 
 2828.000  7.517540e-02 
 2829.000  8.992876e-02 
 2830.000  8.992376e-02 
 2831.000  8.965600e-02 
 2832.000  8.982713e-02 
 2833.000  1.296450e-01 
 2834.000  1.297370e-01 
 2835.000  1.296008e-01 
 2836.000  1.293529e-01 
 2837.000  1.424181e-01 
 2838.000  1.420724e-01 
 2839.000  1.422525e-01 
 2840.000  1.413863e-01 
 2841.000  1.933458e-01 
 2842.000  1.967629e-01 
 2843.000  1.958296e-01 
 2844.000  1.958232e-01 
 2845.000  2.124763e-01 
 2846.000  2.122536e-01 
 2847.000  2.118745e-01 
 2848.000  2.118568e-01 
 2849.000  2.307582e-01 
 2850.000  3.157781e-01 
 2851.000  3.156170e-01 
 2852.000  3.154854e-01 
 2853.000  3.169666e-01 
 2854.000  4.160233e-01 
 2855.000  4.177577e-01 
 2856.000  4.174719e-01 
 2857.000  4.433242e-01 
 2858.000  6.322888e-01 
 2859.000  6.298541e-01 
 2860.000  6.253853e-01 
 2861.000  6.295275e-01 
 2862.000  8.710046e-01 
 2863.000  8.697470e-01 
 2864.000  8.693873e-01 
 2865.000  9.238017e-01 
 2866.000  1.166034e+00 
 2867.000  1.160922e+00 
 2868.000  1.150532e+00 
 2869.000  1.155617e+00 
 2870.000  1.398185e+00 
 2871.000  1.404267e+00 
 2872.000  1.388422e+00 
 2873.000  1.435187e+00 
 2874.000  1.747841e+00 
 2875.000  1.757432e+00 
 2876.000  1.765537e+00 
 2877.000  1.767566e+00 
 2878.000  2.100903e+00 
 2879.000  2.100168e+00 
 2880.000  2.095376e+00 
 2881.000  2.096353e+00 
 2882.000  2.640732e+00 
 2883.000  2.643055e+00 
 2884.000  2.640202e+00 
 2885.000  2.632783e+00 
 2886.000  2.624934e+00 
 2887.000  2.818582e+00 
 2888.000  2.815118e+00 
 2889.000  2.799710e+00 
 2890.000  2.892493e+00 
 2891.000  3.149083e+00 
 2892.000  3.146408e+00 
 2893.000  3.140962e+00 
 2894.000  3.128363e+00 
 2895.000  3.168463e+00 
 2896.000  3.162692e+00 
 2897.000  3.163332e+00 
 2898.000  3.213632e+00 
 2899.000  3.166606e+00 
 2900.000  3.175091e+00 
 2901.000  3.165613e+00 
 2902.000  3.167400e+00 
 2903.000  3.488194e+00 
 2904.000  3.482103e+00 
 2905.000  3.482430e+00 
 2906.000  3.431033e+00 
 2907.000  3.817254e+00 
 2908.000  3.812237e+00 
 2909.000  3.810254e+00 
 2910.000  3.804265e+00 
 2911.000  3.799381e+00 
 2912.000  4.110627e+00 
 2913.000  4.098002e+00 
 2914.000  4.090406e+00 
 2915.000  4.135865e+00 
 2916.000  4.723042e+00 
 2917.000  4.760712e+00 
 2918.000  4.753273e+00 
 2919.000  4.748011e+00 
 2920.000  1.339346e+01 
 2921.000  1.338416e+01 
 2922.000  1.334560e+01 
 2923.000  1.323252e+01 
 2924.000  6.108088e+00 
 2925.000  6.173222e+00 
 2926.000  6.072925e+00 
 2927.000  6.163128e+00 
 2928.000  6.161705e+00 
 2929.000  6.362684e+00 
 2930.000  6.464083e+00 
 2931.000  6.457073e+00 
 2932.000  6.554200e+00 
 2933.000  6.498857e+00 
 2934.000  6.508856e+00 
 2935.000  6.479087e+00 
 2936.000  6.483152e+00 
 2937.000  6.162261e+00 
 2938.000  6.164264e+00 
 2939.000  6.126615e+00 
 2940.000  6.143672e+00 
 2941.000  6.182255e+00 
 2942.000  5.865986e+00 
 2943.000  5.783905e+00 
 2944.000  5.826459e+00 
 2945.000  5.829962e+00 
 2946.000  5.893602e+00 
 2947.000  5.780313e+00 
 2948.000  5.872087e+00 
 2949.000  5.918535e+00 
 2950.000  6.099309e+00 
 2951.000  6.084429e+00 
 2952.000  6.046131e+00 
 2953.000  6.082570e+00 
 2954.000  6.066453e+00 
 2955.000  6.158728e+00 
 2956.000  6.172416e+00 
 2957.000  6.163818e+00 
 2958.000  6.196736e+00 
 2959.000  5.955941e+00 
 2960.000  5.926946e+00 
 2961.000  5.911400e+00 
 2962.000  5.931283e+00 
 2963.000  5.153523e+00 
 2964.000  5.142941e+00 
 2965.000  5.143866e+00 
 2966.000  5.132466e+00 
 2967.000  5.150333e+00 
 2968.000  4.560719e+00 
 2969.000  4.547289e+00 
 2970.000  4.540859e+00 
 2971.000  4.531590e+00 
 2972.000  4.771693e+00 
 2973.000  4.769489e+00 
 2974.000  4.766657e+00 
 2975.000  4.758674e+00 
 2976.000  4.769607e+00 
 2977.000  5.560625e+00 
 2978.000  5.542088e+00 
 2979.000  5.495907e+00 
 2980.000  5.537105e+00 
 2981.000  6.675159e+00 
 2982.000  6.652006e+00 
 2983.000  6.659461e+00 
 2984.000  6.650168e+00 
 2985.000  6.664184e+00 
 2986.000  7.616035e+00 
 2987.000  7.603817e+00 
 2988.000  7.541964e+00 
 2989.000  7.581465e+00 
 2990.000  7.641925e+00 
 2991.000  7.666823e+00 
 2992.000  7.658625e+00 
 2993.000  7.647067e+00 
 2994.000  7.633968e+00 
 2995.000  7.596277e+00 
 2996.000  7.583224e+00 
 2997.000  7.443846e+00 
 2998.000  7.543762e+00 
 2999.000  7.318939e+00 
 3000.000  7.199481e+00 
 3001.000  7.311790e+00 
 3002.000  7.309201e+00 
 3003.000  7.314662e+00 
 3004.000  6.709245e+00 
 3005.000  6.711383e+00 
 3006.000  6.698572e+00 
 3007.000  6.697667e+00 
 3008.000  6.595334e+00 
 3009.000  6.607312e+00 
 3010.000  6.595661e+00 
 3011.000  6.608880e+00 
 3012.000  6.600200e+00 
 3013.000  6.360698e+00 
 3014.000  6.345227e+00 
 3015.000  6.314847e+00 
 3016.000  6.335546e+00 
 3017.000  5.982165e+00 
 3018.000  6.002150e+00 
 3019.000  5.999686e+00 
 3020.000  5.929762e+00 
 3021.000  5.956498e+00 
 3022.000  5.971978e+00 
 3023.000  5.955708e+00 
 3024.000  5.942655e+00 
 3025.000  5.930068e+00 
 3026.000  5.654347e+00 
 3027.000  5.634453e+00 
 3028.000  5.607077e+00 
 3029.000  5.629035e+00 
 3030.000  5.601748e+00 
 3031.000  5.174385e+00 
 3032.000  5.165425e+00 
 3033.000  5.066800e+00 
 3034.000  5.137369e+00 
 3035.000  4.704161e+00 
 3036.000  4.683371e+00 
 3037.000  4.652700e+00 
 3038.000  4.603888e+00 
 3039.000  4.510675e+00 
 3040.000  4.175991e+00 
 3041.000  4.286518e+00 
 3042.000  4.309652e+00 
 3043.000  4.324052e+00 
 3044.000  4.327492e+00 
 3045.000  4.053661e+00 
 3046.000  4.059929e+00 
 3047.000  4.068253e+00 
 3048.000  4.051780e+00 
 3049.000  4.045696e+00 
 3050.000  4.047669e+00 
 3051.000  4.042845e+00 
 3052.000  4.037789e+00 
 3053.000  4.030552e+00 
 3054.000  4.333729e+00 
 3055.000  4.286594e+00 
 3056.000  4.330509e+00 
 3057.000  4.319264e+00 
 3058.000  4.279465e+00 
 3059.000  4.610258e+00 
 3060.000  4.624282e+00 
 3061.000  4.623798e+00 
 3062.000  4.617408e+00 
 3063.000  4.868025e+00 
 3064.000  4.800106e+00 
 3065.000  4.811336e+00 
 3066.000  4.851284e+00 
 3067.000  4.817015e+00 
 3068.000  4.904592e+00 
 3069.000  4.976738e+00 
 3070.000  4.974391e+00 
 3071.000  4.960399e+00 
 3072.000  4.963562e+00 
 3073.000  4.984787e+00 
 3074.000  4.966492e+00 
 3075.000  4.977915e+00 
 3076.000  4.953362e+00 
 3077.000  4.511628e+00 
 3078.000  4.512516e+00 
 3079.000  4.501734e+00 
 3080.000  4.491452e+00 
 3081.000  4.468708e+00 
 3082.000  4.278149e+00 
 3083.000  4.270213e+00 
 3084.000  4.288512e+00 
 3085.000  4.282695e+00 
 3086.000  4.252847e+00 
 3087.000  3.996984e+00 
 3088.000  4.017867e+00 
 3089.000  4.015317e+00 
 3090.000  4.014141e+00 
 3091.000  3.971254e+00 
 3092.000  3.656268e+00 
 3093.000  3.654501e+00 
 3094.000  3.647771e+00 
 3095.000  3.639898e+00 
 3096.000  3.682770e+00 
 3097.000  3.669019e+00 
 3098.000  3.597416e+00 
 3099.000  3.654970e+00 
 3100.000  3.667636e+00 
 3101.000  3.753585e+00 
 3102.000  3.748711e+00 
 3103.000  3.748174e+00 
 3104.000  3.742574e+00 
 3105.000  3.734478e+00 
 3106.000  4.053598e+00 
 3107.000  4.035967e+00 
 3108.000  4.052167e+00 
 3109.000  4.044564e+00 
 3110.000  4.040009e+00 
 3111.000  4.597585e+00 
 3112.000  4.587238e+00 
 3113.000  4.558948e+00 
 3114.000  4.562183e+00 
 3115.000  4.412319e+00 
 3116.000  5.212936e+00 
 3117.000  5.428276e+00 
 3118.000  5.450310e+00 
 3119.000  5.427805e+00 
 3120.000  5.433431e+00 
 3121.000  5.801333e+00 
 3122.000  5.816042e+00 
 3123.000  5.825818e+00 
 3124.000  5.820333e+00 
 3125.000  5.807089e+00 
 3126.000  6.154353e+00 
 3127.000  6.122766e+00 
 3128.000  6.146351e+00 
 3129.000  6.088766e+00 
 3130.000  6.307256e+00 
 3131.000  6.269420e+00 
 3132.000  6.298174e+00 
 3133.000  6.283301e+00 
 3134.000  6.314904e+00 
 3135.000  6.025306e+00 
 3136.000  6.017998e+00 
 3137.000  6.014747e+00 
 3138.000  6.011749e+00 
 3139.000  5.990623e+00 
 3140.000  6.028378e+00 
 3141.000  6.042506e+00 
 3142.000  6.016918e+00 
 3143.000  6.027498e+00 
 3144.000  6.062152e+00 
 3145.000  6.542697e+00 
 3146.000  6.534850e+00 
 3147.000  6.481119e+00 
 3148.000  6.510918e+00 
 3149.000  6.511678e+00 
 3150.000  7.205743e+00 
 3151.000  7.183031e+00 
 3152.000  6.801976e+00 
 3153.000  7.177329e+00 
 3154.000  7.195760e+00 
 3155.000  8.058739e+00 
 3156.000  8.051258e+00 
 3157.000  8.028757e+00 
 3158.000  8.030035e+00 
 3159.000  8.018556e+00 
 3160.000  8.647649e+00 
 3161.000  8.627641e+00 
 3162.000  8.641003e+00 
 3163.000  8.616885e+00 
 3164.000  8.571048e+00 
 3165.000  8.633157e+00 
 3166.000  8.649996e+00 
 3167.000  8.617474e+00 
 3168.000  8.563562e+00 
 3169.000  8.601818e+00 
 3170.000  8.186704e+00 
 3171.000  8.376649e+00 
 3172.000  8.372214e+00 
 3173.000  8.370038e+00 
 3174.000  8.319368e+00 
 3175.000  7.801486e+00 
 3176.000  7.789072e+00 
 3177.000  7.783165e+00 
 3178.000  7.746540e+00 
 3179.000  7.739794e+00 
 3180.000  6.836019e+00 
 3181.000  6.722234e+00 
 3182.000  6.811199e+00 
 3183.000  6.802235e+00 
 3184.000  6.757179e+00 
 3185.000  5.496212e+00 
 3186.000  5.487923e+00 
 3187.000  5.473268e+00 
 3188.000  5.463080e+00 
 3189.000  5.468824e+00 
 3190.000  4.032011e+00 
 3191.000  4.027034e+00 
 3192.000  4.022144e+00 
 3193.000  4.014980e+00 
 3194.000  3.991200e+00 
 3195.000  2.721164e+00 
 3196.000  2.706098e+00 
 3197.000  2.714268e+00 
 3198.000  2.709196e+00 
 3199.000  2.709069e+00 
 3200.000  2.070959e+00 
 3201.000  2.018955e+00 
 3202.000  2.064773e+00 
 3203.000  2.066408e+00 
 3204.000  2.056289e+00 
 3205.000  2.049538e+00 
 3206.000  1.785833e+00 
 3207.000  1.783434e+00 
 3208.000  1.781415e+00 
 3209.000  1.779386e+00 
 3210.000  1.775181e+00 
 3211.000  1.798052e+00 
 3212.000  1.795125e+00 
 3213.000  1.794173e+00 
 3214.000  1.791644e+00 
 3215.000  1.748379e+00 
 3216.000  2.108722e+00 
 3217.000  2.106729e+00 
 3218.000  2.107174e+00 
 3219.000  2.102248e+00 
 3220.000  2.101093e+00 
 3221.000  2.493008e+00 
 3222.000  2.493218e+00 
 3223.000  2.483032e+00 
 3224.000  2.469649e+00 
 3225.000  2.480987e+00 
 3226.000  2.919901e+00 
 3227.000  2.926083e+00 
 3228.000  2.919226e+00 
 3229.000  2.911329e+00 
 3230.000  2.910193e+00 
 3231.000  2.909807e+00 
 3232.000  3.533779e+00 
 3233.000  3.528515e+00 
 3234.000  3.477054e+00 
 3235.000  3.525967e+00 
 3236.000  3.524835e+00 
 3237.000  3.860858e+00 
 3238.000  3.856145e+00 
 3239.000  3.845216e+00 
 3240.000  3.843004e+00 
 3241.000  3.833540e+00 
 3242.000  3.867260e+00 
 3243.000  3.815865e+00 
 3244.000  3.864545e+00 
 3245.000  3.854877e+00 
 3246.000  3.890098e+00 
 3247.000  4.034379e+00 
 3248.000  4.027963e+00 
 3249.000  4.019779e+00 
 3250.000  4.018591e+00 
 3251.000  4.014997e+00 
 3252.000  4.008081e+00 
 3253.000  3.816406e+00 
 3254.000  3.788033e+00 
 3255.000  3.791176e+00 
 3256.000  3.801961e+00 
 3257.000  3.818753e+00 
 3258.000  3.596268e+00 
 3259.000  3.600442e+00 
 3260.000  3.562688e+00 
 3261.000  3.592176e+00 
 3262.000  3.574877e+00 
 3263.000  3.838184e+00 
 3264.000  3.843969e+00 
 3265.000  3.843629e+00 
 3266.000  3.810330e+00 
 3267.000  3.849521e+00 
 3268.000  4.304533e+00 
 3269.000  4.283243e+00 
 3270.000  4.292181e+00 
 3271.000  4.280471e+00 
 3272.000  4.282322e+00 
 3273.000  4.269423e+00 
 3274.000  4.765759e+00 
 3275.000  4.758231e+00 
 3276.000  4.685188e+00 
 3277.000  4.743296e+00 
 3278.000  4.751925e+00 
 3279.000  5.204406e+00 
 3280.000  5.187694e+00 
 3281.000  5.119911e+00 
 3282.000  5.172149e+00 
 3283.000  5.164876e+00 
 3284.000  5.175821e+00 
 3285.000  5.088558e+00 
 3286.000  5.140546e+00 
 3287.000  5.136494e+00 
 3288.000  5.128473e+00 
 3289.000  5.137648e+00 
 3290.000  4.668828e+00 
 3291.000  4.612377e+00 
 3292.000  4.653053e+00 
 3293.000  4.639336e+00 
 3294.000  4.624997e+00 
 3295.000  4.063330e+00 
 3296.000  3.999305e+00 
 3297.000  3.901426e+00 
 3298.000  3.958445e+00 
 3299.000  4.051546e+00 
 3300.000  4.092877e+00 
 3301.000  3.547093e+00 
 3302.000  3.574465e+00 
 3303.000  3.572144e+00 
 3304.000  3.571517e+00 
 3305.000  3.567828e+00 
 3306.000  2.985592e+00 
 3307.000  2.993485e+00 
 3308.000  2.987830e+00 
 3309.000  2.987236e+00 
 3310.000  2.982169e+00 
 3311.000  2.958307e+00 
 3312.000  2.710316e+00 
 3313.000  2.698475e+00 
 3314.000  2.709610e+00 
 3315.000  2.704195e+00 
 3316.000  2.681674e+00 
 3317.000  3.113718e+00 
 3318.000  3.081239e+00 
 3319.000  3.093529e+00 
 3320.000  2.808752e+00 
 3321.000  3.084718e+00 
 3322.000  3.105812e+00 
 3323.000  3.871695e+00 
 3324.000  3.879024e+00 
 3325.000  3.846556e+00 
 3326.000  3.852156e+00 
 3327.000  3.858826e+00 
 3328.000  4.648996e+00 
 3329.000  4.648516e+00 
 3330.000  4.645250e+00 
 3331.000  4.611708e+00 
 3332.000  4.605880e+00 
 3333.000  4.645627e+00 
 3334.000  5.063822e+00 
 3335.000  5.048567e+00 
 3336.000  5.048811e+00 
 3337.000  5.026602e+00 
 3338.000  5.027898e+00 
 3339.000  5.137387e+00 
 3340.000  5.089162e+00 
 3341.000  5.054617e+00 
 3342.000  5.122268e+00 
 3343.000  5.111470e+00 
 3344.000  5.130695e+00 
 3345.000  5.174996e+00 
 3346.000  5.159775e+00 
 3347.000  5.166369e+00 
 3348.000  5.163544e+00 
 3349.000  5.155334e+00 
 3350.000  5.079236e+00 
 3351.000  5.088206e+00 
 3352.000  5.092881e+00 
 3353.000  5.010401e+00 
 3354.000  5.078217e+00 
 3355.000  5.084450e+00 
 3356.000  5.280150e+00 
 3357.000  5.267256e+00 
 3358.000  5.244126e+00 
 3359.000  5.263893e+00 
 3360.000  5.256389e+00 
 3361.000  5.244663e+00 
 3362.000  5.452033e+00 
 3363.000  5.451478e+00 
 3364.000  5.450466e+00 
 3365.000  5.420259e+00 
 3366.000  5.378126e+00 
 3367.000  5.416430e+00 
 3368.000  5.704616e+00 
 3369.000  5.664394e+00 
 3370.000  5.560403e+00 
 3371.000  5.678759e+00 
 3372.000  5.688245e+00 
 3373.000  5.944665e+00 
 3374.000  5.905754e+00 
 3375.000  5.952830e+00 
 3376.000  5.949558e+00 
 3377.000  5.925766e+00 
 3378.000  5.915318e+00 
 3379.000  6.171415e+00 
 3380.000  6.180991e+00 
 3381.000  6.156313e+00 
 3382.000  6.107043e+00 
 3383.000  6.113324e+00 
 3384.000  6.123047e+00 
 3385.000  6.315038e+00 
 3386.000  6.319288e+00 
 3387.000  6.310859e+00 
 3388.000  6.300549e+00 
 3389.000  6.295583e+00 
 3390.000  6.392655e+00 
 3391.000  6.385334e+00 
 3392.000  6.372111e+00 
 3393.000  6.363569e+00 
 3394.000  6.358257e+00 
 3395.000  6.345554e+00 
 3396.000  6.361818e+00 
 3397.000  6.155107e+00 
 3398.000  6.328022e+00 
 3399.000  6.227903e+00 
 3400.000  6.384969e+00 
 3401.000  6.059927e+00 
 3402.000  6.411428e+00 
 3403.000  6.410279e+00 
 3404.000  6.419156e+00 
 3405.000  6.407614e+00 
 3406.000  6.402707e+00 
 3407.000  6.359346e+00 
 3408.000  6.538423e+00 
 3409.000  6.431788e+00 
 3410.000  6.484607e+00 
 3411.000  6.515699e+00 
 3412.000  6.516265e+00 
 3413.000  6.677025e+00 
 3414.000  6.686008e+00 
 3415.000  6.583826e+00 
 3416.000  6.505968e+00 
 3417.000  6.659441e+00 
 3418.000  6.677335e+00 
 3419.000  6.796920e+00 
 3420.000  6.795102e+00 
 3421.000  6.782014e+00 
 3422.000  6.753485e+00 
 3423.000  6.769804e+00 
 3424.000  6.763494e+00 
 3425.000  6.889145e+00 
 3426.000  6.880832e+00 
 3427.000  6.702246e+00 
 3428.000  6.780559e+00 
 3429.000  6.837345e+00 
 3430.000  6.847572e+00 
 3431.000  6.832736e+00 
 3432.000  6.866044e+00 
 3433.000  6.844225e+00 
 3434.000  6.848157e+00 
 3435.000  6.823271e+00 
 3436.000  6.832382e+00 
 3437.000  6.839322e+00 
 3438.000  6.848480e+00 
 3439.000  6.841663e+00 
 3440.000  6.831691e+00 
 3441.000  6.827095e+00 
 3442.000  6.766450e+00 
 3443.000  6.878592e+00 
 3444.000  6.869225e+00 
 3445.000  6.849362e+00 
 3446.000  6.835178e+00 
 3447.000  6.844913e+00 
 3448.000  6.825526e+00 
 3449.000  6.885839e+00 
 3450.000  6.875959e+00 
 3451.000  6.878730e+00 
 3452.000  6.867729e+00 
 3453.000  6.860581e+00 
 3454.000  6.840667e+00 
 3455.000  6.917806e+00 
 3456.000  6.888245e+00 
 3457.000  6.898633e+00 
 3458.000  6.885451e+00 
 3459.000  6.891532e+00 
 3460.000  6.872728e+00 
 3461.000  6.914779e+00 
 3462.000  6.910947e+00 
 3463.000  6.905366e+00 
 3464.000  6.885200e+00 
 3465.000  6.885519e+00 
 3466.000  6.845151e+00 
 3467.000  6.848349e+00 
 3468.000  6.854894e+00 
 3469.000  6.848494e+00 
 3470.000  6.846885e+00 
 3471.000  6.787058e+00 
 3472.000  6.813715e+00 
 3473.000  6.769101e+00 
 3474.000  6.805620e+00 
 3475.000  6.794576e+00 
 3476.000  6.803130e+00 
 3477.000  6.729465e+00 
 3478.000  6.791929e+00 
 3479.000  6.813485e+00 
 3480.000  6.804836e+00 
 3481.000  6.782740e+00 
 3482.000  6.792313e+00 
 3483.000  6.782031e+00 
 3484.000  6.763727e+00 
 3485.000  6.816153e+00 
 3486.000  6.785210e+00 
 3487.000  6.802281e+00 
 3488.000  6.807102e+00 
 3489.000  6.798996e+00 
 3490.000  6.761702e+00 
 3491.000  6.878119e+00 
 3492.000  6.842752e+00 
 3493.000  6.861948e+00 
 3494.000  6.798480e+00 
 3495.000  6.846393e+00 
 3496.000  6.853535e+00 
 3497.000  6.921591e+00 
 3498.000  6.909329e+00 
 3499.000  6.904745e+00 
 3500.000  6.898567e+00 
 3501.000  6.827587e+00 
 3502.000  6.881695e+00 
 3503.000  6.914365e+00 
 3504.000  6.908437e+00 
 3505.000  6.900517e+00 
 3506.000  6.894865e+00 
 3507.000  6.885896e+00 
 3508.000  6.864882e+00 
 3509.000  6.843337e+00 
 3510.000  6.837269e+00 
 3511.000  6.831093e+00 
 3512.000  6.804205e+00 
 3513.000  6.811681e+00 
 3514.000  6.803771e+00 
 3515.000  6.705614e+00 
 3516.000  6.676609e+00 
 3517.000  6.685640e+00 
 3518.000  6.669185e+00 
 3519.000  6.670637e+00 
 3520.000  6.657910e+00 
 3521.000  6.662625e+00 
 3522.000  6.506196e+00 
 3523.000  6.492480e+00 
 3524.000  6.429204e+00 
 3525.000  6.497898e+00 
 3526.000  6.492278e+00 
 3527.000  6.473593e+00 
 3528.000  6.296682e+00 
 3529.000  6.288943e+00 
 3530.000  6.291992e+00 
 3531.000  6.251995e+00 
 3532.000  6.280666e+00 
 3533.000  6.274646e+00 
 3534.000  6.102920e+00 
 3535.000  6.080088e+00 
 3536.000  6.128701e+00 
 3537.000  6.121053e+00 
 3538.000  5.996459e+00 
 3539.000  6.068241e+00 
 3540.000  6.068196e+00 
 3541.000  6.076914e+00 
 3542.000  6.063549e+00 
 3543.000  6.058926e+00 
 3544.000  6.056405e+00 
 3545.000  6.041036e+00 
 3546.000  6.037688e+00 
 3547.000  6.042217e+00 
 3548.000  6.027933e+00 
 3549.000  6.028586e+00 
 3550.000  6.023347e+00 
 3551.000  6.014538e+00 
 3552.000  6.008785e+00 
 3553.000  6.036702e+00 
 3554.000  6.039070e+00 
 3555.000  5.994528e+00 
 3556.000  5.878672e+00 
 3557.000  6.020275e+00 
 3558.000  6.009504e+00 
 3559.000  6.019389e+00 
 3560.000  5.882766e+00 
 3561.000  5.993362e+00 
 3562.000  6.004268e+00 
 3563.000  5.995228e+00 
 3564.000  5.969024e+00 
 3565.000  5.984659e+00 
 3566.000  5.905666e+00 
 3567.000  5.901826e+00 
 3568.000  5.897630e+00 
 3569.000  5.883152e+00 
 3570.000  5.871172e+00 
 3571.000  5.738421e+00 
 3572.000  5.851719e+00 
 3573.000  5.851807e+00 
 3574.000  5.840070e+00 
 3575.000  5.836130e+00 
 3576.000  5.834325e+00 
 3577.000  5.817694e+00 
 3578.000  5.838289e+00 
 3579.000  5.832161e+00 
 3580.000  5.746103e+00 
 3581.000  5.805748e+00 
 3582.000  5.804788e+00 
 3583.000  5.810948e+00 
 3584.000  5.735102e+00 
 3585.000  5.832125e+00 
 3586.000  5.831339e+00 
 3587.000  5.824359e+00 
 3588.000  5.830946e+00 
 3589.000  5.820822e+00 
 3590.000  5.820076e+00 
 3591.000  5.937316e+00 
 3592.000  5.935701e+00 
 3593.000  5.912875e+00 
 3594.000  5.914923e+00 
 3595.000  5.920867e+00 
 3596.000  5.846717e+00 
 3597.000  5.850112e+00 
 3598.000  6.023744e+00 
 3599.000  5.990284e+00 
 3600.000  6.000627e+00 
 3601.000  5.980617e+00 
 3602.000  5.999849e+00 
 3603.000  5.985473e+00 
 3604.000  6.066829e+00 
 3605.000  6.052624e+00 
 3606.000  6.058384e+00 
 3607.000  6.040399e+00 
 3608.000  6.043008e+00 
 3609.000  6.031035e+00 
 3610.000  6.018629e+00 
 3611.000  6.135147e+00 
 3612.000  6.122858e+00 
 3613.000  6.117236e+00 
 3614.000  6.115102e+00 
 3615.000  6.108401e+00 
 3616.000  6.099306e+00 
 3617.000  6.186708e+00 
 3618.000  6.179955e+00 
 3619.000  6.172407e+00 
 3620.000  6.165429e+00 
 3621.000  6.156885e+00 
 3622.000  6.155618e+00 
 3623.000  6.146349e+00 
 3624.000  6.176081e+00 
 3625.000  6.170941e+00 
 3626.000  6.174988e+00 
 3627.000  6.169592e+00 
 3628.000  6.161936e+00 
 3629.000  6.140199e+00 
 3630.000  6.189950e+00 
 3631.000  6.218811e+00 
 3632.000  6.219483e+00 
 3633.000  6.209867e+00 
 3634.000  6.203111e+00 
 3635.000  6.200476e+00 
 3636.000  6.181570e+00 
 3637.000  6.208241e+00 
 3638.000  6.226961e+00 
 3639.000  6.223256e+00 
 3640.000  6.193552e+00 
 3641.000  6.211616e+00 
 3642.000  6.198936e+00 
 3643.000  6.174722e+00 
 3644.000  6.076974e+00 
 3645.000  6.107950e+00 
 3646.000  6.154913e+00 
 3647.000  6.137728e+00 
 3648.000  6.136831e+00 
 3649.000  6.113669e+00 
 3650.000  6.064045e+00 
 3651.000  6.051253e+00 
 3652.000  6.035374e+00 
 3653.000  5.907500e+00 
 3654.000  5.913334e+00 
 3655.000  6.007733e+00 
 3656.000  6.012997e+00 
 3657.000  5.854318e+00 
 3658.000  5.837369e+00 
 3659.000  5.753461e+00 
 3660.000  5.767304e+00 
 3661.000  5.837735e+00 
 3662.000  5.816418e+00 
 3663.000  5.811703e+00 
 3664.000  5.604000e+00 
 3665.000  5.599972e+00 
 3666.000  5.592976e+00 
 3667.000  5.587892e+00 
 3668.000  5.501683e+00 
 3669.000  5.572194e+00 
 3670.000  5.485609e+00 
 3671.000  5.377282e+00 
 3672.000  5.465824e+00 
 3673.000  5.461282e+00 
 3674.000  5.462344e+00 
 3675.000  5.455092e+00 
 3676.000  5.449603e+00 
 3677.000  5.425216e+00 
 3678.000  5.522793e+00 
 3679.000  5.337343e+00 
 3680.000  5.526672e+00 
 3681.000  5.523652e+00 
 3682.000  5.446496e+00 
 3683.000  5.292542e+00 
 3684.000  5.590969e+00 
 3685.000  5.657889e+00 
 3686.000  5.670392e+00 
 3687.000  5.644922e+00 
 3688.000  5.658121e+00 
 3689.000  5.631779e+00 
 3690.000  5.604681e+00 
 3691.000  5.795012e+00 
 3692.000  5.785833e+00 
 3693.000  5.803063e+00 
 3694.000  5.785892e+00 
 3695.000  5.756178e+00 
 3696.000  5.749088e+00 
 3697.000  5.801334e+00 
 3698.000  5.803345e+00 
 3699.000  5.620978e+00 
 3700.000  5.648756e+00 
 3701.000  5.698346e+00 
 3702.000  5.747255e+00 
 3703.000  5.859835e+00 
 3704.000  5.860796e+00 
 3705.000  5.738718e+00 
 3706.000  5.810378e+00 
 3707.000  5.770421e+00 
 3708.000  5.810916e+00 
 3709.000  5.690102e+00 
 3710.000  5.817909e+00 
 3711.000  5.750515e+00 
 3712.000  5.701947e+00 
 3713.000  5.775922e+00 
 3714.000  5.744627e+00 
 3715.000  5.703897e+00 
 3716.000  5.751961e+00 
 3717.000  5.764186e+00 
 3718.000  5.750405e+00 
 3719.000  5.729033e+00 
 3720.000  5.751944e+00 
 3721.000  5.695211e+00 
 3722.000  5.701826e+00 
 3723.000  5.731442e+00 
 3724.000  5.726010e+00 
 3725.000  5.658118e+00 
 3726.000  5.680890e+00 
 3727.000  5.659249e+00 
 3728.000  5.662681e+00 
 3729.000  5.634146e+00 
 3730.000  5.651787e+00 
 3731.000  5.637714e+00 
 3732.000  5.611957e+00 
 3733.000  5.618953e+00 
 3734.000  5.610982e+00 
 3735.000  5.543859e+00 
 3736.000  5.505902e+00 
 3737.000  5.547165e+00 
 3738.000  5.480624e+00 
 3739.000  5.353575e+00 
 3740.000  5.271652e+00 
 3741.000  5.224305e+00 
 3742.000  5.422413e+00 
 3743.000  5.487152e+00 
 3744.000  5.475496e+00 
 3745.000  5.306686e+00 
 3746.000  5.229590e+00 
 3747.000  5.339151e+00 
 3748.000  5.475394e+00 
 3749.000  5.457754e+00 
 3750.000  5.431958e+00 
 3751.000  5.423557e+00 
 3752.000  5.465602e+00 
 3753.000  5.291169e+00 
 3754.000  5.362661e+00 
 3755.000  5.393081e+00 
 3756.000  5.420564e+00 
 3757.000  5.405594e+00 
 3758.000  5.368524e+00 
 3759.000  5.380940e+00 
 3760.000  5.391843e+00 
 3761.000  5.416447e+00 
 3762.000  5.372490e+00 
 3763.000  5.293791e+00 
 3764.000  5.386125e+00 
 3765.000  5.366260e+00 
 3766.000  5.380379e+00 
 3767.000  5.376923e+00 
 3768.000  5.350790e+00 
 3769.000  5.338711e+00 
 3770.000  5.347226e+00 
 3771.000  5.313435e+00 
 3772.000  5.344280e+00 
 3773.000  5.269422e+00 
 3774.000  5.331416e+00 
 3775.000  5.349094e+00 
 3776.000  5.249834e+00 
 3777.000  5.238528e+00 
 3778.000  5.328246e+00 
 3779.000  5.308539e+00 
 3780.000  5.290530e+00 
 3781.000  5.310273e+00 
 3782.000  5.270681e+00 
 3783.000  5.325672e+00 
 3784.000  5.311222e+00 
 3785.000  5.310871e+00 
 3786.000  5.295927e+00 
 3787.000  5.172575e+00 
 3788.000  5.297323e+00 
 3789.000  5.294073e+00 
 3790.000  5.298775e+00 
 3791.000  5.202738e+00 
 3792.000  5.264204e+00 
 3793.000  5.208266e+00 
 3794.000  5.275640e+00 
 3795.000  5.248890e+00 
 3796.000  5.304842e+00 
 3797.000  5.308244e+00 
 3798.000  5.285149e+00 
 3799.000  5.250353e+00 
 3800.000  5.191980e+00 
 3801.000  5.293192e+00 
 3802.000  5.273962e+00 
 3803.000  5.307874e+00 
 3804.000  5.287805e+00 
 3805.000  5.290775e+00 
 3806.000  5.277878e+00 
 3807.000  5.209789e+00 
 3808.000  5.242759e+00 
 3809.000  5.259159e+00 
 3810.000  5.257933e+00 
 3811.000  5.280864e+00 
 3812.000  5.293647e+00 
 3813.000  5.257601e+00 
 3814.000  5.276545e+00 
 3815.000  5.275244e+00 
 3816.000  5.225742e+00 
 3817.000  5.244700e+00 
 3818.000  5.207850e+00 
 3819.000  5.284994e+00 
 3820.000  5.287800e+00 
 3821.000  5.285329e+00 
 3822.000  5.278410e+00 
 3823.000  5.251868e+00 
 3824.000  5.257996e+00 
 3825.000  5.239281e+00 
 3826.000  5.240177e+00 
 3827.000  5.236934e+00 
 3828.000  5.219021e+00 
 3829.000  5.220069e+00 
 3830.000  5.220910e+00 
 3831.000  5.210523e+00 
 3832.000  5.163743e+00 
 3833.000  5.131824e+00 
 3834.000  5.149911e+00 
 3835.000  5.110527e+00 
 3836.000  5.070815e+00 
 3837.000  5.111779e+00 
 3838.000  5.130409e+00 
 3839.000  5.075229e+00 
 3840.000  5.070961e+00 
 3841.000  5.065686e+00 
 3842.000  5.056293e+00 
 3843.000  5.050958e+00 
 3844.000  5.045039e+00 
 3845.000  5.042665e+00 
 3846.000  5.045824e+00 
 3847.000  4.949188e+00 
 3848.000  4.947179e+00 
 3849.000  4.941982e+00 
 3850.000  4.915773e+00 
 3851.000  4.923580e+00 
 3852.000  4.923957e+00 
 3853.000  4.904747e+00 
 3854.000  4.816220e+00 
 3855.000  4.812218e+00 
 3856.000  4.807115e+00 
 3857.000  4.798024e+00 
 3858.000  4.787495e+00 
 3859.000  4.763747e+00 
 3860.000  4.751620e+00 
 3861.000  4.776752e+00 
 3862.000  4.678761e+00 
 3863.000  4.566822e+00 
 3864.000  4.635500e+00 
 3865.000  4.651638e+00 
 3866.000  4.660066e+00 
 3867.000  4.605648e+00 
 3868.000  4.632107e+00 
 3869.000  4.534599e+00 
 3870.000  4.560266e+00 
 3871.000  4.535825e+00 
 3872.000  4.476139e+00 
 3873.000  4.547678e+00 
 3874.000  4.541004e+00 
 3875.000  4.530550e+00 
 3876.000  4.522258e+00 
 3877.000  4.517878e+00 
 3878.000  4.512556e+00 
 3879.000  4.505480e+00 
 3880.000  4.502629e+00 
 3881.000  4.494635e+00 
 3882.000  4.479064e+00 
 3883.000  4.474432e+00 
 3884.000  4.506148e+00 
 3885.000  4.383440e+00 
 3886.000  4.446103e+00 
 3887.000  4.495496e+00 
 3888.000  4.495406e+00 
 3889.000  4.494439e+00 
 3890.000  4.479692e+00 
 3891.000  4.474506e+00 
 3892.000  4.526866e+00 
 3893.000  4.525566e+00 
 3894.000  4.507221e+00 
 3895.000  4.518288e+00 
 3896.000  4.497817e+00 
 3897.000  4.450796e+00 
 3898.000  4.430406e+00 
 3899.000  4.521060e+00 
 3900.000  4.489110e+00 
 3901.000  4.510318e+00 
 3902.000  4.509024e+00 
 3903.000  4.496918e+00 
 3904.000  4.501297e+00 
 3905.000  4.495745e+00 
 3906.000  4.478898e+00 
 3907.000  4.494109e+00 
 3908.000  4.482778e+00 
 3909.000  4.485071e+00 
 3910.000  4.481792e+00 
 3911.000  4.478925e+00 
 3912.000  4.476083e+00 
 3913.000  4.469455e+00 
 3914.000  4.477722e+00 
 3915.000  4.485371e+00 
 3916.000  4.473455e+00 
 3917.000  4.472111e+00 
 3918.000  4.461445e+00 
 3919.000  4.453120e+00 
 3920.000  4.466515e+00 
 3921.000  4.444869e+00 
 3922.000  4.487034e+00 
 3923.000  4.486109e+00 
 3924.000  4.481551e+00 
 3925.000  4.481508e+00 
 3926.000  4.466043e+00 
 3927.000  4.467339e+00 
 3928.000  4.474082e+00 
 3929.000  4.469429e+00 
 3930.000  4.523816e+00 
 3931.000  4.520784e+00 
 3932.000  4.497646e+00 
 3933.000  4.508841e+00 
 3934.000  4.452805e+00 
 3935.000  4.482553e+00 
 3936.000  4.502674e+00 
 3937.000  4.500119e+00 
 3938.000  4.538552e+00 
 3939.000  4.558172e+00 
 3940.000  4.554247e+00 
 3941.000  4.548035e+00 
 3942.000  4.547202e+00 
 3943.000  4.544777e+00 
 3944.000  4.506264e+00 
 3945.000  4.625505e+00 
 3946.000  4.611542e+00 
 3947.000  4.612023e+00 
 3948.000  4.588348e+00 
 3949.000  4.601844e+00 
 3950.000  4.552356e+00 
 3951.000  4.584542e+00 
 3952.000  4.453165e+00 
 3953.000  4.600376e+00 
 3954.000  4.595498e+00 
 3955.000  4.587820e+00 
 3956.000  4.545859e+00 
 3957.000  4.554521e+00 
 3958.000  4.515755e+00 
 3959.000  4.526110e+00 
 3960.000  4.574578e+00 
 3961.000  4.585568e+00 
 3962.000  4.544375e+00 
 3963.000  4.578841e+00 
 3964.000  4.556771e+00 
 3965.000  4.553261e+00 
 3966.000  4.557625e+00 
 3967.000  4.553106e+00 
 3968.000  4.561699e+00 
 3969.000  4.535354e+00 
 3970.000  4.521536e+00 
 3971.000  4.502839e+00 
 3972.000  4.525955e+00 
 3973.000  4.484324e+00 
 3974.000  4.500646e+00 
 3975.000  4.514198e+00 
 3976.000  4.511130e+00 
 3977.000  4.435266e+00 
 3978.000  4.453903e+00 
 3979.000  4.438701e+00 
 3980.000  4.443449e+00 
 3981.000  4.452846e+00 
 3982.000  4.443163e+00 
 3983.000  4.423738e+00 
 3984.000  4.421575e+00 
 3985.000  4.374267e+00 
 3986.000  4.276948e+00 
 3987.000  4.398610e+00 
 3988.000  4.402782e+00 
 3989.000  4.372522e+00 
 3990.000  4.370338e+00 
 3991.000  4.306427e+00 
 3992.000  4.358582e+00 
 3993.000  4.271667e+00 
 3994.000  4.265278e+00 
 3995.000  4.239708e+00 
 3996.000  4.168507e+00 
 3997.000  4.277504e+00 
 3998.000  4.254142e+00 
 3999.000  4.173892e+00 
 4000.000  4.215039e+00 
