  290.000  0.000000e+00 
  291.000  2.165994e-06 
  292.000  2.853008e-05 
  293.000  9.172099e-05 
  294.000  6.267455e-04 
  295.000  1.854095e-03 
  296.000  1.125292e-02 
  297.000  1.617403e-02 
  298.000  8.862104e-02 
  299.000  1.728092e-01 
  300.000  3.294574e-01 
  301.000  9.603224e-01 
  302.000  1.122923e+00 
  303.000  3.109463e+00 
  304.000  3.704115e+00 
  305.000  7.028666e+00 
  306.000  8.015265e+00 
  307.000  1.219407e+01 
  308.000  1.617278e+01 
  309.000  1.776271e+01 
  310.000  2.026050e+01 
  311.000  4.007685e+01 
  312.000  3.494363e+01 
  313.000  4.564244e+01 
  314.000  4.790575e+01 
  315.000  5.846101e+01 
  316.000  4.664219e+01 
  317.000  6.894558e+01 
  318.000  6.846892e+01 
  319.000  7.824483e+01 
  320.000  7.739904e+01 
  321.000  9.698956e+01 
  322.000  8.739925e+01 
  323.000  7.790003e+01 
  324.000  9.972237e+01 
  325.000  1.131276e+02 
  326.000  1.584807e+02 
  327.000  1.630623e+02 
  328.000  1.378079e+02 
  329.000  1.659679e+02 
  330.000  1.770480e+02 
  331.000  1.465878e+02 
  332.000  1.640299e+02 
  333.000  1.890971e+02 
  334.000  1.612298e+02 
  335.000  1.764666e+02 
  336.000  1.349677e+02 
  337.000  1.313637e+02 
  338.000  1.629556e+02 
  339.000  1.667930e+02 
  340.000  1.907832e+02 
  341.000  1.636723e+02 
  342.000  1.743913e+02 
  343.000  1.778921e+02 
  344.000  1.633403e+02 
  345.000  2.132013e+02 
  346.000  2.400573e+02 
  347.000  2.317467e+02 
  348.000  2.213690e+02 
  349.000  2.461561e+02 
  350.000  2.551449e+02 
  351.000  2.455916e+02 
  352.000  2.550990e+02 
  353.000  2.358182e+02 
  354.000  2.758174e+02 
  355.000  2.831476e+02 
  356.000  2.711373e+02 
  357.000  1.754870e+02 
  358.000  1.930414e+02 
  359.000  1.965782e+02 
  360.000  2.951263e+02 
  361.000  2.368033e+02 
  362.000  2.628815e+02 
  363.000  2.829038e+02 
  364.000  2.856291e+02 
  365.000  2.704825e+02 
  366.000  3.753939e+02 
  367.000  3.395923e+02 
  368.000  3.237117e+02 
  369.000  3.146899e+02 
  370.000  3.657222e+02 
  371.000  2.951024e+02 
  372.000  3.137853e+02 
  373.000  3.157988e+02 
  374.000  2.469210e+02 
  375.000  2.282804e+02 
  376.000  3.294921e+02 
  377.000  3.400456e+02 
  378.000  4.434007e+02 
  379.000  3.440470e+02 
  380.000  3.247259e+02 
  381.000  3.672744e+02 
  382.000  2.764214e+02 
  383.000  1.939597e+02 
  384.000  2.147803e+02 
  385.000  3.250727e+02 
  386.000  2.536973e+02 
  387.000  2.926775e+02 
  388.000  2.912595e+02 
  389.000  3.333108e+02 
  390.000  4.057646e+02 
  391.000  4.556942e+02 
  392.000  4.064823e+02 
  393.000  2.187050e+02 
  394.000  2.428649e+02 
  395.000  4.090648e+02 
  396.000  4.224297e+02 
  397.000  1.724770e+02 
  398.000  4.840678e+02 
  399.000  5.821788e+02 
  400.000  5.736517e+02 
  401.000  5.714015e+02 
  402.000  6.068315e+02 
  403.000  5.695063e+02 
  404.000  6.132058e+02 
  405.000  5.634244e+02 
  406.000  5.602182e+02 
  407.000  5.466155e+02 
  408.000  5.932294e+02 
  409.000  6.577725e+02 
  410.000  5.508574e+02 
  411.000  6.479304e+02 
  412.000  6.724344e+02 
  413.000  6.362032e+02 
  414.000  6.253453e+02 
  415.000  6.679374e+02 
  416.000  6.648270e+02 
  417.000  6.455087e+02 
  418.000  6.323306e+02 
  419.000  6.487123e+02 
  420.000  5.498126e+02 
  421.000  6.897520e+02 
  422.000  6.617656e+02 
  423.000  5.595994e+02 
  424.000  6.162850e+02 
  425.000  6.390508e+02 
  426.000  6.150352e+02 
  427.000  5.922874e+02 
  428.000  6.004299e+02 
  429.000  5.468679e+02 
  430.000  4.368737e+02 
  431.000  3.932156e+02 
  432.000  7.085519e+02 
  433.000  6.313793e+02 
  434.000  6.007241e+02 
  435.000  6.542444e+02 
  436.000  7.261942e+02 
  437.000  7.339343e+02 
  438.000  6.580997e+02 
  439.000  6.374464e+02 
  440.000  7.151359e+02 
  441.000  7.134934e+02 
  442.000  7.521573e+02 
  443.000  7.578904e+02 
  444.000  7.536602e+02 
  445.000  7.934854e+02 
  446.000  7.069531e+02 
  447.000  8.070116e+02 
  448.000  8.211707e+02 
  449.000  8.274762e+02 
  450.000  8.462377e+02 
  451.000  9.153065e+02 
  452.000  8.515851e+02 
  453.000  7.911367e+02 
  454.000  8.441382e+02 
  455.000  8.507012e+02 
  456.000  8.719752e+02 
  457.000  8.775165e+02 
  458.000  8.627217e+02 
  459.000  8.632446e+02 
  460.000  8.563467e+02 
  461.000  8.880245e+02 
  462.000  8.741724e+02 
  463.000  8.749947e+02 
  464.000  8.784814e+02 
  465.000  8.662367e+02 
  466.000  8.942604e+02 
  467.000  8.632451e+02 
  468.000  9.143668e+02 
  469.000  9.067982e+02 
  470.000  8.947255e+02 
  471.000  8.935005e+02 
  472.000  9.047787e+02 
  473.000  8.952370e+02 
  474.000  9.027166e+02 
  475.000  9.394238e+02 
  476.000  9.106978e+02 
  477.000  9.025009e+02 
  478.000  9.473849e+02 
  479.000  9.046660e+02 
  480.000  9.227706e+02 
  481.000  9.174103e+02 
  482.000  9.368779e+02 
  483.000  9.381190e+02 
  484.000  9.022841e+02 
  485.000  9.091749e+02 
  486.000  7.373746e+02 
  487.000  8.290446e+02 
  488.000  9.004609e+02 
  489.000  8.373282e+02 
  490.000  9.535634e+02 
  491.000  8.925784e+02 
  492.000  8.580049e+02 
  493.000  9.243580e+02 
  494.000  8.932490e+02 
  495.000  9.551660e+02 
  496.000  9.304993e+02 
  497.000  9.028604e+02 
  498.000  8.817503e+02 
  499.000  8.798396e+02 
  500.000  8.761796e+02 
  501.000  8.567415e+02 
  502.000  8.513282e+02 
  503.000  9.022875e+02 
  504.000  8.396777e+02 
  505.000  9.058718e+02 
  506.000  9.700197e+02 
  507.000  9.027621e+02 
  508.000  8.659761e+02 
  509.000  9.340444e+02 
  510.000  9.052507e+02 
  511.000  9.057083e+02 
  512.000  9.507819e+02 
  513.000  8.703517e+02 
  514.000  8.522497e+02 
  515.000  8.702211e+02 
  516.000  9.142185e+02 
  517.000  6.735084e+02 
  518.000  8.339208e+02 
  519.000  7.901347e+02 
  520.000  8.699936e+02 
  521.000  8.705461e+02 
  522.000  9.051486e+02 
  523.000  8.432461e+02 
  524.000  9.149359e+02 
  525.000  9.076629e+02 
  526.000  8.650510e+02 
  527.000  7.556901e+02 
  528.000  9.076063e+02 
  529.000  9.333940e+02 
  530.000  8.819927e+02 
  531.000  9.600642e+02 
  532.000  9.159191e+02 
  533.000  8.045300e+02 
  534.000  8.749354e+02 
  535.000  8.927520e+02 
  536.000  9.473712e+02 
  537.000  8.789976e+02 
  538.000  9.201980e+02 
  539.000  9.172345e+02 
  540.000  8.977103e+02 
  541.000  8.232585e+02 
  542.000  9.184332e+02 
  543.000  8.786068e+02 
  544.000  9.268073e+02 
  545.000  9.131027e+02 
  546.000  8.928964e+02 
  547.000  9.309366e+02 
  548.000  8.638654e+02 
  549.000  9.092634e+02 
  550.000  8.895047e+02 
  551.000  8.842598e+02 
  552.000  9.227214e+02 
  553.000  8.869016e+02 
  554.000  9.162211e+02 
  555.000  9.191471e+02 
  556.000  8.941486e+02 
  557.000  8.679278e+02 
  558.000  9.012188e+02 
  559.000  8.521468e+02 
  560.000  8.561725e+02 
  561.000  9.412621e+02 
  562.000  8.641144e+02 
  563.000  9.042971e+02 
  564.000  8.917594e+02 
  565.000  9.024171e+02 
  566.000  8.321976e+02 
  567.000  8.923140e+02 
  568.000  8.883580e+02 
  569.000  8.663756e+02 
  570.000  8.718009e+02 
  571.000  8.440626e+02 
  572.000  8.892798e+02 
  573.000  8.997290e+02 
  574.000  8.952533e+02 
  575.000  8.733956e+02 
  576.000  8.578827e+02 
  577.000  8.947915e+02 
  578.000  8.703591e+02 
  579.000  8.653307e+02 
  580.000  8.968187e+02 
  581.000  8.828156e+02 
  582.000  8.976458e+02 
  583.000  9.050314e+02 
  584.000  9.032119e+02 
  585.000  8.980402e+02 
  586.000  8.602888e+02 
  587.000  8.932347e+02 
  588.000  8.782859e+02 
  589.000  7.701007e+02 
  590.000  8.039340e+02 
  591.000  8.614604e+02 
  592.000  8.419064e+02 
  593.000  8.587377e+02 
  594.000  8.653767e+02 
  595.000  8.439730e+02 
  596.000  8.728623e+02 
  597.000  8.741725e+02 
  598.000  8.596380e+02 
  599.000  8.614145e+02 
  600.000  8.646032e+02 
  601.000  8.616591e+02 
  602.000  8.530992e+02 
  603.000  8.593439e+02 
  604.000  8.876738e+02 
  605.000  8.863295e+02 
  606.000  8.767166e+02 
  607.000  8.724409e+02 
  608.000  8.698658e+02 
  609.000  8.615340e+02 
  610.000  8.483178e+02 
  611.000  8.626815e+02 
  612.000  8.520289e+02 
  613.000  8.401390e+02 
  614.000  8.103303e+02 
  615.000  8.496867e+02 
  616.000  8.083881e+02 
  617.000  8.134324e+02 
  618.000  8.522453e+02 
  619.000  8.448251e+02 
  620.000  8.576783e+02 
  621.000  8.727643e+02 
  622.000  8.269849e+02 
  623.000  8.336429e+02 
  624.000  8.347449e+02 
  625.000  8.122878e+02 
  626.000  8.162108e+02 
  627.000  8.277430e+02 
  628.000  8.074429e+02 
  629.000  8.335475e+02 
  630.000  8.081446e+02 
  631.000  8.399779e+02 
  632.000  7.816758e+02 
  633.000  8.422878e+02 
  634.000  8.187249e+02 
  635.000  8.345427e+02 
  636.000  8.062464e+02 
  637.000  8.339591e+02 
  638.000  8.488281e+02 
  639.000  8.425817e+02 
  640.000  8.173529e+02 
  641.000  8.297623e+02 
  642.000  8.208369e+02 
  643.000  8.350026e+02 
  644.000  8.259532e+02 
  645.000  8.326416e+02 
  646.000  7.964650e+02 
  647.000  8.043208e+02 
  648.000  7.993784e+02 
  649.000  8.190964e+02 
  650.000  7.654856e+02 
  651.000  8.249498e+02 
  652.000  8.037288e+02 
  653.000  8.269689e+02 
  654.000  8.158060e+02 
  655.000  7.923217e+02 
  656.000  6.736798e+02 
  657.000  7.204699e+02 
  658.000  8.050372e+02 
  659.000  8.085875e+02 
  660.000  8.158448e+02 
  661.000  8.212789e+02 
  662.000  8.340987e+02 
  663.000  8.250971e+02 
  664.000  8.125455e+02 
  665.000  8.167026e+02 
  666.000  8.271343e+02 
  667.000  8.113243e+02 
  668.000  8.166104e+02 
  669.000  8.288504e+02 
  670.000  8.193853e+02 
  671.000  8.111768e+02 
  672.000  8.089623e+02 
  673.000  8.151796e+02 
  674.000  8.171797e+02 
  675.000  8.051069e+02 
  676.000  8.207026e+02 
  677.000  8.047565e+02 
  678.000  8.184503e+02 
  679.000  8.071958e+02 
  680.000  8.010305e+02 
  681.000  8.019927e+02 
  682.000  8.004871e+02 
  683.000  8.060474e+02 
  684.000  7.913792e+02 
  685.000  8.008596e+02 
  686.000  7.646855e+02 
  687.000  6.679844e+02 
  688.000  6.994191e+02 
  689.000  6.922830e+02 
  690.000  7.118895e+02 
  691.000  7.352461e+02 
  692.000  7.415188e+02 
  693.000  7.360920e+02 
  694.000  7.316760e+02 
  695.000  7.284946e+02 
  696.000  7.427461e+02 
  697.000  7.691374e+02 
  698.000  7.497727e+02 
  699.000  7.412274e+02 
  700.000  7.363170e+02 
  701.000  7.150084e+02 
  702.000  7.151581e+02 
  703.000  7.436937e+02 
  704.000  7.467349e+02 
  705.000  7.448785e+02 
  706.000  7.385554e+02 
  707.000  7.301898e+02 
  708.000  7.544569e+02 
  709.000  7.335685e+02 
  710.000  7.442376e+02 
  711.000  7.432341e+02 
  712.000  7.383705e+02 
  713.000  7.309587e+02 
  714.000  7.419124e+02 
  715.000  7.089766e+02 
  716.000  7.199371e+02 
  717.000  6.528393e+02 
  718.000  6.196752e+02 
  719.000  6.019973e+02 
  720.000  5.905235e+02 
  721.000  6.595409e+02 
  722.000  6.944177e+02 
  723.000  6.784661e+02 
  724.000  6.415922e+02 
  725.000  6.405043e+02 
  726.000  6.374839e+02 
  727.000  6.527220e+02 
  728.000  6.353514e+02 
  729.000  6.249289e+02 
  730.000  6.453855e+02 
  731.000  6.316058e+02 
  732.000  6.695338e+02 
  733.000  6.839898e+02 
  734.000  7.102183e+02 
  735.000  7.003667e+02 
  736.000  6.797273e+02 
  737.000  6.945772e+02 
  738.000  7.007477e+02 
  739.000  6.814413e+02 
  740.000  6.953734e+02 
  741.000  6.941440e+02 
  742.000  6.845125e+02 
  743.000  7.086522e+02 
  744.000  7.170128e+02 
  745.000  6.997407e+02 
  746.000  7.105140e+02 
  747.000  7.218935e+02 
  748.000  7.095275e+02 
  749.000  7.102167e+02 
  750.000  6.995056e+02 
  751.000  6.979010e+02 
  752.000  7.095182e+02 
  753.000  7.031875e+02 
  754.000  7.144935e+02 
  755.000  7.105875e+02 
  756.000  6.968750e+02 
  757.000  7.021146e+02 
  758.000  7.002104e+02 
  759.000  6.291206e+02 
  760.000  2.304376e+02 
  761.000  1.978528e+02 
  762.000  4.034194e+02 
  763.000  3.441829e+02 
  764.000  3.798125e+02 
  765.000  4.624448e+02 
  766.000  5.348213e+02 
  767.000  5.908705e+02 
  768.000  6.467726e+02 
  769.000  6.656328e+02 
  770.000  6.726302e+02 
  771.000  6.780804e+02 
  772.000  6.766754e+02 
  773.000  6.744673e+02 
  774.000  6.822655e+02 
  775.000  6.570319e+02 
  776.000  6.844042e+02 
  777.000  6.797815e+02 
  778.000  6.761826e+02 
  779.000  6.784257e+02 
  780.000  6.700729e+02 
  781.000  6.693290e+02 
  782.000  6.774284e+02 
  783.000  6.616385e+02 
  784.000  6.651476e+02 
  785.000  6.658517e+02 
  786.000  6.525856e+02 
  787.000  6.582377e+02 
  788.000  6.462195e+02 
  789.000  6.420320e+02 
  790.000  6.348856e+02 
  791.000  6.331906e+02 
  792.000  6.246150e+02 
  793.000  6.272817e+02 
  794.000  6.275646e+02 
  795.000  6.201558e+02 
  796.000  6.196613e+02 
  797.000  6.268248e+02 
  798.000  6.342965e+02 
  799.000  6.322397e+02 
  800.000  6.108389e+02 
  801.000  6.228537e+02 
  802.000  6.211937e+02 
  803.000  6.130928e+02 
  804.000  6.211039e+02 
  805.000  6.086465e+02 
  806.000  6.279282e+02 
  807.000  6.243574e+02 
  808.000  6.190370e+02 
  809.000  6.067137e+02 
  810.000  6.019268e+02 
  811.000  6.071823e+02 
  812.000  5.991154e+02 
  813.000  5.891585e+02 
  814.000  5.784321e+02 
  815.000  5.598517e+02 
  816.000  5.390248e+02 
  817.000  5.431800e+02 
  818.000  5.411873e+02 
  819.000  5.318046e+02 
  820.000  5.386185e+02 
  821.000  5.767682e+02 
  822.000  5.455907e+02 
  823.000  5.107278e+02 
  824.000  5.546673e+02 
  825.000  5.770039e+02 
  826.000  5.767615e+02 
  827.000  5.719863e+02 
  828.000  5.556380e+02 
  829.000  5.608541e+02 
  830.000  5.580274e+02 
  831.000  5.496594e+02 
  832.000  5.615826e+02 
  833.000  5.475011e+02 
  834.000  5.595956e+02 
  835.000  5.682120e+02 
  836.000  5.724767e+02 
  837.000  5.675347e+02 
  838.000  5.731954e+02 
  839.000  5.574080e+02 
  840.000  5.731307e+02 
  841.000  5.724799e+02 
  842.000  5.708911e+02 
  843.000  5.715182e+02 
  844.000  5.640662e+02 
  845.000  5.735919e+02 
  846.000  5.796866e+02 
  847.000  5.606057e+02 
  848.000  5.756279e+02 
  849.000  5.769274e+02 
  850.000  4.981480e+02 
  851.000  5.697833e+02 
  852.000  5.483002e+02 
  853.000  5.561685e+02 
  854.000  4.471039e+02 
  855.000  4.928597e+02 
  856.000  5.605842e+02 
  857.000  5.701420e+02 
  858.000  5.613753e+02 
  859.000  5.619392e+02 
  860.000  5.572451e+02 
  861.000  5.572692e+02 
  862.000  5.556727e+02 
  863.000  5.663591e+02 
  864.000  5.653986e+02 
  865.000  5.550089e+02 
  866.000  4.655988e+02 
  867.000  4.958250e+02 
  868.000  5.377885e+02 
  869.000  5.303146e+02 
  870.000  5.521982e+02 
  871.000  5.514871e+02 
  872.000  5.493923e+02 
  873.000  5.515438e+02 
  874.000  5.394437e+02 
  875.000  5.345052e+02 
  876.000  5.388369e+02 
  877.000  5.495692e+02 
  878.000  5.398717e+02 
  879.000  5.411255e+02 
  880.000  5.377700e+02 
  881.000  5.096771e+02 
  882.000  5.377596e+02 
  883.000  5.256161e+02 
  884.000  5.301766e+02 
  885.000  5.351042e+02 
  886.000  5.169869e+02 
  887.000  5.122228e+02 
  888.000  5.275497e+02 
  889.000  5.313221e+02 
  890.000  5.291025e+02 
  891.000  5.252806e+02 
  892.000  5.206201e+02 
  893.000  4.915950e+02 
  894.000  5.030263e+02 
  895.000  4.626556e+02 
  896.000  4.637175e+02 
  897.000  4.354034e+02 
  898.000  4.279330e+02 
  899.000  4.047297e+02 
  900.000  3.977846e+02 
  901.000  3.836714e+02 
  902.000  3.776752e+02 
  903.000  4.359944e+02 
  904.000  4.659781e+02 
  905.000  4.639189e+02 
  906.000  4.371187e+02 
  907.000  4.186855e+02 
  908.000  3.909812e+02 
  909.000  3.849830e+02 
  910.000  3.920295e+02 
  911.000  4.017461e+02 
  912.000  3.973857e+02 
  913.000  3.836584e+02 
  914.000  3.925016e+02 
  915.000  3.943889e+02 
  916.000  4.016920e+02 
  917.000  4.002477e+02 
  918.000  4.044464e+02 
  919.000  4.313098e+02 
  920.000  4.435082e+02 
  921.000  4.303417e+02 
  922.000  4.262121e+02 
  923.000  4.041374e+02 
  924.000  4.107079e+02 
  925.000  4.152509e+02 
  926.000  4.000114e+02 
  927.000  4.023800e+02 
  928.000  3.857083e+02 
  929.000  3.534180e+02 
  930.000  3.191909e+02 
  931.000  2.829034e+02 
  932.000  2.346073e+02 
  933.000  2.029865e+02 
  934.000  1.698798e+02 
  935.000  1.640577e+02 
  936.000  1.746257e+02 
  937.000  1.755765e+02 
  938.000  2.088220e+02 
  939.000  3.085775e+02 
  940.000  3.223240e+02 
  941.000  3.023003e+02 
  942.000  2.610575e+02 
  943.000  2.248546e+02 
  944.000  2.152761e+02 
  945.000  2.346208e+02 
  946.000  2.388949e+02 
  947.000  2.535561e+02 
  948.000  2.646723e+02 
  949.000  2.643897e+02 
  950.000  2.651445e+02 
  951.000  2.850576e+02 
  952.000  2.623253e+02 
  953.000  2.776884e+02 
  954.000  2.923503e+02 
  955.000  2.602100e+02 
  956.000  2.747355e+02 
  957.000  3.185458e+02 
  958.000  3.269886e+02 
  959.000  3.208862e+02 
  960.000  3.158137e+02 
  961.000  3.088472e+02 
  962.000  3.138151e+02 
  963.000  3.377075e+02 
  964.000  3.374307e+02 
  965.000  3.392754e+02 
  966.000  3.308530e+02 
  967.000  3.585345e+02 
  968.000  3.844335e+02 
  969.000  4.005407e+02 
  970.000  4.024183e+02 
  971.000  3.985357e+02 
  972.000  3.974463e+02 
  973.000  3.848787e+02 
  974.000  3.683644e+02 
  975.000  3.633911e+02 
  976.000  3.762616e+02 
  977.000  3.804164e+02 
  978.000  3.887092e+02 
  979.000  3.810127e+02 
  980.000  4.005841e+02 
  981.000  4.065804e+02 
  982.000  4.025447e+02 
  983.000  4.088410e+02 
  984.000  4.136772e+02 
  985.000  4.178025e+02 
  986.000  4.199250e+02 
  987.000  4.271429e+02 
  988.000  4.224383e+02 
  989.000  4.174309e+02 
  990.000  4.215734e+02 
  991.000  4.270688e+02 
  992.000  4.237085e+02 
  993.000  4.239179e+02 
  994.000  4.277852e+02 
  995.000  4.258841e+02 
  996.000  4.257939e+02 
  997.000  4.254412e+02 
  998.000  4.229882e+02 
  999.000  4.217425e+02 
 1000.000  4.185173e+02 
 1001.000  4.191280e+02 
 1002.000  4.156137e+02 
 1003.000  4.114620e+02 
 1004.000  4.096850e+02 
 1005.000  3.833666e+02 
 1006.000  4.037319e+02 
 1007.000  4.105545e+02 
 1008.000  4.099717e+02 
 1009.000  4.043921e+02 
 1010.000  4.072974e+02 
 1011.000  4.083798e+02 
 1012.000  4.097784e+02 
 1013.000  4.077687e+02 
 1014.000  4.108037e+02 
 1015.000  4.031633e+02 
 1016.000  4.061935e+02 
 1017.000  4.024472e+02 
 1018.000  4.071543e+02 
 1019.000  3.969619e+02 
 1020.000  3.964910e+02 
 1021.000  4.010520e+02 
 1022.000  3.939450e+02 
 1023.000  4.004784e+02 
 1024.000  3.978239e+02 
 1025.000  3.995647e+02 
 1026.000  4.007294e+02 
 1027.000  3.981053e+02 
 1028.000  3.992088e+02 
 1029.000  3.938943e+02 
 1030.000  3.985721e+02 
 1031.000  3.976643e+02 
 1032.000  3.965501e+02 
 1033.000  3.893501e+02 
 1034.000  3.936026e+02 
 1035.000  3.895249e+02 
 1036.000  3.945527e+02 
 1037.000  3.862691e+02 
 1038.000  3.901362e+02 
 1039.000  3.916546e+02 
 1040.000  3.869575e+02 
 1041.000  3.889500e+02 
 1042.000  3.900800e+02 
 1043.000  3.833446e+02 
 1044.000  3.870973e+02 
 1045.000  3.853040e+02 
 1046.000  3.739968e+02 
 1047.000  3.807487e+02 
 1048.000  3.844056e+02 
 1049.000  3.818202e+02 
 1050.000  3.793781e+02 
 1051.000  3.792145e+02 
 1052.000  3.772936e+02 
 1053.000  3.773992e+02 
 1054.000  3.732935e+02 
 1055.000  3.758420e+02 
 1056.000  3.746513e+02 
 1057.000  3.735733e+02 
 1058.000  3.688908e+02 
 1059.000  3.573089e+02 
 1060.000  3.705157e+02 
 1061.000  3.574272e+02 
 1062.000  3.668778e+02 
 1063.000  3.604759e+02 
 1064.000  3.647825e+02 
 1065.000  3.637774e+02 
 1066.000  3.526456e+02 
 1067.000  3.607889e+02 
 1068.000  3.584251e+02 
 1069.000  3.309601e+02 
 1070.000  3.508140e+02 
 1071.000  3.507863e+02 
 1072.000  3.512054e+02 
 1073.000  3.395578e+02 
 1074.000  3.516375e+02 
 1075.000  3.418472e+02 
 1076.000  3.486822e+02 
 1077.000  3.470424e+02 
 1078.000  3.470016e+02 
 1079.000  3.334446e+02 
 1080.000  3.404052e+02 
 1081.000  3.277888e+02 
 1082.000  3.332742e+02 
 1083.000  3.228151e+02 
 1084.000  3.334305e+02 
 1085.000  3.249601e+02 
 1086.000  3.302001e+02 
 1087.000  3.142758e+02 
 1088.000  3.335753e+02 
 1089.000  3.154467e+02 
 1090.000  3.212724e+02 
 1091.000  3.244305e+02 
 1092.000  3.141937e+02 
 1093.000  3.042390e+02 
 1094.000  2.744527e+02 
 1095.000  2.974946e+02 
 1096.000  2.966565e+02 
 1097.000  2.914628e+02 
 1098.000  2.722218e+02 
 1099.000  2.588062e+02 
 1100.000  2.641690e+02 
 1101.000  2.655947e+02 
 1102.000  2.536212e+02 
 1103.000  2.649543e+02 
 1104.000  2.606079e+02 
 1105.000  2.541541e+02 
 1106.000  2.459902e+02 
 1107.000  2.471200e+02 
 1108.000  2.473264e+02 
 1109.000  2.534995e+02 
 1110.000  2.539470e+02 
 1111.000  2.477006e+02 
 1112.000  2.319121e+02 
 1113.000  2.127514e+02 
 1114.000  2.098014e+02 
 1115.000  1.857452e+02 
 1116.000  1.703390e+02 
 1117.000  1.430032e+02 
 1118.000  1.163396e+02 
 1119.000  1.004133e+02 
 1120.000  8.570452e+01 
 1121.000  8.296481e+01 
 1122.000  6.822825e+01 
 1123.000  7.607708e+01 
 1124.000  8.145587e+01 
 1125.000  7.701392e+01 
 1126.000  7.450379e+01 
 1127.000  7.833109e+01 
 1128.000  7.938048e+01 
 1129.000  9.448341e+01 
 1130.000  1.309221e+02 
 1131.000  1.435236e+02 
 1132.000  1.284659e+02 
 1133.000  9.934386e+01 
 1134.000  5.656977e+01 
 1135.000  6.030528e+01 
 1136.000  1.037879e+02 
 1137.000  1.319097e+02 
 1138.000  1.539338e+02 
 1139.000  1.663251e+02 
 1140.000  1.614621e+02 
 1141.000  1.466293e+02 
 1142.000  1.468597e+02 
 1143.000  1.329012e+02 
 1144.000  1.196950e+02 
 1145.000  1.031107e+02 
 1146.000  1.082501e+02 
 1147.000  1.225945e+02 
 1148.000  1.339976e+02 
 1149.000  1.396759e+02 
 1150.000  1.395632e+02 
 1151.000  1.471640e+02 
 1152.000  1.508477e+02 
 1153.000  1.563892e+02 
 1154.000  1.557310e+02 
 1155.000  1.678602e+02 
 1156.000  1.780274e+02 
 1157.000  2.058644e+02 
 1158.000  2.171366e+02 
 1159.000  2.237122e+02 
 1160.000  2.248536e+02 
 1161.000  2.297597e+02 
 1162.000  2.455808e+02 
 1163.000  2.557650e+02 
 1164.000  2.526526e+02 
 1165.000  2.583481e+02 
 1166.000  2.535792e+02 
 1167.000  2.589186e+02 
 1168.000  2.607334e+02 
 1169.000  2.529921e+02 
 1170.000  2.610088e+02 
 1171.000  2.654475e+02 
 1172.000  2.627200e+02 
 1173.000  2.590731e+02 
 1174.000  2.593144e+02 
 1175.000  2.612288e+02 
 1176.000  2.593893e+02 
 1177.000  2.652281e+02 
 1178.000  2.563895e+02 
 1179.000  2.552710e+02 
 1180.000  2.572455e+02 
 1181.000  2.519115e+02 
 1182.000  2.482436e+02 
 1183.000  2.342389e+02 
 1184.000  2.471129e+02 
 1185.000  2.560375e+02 
 1186.000  2.528484e+02 
 1187.000  2.472370e+02 
 1188.000  2.446859e+02 
 1189.000  2.337323e+02 
 1190.000  2.541521e+02 
 1191.000  2.608374e+02 
 1192.000  2.633030e+02 
 1193.000  2.625742e+02 
 1194.000  2.615032e+02 
 1195.000  2.548048e+02 
 1196.000  2.551638e+02 
 1197.000  2.532784e+02 
 1198.000  2.443631e+02 
 1199.000  2.331681e+02 
 1200.000  2.492020e+02 
 1201.000  2.514068e+02 
 1202.000  2.520089e+02 
 1203.000  2.384487e+02 
 1204.000  2.430779e+02 
 1205.000  2.548918e+02 
 1206.000  2.562550e+02 
 1207.000  2.591871e+02 
 1208.000  2.546080e+02 
 1209.000  2.373794e+02 
 1210.000  2.516898e+02 
 1211.000  2.429797e+02 
 1212.000  2.512544e+02 
 1213.000  2.547301e+02 
 1214.000  2.532216e+02 
 1215.000  2.549584e+02 
 1216.000  2.576362e+02 
 1217.000  2.599803e+02 
 1218.000  2.601825e+02 
 1219.000  2.582924e+02 
 1220.000  2.601484e+02 
 1221.000  2.600592e+02 
 1222.000  2.588407e+02 
 1223.000  2.578982e+02 
 1224.000  2.617798e+02 
 1225.000  2.607468e+02 
 1226.000  2.622233e+02 
 1227.000  2.542255e+02 
 1228.000  2.632685e+02 
 1229.000  2.637999e+02 
 1230.000  2.638072e+02 
 1231.000  2.642999e+02 
 1232.000  2.614843e+02 
 1233.000  2.636641e+02 
 1234.000  2.639940e+02 
 1235.000  2.624675e+02 
 1236.000  2.642644e+02 
 1237.000  2.645925e+02 
 1238.000  2.645472e+02 
 1239.000  2.615440e+02 
 1240.000  2.603329e+02 
 1241.000  2.624707e+02 
 1242.000  2.607354e+02 
 1243.000  2.576637e+02 
 1244.000  2.549911e+02 
 1245.000  2.591169e+02 
 1246.000  2.568585e+02 
 1247.000  2.551872e+02 
 1248.000  2.568773e+02 
 1249.000  2.557278e+02 
 1250.000  2.543699e+02 
 1251.000  2.522572e+02 
 1252.000  2.509769e+02 
 1253.000  2.483725e+02 
 1254.000  2.480104e+02 
 1255.000  2.468324e+02 
 1256.000  2.456204e+02 
 1257.000  2.419482e+02 
 1258.000  2.409357e+02 
 1259.000  2.366463e+02 
 1260.000  2.351223e+02 
 1261.000  2.326667e+02 
 1262.000  2.237956e+02 
 1263.000  2.249796e+02 
 1264.000  2.204711e+02 
 1265.000  2.204705e+02 
 1266.000  2.202629e+02 
 1267.000  2.143388e+02 
 1268.000  2.102533e+02 
 1269.000  2.113499e+02 
 1270.000  2.187155e+02 
 1271.000  2.222547e+02 
 1272.000  2.235343e+02 
 1273.000  2.251441e+02 
 1274.000  2.260034e+02 
 1275.000  2.284521e+02 
 1276.000  2.295339e+02 
 1277.000  2.298176e+02 
 1278.000  2.296326e+02 
 1279.000  2.285951e+02 
 1280.000  2.285129e+02 
 1281.000  2.231985e+02 
 1282.000  1.991825e+02 
 1283.000  2.192620e+02 
 1284.000  2.284851e+02 
 1285.000  2.305778e+02 
 1286.000  2.300343e+02 
 1287.000  2.304480e+02 
 1288.000  2.251261e+02 
 1289.000  2.253028e+02 
 1290.000  2.200177e+02 
 1291.000  2.237286e+02 
 1292.000  2.264223e+02 
 1293.000  2.268192e+02 
 1294.000  2.215450e+02 
 1295.000  2.211971e+02 
 1296.000  2.184772e+02 
 1297.000  2.147867e+02 
 1298.000  2.126700e+02 
 1299.000  2.146460e+02 
 1300.000  2.134227e+02 
 1301.000  2.125132e+02 
 1302.000  2.081447e+02 
 1303.000  2.020997e+02 
 1304.000  2.003699e+02 
 1305.000  2.007751e+02 
 1306.000  2.002418e+02 
 1307.000  1.984384e+02 
 1308.000  1.952145e+02 
 1309.000  1.908400e+02 
 1310.000  1.895715e+02 
 1311.000  1.890469e+02 
 1312.000  1.834617e+02 
 1313.000  1.706612e+02 
 1314.000  1.716863e+02 
 1315.000  1.681500e+02 
 1316.000  1.756288e+02 
 1317.000  1.773070e+02 
 1318.000  1.691272e+02 
 1319.000  1.633055e+02 
 1320.000  1.530497e+02 
 1321.000  1.489485e+02 
 1322.000  1.543613e+02 
 1323.000  1.611183e+02 
 1324.000  1.645228e+02 
 1325.000  1.622291e+02 
 1326.000  1.554129e+02 
 1327.000  1.413882e+02 
 1328.000  1.281322e+02 
 1329.000  1.005707e+02 
 1330.000  9.394209e+01 
 1331.000  8.907001e+01 
 1332.000  8.885417e+01 
 1333.000  9.595358e+01 
 1334.000  1.028183e+02 
 1335.000  1.078396e+02 
 1336.000  1.085962e+02 
 1337.000  1.101741e+02 
 1338.000  1.136245e+02 
 1339.000  1.144322e+02 
 1340.000  1.166400e+02 
 1341.000  1.175179e+02 
 1342.000  1.176782e+02 
 1343.000  1.076670e+02 
 1344.000  9.528541e+01 
 1345.000  6.651548e+01 
 1346.000  4.840878e+01 
 1347.000  3.868752e+01 
 1348.000  2.616684e+01 
 1349.000  2.206988e+01 
 1350.000  1.318658e+01 
 1351.000  1.009753e+01 
 1352.000  5.666483e+00 
 1353.000  2.921587e+00 
 1354.000  1.848374e+00 
 1355.000  1.113925e+00 
 1356.000  6.284837e-01 
 1357.000  2.813468e-01 
 1358.000  1.606499e-01 
 1359.000  4.545028e-02 
 1360.000  2.176565e-02 
 1361.000  1.166683e-02 
 1362.000  1.007491e-02 
 1363.000  1.898223e-02 
 1364.000  2.458862e-02 
 1365.000  2.594114e-02 
 1366.000  3.349464e-02 
 1367.000  2.571123e-02 
 1368.000  2.231658e-02 
 1369.000  2.376617e-02 
 1370.000  6.410971e-02 
 1371.000  1.829893e-01 
 1372.000  5.866292e-01 
 1373.000  1.110278e+00 
 1374.000  1.602291e+00 
 1375.000  1.828053e+00 
 1376.000  1.604711e+00 
 1377.000  1.283348e+00 
 1378.000  7.750359e-01 
 1379.000  3.877170e-01 
 1380.000  1.364518e-01 
 1381.000  5.031315e-02 
 1382.000  2.598891e-02 
 1383.000  2.394194e-02 
 1384.000  5.815369e-02 
 1385.000  1.110156e-01 
 1386.000  2.419908e-01 
 1387.000  7.707234e-01 
 1388.000  1.278553e+00 
 1389.000  1.692000e+00 
 1390.000  1.785911e+00 
 1391.000  1.579857e+00 
 1392.000  9.528605e-01 
 1393.000  5.946166e-01 
 1394.000  3.696012e-01 
 1395.000  4.619445e-01 
 1396.000  8.167846e-01 
 1397.000  1.318397e+00 
 1398.000  1.392081e+00 
 1399.000  1.263074e+00 
 1400.000  1.144024e+00 
 1401.000  1.326561e+00 
 1402.000  1.937805e+00 
 1403.000  2.646257e+00 
 1404.000  2.377523e+00 
 1405.000  2.718339e+00 
 1406.000  2.366043e+00 
 1407.000  2.673317e+00 
 1408.000  3.734152e+00 
 1409.000  5.189379e+00 
 1410.000  7.556963e+00 
 1411.000  1.080018e+01 
 1412.000  1.048363e+01 
 1413.000  1.290195e+01 
 1414.000  1.242963e+01 
 1415.000  1.557491e+01 
 1416.000  1.782940e+01 
 1417.000  1.912518e+01 
 1418.000  1.943863e+01 
 1419.000  2.001917e+01 
 1420.000  2.095248e+01 
 1421.000  2.617396e+01 
 1422.000  2.787926e+01 
 1423.000  2.896314e+01 
 1424.000  2.876158e+01 
 1425.000  2.795225e+01 
 1426.000  2.706336e+01 
 1427.000  2.988532e+01 
 1428.000  3.247668e+01 
 1429.000  3.414080e+01 
 1430.000  3.323365e+01 
 1431.000  2.922967e+01 
 1432.000  2.760485e+01 
 1433.000  2.746749e+01 
 1434.000  2.560270e+01 
 1435.000  2.892535e+01 
 1436.000  3.027602e+01 
 1437.000  3.109168e+01 
 1438.000  3.473199e+01 
 1439.000  3.561185e+01 
 1440.000  3.479585e+01 
 1441.000  3.736301e+01 
 1442.000  3.529033e+01 
 1443.000  3.601579e+01 
 1444.000  3.742432e+01 
 1445.000  3.770286e+01 
 1446.000  4.072934e+01 
 1447.000  4.305913e+01 
 1448.000  4.381492e+01 
 1449.000  4.224601e+01 
 1450.000  3.931344e+01 
 1451.000  4.035916e+01 
 1452.000  4.445110e+01 
 1453.000  5.348194e+01 
 1454.000  6.266341e+01 
 1455.000  6.798370e+01 
 1456.000  7.395181e+01 
 1457.000  7.555231e+01 
 1458.000  7.762658e+01 
 1459.000  7.339682e+01 
 1460.000  6.833501e+01 
 1461.000  6.605025e+01 
 1462.000  6.003588e+01 
 1463.000  5.963036e+01 
 1464.000  5.812781e+01 
 1465.000  5.510638e+01 
 1466.000  4.935480e+01 
 1467.000  4.758777e+01 
 1468.000  4.320507e+01 
 1469.000  3.878199e+01 
 1470.000  3.690433e+01 
 1471.000  4.179350e+01 
 1472.000  4.973487e+01 
 1473.000  6.135088e+01 
 1474.000  6.857011e+01 
 1475.000  6.980074e+01 
 1476.000  6.991467e+01 
 1477.000  6.715231e+01 
 1478.000  6.333585e+01 
 1479.000  6.043187e+01 
 1480.000  6.281477e+01 
 1481.000  6.582789e+01 
 1482.000  7.102254e+01 
 1483.000  7.081402e+01 
 1484.000  7.140469e+01 
 1485.000  7.214291e+01 
 1486.000  7.467574e+01 
 1487.000  8.329816e+01 
 1488.000  7.333986e+01 
 1489.000  9.542340e+01 
 1490.000  1.057404e+02 
 1491.000  1.122438e+02 
 1492.000  1.106994e+02 
 1493.000  1.164893e+02 
 1494.000  1.165472e+02 
 1495.000  1.193160e+02 
 1496.000  1.220312e+02 
 1497.000  1.252106e+02 
 1498.000  1.319207e+02 
 1499.000  1.349507e+02 
 1500.000  1.408870e+02 
 1501.000  1.395718e+02 
 1502.000  1.364395e+02 
 1503.000  1.213421e+02 
 1504.000  1.275637e+02 
 1505.000  1.308830e+02 
 1506.000  1.327621e+02 
 1507.000  1.422563e+02 
 1508.000  1.418288e+02 
 1509.000  1.443006e+02 
 1510.000  1.471960e+02 
 1511.000  1.491913e+02 
 1512.000  1.472566e+02 
 1513.000  1.473936e+02 
 1514.000  1.453801e+02 
 1515.000  1.492204e+02 
 1516.000  1.481642e+02 
 1517.000  1.481778e+02 
 1518.000  1.526862e+02 
 1519.000  1.524925e+02 
 1520.000  1.560547e+02 
 1521.000  1.544744e+02 
 1522.000  1.535976e+02 
 1523.000  1.577485e+02 
 1524.000  1.561602e+02 
 1525.000  1.521714e+02 
 1526.000  1.565887e+02 
 1527.000  1.554704e+02 
 1528.000  1.572300e+02 
 1529.000  1.567380e+02 
 1530.000  1.472265e+02 
 1531.000  1.577616e+02 
 1532.000  1.572333e+02 
 1533.000  1.567289e+02 
 1534.000  1.545875e+02 
 1535.000  1.554597e+02 
 1536.000  1.575457e+02 
 1537.000  1.583884e+02 
 1538.000  1.543927e+02 
 1539.000  1.578908e+02 
 1540.000  1.522619e+02 
 1541.000  1.555498e+02 
 1542.000  1.564748e+02 
 1543.000  1.561796e+02 
 1544.000  1.583931e+02 
 1545.000  1.592884e+02 
 1546.000  1.596749e+02 
 1547.000  1.582688e+02 
 1548.000  1.537035e+02 
 1549.000  1.576417e+02 
 1550.000  1.567343e+02 
 1551.000  1.559091e+02 
 1552.000  1.585909e+02 
 1553.000  1.578712e+02 
 1554.000  1.520484e+02 
 1555.000  1.546420e+02 
 1556.000  1.517240e+02 
 1557.000  1.567250e+02 
 1558.000  1.554658e+02 
 1559.000  1.554388e+02 
 1560.000  1.527531e+02 
 1561.000  1.562621e+02 
 1562.000  1.560977e+02 
 1563.000  1.536239e+02 
 1564.000  1.503597e+02 
 1565.000  1.521923e+02 
 1566.000  1.493077e+02 
 1567.000  1.485015e+02 
 1568.000  1.442655e+02 
 1569.000  1.434855e+02 
 1570.000  1.388365e+02 
 1571.000  1.425567e+02 
 1572.000  1.422440e+02 
 1573.000  1.402722e+02 
 1574.000  1.411791e+02 
 1575.000  1.313700e+02 
 1576.000  1.411344e+02 
 1577.000  1.275784e+02 
 1578.000  1.397890e+02 
 1579.000  1.408959e+02 
 1580.000  1.443270e+02 
 1581.000  1.433705e+02 
 1582.000  1.410855e+02 
 1583.000  1.433821e+02 
 1584.000  1.426169e+02 
 1585.000  1.472161e+02 
 1586.000  1.453672e+02 
 1587.000  1.440797e+02 
 1588.000  1.420620e+02 
 1589.000  1.300210e+02 
 1590.000  1.400236e+02 
 1591.000  1.368945e+02 
 1592.000  1.440734e+02 
 1593.000  1.469900e+02 
 1594.000  1.455301e+02 
 1595.000  1.459241e+02 
 1596.000  1.366927e+02 
 1597.000  1.413447e+02 
 1598.000  1.426729e+02 
 1599.000  1.363726e+02 
 1600.000  1.374362e+02 
 1601.000  1.316502e+02 
 1602.000  1.347092e+02 
 1603.000  1.340859e+02 
 1604.000  1.363939e+02 
 1605.000  1.343765e+02 
 1606.000  1.340631e+02 
 1607.000  1.344231e+02 
 1608.000  1.357984e+02 
 1609.000  1.352760e+02 
 1610.000  1.270143e+02 
 1611.000  1.314126e+02 
 1612.000  1.334791e+02 
 1613.000  1.372204e+02 
 1614.000  1.358729e+02 
 1615.000  1.387063e+02 
 1616.000  1.304486e+02 
 1617.000  1.347971e+02 
 1618.000  1.389961e+02 
 1619.000  1.390642e+02 
 1620.000  1.360132e+02 
 1621.000  1.343177e+02 
 1622.000  1.376977e+02 
 1623.000  1.406772e+02 
 1624.000  1.417548e+02 
 1625.000  1.385349e+02 
 1626.000  1.399591e+02 
 1627.000  1.398141e+02 
 1628.000  1.408190e+02 
 1629.000  1.406726e+02 
 1630.000  1.366193e+02 
 1631.000  1.387550e+02 
 1632.000  1.385088e+02 
 1633.000  1.366451e+02 
 1634.000  1.331851e+02 
 1635.000  1.367552e+02 
 1636.000  1.361654e+02 
 1637.000  1.297706e+02 
 1638.000  1.288233e+02 
 1639.000  1.270886e+02 
 1640.000  1.276125e+02 
 1641.000  1.265982e+02 
 1642.000  1.264379e+02 
 1643.000  1.296025e+02 
 1644.000  1.275140e+02 
 1645.000  1.276382e+02 
 1646.000  1.291709e+02 
 1647.000  1.303611e+02 
 1648.000  1.296983e+02 
 1649.000  1.267021e+02 
 1650.000  1.299124e+02 
 1651.000  1.270326e+02 
 1652.000  1.295493e+02 
 1653.000  1.283163e+02 
 1654.000  1.297548e+02 
 1655.000  1.274186e+02 
 1656.000  1.300586e+02 
 1657.000  1.291130e+02 
 1658.000  1.300235e+02 
 1659.000  1.276828e+02 
 1660.000  1.290891e+02 
 1661.000  1.295872e+02 
 1662.000  1.285333e+02 
 1663.000  1.276539e+02 
 1664.000  1.270168e+02 
 1665.000  1.257258e+02 
 1666.000  1.252975e+02 
 1667.000  1.268078e+02 
 1668.000  1.246591e+02 
 1669.000  1.251322e+02 
 1670.000  1.279493e+02 
 1671.000  1.271411e+02 
 1672.000  1.211233e+02 
 1673.000  1.244796e+02 
 1674.000  1.249170e+02 
 1675.000  1.237543e+02 
 1676.000  1.217387e+02 
 1677.000  1.223864e+02 
 1678.000  1.232058e+02 
 1679.000  1.215204e+02 
 1680.000  1.174198e+02 
 1681.000  1.133918e+02 
 1682.000  1.166639e+02 
 1683.000  1.195102e+02 
 1684.000  1.216990e+02 
 1685.000  1.219356e+02 
 1686.000  1.204706e+02 
 1687.000  1.207509e+02 
 1688.000  1.206715e+02 
 1689.000  1.192171e+02 
 1690.000  1.189409e+02 
 1691.000  1.204568e+02 
 1692.000  1.206746e+02 
 1693.000  1.202757e+02 
 1694.000  1.201033e+02 
 1695.000  1.200357e+02 
 1696.000  1.193307e+02 
 1697.000  1.185240e+02 
 1698.000  1.192061e+02 
 1699.000  1.184389e+02 
 1700.000  1.169515e+02 
 1701.000  1.172391e+02 
 1702.000  1.168514e+02 
 1703.000  1.143266e+02 
 1704.000  1.161486e+02 
 1705.000  1.166746e+02 
 1706.000  1.149843e+02 
 1707.000  1.145634e+02 
 1708.000  1.114378e+02 
 1709.000  1.134742e+02 
 1710.000  1.147284e+02 
 1711.000  1.059920e+02 
 1712.000  1.133855e+02 
 1713.000  1.138217e+02 
 1714.000  1.138921e+02 
 1715.000  1.139585e+02 
 1716.000  1.134380e+02 
 1717.000  1.124412e+02 
 1718.000  1.118365e+02 
 1719.000  1.125165e+02 
 1720.000  1.093425e+02 
 1721.000  1.077319e+02 
 1722.000  1.091010e+02 
 1723.000  1.031519e+02 
 1724.000  1.046956e+02 
 1725.000  1.064519e+02 
 1726.000  1.078852e+02 
 1727.000  1.073537e+02 
 1728.000  1.049627e+02 
 1729.000  1.072847e+02 
 1730.000  1.074827e+02 
 1731.000  1.054466e+02 
 1732.000  1.038636e+02 
 1733.000  9.723715e+01 
 1734.000  9.893790e+01 
 1735.000  9.886129e+01 
 1736.000  9.405431e+01 
 1737.000  9.265840e+01 
 1738.000  9.701704e+01 
 1739.000  9.850565e+01 
 1740.000  9.850642e+01 
 1741.000  9.611375e+01 
 1742.000  9.912675e+01 
 1743.000  9.719447e+01 
 1744.000  9.829009e+01 
 1745.000  9.540728e+01 
 1746.000  9.569467e+01 
 1747.000  9.359184e+01 
 1748.000  9.703522e+01 
 1749.000  9.656999e+01 
 1750.000  9.619099e+01 
 1751.000  9.463702e+01 
 1752.000  9.516485e+01 
 1753.000  9.506175e+01 
 1754.000  9.509327e+01 
 1755.000  9.309644e+01 
 1756.000  9.414632e+01 
 1757.000  9.421384e+01 
 1758.000  9.381521e+01 
 1759.000  9.420068e+01 
 1760.000  9.309109e+01 
 1761.000  9.044402e+01 
 1762.000  8.819997e+01 
 1763.000  8.821919e+01 
 1764.000  8.472190e+01 
 1765.000  8.620006e+01 
 1766.000  8.529486e+01 
 1767.000  8.561606e+01 
 1768.000  8.439032e+01 
 1769.000  8.475315e+01 
 1770.000  8.313583e+01 
 1771.000  8.328169e+01 
 1772.000  8.227650e+01 
 1773.000  8.218977e+01 
 1774.000  7.798765e+01 
 1775.000  7.403839e+01 
 1776.000  7.373499e+01 
 1777.000  7.028319e+01 
 1778.000  6.796062e+01 
 1779.000  6.864457e+01 
 1780.000  6.715961e+01 
 1781.000  6.646235e+01 
 1782.000  6.558723e+01 
 1783.000  6.325616e+01 
 1784.000  6.331009e+01 
 1785.000  6.312739e+01 
 1786.000  6.357869e+01 
 1787.000  6.409214e+01 
 1788.000  6.374141e+01 
 1789.000  5.927143e+01 
 1790.000  5.881971e+01 
 1791.000  5.448856e+01 
 1792.000  5.314556e+01 
 1793.000  4.807986e+01 
 1794.000  4.409892e+01 
 1795.000  4.446516e+01 
 1796.000  3.938889e+01 
 1797.000  3.524698e+01 
 1798.000  3.537388e+01 
 1799.000  2.839210e+01 
 1800.000  2.824589e+01 
 1801.000  2.276484e+01 
 1802.000  1.961862e+01 
 1803.000  1.953088e+01 
 1804.000  1.936032e+01 
 1805.000  1.859408e+01 
 1806.000  1.636311e+01 
 1807.000  1.555854e+01 
 1808.000  1.464434e+01 
 1809.000  1.164160e+01 
 1810.000  9.201447e+00 
 1811.000  9.189558e+00 
 1812.000  7.022968e+00 
 1813.000  7.039525e+00 
 1814.000  5.972997e+00 
 1815.000  3.881288e+00 
 1816.000  3.829189e+00 
 1817.000  3.221081e+00 
 1818.000  2.731921e+00 
 1819.000  2.199076e+00 
 1820.000  1.954214e+00 
 1821.000  1.969093e+00 
 1822.000  1.662838e+00 
 1823.000  1.637939e+00 
 1824.000  1.467788e+00 
 1825.000  7.053986e-01 
 1826.000  7.094730e-01 
 1827.000  4.493420e-01 
 1828.000  3.765886e-01 
 1829.000  1.583716e-01 
 1830.000  8.814305e-02 
 1831.000  8.797820e-02 
 1832.000  4.610669e-02 
 1833.000  4.446081e-02 
 1834.000  2.179213e-02 
 1835.000  6.445213e-03 
 1836.000  6.462619e-03 
 1837.000  3.806426e-03 
 1838.000  3.264025e-03 
 1839.000  4.434189e-03 
 1840.000  8.529022e-03 
 1841.000  8.720872e-03 
 1842.000  1.494637e-02 
 1843.000  1.447738e-02 
 1844.000  2.088647e-02 
 1845.000  1.926974e-02 
 1846.000  1.471680e-02 
 1847.000  9.702778e-03 
 1848.000  1.000175e-02 
 1849.000  9.858014e-03 
 1850.000  9.947951e-03 
 1851.000  9.349369e-03 
 1852.000  9.646635e-03 
 1853.000  9.438866e-03 
 1854.000  9.678382e-03 
 1855.000  1.013198e-02 
 1856.000  1.117571e-02 
 1857.000  1.163831e-02 
 1858.000  1.740156e-02 
 1859.000  3.506271e-02 
 1860.000  3.467460e-02 
 1861.000  7.042572e-02 
 1862.000  6.507500e-02 
 1863.000  7.260358e-02 
 1864.000  5.858953e-02 
 1865.000  5.887392e-02 
 1866.000  2.432104e-02 
 1867.000  2.393910e-02 
 1868.000  4.182360e-03 
 1869.000  4.536108e-03 
 1870.000  7.704054e-04 
 1871.000  2.828100e-04 
 1872.000  2.807044e-04 
 1873.000  1.052549e-03 
 1874.000  1.051632e-03 
 1875.000  5.778554e-03 
 1876.000  5.525052e-03 
 1877.000  3.553736e-02 
 1878.000  9.643830e-02 
 1879.000  9.856599e-02 
 1880.000  1.769582e-01 
 1881.000  1.824319e-01 
 1882.000  2.629076e-01 
 1883.000  2.987029e-01 
 1884.000  3.616895e-01 
 1885.000  3.598875e-01 
 1886.000  3.490294e-01 
 1887.000  3.861668e-01 
 1888.000  3.810951e-01 
 1889.000  2.909819e-01 
 1890.000  2.802134e-01 
 1891.000  2.432889e-01 
 1892.000  2.359756e-01 
 1893.000  1.975068e-01 
 1894.000  1.680073e-01 
 1895.000  1.640338e-01 
 1896.000  1.049389e-01 
 1897.000  1.045207e-01 
 1898.000  4.733388e-02 
 1899.000  4.661402e-02 
 1900.000  2.327333e-02 
 1901.000  2.340792e-02 
 1902.000  1.688151e-02 
 1903.000  2.678783e-02 
 1904.000  2.656291e-02 
 1905.000  4.818755e-02 
 1906.000  4.841439e-02 
 1907.000  7.867298e-02 
 1908.000  7.725482e-02 
 1909.000  8.950777e-02 
 1910.000  8.968593e-02 
 1911.000  9.749760e-02 
 1912.000  9.945889e-02 
 1913.000  1.496659e-01 
 1914.000  2.054773e-01 
 1915.000  2.042515e-01 
 1916.000  4.513509e-01 
 1917.000  4.539520e-01 
 1918.000  6.438733e-01 
 1919.000  6.414875e-01 
 1920.000  9.755374e-01 
 1921.000  1.015174e+00 
 1922.000  1.290667e+00 
 1923.000  1.384906e+00 
 1924.000  1.579893e+00 
 1925.000  1.633723e+00 
 1926.000  1.643271e+00 
 1927.000  2.074463e+00 
 1928.000  2.054154e+00 
 1929.000  2.272686e+00 
 1930.000  2.363538e+00 
 1931.000  3.440942e+00 
 1932.000  3.547665e+00 
 1933.000  3.999168e+00 
 1934.000  4.592711e+00 
 1935.000  5.545390e+00 
 1936.000  5.621469e+00 
 1937.000  5.907305e+00 
 1938.000  7.234732e+00 
 1939.000  6.913041e+00 
 1940.000  8.180785e+00 
 1941.000  8.260797e+00 
 1942.000  1.000744e+01 
 1943.000  9.714080e+00 
 1944.000  1.039692e+01 
 1945.000  9.769056e+00 
 1946.000  1.224088e+01 
 1947.000  1.300464e+01 
 1948.000  1.410194e+01 
 1949.000  1.467372e+01 
 1950.000  1.523421e+01 
 1951.000  1.479235e+01 
 1952.000  1.461220e+01 
 1953.000  1.537410e+01 
 1954.000  1.516577e+01 
 1955.000  1.514650e+01 
 1956.000  1.462656e+01 
 1957.000  1.582468e+01 
 1958.000  1.589853e+01 
 1959.000  1.826275e+01 
 1960.000  1.812505e+01 
 1961.000  2.160392e+01 
 1962.000  2.117403e+01 
 1963.000  2.494740e+01 
 1964.000  2.497599e+01 
 1965.000  3.020231e+01 
 1966.000  2.946400e+01 
 1967.000  3.364310e+01 
 1968.000  3.374477e+01 
 1969.000  3.734726e+01 
 1970.000  3.767605e+01 
 1971.000  4.027692e+01 
 1972.000  4.010527e+01 
 1973.000  4.052615e+01 
 1974.000  4.163708e+01 
 1975.000  4.474834e+01 
 1976.000  4.489675e+01 
 1977.000  4.687204e+01 
 1978.000  4.448454e+01 
 1979.000  4.867674e+01 
 1980.000  4.721977e+01 
 1981.000  4.982571e+01 
 1982.000  5.026708e+01 
 1983.000  5.121624e+01 
 1984.000  5.071558e+01 
 1985.000  5.127860e+01 
 1986.000  5.025312e+01 
 1987.000  5.086764e+01 
 1988.000  5.229654e+01 
 1989.000  5.199041e+01 
 1990.000  5.184142e+01 
 1991.000  5.136115e+01 
 1992.000  5.067731e+01 
 1993.000  4.817037e+01 
 1994.000  4.855913e+01 
 1995.000  4.550360e+01 
 1996.000  4.551582e+01 
 1997.000  3.794378e+01 
 1998.000  3.722524e+01 
 1999.000  2.904040e+01 
 2000.000  2.907117e+01 
 2001.000  2.177004e+01 
 2002.000  2.180535e+01 
 2003.000  1.824493e+01 
 2004.000  1.824110e+01 
 2005.000  1.855528e+01 
 2006.000  1.807376e+01 
 2007.000  2.026677e+01 
 2008.000  2.026027e+01 
 2009.000  2.166314e+01 
 2010.000  2.170324e+01 
 2011.000  2.218630e+01 
 2012.000  2.216801e+01 
 2013.000  2.270521e+01 
 2014.000  2.248278e+01 
 2015.000  2.382871e+01 
 2016.000  2.379787e+01 
 2017.000  2.667410e+01 
 2018.000  2.673740e+01 
 2019.000  3.154924e+01 
 2020.000  3.132071e+01 
 2021.000  3.531241e+01 
 2022.000  3.655734e+01 
 2023.000  4.166365e+01 
 2024.000  4.170810e+01 
 2025.000  4.527520e+01 
 2026.000  4.568641e+01 
 2027.000  4.822651e+01 
 2028.000  4.840117e+01 
 2029.000  4.971079e+01 
 2030.000  4.913017e+01 
 2031.000  5.102831e+01 
 2032.000  5.188073e+01 
 2033.000  5.318069e+01 
 2034.000  5.313947e+01 
 2035.000  5.198244e+01 
 2036.000  5.320209e+01 
 2037.000  5.360242e+01 
 2038.000  5.072754e+01 
 2039.000  5.237020e+01 
 2040.000  5.279626e+01 
 2041.000  5.220976e+01 
 2042.000  5.172449e+01 
 2043.000  5.090703e+01 
 2044.000  5.089854e+01 
 2045.000  4.883727e+01 
 2046.000  4.880450e+01 
 2047.000  4.854049e+01 
 2048.000  4.519521e+01 
 2049.000  4.544446e+01 
 2050.000  4.164179e+01 
 2051.000  4.141158e+01 
 2052.000  3.894165e+01 
 2053.000  3.839507e+01 
 2054.000  3.806886e+01 
 2055.000  3.835835e+01 
 2056.000  3.900367e+01 
 2057.000  3.885364e+01 
 2058.000  4.001789e+01 
 2059.000  4.003218e+01 
 2060.000  4.031896e+01 
 2061.000  3.925180e+01 
 2062.000  4.040100e+01 
 2063.000  4.025124e+01 
 2064.000  3.789651e+01 
 2065.000  4.011853e+01 
 2066.000  4.016848e+01 
 2067.000  4.058148e+01 
 2068.000  4.023799e+01 
 2069.000  4.142536e+01 
 2070.000  4.003708e+01 
 2071.000  4.343348e+01 
 2072.000  4.293626e+01 
 2073.000  4.584531e+01 
 2074.000  4.577698e+01 
 2075.000  4.765889e+01 
 2076.000  4.760505e+01 
 2077.000  4.902140e+01 
 2078.000  4.901046e+01 
 2079.000  4.819609e+01 
 2080.000  4.963965e+01 
 2081.000  4.915651e+01 
 2082.000  5.008197e+01 
 2083.000  4.920813e+01 
 2084.000  4.983442e+01 
 2085.000  5.025016e+01 
 2086.000  5.090695e+01 
 2087.000  5.088277e+01 
 2088.000  5.145263e+01 
 2089.000  5.152571e+01 
 2090.000  5.184408e+01 
 2091.000  5.145686e+01 
 2092.000  4.949386e+01 
 2093.000  5.133461e+01 
 2094.000  5.181822e+01 
 2095.000  5.021120e+01 
 2096.000  5.172336e+01 
 2097.000  5.153123e+01 
 2098.000  5.146111e+01 
 2099.000  5.179021e+01 
 2100.000  5.192816e+01 
 2101.000  5.217028e+01 
 2102.000  5.252687e+01 
 2103.000  5.172600e+01 
 2104.000  5.269075e+01 
 2105.000  5.264675e+01 
 2106.000  5.303554e+01 
 2107.000  5.287703e+01 
 2108.000  5.285757e+01 
 2109.000  5.258708e+01 
 2110.000  5.125537e+01 
 2111.000  5.244946e+01 
 2112.000  5.225718e+01 
 2113.000  5.199221e+01 
 2114.000  5.215513e+01 
 2115.000  5.203921e+01 
 2116.000  5.168386e+01 
 2117.000  5.041602e+01 
 2118.000  5.158263e+01 
 2119.000  5.202479e+01 
 2120.000  5.077970e+01 
 2121.000  5.202891e+01 
 2122.000  5.158096e+01 
 2123.000  5.161602e+01 
 2124.000  5.099557e+01 
 2125.000  5.209756e+01 
 2126.000  5.257685e+01 
 2127.000  5.166202e+01 
 2128.000  5.294353e+01 
 2129.000  5.282459e+01 
 2130.000  5.273924e+01 
 2131.000  5.305751e+01 
 2132.000  5.296330e+01 
 2133.000  5.300917e+01 
 2134.000  5.284957e+01 
 2135.000  5.296223e+01 
 2136.000  5.102914e+01 
 2137.000  5.279031e+01 
 2138.000  5.277950e+01 
 2139.000  5.251540e+01 
 2140.000  5.246850e+01 
 2141.000  5.251714e+01 
 2142.000  5.213323e+01 
 2143.000  5.187281e+01 
 2144.000  5.137724e+01 
 2145.000  5.086580e+01 
 2146.000  4.971598e+01 
 2147.000  5.022119e+01 
 2148.000  5.024353e+01 
 2149.000  4.922031e+01 
 2150.000  4.916087e+01 
 2151.000  4.845078e+01 
 2152.000  4.833233e+01 
 2153.000  4.786802e+01 
 2154.000  4.798165e+01 
 2155.000  4.796127e+01 
 2156.000  4.808043e+01 
 2157.000  4.795811e+01 
 2158.000  4.794841e+01 
 2159.000  4.772669e+01 
 2160.000  4.763191e+01 
 2161.000  4.758467e+01 
 2162.000  4.694713e+01 
 2163.000  4.706569e+01 
 2164.000  4.640670e+01 
 2165.000  4.493207e+01 
 2166.000  4.036119e+01 
 2167.000  4.422723e+01 
 2168.000  4.562719e+01 
 2169.000  4.683906e+01 
 2170.000  4.687156e+01 
 2171.000  4.728025e+01 
 2172.000  4.705411e+01 
 2173.000  4.722381e+01 
 2174.000  4.694714e+01 
 2175.000  4.700454e+01 
 2176.000  4.671642e+01 
 2177.000  4.618676e+01 
 2178.000  4.652367e+01 
 2179.000  4.454592e+01 
 2180.000  4.634425e+01 
 2181.000  4.627113e+01 
 2182.000  4.565919e+01 
 2183.000  4.453359e+01 
 2184.000  4.566746e+01 
 2185.000  4.578333e+01 
 2186.000  4.594600e+01 
 2187.000  4.588531e+01 
 2188.000  4.472684e+01 
 2189.000  4.460559e+01 
 2190.000  4.514672e+01 
 2191.000  4.571261e+01 
 2192.000  4.558797e+01 
 2193.000  4.491906e+01 
 2194.000  4.480197e+01 
 2195.000  4.466889e+01 
 2196.000  4.394136e+01 
 2197.000  4.376893e+01 
 2198.000  4.338041e+01 
 2199.000  4.331844e+01 
 2200.000  4.315764e+01 
 2201.000  4.334955e+01 
 2202.000  4.327990e+01 
 2203.000  4.404430e+01 
 2204.000  4.405251e+01 
 2205.000  4.392668e+01 
 2206.000  4.313258e+01 
 2207.000  4.258334e+01 
 2208.000  4.500042e+01 
 2209.000  4.407043e+01 
 2210.000  4.561952e+01 
 2211.000  4.557917e+01 
 2212.000  4.543393e+01 
 2213.000  4.547968e+01 
 2214.000  4.529737e+01 
 2215.000  4.532619e+01 
 2216.000  4.494554e+01 
 2217.000  4.429549e+01 
 2218.000  4.484668e+01 
 2219.000  4.499006e+01 
 2220.000  4.487283e+01 
 2221.000  4.479538e+01 
 2222.000  4.461801e+01 
 2223.000  4.464625e+01 
 2224.000  4.453590e+01 
 2225.000  4.435501e+01 
 2226.000  4.358899e+01 
 2227.000  4.371343e+01 
 2228.000  4.371235e+01 
 2229.000  4.410511e+01 
 2230.000  4.362568e+01 
 2231.000  4.369215e+01 
 2232.000  4.368997e+01 
 2233.000  4.354743e+01 
 2234.000  4.346612e+01 
 2235.000  4.319467e+01 
 2236.000  4.302044e+01 
 2237.000  4.304007e+01 
 2238.000  4.250666e+01 
 2239.000  4.161441e+01 
 2240.000  4.209654e+01 
 2241.000  4.251187e+01 
 2242.000  4.241961e+01 
 2243.000  4.168408e+01 
 2244.000  4.200071e+01 
 2245.000  4.199317e+01 
 2246.000  4.190318e+01 
 2247.000  4.186463e+01 
 2248.000  4.070882e+01 
 2249.000  4.155644e+01 
 2250.000  4.116100e+01 
 2251.000  4.111259e+01 
 2252.000  4.117863e+01 
 2253.000  4.052164e+01 
 2254.000  3.950917e+01 
 2255.000  4.030162e+01 
 2256.000  3.999733e+01 
 2257.000  3.999542e+01 
 2258.000  3.990820e+01 
 2259.000  3.995313e+01 
 2260.000  3.960476e+01 
 2261.000  3.941074e+01 
 2262.000  3.948530e+01 
 2263.000  3.808341e+01 
 2264.000  3.948447e+01 
 2265.000  3.925089e+01 
 2266.000  3.873795e+01 
 2267.000  3.908096e+01 
 2268.000  3.911232e+01 
 2269.000  3.902239e+01 
 2270.000  3.890670e+01 
 2271.000  3.862219e+01 
 2272.000  3.897935e+01 
 2273.000  3.894363e+01 
 2274.000  3.882758e+01 
 2275.000  3.825148e+01 
 2276.000  3.876482e+01 
 2277.000  3.877183e+01 
 2278.000  3.875275e+01 
 2279.000  3.863264e+01 
 2280.000  3.851591e+01 
 2281.000  3.656049e+01 
 2282.000  3.774924e+01 
 2283.000  3.785976e+01 
 2284.000  3.772947e+01 
 2285.000  3.759329e+01 
 2286.000  3.741534e+01 
 2287.000  3.749063e+01 
 2288.000  3.735906e+01 
 2289.000  3.682993e+01 
 2290.000  3.682865e+01 
 2291.000  3.618612e+01 
 2292.000  3.636483e+01 
 2293.000  3.629309e+01 
 2294.000  3.421639e+01 
 2295.000  3.512278e+01 
 2296.000  3.498400e+01 
 2297.000  3.437590e+01 
 2298.000  3.513869e+01 
 2299.000  3.528662e+01 
 2300.000  3.519251e+01 
 2301.000  3.516578e+01 
 2302.000  3.570733e+01 
 2303.000  3.560137e+01 
 2304.000  3.548177e+01 
 2305.000  3.604757e+01 
 2306.000  3.608550e+01 
 2307.000  3.615783e+01 
 2308.000  3.615203e+01 
 2309.000  3.591815e+01 
 2310.000  3.563461e+01 
 2311.000  3.574629e+01 
 2312.000  3.557903e+01 
 2313.000  3.493790e+01 
 2314.000  3.473415e+01 
 2315.000  3.317958e+01 
 2316.000  3.366529e+01 
 2317.000  3.333790e+01 
 2318.000  3.486036e+01 
 2319.000  3.472056e+01 
 2320.000  3.322649e+01 
 2321.000  3.338066e+01 
 2322.000  3.335460e+01 
 2323.000  3.199117e+01 
 2324.000  3.287946e+01 
 2325.000  3.314789e+01 
 2326.000  3.296789e+01 
 2327.000  3.359393e+01 
 2328.000  3.381897e+01 
 2329.000  3.349384e+01 
 2330.000  3.343617e+01 
 2331.000  3.327994e+01 
 2332.000  3.283849e+01 
 2333.000  3.281569e+01 
 2334.000  3.190196e+01 
 2335.000  3.144878e+01 
 2336.000  3.166495e+01 
 2337.000  3.085713e+01 
 2338.000  3.069769e+01 
 2339.000  2.990331e+01 
 2340.000  3.002444e+01 
 2341.000  3.006066e+01 
 2342.000  2.952257e+01 
 2343.000  2.938319e+01 
 2344.000  2.929760e+01 
 2345.000  2.890316e+01 
 2346.000  2.897217e+01 
 2347.000  2.879716e+01 
 2348.000  2.865629e+01 
 2349.000  2.879346e+01 
 2350.000  2.861097e+01 
 2351.000  2.885050e+01 
 2352.000  2.840224e+01 
 2353.000  2.773850e+01 
 2354.000  2.845980e+01 
 2355.000  2.878438e+01 
 2356.000  2.929947e+01 
 2357.000  2.906237e+01 
 2358.000  2.906030e+01 
 2359.000  2.962479e+01 
 2360.000  2.965038e+01 
 2361.000  2.943304e+01 
 2362.000  2.884376e+01 
 2363.000  2.880323e+01 
 2364.000  2.886720e+01 
 2365.000  2.782732e+01 
 2366.000  2.788472e+01 
 2367.000  2.660984e+01 
 2368.000  2.647640e+01 
 2369.000  2.622303e+01 
 2370.000  2.541729e+01 
 2371.000  2.571210e+01 
 2372.000  2.572032e+01 
 2373.000  2.568445e+01 
 2374.000  2.443056e+01 
 2375.000  2.522952e+01 
 2376.000  2.541063e+01 
 2377.000  2.532891e+01 
 2378.000  2.525423e+01 
 2379.000  2.554643e+01 
 2380.000  2.546357e+01 
 2381.000  2.507195e+01 
 2382.000  2.513277e+01 
 2383.000  2.392711e+01 
 2384.000  2.391514e+01 
 2385.000  2.410022e+01 
 2386.000  2.427696e+01 
 2387.000  2.426123e+01 
 2388.000  2.491216e+01 
 2389.000  2.482243e+01 
 2390.000  2.535881e+01 
 2391.000  2.531490e+01 
 2392.000  2.522109e+01 
 2393.000  2.533631e+01 
 2394.000  2.566557e+01 
 2395.000  2.543896e+01 
 2396.000  2.540178e+01 
 2397.000  2.552072e+01 
 2398.000  2.531302e+01 
 2399.000  2.514771e+01 
 2400.000  2.491285e+01 
 2401.000  2.443312e+01 
 2402.000  2.455755e+01 
 2403.000  2.437805e+01 
 2404.000  2.330270e+01 
 2405.000  2.345659e+01 
 2406.000  2.311584e+01 
 2407.000  2.225408e+01 
 2408.000  2.229315e+01 
 2409.000  2.222155e+01 
 2410.000  2.114433e+01 
 2411.000  2.116432e+01 
 2412.000  2.113804e+01 
 2413.000  2.035229e+01 
 2414.000  1.964398e+01 
 2415.000  1.957127e+01 
 2416.000  1.898387e+01 
 2417.000  1.984070e+01 
 2418.000  2.001363e+01 
 2419.000  2.138216e+01 
 2420.000  2.115358e+01 
 2421.000  2.121306e+01 
 2422.000  2.210456e+01 
 2423.000  2.194933e+01 
 2424.000  2.201483e+01 
 2425.000  2.223512e+01 
 2426.000  2.251603e+01 
 2427.000  2.222721e+01 
 2428.000  2.217395e+01 
 2429.000  2.232388e+01 
 2430.000  2.219047e+01 
 2431.000  2.156130e+01 
 2432.000  2.169512e+01 
 2433.000  2.155489e+01 
 2434.000  2.043765e+01 
 2435.000  2.021387e+01 
 2436.000  2.077958e+01 
 2437.000  2.065307e+01 
 2438.000  2.015758e+01 
 2439.000  2.062891e+01 
 2440.000  1.967156e+01 
 2441.000  1.944333e+01 
 2442.000  1.956346e+01 
 2443.000  1.797579e+01 
 2444.000  1.788647e+01 
 2445.000  1.670772e+01 
 2446.000  1.622574e+01 
 2447.000  1.626320e+01 
 2448.000  1.581404e+01 
 2449.000  1.581457e+01 
 2450.000  1.592554e+01 
 2451.000  1.607928e+01 
 2452.000  1.607212e+01 
 2453.000  1.632289e+01 
 2454.000  1.782740e+01 
 2455.000  1.764418e+01 
 2456.000  1.761374e+01 
 2457.000  1.688236e+01 
 2458.000  1.814099e+01 
 2459.000  1.826673e+01 
 2460.000  1.815473e+01 
 2461.000  1.739102e+01 
 2462.000  1.743683e+01 
 2463.000  1.720289e+01 
 2464.000  1.629689e+01 
 2465.000  1.616938e+01 
 2466.000  1.604362e+01 
 2467.000  1.472937e+01 
 2468.000  1.472849e+01 
 2469.000  1.447881e+01 
 2470.000  1.213616e+01 
 2471.000  1.265452e+01 
 2472.000  1.260455e+01 
 2473.000  1.192018e+01 
 2474.000  1.170820e+01 
 2475.000  1.177876e+01 
 2476.000  1.003150e+01 
 2477.000  1.017887e+01 
 2478.000  1.012994e+01 
 2479.000  8.254634e+00 
 2480.000  8.374672e+00 
 2481.000  8.088628e+00 
 2482.000  6.781055e+00 
 2483.000  6.592785e+00 
 2484.000  6.901314e+00 
 2485.000  5.840396e+00 
 2486.000  5.805068e+00 
 2487.000  5.355061e+00 
 2488.000  5.348373e+00 
 2489.000  5.344633e+00 
 2490.000  5.372499e+00 
 2491.000  5.458692e+00 
 2492.000  5.480969e+00 
 2493.000  5.394127e+00 
 2494.000  5.493604e+00 
 2495.000  5.433545e+00 
 2496.000  5.399460e+00 
 2497.000  5.823215e+00 
 2498.000  5.783596e+00 
 2499.000  5.810862e+00 
 2500.000  5.465165e+00 
 2501.000  4.792217e+00 
 2502.000  4.820649e+00 
 2503.000  4.770268e+00 
 2504.000  4.298485e+00 
 2505.000  4.346858e+00 
 2506.000  4.005266e+00 
 2507.000  2.859981e+00 
 2508.000  2.819639e+00 
 2509.000  2.808650e+00 
 2510.000  2.189505e+00 
 2511.000  2.202720e+00 
 2512.000  1.930241e+00 
 2513.000  1.256613e+00 
 2514.000  1.254240e+00 
 2515.000  1.248052e+00 
 2516.000  1.063153e+00 
 2517.000  1.054087e+00 
 2518.000  1.037543e+00 
 2519.000  5.340390e-01 
 2520.000  5.331712e-01 
 2521.000  5.340651e-01 
 2522.000  5.326239e-01 
 2523.000  3.553344e-01 
 2524.000  3.540409e-01 
 2525.000  2.777075e-01 
 2526.000  1.212227e-01 
 2527.000  1.204427e-01 
 2528.000  1.209007e-01 
 2529.000  6.890199e-02 
 2530.000  6.897844e-02 
 2531.000  6.913810e-02 
 2532.000  1.860662e-02 
 2533.000  1.843004e-02 
 2534.000  1.856768e-02 
 2535.000  1.219597e-02 
 2536.000  1.225939e-02 
 2537.000  1.213554e-02 
 2538.000  7.741213e-03 
 2539.000  1.916541e-03 
 2540.000  1.920389e-03 
 2541.000  1.929361e-03 
 2542.000  1.023352e-03 
 2543.000  1.064274e-03 
 2544.000  4.826584e-04 
 2545.000  1.907199e-04 
 2546.000  1.912289e-04 
 2547.000  1.863996e-04 
 2548.000  1.887997e-04 
 2549.000  1.920201e-04 
 2550.000  1.908358e-04 
 2551.000  8.320817e-05 
 2552.000  3.442547e-05 
 2553.000  3.405470e-05 
 2554.000  3.473949e-05 
 2555.000  2.702724e-05 
 2556.000  2.680807e-05 
 2557.000  1.009776e-05 
 2558.000  6.935005e-07 
 2559.000  6.966455e-07 
 2560.000  6.866084e-07 
 2561.000  8.460289e-08 
 2562.000  8.485285e-08 
 2563.000  8.544707e-08 
 2564.000  2.772416e-08 
 2565.000  0.000000e+00 
 2566.000  0.000000e+00 
 2567.000  0.000000e+00 
 2568.000  0.000000e+00 
 2569.000  0.000000e+00 
 2570.000  0.000000e+00 
 2571.000  0.000000e+00 
 2572.000  0.000000e+00 
 2573.000  0.000000e+00 
 2574.000  0.000000e+00 
 2575.000  0.000000e+00 
 2576.000  0.000000e+00 
 2577.000  0.000000e+00 
 2578.000  0.000000e+00 
 2579.000  0.000000e+00 
 2580.000  0.000000e+00 
 2581.000  0.000000e+00 
 2582.000  0.000000e+00 
 2583.000  0.000000e+00 
 2584.000  0.000000e+00 
 2585.000  0.000000e+00 
 2586.000  0.000000e+00 
 2587.000  0.000000e+00 
 2588.000  0.000000e+00 
 2589.000  0.000000e+00 
 2590.000  0.000000e+00 
 2591.000  0.000000e+00 
 2592.000  0.000000e+00 
 2593.000  0.000000e+00 
 2594.000  0.000000e+00 
 2595.000  0.000000e+00 
 2596.000  0.000000e+00 
 2597.000  0.000000e+00 
 2598.000  0.000000e+00 
 2599.000  0.000000e+00 
 2600.000  0.000000e+00 
 2601.000  0.000000e+00 
 2602.000  0.000000e+00 
 2603.000  0.000000e+00 
 2604.000  0.000000e+00 
 2605.000  0.000000e+00 
 2606.000  0.000000e+00 
 2607.000  0.000000e+00 
 2608.000  0.000000e+00 
 2609.000  0.000000e+00 
 2610.000  0.000000e+00 
 2611.000  0.000000e+00 
 2612.000  0.000000e+00 
 2613.000  0.000000e+00 
 2614.000  0.000000e+00 
 2615.000  0.000000e+00 
 2616.000  0.000000e+00 
 2617.000  0.000000e+00 
 2618.000  0.000000e+00 
 2619.000  0.000000e+00 
 2620.000  0.000000e+00 
 2621.000  0.000000e+00 
 2622.000  0.000000e+00 
 2623.000  0.000000e+00 
 2624.000  0.000000e+00 
 2625.000  0.000000e+00 
 2626.000  0.000000e+00 
 2627.000  0.000000e+00 
 2628.000  0.000000e+00 
 2629.000  0.000000e+00 
 2630.000  0.000000e+00 
 2631.000  0.000000e+00 
 2632.000  0.000000e+00 
 2633.000  0.000000e+00 
 2634.000  0.000000e+00 
 2635.000  0.000000e+00 
 2636.000  0.000000e+00 
 2637.000  0.000000e+00 
 2638.000  0.000000e+00 
 2639.000  0.000000e+00 
 2640.000  0.000000e+00 
 2641.000  0.000000e+00 
 2642.000  0.000000e+00 
 2643.000  0.000000e+00 
 2644.000  0.000000e+00 
 2645.000  0.000000e+00 
 2646.000  0.000000e+00 
 2647.000  0.000000e+00 
 2648.000  0.000000e+00 
 2649.000  0.000000e+00 
 2650.000  0.000000e+00 
 2651.000  0.000000e+00 
 2652.000  0.000000e+00 
 2653.000  0.000000e+00 
 2654.000  0.000000e+00 
 2655.000  0.000000e+00 
 2656.000  0.000000e+00 
 2657.000  0.000000e+00 
 2658.000  0.000000e+00 
 2659.000  0.000000e+00 
 2660.000  0.000000e+00 
 2661.000  0.000000e+00 
 2662.000  0.000000e+00 
 2663.000  0.000000e+00 
 2664.000  0.000000e+00 
 2665.000  0.000000e+00 
 2666.000  0.000000e+00 
 2667.000  0.000000e+00 
 2668.000  0.000000e+00 
 2669.000  0.000000e+00 
 2670.000  0.000000e+00 
 2671.000  0.000000e+00 
 2672.000  0.000000e+00 
 2673.000  0.000000e+00 
 2674.000  0.000000e+00 
 2675.000  0.000000e+00 
 2676.000  0.000000e+00 
 2677.000  0.000000e+00 
 2678.000  0.000000e+00 
 2679.000  0.000000e+00 
 2680.000  0.000000e+00 
 2681.000  0.000000e+00 
 2682.000  0.000000e+00 
 2683.000  0.000000e+00 
 2684.000  0.000000e+00 
 2685.000  0.000000e+00 
 2686.000  0.000000e+00 
 2687.000  0.000000e+00 
 2688.000  0.000000e+00 
 2689.000  0.000000e+00 
 2690.000  0.000000e+00 
 2691.000  0.000000e+00 
 2692.000  0.000000e+00 
 2693.000  0.000000e+00 
 2694.000  0.000000e+00 
 2695.000  0.000000e+00 
 2696.000  0.000000e+00 
 2697.000  0.000000e+00 
 2698.000  0.000000e+00 
 2699.000  0.000000e+00 
 2700.000  0.000000e+00 
 2701.000  0.000000e+00 
 2702.000  0.000000e+00 
 2703.000  0.000000e+00 
 2704.000  0.000000e+00 
 2705.000  0.000000e+00 
 2706.000  0.000000e+00 
 2707.000  0.000000e+00 
 2708.000  0.000000e+00 
 2709.000  0.000000e+00 
 2710.000  0.000000e+00 
 2711.000  0.000000e+00 
 2712.000  0.000000e+00 
 2713.000  0.000000e+00 
 2714.000  0.000000e+00 
 2715.000  0.000000e+00 
 2716.000  0.000000e+00 
 2717.000  0.000000e+00 
 2718.000  0.000000e+00 
 2719.000  0.000000e+00 
 2720.000  0.000000e+00 
 2721.000  0.000000e+00 
 2722.000  0.000000e+00 
 2723.000  0.000000e+00 
 2724.000  0.000000e+00 
 2725.000  0.000000e+00 
 2726.000  0.000000e+00 
 2727.000  0.000000e+00 
 2728.000  0.000000e+00 
 2729.000  0.000000e+00 
 2730.000  0.000000e+00 
 2731.000  0.000000e+00 
 2732.000  0.000000e+00 
 2733.000  0.000000e+00 
 2734.000  0.000000e+00 
 2735.000  0.000000e+00 
 2736.000  0.000000e+00 
 2737.000  0.000000e+00 
 2738.000  0.000000e+00 
 2739.000  0.000000e+00 
 2740.000  0.000000e+00 
 2741.000  0.000000e+00 
 2742.000  0.000000e+00 
 2743.000  0.000000e+00 
 2744.000  0.000000e+00 
 2745.000  0.000000e+00 
 2746.000  0.000000e+00 
 2747.000  0.000000e+00 
 2748.000  0.000000e+00 
 2749.000  0.000000e+00 
 2750.000  0.000000e+00 
 2751.000  0.000000e+00 
 2752.000  0.000000e+00 
 2753.000  0.000000e+00 
 2754.000  0.000000e+00 
 2755.000  0.000000e+00 
 2756.000  0.000000e+00 
 2757.000  0.000000e+00 
 2758.000  0.000000e+00 
 2759.000  0.000000e+00 
 2760.000  0.000000e+00 
 2761.000  0.000000e+00 
 2762.000  0.000000e+00 
 2763.000  0.000000e+00 
 2764.000  0.000000e+00 
 2765.000  0.000000e+00 
 2766.000  0.000000e+00 
 2767.000  0.000000e+00 
 2768.000  0.000000e+00 
 2769.000  0.000000e+00 
 2770.000  0.000000e+00 
 2771.000  0.000000e+00 
 2772.000  0.000000e+00 
 2773.000  0.000000e+00 
 2774.000  0.000000e+00 
 2775.000  0.000000e+00 
 2776.000  0.000000e+00 
 2777.000  0.000000e+00 
 2778.000  0.000000e+00 
 2779.000  0.000000e+00 
 2780.000  0.000000e+00 
 2781.000  0.000000e+00 
 2782.000  0.000000e+00 
 2783.000  0.000000e+00 
 2784.000  0.000000e+00 
 2785.000  0.000000e+00 
 2786.000  0.000000e+00 
 2787.000  0.000000e+00 
 2788.000  0.000000e+00 
 2789.000  0.000000e+00 
 2790.000  1.273467e-09 
 2791.000  1.273269e-09 
 2792.000  1.273308e-09 
 2793.000  2.662836e-09 
 2794.000  1.974382e-08 
 2795.000  1.976658e-08 
 2796.000  1.977035e-08 
 2797.000  1.979443e-08 
 2798.000  1.328949e-06 
 2799.000  1.328646e-06 
 2800.000  1.331724e-06 
 2801.000  2.212508e-06 
 2802.000  6.246687e-06 
 2803.000  6.229447e-06 
 2804.000  6.195212e-06 
 2805.000  6.243385e-06 
 2806.000  1.553137e-05 
 2807.000  1.546234e-05 
 2808.000  1.551824e-05 
 2809.000  1.050125e-04 
 2810.000  1.051373e-04 
 2811.000  1.049673e-04 
 2812.000  1.050163e-04 
 2813.000  3.233385e-04 
 2814.000  3.231634e-04 
 2815.000  3.235353e-04 
 2816.000  3.217617e-04 
 2817.000  1.641793e-03 
 2818.000  1.641139e-03 
 2819.000  1.638031e-03 
 2820.000  1.635272e-03 
 2821.000  3.525741e-03 
 2822.000  3.518482e-03 
 2823.000  3.515726e-03 
 2824.000  3.502762e-03 
 2825.000  9.250773e-03 
 2826.000  9.261412e-03 
 2827.000  9.238834e-03 
 2828.000  9.216980e-03 
 2829.000  1.114870e-02 
 2830.000  1.115197e-02 
 2831.000  1.112265e-02 
 2832.000  1.114776e-02 
 2833.000  1.975839e-02 
 2834.000  1.977785e-02 
 2835.000  1.976255e-02 
 2836.000  1.973016e-02 
 2837.000  2.208761e-02 
 2838.000  2.204007e-02 
 2839.000  2.207408e-02 
 2840.000  2.194568e-02 
 2841.000  3.591898e-02 
 2842.000  3.656193e-02 
 2843.000  3.639662e-02 
 2844.000  3.640353e-02 
 2845.000  4.002359e-02 
 2846.000  3.999051e-02 
 2847.000  3.992795e-02 
 2848.000  3.993348e-02 
 2849.000  4.641395e-02 
 2850.000  7.181238e-02 
 2851.000  7.178888e-02 
 2852.000  7.177200e-02 
 2853.000  7.212207e-02 
 2854.000  1.034326e-01 
 2855.000  1.038827e-01 
 2856.000  1.038304e-01 
 2857.000  1.154956e-01 
 2858.000  1.899191e-01 
 2859.000  1.892160e-01 
 2860.000  1.879015e-01 
 2861.000  1.891741e-01 
 2862.000  2.901589e-01 
 2863.000  2.897829e-01 
 2864.000  2.897060e-01 
 2865.000  3.226137e-01 
 2866.000  4.420920e-01 
 2867.000  4.402074e-01 
 2868.000  4.363207e-01 
 2869.000  4.383021e-01 
 2870.000  5.599231e-01 
 2871.000  5.624268e-01 
 2872.000  5.561478e-01 
 2873.000  5.922032e-01 
 2874.000  7.719308e-01 
 2875.000  7.762454e-01 
 2876.000  7.799047e-01 
 2877.000  7.808801e-01 
 2878.000  9.748018e-01 
 2879.000  9.745594e-01 
 2880.000  9.724348e-01 
 2881.000  9.729864e-01 
 2882.000  1.347705e+00 
 2883.000  1.349005e+00 
 2884.000  1.347663e+00 
 2885.000  1.343990e+00 
 2886.000  1.340098e+00 
 2887.000  1.459391e+00 
 2888.000  1.457721e+00 
 2889.000  1.449865e+00 
 2890.000  1.529515e+00 
 2891.000  1.706775e+00 
 2892.000  1.705446e+00 
 2893.000  1.702617e+00 
 2894.000  1.695910e+00 
 2895.000  1.703661e+00 
 2896.000  1.700680e+00 
 2897.000  1.701146e+00 
 2898.000  1.756263e+00 
 2899.000  1.716715e+00 
 2900.000  1.721422e+00 
 2901.000  1.716390e+00 
 2902.000  1.717466e+00 
 2903.000  1.939383e+00 
 2904.000  1.936116e+00 
 2905.000  1.936418e+00 
 2906.000  1.907957e+00 
 2907.000  2.205441e+00 
 2908.000  2.202662e+00 
 2909.000  2.201637e+00 
 2910.000  2.198297e+00 
 2911.000  2.195595e+00 
 2912.000  2.430638e+00 
 2913.000  2.423305e+00 
 2914.000  2.418946e+00 
 2915.000  2.468089e+00 
 2916.000  2.959986e+00 
 2917.000  2.983742e+00 
 2918.000  2.979227e+00 
 2919.000  2.976076e+00 
 2920.000  1.195842e+01 
 2921.000  1.195071e+01 
 2922.000  1.191686e+01 
 2923.000  1.181646e+01 
 2924.000  4.221130e+00 
 2925.000  4.266326e+00 
 2926.000  4.197193e+00 
 2927.000  4.259719e+00 
 2928.000  4.258919e+00 
 2929.000  4.472067e+00 
 2930.000  4.543533e+00 
 2931.000  4.538800e+00 
 2932.000  4.660761e+00 
 2933.000  4.633114e+00 
 2934.000  4.640413e+00 
 2935.000  4.619358e+00 
 2936.000  4.622425e+00 
 2937.000  4.320354e+00 
 2938.000  4.321915e+00 
 2939.000  4.295675e+00 
 2940.000  4.307791e+00 
 2941.000  4.366372e+00 
 2942.000  4.082839e+00 
 2943.000  4.025837e+00 
 2944.000  4.055587e+00 
 2945.000  4.058155e+00 
 2946.000  4.125597e+00 
 2947.000  4.046422e+00 
 2948.000  4.110797e+00 
 2949.000  4.166988e+00 
 2950.000  4.364694e+00 
 2951.000  4.354170e+00 
 2952.000  4.326886e+00 
 2953.000  4.353088e+00 
 2954.000  4.341676e+00 
 2955.000  4.449555e+00 
 2956.000  4.459571e+00 
 2957.000  4.453486e+00 
 2958.000  4.495966e+00 
 2959.000  4.284104e+00 
 2960.000  4.263358e+00 
 2961.000  4.252285e+00 
 2962.000  4.266696e+00 
 2963.000  3.541091e+00 
 2964.000  3.533910e+00 
 2965.000  3.534636e+00 
 2966.000  3.526892e+00 
 2967.000  3.552019e+00 
 2968.000  3.027838e+00 
 2969.000  3.018993e+00 
 2970.000  3.014794e+00 
 2971.000  3.008710e+00 
 2972.000  3.227010e+00 
 2973.000  3.225594e+00 
 2974.000  3.223753e+00 
 2975.000  3.218428e+00 
 2976.000  3.237375e+00 
 2977.000  3.984607e+00 
 2978.000  3.971406e+00 
 2979.000  3.938395e+00 
 2980.000  3.968000e+00 
 2981.000  5.095421e+00 
 2982.000  5.077853e+00 
 2983.000  5.083651e+00 
 2984.000  5.076662e+00 
 2985.000  5.101706e+00 
 2986.000  6.090969e+00 
 2987.000  6.081317e+00 
 2988.000  6.031969e+00 
 2989.000  6.063681e+00 
 2990.000  6.124631e+00 
 2991.000  6.144707e+00 
 2992.000  6.138258e+00 
 2993.000  6.129115e+00 
 2994.000  6.119484e+00 
 2995.000  6.067078e+00 
 2996.000  6.056771e+00 
 2997.000  5.945564e+00 
 2998.000  6.025485e+00 
 2999.000  5.779446e+00 
 3000.000  5.685225e+00 
 3001.000  5.774024e+00 
 3002.000  5.772091e+00 
 3003.000  5.781281e+00 
 3004.000  5.150867e+00 
 3005.000  5.152606e+00 
 3006.000  5.142869e+00 
 3007.000  5.142272e+00 
 3008.000  5.048287e+00 
 3009.000  5.057552e+00 
 3010.000  5.048728e+00 
 3011.000  5.058944e+00 
 3012.000  5.052040e+00 
 3013.000  4.803598e+00 
 3014.000  4.792008e+00 
 3015.000  4.769158e+00 
 3016.000  4.784884e+00 
 3017.000  4.435957e+00 
 3018.000  4.450862e+00 
 3019.000  4.449123e+00 
 3020.000  4.397356e+00 
 3021.000  4.408962e+00 
 3022.000  4.412172e+00 
 3023.000  4.400244e+00 
 3024.000  4.390692e+00 
 3025.000  4.381485e+00 
 3026.000  4.102282e+00 
 3027.000  4.087934e+00 
 3028.000  4.068157e+00 
 3029.000  4.084174e+00 
 3030.000  4.053287e+00 
 3031.000  3.639640e+00 
 3032.000  3.633419e+00 
 3033.000  3.564125e+00 
 3034.000  3.613845e+00 
 3035.000  3.210247e+00 
 3036.000  3.196131e+00 
 3037.000  3.175271e+00 
 3038.000  3.142027e+00 
 3039.000  3.074391e+00 
 3040.000  2.773986e+00 
 3041.000  2.847472e+00 
 3042.000  2.862906e+00 
 3043.000  2.872537e+00 
 3044.000  2.874889e+00 
 3045.000  2.635646e+00 
 3046.000  2.639782e+00 
 3047.000  2.645254e+00 
 3048.000  2.630579e+00 
 3049.000  2.622984e+00 
 3050.000  2.624326e+00 
 3051.000  2.621262e+00 
 3052.000  2.618047e+00 
 3053.000  2.613417e+00 
 3054.000  2.882602e+00 
 3055.000  2.851319e+00 
 3056.000  2.880599e+00 
 3057.000  2.873188e+00 
 3058.000  2.841247e+00 
 3059.000  3.138423e+00 
 3060.000  3.148047e+00 
 3061.000  3.147796e+00 
 3062.000  3.143524e+00 
 3063.000  3.376442e+00 
 3064.000  3.329416e+00 
 3065.000  3.337288e+00 
 3066.000  3.365081e+00 
 3067.000  3.338553e+00 
 3068.000  3.433490e+00 
 3069.000  3.484086e+00 
 3070.000  3.482531e+00 
 3071.000  3.472823e+00 
 3072.000  3.475125e+00 
 3073.000  3.497906e+00 
 3074.000  3.485156e+00 
 3075.000  3.493261e+00 
 3076.000  3.471562e+00 
 3077.000  3.062169e+00 
 3078.000  3.062851e+00 
 3079.000  3.055611e+00 
 3080.000  3.048711e+00 
 3081.000  3.033351e+00 
 3082.000  2.862972e+00 
 3083.000  2.857735e+00 
 3084.000  2.870056e+00 
 3085.000  2.866236e+00 
 3086.000  2.845449e+00 
 3087.000  2.620125e+00 
 3088.000  2.633881e+00 
 3089.000  2.632277e+00 
 3090.000  2.631573e+00 
 3091.000  2.603524e+00 
 3092.000  2.324077e+00 
 3093.000  2.323013e+00 
 3094.000  2.318794e+00 
 3095.000  2.313849e+00 
 3096.000  2.353853e+00 
 3097.000  2.345122e+00 
 3098.000  2.299414e+00 
 3099.000  2.336259e+00 
 3100.000  2.344414e+00 
 3101.000  2.421818e+00 
 3102.000  2.418733e+00 
 3103.000  2.418447e+00 
 3104.000  2.414894e+00 
 3105.000  2.411886e+00 
 3106.000  2.699973e+00 
 3107.000  2.688293e+00 
 3108.000  2.699147e+00 
 3109.000  2.694147e+00 
 3110.000  2.691176e+00 
 3111.000  3.206477e+00 
 3112.000  3.199336e+00 
 3113.000  3.179680e+00 
 3114.000  3.182012e+00 
 3115.000  3.084876e+00 
 3116.000  3.881982e+00 
 3117.000  4.042431e+00 
 3118.000  4.058929e+00 
 3119.000  4.042259e+00 
 3120.000  4.046538e+00 
 3121.000  4.436335e+00 
 3122.000  4.447680e+00 
 3123.000  4.455254e+00 
 3124.000  4.451157e+00 
 3125.000  4.451765e+00 
 3126.000  4.825199e+00 
 3127.000  4.800529e+00 
 3128.000  4.819117e+00 
 3129.000  4.774062e+00 
 3130.000  5.002271e+00 
 3131.000  4.972363e+00 
 3132.000  4.995266e+00 
 3133.000  4.983570e+00 
 3134.000  5.027498e+00 
 3135.000  4.742668e+00 
 3136.000  4.736996e+00 
 3137.000  4.734519e+00 
 3138.000  4.732241e+00 
 3139.000  4.715692e+00 
 3140.000  4.766780e+00 
 3141.000  4.778034e+00 
 3142.000  4.757882e+00 
 3143.000  4.766329e+00 
 3144.000  4.816311e+00 
 3145.000  5.357098e+00 
 3146.000  5.350753e+00 
 3147.000  5.306836e+00 
 3148.000  5.331316e+00 
 3149.000  5.332018e+00 
 3150.000  6.129003e+00 
 3151.000  6.109775e+00 
 3152.000  5.785743e+00 
 3153.000  6.105108e+00 
 3154.000  6.132932e+00 
 3155.000  7.168308e+00 
 3156.000  7.161757e+00 
 3157.000  7.141846e+00 
 3158.000  7.143088e+00 
 3159.000  7.132980e+00 
 3160.000  7.930709e+00 
 3161.000  7.912476e+00 
 3162.000  7.924846e+00 
 3163.000  7.902842e+00 
 3164.000  7.852418e+00 
 3165.000  7.951315e+00 
 3166.000  7.966950e+00 
 3167.000  7.937122e+00 
 3168.000  7.887593e+00 
 3169.000  7.922955e+00 
 3170.000  7.509596e+00 
 3171.000  7.683952e+00 
 3172.000  7.680006e+00 
 3173.000  7.678131e+00 
 3174.000  7.607012e+00 
 3175.000  6.990596e+00 
 3176.000  6.979598e+00 
 3177.000  6.974430e+00 
 3178.000  6.941736e+00 
 3179.000  6.935817e+00 
 3180.000  5.897677e+00 
 3181.000  5.799617e+00 
 3182.000  5.876477e+00 
 3183.000  5.868849e+00 
 3184.000  5.806221e+00 
 3185.000  4.404563e+00 
 3186.000  4.398011e+00 
 3187.000  4.386357e+00 
 3188.000  4.378283e+00 
 3189.000  4.382976e+00 
 3190.000  2.926313e+00 
 3191.000  2.922760e+00 
 3192.000  2.919272e+00 
 3193.000  2.914133e+00 
 3194.000  2.885169e+00 
 3195.000  1.728854e+00 
 3196.000  1.719321e+00 
 3197.000  1.724553e+00 
 3198.000  1.721370e+00 
 3199.000  1.721329e+00 
 3200.000  1.206896e+00 
 3201.000  1.176617e+00 
 3202.000  1.203347e+00 
 3203.000  1.204328e+00 
 3204.000  1.198458e+00 
 3205.000  1.189076e+00 
 3206.000  9.917462e-01 
 3207.000  9.904391e-01 
 3208.000  9.893426e-01 
 3209.000  9.882407e-01 
 3210.000  9.859303e-01 
 3211.000  1.006945e+00 
 3212.000  1.005332e+00 
 3213.000  1.004824e+00 
 3214.000  1.003433e+00 
 3215.000  9.766569e-01 
 3216.000  1.253861e+00 
 3217.000  1.252710e+00 
 3218.000  1.253006e+00 
 3219.000  1.250111e+00 
 3220.000  1.249457e+00 
 3221.000  1.580072e+00 
 3222.000  1.580246e+00 
 3223.000  1.573831e+00 
 3224.000  1.565390e+00 
 3225.000  1.570761e+00 
 3226.000  1.972046e+00 
 3227.000  1.976273e+00 
 3228.000  1.971694e+00 
 3229.000  1.966412e+00 
 3230.000  1.965696e+00 
 3231.000  1.965487e+00 
 3232.000  2.566095e+00 
 3233.000  2.562339e+00 
 3234.000  2.525035e+00 
 3235.000  2.560624e+00 
 3236.000  2.561381e+00 
 3237.000  2.916567e+00 
 3238.000  2.913079e+00 
 3239.000  2.904896e+00 
 3240.000  2.903296e+00 
 3241.000  2.896219e+00 
 3242.000  2.939626e+00 
 3243.000  2.900632e+00 
 3244.000  2.937709e+00 
 3245.000  2.930432e+00 
 3246.000  2.966935e+00 
 3247.000  3.119960e+00 
 3248.000  3.115069e+00 
 3249.000  3.108810e+00 
 3250.000  3.107963e+00 
 3251.000  3.105254e+00 
 3252.000  3.099975e+00 
 3253.000  2.895812e+00 
 3254.000  2.874348e+00 
 3255.000  2.876799e+00 
 3256.000  2.885047e+00 
 3257.000  2.907641e+00 
 3258.000  2.671981e+00 
 3259.000  2.675138e+00 
 3260.000  2.647143e+00 
 3261.000  2.669109e+00 
 3262.000  2.656311e+00 
 3263.000  2.904520e+00 
 3264.000  2.908958e+00 
 3265.000  2.908762e+00 
 3266.000  2.883621e+00 
 3267.000  2.919294e+00 
 3268.000  3.373556e+00 
 3269.000  3.356937e+00 
 3270.000  3.364008e+00 
 3271.000  3.354897e+00 
 3272.000  3.356415e+00 
 3273.000  3.346370e+00 
 3274.000  3.856701e+00 
 3275.000  3.850685e+00 
 3276.000  3.791648e+00 
 3277.000  3.838749e+00 
 3278.000  3.852115e+00 
 3279.000  4.332266e+00 
 3280.000  4.318437e+00 
 3281.000  4.262091e+00 
 3282.000  4.305658e+00 
 3283.000  4.299683e+00 
 3284.000  4.308875e+00 
 3285.000  4.221221e+00 
 3286.000  4.264428e+00 
 3287.000  4.261146e+00 
 3288.000  4.254570e+00 
 3289.000  4.268042e+00 
 3290.000  3.780794e+00 
 3291.000  3.735143e+00 
 3292.000  3.768149e+00 
 3293.000  3.757104e+00 
 3294.000  3.745557e+00 
 3295.000  3.207692e+00 
 3296.000  3.157205e+00 
 3297.000  3.079988e+00 
 3298.000  3.125055e+00 
 3299.000  3.198609e+00 
 3300.000  3.241980e+00 
 3301.000  2.779052e+00 
 3302.000  2.800539e+00 
 3303.000  2.798762e+00 
 3304.000  2.798313e+00 
 3305.000  2.795464e+00 
 3306.000  2.346678e+00 
 3307.000  2.352918e+00 
 3308.000  2.348508e+00 
 3309.000  2.348076e+00 
 3310.000  2.344129e+00 
 3311.000  2.333287e+00 
 3312.000  2.178513e+00 
 3313.000  2.169024e+00 
 3314.000  2.178004e+00 
 3315.000  2.173680e+00 
 3316.000  2.155606e+00 
 3317.000  2.548982e+00 
 3318.000  2.522427e+00 
 3319.000  2.532523e+00 
 3320.000  2.299419e+00 
 3321.000  2.525376e+00 
 3322.000  2.547722e+00 
 3323.000  3.251206e+00 
 3324.000  3.257397e+00 
 3325.000  3.230170e+00 
 3326.000  3.234911e+00 
 3327.000  3.240549e+00 
 3328.000  3.975950e+00 
 3329.000  3.975586e+00 
 3330.000  3.972838e+00 
 3331.000  3.944197e+00 
 3332.000  3.939258e+00 
 3333.000  3.987674e+00 
 3334.000  4.378748e+00 
 3335.000  4.365597e+00 
 3336.000  4.365850e+00 
 3337.000  4.346686e+00 
 3338.000  4.347849e+00 
 3339.000  4.438459e+00 
 3340.000  4.396837e+00 
 3341.000  4.367033e+00 
 3342.000  4.425523e+00 
 3343.000  4.416235e+00 
 3344.000  4.447312e+00 
 3345.000  4.500809e+00 
 3346.000  4.487605e+00 
 3347.000  4.493372e+00 
 3348.000  4.490949e+00 
 3349.000  4.483841e+00 
 3350.000  4.417688e+00 
 3351.000  4.427115e+00 
 3352.000  4.431215e+00 
 3353.000  4.359483e+00 
 3354.000  4.418522e+00 
 3355.000  4.439051e+00 
 3356.000  4.687125e+00 
 3357.000  4.675705e+00 
 3358.000  4.655200e+00 
 3359.000  4.672772e+00 
 3360.000  4.666137e+00 
 3361.000  4.655755e+00 
 3362.000  4.926213e+00 
 3363.000  4.925740e+00 
 3364.000  4.924853e+00 
 3365.000  4.897586e+00 
 3366.000  4.872144e+00 
 3367.000  4.906869e+00 
 3368.000  5.275602e+00 
 3369.000  5.238428e+00 
 3370.000  5.142278e+00 
 3371.000  5.251757e+00 
 3372.000  5.260552e+00 
 3373.000  5.605667e+00 
 3374.000  5.568998e+00 
 3375.000  5.613413e+00 
 3376.000  5.610353e+00 
 3377.000  5.587940e+00 
 3378.000  5.588072e+00 
 3379.000  5.929684e+00 
 3380.000  5.938905e+00 
 3381.000  5.915213e+00 
 3382.000  5.867891e+00 
 3383.000  5.873945e+00 
 3384.000  5.883307e+00 
 3385.000  6.126854e+00 
 3386.000  6.130999e+00 
 3387.000  6.122839e+00 
 3388.000  6.112857e+00 
 3389.000  6.117539e+00 
 3390.000  6.239217e+00 
 3391.000  6.232087e+00 
 3392.000  6.219195e+00 
 3393.000  6.210875e+00 
 3394.000  6.205704e+00 
 3395.000  6.193321e+00 
 3396.000  6.216453e+00 
 3397.000  6.014480e+00 
 3398.000  6.183459e+00 
 3399.000  6.085643e+00 
 3400.000  6.239135e+00 
 3401.000  5.929513e+00 
 3402.000  6.279909e+00 
 3403.000  6.278795e+00 
 3404.000  6.287500e+00 
 3405.000  6.276205e+00 
 3406.000  6.271410e+00 
 3407.000  6.228950e+00 
 3408.000  6.443519e+00 
 3409.000  6.338444e+00 
 3410.000  6.390507e+00 
 3411.000  6.421159e+00 
 3412.000  6.427771e+00 
 3413.000  6.645319e+00 
 3414.000  6.654268e+00 
 3415.000  6.552579e+00 
 3416.000  6.475099e+00 
 3417.000  6.627853e+00 
 3418.000  6.645669e+00 
 3419.000  6.798481e+00 
 3420.000  6.796671e+00 
 3421.000  6.783588e+00 
 3422.000  6.755062e+00 
 3423.000  6.771393e+00 
 3424.000  6.769087e+00 
 3425.000  6.920950e+00 
 3426.000  6.912605e+00 
 3427.000  6.733201e+00 
 3428.000  6.811882e+00 
 3429.000  6.868937e+00 
 3430.000  6.879220e+00 
 3431.000  6.856583e+00 
 3432.000  6.890015e+00 
 3433.000  6.868126e+00 
 3434.000  6.872079e+00 
 3435.000  6.847113e+00 
 3436.000  6.858788e+00 
 3437.000  6.851837e+00 
 3438.000  6.861016e+00 
 3439.000  6.854191e+00 
 3440.000  6.844206e+00 
 3441.000  6.839607e+00 
 3442.000  6.778857e+00 
 3443.000  6.890218e+00 
 3444.000  6.880840e+00 
 3445.000  6.860950e+00 
 3446.000  6.846745e+00 
 3447.000  6.856503e+00 
 3448.000  6.839775e+00 
 3449.000  6.900451e+00 
 3450.000  6.890554e+00 
 3451.000  6.893334e+00 
 3452.000  6.882315e+00 
 3453.000  6.875155e+00 
 3454.000  6.855202e+00 
 3455.000  6.940770e+00 
 3456.000  6.911116e+00 
 3457.000  6.921541e+00 
 3458.000  6.908320e+00 
 3459.000  6.914425e+00 
 3460.000  6.897005e+00 
 3461.000  6.951271e+00 
 3462.000  6.947421e+00 
 3463.000  6.941814e+00 
 3464.000  6.921546e+00 
 3465.000  6.921870e+00 
 3466.000  6.881293e+00 
 3467.000  6.880448e+00 
 3468.000  6.887027e+00 
 3469.000  6.880601e+00 
 3470.000  6.878988e+00 
 3471.000  6.818884e+00 
 3472.000  6.846430e+00 
 3473.000  6.803175e+00 
 3474.000  6.839881e+00 
 3475.000  6.828785e+00 
 3476.000  6.837386e+00 
 3477.000  6.763352e+00 
 3478.000  6.826134e+00 
 3479.000  6.843398e+00 
 3480.000  6.834714e+00 
 3481.000  6.812525e+00 
 3482.000  6.822143e+00 
 3483.000  6.811820e+00 
 3484.000  6.793843e+00 
 3485.000  6.838080e+00 
 3486.000  6.807042e+00 
 3487.000  6.824170e+00 
 3488.000  6.829010e+00 
 3489.000  6.820880e+00 
 3490.000  6.783469e+00 
 3491.000  6.894783e+00 
 3492.000  6.859334e+00 
 3493.000  6.878579e+00 
 3494.000  6.814960e+00 
 3495.000  6.862993e+00 
 3496.000  6.870437e+00 
 3497.000  6.923212e+00 
 3498.000  6.910952e+00 
 3499.000  6.906367e+00 
 3500.000  6.900191e+00 
 3501.000  6.829198e+00 
 3502.000  6.883322e+00 
 3503.000  6.899259e+00 
 3504.000  6.893347e+00 
 3505.000  6.885448e+00 
 3506.000  6.879810e+00 
 3507.000  6.870864e+00 
 3508.000  6.849858e+00 
 3509.000  6.808042e+00 
 3510.000  6.802009e+00 
 3511.000  6.795867e+00 
 3512.000  6.769121e+00 
 3513.000  6.776561e+00 
 3514.000  6.768695e+00 
 3515.000  6.651027e+00 
 3516.000  6.622261e+00 
 3517.000  6.631222e+00 
 3518.000  6.614904e+00 
 3519.000  6.616347e+00 
 3520.000  6.603519e+00 
 3521.000  6.608199e+00 
 3522.000  6.437556e+00 
 3523.000  6.423988e+00 
 3524.000  6.361383e+00 
 3525.000  6.429356e+00 
 3526.000  6.423796e+00 
 3527.000  6.405313e+00 
 3528.000  6.210069e+00 
 3529.000  6.202439e+00 
 3530.000  6.205450e+00 
 3531.000  6.166005e+00 
 3532.000  6.194284e+00 
 3533.000  6.188111e+00 
 3534.000  5.999777e+00 
 3535.000  5.977333e+00 
 3536.000  6.025128e+00 
 3537.000  6.017612e+00 
 3538.000  5.895126e+00 
 3539.000  5.965699e+00 
 3540.000  5.959980e+00 
 3541.000  5.968544e+00 
 3542.000  5.955420e+00 
 3543.000  5.950883e+00 
 3544.000  5.948410e+00 
 3545.000  5.933028e+00 
 3546.000  5.929743e+00 
 3547.000  5.921679e+00 
 3548.000  5.907683e+00 
 3549.000  5.908327e+00 
 3550.000  5.903195e+00 
 3551.000  5.894565e+00 
 3552.000  5.888929e+00 
 3553.000  5.921859e+00 
 3554.000  5.924186e+00 
 3555.000  5.880495e+00 
 3556.000  5.766846e+00 
 3557.000  5.905758e+00 
 3558.000  5.894940e+00 
 3559.000  5.912793e+00 
 3560.000  5.778593e+00 
 3561.000  5.887233e+00 
 3562.000  5.897950e+00 
 3563.000  5.889073e+00 
 3564.000  5.863336e+00 
 3565.000  5.878698e+00 
 3566.000  5.789657e+00 
 3567.000  5.785894e+00 
 3568.000  5.781784e+00 
 3569.000  5.767593e+00 
 3570.000  5.755853e+00 
 3571.000  5.625573e+00 
 3572.000  5.742272e+00 
 3573.000  5.742362e+00 
 3574.000  5.730847e+00 
 3575.000  5.726985e+00 
 3576.000  5.725217e+00 
 3577.000  5.708900e+00 
 3578.000  5.732938e+00 
 3579.000  5.726924e+00 
 3580.000  5.642422e+00 
 3581.000  5.700995e+00 
 3582.000  5.700055e+00 
 3583.000  5.706059e+00 
 3584.000  5.631584e+00 
 3585.000  5.731226e+00 
 3586.000  5.730458e+00 
 3587.000  5.723602e+00 
 3588.000  5.730078e+00 
 3589.000  5.720133e+00 
 3590.000  5.719403e+00 
 3591.000  5.853843e+00 
 3592.000  5.852254e+00 
 3593.000  5.829752e+00 
 3594.000  5.831775e+00 
 3595.000  5.837639e+00 
 3596.000  5.764611e+00 
 3597.000  5.767961e+00 
 3598.000  5.960313e+00 
 3599.000  5.927208e+00 
 3600.000  5.937446e+00 
 3601.000  5.917650e+00 
 3602.000  5.936683e+00 
 3603.000  5.922462e+00 
 3604.000  6.009973e+00 
 3605.000  5.995905e+00 
 3606.000  6.001614e+00 
 3607.000  5.983802e+00 
 3608.000  5.986389e+00 
 3609.000  5.974669e+00 
 3610.000  5.962382e+00 
 3611.000  6.091536e+00 
 3612.000  6.079338e+00 
 3613.000  6.073761e+00 
 3614.000  6.071645e+00 
 3615.000  6.064995e+00 
 3616.000  6.055968e+00 
 3617.000  6.163346e+00 
 3618.000  6.156623e+00 
 3619.000  6.149105e+00 
 3620.000  6.142157e+00 
 3621.000  6.133649e+00 
 3622.000  6.132453e+00 
 3623.000  6.123222e+00 
 3624.000  6.160630e+00 
 3625.000  6.155508e+00 
 3626.000  6.159547e+00 
 3627.000  6.154170e+00 
 3628.000  6.146536e+00 
 3629.000  6.124856e+00 
 3630.000  6.196073e+00 
 3631.000  6.224965e+00 
 3632.000  6.225642e+00 
 3633.000  6.216020e+00 
 3634.000  6.209260e+00 
 3635.000  6.206627e+00 
 3636.000  6.187545e+00 
 3637.000  6.229423e+00 
 3638.000  6.248212e+00 
 3639.000  6.244498e+00 
 3640.000  6.214696e+00 
 3641.000  6.232825e+00 
 3642.000  6.220106e+00 
 3643.000  6.182331e+00 
 3644.000  6.084466e+00 
 3645.000  6.115484e+00 
 3646.000  6.162509e+00 
 3647.000  6.145306e+00 
 3648.000  6.144411e+00 
 3649.000  6.121127e+00 
 3650.000  6.037332e+00 
 3651.000  6.024601e+00 
 3652.000  6.008795e+00 
 3653.000  5.881488e+00 
 3654.000  5.887300e+00 
 3655.000  5.981287e+00 
 3656.000  5.986531e+00 
 3657.000  5.768047e+00 
 3658.000  5.751352e+00 
 3659.000  5.668683e+00 
 3660.000  5.682326e+00 
 3661.000  5.751722e+00 
 3662.000  5.730802e+00 
 3663.000  5.726160e+00 
 3664.000  5.447100e+00 
 3665.000  5.443187e+00 
 3666.000  5.436391e+00 
 3667.000  5.431452e+00 
 3668.000  5.347660e+00 
 3669.000  5.416200e+00 
 3670.000  5.297857e+00 
 3671.000  5.193240e+00 
 3672.000  5.278755e+00 
 3673.000  5.274371e+00 
 3674.000  5.275401e+00 
 3675.000  5.268400e+00 
 3676.000  5.263111e+00 
 3677.000  5.276373e+00 
 3678.000  5.371276e+00 
 3679.000  5.190917e+00 
 3680.000  5.375055e+00 
 3681.000  5.372120e+00 
 3682.000  5.297085e+00 
 3683.000  5.147358e+00 
 3684.000  5.496909e+00 
 3685.000  5.562708e+00 
 3686.000  5.575003e+00 
 3687.000  5.549965e+00 
 3688.000  5.562945e+00 
 3689.000  5.536978e+00 
 3690.000  5.510340e+00 
 3691.000  5.759959e+00 
 3692.000  5.750840e+00 
 3693.000  5.767969e+00 
 3694.000  5.750905e+00 
 3695.000  5.721375e+00 
 3696.000  5.714332e+00 
 3697.000  5.810335e+00 
 3698.000  5.812353e+00 
 3699.000  5.629706e+00 
 3700.000  5.657531e+00 
 3701.000  5.707201e+00 
 3702.000  5.756191e+00 
 3703.000  5.868788e+00 
 3704.000  5.876915e+00 
 3705.000  5.754505e+00 
 3706.000  5.826365e+00 
 3707.000  5.786302e+00 
 3708.000  5.826913e+00 
 3709.000  5.705770e+00 
 3710.000  5.833932e+00 
 3711.000  5.763559e+00 
 3712.000  5.714884e+00 
 3713.000  5.789030e+00 
 3714.000  5.757668e+00 
 3715.000  5.716850e+00 
 3716.000  5.765026e+00 
 3717.000  5.777451e+00 
 3718.000  5.760664e+00 
 3719.000  5.739257e+00 
 3720.000  5.762212e+00 
 3721.000  5.705380e+00 
 3722.000  5.712011e+00 
 3723.000  5.741683e+00 
 3724.000  5.736246e+00 
 3725.000  5.653278e+00 
 3726.000  5.676033e+00 
 3727.000  5.654416e+00 
 3728.000  5.657848e+00 
 3729.000  5.629341e+00 
 3730.000  5.647071e+00 
 3731.000  5.633013e+00 
 3732.000  5.596906e+00 
 3733.000  5.603887e+00 
 3734.000  5.595942e+00 
 3735.000  5.529001e+00 
 3736.000  5.491150e+00 
 3737.000  5.532306e+00 
 3738.000  5.465946e+00 
 3739.000  5.334754e+00 
 3740.000  5.253121e+00 
 3741.000  5.205944e+00 
 3742.000  5.403360e+00 
 3743.000  5.467875e+00 
 3744.000  5.456204e+00 
 3745.000  5.287992e+00 
 3746.000  5.197719e+00 
 3747.000  5.306616e+00 
 3748.000  5.442031e+00 
 3749.000  5.424502e+00 
 3750.000  5.398868e+00 
 3751.000  5.390521e+00 
 3752.000  5.432313e+00 
 3753.000  5.254894e+00 
 3754.000  5.325899e+00 
 3755.000  5.356113e+00 
 3756.000  5.383411e+00 
 3757.000  5.368549e+00 
 3758.000  5.331684e+00 
 3759.000  5.344019e+00 
 3760.000  5.356267e+00 
 3761.000  5.380713e+00 
 3762.000  5.337049e+00 
 3763.000  5.258873e+00 
 3764.000  5.350601e+00 
 3765.000  5.330870e+00 
 3766.000  5.344900e+00 
 3767.000  5.343193e+00 
 3768.000  5.317227e+00 
 3769.000  5.305227e+00 
 3770.000  5.313693e+00 
 3771.000  5.280117e+00 
 3772.000  5.310772e+00 
 3773.000  5.236360e+00 
 3774.000  5.313167e+00 
 3775.000  5.330786e+00 
 3776.000  5.231871e+00 
 3777.000  5.220606e+00 
 3778.000  5.310021e+00 
 3779.000  5.290385e+00 
 3780.000  5.272441e+00 
 3781.000  5.300406e+00 
 3782.000  5.260891e+00 
 3783.000  5.315783e+00 
 3784.000  5.301364e+00 
 3785.000  5.301017e+00 
 3786.000  5.286104e+00 
 3787.000  5.163063e+00 
 3788.000  5.297064e+00 
 3789.000  5.293818e+00 
 3790.000  5.298523e+00 
 3791.000  5.202494e+00 
 3792.000  5.263960e+00 
 3793.000  5.208028e+00 
 3794.000  5.275403e+00 
 3795.000  5.248658e+00 
 3796.000  5.319830e+00 
 3797.000  5.323245e+00 
 3798.000  5.300087e+00 
 3799.000  5.265196e+00 
 3800.000  5.206662e+00 
 3801.000  5.308277e+00 
 3802.000  5.288995e+00 
 3803.000  5.325953e+00 
 3804.000  5.305819e+00 
 3805.000  5.308802e+00 
 3806.000  5.295865e+00 
 3807.000  5.227548e+00 
 3808.000  5.260633e+00 
 3809.000  5.277092e+00 
 3810.000  5.286629e+00 
 3811.000  5.309687e+00 
 3812.000  5.322543e+00 
 3813.000  5.286303e+00 
 3814.000  5.305355e+00 
 3815.000  5.304049e+00 
 3816.000  5.254468e+00 
 3817.000  5.289359e+00 
 3818.000  5.252198e+00 
 3819.000  5.330003e+00 
 3820.000  5.332835e+00 
 3821.000  5.330347e+00 
 3822.000  5.323373e+00 
 3823.000  5.296607e+00 
 3824.000  5.302791e+00 
 3825.000  5.287941e+00 
 3826.000  5.288848e+00 
 3827.000  5.285578e+00 
 3828.000  5.267503e+00 
 3829.000  5.268564e+00 
 3830.000  5.269603e+00 
 3831.000  5.259123e+00 
 3832.000  5.220104e+00 
 3833.000  5.187840e+00 
 3834.000  5.206128e+00 
 3835.000  5.166316e+00 
 3836.000  5.126174e+00 
 3837.000  5.167589e+00 
 3838.000  5.186424e+00 
 3839.000  5.140963e+00 
 3840.000  5.136642e+00 
 3841.000  5.131302e+00 
 3842.000  5.121790e+00 
 3843.000  5.116390e+00 
 3844.000  5.110397e+00 
 3845.000  5.108178e+00 
 3846.000  5.111381e+00 
 3847.000  5.015439e+00 
 3848.000  5.013406e+00 
 3849.000  5.008142e+00 
 3850.000  4.981586e+00 
 3851.000  4.989499e+00 
 3852.000  4.989884e+00 
 3853.000  4.970421e+00 
 3854.000  4.887237e+00 
 3855.000  4.883180e+00 
 3856.000  4.878004e+00 
 3857.000  4.868781e+00 
 3858.000  4.858100e+00 
 3859.000  4.834005e+00 
 3860.000  4.821874e+00 
 3861.000  4.847380e+00 
 3862.000  4.758402e+00 
 3863.000  4.644560e+00 
 3864.000  4.714411e+00 
 3865.000  4.730826e+00 
 3866.000  4.739399e+00 
 3867.000  4.684058e+00 
 3868.000  4.710970e+00 
 3869.000  4.615335e+00 
 3870.000  4.641461e+00 
 3871.000  4.616588e+00 
 3872.000  4.555841e+00 
 3873.000  4.628657e+00 
 3874.000  4.621866e+00 
 3875.000  4.611342e+00 
 3876.000  4.610875e+00 
 3877.000  4.606411e+00 
 3878.000  4.600987e+00 
 3879.000  4.593775e+00 
 3880.000  4.590872e+00 
 3881.000  4.582724e+00 
 3882.000  4.566850e+00 
 3883.000  4.562129e+00 
 3884.000  4.602126e+00 
 3885.000  4.476807e+00 
 3886.000  4.540807e+00 
 3887.000  4.591255e+00 
 3888.000  4.591165e+00 
 3889.000  4.590181e+00 
 3890.000  4.575219e+00 
 3891.000  4.569924e+00 
 3892.000  4.627203e+00 
 3893.000  4.625876e+00 
 3894.000  4.607127e+00 
 3895.000  4.618441e+00 
 3896.000  4.597520e+00 
 3897.000  4.549459e+00 
 3898.000  4.528620e+00 
 3899.000  4.628595e+00 
 3900.000  4.595889e+00 
 3901.000  4.617700e+00 
 3902.000  4.616474e+00 
 3903.000  4.604178e+00 
 3904.000  4.608760e+00 
 3905.000  4.603233e+00 
 3906.000  4.586082e+00 
 3907.000  4.606691e+00 
 3908.000  4.595168e+00 
 3909.000  4.597610e+00 
 3910.000  4.594340e+00 
 3911.000  4.591494e+00 
 3912.000  4.588672e+00 
 3913.000  4.581968e+00 
 3914.000  4.593319e+00 
 3915.000  4.601252e+00 
 3916.000  4.589115e+00 
 3917.000  4.587822e+00 
 3918.000  4.576966e+00 
 3919.000  4.568511e+00 
 3920.000  4.582339e+00 
 3921.000  4.560246e+00 
 3922.000  4.607547e+00 
 3923.000  4.606674e+00 
 3924.000  4.602069e+00 
 3925.000  4.602103e+00 
 3926.000  4.586298e+00 
 3927.000  4.587705e+00 
 3928.000  4.594707e+00 
 3929.000  4.590005e+00 
 3930.000  4.648751e+00 
 3931.000  4.645704e+00 
 3932.000  4.621994e+00 
 3933.000  4.633564e+00 
 3934.000  4.576045e+00 
 3935.000  4.606683e+00 
 3936.000  4.627424e+00 
 3937.000  4.624866e+00 
 3938.000  4.666411e+00 
 3939.000  4.686643e+00 
 3940.000  4.682667e+00 
 3941.000  4.676338e+00 
 3942.000  4.675539e+00 
 3943.000  4.673106e+00 
 3944.000  4.633564e+00 
 3945.000  4.772947e+00 
 3946.000  4.758543e+00 
 3947.000  4.759041e+00 
 3948.000  4.734615e+00 
 3949.000  4.748543e+00 
 3950.000  4.697481e+00 
 3951.000  4.730695e+00 
 3952.000  4.581629e+00 
 3953.000  4.735507e+00 
 3954.000  4.730532e+00 
 3955.000  4.722676e+00 
 3956.000  4.679528e+00 
 3957.000  4.688490e+00 
 3958.000  4.648631e+00 
 3959.000  4.659336e+00 
 3960.000  4.709278e+00 
 3961.000  4.721862e+00 
 3962.000  4.679490e+00 
 3963.000  4.715024e+00 
 3964.000  4.692343e+00 
 3965.000  4.688772e+00 
 3966.000  4.693313e+00 
 3967.000  4.688657e+00 
 3968.000  4.697552e+00 
 3969.000  4.671803e+00 
 3970.000  4.657610e+00 
 3971.000  4.638392e+00 
 3972.000  4.662247e+00 
 3973.000  4.619404e+00 
 3974.000  4.636259e+00 
 3975.000  4.650262e+00 
 3976.000  4.647145e+00 
 3977.000  4.570225e+00 
 3978.000  4.589467e+00 
 3979.000  4.573840e+00 
 3980.000  4.578772e+00 
 3981.000  4.588492e+00 
 3982.000  4.578553e+00 
 3983.000  4.558516e+00 
 3984.000  4.556324e+00 
 3985.000  4.508208e+00 
 3986.000  4.407944e+00 
 3987.000  4.533367e+00 
 3988.000  4.537702e+00 
 3989.000  4.506550e+00 
 3990.000  4.504333e+00 
 3991.000  4.438497e+00 
 3992.000  4.492286e+00 
 3993.000  4.403337e+00 
 3994.000  4.396780e+00 
 3995.000  4.370453e+00 
 3996.000  4.297088e+00 
 3997.000  4.409477e+00 
 3998.000  4.385424e+00 
 3999.000  4.302660e+00 
 4000.000  4.345109e+00 
