  290.000  0.000000e+00 
  291.000  2.034081e-06 
  292.000  2.679265e-05 
  293.000  8.613551e-05 
  294.000  5.885790e-04 
  295.000  1.741185e-03 
  296.000  1.056767e-02 
  297.000  1.518908e-02 
  298.000  8.322434e-02 
  299.000  1.622860e-01 
  300.000  3.093946e-01 
  301.000  9.018427e-01 
  302.000  1.054541e+00 
  303.000  2.920110e+00 
  304.000  3.478547e+00 
  305.000  6.600645e+00 
  306.000  7.527171e+00 
  307.000  1.145151e+01 
  308.000  1.518794e+01 
  309.000  1.668105e+01 
  310.000  1.902674e+01 
  311.000  3.763633e+01 
  312.000  3.281575e+01 
  313.000  4.286309e+01 
  314.000  4.498853e+01 
  315.000  5.490109e+01 
  316.000  4.380192e+01 
  317.000  6.474722e+01 
  318.000  6.429958e+01 
  319.000  7.348020e+01 
  320.000  7.268587e+01 
  321.000  9.108350e+01 
  322.000  8.207718e+01 
  323.000  7.315641e+01 
  324.000  9.364996e+01 
  325.000  1.062389e+02 
  326.000  1.488302e+02 
  327.000  1.531329e+02 
  328.000  1.294164e+02 
  329.000  1.558615e+02 
  330.000  1.662670e+02 
  331.000  1.376616e+02 
  332.000  1.540416e+02 
  333.000  1.775824e+02 
  334.000  1.514120e+02 
  335.000  1.657211e+02 
  336.000  1.267491e+02 
  337.000  1.233645e+02 
  338.000  1.530328e+02 
  339.000  1.566365e+02 
  340.000  1.791659e+02 
  341.000  1.537058e+02 
  342.000  1.637721e+02 
  343.000  1.670598e+02 
  344.000  1.533941e+02 
  345.000  2.002189e+02 
  346.000  2.254396e+02 
  347.000  2.176350e+02 
  348.000  2.078894e+02 
  349.000  2.311671e+02 
  350.000  2.396086e+02 
  351.000  2.306370e+02 
  352.000  2.395655e+02 
  353.000  2.214587e+02 
  354.000  2.590223e+02 
  355.000  2.659061e+02 
  356.000  2.546271e+02 
  357.000  1.648012e+02 
  358.000  1.812867e+02 
  359.000  1.846081e+02 
  360.000  2.771553e+02 
  361.000  2.223838e+02 
  362.000  2.468741e+02 
  363.000  2.656772e+02 
  364.000  2.682365e+02 
  365.000  2.540123e+02 
  366.000  3.525354e+02 
  367.000  3.189138e+02 
  368.000  3.040002e+02 
  369.000  2.955278e+02 
  370.000  3.434527e+02 
  371.000  2.771331e+02 
  372.000  2.946784e+02 
  373.000  2.965693e+02 
  374.000  2.318855e+02 
  375.000  2.143800e+02 
  376.000  3.094287e+02 
  377.000  3.193396e+02 
  378.000  4.164013e+02 
  379.000  3.230973e+02 
  380.000  3.049528e+02 
  381.000  3.449105e+02 
  382.000  2.595896e+02 
  383.000  1.821491e+02 
  384.000  2.017019e+02 
  385.000  3.052785e+02 
  386.000  2.382493e+02 
  387.000  2.748560e+02 
  388.000  2.735243e+02 
  389.000  3.130150e+02 
  390.000  3.810570e+02 
  391.000  4.279463e+02 
  392.000  3.817310e+02 
  393.000  2.053877e+02 
  394.000  2.280765e+02 
  395.000  3.841564e+02 
  396.000  3.967074e+02 
  397.000  1.619746e+02 
  398.000  4.545923e+02 
  399.000  5.467292e+02 
  400.000  5.387214e+02 
  401.000  5.366082e+02 
  402.000  5.698807e+02 
  403.000  5.348284e+02 
  404.000  5.758669e+02 
  405.000  5.291168e+02 
  406.000  5.261060e+02 
  407.000  5.133316e+02 
  408.000  5.571070e+02 
  409.000  6.177200e+02 
  410.000  5.173150e+02 
  411.000  6.084774e+02 
  412.000  6.314891e+02 
  413.000  5.974641e+02 
  414.000  5.872674e+02 
  415.000  6.272661e+02 
  416.000  6.243450e+02 
  417.000  6.062030e+02 
  418.000  5.938273e+02 
  419.000  6.092117e+02 
  420.000  5.163339e+02 
  421.000  6.477524e+02 
  422.000  6.214701e+02 
  423.000  5.255250e+02 
  424.000  5.787590e+02 
  425.000  6.001386e+02 
  426.000  5.775853e+02 
  427.000  5.562226e+02 
  428.000  5.638693e+02 
  429.000  5.135687e+02 
  430.000  4.102721e+02 
  431.000  3.692724e+02 
  432.000  6.654077e+02 
  433.000  5.929343e+02 
  434.000  5.641456e+02 
  435.000  6.144072e+02 
  436.000  6.819758e+02 
  437.000  6.892445e+02 
  438.000  6.180276e+02 
  439.000  5.986318e+02 
  440.000  6.715909e+02 
  441.000  6.700484e+02 
  442.000  7.063581e+02 
  443.000  7.117421e+02 
  444.000  7.077694e+02 
  445.000  7.451697e+02 
  446.000  6.639064e+02 
  447.000  7.578724e+02 
  448.000  7.711693e+02 
  449.000  7.770909e+02 
  450.000  7.947100e+02 
  451.000  8.595732e+02 
  452.000  7.997318e+02 
  453.000  7.429642e+02 
  454.000  7.927384e+02 
  455.000  7.989017e+02 
  456.000  8.188803e+02 
  457.000  8.240844e+02 
  458.000  8.101903e+02 
  459.000  8.106813e+02 
  460.000  8.042036e+02 
  461.000  8.339525e+02 
  462.000  8.209438e+02 
  463.000  8.217161e+02 
  464.000  8.249906e+02 
  465.000  8.134914e+02 
  466.000  8.398089e+02 
  467.000  8.106820e+02 
  468.000  8.586909e+02 
  469.000  8.515831e+02 
  470.000  8.402457e+02 
  471.000  8.390952e+02 
  472.000  8.496866e+02 
  473.000  8.407260e+02 
  474.000  8.477502e+02 
  475.000  8.822223e+02 
  476.000  8.552453e+02 
  477.000  8.475475e+02 
  478.000  8.896985e+02 
  479.000  8.495809e+02 
  480.000  8.665832e+02 
  481.000  8.615493e+02 
  482.000  8.798314e+02 
  483.000  8.809971e+02 
  484.000  8.473441e+02 
  485.000  8.538154e+02 
  486.000  6.924760e+02 
  487.000  7.785641e+02 
  488.000  8.456320e+02 
  489.000  7.863434e+02 
  490.000  8.955010e+02 
  491.000  8.382294e+02 
  492.000  8.057612e+02 
  493.000  8.680739e+02 
  494.000  8.388591e+02 
  495.000  8.970060e+02 
  496.000  8.738415e+02 
  497.000  8.478854e+02 
  498.000  8.280607e+02 
  499.000  8.262663e+02 
  500.000  8.228293e+02 
  501.000  8.045747e+02 
  502.000  7.994911e+02 
  503.000  8.473474e+02 
  504.000  7.885500e+02 
  505.000  8.507135e+02 
  506.000  9.109555e+02 
  507.000  8.477932e+02 
  508.000  8.132471e+02 
  509.000  8.771708e+02 
  510.000  8.501301e+02 
  511.000  8.505601e+02 
  512.000  8.928890e+02 
  513.000  8.173563e+02 
  514.000  8.003565e+02 
  515.000  8.172336e+02 
  516.000  8.585521e+02 
  517.000  6.324987e+02 
  518.000  7.831437e+02 
  519.000  7.420237e+02 
  520.000  8.170200e+02 
  521.000  8.175389e+02 
  522.000  8.500345e+02 
  523.000  7.919012e+02 
  524.000  8.592257e+02 
  525.000  8.523957e+02 
  526.000  8.123783e+02 
  527.000  7.096765e+02 
  528.000  8.523425e+02 
  529.000  8.765601e+02 
  530.000  8.282885e+02 
  531.000  9.016063e+02 
  532.000  8.601492e+02 
  533.000  7.555425e+02 
  534.000  8.216609e+02 
  535.000  8.383928e+02 
  536.000  8.896862e+02 
  537.000  8.254759e+02 
  538.000  8.641675e+02 
  539.000  8.613846e+02 
  540.000  8.430491e+02 
  541.000  7.731307e+02 
  542.000  8.625103e+02 
  543.000  8.251089e+02 
  544.000  8.703744e+02 
  545.000  8.575043e+02 
  546.000  8.385284e+02 
  547.000  8.742524e+02 
  548.000  8.112651e+02 
  549.000  8.538987e+02 
  550.000  8.353433e+02 
  551.000  8.304176e+02 
  552.000  8.665375e+02 
  553.000  8.328986e+02 
  554.000  8.604329e+02 
  555.000  8.631807e+02 
  556.000  8.397043e+02 
  557.000  8.150801e+02 
  558.000  8.463441e+02 
  559.000  8.002598e+02 
  560.000  8.040402e+02 
  561.000  8.839478e+02 
  562.000  8.114040e+02 
  563.000  8.491271e+02 
  564.000  8.373302e+02 
  565.000  8.472672e+02 
  566.000  7.813801e+02 
  567.000  8.376260e+02 
  568.000  8.328483e+02 
  569.000  8.092963e+02 
  570.000  8.149992e+02 
  571.000  7.913491e+02 
  572.000  8.318380e+02 
  573.000  8.423794e+02 
  574.000  8.384973e+02 
  575.000  8.179935e+02 
  576.000  8.034811e+02 
  577.000  8.388351e+02 
  578.000  8.165038e+02 
  579.000  8.121189e+02 
  580.000  8.416442e+02 
  581.000  8.287006e+02 
  582.000  8.426101e+02 
  583.000  8.493406e+02 
  584.000  8.473949e+02 
  585.000  8.424496e+02 
  586.000  8.068274e+02 
  587.000  8.366037e+02 
  588.000  8.182189e+02 
  589.000  7.115759e+02 
  590.000  7.423696e+02 
  591.000  7.997695e+02 
  592.000  7.792877e+02 
  593.000  7.997374e+02 
  594.000  8.047586e+02 
  595.000  7.813917e+02 
  596.000  8.131599e+02 
  597.000  8.133386e+02 
  598.000  8.018770e+02 
  599.000  8.044131e+02 
  600.000  8.092695e+02 
  601.000  8.078291e+02 
  602.000  8.002529e+02 
  603.000  8.065266e+02 
  604.000  8.333611e+02 
  605.000  8.322646e+02 
  606.000  8.232818e+02 
  607.000  8.193060e+02 
  608.000  8.168950e+02 
  609.000  8.090751e+02 
  610.000  7.966642e+02 
  611.000  8.101533e+02 
  612.000  8.001496e+02 
  613.000  7.889836e+02 
  614.000  7.609901e+02 
  615.000  7.979501e+02 
  616.000  7.591660e+02 
  617.000  7.639033e+02 
  618.000  8.003528e+02 
  619.000  7.933845e+02 
  620.000  8.054551e+02 
  621.000  8.196224e+02 
  622.000  7.766306e+02 
  623.000  7.828830e+02 
  624.000  7.839174e+02 
  625.000  7.628260e+02 
  626.000  7.662849e+02 
  627.000  7.760399e+02 
  628.000  7.570550e+02 
  629.000  7.805704e+02 
  630.000  7.580903e+02 
  631.000  7.879651e+02 
  632.000  7.316218e+02 
  633.000  7.898589e+02 
  634.000  7.677404e+02 
  635.000  7.823209e+02 
  636.000  7.559829e+02 
  637.000  7.819828e+02 
  638.000  7.964608e+02 
  639.000  7.904893e+02 
  640.000  7.670764e+02 
  641.000  7.786861e+02 
  642.000  7.703986e+02 
  643.000  7.830745e+02 
  644.000  7.745109e+02 
  645.000  7.799751e+02 
  646.000  7.428528e+02 
  647.000  7.478700e+02 
  648.000  7.407291e+02 
  649.000  7.611088e+02 
  650.000  7.151602e+02 
  651.000  7.706481e+02 
  652.000  7.471351e+02 
  653.000  7.729683e+02 
  654.000  7.620168e+02 
  655.000  7.385285e+02 
  656.000  6.283395e+02 
  657.000  6.726832e+02 
  658.000  7.530146e+02 
  659.000  7.571135e+02 
  660.000  7.642181e+02 
  661.000  7.702796e+02 
  662.000  7.828007e+02 
  663.000  7.741237e+02 
  664.000  7.625587e+02 
  665.000  7.664709e+02 
  666.000  7.764426e+02 
  667.000  7.616707e+02 
  668.000  7.667900e+02 
  669.000  7.783314e+02 
  670.000  7.694597e+02 
  671.000  7.617811e+02 
  672.000  7.597050e+02 
  673.000  7.655437e+02 
  674.000  7.674210e+02 
  675.000  7.560834e+02 
  676.000  7.707252e+02 
  677.000  7.557473e+02 
  678.000  7.686053e+02 
  679.000  7.580020e+02 
  680.000  7.520370e+02 
  681.000  7.527501e+02 
  682.000  7.513514e+02 
  683.000  7.563662e+02 
  684.000  7.422934e+02 
  685.000  7.514379e+02 
  686.000  7.173358e+02 
  687.000  6.268895e+02 
  688.000  6.565807e+02 
  689.000  6.495415e+02 
  690.000  6.680820e+02 
  691.000  6.891387e+02 
  692.000  6.929741e+02 
  693.000  6.819792e+02 
  694.000  6.726182e+02 
  695.000  6.715715e+02 
  696.000  6.859521e+02 
  697.000  7.173948e+02 
  698.000  6.977322e+02 
  699.000  6.833064e+02 
  700.000  6.797308e+02 
  701.000  6.586019e+02 
  702.000  6.596879e+02 
  703.000  6.912867e+02 
  704.000  6.942831e+02 
  705.000  6.903173e+02 
  706.000  6.848334e+02 
  707.000  6.777958e+02 
  708.000  7.011289e+02 
  709.000  6.833626e+02 
  710.000  6.914073e+02 
  711.000  6.922880e+02 
  712.000  6.892697e+02 
  713.000  6.810254e+02 
  714.000  6.907073e+02 
  715.000  6.579197e+02 
  716.000  6.657386e+02 
  717.000  5.910080e+02 
  718.000  5.532339e+02 
  719.000  5.346043e+02 
  720.000  5.204543e+02 
  721.000  6.003197e+02 
  722.000  6.388967e+02 
  723.000  6.203952e+02 
  724.000  5.762437e+02 
  725.000  5.767004e+02 
  726.000  5.734816e+02 
  727.000  5.886797e+02 
  728.000  5.714149e+02 
  729.000  5.659216e+02 
  730.000  5.837945e+02 
  731.000  5.705584e+02 
  732.000  6.117351e+02 
  733.000  6.316340e+02 
  734.000  6.591608e+02 
  735.000  6.488719e+02 
  736.000  6.276694e+02 
  737.000  6.429570e+02 
  738.000  6.508423e+02 
  739.000  6.338100e+02 
  740.000  6.488154e+02 
  741.000  6.488331e+02 
  742.000  6.402983e+02 
  743.000  6.639615e+02 
  744.000  6.722279e+02 
  745.000  6.563844e+02 
  746.000  6.668345e+02 
  747.000  6.775403e+02 
  748.000  6.660686e+02 
  749.000  6.668138e+02 
  750.000  6.567241e+02 
  751.000  6.552172e+02 
  752.000  6.662268e+02 
  753.000  6.603381e+02 
  754.000  6.709866e+02 
  755.000  6.673177e+02 
  756.000  6.544427e+02 
  757.000  6.593633e+02 
  758.000  6.575741e+02 
  759.000  5.908131e+02 
  760.000  2.164060e+02 
  761.000  1.858057e+02 
  762.000  3.788542e+02 
  763.000  3.232256e+02 
  764.000  3.566838e+02 
  765.000  4.342871e+02 
  766.000  5.022560e+02 
  767.000  5.548928e+02 
  768.000  6.073907e+02 
  769.000  6.251028e+02 
  770.000  6.316742e+02 
  771.000  6.367917e+02 
  772.000  6.354715e+02 
  773.000  6.333925e+02 
  774.000  6.406920e+02 
  775.000  6.169984e+02 
  776.000  6.427112e+02 
  777.000  6.383447e+02 
  778.000  6.349210e+02 
  779.000  6.369870e+02 
  780.000  6.291068e+02 
  781.000  6.284937e+02 
  782.000  6.360574e+02 
  783.000  6.211951e+02 
  784.000  6.244100e+02 
  785.000  6.246109e+02 
  786.000  6.117060e+02 
  787.000  6.154346e+02 
  788.000  6.034458e+02 
  789.000  5.969439e+02 
  790.000  5.900502e+02 
  791.000  5.889294e+02 
  792.000  5.813731e+02 
  793.000  5.848594e+02 
  794.000  5.872531e+02 
  795.000  5.790018e+02 
  796.000  5.750455e+02 
  797.000  5.826793e+02 
  798.000  5.918481e+02 
  799.000  5.894023e+02 
  800.000  5.678569e+02 
  801.000  5.791973e+02 
  802.000  5.774722e+02 
  803.000  5.701564e+02 
  804.000  5.783477e+02 
  805.000  5.681405e+02 
  806.000  5.869885e+02 
  807.000  5.836705e+02 
  808.000  5.781913e+02 
  809.000  5.660715e+02 
  810.000  5.609341e+02 
  811.000  5.644685e+02 
  812.000  5.551428e+02 
  813.000  5.437056e+02 
  814.000  5.309236e+02 
  815.000  5.103368e+02 
  816.000  4.870588e+02 
  817.000  4.909771e+02 
  818.000  4.895001e+02 
  819.000  4.824293e+02 
  820.000  4.932655e+02 
  821.000  5.337400e+02 
  822.000  5.008906e+02 
  823.000  4.582068e+02 
  824.000  5.074259e+02 
  825.000  5.342480e+02 
  826.000  5.330018e+02 
  827.000  5.277778e+02 
  828.000  5.086085e+02 
  829.000  5.148467e+02 
  830.000  5.138970e+02 
  831.000  5.065780e+02 
  832.000  5.177804e+02 
  833.000  5.057320e+02 
  834.000  5.180312e+02 
  835.000  5.282488e+02 
  836.000  5.314999e+02 
  837.000  5.268464e+02 
  838.000  5.331807e+02 
  839.000  5.191328e+02 
  840.000  5.340037e+02 
  841.000  5.326785e+02 
  842.000  5.318281e+02 
  843.000  5.339107e+02 
  844.000  5.276167e+02 
  845.000  5.368347e+02 
  846.000  5.428664e+02 
  847.000  5.254726e+02 
  848.000  5.387982e+02 
  849.000  5.400770e+02 
  850.000  4.660551e+02 
  851.000  5.327051e+02 
  852.000  5.126415e+02 
  853.000  5.205601e+02 
  854.000  4.184462e+02 
  855.000  4.615152e+02 
  856.000  5.256837e+02 
  857.000  5.347573e+02 
  858.000  5.265948e+02 
  859.000  5.274632e+02 
  860.000  5.231260e+02 
  861.000  5.231622e+02 
  862.000  5.217428e+02 
  863.000  5.317760e+02 
  864.000  5.309255e+02 
  865.000  5.212082e+02 
  866.000  4.372443e+02 
  867.000  4.656108e+02 
  868.000  5.050132e+02 
  869.000  4.979991e+02 
  870.000  5.185253e+02 
  871.000  5.178615e+02 
  872.000  5.159205e+02 
  873.000  5.178911e+02 
  874.000  5.064977e+02 
  875.000  5.018445e+02 
  876.000  5.058636e+02 
  877.000  5.159404e+02 
  878.000  5.066516e+02 
  879.000  5.078084e+02 
  880.000  5.044997e+02 
  881.000  4.780602e+02 
  882.000  5.042494e+02 
  883.000  4.929893e+02 
  884.000  4.972857e+02 
  885.000  5.015986e+02 
  886.000  4.841713e+02 
  887.000  4.801395e+02 
  888.000  4.944775e+02 
  889.000  4.979150e+02 
  890.000  4.957590e+02 
  891.000  4.914894e+02 
  892.000  4.860233e+02 
  893.000  4.558016e+02 
  894.000  4.647365e+02 
  895.000  4.229023e+02 
  896.000  4.196242e+02 
  897.000  3.896597e+02 
  898.000  3.809325e+02 
  899.000  3.550284e+02 
  900.000  3.496087e+02 
  901.000  3.359216e+02 
  902.000  3.309976e+02 
  903.000  3.914653e+02 
  904.000  4.242990e+02 
  905.000  4.222800e+02 
  906.000  3.944499e+02 
  907.000  3.718543e+02 
  908.000  3.434680e+02 
  909.000  3.383064e+02 
  910.000  3.450454e+02 
  911.000  3.561334e+02 
  912.000  3.510600e+02 
  913.000  3.337812e+02 
  914.000  3.441102e+02 
  915.000  3.478615e+02 
  916.000  3.549097e+02 
  917.000  3.548141e+02 
  918.000  3.600481e+02 
  919.000  3.892254e+02 
  920.000  4.042845e+02 
  921.000  3.914821e+02 
  922.000  3.876630e+02 
  923.000  3.665666e+02 
  924.000  3.700130e+02 
  925.000  3.737766e+02 
  926.000  3.597141e+02 
  927.000  3.586749e+02 
  928.000  3.390640e+02 
  929.000  3.042295e+02 
  930.000  2.670927e+02 
  931.000  2.287751e+02 
  932.000  1.798748e+02 
  933.000  1.492525e+02 
  934.000  1.192254e+02 
  935.000  1.143950e+02 
  936.000  1.239403e+02 
  937.000  1.242083e+02 
  938.000  1.556252e+02 
  939.000  2.550183e+02 
  940.000  2.700357e+02 
  941.000  2.506236e+02 
  942.000  2.103602e+02 
  943.000  1.717224e+02 
  944.000  1.636286e+02 
  945.000  1.818816e+02 
  946.000  1.855334e+02 
  947.000  2.006040e+02 
  948.000  2.115667e+02 
  949.000  2.112519e+02 
  950.000  2.124544e+02 
  951.000  2.333033e+02 
  952.000  2.102153e+02 
  953.000  2.262372e+02 
  954.000  2.422773e+02 
  955.000  2.130838e+02 
  956.000  2.246791e+02 
  957.000  2.711207e+02 
  958.000  2.798739e+02 
  959.000  2.731797e+02 
  960.000  2.685323e+02 
  961.000  2.619103e+02 
  962.000  2.669922e+02 
  963.000  2.931668e+02 
  964.000  2.938320e+02 
  965.000  2.950147e+02 
  966.000  2.881060e+02 
  967.000  3.165271e+02 
  968.000  3.468269e+02 
  969.000  3.647964e+02 
  970.000  3.667385e+02 
  971.000  3.631336e+02 
  972.000  3.611866e+02 
  973.000  3.476372e+02 
  974.000  3.302327e+02 
  975.000  3.241846e+02 
  976.000  3.376813e+02 
  977.000  3.447375e+02 
  978.000  3.520281e+02 
  979.000  3.459680e+02 
  980.000  3.672625e+02 
  981.000  3.735727e+02 
  982.000  3.691430e+02 
  983.000  3.767559e+02 
  984.000  3.830978e+02 
  985.000  3.879976e+02 
  986.000  3.913531e+02 
  987.000  3.986975e+02 
  988.000  3.944543e+02 
  989.000  3.898721e+02 
  990.000  3.938875e+02 
  991.000  3.995346e+02 
  992.000  3.965327e+02 
  993.000  3.967799e+02 
  994.000  4.009679e+02 
  995.000  3.993531e+02 
  996.000  3.992612e+02 
  997.000  3.987795e+02 
  998.000  3.963522e+02 
  999.000  3.949655e+02 
 1000.000  3.921379e+02 
 1001.000  3.920960e+02 
 1002.000  3.880437e+02 
 1003.000  3.843410e+02 
 1004.000  3.831061e+02 
 1005.000  3.586739e+02 
 1006.000  3.777910e+02 
 1007.000  3.840268e+02 
 1008.000  3.828684e+02 
 1009.000  3.768486e+02 
 1010.000  3.799169e+02 
 1011.000  3.817912e+02 
 1012.000  3.834276e+02 
 1013.000  3.818072e+02 
 1014.000  3.847588e+02 
 1015.000  3.777522e+02 
 1016.000  3.806926e+02 
 1017.000  3.772386e+02 
 1018.000  3.815259e+02 
 1019.000  3.715648e+02 
 1020.000  3.712269e+02 
 1021.000  3.758260e+02 
 1022.000  3.687049e+02 
 1023.000  3.745267e+02 
 1024.000  3.718719e+02 
 1025.000  3.740464e+02 
 1026.000  3.755050e+02 
 1027.000  3.728305e+02 
 1028.000  3.740787e+02 
 1029.000  3.692423e+02 
 1030.000  3.738506e+02 
 1031.000  3.731232e+02 
 1032.000  3.721780e+02 
 1033.000  3.654504e+02 
 1034.000  3.695244e+02 
 1035.000  3.656822e+02 
 1036.000  3.704288e+02 
 1037.000  3.626925e+02 
 1038.000  3.663460e+02 
 1039.000  3.677478e+02 
 1040.000  3.633268e+02 
 1041.000  3.651898e+02 
 1042.000  3.662549e+02 
 1043.000  3.599440e+02 
 1044.000  3.634691e+02 
 1045.000  3.617492e+02 
 1046.000  3.511160e+02 
 1047.000  3.574409e+02 
 1048.000  3.608939e+02 
 1049.000  3.585119e+02 
 1050.000  3.561931e+02 
 1051.000  3.559674e+02 
 1052.000  3.541470e+02 
 1053.000  3.542763e+02 
 1054.000  3.504069e+02 
 1055.000  3.527184e+02 
 1056.000  3.515872e+02 
 1057.000  3.504508e+02 
 1058.000  3.458391e+02 
 1059.000  3.350516e+02 
 1060.000  3.476143e+02 
 1061.000  3.353304e+02 
 1062.000  3.440878e+02 
 1063.000  3.380894e+02 
 1064.000  3.419929e+02 
 1065.000  3.409727e+02 
 1066.000  3.305629e+02 
 1067.000  3.380899e+02 
 1068.000  3.353231e+02 
 1069.000  3.092981e+02 
 1070.000  3.277988e+02 
 1071.000  3.274144e+02 
 1072.000  3.274706e+02 
 1073.000  3.164879e+02 
 1074.000  3.277135e+02 
 1075.000  3.188994e+02 
 1076.000  3.249673e+02 
 1077.000  3.230535e+02 
 1078.000  3.225744e+02 
 1079.000  3.098675e+02 
 1080.000  3.152834e+02 
 1081.000  3.035015e+02 
 1082.000  3.089738e+02 
 1083.000  2.987208e+02 
 1084.000  3.079284e+02 
 1085.000  2.987312e+02 
 1086.000  3.038266e+02 
 1087.000  2.905569e+02 
 1088.000  3.084359e+02 
 1089.000  2.898988e+02 
 1090.000  2.948781e+02 
 1091.000  2.980792e+02 
 1092.000  2.877583e+02 
 1093.000  2.767137e+02 
 1094.000  2.488512e+02 
 1095.000  2.698409e+02 
 1096.000  2.691425e+02 
 1097.000  2.639998e+02 
 1098.000  2.422725e+02 
 1099.000  2.267230e+02 
 1100.000  2.316362e+02 
 1101.000  2.333548e+02 
 1102.000  2.225278e+02 
 1103.000  2.327432e+02 
 1104.000  2.282563e+02 
 1105.000  2.210289e+02 
 1106.000  2.124496e+02 
 1107.000  2.136711e+02 
 1108.000  2.139478e+02 
 1109.000  2.203490e+02 
 1110.000  2.202751e+02 
 1111.000  2.139929e+02 
 1112.000  1.971942e+02 
 1113.000  1.766136e+02 
 1114.000  1.724990e+02 
 1115.000  1.477137e+02 
 1116.000  1.325482e+02 
 1117.000  1.057455e+02 
 1118.000  8.125191e+01 
 1119.000  6.755145e+01 
 1120.000  5.498305e+01 
 1121.000  5.257380e+01 
 1122.000  4.103215e+01 
 1123.000  4.686596e+01 
 1124.000  5.097573e+01 
 1125.000  4.774156e+01 
 1126.000  4.604661e+01 
 1127.000  4.871306e+01 
 1128.000  4.992615e+01 
 1129.000  6.223460e+01 
 1130.000  9.384326e+01 
 1131.000  1.050811e+02 
 1132.000  9.121588e+01 
 1133.000  6.651373e+01 
 1134.000  3.286895e+01 
 1135.000  3.553551e+01 
 1136.000  7.042427e+01 
 1137.000  9.501064e+01 
 1138.000  1.168500e+02 
 1139.000  1.286989e+02 
 1140.000  1.238883e+02 
 1141.000  1.107611e+02 
 1142.000  1.101714e+02 
 1143.000  9.751850e+01 
 1144.000  8.562194e+01 
 1145.000  7.081606e+01 
 1146.000  7.511669e+01 
 1147.000  8.781583e+01 
 1148.000  9.853196e+01 
 1149.000  1.038766e+02 
 1150.000  1.041765e+02 
 1151.000  1.117809e+02 
 1152.000  1.155298e+02 
 1153.000  1.211159e+02 
 1154.000  1.206243e+02 
 1155.000  1.326980e+02 
 1156.000  1.435798e+02 
 1157.000  1.722208e+02 
 1158.000  1.845599e+02 
 1159.000  1.927250e+02 
 1160.000  1.948170e+02 
 1161.000  2.014672e+02 
 1162.000  2.173443e+02 
 1163.000  2.287326e+02 
 1164.000  2.264359e+02 
 1165.000  2.318956e+02 
 1166.000  2.281909e+02 
 1167.000  2.333571e+02 
 1168.000  2.348844e+02 
 1169.000  2.282628e+02 
 1170.000  2.358092e+02 
 1171.000  2.406024e+02 
 1172.000  2.376865e+02 
 1173.000  2.339690e+02 
 1174.000  2.342155e+02 
 1175.000  2.371230e+02 
 1176.000  2.365176e+02 
 1177.000  2.413206e+02 
 1178.000  2.322466e+02 
 1179.000  2.312349e+02 
 1180.000  2.326422e+02 
 1181.000  2.268653e+02 
 1182.000  2.226267e+02 
 1183.000  2.101758e+02 
 1184.000  2.222592e+02 
 1185.000  2.316379e+02 
 1186.000  2.283611e+02 
 1187.000  2.219791e+02 
 1188.000  2.194059e+02 
 1189.000  2.103834e+02 
 1190.000  2.309158e+02 
 1191.000  2.376480e+02 
 1192.000  2.408412e+02 
 1193.000  2.399744e+02 
 1194.000  2.388675e+02 
 1195.000  2.318567e+02 
 1196.000  2.323063e+02 
 1197.000  2.301523e+02 
 1198.000  2.219525e+02 
 1199.000  2.112773e+02 
 1200.000  2.261145e+02 
 1201.000  2.282814e+02 
 1202.000  2.291585e+02 
 1203.000  2.167397e+02 
 1204.000  2.212740e+02 
 1205.000  2.334968e+02 
 1206.000  2.353714e+02 
 1207.000  2.383032e+02 
 1208.000  2.338333e+02 
 1209.000  2.176453e+02 
 1210.000  2.300947e+02 
 1211.000  2.220125e+02 
 1212.000  2.296890e+02 
 1213.000  2.334042e+02 
 1214.000  2.319150e+02 
 1215.000  2.337114e+02 
 1216.000  2.371188e+02 
 1217.000  2.401334e+02 
 1218.000  2.407788e+02 
 1219.000  2.393288e+02 
 1220.000  2.410401e+02 
 1221.000  2.409970e+02 
 1222.000  2.398598e+02 
 1223.000  2.390657e+02 
 1224.000  2.430894e+02 
 1225.000  2.422156e+02 
 1226.000  2.437284e+02 
 1227.000  2.365135e+02 
 1228.000  2.452228e+02 
 1229.000  2.459566e+02 
 1230.000  2.462354e+02 
 1231.000  2.468624e+02 
 1232.000  2.443139e+02 
 1233.000  2.464109e+02 
 1234.000  2.470706e+02 
 1235.000  2.458573e+02 
 1236.000  2.475903e+02 
 1237.000  2.480257e+02 
 1238.000  2.480273e+02 
 1239.000  2.452957e+02 
 1240.000  2.441751e+02 
 1241.000  2.461855e+02 
 1242.000  2.445525e+02 
 1243.000  2.416654e+02 
 1244.000  2.391373e+02 
 1245.000  2.430290e+02 
 1246.000  2.408777e+02 
 1247.000  2.393037e+02 
 1248.000  2.408889e+02 
 1249.000  2.398380e+02 
 1250.000  2.385795e+02 
 1251.000  2.366297e+02 
 1252.000  2.354083e+02 
 1253.000  2.329357e+02 
 1254.000  2.325011e+02 
 1255.000  2.313731e+02 
 1256.000  2.302502e+02 
 1257.000  2.268180e+02 
 1258.000  2.258252e+02 
 1259.000  2.217941e+02 
 1260.000  2.203179e+02 
 1261.000  2.179763e+02 
 1262.000  2.095367e+02 
 1263.000  2.106482e+02 
 1264.000  2.064536e+02 
 1265.000  2.064442e+02 
 1266.000  2.061730e+02 
 1267.000  2.005886e+02 
 1268.000  1.967974e+02 
 1269.000  1.978313e+02 
 1270.000  2.045549e+02 
 1271.000  2.077196e+02 
 1272.000  2.088745e+02 
 1273.000  2.104524e+02 
 1274.000  2.113857e+02 
 1275.000  2.136366e+02 
 1276.000  2.145276e+02 
 1277.000  2.145913e+02 
 1278.000  2.141578e+02 
 1279.000  2.130726e+02 
 1280.000  2.130920e+02 
 1281.000  2.082106e+02 
 1282.000  1.858918e+02 
 1283.000  2.045722e+02 
 1284.000  2.130566e+02 
 1285.000  2.149705e+02 
 1286.000  2.142359e+02 
 1287.000  2.142865e+02 
 1288.000  2.083408e+02 
 1289.000  2.081351e+02 
 1290.000  2.031564e+02 
 1291.000  2.066720e+02 
 1292.000  2.094694e+02 
 1293.000  2.098167e+02 
 1294.000  2.044632e+02 
 1295.000  2.034553e+02 
 1296.000  2.002001e+02 
 1297.000  1.962093e+02 
 1298.000  1.941443e+02 
 1299.000  1.958120e+02 
 1300.000  1.945743e+02 
 1301.000  1.935330e+02 
 1302.000  1.891171e+02 
 1303.000  1.824464e+02 
 1304.000  1.803631e+02 
 1305.000  1.805266e+02 
 1306.000  1.798085e+02 
 1307.000  1.778998e+02 
 1308.000  1.742122e+02 
 1309.000  1.692784e+02 
 1310.000  1.680490e+02 
 1311.000  1.675353e+02 
 1312.000  1.614975e+02 
 1313.000  1.489977e+02 
 1314.000  1.487986e+02 
 1315.000  1.461964e+02 
 1316.000  1.534057e+02 
 1317.000  1.548159e+02 
 1318.000  1.463439e+02 
 1319.000  1.395562e+02 
 1320.000  1.288152e+02 
 1321.000  1.245866e+02 
 1322.000  1.302737e+02 
 1323.000  1.372407e+02 
 1324.000  1.408532e+02 
 1325.000  1.383477e+02 
 1326.000  1.312428e+02 
 1327.000  1.166346e+02 
 1328.000  1.029319e+02 
 1329.000  7.661429e+01 
 1330.000  6.993761e+01 
 1331.000  6.534067e+01 
 1332.000  6.540146e+01 
 1333.000  7.154676e+01 
 1334.000  7.786654e+01 
 1335.000  8.258145e+01 
 1336.000  8.344239e+01 
 1337.000  8.464149e+01 
 1338.000  8.800114e+01 
 1339.000  8.856766e+01 
 1340.000  9.087558e+01 
 1341.000  9.058402e+01 
 1342.000  9.079765e+01 
 1343.000  8.010661e+01 
 1344.000  6.822598e+01 
 1345.000  4.303876e+01 
 1346.000  2.819052e+01 
 1347.000  2.126670e+01 
 1348.000  1.254047e+01 
 1349.000  1.014569e+01 
 1350.000  5.069554e+00 
 1351.000  3.633410e+00 
 1352.000  1.656516e+00 
 1353.000  7.030516e-01 
 1354.000  3.813280e-01 
 1355.000  1.949537e-01 
 1356.000  9.071200e-02 
 1357.000  3.043086e-02 
 1358.000  1.506047e-02 
 1359.000  2.887139e-03 
 1360.000  1.157219e-03 
 1361.000  5.012427e-04 
 1362.000  4.180469e-04 
 1363.000  8.918794e-04 
 1364.000  1.228498e-03 
 1365.000  1.280226e-03 
 1366.000  1.751881e-03 
 1367.000  1.305472e-03 
 1368.000  1.162739e-03 
 1369.000  1.264706e-03 
 1370.000  4.625311e-03 
 1371.000  1.713411e-02 
 1372.000  7.617968e-02 
 1373.000  1.691161e-01 
 1374.000  2.702653e-01 
 1375.000  3.201526e-01 
 1376.000  2.722885e-01 
 1377.000  2.052859e-01 
 1378.000  1.084186e-01 
 1379.000  4.554166e-02 
 1380.000  1.220876e-02 
 1381.000  3.511295e-03 
 1382.000  1.519485e-03 
 1383.000  1.354204e-03 
 1384.000  4.107557e-03 
 1385.000  9.241199e-03 
 1386.000  2.471214e-02 
 1387.000  1.086182e-01 
 1388.000  2.040233e-01 
 1389.000  2.960770e-01 
 1390.000  3.183880e-01 
 1391.000  2.753622e-01 
 1392.000  1.466142e-01 
 1393.000  8.238539e-02 
 1394.000  4.563075e-02 
 1395.000  6.055923e-02 
 1396.000  1.231920e-01 
 1397.000  2.266586e-01 
 1398.000  2.426977e-01 
 1399.000  2.193666e-01 
 1400.000  1.952515e-01 
 1401.000  2.419924e-01 
 1402.000  3.871062e-01 
 1403.000  5.942670e-01 
 1404.000  5.206655e-01 
 1405.000  6.392580e-01 
 1406.000  5.373638e-01 
 1407.000  6.534781e-01 
 1408.000  9.934562e-01 
 1409.000  1.547759e+00 
 1410.000  2.478456e+00 
 1411.000  3.996730e+00 
 1412.000  3.890189e+00 
 1413.000  5.188619e+00 
 1414.000  4.935428e+00 
 1415.000  6.750071e+00 
 1416.000  8.002738e+00 
 1417.000  8.922342e+00 
 1418.000  9.105968e+00 
 1419.000  9.638298e+00 
 1420.000  1.021198e+01 
 1421.000  1.363605e+01 
 1422.000  1.484627e+01 
 1423.000  1.574925e+01 
 1424.000  1.560892e+01 
 1425.000  1.509315e+01 
 1426.000  1.464793e+01 
 1427.000  1.660589e+01 
 1428.000  1.836444e+01 
 1429.000  1.979385e+01 
 1430.000  1.937130e+01 
 1431.000  1.666285e+01 
 1432.000  1.550838e+01 
 1433.000  1.541002e+01 
 1434.000  1.414666e+01 
 1435.000  1.641771e+01 
 1436.000  1.738444e+01 
 1437.000  1.797357e+01 
 1438.000  2.065980e+01 
 1439.000  2.123344e+01 
 1440.000  2.090699e+01 
 1441.000  2.254226e+01 
 1442.000  2.106559e+01 
 1443.000  2.154397e+01 
 1444.000  2.256132e+01 
 1445.000  2.277990e+01 
 1446.000  2.502924e+01 
 1447.000  2.686813e+01 
 1448.000  2.743486e+01 
 1449.000  2.618173e+01 
 1450.000  2.404085e+01 
 1451.000  2.487031e+01 
 1452.000  2.828655e+01 
 1453.000  3.549272e+01 
 1454.000  4.341265e+01 
 1455.000  4.823483e+01 
 1456.000  5.373693e+01 
 1457.000  5.506145e+01 
 1458.000  5.688723e+01 
 1459.000  5.297147e+01 
 1460.000  4.865911e+01 
 1461.000  4.665088e+01 
 1462.000  4.143036e+01 
 1463.000  4.115197e+01 
 1464.000  3.980549e+01 
 1465.000  3.706043e+01 
 1466.000  3.247171e+01 
 1467.000  3.077356e+01 
 1468.000  2.743946e+01 
 1469.000  2.389592e+01 
 1470.000  2.249782e+01 
 1471.000  2.642850e+01 
 1472.000  3.283378e+01 
 1473.000  4.265706e+01 
 1474.000  4.939075e+01 
 1475.000  5.033991e+01 
 1476.000  5.042396e+01 
 1477.000  4.798908e+01 
 1478.000  4.486504e+01 
 1479.000  4.217387e+01 
 1480.000  4.438078e+01 
 1481.000  4.724406e+01 
 1482.000  5.195212e+01 
 1483.000  5.202948e+01 
 1484.000  5.261295e+01 
 1485.000  5.303742e+01 
 1486.000  5.581881e+01 
 1487.000  6.400386e+01 
 1488.000  5.656320e+01 
 1489.000  7.608073e+01 
 1490.000  8.649228e+01 
 1491.000  9.320910e+01 
 1492.000  9.215842e+01 
 1493.000  9.790204e+01 
 1494.000  9.807089e+01 
 1495.000  1.013658e+02 
 1496.000  1.050778e+02 
 1497.000  1.079580e+02 
 1498.000  1.150327e+02 
 1499.000  1.188600e+02 
 1500.000  1.250080e+02 
 1501.000  1.235730e+02 
 1502.000  1.204072e+02 
 1503.000  1.068185e+02 
 1504.000  1.126117e+02 
 1505.000  1.163919e+02 
 1506.000  1.181188e+02 
 1507.000  1.273660e+02 
 1508.000  1.273977e+02 
 1509.000  1.300858e+02 
 1510.000  1.328474e+02 
 1511.000  1.349975e+02 
 1512.000  1.334443e+02 
 1513.000  1.336951e+02 
 1514.000  1.318682e+02 
 1515.000  1.355973e+02 
 1516.000  1.347265e+02 
 1517.000  1.349457e+02 
 1518.000  1.394908e+02 
 1519.000  1.398018e+02 
 1520.000  1.437098e+02 
 1521.000  1.425944e+02 
 1522.000  1.418000e+02 
 1523.000  1.457557e+02 
 1524.000  1.442010e+02 
 1525.000  1.404336e+02 
 1526.000  1.445678e+02 
 1527.000  1.437143e+02 
 1528.000  1.455818e+02 
 1529.000  1.451337e+02 
 1530.000  1.365424e+02 
 1531.000  1.465136e+02 
 1532.000  1.462448e+02 
 1533.000  1.459071e+02 
 1534.000  1.440078e+02 
 1535.000  1.448978e+02 
 1536.000  1.468453e+02 
 1537.000  1.476909e+02 
 1538.000  1.440474e+02 
 1539.000  1.473905e+02 
 1540.000  1.421636e+02 
 1541.000  1.452456e+02 
 1542.000  1.461083e+02 
 1543.000  1.458414e+02 
 1544.000  1.479324e+02 
 1545.000  1.488402e+02 
 1546.000  1.492638e+02 
 1547.000  1.480485e+02 
 1548.000  1.437517e+02 
 1549.000  1.474339e+02 
 1550.000  1.465801e+02 
 1551.000  1.457990e+02 
 1552.000  1.483073e+02 
 1553.000  1.476424e+02 
 1554.000  1.421959e+02 
 1555.000  1.446830e+02 
 1556.000  1.419776e+02 
 1557.000  1.466768e+02 
 1558.000  1.454810e+02 
 1559.000  1.454113e+02 
 1560.000  1.428983e+02 
 1561.000  1.461507e+02 
 1562.000  1.460148e+02 
 1563.000  1.436754e+02 
 1564.000  1.405657e+02 
 1565.000  1.422874e+02 
 1566.000  1.395896e+02 
 1567.000  1.388599e+02 
 1568.000  1.349310e+02 
 1569.000  1.342385e+02 
 1570.000  1.299190e+02 
 1571.000  1.333993e+02 
 1572.000  1.331286e+02 
 1573.000  1.312887e+02 
 1574.000  1.321354e+02 
 1575.000  1.229483e+02 
 1576.000  1.320859e+02 
 1577.000  1.194022e+02 
 1578.000  1.308264e+02 
 1579.000  1.318567e+02 
 1580.000  1.350623e+02 
 1581.000  1.341662e+02 
 1582.000  1.319987e+02 
 1583.000  1.341150e+02 
 1584.000  1.333915e+02 
 1585.000  1.376795e+02 
 1586.000  1.359493e+02 
 1587.000  1.347448e+02 
 1588.000  1.329181e+02 
 1589.000  1.216188e+02 
 1590.000  1.309371e+02 
 1591.000  1.280102e+02 
 1592.000  1.346286e+02 
 1593.000  1.372988e+02 
 1594.000  1.359058e+02 
 1595.000  1.362871e+02 
 1596.000  1.276644e+02 
 1597.000  1.320460e+02 
 1598.000  1.333485e+02 
 1599.000  1.275206e+02 
 1600.000  1.285563e+02 
 1601.000  1.231434e+02 
 1602.000  1.260477e+02 
 1603.000  1.254951e+02 
 1604.000  1.276679e+02 
 1605.000  1.257788e+02 
 1606.000  1.254804e+02 
 1607.000  1.257956e+02 
 1608.000  1.270560e+02 
 1609.000  1.265663e+02 
 1610.000  1.188204e+02 
 1611.000  1.229433e+02 
 1612.000  1.248654e+02 
 1613.000  1.283575e+02 
 1614.000  1.270962e+02 
 1615.000  1.297400e+02 
 1616.000  1.220022e+02 
 1617.000  1.260984e+02 
 1618.000  1.300254e+02 
 1619.000  1.301228e+02 
 1620.000  1.273019e+02 
 1621.000  1.257401e+02 
 1622.000  1.289033e+02 
 1623.000  1.317005e+02 
 1624.000  1.327103e+02 
 1625.000  1.297718e+02 
 1626.000  1.310385e+02 
 1627.000  1.309147e+02 
 1628.000  1.318401e+02 
 1629.000  1.316624e+02 
 1630.000  1.278075e+02 
 1631.000  1.298046e+02 
 1632.000  1.295070e+02 
 1633.000  1.277648e+02 
 1634.000  1.245672e+02 
 1635.000  1.279053e+02 
 1636.000  1.273097e+02 
 1637.000  1.213425e+02 
 1638.000  1.204559e+02 
 1639.000  1.188141e+02 
 1640.000  1.193144e+02 
 1641.000  1.183355e+02 
 1642.000  1.181843e+02 
 1643.000  1.211107e+02 
 1644.000  1.191104e+02 
 1645.000  1.191645e+02 
 1646.000  1.205946e+02 
 1647.000  1.216990e+02 
 1648.000  1.210415e+02 
 1649.000  1.182271e+02 
 1650.000  1.212213e+02 
 1651.000  1.185107e+02 
 1652.000  1.207966e+02 
 1653.000  1.196370e+02 
 1654.000  1.209773e+02 
 1655.000  1.188047e+02 
 1656.000  1.212628e+02 
 1657.000  1.203803e+02 
 1658.000  1.212454e+02 
 1659.000  1.190531e+02 
 1660.000  1.203365e+02 
 1661.000  1.207994e+02 
 1662.000  1.198175e+02 
 1663.000  1.190409e+02 
 1664.000  1.184866e+02 
 1665.000  1.172814e+02 
 1666.000  1.169296e+02 
 1667.000  1.183842e+02 
 1668.000  1.163774e+02 
 1669.000  1.168133e+02 
 1670.000  1.194391e+02 
 1671.000  1.186754e+02 
 1672.000  1.130566e+02 
 1673.000  1.161439e+02 
 1674.000  1.165244e+02 
 1675.000  1.154380e+02 
 1676.000  1.135458e+02 
 1677.000  1.141685e+02 
 1678.000  1.149749e+02 
 1679.000  1.134013e+02 
 1680.000  1.096126e+02 
 1681.000  1.058691e+02 
 1682.000  1.089234e+02 
 1683.000  1.115665e+02 
 1684.000  1.135941e+02 
 1685.000  1.137538e+02 
 1686.000  1.123864e+02 
 1687.000  1.125505e+02 
 1688.000  1.123964e+02 
 1689.000  1.110383e+02 
 1690.000  1.106890e+02 
 1691.000  1.120854e+02 
 1692.000  1.122843e+02 
 1693.000  1.119251e+02 
 1694.000  1.117603e+02 
 1695.000  1.116349e+02 
 1696.000  1.109784e+02 
 1697.000  1.101896e+02 
 1698.000  1.107953e+02 
 1699.000  1.100815e+02 
 1700.000  1.086952e+02 
 1701.000  1.089974e+02 
 1702.000  1.086362e+02 
 1703.000  1.062114e+02 
 1704.000  1.077790e+02 
 1705.000  1.082664e+02 
 1706.000  1.065802e+02 
 1707.000  1.061162e+02 
 1708.000  1.032450e+02 
 1709.000  1.051310e+02 
 1710.000  1.062950e+02 
 1711.000  9.818989e+01 
 1712.000  1.050384e+02 
 1713.000  1.053694e+02 
 1714.000  1.054631e+02 
 1715.000  1.055154e+02 
 1716.000  1.050655e+02 
 1717.000  1.041753e+02 
 1718.000  1.036069e+02 
 1719.000  1.041008e+02 
 1720.000  1.008690e+02 
 1721.000  9.937443e+01 
 1722.000  1.004142e+02 
 1723.000  9.471658e+01 
 1724.000  9.612280e+01 
 1725.000  9.784606e+01 
 1726.000  9.931422e+01 
 1727.000  9.881361e+01 
 1728.000  9.658640e+01 
 1729.000  9.880573e+01 
 1730.000  9.897506e+01 
 1731.000  9.685567e+01 
 1732.000  9.522167e+01 
 1733.000  8.913365e+01 
 1734.000  9.059995e+01 
 1735.000  9.022662e+01 
 1736.000  8.582545e+01 
 1737.000  8.447897e+01 
 1738.000  8.837556e+01 
 1739.000  8.971014e+01 
 1740.000  8.955455e+01 
 1741.000  8.733035e+01 
 1742.000  9.005576e+01 
 1743.000  8.816150e+01 
 1744.000  8.904516e+01 
 1745.000  8.641634e+01 
 1746.000  8.649345e+01 
 1747.000  8.470184e+01 
 1748.000  8.779386e+01 
 1749.000  8.748432e+01 
 1750.000  8.707386e+01 
 1751.000  8.566676e+01 
 1752.000  8.604543e+01 
 1753.000  8.580231e+01 
 1754.000  8.583039e+01 
 1755.000  8.377510e+01 
 1756.000  8.473963e+01 
 1757.000  8.480006e+01 
 1758.000  8.453411e+01 
 1759.000  8.488116e+01 
 1760.000  8.370006e+01 
 1761.000  8.090224e+01 
 1762.000  7.889469e+01 
 1763.000  7.855521e+01 
 1764.000  7.476578e+01 
 1765.000  7.607003e+01 
 1766.000  7.511179e+01 
 1767.000  7.544775e+01 
 1768.000  7.436748e+01 
 1769.000  7.459605e+01 
 1770.000  7.298615e+01 
 1771.000  7.311418e+01 
 1772.000  7.188322e+01 
 1773.000  7.171445e+01 
 1774.000  6.717073e+01 
 1775.000  6.313112e+01 
 1776.000  6.277606e+01 
 1777.000  5.929815e+01 
 1778.000  5.693782e+01 
 1779.000  5.751102e+01 
 1780.000  5.579131e+01 
 1781.000  5.500961e+01 
 1782.000  5.428559e+01 
 1783.000  5.176672e+01 
 1784.000  5.181131e+01 
 1785.000  5.169614e+01 
 1786.000  5.180278e+01 
 1787.000  5.222186e+01 
 1788.000  5.189731e+01 
 1789.000  4.710902e+01 
 1790.000  4.675098e+01 
 1791.000  4.247087e+01 
 1792.000  4.109450e+01 
 1793.000  3.607745e+01 
 1794.000  3.247968e+01 
 1795.000  3.275043e+01 
 1796.000  2.781864e+01 
 1797.000  2.428832e+01 
 1798.000  2.437682e+01 
 1799.000  1.821539e+01 
 1800.000  1.812266e+01 
 1801.000  1.390658e+01 
 1802.000  1.133386e+01 
 1803.000  1.128408e+01 
 1804.000  1.111211e+01 
 1805.000  1.043428e+01 
 1806.000  8.770273e+00 
 1807.000  8.250400e+00 
 1808.000  7.537456e+00 
 1809.000  5.526849e+00 
 1810.000  4.127944e+00 
 1811.000  4.123219e+00 
 1812.000  2.827843e+00 
 1813.000  2.835058e+00 
 1814.000  2.314403e+00 
 1815.000  1.290845e+00 
 1816.000  1.273829e+00 
 1817.000  1.036019e+00 
 1818.000  8.332188e-01 
 1819.000  6.059905e-01 
 1820.000  5.193285e-01 
 1821.000  5.234427e-01 
 1822.000  3.982624e-01 
 1823.000  3.924440e-01 
 1824.000  3.389907e-01 
 1825.000  1.253750e-01 
 1826.000  1.261565e-01 
 1827.000  7.134041e-02 
 1828.000  5.460075e-02 
 1829.000  1.789150e-02 
 1830.000  8.561896e-03 
 1831.000  8.550542e-03 
 1832.000  3.537061e-03 
 1833.000  3.412931e-03 
 1834.000  1.390485e-03 
 1835.000  2.849673e-04 
 1836.000  2.859356e-04 
 1837.000  1.476235e-04 
 1838.000  1.187175e-04 
 1839.000  1.696824e-04 
 1840.000  3.859683e-04 
 1841.000  3.949435e-04 
 1842.000  7.461654e-04 
 1843.000  7.233193e-04 
 1844.000  1.132431e-03 
 1845.000  1.002411e-03 
 1846.000  7.160451e-04 
 1847.000  4.322025e-04 
 1848.000  4.458767e-04 
 1849.000  4.418306e-04 
 1850.000  4.462116e-04 
 1851.000  4.134522e-04 
 1852.000  4.412816e-04 
 1853.000  4.321044e-04 
 1854.000  4.441905e-04 
 1855.000  4.760098e-04 
 1856.000  5.483511e-04 
 1857.000  5.714670e-04 
 1858.000  9.451067e-04 
 1859.000  2.248806e-03 
 1860.000  2.225564e-03 
 1861.000  5.376602e-03 
 1862.000  4.782816e-03 
 1863.000  5.472780e-03 
 1864.000  4.187846e-03 
 1865.000  4.211382e-03 
 1866.000  1.423090e-03 
 1867.000  1.401788e-03 
 1868.000  1.589418e-04 
 1869.000  1.778864e-04 
 1870.000  2.006789e-05 
 1871.000  4.186709e-09 
 1872.000  4.158449e-09 
 1873.000  3.117314e-05 
 1874.000  3.116658e-05 
 1875.000  2.673663e-04 
 1876.000  2.594547e-04 
 1877.000  2.596769e-03 
 1878.000  8.981345e-03 
 1879.000  9.185303e-03 
 1880.000  2.019086e-02 
 1881.000  2.082749e-02 
 1882.000  3.291124e-02 
 1883.000  3.986600e-02 
 1884.000  5.239059e-02 
 1885.000  5.215612e-02 
 1886.000  5.059977e-02 
 1887.000  5.843023e-02 
 1888.000  5.769044e-02 
 1889.000  4.116859e-02 
 1890.000  3.966390e-02 
 1891.000  3.233462e-02 
 1892.000  3.137816e-02 
 1893.000  2.533105e-02 
 1894.000  1.992111e-02 
 1895.000  1.946002e-02 
 1896.000  1.118699e-02 
 1897.000  1.114819e-02 
 1898.000  4.071602e-03 
 1899.000  4.011815e-03 
 1900.000  1.676566e-03 
 1901.000  1.685358e-03 
 1902.000  1.118274e-03 
 1903.000  1.997900e-03 
 1904.000  1.982179e-03 
 1905.000  4.152240e-03 
 1906.000  4.174006e-03 
 1907.000  7.649332e-03 
 1908.000  7.515446e-03 
 1909.000  9.140423e-03 
 1910.000  9.163337e-03 
 1911.000  1.019040e-02 
 1912.000  1.068104e-02 
 1913.000  1.822654e-02 
 1914.000  2.704857e-02 
 1915.000  2.689977e-02 
 1916.000  7.738139e-02 
 1917.000  7.785861e-02 
 1918.000  1.205560e-01 
 1919.000  1.201575e-01 
 1920.000  2.164703e-01 
 1921.000  2.253433e-01 
 1922.000  3.043279e-01 
 1923.000  3.416087e-01 
 1924.000  4.131464e-01 
 1925.000  4.317983e-01 
 1926.000  4.344488e-01 
 1927.000  6.131285e-01 
 1928.000  6.072738e-01 
 1929.000  6.946021e-01 
 1930.000  7.225432e-01 
 1931.000  1.226112e+00 
 1932.000  1.264382e+00 
 1933.000  1.482294e+00 
 1934.000  1.800539e+00 
 1935.000  2.334743e+00 
 1936.000  2.367111e+00 
 1937.000  2.527777e+00 
 1938.000  3.387423e+00 
 1939.000  3.237146e+00 
 1940.000  4.001266e+00 
 1941.000  4.040829e+00 
 1942.000  5.339874e+00 
 1943.000  5.183753e+00 
 1944.000  5.783970e+00 
 1945.000  5.435109e+00 
 1946.000  7.365608e+00 
 1947.000  7.825643e+00 
 1948.000  8.780821e+00 
 1949.000  9.297655e+00 
 1950.000  1.010969e+01 
 1951.000  9.816869e+00 
 1952.000  9.825544e+00 
 1953.000  1.049995e+01 
 1954.000  1.053339e+01 
 1955.000  1.052030e+01 
 1956.000  1.012432e+01 
 1957.000  1.117091e+01 
 1958.000  1.122326e+01 
 1959.000  1.320304e+01 
 1960.000  1.310374e+01 
 1961.000  1.630475e+01 
 1962.000  1.598051e+01 
 1963.000  1.960482e+01 
 1964.000  1.962755e+01 
 1965.000  2.464501e+01 
 1966.000  2.404277e+01 
 1967.000  2.785716e+01 
 1968.000  2.794159e+01 
 1969.000  3.136210e+01 
 1970.000  3.163837e+01 
 1971.000  3.382503e+01 
 1972.000  3.377951e+01 
 1973.000  3.417785e+01 
 1974.000  3.511485e+01 
 1975.000  3.784710e+01 
 1976.000  3.805706e+01 
 1977.000  3.996000e+01 
 1978.000  3.792462e+01 
 1979.000  4.165661e+01 
 1980.000  4.046371e+01 
 1981.000  4.301688e+01 
 1982.000  4.339792e+01 
 1983.000  4.432545e+01 
 1984.000  4.393712e+01 
 1985.000  4.453227e+01 
 1986.000  4.364165e+01 
 1987.000  4.430014e+01 
 1988.000  4.557899e+01 
 1989.000  4.536747e+01 
 1990.000  4.523738e+01 
 1991.000  4.496447e+01 
 1992.000  4.439330e+01 
 1993.000  4.238277e+01 
 1994.000  4.272472e+01 
 1995.000  4.016014e+01 
 1996.000  4.019023e+01 
 1997.000  3.360135e+01 
 1998.000  3.296496e+01 
 1999.000  2.572151e+01 
 2000.000  2.576177e+01 
 2001.000  1.927808e+01 
 2002.000  1.930929e+01 
 2003.000  1.619791e+01 
 2004.000  1.620121e+01 
 2005.000  1.659086e+01 
 2006.000  1.616026e+01 
 2007.000  1.826413e+01 
 2008.000  1.826379e+01 
 2009.000  1.963017e+01 
 2010.000  1.966643e+01 
 2011.000  2.009503e+01 
 2012.000  2.008392e+01 
 2013.000  2.047962e+01 
 2014.000  2.027892e+01 
 2015.000  2.138467e+01 
 2016.000  2.136234e+01 
 2017.000  2.390916e+01 
 2018.000  2.396581e+01 
 2019.000  2.840837e+01 
 2020.000  2.820861e+01 
 2021.000  3.199066e+01 
 2022.000  3.311833e+01 
 2023.000  3.788097e+01 
 2024.000  3.792656e+01 
 2025.000  4.128223e+01 
 2026.000  4.165697e+01 
 2027.000  4.398175e+01 
 2028.000  4.414692e+01 
 2029.000  4.544822e+01 
 2030.000  4.491718e+01 
 2031.000  4.677347e+01 
 2032.000  4.755460e+01 
 2033.000  4.885660e+01 
 2034.000  4.881850e+01 
 2035.000  4.783674e+01 
 2036.000  4.895889e+01 
 2037.000  4.928913e+01 
 2038.000  4.664536e+01 
 2039.000  4.813815e+01 
 2040.000  4.852955e+01 
 2041.000  4.802361e+01 
 2042.000  4.757701e+01 
 2043.000  4.687328e+01 
 2044.000  4.686523e+01 
 2045.000  4.506599e+01 
 2046.000  4.503553e+01 
 2047.000  4.479169e+01 
 2048.000  4.171939e+01 
 2049.000  4.195100e+01 
 2050.000  3.839521e+01 
 2051.000  3.818276e+01 
 2052.000  3.584283e+01 
 2053.000  3.534095e+01 
 2054.000  3.495175e+01 
 2055.000  3.521737e+01 
 2056.000  3.574501e+01 
 2057.000  3.560734e+01 
 2058.000  3.665857e+01 
 2059.000  3.667149e+01 
 2060.000  3.693361e+01 
 2061.000  3.595588e+01 
 2062.000  3.703190e+01 
 2063.000  3.689445e+01 
 2064.000  3.476498e+01 
 2065.000  3.680320e+01 
 2066.000  3.684948e+01 
 2067.000  3.726463e+01 
 2068.000  3.694904e+01 
 2069.000  3.806145e+01 
 2070.000  3.678655e+01 
 2071.000  3.995529e+01 
 2072.000  3.949769e+01 
 2073.000  4.222353e+01 
 2074.000  4.216039e+01 
 2075.000  4.391832e+01 
 2076.000  4.386848e+01 
 2077.000  4.521577e+01 
 2078.000  4.520546e+01 
 2079.000  4.445496e+01 
 2080.000  4.582296e+01 
 2081.000  4.537675e+01 
 2082.000  4.624836e+01 
 2083.000  4.544170e+01 
 2084.000  4.605436e+01 
 2085.000  4.643835e+01 
 2086.000  4.706828e+01 
 2087.000  4.704570e+01 
 2088.000  4.757463e+01 
 2089.000  4.764198e+01 
 2090.000  4.791258e+01 
 2091.000  4.755450e+01 
 2092.000  4.574052e+01 
 2093.000  4.737304e+01 
 2094.000  4.781910e+01 
 2095.000  4.628078e+01 
 2096.000  4.767479e+01 
 2097.000  4.742641e+01 
 2098.000  4.736164e+01 
 2099.000  4.768959e+01 
 2100.000  4.781639e+01 
 2101.000  4.814259e+01 
 2102.000  4.847142e+01 
 2103.000  4.773216e+01 
 2104.000  4.868491e+01 
 2105.000  4.864407e+01 
 2106.000  4.908154e+01 
 2107.000  4.893462e+01 
 2108.000  4.892137e+01 
 2109.000  4.867079e+01 
 2110.000  4.737614e+01 
 2111.000  4.847963e+01 
 2112.000  4.825753e+01 
 2113.000  4.801263e+01 
 2114.000  4.816340e+01 
 2115.000  4.800153e+01 
 2116.000  4.767353e+01 
 2117.000  4.646802e+01 
 2118.000  4.754304e+01 
 2119.000  4.797092e+01 
 2120.000  4.682263e+01 
 2121.000  4.802319e+01 
 2122.000  4.760950e+01 
 2123.000  4.764198e+01 
 2124.000  4.712983e+01 
 2125.000  4.814807e+01 
 2126.000  4.867580e+01 
 2127.000  4.782864e+01 
 2128.000  4.910221e+01 
 2129.000  4.899168e+01 
 2130.000  4.895946e+01 
 2131.000  4.925470e+01 
 2132.000  4.916737e+01 
 2133.000  4.924631e+01 
 2134.000  4.909781e+01 
 2135.000  4.922503e+01 
 2136.000  4.742813e+01 
 2137.000  4.907659e+01 
 2138.000  4.906632e+01 
 2139.000  4.882060e+01 
 2140.000  4.879274e+01 
 2141.000  4.883731e+01 
 2142.000  4.845528e+01 
 2143.000  4.821302e+01 
 2144.000  4.766005e+01 
 2145.000  4.718540e+01 
 2146.000  4.597496e+01 
 2147.000  4.644196e+01 
 2148.000  4.646242e+01 
 2149.000  4.534340e+01 
 2150.000  4.528846e+01 
 2151.000  4.449884e+01 
 2152.000  4.438987e+01 
 2153.000  4.395770e+01 
 2154.000  4.406185e+01 
 2155.000  4.404180e+01 
 2156.000  4.418218e+01 
 2157.000  4.406960e+01 
 2158.000  4.408971e+01 
 2159.000  4.388565e+01 
 2160.000  4.382607e+01 
 2161.000  4.378242e+01 
 2162.000  4.319564e+01 
 2163.000  4.333953e+01 
 2164.000  4.273252e+01 
 2165.000  4.140282e+01 
 2166.000  3.719081e+01 
 2167.000  4.077443e+01 
 2168.000  4.206493e+01 
 2169.000  4.318100e+01 
 2170.000  4.323820e+01 
 2171.000  4.361504e+01 
 2172.000  4.337649e+01 
 2173.000  4.353274e+01 
 2174.000  4.322286e+01 
 2175.000  4.327554e+01 
 2176.000  4.301010e+01 
 2177.000  4.247415e+01 
 2178.000  4.278380e+01 
 2179.000  4.086982e+01 
 2180.000  4.251957e+01 
 2181.000  4.245233e+01 
 2182.000  4.180263e+01 
 2183.000  4.077131e+01 
 2184.000  4.182357e+01 
 2185.000  4.192952e+01 
 2186.000  4.212021e+01 
 2187.000  4.206442e+01 
 2188.000  4.100150e+01 
 2189.000  4.094981e+01 
 2190.000  4.144641e+01 
 2191.000  4.201190e+01 
 2192.000  4.189719e+01 
 2193.000  4.126116e+01 
 2194.000  4.115345e+01 
 2195.000  4.103106e+01 
 2196.000  4.033495e+01 
 2197.000  4.017653e+01 
 2198.000  3.982914e+01 
 2199.000  3.977209e+01 
 2200.000  3.962430e+01 
 2201.000  3.985799e+01 
 2202.000  3.979379e+01 
 2203.000  4.056813e+01 
 2204.000  4.057553e+01 
 2205.000  4.045948e+01 
 2206.000  3.979959e+01 
 2207.000  3.929265e+01 
 2208.000  4.159056e+01 
 2209.000  4.073089e+01 
 2210.000  4.220456e+01 
 2211.000  4.216708e+01 
 2212.000  4.203296e+01 
 2213.000  4.210015e+01 
 2214.000  4.193122e+01 
 2215.000  4.198525e+01 
 2216.000  4.163250e+01 
 2217.000  4.103045e+01 
 2218.000  4.155826e+01 
 2219.000  4.169098e+01 
 2220.000  4.160997e+01 
 2221.000  4.153800e+01 
 2222.000  4.137345e+01 
 2223.000  4.144065e+01 
 2224.000  4.133807e+01 
 2225.000  4.120917e+01 
 2226.000  4.049734e+01 
 2227.000  4.061237e+01 
 2228.000  4.064480e+01 
 2229.000  4.100985e+01 
 2230.000  4.058577e+01 
 2231.000  4.064746e+01 
 2232.000  4.064467e+01 
 2233.000  4.052128e+01 
 2234.000  4.044547e+01 
 2235.000  4.019080e+01 
 2236.000  4.002854e+01 
 2237.000  4.004575e+01 
 2238.000  3.954183e+01 
 2239.000  3.871169e+01 
 2240.000  3.915300e+01 
 2241.000  3.953915e+01 
 2242.000  3.945207e+01 
 2243.000  3.876426e+01 
 2244.000  3.905859e+01 
 2245.000  3.905716e+01 
 2246.000  3.897333e+01 
 2247.000  3.893599e+01 
 2248.000  3.787039e+01 
 2249.000  3.865878e+01 
 2250.000  3.830096e+01 
 2251.000  3.825579e+01 
 2252.000  3.831558e+01 
 2253.000  3.770593e+01 
 2254.000  3.676369e+01 
 2255.000  3.749861e+01 
 2256.000  3.721537e+01 
 2257.000  3.721178e+01 
 2258.000  3.711597e+01 
 2259.000  3.715765e+01 
 2260.000  3.681680e+01 
 2261.000  3.663631e+01 
 2262.000  3.670371e+01 
 2263.000  3.538713e+01 
 2264.000  3.668888e+01 
 2265.000  3.647172e+01 
 2266.000  3.598896e+01 
 2267.000  3.630751e+01 
 2268.000  3.634072e+01 
 2269.000  3.625705e+01 
 2270.000  3.614945e+01 
 2271.000  3.590269e+01 
 2272.000  3.623459e+01 
 2273.000  3.620808e+01 
 2274.000  3.610008e+01 
 2275.000  3.556435e+01 
 2276.000  3.604465e+01 
 2277.000  3.605105e+01 
 2278.000  3.602016e+01 
 2279.000  3.590842e+01 
 2280.000  3.579982e+01 
 2281.000  3.396020e+01 
 2282.000  3.506430e+01 
 2283.000  3.516418e+01 
 2284.000  3.501374e+01 
 2285.000  3.488726e+01 
 2286.000  3.468376e+01 
 2287.000  3.475347e+01 
 2288.000  3.462859e+01 
 2289.000  3.409479e+01 
 2290.000  3.409352e+01 
 2291.000  3.347015e+01 
 2292.000  3.363537e+01 
 2293.000  3.356892e+01 
 2294.000  3.162779e+01 
 2295.000  3.246553e+01 
 2296.000  3.233717e+01 
 2297.000  3.178626e+01 
 2298.000  3.249150e+01 
 2299.000  3.263233e+01 
 2300.000  3.254522e+01 
 2301.000  3.252042e+01 
 2302.000  3.302840e+01 
 2303.000  3.293032e+01 
 2304.000  3.281571e+01 
 2305.000  3.333248e+01 
 2306.000  3.336748e+01 
 2307.000  3.341039e+01 
 2308.000  3.340495e+01 
 2309.000  3.318416e+01 
 2310.000  3.288861e+01 
 2311.000  3.299161e+01 
 2312.000  3.283717e+01 
 2313.000  3.218900e+01 
 2314.000  3.200121e+01 
 2315.000  3.049935e+01 
 2316.000  3.094576e+01 
 2317.000  3.064476e+01 
 2318.000  3.241482e+01 
 2319.000  3.228476e+01 
 2320.000  3.049994e+01 
 2321.000  3.058300e+01 
 2322.000  3.055907e+01 
 2323.000  2.933501e+01 
 2324.000  3.014951e+01 
 2325.000  3.039559e+01 
 2326.000  3.024491e+01 
 2327.000  3.081919e+01 
 2328.000  3.102559e+01 
 2329.000  3.072425e+01 
 2330.000  3.067130e+01 
 2331.000  3.052110e+01 
 2332.000  3.008009e+01 
 2333.000  3.005917e+01 
 2334.000  2.914812e+01 
 2335.000  2.873402e+01 
 2336.000  2.892386e+01 
 2337.000  2.808533e+01 
 2338.000  2.794018e+01 
 2339.000  2.721713e+01 
 2340.000  2.724905e+01 
 2341.000  2.728189e+01 
 2342.000  2.671017e+01 
 2343.000  2.658405e+01 
 2344.000  2.650660e+01 
 2345.000  2.609181e+01 
 2346.000  2.615409e+01 
 2347.000  2.598823e+01 
 2348.000  2.579584e+01 
 2349.000  2.591930e+01 
 2350.000  2.575501e+01 
 2351.000  2.595517e+01 
 2352.000  2.555188e+01 
 2353.000  2.495440e+01 
 2354.000  2.560330e+01 
 2355.000  2.589529e+01 
 2356.000  2.637361e+01 
 2357.000  2.616018e+01 
 2358.000  2.614661e+01 
 2359.000  2.663376e+01 
 2360.000  2.665678e+01 
 2361.000  2.646140e+01 
 2362.000  2.586056e+01 
 2363.000  2.582422e+01 
 2364.000  2.586712e+01 
 2365.000  2.484829e+01 
 2366.000  2.489956e+01 
 2367.000  2.362858e+01 
 2368.000  2.351010e+01 
 2369.000  2.328514e+01 
 2370.000  2.246382e+01 
 2371.000  2.272440e+01 
 2372.000  2.273170e+01 
 2373.000  2.261335e+01 
 2374.000  2.150942e+01 
 2375.000  2.219766e+01 
 2376.000  2.215338e+01 
 2377.000  2.208218e+01 
 2378.000  2.201712e+01 
 2379.000  2.219491e+01 
 2380.000  2.212297e+01 
 2381.000  2.162093e+01 
 2382.000  2.167344e+01 
 2383.000  2.063378e+01 
 2384.000  2.061569e+01 
 2385.000  2.077529e+01 
 2386.000  2.092772e+01 
 2387.000  2.096027e+01 
 2388.000  2.152271e+01 
 2389.000  2.144527e+01 
 2390.000  2.197328e+01 
 2391.000  2.193530e+01 
 2392.000  2.182972e+01 
 2393.000  2.197835e+01 
 2394.000  2.226408e+01 
 2395.000  2.206760e+01 
 2396.000  2.199109e+01 
 2397.000  2.209417e+01 
 2398.000  2.188540e+01 
 2399.000  2.162897e+01 
 2400.000  2.142710e+01 
 2401.000  2.085388e+01 
 2402.000  2.096021e+01 
 2403.000  2.080712e+01 
 2404.000  1.959492e+01 
 2405.000  1.972446e+01 
 2406.000  1.943807e+01 
 2407.000  1.848542e+01 
 2408.000  1.851800e+01 
 2409.000  1.845866e+01 
 2410.000  1.727964e+01 
 2411.000  1.729612e+01 
 2412.000  1.727480e+01 
 2413.000  1.646550e+01 
 2414.000  1.589260e+01 
 2415.000  1.580632e+01 
 2416.000  1.531192e+01 
 2417.000  1.600318e+01 
 2418.000  1.614284e+01 
 2419.000  1.747974e+01 
 2420.000  1.729305e+01 
 2421.000  1.729214e+01 
 2422.000  1.817709e+01 
 2423.000  1.804966e+01 
 2424.000  1.810375e+01 
 2425.000  1.837040e+01 
 2426.000  1.860271e+01 
 2427.000  1.832536e+01 
 2428.000  1.823367e+01 
 2429.000  1.835723e+01 
 2430.000  1.824777e+01 
 2431.000  1.761286e+01 
 2432.000  1.772243e+01 
 2433.000  1.755355e+01 
 2434.000  1.648492e+01 
 2435.000  1.630469e+01 
 2436.000  1.676127e+01 
 2437.000  1.666265e+01 
 2438.000  1.626316e+01 
 2439.000  1.660365e+01 
 2440.000  1.562396e+01 
 2441.000  1.544298e+01 
 2442.000  1.553868e+01 
 2443.000  1.398584e+01 
 2444.000  1.391660e+01 
 2445.000  1.271554e+01 
 2446.000  1.234899e+01 
 2447.000  1.237777e+01 
 2448.000  1.195889e+01 
 2449.000  1.195954e+01 
 2450.000  1.204372e+01 
 2451.000  1.216535e+01 
 2452.000  1.216024e+01 
 2453.000  1.235028e+01 
 2454.000  1.379801e+01 
 2455.000  1.365655e+01 
 2456.000  1.363333e+01 
 2457.000  1.299608e+01 
 2458.000  1.402988e+01 
 2459.000  1.412753e+01 
 2460.000  1.404133e+01 
 2461.000  1.331262e+01 
 2462.000  1.334808e+01 
 2463.000  1.310012e+01 
 2464.000  1.216901e+01 
 2465.000  1.207421e+01 
 2466.000  1.198071e+01 
 2467.000  1.075382e+01 
 2468.000  1.075355e+01 
 2469.000  1.049034e+01 
 2470.000  8.461651e+00 
 2471.000  8.823432e+00 
 2472.000  8.788953e+00 
 2473.000  8.199471e+00 
 2474.000  8.053989e+00 
 2475.000  8.026909e+00 
 2476.000  6.542416e+00 
 2477.000  6.638865e+00 
 2478.000  6.607276e+00 
 2479.000  5.170116e+00 
 2480.000  5.245562e+00 
 2481.000  5.004038e+00 
 2482.000  3.970880e+00 
 2483.000  3.860869e+00 
 2484.000  4.041799e+00 
 2485.000  3.286270e+00 
 2486.000  3.266592e+00 
 2487.000  2.963913e+00 
 2488.000  2.889575e+00 
 2489.000  2.887773e+00 
 2490.000  2.903049e+00 
 2491.000  2.967458e+00 
 2492.000  2.979793e+00 
 2493.000  2.932802e+00 
 2494.000  2.903660e+00 
 2495.000  2.872190e+00 
 2496.000  2.854447e+00 
 2497.000  3.130494e+00 
 2498.000  3.109493e+00 
 2499.000  3.124452e+00 
 2500.000  2.846000e+00 
 2501.000  2.356910e+00 
 2502.000  2.371192e+00 
 2503.000  2.346705e+00 
 2504.000  2.064824e+00 
 2505.000  2.088323e+00 
 2506.000  1.842916e+00 
 2507.000  1.166235e+00 
 2508.000  1.149982e+00 
 2509.000  1.145695e+00 
 2510.000  8.398988e-01 
 2511.000  8.451120e-01 
 2512.000  6.896182e-01 
 2513.000  3.808233e-01 
 2514.000  3.801964e-01 
 2515.000  3.784120e-01 
 2516.000  3.089208e-01 
 2517.000  3.063603e-01 
 2518.000  3.016246e-01 
 2519.000  1.151875e-01 
 2520.000  1.150391e-01 
 2521.000  1.152707e-01 
 2522.000  1.149982e-01 
 2523.000  6.944343e-02 
 2524.000  6.921384e-02 
 2525.000  4.757195e-02 
 2526.000  1.522300e-02 
 2527.000  1.513208e-02 
 2528.000  1.519672e-02 
 2529.000  7.539922e-03 
 2530.000  7.551806e-03 
 2531.000  7.572788e-03 
 2532.000  1.162113e-03 
 2533.000  1.151820e-03 
 2534.000  1.161163e-03 
 2535.000  6.893578e-04 
 2536.000  6.933840e-04 
 2537.000  6.868159e-04 
 2538.000  3.429761e-04 
 2539.000  4.829434e-05 
 2540.000  4.843475e-05 
 2541.000  4.870462e-05 
 2542.000  2.231696e-05 
 2543.000  2.323017e-05 
 2544.000  6.933165e-06 
 2545.000  1.727719e-06 
 2546.000  1.734451e-06 
 2547.000  1.692727e-06 
 2548.000  1.718508e-06 
 2549.000  1.749965e-06 
 2550.000  1.741305e-06 
 2551.000  4.932572e-07 
 2552.000  1.250451e-07 
 2553.000  1.238949e-07 
 2554.000  1.265872e-07 
 2555.000  9.273366e-08 
 2556.000  9.212783e-08 
 2557.000  2.092357e-08 
 2558.000  0.000000e+00 
 2559.000  0.000000e+00 
 2560.000  0.000000e+00 
 2561.000  0.000000e+00 
 2562.000  0.000000e+00 
 2563.000  0.000000e+00 
 2564.000  0.000000e+00 
 2565.000  0.000000e+00 
 2566.000  0.000000e+00 
 2567.000  0.000000e+00 
 2568.000  0.000000e+00 
 2569.000  0.000000e+00 
 2570.000  0.000000e+00 
 2571.000  0.000000e+00 
 2572.000  0.000000e+00 
 2573.000  0.000000e+00 
 2574.000  0.000000e+00 
 2575.000  0.000000e+00 
 2576.000  0.000000e+00 
 2577.000  0.000000e+00 
 2578.000  0.000000e+00 
 2579.000  0.000000e+00 
 2580.000  0.000000e+00 
 2581.000  0.000000e+00 
 2582.000  0.000000e+00 
 2583.000  0.000000e+00 
 2584.000  0.000000e+00 
 2585.000  0.000000e+00 
 2586.000  0.000000e+00 
 2587.000  0.000000e+00 
 2588.000  0.000000e+00 
 2589.000  0.000000e+00 
 2590.000  0.000000e+00 
 2591.000  0.000000e+00 
 2592.000  0.000000e+00 
 2593.000  0.000000e+00 
 2594.000  0.000000e+00 
 2595.000  0.000000e+00 
 2596.000  0.000000e+00 
 2597.000  0.000000e+00 
 2598.000  0.000000e+00 
 2599.000  0.000000e+00 
 2600.000  0.000000e+00 
 2601.000  0.000000e+00 
 2602.000  0.000000e+00 
 2603.000  0.000000e+00 
 2604.000  0.000000e+00 
 2605.000  0.000000e+00 
 2606.000  0.000000e+00 
 2607.000  0.000000e+00 
 2608.000  0.000000e+00 
 2609.000  0.000000e+00 
 2610.000  0.000000e+00 
 2611.000  0.000000e+00 
 2612.000  0.000000e+00 
 2613.000  0.000000e+00 
 2614.000  0.000000e+00 
 2615.000  0.000000e+00 
 2616.000  0.000000e+00 
 2617.000  0.000000e+00 
 2618.000  0.000000e+00 
 2619.000  0.000000e+00 
 2620.000  0.000000e+00 
 2621.000  0.000000e+00 
 2622.000  0.000000e+00 
 2623.000  0.000000e+00 
 2624.000  0.000000e+00 
 2625.000  0.000000e+00 
 2626.000  0.000000e+00 
 2627.000  0.000000e+00 
 2628.000  0.000000e+00 
 2629.000  0.000000e+00 
 2630.000  0.000000e+00 
 2631.000  0.000000e+00 
 2632.000  0.000000e+00 
 2633.000  0.000000e+00 
 2634.000  0.000000e+00 
 2635.000  0.000000e+00 
 2636.000  0.000000e+00 
 2637.000  0.000000e+00 
 2638.000  0.000000e+00 
 2639.000  0.000000e+00 
 2640.000  0.000000e+00 
 2641.000  0.000000e+00 
 2642.000  0.000000e+00 
 2643.000  0.000000e+00 
 2644.000  0.000000e+00 
 2645.000  0.000000e+00 
 2646.000  0.000000e+00 
 2647.000  0.000000e+00 
 2648.000  0.000000e+00 
 2649.000  0.000000e+00 
 2650.000  0.000000e+00 
 2651.000  0.000000e+00 
 2652.000  0.000000e+00 
 2653.000  0.000000e+00 
 2654.000  0.000000e+00 
 2655.000  0.000000e+00 
 2656.000  0.000000e+00 
 2657.000  0.000000e+00 
 2658.000  0.000000e+00 
 2659.000  0.000000e+00 
 2660.000  0.000000e+00 
 2661.000  0.000000e+00 
 2662.000  0.000000e+00 
 2663.000  0.000000e+00 
 2664.000  0.000000e+00 
 2665.000  0.000000e+00 
 2666.000  0.000000e+00 
 2667.000  0.000000e+00 
 2668.000  0.000000e+00 
 2669.000  0.000000e+00 
 2670.000  0.000000e+00 
 2671.000  0.000000e+00 
 2672.000  0.000000e+00 
 2673.000  0.000000e+00 
 2674.000  0.000000e+00 
 2675.000  0.000000e+00 
 2676.000  0.000000e+00 
 2677.000  0.000000e+00 
 2678.000  0.000000e+00 
 2679.000  0.000000e+00 
 2680.000  0.000000e+00 
 2681.000  0.000000e+00 
 2682.000  0.000000e+00 
 2683.000  0.000000e+00 
 2684.000  0.000000e+00 
 2685.000  0.000000e+00 
 2686.000  0.000000e+00 
 2687.000  0.000000e+00 
 2688.000  0.000000e+00 
 2689.000  0.000000e+00 
 2690.000  0.000000e+00 
 2691.000  0.000000e+00 
 2692.000  0.000000e+00 
 2693.000  0.000000e+00 
 2694.000  0.000000e+00 
 2695.000  0.000000e+00 
 2696.000  0.000000e+00 
 2697.000  0.000000e+00 
 2698.000  0.000000e+00 
 2699.000  0.000000e+00 
 2700.000  0.000000e+00 
 2701.000  0.000000e+00 
 2702.000  0.000000e+00 
 2703.000  0.000000e+00 
 2704.000  0.000000e+00 
 2705.000  0.000000e+00 
 2706.000  0.000000e+00 
 2707.000  0.000000e+00 
 2708.000  0.000000e+00 
 2709.000  0.000000e+00 
 2710.000  0.000000e+00 
 2711.000  0.000000e+00 
 2712.000  0.000000e+00 
 2713.000  0.000000e+00 
 2714.000  0.000000e+00 
 2715.000  0.000000e+00 
 2716.000  0.000000e+00 
 2717.000  0.000000e+00 
 2718.000  0.000000e+00 
 2719.000  0.000000e+00 
 2720.000  0.000000e+00 
 2721.000  0.000000e+00 
 2722.000  0.000000e+00 
 2723.000  0.000000e+00 
 2724.000  0.000000e+00 
 2725.000  0.000000e+00 
 2726.000  0.000000e+00 
 2727.000  0.000000e+00 
 2728.000  0.000000e+00 
 2729.000  0.000000e+00 
 2730.000  0.000000e+00 
 2731.000  0.000000e+00 
 2732.000  0.000000e+00 
 2733.000  0.000000e+00 
 2734.000  0.000000e+00 
 2735.000  0.000000e+00 
 2736.000  0.000000e+00 
 2737.000  0.000000e+00 
 2738.000  0.000000e+00 
 2739.000  0.000000e+00 
 2740.000  0.000000e+00 
 2741.000  0.000000e+00 
 2742.000  0.000000e+00 
 2743.000  0.000000e+00 
 2744.000  0.000000e+00 
 2745.000  0.000000e+00 
 2746.000  0.000000e+00 
 2747.000  0.000000e+00 
 2748.000  0.000000e+00 
 2749.000  0.000000e+00 
 2750.000  0.000000e+00 
 2751.000  0.000000e+00 
 2752.000  0.000000e+00 
 2753.000  0.000000e+00 
 2754.000  0.000000e+00 
 2755.000  0.000000e+00 
 2756.000  0.000000e+00 
 2757.000  0.000000e+00 
 2758.000  0.000000e+00 
 2759.000  0.000000e+00 
 2760.000  0.000000e+00 
 2761.000  0.000000e+00 
 2762.000  0.000000e+00 
 2763.000  0.000000e+00 
 2764.000  0.000000e+00 
 2765.000  0.000000e+00 
 2766.000  0.000000e+00 
 2767.000  0.000000e+00 
 2768.000  0.000000e+00 
 2769.000  0.000000e+00 
 2770.000  0.000000e+00 
 2771.000  0.000000e+00 
 2772.000  0.000000e+00 
 2773.000  0.000000e+00 
 2774.000  0.000000e+00 
 2775.000  0.000000e+00 
 2776.000  0.000000e+00 
 2777.000  0.000000e+00 
 2778.000  0.000000e+00 
 2779.000  0.000000e+00 
 2780.000  0.000000e+00 
 2781.000  0.000000e+00 
 2782.000  0.000000e+00 
 2783.000  0.000000e+00 
 2784.000  0.000000e+00 
 2785.000  0.000000e+00 
 2786.000  0.000000e+00 
 2787.000  0.000000e+00 
 2788.000  0.000000e+00 
 2789.000  0.000000e+00 
 2790.000  0.000000e+00 
 2791.000  0.000000e+00 
 2792.000  0.000000e+00 
 2793.000  0.000000e+00 
 2794.000  0.000000e+00 
 2795.000  0.000000e+00 
 2796.000  0.000000e+00 
 2797.000  0.000000e+00 
 2798.000  7.832923e-11 
 2799.000  7.838884e-11 
 2800.000  7.864849e-11 
 2801.000  1.709512e-10 
 2802.000  7.904685e-10 
 2803.000  7.889270e-10 
 2804.000  7.852270e-10 
 2805.000  7.919758e-10 
 2806.000  2.251620e-07 
 2807.000  2.243432e-07 
 2808.000  2.253364e-07 
 2809.000  2.806783e-06 
 2810.000  2.811974e-06 
 2811.000  2.809291e-06 
 2812.000  2.812455e-06 
 2813.000  1.064585e-05 
 2814.000  1.064709e-05 
 2815.000  1.066639e-05 
 2816.000  1.061489e-05 
 2817.000  8.982942e-05 
 2818.000  8.984267e-05 
 2819.000  8.972129e-05 
 2820.000  8.961876e-05 
 2821.000  2.203315e-04 
 2822.000  2.199971e-04 
 2823.000  2.199441e-04 
 2824.000  2.192520e-04 
 2825.000  8.173084e-04 
 2826.000  8.186089e-04 
 2827.000  8.169716e-04 
 2828.000  8.153972e-04 
 2829.000  9.970757e-04 
 2830.000  9.978054e-04 
 2831.000  9.956169e-04 
 2832.000  9.983026e-04 
 2833.000  2.283317e-03 
 2834.000  2.286361e-03 
 2835.000  2.285390e-03 
 2836.000  2.282440e-03 
 2837.000  2.597042e-03 
 2838.000  2.592356e-03 
 2839.000  2.597255e-03 
 2840.000  2.583049e-03 
 2841.000  5.242796e-03 
 2842.000  5.338150e-03 
 2843.000  5.315514e-03 
 2844.000  5.318022e-03 
 2845.000  5.922677e-03 
 2846.000  5.919449e-03 
 2847.000  5.911842e-03 
 2848.000  5.914324e-03 
 2849.000  7.454426e-03 
 2850.000  1.316585e-02 
 2851.000  1.316458e-02 
 2852.000  1.316454e-02 
 2853.000  1.323182e-02 
 2854.000  2.068457e-02 
 2855.000  2.077939e-02 
 2856.000  2.077373e-02 
 2857.000  2.448875e-02 
 2858.000  4.685377e-02 
 2859.000  4.668916e-02 
 2860.000  4.637361e-02 
 2861.000  4.669648e-02 
 2862.000  7.917746e-02 
 2863.000  7.908983e-02 
 2864.000  7.908378e-02 
 2865.000  9.338423e-02 
 2866.000  1.397939e-01 
 2867.000  1.392195e-01 
 2868.000  1.380116e-01 
 2869.000  1.386599e-01 
 2870.000  1.867543e-01 
 2871.000  1.876183e-01 
 2872.000  1.855524e-01 
 2873.000  2.050923e-01 
 2874.000  2.877060e-01 
 2875.000  2.893516e-01 
 2876.000  2.907538e-01 
 2877.000  2.911551e-01 
 2878.000  3.812235e-01 
 2879.000  3.811782e-01 
 2880.000  3.803965e-01 
 2881.000  3.806617e-01 
 2882.000  5.860530e-01 
 2883.000  5.866826e-01 
 2884.000  5.861632e-01 
 2885.000  5.846296e-01 
 2886.000  5.829998e-01 
 2887.000  6.436767e-01 
 2888.000  6.430105e-01 
 2889.000  6.396149e-01 
 2890.000  6.927948e-01 
 2891.000  7.956465e-01 
 2892.000  7.951011e-01 
 2893.000  7.938555e-01 
 2894.000  7.908009e-01 
 2895.000  7.881448e-01 
 2896.000  7.868382e-01 
 2897.000  7.871268e-01 
 2898.000  8.294088e-01 
 2899.000  8.072255e-01 
 2900.000  8.095034e-01 
 2901.000  8.072016e-01 
 2902.000  8.077723e-01 
 2903.000  9.346490e-01 
 2904.000  9.331491e-01 
 2905.000  9.333687e-01 
 2906.000  9.197238e-01 
 2907.000  1.110296e+00 
 2908.000  1.108976e+00 
 2909.000  1.108538e+00 
 2910.000  1.106934e+00 
 2911.000  1.105651e+00 
 2912.000  1.251663e+00 
 2913.000  1.247975e+00 
 2914.000  1.245817e+00 
 2915.000  1.285968e+00 
 2916.000  1.620495e+00 
 2917.000  1.633605e+00 
 2918.000  1.631236e+00 
 2919.000  1.629614e+00 
 2920.000  9.235958e+00 
 2921.000  9.230584e+00 
 2922.000  9.205029e+00 
 2923.000  9.128057e+00 
 2924.000  2.553859e+00 
 2925.000  2.581348e+00 
 2926.000  2.539660e+00 
 2927.000  2.577637e+00 
 2928.000  2.577297e+00 
 2929.000  2.750776e+00 
 2930.000  2.794890e+00 
 2931.000  2.792133e+00 
 2932.000  2.909422e+00 
 2933.000  2.905665e+00 
 2934.000  2.910380e+00 
 2935.000  2.897312e+00 
 2936.000  2.899373e+00 
 2937.000  2.665933e+00 
 2938.000  2.667023e+00 
 2939.000  2.650955e+00 
 2940.000  2.658558e+00 
 2941.000  2.719731e+00 
 2942.000  2.511580e+00 
 2943.000  2.476617e+00 
 2944.000  2.495023e+00 
 2945.000  2.496706e+00 
 2946.000  2.552161e+00 
 2947.000  2.503285e+00 
 2948.000  2.543216e+00 
 2949.000  2.596850e+00 
 2950.000  2.767163e+00 
 2951.000  2.760593e+00 
 2952.000  2.743396e+00 
 2953.000  2.760111e+00 
 2954.000  2.752978e+00 
 2955.000  2.847469e+00 
 2956.000  2.853985e+00 
 2957.000  2.850195e+00 
 2958.000  2.892926e+00 
 2959.000  2.736695e+00 
 2960.000  2.723533e+00 
 2961.000  2.716550e+00 
 2962.000  2.725847e+00 
 2963.000  2.163595e+00 
 2964.000  2.159280e+00 
 2965.000  2.159795e+00 
 2966.000  2.155136e+00 
 2967.000  2.180668e+00 
 2968.000  1.793227e+00 
 2969.000  1.788042e+00 
 2970.000  1.785609e+00 
 2971.000  1.782059e+00 
 2972.000  1.945940e+00 
 2973.000  1.945144e+00 
 2974.000  1.944092e+00 
 2975.000  1.940940e+00 
 2976.000  1.961353e+00 
 2977.000  2.547175e+00 
 2978.000  2.538805e+00 
 2979.000  2.517771e+00 
 2980.000  2.536767e+00 
 2981.000  3.464075e+00 
 2982.000  3.452226e+00 
 2983.000  3.456261e+00 
 2984.000  3.451603e+00 
 2985.000  3.481282e+00 
 2986.000  4.337847e+00 
 2987.000  4.331086e+00 
 2988.000  4.296050e+00 
 2989.000  4.318748e+00 
 2990.000  4.370940e+00 
 2991.000  4.385380e+00 
 2992.000  4.380890e+00 
 2993.000  4.374478e+00 
 2994.000  4.368967e+00 
 2995.000  4.317684e+00 
 2996.000  4.310457e+00 
 2997.000  4.231420e+00 
 2998.000  4.288407e+00 
 2999.000  4.067779e+00 
 3000.000  4.001564e+00 
 3001.000  4.064167e+00 
 3002.000  4.062907e+00 
 3003.000  4.074131e+00 
 3004.000  3.528941e+00 
 3005.000  3.530220e+00 
 3006.000  3.523636e+00 
 3007.000  3.523313e+00 
 3008.000  3.448687e+00 
 3009.000  3.455101e+00 
 3010.000  3.449158e+00 
 3011.000  3.456222e+00 
 3012.000  3.451681e+00 
 3013.000  3.237951e+00 
 3014.000  3.230221e+00 
 3015.000  3.214898e+00 
 3016.000  3.225581e+00 
 3017.000  2.937512e+00 
 3018.000  2.947456e+00 
 3019.000  2.946379e+00 
 3020.000  2.912170e+00 
 3021.000  2.913443e+00 
 3022.000  2.908422e+00 
 3023.000  2.900637e+00 
 3024.000  2.894418e+00 
 3025.000  2.888426e+00 
 3026.000  2.656809e+00 
 3027.000  2.647588e+00 
 3028.000  2.634850e+00 
 3029.000  2.645295e+00 
 3030.000  2.616657e+00 
 3031.000  2.285237e+00 
 3032.000  2.281396e+00 
 3033.000  2.237950e+00 
 3034.000  2.269234e+00 
 3035.000  1.957192e+00 
 3036.000  1.948640e+00 
 3037.000  1.935977e+00 
 3038.000  1.915763e+00 
 3039.000  1.871654e+00 
 3040.000  1.646476e+00 
 3041.000  1.690143e+00 
 3042.000  1.699353e+00 
 3043.000  1.705121e+00 
 3044.000  1.706566e+00 
 3045.000  1.532136e+00 
 3046.000  1.534584e+00 
 3047.000  1.537811e+00 
 3048.000  1.526539e+00 
 3049.000  1.519398e+00 
 3050.000  1.520222e+00 
 3051.000  1.518492e+00 
 3052.000  1.516676e+00 
 3053.000  1.514041e+00 
 3054.000  1.711981e+00 
 3055.000  1.693452e+00 
 3056.000  1.710895e+00 
 3057.000  1.706545e+00 
 3058.000  1.683670e+00 
 3059.000  1.905302e+00 
 3060.000  1.911205e+00 
 3061.000  1.911113e+00 
 3062.000  1.908578e+00 
 3063.000  2.087497e+00 
 3064.000  2.058489e+00 
 3065.000  2.063420e+00 
 3066.000  2.080669e+00 
 3067.000  2.062277e+00 
 3068.000  2.141074e+00 
 3069.000  2.172694e+00 
 3070.000  2.171794e+00 
 3071.000  2.165810e+00 
 3072.000  2.167315e+00 
 3073.000  2.186357e+00 
 3074.000  2.178457e+00 
 3075.000  2.183593e+00 
 3076.000  2.166676e+00 
 3077.000  1.852385e+00 
 3078.000  1.852857e+00 
 3079.000  1.848537e+00 
 3080.000  1.844423e+00 
 3081.000  1.835190e+00 
 3082.000  1.708307e+00 
 3083.000  1.705237e+00 
 3084.000  1.712645e+00 
 3085.000  1.710421e+00 
 3086.000  1.697496e+00 
 3087.000  1.532615e+00 
 3088.000  1.540711e+00 
 3089.000  1.539822e+00 
 3090.000  1.539460e+00 
 3091.000  1.523100e+00 
 3092.000  1.319342e+00 
 3093.000  1.318780e+00 
 3094.000  1.316427e+00 
 3095.000  1.313662e+00 
 3096.000  1.344117e+00 
 3097.000  1.339173e+00 
 3098.000  1.313113e+00 
 3099.000  1.334196e+00 
 3100.000  1.338895e+00 
 3101.000  1.395714e+00 
 3102.000  1.393979e+00 
 3103.000  1.393858e+00 
 3104.000  1.391854e+00 
 3105.000  1.391750e+00 
 3106.000  1.606515e+00 
 3107.000  1.599614e+00 
 3108.000  1.606120e+00 
 3109.000  1.603193e+00 
 3110.000  1.601473e+00 
 3111.000  1.995312e+00 
 3112.000  1.990928e+00 
 3113.000  1.978755e+00 
 3114.000  1.980265e+00 
 3115.000  1.925573e+00 
 3116.000  2.578273e+00 
 3117.000  2.684912e+00 
 3118.000  2.695945e+00 
 3119.000  2.684947e+00 
 3120.000  2.687864e+00 
 3121.000  3.023662e+00 
 3122.000  3.031479e+00 
 3123.000  3.036725e+00 
 3124.000  3.034017e+00 
 3125.000  3.043574e+00 
 3126.000  3.375257e+00 
 3127.000  3.358085e+00 
 3128.000  3.371173e+00 
 3129.000  3.339738e+00 
 3130.000  3.538596e+00 
 3131.000  3.517527e+00 
 3132.000  3.533818e+00 
 3133.000  3.525632e+00 
 3134.000  3.573338e+00 
 3135.000  3.337963e+00 
 3136.000  3.334043e+00 
 3137.000  3.332372e+00 
 3138.000  3.330841e+00 
 3139.000  3.319265e+00 
 3140.000  3.369958e+00 
 3141.000  3.377987e+00 
 3142.000  3.363812e+00 
 3143.000  3.369858e+00 
 3144.000  3.425120e+00 
 3145.000  3.925237e+00 
 3146.000  3.920663e+00 
 3147.000  3.888558e+00 
 3148.000  3.906570e+00 
 3149.000  3.907159e+00 
 3150.000  4.660593e+00 
 3151.000  4.646060e+00 
 3152.000  4.399739e+00 
 3153.000  4.642686e+00 
 3154.000  4.675366e+00 
 3155.000  5.695356e+00 
 3156.000  5.690256e+00 
 3157.000  5.674541e+00 
 3158.000  5.675634e+00 
 3159.000  5.667706e+00 
 3160.000  6.491420e+00 
 3161.000  6.476615e+00 
 3162.000  6.486860e+00 
 3163.000  6.468968e+00 
 3164.000  6.419315e+00 
 3165.000  6.528404e+00 
 3166.000  6.541373e+00 
 3167.000  6.517014e+00 
 3168.000  6.476476e+00 
 3169.000  6.505641e+00 
 3170.000  6.141586e+00 
 3171.000  6.284306e+00 
 3172.000  6.281204e+00 
 3173.000  6.279797e+00 
 3174.000  6.197020e+00 
 3175.000  5.578108e+00 
 3176.000  5.569460e+00 
 3177.000  5.565464e+00 
 3178.000  5.539501e+00 
 3179.000  5.534904e+00 
 3180.000  4.535618e+00 
 3181.000  4.460306e+00 
 3182.000  4.519519e+00 
 3183.000  4.513755e+00 
 3184.000  4.443372e+00 
 3185.000  3.146229e+00 
 3186.000  3.141630e+00 
 3187.000  3.133386e+00 
 3188.000  3.127699e+00 
 3189.000  3.131132e+00 
 3190.000  1.898146e+00 
 3191.000  1.895890e+00 
 3192.000  1.893677e+00 
 3193.000  1.890391e+00 
 3194.000  1.862368e+00 
 3195.000  9.830601e-01 
 3196.000  9.776682e-01 
 3197.000  9.806713e-01 
 3198.000  9.788894e-01 
 3199.000  9.788949e-01 
 3200.000  6.309451e-01 
 3201.000  6.151331e-01 
 3202.000  6.291256e-01 
 3203.000  6.296569e-01 
 3204.000  6.266055e-01 
 3205.000  6.182238e-01 
 3206.000  4.938085e-01 
 3207.000  4.931734e-01 
 3208.000  4.926428e-01 
 3209.000  4.921097e-01 
 3210.000  4.909746e-01 
 3211.000  5.055063e-01 
 3212.000  5.047124e-01 
 3213.000  5.044730e-01 
 3214.000  5.037906e-01 
 3215.000  4.887859e-01 
 3216.000  6.666618e-01 
 3217.000  6.660712e-01 
 3218.000  6.662509e-01 
 3219.000  6.647331e-01 
 3220.000  6.644071e-01 
 3221.000  8.940024e-01 
 3222.000  8.941306e-01 
 3223.000  8.905302e-01 
 3224.000  8.857827e-01 
 3225.000  8.875625e-01 
 3226.000  1.186852e+00 
 3227.000  1.189435e+00 
 3228.000  1.186718e+00 
 3229.000  1.183578e+00 
 3230.000  1.183186e+00 
 3231.000  1.183099e+00 
 3232.000  1.657350e+00 
 3233.000  1.654979e+00 
 3234.000  1.630938e+00 
 3235.000  1.653979e+00 
 3236.000  1.655733e+00 
 3237.000  1.959631e+00 
 3238.000  1.957348e+00 
 3239.000  1.951911e+00 
 3240.000  1.950897e+00 
 3241.000  1.946202e+00 
 3242.000  1.987183e+00 
 3243.000  1.960884e+00 
 3244.000  1.986011e+00 
 3245.000  1.981153e+00 
 3246.000  2.014033e+00 
 3247.000  2.148665e+00 
 3248.000  2.145357e+00 
 3249.000  2.141108e+00 
 3250.000  2.140585e+00 
 3251.000  2.138780e+00 
 3252.000  2.135205e+00 
 3253.000  1.957811e+00 
 3254.000  1.943355e+00 
 3255.000  1.945067e+00 
 3256.000  1.950700e+00 
 3257.000  1.974280e+00 
 3258.000  1.772539e+00 
 3259.000  1.774680e+00 
 3260.000  1.756154e+00 
 3261.000  1.770773e+00 
 3262.000  1.762329e+00 
 3263.000  1.961559e+00 
 3264.000  1.964609e+00 
 3265.000  1.964527e+00 
 3266.000  1.947599e+00 
 3267.000  1.976775e+00 
 3268.000  2.359805e+00 
 3269.000  2.348238e+00 
 3270.000  2.353242e+00 
 3271.000  2.346927e+00 
 3272.000  2.348046e+00 
 3273.000  2.341077e+00 
 3274.000  2.783368e+00 
 3275.000  2.779094e+00 
 3276.000  2.736554e+00 
 3277.000  2.770617e+00 
 3278.000  2.786041e+00 
 3279.000  3.216490e+00 
 3280.000  3.206296e+00 
 3281.000  3.164536e+00 
 3282.000  3.196958e+00 
 3283.000  3.192596e+00 
 3284.000  3.199496e+00 
 3285.000  3.123615e+00 
 3286.000  3.155660e+00 
 3287.000  3.153305e+00 
 3288.000  3.148512e+00 
 3289.000  3.163930e+00 
 3290.000  2.736391e+00 
 3291.000  2.703409e+00 
 3292.000  2.727356e+00 
 3293.000  2.719421e+00 
 3294.000  2.711121e+00 
 3295.000  2.264798e+00 
 3296.000  2.229199e+00 
 3297.000  2.174725e+00 
 3298.000  2.206593e+00 
 3299.000  2.258578e+00 
 3300.000  2.298685e+00 
 3301.000  1.951374e+00 
 3302.000  1.966498e+00 
 3303.000  1.965288e+00 
 3304.000  1.965009e+00 
 3305.000  1.963047e+00 
 3306.000  1.653005e+00 
 3307.000  1.657431e+00 
 3308.000  1.654356e+00 
 3309.000  1.654083e+00 
 3310.000  1.651333e+00 
 3311.000  1.650655e+00 
 3312.000  1.570652e+00 
 3313.000  1.563837e+00 
 3314.000  1.570337e+00 
 3315.000  1.567246e+00 
 3316.000  1.554241e+00 
 3317.000  1.870808e+00 
 3318.000  1.851350e+00 
 3319.000  1.858790e+00 
 3320.000  1.687728e+00 
 3321.000  1.853606e+00 
 3322.000  1.874649e+00 
 3323.000  2.449744e+00 
 3324.000  2.454445e+00 
 3325.000  2.433965e+00 
 3326.000  2.437572e+00 
 3327.000  2.441856e+00 
 3328.000  3.049642e+00 
 3329.000  3.049407e+00 
 3330.000  3.047343e+00 
 3331.000  3.025419e+00 
 3332.000  3.021673e+00 
 3333.000  3.072566e+00 
 3334.000  3.401106e+00 
 3335.000  3.390932e+00 
 3336.000  3.391169e+00 
 3337.000  3.376323e+00 
 3338.000  3.377266e+00 
 3339.000  3.444586e+00 
 3340.000  3.412324e+00 
 3341.000  3.389234e+00 
 3342.000  3.434668e+00 
 3343.000  3.427500e+00 
 3344.000  3.465585e+00 
 3345.000  3.521950e+00 
 3346.000  3.511650e+00 
 3347.000  3.516196e+00 
 3348.000  3.514332e+00 
 3349.000  3.508803e+00 
 3350.000  3.457068e+00 
 3351.000  3.465690e+00 
 3352.000  3.468932e+00 
 3353.000  3.412809e+00 
 3354.000  3.459060e+00 
 3355.000  3.489832e+00 
 3356.000  3.747538e+00 
 3357.000  3.738434e+00 
 3358.000  3.722065e+00 
 3359.000  3.736142e+00 
 3360.000  3.730863e+00 
 3361.000  3.722588e+00 
 3362.000  4.007275e+00 
 3363.000  4.006918e+00 
 3364.000  4.006225e+00 
 3365.000  3.984072e+00 
 3366.000  3.976147e+00 
 3367.000  4.004509e+00 
 3368.000  4.394846e+00 
 3369.000  4.363902e+00 
 3370.000  4.283828e+00 
 3371.000  4.375054e+00 
 3372.000  4.382404e+00 
 3373.000  4.759198e+00 
 3374.000  4.728091e+00 
 3375.000  4.765826e+00 
 3376.000  4.763252e+00 
 3377.000  4.744250e+00 
 3378.000  4.754899e+00 
 3379.000  5.131696e+00 
 3380.000  5.139697e+00 
 3381.000  5.119214e+00 
 3382.000  5.078281e+00 
 3383.000  5.083542e+00 
 3384.000  5.091666e+00 
 3385.000  5.352704e+00 
 3386.000  5.356347e+00 
 3387.000  5.349241e+00 
 3388.000  5.340542e+00 
 3389.000  5.354953e+00 
 3390.000  5.486869e+00 
 3391.000  5.480617e+00 
 3392.000  5.469296e+00 
 3393.000  5.461996e+00 
 3394.000  5.457465e+00 
 3395.000  5.446592e+00 
 3396.000  5.473164e+00 
 3397.000  5.295357e+00 
 3398.000  5.444149e+00 
 3399.000  5.358044e+00 
 3400.000  5.493201e+00 
 3401.000  5.229354e+00 
 3402.000  5.545352e+00 
 3403.000  5.544381e+00 
 3404.000  5.552081e+00 
 3405.000  5.542119e+00 
 3406.000  5.537897e+00 
 3407.000  5.500415e+00 
 3408.000  5.723767e+00 
 3409.000  5.630441e+00 
 3410.000  5.676702e+00 
 3411.000  5.703942e+00 
 3412.000  5.716519e+00 
 3413.000  5.962477e+00 
 3414.000  5.970516e+00 
 3415.000  5.879286e+00 
 3416.000  5.809777e+00 
 3417.000  5.946846e+00 
 3418.000  5.962842e+00 
 3419.000  6.129614e+00 
 3420.000  6.127993e+00 
 3421.000  6.116208e+00 
 3422.000  6.090497e+00 
 3423.000  6.105232e+00 
 3424.000  6.107668e+00 
 3425.000  6.268363e+00 
 3426.000  6.260815e+00 
 3427.000  6.098334e+00 
 3428.000  6.169605e+00 
 3429.000  6.221288e+00 
 3430.000  6.230610e+00 
 3431.000  6.203301e+00 
 3432.000  6.233556e+00 
 3433.000  6.213761e+00 
 3434.000  6.217345e+00 
 3435.000  6.194767e+00 
 3436.000  6.208209e+00 
 3437.000  6.190356e+00 
 3438.000  6.198656e+00 
 3439.000  6.192498e+00 
 3440.000  6.183483e+00 
 3441.000  6.179335e+00 
 3442.000  6.124455e+00 
 3443.000  6.224198e+00 
 3444.000  6.215734e+00 
 3445.000  6.197771e+00 
 3446.000  6.184947e+00 
 3447.000  6.193768e+00 
 3448.000  6.181704e+00 
 3449.000  6.237129e+00 
 3450.000  6.228189e+00 
 3451.000  6.230708e+00 
 3452.000  6.220752e+00 
 3453.000  6.214287e+00 
 3454.000  6.196257e+00 
 3455.000  6.280879e+00 
 3456.000  6.254049e+00 
 3457.000  6.263489e+00 
 3458.000  6.251531e+00 
 3459.000  6.257060e+00 
 3460.000  6.242949e+00 
 3461.000  6.302938e+00 
 3462.000  6.299452e+00 
 3463.000  6.294374e+00 
 3464.000  6.275999e+00 
 3465.000  6.276299e+00 
 3466.000  6.239510e+00 
 3467.000  6.235165e+00 
 3468.000  6.241132e+00 
 3469.000  6.235312e+00 
 3470.000  6.233856e+00 
 3471.000  6.179393e+00 
 3472.000  6.205242e+00 
 3473.000  6.167550e+00 
 3474.000  6.200831e+00 
 3475.000  6.190776e+00 
 3476.000  6.198577e+00 
 3477.000  6.131465e+00 
 3478.000  6.188385e+00 
 3479.000  6.200155e+00 
 3480.000  6.192292e+00 
 3481.000  6.172192e+00 
 3482.000  6.180911e+00 
 3483.000  6.171562e+00 
 3484.000  6.155757e+00 
 3485.000  6.188504e+00 
 3486.000  6.160418e+00 
 3487.000  6.175923e+00 
 3488.000  6.180307e+00 
 3489.000  6.172954e+00 
 3490.000  6.139101e+00 
 3491.000  6.235016e+00 
 3492.000  6.202963e+00 
 3493.000  6.220371e+00 
 3494.000  6.162843e+00 
 3495.000  6.206284e+00 
 3496.000  6.213354e+00 
 3497.000  6.247512e+00 
 3498.000  6.236452e+00 
 3499.000  6.232319e+00 
 3500.000  6.226750e+00 
 3501.000  6.162690e+00 
 3502.000  6.211535e+00 
 3503.000  6.211243e+00 
 3504.000  6.205924e+00 
 3505.000  6.198817e+00 
 3506.000  6.193746e+00 
 3507.000  6.185696e+00 
 3508.000  6.166758e+00 
 3509.000  6.111314e+00 
 3510.000  6.105903e+00 
 3511.000  6.100394e+00 
 3512.000  6.076388e+00 
 3513.000  6.083073e+00 
 3514.000  6.076014e+00 
 3515.000  5.952950e+00 
 3516.000  5.927208e+00 
 3517.000  5.935232e+00 
 3518.000  5.920631e+00 
 3519.000  5.921926e+00 
 3520.000  5.910229e+00 
 3521.000  5.914421e+00 
 3522.000  5.748184e+00 
 3523.000  5.736073e+00 
 3524.000  5.680176e+00 
 3525.000  5.740873e+00 
 3526.000  5.735914e+00 
 3527.000  5.719413e+00 
 3528.000  5.527591e+00 
 3529.000  5.520802e+00 
 3530.000  5.523487e+00 
 3531.000  5.488380e+00 
 3532.000  5.513556e+00 
 3533.000  5.507807e+00 
 3534.000  5.323730e+00 
 3535.000  5.303820e+00 
 3536.000  5.346233e+00 
 3537.000  5.339568e+00 
 3538.000  5.230888e+00 
 3539.000  5.293512e+00 
 3540.000  5.283542e+00 
 3541.000  5.291138e+00 
 3542.000  5.279508e+00 
 3543.000  5.275489e+00 
 3544.000  5.273301e+00 
 3545.000  5.259351e+00 
 3546.000  5.256444e+00 
 3547.000  5.238461e+00 
 3548.000  5.226083e+00 
 3549.000  5.226657e+00 
 3550.000  5.222122e+00 
 3551.000  5.214492e+00 
 3552.000  5.209510e+00 
 3553.000  5.243439e+00 
 3554.000  5.245503e+00 
 3555.000  5.206821e+00 
 3556.000  5.106196e+00 
 3557.000  5.229198e+00 
 3558.000  5.219343e+00 
 3559.000  5.242150e+00 
 3560.000  5.123174e+00 
 3561.000  5.219497e+00 
 3562.000  5.229002e+00 
 3563.000  5.221137e+00 
 3564.000  5.198323e+00 
 3565.000  5.211946e+00 
 3566.000  5.123148e+00 
 3567.000  5.119823e+00 
 3568.000  5.116190e+00 
 3569.000  5.103637e+00 
 3570.000  5.093252e+00 
 3571.000  4.977818e+00 
 3572.000  5.085914e+00 
 3573.000  5.085998e+00 
 3574.000  5.075803e+00 
 3575.000  5.072386e+00 
 3576.000  5.070825e+00 
 3577.000  5.056376e+00 
 3578.000  5.080971e+00 
 3579.000  5.075646e+00 
 3580.000  5.000758e+00 
 3581.000  5.052674e+00 
 3582.000  5.051845e+00 
 3583.000  5.057108e+00 
 3584.000  4.991108e+00 
 3585.000  5.083196e+00 
 3586.000  5.082520e+00 
 3587.000  5.076442e+00 
 3588.000  5.082191e+00 
 3589.000  5.073373e+00 
 3590.000  5.072731e+00 
 3591.000  5.208618e+00 
 3592.000  5.207209e+00 
 3593.000  5.187191e+00 
 3594.000  5.188995e+00 
 3595.000  5.194217e+00 
 3596.000  5.129316e+00 
 3597.000  5.132300e+00 
 3598.000  5.321856e+00 
 3599.000  5.292302e+00 
 3600.000  5.301448e+00 
 3601.000  5.283776e+00 
 3602.000  5.300775e+00 
 3603.000  5.288082e+00 
 3604.000  5.372317e+00 
 3605.000  5.359746e+00 
 3606.000  5.364854e+00 
 3607.000  5.348936e+00 
 3608.000  5.351253e+00 
 3609.000  5.340919e+00 
 3610.000  5.329939e+00 
 3611.000  5.457360e+00 
 3612.000  5.446436e+00 
 3613.000  5.441443e+00 
 3614.000  5.439553e+00 
 3615.000  5.433600e+00 
 3616.000  5.425517e+00 
 3617.000  5.539740e+00 
 3618.000  5.533701e+00 
 3619.000  5.526949e+00 
 3620.000  5.520709e+00 
 3621.000  5.513066e+00 
 3622.000  5.512048e+00 
 3623.000  5.503756e+00 
 3624.000  5.544149e+00 
 3625.000  5.539544e+00 
 3626.000  5.543184e+00 
 3627.000  5.538349e+00 
 3628.000  5.531484e+00 
 3629.000  5.511978e+00 
 3630.000  5.595052e+00 
 3631.000  5.621146e+00 
 3632.000  5.621763e+00 
 3633.000  5.613078e+00 
 3634.000  5.606980e+00 
 3635.000  5.604606e+00 
 3636.000  5.587181e+00 
 3637.000  5.638337e+00 
 3638.000  5.655347e+00 
 3639.000  5.651991e+00 
 3640.000  5.625022e+00 
 3641.000  5.641436e+00 
 3642.000  5.629928e+00 
 3643.000  5.583885e+00 
 3644.000  5.495499e+00 
 3645.000  5.523519e+00 
 3646.000  5.565997e+00 
 3647.000  5.550463e+00 
 3648.000  5.549660e+00 
 3649.000  5.528508e+00 
 3650.000  5.422997e+00 
 3651.000  5.411566e+00 
 3652.000  5.397373e+00 
 3653.000  5.283025e+00 
 3654.000  5.288250e+00 
 3655.000  5.372679e+00 
 3656.000  5.377394e+00 
 3657.000  5.128768e+00 
 3658.000  5.113928e+00 
 3659.000  5.040426e+00 
 3660.000  5.052562e+00 
 3661.000  5.114271e+00 
 3662.000  5.095744e+00 
 3663.000  5.091621e+00 
 3664.000  4.779919e+00 
 3665.000  4.776489e+00 
 3666.000  4.770530e+00 
 3667.000  4.766200e+00 
 3668.000  4.692675e+00 
 3669.000  4.752824e+00 
 3670.000  4.619973e+00 
 3671.000  4.528747e+00 
 3672.000  4.603324e+00 
 3673.000  4.599505e+00 
 3674.000  4.600407e+00 
 3675.000  4.594305e+00 
 3676.000  4.589689e+00 
 3677.000  4.632672e+00 
 3678.000  4.716002e+00 
 3679.000  4.557650e+00 
 3680.000  4.719328e+00 
 3681.000  4.716756e+00 
 3682.000  4.650879e+00 
 3683.000  4.519420e+00 
 3684.000  4.877563e+00 
 3685.000  4.935951e+00 
 3686.000  4.946867e+00 
 3687.000  4.924654e+00 
 3688.000  4.936176e+00 
 3689.000  4.913038e+00 
 3690.000  4.889406e+00 
 3691.000  5.165408e+00 
 3692.000  5.157235e+00 
 3693.000  5.172601e+00 
 3694.000  5.157303e+00 
 3695.000  5.130825e+00 
 3696.000  5.124513e+00 
 3697.000  5.249387e+00 
 3698.000  5.251214e+00 
 3699.000  5.086206e+00 
 3700.000  5.111349e+00 
 3701.000  5.156228e+00 
 3702.000  5.200493e+00 
 3703.000  5.302021e+00 
 3704.000  5.315687e+00 
 3705.000  5.204972e+00 
 3706.000  5.269974e+00 
 3707.000  5.233742e+00 
 3708.000  5.270479e+00 
 3709.000  5.160909e+00 
 3710.000  5.276838e+00 
 3711.000  5.210726e+00 
 3712.000  5.166725e+00 
 3713.000  5.233763e+00 
 3714.000  5.205415e+00 
 3715.000  5.168516e+00 
 3716.000  5.212075e+00 
 3717.000  5.223476e+00 
 3718.000  5.205679e+00 
 3719.000  5.186340e+00 
 3720.000  5.207088e+00 
 3721.000  5.155736e+00 
 3722.000  5.161733e+00 
 3723.000  5.188551e+00 
 3724.000  5.183642e+00 
 3725.000  5.095544e+00 
 3726.000  5.116059e+00 
 3727.000  5.096579e+00 
 3728.000  5.099677e+00 
 3729.000  5.073987e+00 
 3730.000  5.090058e+00 
 3731.000  5.077391e+00 
 3732.000  5.035709e+00 
 3733.000  5.041994e+00 
 3734.000  5.034850e+00 
 3735.000  4.974626e+00 
 3736.000  4.940574e+00 
 3737.000  4.977608e+00 
 3738.000  4.917906e+00 
 3739.000  4.795950e+00 
 3740.000  4.722568e+00 
 3741.000  4.680160e+00 
 3742.000  4.857641e+00 
 3743.000  4.915645e+00 
 3744.000  4.905065e+00 
 3745.000  4.753848e+00 
 3746.000  4.660913e+00 
 3747.000  4.758567e+00 
 3748.000  4.880002e+00 
 3749.000  4.864288e+00 
 3750.000  4.841305e+00 
 3751.000  4.833825e+00 
 3752.000  4.871305e+00 
 3753.000  4.708680e+00 
 3754.000  4.772309e+00 
 3755.000  4.799388e+00 
 3756.000  4.823853e+00 
 3757.000  4.810539e+00 
 3758.000  4.777428e+00 
 3759.000  4.788485e+00 
 3760.000  4.800662e+00 
 3761.000  4.822575e+00 
 3762.000  4.783446e+00 
 3763.000  4.713383e+00 
 3764.000  4.795600e+00 
 3765.000  4.777921e+00 
 3766.000  4.790500e+00 
 3767.000  4.790482e+00 
 3768.000  4.767207e+00 
 3769.000  4.756453e+00 
 3770.000  4.764046e+00 
 3771.000  4.733948e+00 
 3772.000  4.761437e+00 
 3773.000  4.694667e+00 
 3774.000  4.776828e+00 
 3775.000  4.792675e+00 
 3776.000  4.703747e+00 
 3777.000  4.693624e+00 
 3778.000  4.774018e+00 
 3779.000  4.756369e+00 
 3780.000  4.740240e+00 
 3781.000  4.772655e+00 
 3782.000  4.737080e+00 
 3783.000  4.786510e+00 
 3784.000  4.773531e+00 
 3785.000  4.773223e+00 
 3786.000  4.759799e+00 
 3787.000  4.649072e+00 
 3788.000  4.778054e+00 
 3789.000  4.775129e+00 
 3790.000  4.779378e+00 
 3791.000  4.692762e+00 
 3792.000  4.748211e+00 
 3793.000  4.697763e+00 
 3794.000  4.758541e+00 
 3795.000  4.734421e+00 
 3796.000  4.812030e+00 
 3797.000  4.815123e+00 
 3798.000  4.794180e+00 
 3799.000  4.762625e+00 
 3800.000  4.709682e+00 
 3801.000  4.801696e+00 
 3802.000  4.784258e+00 
 3803.000  4.820300e+00 
 3804.000  4.802082e+00 
 3805.000  4.804787e+00 
 3806.000  4.793081e+00 
 3807.000  4.731254e+00 
 3808.000  4.761204e+00 
 3809.000  4.776104e+00 
 3810.000  4.794243e+00 
 3811.000  4.815158e+00 
 3812.000  4.826821e+00 
 3813.000  4.793962e+00 
 3814.000  4.811243e+00 
 3815.000  4.810064e+00 
 3816.000  4.765281e+00 
 3817.000  4.810952e+00 
 3818.000  4.777157e+00 
 3819.000  4.847929e+00 
 3820.000  4.850509e+00 
 3821.000  4.848250e+00 
 3822.000  4.841911e+00 
 3823.000  4.817570e+00 
 3824.000  4.823200e+00 
 3825.000  4.813261e+00 
 3826.000  4.814091e+00 
 3827.000  4.811119e+00 
 3828.000  4.794670e+00 
 3829.000  4.795640e+00 
 3830.000  4.796766e+00 
 3831.000  4.787230e+00 
 3832.000  4.758997e+00 
 3833.000  4.729587e+00 
 3834.000  4.746264e+00 
 3835.000  4.709973e+00 
 3836.000  4.673380e+00 
 3837.000  4.711141e+00 
 3838.000  4.728317e+00 
 3839.000  4.696054e+00 
 3840.000  4.692111e+00 
 3841.000  4.687237e+00 
 3842.000  4.678553e+00 
 3843.000  4.673624e+00 
 3844.000  4.668153e+00 
 3845.000  4.666299e+00 
 3846.000  4.669230e+00 
 3847.000  4.583329e+00 
 3848.000  4.581476e+00 
 3849.000  4.576669e+00 
 3850.000  4.552404e+00 
 3851.000  4.559640e+00 
 3852.000  4.559996e+00 
 3853.000  4.542213e+00 
 3854.000  4.472017e+00 
 3855.000  4.468308e+00 
 3856.000  4.463576e+00 
 3857.000  4.455141e+00 
 3858.000  4.445371e+00 
 3859.000  4.423327e+00 
 3860.000  4.412387e+00 
 3861.000  4.435732e+00 
 3862.000  4.363640e+00 
 3863.000  4.259246e+00 
 3864.000  4.323306e+00 
 3865.000  4.338362e+00 
 3866.000  4.346229e+00 
 3867.000  4.295482e+00 
 3868.000  4.320165e+00 
 3869.000  4.235619e+00 
 3870.000  4.259599e+00 
 3871.000  4.236776e+00 
 3872.000  4.181031e+00 
 3873.000  4.247859e+00 
 3874.000  4.241631e+00 
 3875.000  4.232069e+00 
 3876.000  4.238759e+00 
 3877.000  4.234659e+00 
 3878.000  4.229677e+00 
 3879.000  4.223050e+00 
 3880.000  4.220385e+00 
 3881.000  4.212897e+00 
 3882.000  4.198308e+00 
 3883.000  4.193972e+00 
 3884.000  4.237609e+00 
 3885.000  4.122220e+00 
 3886.000  4.181153e+00 
 3887.000  4.227610e+00 
 3888.000  4.227531e+00 
 3889.000  4.226627e+00 
 3890.000  4.212924e+00 
 3891.000  4.208054e+00 
 3892.000  4.264181e+00 
 3893.000  4.262962e+00 
 3894.000  4.245688e+00 
 3895.000  4.256118e+00 
 3896.000  4.236841e+00 
 3897.000  4.192555e+00 
 3898.000  4.173354e+00 
 3899.000  4.272058e+00 
 3900.000  4.241875e+00 
 3901.000  4.262083e+00 
 3902.000  4.261028e+00 
 3903.000  4.249757e+00 
 3904.000  4.254064e+00 
 3905.000  4.249065e+00 
 3906.000  4.233310e+00 
 3907.000  4.256833e+00 
 3908.000  4.246257e+00 
 3909.000  4.248588e+00 
 3910.000  4.245639e+00 
 3911.000  4.243082e+00 
 3912.000  4.240547e+00 
 3913.000  4.234426e+00 
 3914.000  4.247514e+00 
 3915.000  4.254919e+00 
 3916.000  4.243765e+00 
 3917.000  4.242640e+00 
 3918.000  4.232670e+00 
 3919.000  4.224921e+00 
 3920.000  4.237779e+00 
 3921.000  4.217405e+00 
 3922.000  4.264777e+00 
 3923.000  4.264031e+00 
 3924.000  4.259832e+00 
 3925.000  4.259926e+00 
 3926.000  4.245359e+00 
 3927.000  4.246723e+00 
 3928.000  4.253269e+00 
 3929.000  4.248979e+00 
 3930.000  4.305993e+00 
 3931.000  4.303225e+00 
 3932.000  4.281317e+00 
 3933.000  4.292089e+00 
 3934.000  4.238864e+00 
 3935.000  4.267299e+00 
 3936.000  4.286517e+00 
 3937.000  4.284204e+00 
 3938.000  4.324502e+00 
 3939.000  4.343300e+00 
 3940.000  4.339664e+00 
 3941.000  4.333847e+00 
 3942.000  4.333156e+00 
 3943.000  4.330948e+00 
 3944.000  4.294350e+00 
 3945.000  4.438987e+00 
 3946.000  4.425594e+00 
 3947.000  4.426062e+00 
 3948.000  4.403348e+00 
 3949.000  4.416306e+00 
 3950.000  4.368820e+00 
 3951.000  4.399714e+00 
 3952.000  4.248600e+00 
 3953.000  4.393486e+00 
 3954.000  4.388909e+00 
 3955.000  4.381660e+00 
 3956.000  4.341667e+00 
 3957.000  4.350023e+00 
 3958.000  4.313079e+00 
 3959.000  4.323052e+00 
 3960.000  4.369430e+00 
 3961.000  4.382302e+00 
 3962.000  4.343015e+00 
 3963.000  4.376035e+00 
 3964.000  4.355023e+00 
 3965.000  4.351748e+00 
 3966.000  4.356002e+00 
 3967.000  4.351615e+00 
 3968.000  4.359911e+00 
 3969.000  4.337236e+00 
 3970.000  4.324097e+00 
 3971.000  4.306293e+00 
 3972.000  4.328477e+00 
 3973.000  4.288738e+00 
 3974.000  4.304425e+00 
 3975.000  4.317463e+00 
 3976.000  4.314606e+00 
 3977.000  4.244338e+00 
 3978.000  4.262241e+00 
 3979.000  4.247763e+00 
 3980.000  4.252377e+00 
 3981.000  4.261439e+00 
 3982.000  4.252243e+00 
 3983.000  4.233547e+00 
 3984.000  4.231546e+00 
 3985.000  4.187379e+00 
 3986.000  4.094282e+00 
 3987.000  4.210811e+00 
 3988.000  4.214869e+00 
 3989.000  4.185965e+00 
 3990.000  4.183939e+00 
 3991.000  4.122816e+00 
 3992.000  4.172812e+00 
 3993.000  4.090774e+00 
 3994.000  4.084712e+00 
 3995.000  4.060281e+00 
 3996.000  3.992150e+00 
 3997.000  4.096591e+00 
 3998.000  4.074274e+00 
 3999.000  3.997280e+00 
 4000.000  4.036744e+00 
