  290.000  0.000000e+00 
  291.000  2.083287e-06 
  292.000  2.744078e-05 
  293.000  8.821917e-05 
  294.000  6.028159e-04 
  295.000  1.783302e-03 
  296.000  1.082326e-02 
  297.000  1.555651e-02 
  298.000  8.523750e-02 
  299.000  1.662115e-01 
  300.000  3.168786e-01 
  301.000  9.236562e-01 
  302.000  1.080048e+00 
  303.000  2.990742e+00 
  304.000  3.562686e+00 
  305.000  6.760306e+00 
  306.000  7.709236e+00 
  307.000  1.172850e+01 
  308.000  1.555530e+01 
  309.000  1.708451e+01 
  310.000  1.948694e+01 
  311.000  3.854668e+01 
  312.000  3.360946e+01 
  313.000  4.389979e+01 
  314.000  4.607668e+01 
  315.000  5.622893e+01 
  316.000  4.486132e+01 
  317.000  6.631319e+01 
  318.000  6.585473e+01 
  319.000  7.525738e+01 
  320.000  7.444389e+01 
  321.000  9.328642e+01 
  322.000  8.406228e+01 
  323.000  7.492574e+01 
  324.000  9.591492e+01 
  325.000  1.088084e+02 
  326.000  1.524298e+02 
  327.000  1.568365e+02 
  328.000  1.325463e+02 
  329.000  1.596311e+02 
  330.000  1.702881e+02 
  331.000  1.409910e+02 
  332.000  1.577671e+02 
  333.000  1.818772e+02 
  334.000  1.550739e+02 
  335.000  1.697290e+02 
  336.000  1.298145e+02 
  337.000  1.263481e+02 
  338.000  1.567339e+02 
  339.000  1.604247e+02 
  340.000  1.834990e+02 
  341.000  1.574231e+02 
  342.000  1.677329e+02 
  343.000  1.711000e+02 
  344.000  1.571039e+02 
  345.000  2.050611e+02 
  346.000  2.308917e+02 
  347.000  2.228984e+02 
  348.000  2.129170e+02 
  349.000  2.367577e+02 
  350.000  2.454033e+02 
  351.000  2.362147e+02 
  352.000  2.453592e+02 
  353.000  2.268145e+02 
  354.000  2.652866e+02 
  355.000  2.723368e+02 
  356.000  2.607851e+02 
  357.000  1.687868e+02 
  358.000  1.856709e+02 
  359.000  1.890727e+02 
  360.000  2.838581e+02 
  361.000  2.277619e+02 
  362.000  2.528445e+02 
  363.000  2.721023e+02 
  364.000  2.747235e+02 
  365.000  2.601553e+02 
  366.000  3.610611e+02 
  367.000  3.266264e+02 
  368.000  3.113521e+02 
  369.000  3.026748e+02 
  370.000  3.517587e+02 
  371.000  2.838352e+02 
  372.000  3.018048e+02 
  373.000  3.037415e+02 
  374.000  2.374934e+02 
  375.000  2.195645e+02 
  376.000  3.169118e+02 
  377.000  3.270624e+02 
  378.000  4.264713e+02 
  379.000  3.309109e+02 
  380.000  3.123276e+02 
  381.000  3.532516e+02 
  382.000  2.658674e+02 
  383.000  1.865541e+02 
  384.000  2.065798e+02 
  385.000  3.126612e+02 
  386.000  2.440110e+02 
  387.000  2.815029e+02 
  388.000  2.801389e+02 
  389.000  3.205847e+02 
  390.000  3.902721e+02 
  391.000  4.382954e+02 
  392.000  3.909625e+02 
  393.000  2.103547e+02 
  394.000  2.335921e+02 
  395.000  3.934464e+02 
  396.000  4.063010e+02 
  397.000  1.658916e+02 
  398.000  4.655857e+02 
  399.000  5.599508e+02 
  400.000  5.517493e+02 
  401.000  5.495850e+02 
  402.000  5.836622e+02 
  403.000  5.477621e+02 
  404.000  5.897930e+02 
  405.000  5.419124e+02 
  406.000  5.388287e+02 
  407.000  5.257453e+02 
  408.000  5.705795e+02 
  409.000  6.326583e+02 
  410.000  5.298252e+02 
  411.000  6.231920e+02 
  412.000  6.467603e+02 
  413.000  6.119125e+02 
  414.000  6.014692e+02 
  415.000  6.424351e+02 
  416.000  6.394433e+02 
  417.000  6.208626e+02 
  418.000  6.081877e+02 
  419.000  6.239440e+02 
  420.000  5.288202e+02 
  421.000  6.634167e+02 
  422.000  6.364988e+02 
  423.000  5.382335e+02 
  424.000  5.927549e+02 
  425.000  6.146514e+02 
  426.000  5.915528e+02 
  427.000  5.696735e+02 
  428.000  5.775050e+02 
  429.000  5.259881e+02 
  430.000  4.201935e+02 
  431.000  3.782022e+02 
  432.000  6.814987e+02 
  433.000  6.072728e+02 
  434.000  5.777879e+02 
  435.000  6.292650e+02 
  436.000  6.984675e+02 
  437.000  7.059122e+02 
  438.000  6.329730e+02 
  439.000  6.131081e+02 
  440.000  6.878314e+02 
  441.000  6.862517e+02 
  442.000  7.234394e+02 
  443.000  7.289536e+02 
  444.000  7.248848e+02 
  445.000  7.631894e+02 
  446.000  6.799611e+02 
  447.000  7.761993e+02 
  448.000  7.898177e+02 
  449.000  7.958825e+02 
  450.000  8.139277e+02 
  451.000  8.803594e+02 
  452.000  8.190709e+02 
  453.000  7.609305e+02 
  454.000  8.119084e+02 
  455.000  8.182206e+02 
  456.000  8.386825e+02 
  457.000  8.440123e+02 
  458.000  8.297823e+02 
  459.000  8.302852e+02 
  460.000  8.236508e+02 
  461.000  8.541190e+02 
  462.000  8.407957e+02 
  463.000  8.415867e+02 
  464.000  8.449403e+02 
  465.000  8.331630e+02 
  466.000  8.601169e+02 
  467.000  8.302857e+02 
  468.000  8.794557e+02 
  469.000  8.721758e+02 
  470.000  8.605642e+02 
  471.000  8.593860e+02 
  472.000  8.702336e+02 
  473.000  8.610562e+02 
  474.000  8.682502e+02 
  475.000  9.035560e+02 
  476.000  8.759266e+02 
  477.000  8.680426e+02 
  478.000  9.112130e+02 
  479.000  8.701252e+02 
  480.000  8.875386e+02 
  481.000  8.823829e+02 
  482.000  9.011072e+02 
  483.000  9.023009e+02 
  484.000  8.678342e+02 
  485.000  8.744620e+02 
  486.000  7.092211e+02 
  487.000  7.973911e+02 
  488.000  8.660806e+02 
  489.000  8.053585e+02 
  490.000  9.171556e+02 
  491.000  8.584991e+02 
  492.000  8.252456e+02 
  493.000  8.890652e+02 
  494.000  8.591439e+02 
  495.000  9.186968e+02 
  496.000  8.949722e+02 
  497.000  8.683885e+02 
  498.000  8.480845e+02 
  499.000  8.462466e+02 
  500.000  8.427264e+02 
  501.000  8.240305e+02 
  502.000  8.188239e+02 
  503.000  8.678375e+02 
  504.000  8.076182e+02 
  505.000  8.712849e+02 
  506.000  9.329837e+02 
  507.000  8.682939e+02 
  508.000  8.329125e+02 
  509.000  8.983820e+02 
  510.000  8.706874e+02 
  511.000  8.711276e+02 
  512.000  9.144803e+02 
  513.000  8.371210e+02 
  514.000  8.197102e+02 
  515.000  8.369954e+02 
  516.000  8.793129e+02 
  517.000  6.477933e+02 
  518.000  8.020811e+02 
  519.000  7.599667e+02 
  520.000  8.367766e+02 
  521.000  8.373080e+02 
  522.000  8.705894e+02 
  523.000  8.110503e+02 
  524.000  8.800028e+02 
  525.000  8.730075e+02 
  526.000  8.320226e+02 
  527.000  7.268372e+02 
  528.000  8.729532e+02 
  529.000  8.977563e+02 
  530.000  8.483176e+02 
  531.000  9.234083e+02 
  532.000  8.809486e+02 
  533.000  7.738124e+02 
  534.000  8.415297e+02 
  535.000  8.586660e+02 
  536.000  9.111998e+02 
  537.000  8.454368e+02 
  538.000  8.850641e+02 
  539.000  8.822138e+02 
  540.000  8.634351e+02 
  541.000  7.918259e+02 
  542.000  8.833667e+02 
  543.000  8.450610e+02 
  544.000  8.914210e+02 
  545.000  8.782397e+02 
  546.000  8.588049e+02 
  547.000  8.953927e+02 
  548.000  8.308824e+02 
  549.000  8.745470e+02 
  550.000  8.555427e+02 
  551.000  8.504980e+02 
  552.000  8.874912e+02 
  553.000  8.530389e+02 
  554.000  8.812391e+02 
  555.000  8.840533e+02 
  556.000  8.600093e+02 
  557.000  8.347896e+02 
  558.000  8.668096e+02 
  559.000  8.196111e+02 
  560.000  8.234832e+02 
  561.000  9.053237e+02 
  562.000  8.311047e+02 
  563.000  8.697507e+02 
  564.000  8.576877e+02 
  565.000  8.679254e+02 
  566.000  8.003973e+02 
  567.000  8.581625e+02 
  568.000  8.541431e+02 
  569.000  8.325120e+02 
  570.000  8.378407e+02 
  571.000  8.115799e+02 
  572.000  8.547292e+02 
  573.000  8.649118e+02 
  574.000  8.606652e+02 
  575.000  8.396461e+02 
  576.000  8.247356e+02 
  577.000  8.603190e+02 
  578.000  8.369548e+02 
  579.000  8.321802e+02 
  580.000  8.624561e+02 
  581.000  8.490251e+02 
  582.000  8.632851e+02 
  583.000  8.703517e+02 
  584.000  8.685779e+02 
  585.000  8.635689e+02 
  586.000  8.272471e+02 
  587.000  8.587245e+02 
  588.000  8.435567e+02 
  589.000  7.385792e+02 
  590.000  7.709418e+02 
  591.000  8.268912e+02 
  592.000  8.076956e+02 
  593.000  8.247332e+02 
  594.000  8.308975e+02 
  595.000  8.097130e+02 
  596.000  8.383467e+02 
  597.000  8.394154e+02 
  598.000  8.258337e+02 
  599.000  8.276999e+02 
  600.000  8.311049e+02 
  601.000  8.284956e+02 
  602.000  8.203456e+02 
  603.000  8.264283e+02 
  604.000  8.537342e+02 
  605.000  8.524712e+02 
  606.000  8.432335e+02 
  607.000  8.391282e+02 
  608.000  8.366526e+02 
  609.000  8.286398e+02 
  610.000  8.159283e+02 
  611.000  8.297435e+02 
  612.000  8.194977e+02 
  613.000  8.080618e+02 
  614.000  7.793913e+02 
  615.000  8.172450e+02 
  616.000  7.775232e+02 
  617.000  7.823750e+02 
  618.000  8.197059e+02 
  619.000  8.125691e+02 
  620.000  8.249315e+02 
  621.000  8.394414e+02 
  622.000  7.954100e+02 
  623.000  8.018137e+02 
  624.000  8.028736e+02 
  625.000  7.812736e+02 
  626.000  7.850059e+02 
  627.000  7.958587e+02 
  628.000  7.763924e+02 
  629.000  8.013186e+02 
  630.000  7.771356e+02 
  631.000  8.077493e+02 
  632.000  7.513846e+02 
  633.000  8.098808e+02 
  634.000  7.872599e+02 
  635.000  8.024240e+02 
  636.000  7.752347e+02 
  637.000  8.018843e+02 
  638.000  8.162953e+02 
  639.000  8.102683e+02 
  640.000  7.860535e+02 
  641.000  7.980479e+02 
  642.000  7.894137e+02 
  643.000  8.029246e+02 
  644.000  7.942090e+02 
  645.000  8.004941e+02 
  646.000  7.651262e+02 
  647.000  7.722524e+02 
  648.000  7.670406e+02 
  649.000  7.863472e+02 
  650.000  7.355853e+02 
  651.000  7.927145e+02 
  652.000  7.716494e+02 
  653.000  7.947336e+02 
  654.000  7.839112e+02 
  655.000  7.610621e+02 
  656.000  6.471735e+02 
  657.000  6.922505e+02 
  658.000  7.737552e+02 
  659.000  7.773089e+02 
  660.000  7.843414e+02 
  661.000  7.897420e+02 
  662.000  8.021425e+02 
  663.000  7.934612e+02 
  664.000  7.814118e+02 
  665.000  7.854289e+02 
  666.000  7.954861e+02 
  667.000  7.803015e+02 
  668.000  7.854137e+02 
  669.000  7.971949e+02 
  670.000  7.880943e+02 
  671.000  7.802047e+02 
  672.000  7.780754e+02 
  673.000  7.840551e+02 
  674.000  7.859789e+02 
  675.000  7.743669e+02 
  676.000  7.893665e+02 
  677.000  7.740286e+02 
  678.000  7.871992e+02 
  679.000  7.763683e+02 
  680.000  7.704063e+02 
  681.000  7.712971e+02 
  682.000  7.698354e+02 
  683.000  7.751618e+02 
  684.000  7.609992e+02 
  685.000  7.701443e+02 
  686.000  7.353452e+02 
  687.000  6.424031e+02 
  688.000  6.726688e+02 
  689.000  6.657436e+02 
  690.000  6.846251e+02 
  691.000  7.069298e+02 
  692.000  7.125878e+02 
  693.000  7.062841e+02 
  694.000  7.010721e+02 
  695.000  6.983729e+02 
  696.000  7.122643e+02 
  697.000  7.388759e+02 
  698.000  7.199785e+02 
  699.000  7.105769e+02 
  700.000  7.060463e+02 
  701.000  6.853436e+02 
  702.000  6.856625e+02 
  703.000  7.139958e+02 
  704.000  7.169462e+02 
  705.000  7.147502e+02 
  706.000  7.087519e+02 
  707.000  7.008563e+02 
  708.000  7.242971e+02 
  709.000  7.045464e+02 
  710.000  7.144446e+02 
  711.000  7.138150e+02 
  712.000  7.094219e+02 
  713.000  7.020575e+02 
  714.000  7.124826e+02 
  715.000  6.804637e+02 
  716.000  6.905534e+02 
  717.000  6.238337e+02 
  718.000  5.906822e+02 
  719.000  5.732921e+02 
  720.000  5.616036e+02 
  721.000  6.308525e+02 
  722.000  6.654854e+02 
  723.000  6.494857e+02 
  724.000  6.122258e+02 
  725.000  6.114606e+02 
  726.000  6.084818e+02 
  727.000  6.233071e+02 
  728.000  6.064160e+02 
  729.000  5.971989e+02 
  730.000  6.166224e+02 
  731.000  6.033088e+02 
  732.000  6.408344e+02 
  733.000  6.559124e+02 
  734.000  6.816730e+02 
  735.000  6.720048e+02 
  736.000  6.518156e+02 
  737.000  6.663471e+02 
  738.000  6.726671e+02 
  739.000  6.542994e+02 
  740.000  6.680525e+02 
  741.000  6.670847e+02 
  742.000  6.579139e+02 
  743.000  6.813138e+02 
  744.000  6.894309e+02 
  745.000  6.728872e+02 
  746.000  6.833713e+02 
  747.000  6.942419e+02 
  748.000  6.823903e+02 
  749.000  6.830710e+02 
  750.000  6.727763e+02 
  751.000  6.712331e+02 
  752.000  6.824117e+02 
  753.000  6.763331e+02 
  754.000  6.872131e+02 
  755.000  6.834561e+02 
  756.000  6.702676e+02 
  757.000  6.753072e+02 
  758.000  6.734755e+02 
  759.000  6.051000e+02 
  760.000  2.216392e+02 
  761.000  1.902985e+02 
  762.000  3.880163e+02 
  763.000  3.310416e+02 
  764.000  3.653105e+02 
  765.000  4.447882e+02 
  766.000  5.144012e+02 
  767.000  5.683104e+02 
  768.000  6.220781e+02 
  769.000  6.402181e+02 
  770.000  6.469485e+02 
  771.000  6.521905e+02 
  772.000  6.508390e+02 
  773.000  6.487142e+02 
  774.000  6.562102e+02 
  775.000  6.319407e+02 
  776.000  6.582692e+02 
  777.000  6.538184e+02 
  778.000  6.503489e+02 
  779.000  6.524989e+02 
  780.000  6.444584e+02 
  781.000  6.437587e+02 
  782.000  6.515410e+02 
  783.000  6.363478e+02 
  784.000  6.397011e+02 
  785.000  6.403011e+02 
  786.000  6.275840e+02 
  787.000  6.326057e+02 
  788.000  6.209174e+02 
  789.000  6.164156e+02 
  790.000  6.095086e+02 
  791.000  6.079655e+02 
  792.000  5.998091e+02 
  793.000  6.025551e+02 
  794.000  6.032191e+02 
  795.000  5.958551e+02 
  796.000  5.947343e+02 
  797.000  6.017922e+02 
  798.000  6.093762e+02 
  799.000  6.073029e+02 
  800.000  5.864517e+02 
  801.000  5.980184e+02 
  802.000  5.963911e+02 
  803.000  5.886532e+02 
  804.000  5.964818e+02 
  805.000  5.847752e+02 
  806.000  6.034570e+02 
  807.000  6.000289e+02 
  808.000  5.948229e+02 
  809.000  5.828695e+02 
  810.000  5.781475e+02 
  811.000  5.829442e+02 
  812.000  5.748627e+02 
  813.000  5.648998e+02 
  814.000  5.540797e+02 
  815.000  5.356237e+02 
  816.000  5.148895e+02 
  817.000  5.188914e+02 
  818.000  5.170494e+02 
  819.000  5.083512e+02 
  820.000  5.157382e+02 
  821.000  5.532994e+02 
  822.000  5.226463e+02 
  823.000  4.872345e+02 
  824.000  5.310037e+02 
  825.000  5.535779e+02 
  826.000  5.531536e+02 
  827.000  5.484229e+02 
  828.000  5.319858e+02 
  829.000  5.372536e+02 
  830.000  5.348525e+02 
  831.000  5.269034e+02 
  832.000  5.383711e+02 
  833.000  5.250454e+02 
  834.000  5.368519e+02 
  835.000  5.455322e+02 
  836.000  5.494943e+02 
  837.000  5.447378e+02 
  838.000  5.503705e+02 
  839.000  5.353293e+02 
  840.000  5.504711e+02 
  841.000  5.497131e+02 
  842.000  5.483034e+02 
  843.000  5.491818e+02 
  844.000  5.421437e+02 
  845.000  5.513557e+02 
  846.000  5.572743e+02 
  847.000  5.391262e+02 
  848.000  5.533234e+02 
  849.000  5.545840e+02 
  850.000  4.788052e+02 
  851.000  5.475908e+02 
  852.000  5.269484e+02 
  853.000  5.346136e+02 
  854.000  4.297699e+02 
  855.000  4.737970e+02 
  856.000  5.390030e+02 
  857.000  5.482380e+02 
  858.000  5.398317e+02 
  859.000  5.404245e+02 
  860.000  5.359343e+02 
  861.000  5.359600e+02 
  862.000  5.344391e+02 
  863.000  5.447169e+02 
  864.000  5.438026e+02 
  865.000  5.338170e+02 
  866.000  4.478210e+02 
  867.000  4.768895e+02 
  868.000  5.172498e+02 
  869.000  5.100620e+02 
  870.000  5.311055e+02 
  871.000  5.304224e+02 
  872.000  5.284125e+02 
  873.000  5.304725e+02 
  874.000  5.188289e+02 
  875.000  5.140762e+02 
  876.000  5.182282e+02 
  877.000  5.285431e+02 
  878.000  5.191837e+02 
  879.000  5.203853e+02 
  880.000  5.171295e+02 
  881.000  4.900975e+02 
  882.000  5.170865e+02 
  883.000  5.054812e+02 
  884.000  5.098093e+02 
  885.000  5.145550e+02 
  886.000  4.970020e+02 
  887.000  4.924709e+02 
  888.000  5.072009e+02 
  889.000  5.108426e+02 
  890.000  5.086581e+02 
  891.000  5.048941e+02 
  892.000  5.002117e+02 
  893.000  4.717473e+02 
  894.000  4.824098e+02 
  895.000  4.428469e+02 
  896.000  4.430658e+02 
  897.000  4.151922e+02 
  898.000  4.076805e+02 
  899.000  3.845617e+02 
  900.000  3.780953e+02 
  901.000  3.644306e+02 
  902.000  3.587959e+02 
  903.000  4.160025e+02 
  904.000  4.457318e+02 
  905.000  4.437329e+02 
  906.000  4.174482e+02 
  907.000  3.987042e+02 
  908.000  3.715913e+02 
  909.000  3.659128e+02 
  910.000  3.727169e+02 
  911.000  3.824458e+02 
  912.000  3.780611e+02 
  913.000  3.639968e+02 
  914.000  3.729018e+02 
  915.000  3.751011e+02 
  916.000  3.821632e+02 
  917.000  3.810155e+02 
  918.000  3.853022e+02 
  919.000  4.118989e+02 
  920.000  4.243132e+02 
  921.000  4.115642e+02 
  922.000  4.076027e+02 
  923.000  3.862996e+02 
  924.000  3.921039e+02 
  925.000  3.963818e+02 
  926.000  3.817770e+02 
  927.000  3.834393e+02 
  928.000  3.666468e+02 
  929.000  3.347047e+02 
  930.000  3.007747e+02 
  931.000  2.649689e+02 
  932.000  2.176838e+02 
  933.000  1.869499e+02 
  934.000  1.551638e+02 
  935.000  1.496771e+02 
  936.000  1.598300e+02 
  937.000  1.606004e+02 
  938.000  1.927856e+02 
  939.000  2.901980e+02 
  940.000  3.038620e+02 
  941.000  2.844460e+02 
  942.000  2.443866e+02 
  943.000  2.084788e+02 
  944.000  1.994312e+02 
  945.000  2.181261e+02 
  946.000  2.221683e+02 
  947.000  2.365804e+02 
  948.000  2.474053e+02 
  949.000  2.471169e+02 
  950.000  2.479454e+02 
  951.000  2.675791e+02 
  952.000  2.453027e+02 
  953.000  2.604349e+02 
  954.000  2.750190e+02 
  955.000  2.442534e+02 
  956.000  2.578153e+02 
  957.000  3.010725e+02 
  958.000  3.093570e+02 
  959.000  3.032849e+02 
  960.000  2.984203e+02 
  961.000  2.916942e+02 
  962.000  2.965564e+02 
  963.000  3.202896e+02 
  964.000  3.202017e+02 
  965.000  3.218658e+02 
  966.000  3.139533e+02 
  967.000  3.410585e+02 
  968.000  3.671177e+02 
  969.000  3.831476e+02 
  970.000  3.849858e+02 
  971.000  3.812584e+02 
  972.000  3.800363e+02 
  973.000  3.676163e+02 
  974.000  3.513683e+02 
  975.000  3.463195e+02 
  976.000  3.589711e+02 
  977.000  3.635677e+02 
  978.000  3.714491e+02 
  979.000  3.642649e+02 
  980.000  3.836388e+02 
  981.000  3.895325e+02 
  982.000  3.855294e+02 
  983.000  3.919029e+02 
  984.000  3.968891e+02 
  985.000  4.010469e+02 
  986.000  4.033404e+02 
  987.000  4.103867e+02 
  988.000  4.058936e+02 
  989.000  4.010992e+02 
  990.000  4.051064e+02 
  991.000  4.104815e+02 
  992.000  4.072778e+02 
  993.000  4.074885e+02 
  994.000  4.112846e+02 
  995.000  4.095135e+02 
  996.000  4.094255e+02 
  997.000  4.090997e+02 
  998.000  4.067856e+02 
  999.000  4.054382e+02 
 1000.000  4.024840e+02 
 1001.000  4.028471e+02 
 1002.000  3.993280e+02 
 1003.000  3.953712e+02 
 1004.000  3.937422e+02 
 1005.000  3.684810e+02 
 1006.000  3.880673e+02 
 1007.000  3.945978e+02 
 1008.000  3.939243e+02 
 1009.000  3.884133e+02 
 1010.000  3.912706e+02 
 1011.000  3.924704e+02 
 1012.000  3.938752e+02 
 1013.000  3.919915e+02 
 1014.000  3.949292e+02 
 1015.000  3.877183e+02 
 1016.000  3.905175e+02 
 1017.000  3.869284e+02 
 1018.000  3.914265e+02 
 1019.000  3.815798e+02 
 1020.000  3.811462e+02 
 1021.000  3.855641e+02 
 1022.000  3.786733e+02 
 1023.000  3.848992e+02 
 1024.000  3.823162e+02 
 1025.000  3.840901e+02 
 1026.000  3.852498e+02 
 1027.000  3.827151e+02 
 1028.000  3.839175e+02 
 1029.000  3.787222e+02 
 1030.000  3.832619e+02 
 1031.000  3.824574e+02 
 1032.000  3.814058e+02 
 1033.000  3.744406e+02 
 1034.000  3.785619e+02 
 1035.000  3.746298e+02 
 1036.000  3.794702e+02 
 1037.000  3.715108e+02 
 1038.000  3.752343e+02 
 1039.000  3.766902e+02 
 1040.000  3.721706e+02 
 1041.000  3.740855e+02 
 1042.000  3.751732e+02 
 1043.000  3.686975e+02 
 1044.000  3.723071e+02 
 1045.000  3.705757e+02 
 1046.000  3.596975e+02 
 1047.000  3.661888e+02 
 1048.000  3.697095e+02 
 1049.000  3.672314e+02 
 1050.000  3.648777e+02 
 1051.000  3.647071e+02 
 1052.000  3.628565e+02 
 1053.000  3.629637e+02 
 1054.000  3.590053e+02 
 1055.000  3.614485e+02 
 1056.000  3.603008e+02 
 1057.000  3.592411e+02 
 1058.000  3.547315e+02 
 1059.000  3.435668e+02 
 1060.000  3.563068e+02 
 1061.000  3.437194e+02 
 1062.000  3.528160e+02 
 1063.000  3.466569e+02 
 1064.000  3.507488e+02 
 1065.000  3.497444e+02 
 1066.000  3.390460e+02 
 1067.000  3.468580e+02 
 1068.000  3.445052e+02 
 1069.000  3.180459e+02 
 1070.000  3.371153e+02 
 1071.000  3.370225e+02 
 1072.000  3.373633e+02 
 1073.000  3.261523e+02 
 1074.000  3.377491e+02 
 1075.000  3.284030e+02 
 1076.000  3.349124e+02 
 1077.000  3.332661e+02 
 1078.000  3.331453e+02 
 1079.000  3.201107e+02 
 1080.000  3.265974e+02 
 1081.000  3.144750e+02 
 1082.000  3.198111e+02 
 1083.000  3.096714e+02 
 1084.000  3.197401e+02 
 1085.000  3.113605e+02 
 1086.000  3.164338e+02 
 1087.000  3.014327e+02 
 1088.000  3.199502e+02 
 1089.000  3.022306e+02 
 1090.000  3.077426e+02 
 1091.000  3.108251e+02 
 1092.000  3.008469e+02 
 1093.000  2.909521e+02 
 1094.000  2.623210e+02 
 1095.000  2.843635e+02 
 1096.000  2.835757e+02 
 1097.000  2.785309e+02 
 1098.000  2.593232e+02 
 1099.000  2.458450e+02 
 1100.000  2.509821e+02 
 1101.000  2.524290e+02 
 1102.000  2.409912e+02 
 1103.000  2.518148e+02 
 1104.000  2.475557e+02 
 1105.000  2.411194e+02 
 1106.000  2.330829e+02 
 1107.000  2.342056e+02 
 1108.000  2.344256e+02 
 1109.000  2.404924e+02 
 1110.000  2.408349e+02 
 1111.000  2.347457e+02 
 1112.000  2.191622e+02 
 1113.000  2.002039e+02 
 1114.000  1.971059e+02 
 1115.000  1.734845e+02 
 1116.000  1.584862e+02 
 1117.000  1.318478e+02 
 1118.000  1.061858e+02 
 1119.000  9.105211e+01 
 1120.000  7.706662e+01 
 1121.000  7.444288e+01 
 1122.000  6.065121e+01 
 1123.000  6.792838e+01 
 1124.000  7.294104e+01 
 1125.000  6.884682e+01 
 1126.000  6.656569e+01 
 1127.000  7.005936e+01 
 1128.000  7.113586e+01 
 1129.000  8.537072e+01 
 1130.000  1.201085e+02 
 1131.000  1.321724e+02 
 1132.000  1.176587e+02 
 1133.000  9.002544e+01 
 1134.000  4.996889e+01 
 1135.000  5.340213e+01 
 1136.000  9.426888e+01 
 1137.000  1.211019e+02 
 1138.000  1.426490e+02 
 1139.000  1.546416e+02 
 1140.000  1.498928e+02 
 1141.000  1.357325e+02 
 1142.000  1.357780e+02 
 1143.000  1.223874e+02 
 1144.000  1.097225e+02 
 1145.000  9.383075e+01 
 1146.000  9.868945e+01 
 1147.000  1.124053e+02 
 1148.000  1.234388e+02 
 1149.000  1.289267e+02 
 1150.000  1.288972e+02 
 1151.000  1.363320e+02 
 1152.000  1.399466e+02 
 1153.000  1.453729e+02 
 1154.000  1.447535e+02 
 1155.000  1.565896e+02 
 1156.000  1.666673e+02 
 1157.000  1.939945e+02 
 1158.000  2.051894e+02 
 1159.000  2.119029e+02 
 1160.000  2.131962e+02 
 1161.000  2.183138e+02 
 1162.000  2.337274e+02 
 1163.000  2.438707e+02 
 1164.000  2.409962e+02 
 1165.000  2.464914e+02 
 1166.000  2.420474e+02 
 1167.000  2.472103e+02 
 1168.000  2.489224e+02 
 1169.000  2.415972e+02 
 1170.000  2.493114e+02 
 1171.000  2.536991e+02 
 1172.000  2.510080e+02 
 1173.000  2.474437e+02 
 1174.000  2.476794e+02 
 1175.000  2.497316e+02 
 1176.000  2.481744e+02 
 1177.000  2.536625e+02 
 1178.000  2.450139e+02 
 1179.000  2.439454e+02 
 1180.000  2.457600e+02 
 1181.000  2.404829e+02 
 1182.000  2.368026e+02 
 1183.000  2.234642e+02 
 1184.000  2.358477e+02 
 1185.000  2.446226e+02 
 1186.000  2.415012e+02 
 1187.000  2.358905e+02 
 1188.000  2.334018e+02 
 1189.000  2.231058e+02 
 1190.000  2.430061e+02 
 1191.000  2.495223e+02 
 1192.000  2.520590e+02 
 1193.000  2.513237e+02 
 1194.000  2.502740e+02 
 1195.000  2.436948e+02 
 1196.000  2.440613e+02 
 1197.000  2.421752e+02 
 1198.000  2.336323e+02 
 1199.000  2.228328e+02 
 1200.000  2.382147e+02 
 1201.000  2.403539e+02 
 1202.000  2.409917e+02 
 1203.000  2.280078e+02 
 1204.000  2.324958e+02 
 1205.000  2.440721e+02 
 1206.000  2.454950e+02 
 1207.000  2.483485e+02 
 1208.000  2.439118e+02 
 1209.000  2.273385e+02 
 1210.000  2.409167e+02 
 1211.000  2.325568e+02 
 1212.000  2.404983e+02 
 1213.000  2.439261e+02 
 1214.000  2.424612e+02 
 1215.000  2.441627e+02 
 1216.000  2.469056e+02 
 1217.000  2.493121e+02 
 1218.000  2.495915e+02 
 1219.000  2.478339e+02 
 1220.000  2.496130e+02 
 1221.000  2.495346e+02 
 1222.000  2.483638e+02 
 1223.000  2.474742e+02 
 1224.000  2.512780e+02 
 1225.000  2.503022e+02 
 1226.000  2.517458e+02 
 1227.000  2.441081e+02 
 1228.000  2.528461e+02 
 1229.000  2.534007e+02 
 1230.000  2.534581e+02 
 1231.000  2.539623e+02 
 1232.000  2.512719e+02 
 1233.000  2.533775e+02 
 1234.000  2.537595e+02 
 1235.000  2.523983e+02 
 1236.000  2.540631e+02 
 1237.000  2.544020e+02 
 1238.000  2.543723e+02 
 1239.000  2.514952e+02 
 1240.000  2.503384e+02 
 1241.000  2.523951e+02 
 1242.000  2.507254e+02 
 1243.000  2.477706e+02 
 1244.000  2.451966e+02 
 1245.000  2.491638e+02 
 1246.000  2.469904e+02 
 1247.000  2.453821e+02 
 1248.000  2.470073e+02 
 1249.000  2.459070e+02 
 1250.000  2.446040e+02 
 1251.000  2.425783e+02 
 1252.000  2.413435e+02 
 1253.000  2.388335e+02 
 1254.000  2.384678e+02 
 1255.000  2.373308e+02 
 1256.000  2.361679e+02 
 1257.000  2.326390e+02 
 1258.000  2.316575e+02 
 1259.000  2.275313e+02 
 1260.000  2.260573e+02 
 1261.000  2.236889e+02 
 1262.000  2.151363e+02 
 1263.000  2.162751e+02 
 1264.000  2.119460e+02 
 1265.000  2.119439e+02 
 1266.000  2.117303e+02 
 1267.000  2.060284e+02 
 1268.000  2.021074e+02 
 1269.000  2.031630e+02 
 1270.000  2.102117e+02 
 1271.000  2.135865e+02 
 1272.000  2.148086e+02 
 1273.000  2.163694e+02 
 1274.000  2.172195e+02 
 1275.000  2.195658e+02 
 1276.000  2.205834e+02 
 1277.000  2.208188e+02 
 1278.000  2.205927e+02 
 1279.000  2.195745e+02 
 1280.000  2.195134e+02 
 1281.000  2.144223e+02 
 1282.000  1.913665e+02 
 1283.000  2.106472e+02 
 1284.000  2.194859e+02 
 1285.000  2.214893e+02 
 1286.000  2.209254e+02 
 1287.000  2.212607e+02 
 1288.000  2.159654e+02 
 1289.000  2.160664e+02 
 1290.000  2.109799e+02 
 1291.000  2.145558e+02 
 1292.000  2.171978e+02 
 1293.000  2.175748e+02 
 1294.000  2.124278e+02 
 1295.000  2.119654e+02 
 1296.000  2.092184e+02 
 1297.000  2.055699e+02 
 1298.000  2.035200e+02 
 1299.000  2.053870e+02 
 1300.000  2.041934e+02 
 1301.000  2.032850e+02 
 1302.000  1.990242e+02 
 1303.000  1.930210e+02 
 1304.000  1.912716e+02 
 1305.000  1.916199e+02 
 1306.000  1.910675e+02 
 1307.000  1.892912e+02 
 1308.000  1.860651e+02 
 1309.000  1.816993e+02 
 1310.000  1.804714e+02 
 1311.000  1.799650e+02 
 1312.000  1.744368e+02 
 1313.000  1.620276e+02 
 1314.000  1.627869e+02 
 1315.000  1.595265e+02 
 1316.000  1.667636e+02 
 1317.000  1.683463e+02 
 1318.000  1.603209e+02 
 1319.000  1.544548e+02 
 1320.000  1.443606e+02 
 1321.000  1.403363e+02 
 1322.000  1.456728e+02 
 1323.000  1.523088e+02 
 1324.000  1.556693e+02 
 1325.000  1.533970e+02 
 1326.000  1.466926e+02 
 1327.000  1.328985e+02 
 1328.000  1.198670e+02 
 1329.000  9.318995e+01 
 1330.000  8.669269e+01 
 1331.000  8.197859e+01 
 1332.000  8.183474e+01 
 1333.000  8.857958e+01 
 1334.000  9.518942e+01 
 1335.000  1.000416e+02 
 1336.000  1.008093e+02 
 1337.000  1.022823e+02 
 1338.000  1.056393e+02 
 1339.000  1.063957e+02 
 1340.000  1.085778e+02 
 1341.000  1.092147e+02 
 1342.000  1.093832e+02 
 1343.000  9.946710e+01 
 1344.000  8.744458e+01 
 1345.000  5.995918e+01 
 1346.000  4.285397e+01 
 1347.000  3.389388e+01 
 1348.000  2.239271e+01 
 1349.000  1.874540e+01 
 1350.000  1.086270e+01 
 1351.000  8.219383e+00 
 1352.000  4.451211e+00 
 1353.000  2.217989e+00 
 1354.000  1.366527e+00 
 1355.000  8.004735e-01 
 1356.000  4.368914e-01 
 1357.000  1.861803e-01 
 1358.000  1.036029e-01 
 1359.000  2.738762e-02 
 1360.000  1.270145e-02 
 1361.000  6.562256e-03 
 1362.000  5.631325e-03 
 1363.000  1.086306e-02 
 1364.000  1.422795e-02 
 1365.000  1.498993e-02 
 1366.000  1.956201e-02 
 1367.000  1.492115e-02 
 1368.000  1.298712e-02 
 1369.000  1.388326e-02 
 1370.000  3.949480e-02 
 1371.000  1.181524e-01 
 1372.000  4.012948e-01 
 1373.000  7.816493e-01 
 1374.000  1.148589e+00 
 1375.000  1.319314e+00 
 1376.000  1.151610e+00 
 1377.000  9.112365e-01 
 1378.000  5.373119e-01 
 1379.000  2.604579e-01 
 1380.000  8.731295e-02 
 1381.000  3.078423e-02 
 1382.000  1.540948e-02 
 1383.000  1.411554e-02 
 1384.000  3.568529e-02 
 1385.000  7.016794e-02 
 1386.000  1.586282e-01 
 1387.000  5.349256e-01 
 1388.000  9.074730e-01 
 1389.000  1.220182e+00 
 1390.000  1.292226e+00 
 1391.000  1.138076e+00 
 1392.000  6.711519e-01 
 1393.000  4.108284e-01 
 1394.000  2.501068e-01 
 1395.000  3.159450e-01 
 1396.000  5.729252e-01 
 1397.000  9.464988e-01 
 1398.000  1.001910e+00 
 1399.000  9.078835e-01 
 1400.000  8.197208e-01 
 1401.000  9.610881e-01 
 1402.000  1.427091e+00 
 1403.000  1.988083e+00 
 1404.000  1.778102e+00 
 1405.000  2.056883e+00 
 1406.000  1.779094e+00 
 1407.000  2.034272e+00 
 1408.000  2.885202e+00 
 1409.000  4.088845e+00 
 1410.000  6.057086e+00 
 1411.000  8.838437e+00 
 1412.000  8.583572e+00 
 1413.000  1.070714e+01 
 1414.000  1.029149e+01 
 1415.000  1.308869e+01 
 1416.000  1.507819e+01 
 1417.000  1.627558e+01 
 1418.000  1.655456e+01 
 1419.000  1.712469e+01 
 1420.000  1.796264e+01 
 1421.000  2.270025e+01 
 1422.000  2.427487e+01 
 1423.000  2.530621e+01 
 1424.000  2.512116e+01 
 1425.000  2.438658e+01 
 1426.000  2.362115e+01 
 1427.000  2.620428e+01 
 1428.000  2.856639e+01 
 1429.000  3.016309e+01 
 1430.000  2.938992e+01 
 1431.000  2.574460e+01 
 1432.000  2.424955e+01 
 1433.000  2.412231e+01 
 1434.000  2.242295e+01 
 1435.000  2.545542e+01 
 1436.000  2.669968e+01 
 1437.000  2.745180e+01 
 1438.000  3.082419e+01 
 1439.000  3.161755e+01 
 1440.000  3.093587e+01 
 1441.000  3.324167e+01 
 1442.000  3.133720e+01 
 1443.000  3.199238e+01 
 1444.000  3.328925e+01 
 1445.000  3.354950e+01 
 1446.000  3.635206e+01 
 1447.000  3.853587e+01 
 1448.000  3.923407e+01 
 1449.000  3.775906e+01 
 1450.000  3.504883e+01 
 1451.000  3.603085e+01 
 1452.000  3.990846e+01 
 1453.000  4.838122e+01 
 1454.000  5.712117e+01 
 1455.000  6.223772e+01 
 1456.000  6.798814e+01 
 1457.000  6.949630e+01 
 1458.000  7.147066e+01 
 1459.000  6.739037e+01 
 1460.000  6.258978e+01 
 1461.000  6.040838e+01 
 1462.000  5.468108e+01 
 1463.000  5.431204e+01 
 1464.000  5.287183e+01 
 1465.000  4.996272e+01 
 1466.000  4.457122e+01 
 1467.000  4.284438e+01 
 1468.000  3.877210e+01 
 1469.000  3.461365e+01 
 1470.000  3.287453e+01 
 1471.000  3.747588e+01 
 1472.000  4.494424e+01 
 1473.000  5.596068e+01 
 1474.000  6.294505e+01 
 1475.000  6.408450e+01 
 1476.000  6.418948e+01 
 1477.000  6.154770e+01 
 1478.000  5.795335e+01 
 1479.000  5.514760e+01 
 1480.000  5.744253e+01 
 1481.000  6.036814e+01 
 1482.000  6.534957e+01 
 1483.000  6.520971e+01 
 1484.000  6.578082e+01 
 1485.000  6.643394e+01 
 1486.000  6.896471e+01 
 1487.000  7.731080e+01 
 1488.000  6.811009e+01 
 1489.000  8.914725e+01 
 1490.000  9.924238e+01 
 1491.000  1.056255e+02 
 1492.000  1.042194e+02 
 1493.000  1.098509e+02 
 1494.000  1.099298e+02 
 1495.000  1.127296e+02 
 1496.000  1.155751e+02 
 1497.000  1.186120e+02 
 1498.000  1.252207e+02 
 1499.000  1.283283e+02 
 1500.000  1.341481e+02 
 1501.000  1.328439e+02 
 1502.000  1.297836e+02 
 1503.000  1.153712e+02 
 1504.000  1.213459e+02 
 1505.000  1.246680e+02 
 1506.000  1.264677e+02 
 1507.000  1.356651e+02 
 1508.000  1.353368e+02 
 1509.000  1.377835e+02 
 1510.000  1.405771e+02 
 1511.000  1.425477e+02 
 1512.000  1.407367e+02 
 1513.000  1.408905e+02 
 1514.000  1.389658e+02 
 1515.000  1.426828e+02 
 1516.000  1.416892e+02 
 1517.000  1.417414e+02 
 1518.000  1.461361e+02 
 1519.000  1.460427e+02 
 1520.000  1.495744e+02 
 1521.000  1.481234e+02 
 1522.000  1.472851e+02 
 1523.000  1.512883e+02 
 1524.000  1.497488e+02 
 1525.000  1.459075e+02 
 1526.000  1.501538e+02 
 1527.000  1.491145e+02 
 1528.000  1.508473e+02 
 1529.000  1.503764e+02 
 1530.000  1.412912e+02 
 1531.000  1.514390e+02 
 1532.000  1.509729e+02 
 1533.000  1.505130e+02 
 1534.000  1.484739e+02 
 1535.000  1.493260e+02 
 1536.000  1.513303e+02 
 1537.000  1.521508e+02 
 1538.000  1.483278e+02 
 1539.000  1.517031e+02 
 1540.000  1.462999e+02 
 1541.000  1.494612e+02 
 1542.000  1.503499e+02 
 1543.000  1.500678e+02 
 1544.000  1.521991e+02 
 1545.000  1.530727e+02 
 1546.000  1.534556e+02 
 1547.000  1.521125e+02 
 1548.000  1.477297e+02 
 1549.000  1.515146e+02 
 1550.000  1.506378e+02 
 1551.000  1.498429e+02 
 1552.000  1.524205e+02 
 1553.000  1.517340e+02 
 1554.000  1.461375e+02 
 1555.000  1.486566e+02 
 1556.000  1.458377e+02 
 1557.000  1.506487e+02 
 1558.000  1.494347e+02 
 1559.000  1.494043e+02 
 1560.000  1.468228e+02 
 1561.000  1.501900e+02 
 1562.000  1.500413e+02 
 1563.000  1.476436e+02 
 1564.000  1.445050e+02 
 1565.000  1.462678e+02 
 1566.000  1.434953e+02 
 1567.000  1.427250e+02 
 1568.000  1.386596e+02 
 1569.000  1.379168e+02 
 1570.000  1.334538e+02 
 1571.000  1.370296e+02 
 1572.000  1.367331e+02 
 1573.000  1.348387e+02 
 1574.000  1.357101e+02 
 1575.000  1.262799e+02 
 1576.000  1.356658e+02 
 1577.000  1.226355e+02 
 1578.000  1.343724e+02 
 1579.000  1.354354e+02 
 1580.000  1.387326e+02 
 1581.000  1.378129e+02 
 1582.000  1.356111e+02 
 1583.000  1.378126e+02 
 1584.000  1.370757e+02 
 1585.000  1.414937e+02 
 1586.000  1.397165e+02 
 1587.000  1.384789e+02 
 1588.000  1.365411e+02 
 1589.000  1.249630e+02 
 1590.000  1.345687e+02 
 1591.000  1.315614e+02 
 1592.000  1.384525e+02 
 1593.000  1.412451e+02 
 1594.000  1.398369e+02 
 1595.000  1.402180e+02 
 1596.000  1.313473e+02 
 1597.000  1.358242e+02 
 1598.000  1.371120e+02 
 1599.000  1.310686e+02 
 1600.000  1.320984e+02 
 1601.000  1.265370e+02 
 1602.000  1.294852e+02 
 1603.000  1.288918e+02 
 1604.000  1.311127e+02 
 1605.000  1.291733e+02 
 1606.000  1.288711e+02 
 1607.000  1.292131e+02 
 1608.000  1.305302e+02 
 1609.000  1.300278e+02 
 1610.000  1.220837e+02 
 1611.000  1.263129e+02 
 1612.000  1.282971e+02 
 1613.000  1.318918e+02 
 1614.000  1.305964e+02 
 1615.000  1.333186e+02 
 1616.000  1.253791e+02 
 1617.000  1.295641e+02 
 1618.000  1.335999e+02 
 1619.000  1.336716e+02 
 1620.000  1.307451e+02 
 1621.000  1.291200e+02 
 1622.000  1.323690e+02 
 1623.000  1.352347e+02 
 1624.000  1.362708e+02 
 1625.000  1.331896e+02 
 1626.000  1.345464e+02 
 1627.000  1.344093e+02 
 1628.000  1.353710e+02 
 1629.000  1.352242e+02 
 1630.000  1.313165e+02 
 1631.000  1.333692e+02 
 1632.000  1.331202e+02 
 1633.000  1.313290e+02 
 1634.000  1.280005e+02 
 1635.000  1.314314e+02 
 1636.000  1.308669e+02 
 1637.000  1.247231e+02 
 1638.000  1.238125e+02 
 1639.000  1.221417e+02 
 1640.000  1.226471e+02 
 1641.000  1.216666e+02 
 1642.000  1.215123e+02 
 1643.000  1.245478e+02 
 1644.000  1.225318e+02 
 1645.000  1.226397e+02 
 1646.000  1.241122e+02 
 1647.000  1.252546e+02 
 1648.000  1.246106e+02 
 1649.000  1.217286e+02 
 1650.000  1.248127e+02 
 1651.000  1.220416e+02 
 1652.000  1.244479e+02 
 1653.000  1.232617e+02 
 1654.000  1.246433e+02 
 1655.000  1.224002e+02 
 1656.000  1.249356e+02 
 1657.000  1.240272e+02 
 1658.000  1.249048e+02 
 1659.000  1.226546e+02 
 1660.000  1.240003e+02 
 1661.000  1.244786e+02 
 1662.000  1.234663e+02 
 1663.000  1.226296e+02 
 1664.000  1.220251e+02 
 1665.000  1.207847e+02 
 1666.000  1.203820e+02 
 1667.000  1.218415e+02 
 1668.000  1.197769e+02 
 1669.000  1.202304e+02 
 1670.000  1.229364e+02 
 1671.000  1.221582e+02 
 1672.000  1.163760e+02 
 1673.000  1.195924e+02 
 1674.000  1.200075e+02 
 1675.000  1.188902e+02 
 1676.000  1.169516e+02 
 1677.000  1.175773e+02 
 1678.000  1.183724e+02 
 1679.000  1.167531e+02 
 1680.000  1.128203e+02 
 1681.000  1.089533e+02 
 1682.000  1.120972e+02 
 1683.000  1.148294e+02 
 1684.000  1.169297e+02 
 1685.000  1.171457e+02 
 1686.000  1.157382e+02 
 1687.000  1.159896e+02 
 1688.000  1.158984e+02 
 1689.000  1.145009e+02 
 1690.000  1.142187e+02 
 1691.000  1.156718e+02 
 1692.000  1.158803e+02 
 1693.000  1.154996e+02 
 1694.000  1.153332e+02 
 1695.000  1.152569e+02 
 1696.000  1.145797e+02 
 1697.000  1.137980e+02 
 1698.000  1.144478e+02 
 1699.000  1.137112e+02 
 1700.000  1.122824e+02 
 1701.000  1.125652e+02 
 1702.000  1.121929e+02 
 1703.000  1.097544e+02 
 1704.000  1.114804e+02 
 1705.000  1.119852e+02 
 1706.000  1.103408e+02 
 1707.000  1.099235e+02 
 1708.000  1.069289e+02 
 1709.000  1.088828e+02 
 1710.000  1.100870e+02 
 1711.000  1.017019e+02 
 1712.000  1.087960e+02 
 1713.000  1.092013e+02 
 1714.000  1.092742e+02 
 1715.000  1.093365e+02 
 1716.000  1.088432e+02 
 1717.000  1.078930e+02 
 1718.000  1.073115e+02 
 1719.000  1.079387e+02 
 1720.000  1.048386e+02 
 1721.000  1.032930e+02 
 1722.000  1.045640e+02 
 1723.000  9.882059e+01 
 1724.000  1.002977e+02 
 1725.000  1.020013e+02 
 1726.000  1.034030e+02 
 1727.000  1.028917e+02 
 1728.000  1.005954e+02 
 1729.000  1.028364e+02 
 1730.000  1.030241e+02 
 1731.000  1.010269e+02 
 1732.000  9.947633e+01 
 1733.000  9.312768e+01 
 1734.000  9.473944e+01 
 1735.000  9.460886e+01 
 1736.000  9.000634e+01 
 1737.000  8.865725e+01 
 1738.000  9.281309e+01 
 1739.000  9.423363e+01 
 1740.000  9.420504e+01 
 1741.000  9.190755e+01 
 1742.000  9.478674e+01 
 1743.000  9.291316e+01 
 1744.000  9.393958e+01 
 1745.000  9.118156e+01 
 1746.000  9.142193e+01 
 1747.000  8.943375e+01 
 1748.000  9.272012e+01 
 1749.000  9.229733e+01 
 1750.000  9.192234e+01 
 1751.000  9.043725e+01 
 1752.000  9.092403e+01 
 1753.000  9.079695e+01 
 1754.000  9.082700e+01 
 1755.000  8.887298e+01 
 1756.000  8.987901e+01 
 1757.000  8.994342e+01 
 1758.000  8.958230e+01 
 1759.000  8.995032e+01 
 1760.000  8.885614e+01 
 1761.000  8.625108e+01 
 1762.000  8.411103e+01 
 1763.000  8.406068e+01 
 1764.000  8.059946e+01 
 1765.000  8.200565e+01 
 1766.000  8.111348e+01 
 1767.000  8.143192e+01 
 1768.000  8.026607e+01 
 1769.000  8.059341e+01 
 1770.000  7.902265e+01 
 1771.000  7.916129e+01 
 1772.000  7.813766e+01 
 1773.000  7.803904e+01 
 1774.000  7.387829e+01 
 1775.000  7.001001e+01 
 1776.000  6.970590e+01 
 1777.000  6.633678e+01 
 1778.000  6.406353e+01 
 1779.000  6.470831e+01 
 1780.000  6.321683e+01 
 1781.000  6.251907e+01 
 1782.000  6.169592e+01 
 1783.000  5.938847e+01 
 1784.000  5.943918e+01 
 1785.000  5.927474e+01 
 1786.000  5.965322e+01 
 1787.000  6.013510e+01 
 1788.000  5.979795e+01 
 1789.000  5.537584e+01 
 1790.000  5.495399e+01 
 1791.000  5.072854e+01 
 1792.000  4.941368e+01 
 1793.000  4.446938e+01 
 1794.000  4.065066e+01 
 1795.000  4.098848e+01 
 1796.000  3.604865e+01 
 1797.000  3.211517e+01 
 1798.000  3.223101e+01 
 1799.000  2.555031e+01 
 1800.000  2.541898e+01 
 1801.000  2.030596e+01 
 1802.000  1.733525e+01 
 1803.000  1.725795e+01 
 1804.000  1.708691e+01 
 1805.000  1.635006e+01 
 1806.000  1.427661e+01 
 1807.000  1.354848e+01 
 1808.000  1.269013e+01 
 1809.000  9.948833e+00 
 1810.000  7.783617e+00 
 1811.000  7.773745e+00 
 1812.000  5.833888e+00 
 1813.000  5.847828e+00 
 1814.000  4.927406e+00 
 1815.000  3.119600e+00 
 1816.000  3.077847e+00 
 1817.000  2.573364e+00 
 1818.000  2.163608e+00 
 1819.000  1.711636e+00 
 1820.000  1.511125e+00 
 1821.000  1.522707e+00 
 1822.000  1.264418e+00 
 1823.000  1.245560e+00 
 1824.000  1.108794e+00 
 1825.000  5.095651e-01 
 1826.000  5.125464e-01 
 1827.000  3.180518e-01 
 1828.000  2.626113e-01 
 1829.000  1.057149e-01 
 1830.000  5.725574e-02 
 1831.000  5.715368e-02 
 1832.000  2.876803e-02 
 1833.000  2.774395e-02 
 1834.000  1.315260e-02 
 1835.000  3.648634e-03 
 1836.000  3.658910e-03 
 1837.000  2.104445e-03 
 1838.000  1.785665e-03 
 1839.000  2.449498e-03 
 1840.000  4.856101e-03 
 1841.000  4.965935e-03 
 1842.000  8.672660e-03 
 1843.000  8.401607e-03 
 1844.000  1.230081e-02 
 1845.000  1.127207e-02 
 1846.000  8.505511e-03 
 1847.000  5.519074e-03 
 1848.000  5.689879e-03 
 1849.000  5.611430e-03 
 1850.000  5.663353e-03 
 1851.000  5.308904e-03 
 1852.000  5.507218e-03 
 1853.000  5.389266e-03 
 1854.000  5.528479e-03 
 1855.000  5.809919e-03 
 1856.000  6.457029e-03 
 1857.000  6.725121e-03 
 1858.000  1.023971e-02 
 1859.000  2.126750e-02 
 1860.000  2.103461e-02 
 1861.000  4.407924e-02 
 1862.000  4.047667e-02 
 1863.000  4.536844e-02 
 1864.000  3.626181e-02 
 1865.000  3.644237e-02 
 1866.000  1.451238e-02 
 1867.000  1.428624e-02 
 1868.000  2.308734e-03 
 1869.000  2.516916e-03 
 1870.000  3.967372e-04 
 1871.000  1.393561e-04 
 1872.000  1.383347e-04 
 1873.000  5.541268e-04 
 1874.000  5.537038e-04 
 1875.000  3.296925e-03 
 1876.000  3.160023e-03 
 1877.000  2.200054e-02 
 1878.000  6.237150e-02 
 1879.000  6.375416e-02 
 1880.000  1.185348e-01 
 1881.000  1.222128e-01 
 1882.000  1.790719e-01 
 1883.000  2.056108e-01 
 1884.000  2.524083e-01 
 1885.000  2.511717e-01 
 1886.000  2.436066e-01 
 1887.000  2.713597e-01 
 1888.000  2.678168e-01 
 1889.000  2.020095e-01 
 1890.000  1.945488e-01 
 1891.000  1.670857e-01 
 1892.000  1.620761e-01 
 1893.000  1.347727e-01 
 1894.000  1.131162e-01 
 1895.000  1.104501e-01 
 1896.000  6.930975e-02 
 1897.000  6.903943e-02 
 1898.000  3.008633e-02 
 1899.000  2.963141e-02 
 1900.000  1.432720e-02 
 1901.000  1.440829e-02 
 1902.000  1.023671e-02 
 1903.000  1.659464e-02 
 1904.000  1.645673e-02 
 1905.000  3.063927e-02 
 1906.000  3.078618e-02 
 1907.000  5.112314e-02 
 1908.000  5.020598e-02 
 1909.000  5.865204e-02 
 1910.000  5.877383e-02 
 1911.000  6.415474e-02 
 1912.000  6.573666e-02 
 1913.000  1.010900e-01 
 1914.000  1.407472e-01 
 1915.000  1.399181e-01 
 1916.000  3.236031e-01 
 1917.000  3.254893e-01 
 1918.000  4.690207e-01 
 1919.000  4.673135e-01 
 1920.000  7.314419e-01 
 1921.000  7.612037e-01 
 1922.000  9.783630e-01 
 1923.000  1.057600e+00 
 1924.000  1.218205e+00 
 1925.000  1.262128e+00 
 1926.000  1.269564e+00 
 1927.000  1.632729e+00 
 1928.000  1.616810e+00 
 1929.000  1.799567e+00 
 1930.000  1.871578e+00 
 1931.000  2.796708e+00 
 1932.000  2.883539e+00 
 1933.000  3.273570e+00 
 1934.000  3.794245e+00 
 1935.000  4.637830e+00 
 1936.000  4.701568e+00 
 1937.000  4.954957e+00 
 1938.000  6.160963e+00 
 1939.000  5.887118e+00 
 1940.000  7.021621e+00 
 1941.000  7.090418e+00 
 1942.000  8.717893e+00 
 1943.000  8.462447e+00 
 1944.000  9.125524e+00 
 1945.000  8.574551e+00 
 1946.000  1.089013e+01 
 1947.000  1.156973e+01 
 1948.000  1.262344e+01 
 1949.000  1.317293e+01 
 1950.000  1.378710e+01 
 1951.000  1.338731e+01 
 1952.000  1.325562e+01 
 1953.000  1.398242e+01 
 1954.000  1.383247e+01 
 1955.000  1.381495e+01 
 1956.000  1.333245e+01 
 1957.000  1.447151e+01 
 1958.000  1.453910e+01 
 1959.000  1.677304e+01 
 1960.000  1.664662e+01 
 1961.000  1.999205e+01 
 1962.000  1.959427e+01 
 1963.000  2.325494e+01 
 1964.000  2.328165e+01 
 1965.000  2.834094e+01 
 1966.000  2.764817e+01 
 1967.000  3.165302e+01 
 1968.000  3.174872e+01 
 1969.000  3.522308e+01 
 1970.000  3.553320e+01 
 1971.000  3.798666e+01 
 1972.000  3.784275e+01 
 1973.000  3.824717e+01 
 1974.000  3.929564e+01 
 1975.000  4.225377e+01 
 1976.000  4.240915e+01 
 1977.000  4.431965e+01 
 1978.000  4.206216e+01 
 1979.000  4.605762e+01 
 1980.000  4.468862e+01 
 1981.000  4.721745e+01 
 1982.000  4.763571e+01 
 1983.000  4.855656e+01 
 1984.000  4.808979e+01 
 1985.000  4.864406e+01 
 1986.000  4.767125e+01 
 1987.000  4.827876e+01 
 1988.000  4.964091e+01 
 1989.000  4.936052e+01 
 1990.000  4.921905e+01 
 1991.000  4.879170e+01 
 1992.000  4.814682e+01 
 1993.000  4.580078e+01 
 1994.000  4.617039e+01 
 1995.000  4.328927e+01 
 1996.000  4.330420e+01 
 1997.000  3.611856e+01 
 1998.000  3.543457e+01 
 1999.000  2.764436e+01 
 2000.000  2.767587e+01 
 2001.000  2.072233e+01 
 2002.000  2.075593e+01 
 2003.000  1.737489e+01 
 2004.000  1.737238e+01 
 2005.000  1.769280e+01 
 2006.000  1.723365e+01 
 2007.000  1.935214e+01 
 2008.000  1.934686e+01 
 2009.000  2.070574e+01 
 2010.000  2.074405e+01 
 2011.000  2.120403e+01 
 2012.000  2.118745e+01 
 2013.000  2.168344e+01 
 2014.000  2.147101e+01 
 2015.000  2.273565e+01 
 2016.000  2.270712e+01 
 2017.000  2.544468e+01 
 2018.000  2.550506e+01 
 2019.000  3.011992e+01 
 2020.000  2.990276e+01 
 2021.000  3.374927e+01 
 2022.000  3.493906e+01 
 2023.000  3.984530e+01 
 2024.000  3.988865e+01 
 2025.000  4.332119e+01 
 2026.000  4.371462e+01 
 2027.000  4.614675e+01 
 2028.000  4.631483e+01 
 2029.000  4.758805e+01 
 2030.000  4.703218e+01 
 2031.000  4.887207e+01 
 2032.000  4.968843e+01 
 2033.000  5.095396e+01 
 2034.000  5.091442e+01 
 2035.000  4.982110e+01 
 2036.000  5.099000e+01 
 2037.000  5.136627e+01 
 2038.000  4.861129e+01 
 2039.000  5.018210e+01 
 2040.000  5.059032e+01 
 2041.000  5.003436e+01 
 2042.000  4.956927e+01 
 2043.000  4.879492e+01 
 2044.000  4.878673e+01 
 2045.000  4.682936e+01 
 2046.000  4.679789e+01 
 2047.000  4.654471e+01 
 2048.000  4.333970e+01 
 2049.000  4.357895e+01 
 2050.000  3.992382e+01 
 2051.000  3.970308e+01 
 2052.000  3.732331e+01 
 2053.000  3.679963e+01 
 2054.000  3.647023e+01 
 2055.000  3.674754e+01 
 2056.000  3.735354e+01 
 2057.000  3.720983e+01 
 2058.000  3.832179e+01 
 2059.000  3.833545e+01 
 2060.000  3.860996e+01 
 2061.000  3.758800e+01 
 2062.000  3.869282e+01 
 2063.000  3.854935e+01 
 2064.000  3.629964e+01 
 2065.000  3.842799e+01 
 2066.000  3.847589e+01 
 2067.000  3.887829e+01 
 2068.000  3.854919e+01 
 2069.000  3.969089e+01 
 2070.000  3.836082e+01 
 2071.000  4.162405e+01 
 2072.000  4.114750e+01 
 2073.000  4.394469e+01 
 2074.000  4.387916e+01 
 2075.000  4.568763e+01 
 2076.000  4.563597e+01 
 2077.000  4.700164e+01 
 2078.000  4.699112e+01 
 2079.000  4.621040e+01 
 2080.000  4.760130e+01 
 2081.000  4.713797e+01 
 2082.000  4.802866e+01 
 2083.000  4.719069e+01 
 2084.000  4.779772e+01 
 2085.000  4.819643e+01 
 2086.000  4.883067e+01 
 2087.000  4.880744e+01 
 2088.000  4.935442e+01 
 2089.000  4.942448e+01 
 2090.000  4.972542e+01 
 2091.000  4.935399e+01 
 2092.000  4.747123e+01 
 2093.000  4.922388e+01 
 2094.000  4.968757e+01 
 2095.000  4.813626e+01 
 2096.000  4.958596e+01 
 2097.000  4.938839e+01 
 2098.000  4.932114e+01 
 2099.000  4.964126e+01 
 2100.000  4.977346e+01 
 2101.000  5.002488e+01 
 2102.000  5.036676e+01 
 2103.000  4.959878e+01 
 2104.000  5.053556e+01 
 2105.000  5.049333e+01 
 2106.000  5.088085e+01 
 2107.000  5.072873e+01 
 2108.000  5.071096e+01 
 2109.000  5.045142e+01 
 2110.000  4.916216e+01 
 2111.000  5.030744e+01 
 2112.000  5.011471e+01 
 2113.000  4.986057e+01 
 2114.000  5.001686e+01 
 2115.000  4.989542e+01 
 2116.000  4.955466e+01 
 2117.000  4.833231e+01 
 2118.000  4.945065e+01 
 2119.000  4.987834e+01 
 2120.000  4.868458e+01 
 2121.000  4.989138e+01 
 2122.000  4.946179e+01 
 2123.000  4.949543e+01 
 2124.000  4.891180e+01 
 2125.000  4.996873e+01 
 2126.000  5.044428e+01 
 2127.000  4.956652e+01 
 2128.000  5.081232e+01 
 2129.000  5.069813e+01 
 2130.000  5.062497e+01 
 2131.000  5.093044e+01 
 2132.000  5.084003e+01 
 2133.000  5.089085e+01 
 2134.000  5.073758e+01 
 2135.000  5.084995e+01 
 2136.000  4.899391e+01 
 2137.000  5.068702e+01 
 2138.000  5.067660e+01 
 2139.000  5.042299e+01 
 2140.000  5.038089e+01 
 2141.000  5.042748e+01 
 2142.000  5.005420e+01 
 2143.000  4.980413e+01 
 2144.000  4.931111e+01 
 2145.000  4.882021e+01 
 2146.000  4.768980e+01 
 2147.000  4.817439e+01 
 2148.000  4.819579e+01 
 2149.000  4.718191e+01 
 2150.000  4.712490e+01 
 2151.000  4.641882e+01 
 2152.000  4.630531e+01 
 2153.000  4.585939e+01 
 2154.000  4.596822e+01 
 2155.000  4.594847e+01 
 2156.000  4.606848e+01 
 2157.000  4.595125e+01 
 2158.000  4.594741e+01 
 2159.000  4.573491e+01 
 2160.000  4.564933e+01 
 2161.000  4.560402e+01 
 2162.000  4.499298e+01 
 2163.000  4.511315e+01 
 2164.000  4.448147e+01 
 2165.000  4.307335e+01 
 2166.000  3.869153e+01 
 2167.000  4.240162e+01 
 2168.000  4.374377e+01 
 2169.000  4.490542e+01 
 2170.000  4.494173e+01 
 2171.000  4.533356e+01 
 2172.000  4.511113e+01 
 2173.000  4.527378e+01 
 2174.000  4.499831e+01 
 2175.000  4.505329e+01 
 2176.000  4.477710e+01 
 2177.000  4.426036e+01 
 2178.000  4.458319e+01 
 2179.000  4.267007e+01 
 2180.000  4.439264e+01 
 2181.000  4.432257e+01 
 2182.000  4.371976e+01 
 2183.000  4.264185e+01 
 2184.000  4.373026e+01 
 2185.000  4.384118e+01 
 2186.000  4.400482e+01 
 2187.000  4.394667e+01 
 2188.000  4.283701e+01 
 2189.000  4.273209e+01 
 2190.000  4.325046e+01 
 2191.000  4.380123e+01 
 2192.000  4.368178e+01 
 2193.000  4.303687e+01 
 2194.000  4.292466e+01 
 2195.000  4.279713e+01 
 2196.000  4.209486e+01 
 2197.000  4.192964e+01 
 2198.000  4.155922e+01 
 2199.000  4.149982e+01 
 2200.000  4.134575e+01 
 2201.000  4.154041e+01 
 2202.000  4.147363e+01 
 2203.000  4.221959e+01 
 2204.000  4.222742e+01 
 2205.000  4.210678e+01 
 2206.000  4.135899e+01 
 2207.000  4.083231e+01 
 2208.000  4.316270e+01 
 2209.000  4.227066e+01 
 2210.000  4.376434e+01 
 2211.000  4.372561e+01 
 2212.000  4.358633e+01 
 2213.000  4.363490e+01 
 2214.000  4.345995e+01 
 2215.000  4.349271e+01 
 2216.000  4.312743e+01 
 2217.000  4.250372e+01 
 2218.000  4.303585e+01 
 2219.000  4.317343e+01 
 2220.000  4.306608e+01 
 2221.000  4.299172e+01 
 2222.000  4.282151e+01 
 2223.000  4.285631e+01 
 2224.000  4.275036e+01 
 2225.000  4.258398e+01 
 2226.000  4.184852e+01 
 2227.000  4.196793e+01 
 2228.000  4.197316e+01 
 2229.000  4.235027e+01 
 2230.000  4.189396e+01 
 2231.000  4.195776e+01 
 2232.000  4.195556e+01 
 2233.000  4.182046e+01 
 2234.000  4.174234e+01 
 2235.000  4.148127e+01 
 2236.000  4.131392e+01 
 2237.000  4.133263e+01 
 2238.000  4.081902e+01 
 2239.000  3.996218e+01 
 2240.000  4.042382e+01 
 2241.000  4.082263e+01 
 2242.000  4.073385e+01 
 2243.000  4.002692e+01 
 2244.000  4.033094e+01 
 2245.000  4.032474e+01 
 2246.000  4.023830e+01 
 2247.000  4.020107e+01 
 2248.000  3.909300e+01 
 2249.000  3.990695e+01 
 2250.000  3.952908e+01 
 2251.000  3.948257e+01 
 2252.000  3.954575e+01 
 2253.000  3.891519e+01 
 2254.000  3.794284e+01 
 2255.000  3.870341e+01 
 2256.000  3.841117e+01 
 2257.000  3.840907e+01 
 2258.000  3.832266e+01 
 2259.000  3.836579e+01 
 2260.000  3.802812e+01 
 2261.000  3.784180e+01 
 2262.000  3.791311e+01 
 2263.000  3.656463e+01 
 2264.000  3.790979e+01 
 2265.000  3.768549e+01 
 2266.000  3.719188e+01 
 2267.000  3.752118e+01 
 2268.000  3.755222e+01 
 2269.000  3.746586e+01 
 2270.000  3.735477e+01 
 2271.000  3.708488e+01 
 2272.000  3.742780e+01 
 2273.000  3.739494e+01 
 2274.000  3.728349e+01 
 2275.000  3.673029e+01 
 2276.000  3.722378e+01 
 2277.000  3.723048e+01 
 2278.000  3.720993e+01 
 2279.000  3.709457e+01 
 2280.000  3.698248e+01 
 2281.000  3.510080e+01 
 2282.000  3.624207e+01 
 2283.000  3.634776e+01 
 2284.000  3.621732e+01 
 2285.000  3.608657e+01 
 2286.000  3.590859e+01 
 2287.000  3.598085e+01 
 2288.000  3.585414e+01 
 2289.000  3.533835e+01 
 2290.000  3.533711e+01 
 2291.000  3.471526e+01 
 2292.000  3.488670e+01 
 2293.000  3.481785e+01 
 2294.000  3.282201e+01 
 2295.000  3.369146e+01 
 2296.000  3.355832e+01 
 2297.000  3.297709e+01 
 2298.000  3.370882e+01 
 2299.000  3.385177e+01 
 2300.000  3.376147e+01 
 2301.000  3.373582e+01 
 2302.000  3.425669e+01 
 2303.000  3.415502e+01 
 2304.000  3.403968e+01 
 2305.000  3.458144e+01 
 2306.000  3.461781e+01 
 2307.000  3.468271e+01 
 2308.000  3.467714e+01 
 2309.000  3.445208e+01 
 2310.000  3.417401e+01 
 2311.000  3.428110e+01 
 2312.000  3.412067e+01 
 2313.000  3.349525e+01 
 2314.000  3.329990e+01 
 2315.000  3.179680e+01 
 2316.000  3.226225e+01 
 2317.000  3.194849e+01 
 2318.000  3.347683e+01 
 2319.000  3.334256e+01 
 2320.000  3.183394e+01 
 2321.000  3.197086e+01 
 2322.000  3.194589e+01 
 2323.000  3.064477e+01 
 2324.000  3.149566e+01 
 2325.000  3.175278e+01 
 2326.000  3.158351e+01 
 2327.000  3.218325e+01 
 2328.000  3.239882e+01 
 2329.000  3.208677e+01 
 2330.000  3.203152e+01 
 2331.000  3.188079e+01 
 2332.000  3.145134e+01 
 2333.000  3.142950e+01 
 2334.000  3.054039e+01 
 2335.000  3.010655e+01 
 2336.000  3.031229e+01 
 2337.000  2.952020e+01 
 2338.000  2.936766e+01 
 2339.000  2.860769e+01 
 2340.000  2.870871e+01 
 2341.000  2.874334e+01 
 2342.000  2.821350e+01 
 2343.000  2.808030e+01 
 2344.000  2.799850e+01 
 2345.000  2.761050e+01 
 2346.000  2.767642e+01 
 2347.000  2.750800e+01 
 2348.000  2.736129e+01 
 2349.000  2.749226e+01 
 2350.000  2.731801e+01 
 2351.000  2.754376e+01 
 2352.000  2.711580e+01 
 2353.000  2.648271e+01 
 2354.000  2.717135e+01 
 2355.000  2.748123e+01 
 2356.000  2.797586e+01 
 2357.000  2.774946e+01 
 2358.000  2.774561e+01 
 2359.000  2.828102e+01 
 2360.000  2.830545e+01 
 2361.000  2.809797e+01 
 2362.000  2.752180e+01 
 2363.000  2.748312e+01 
 2364.000  2.754182e+01 
 2365.000  2.653341e+01 
 2366.000  2.658814e+01 
 2367.000  2.534695e+01 
 2368.000  2.521984e+01 
 2369.000  2.497850e+01 
 2370.000  2.419136e+01 
 2371.000  2.447195e+01 
 2372.000  2.447978e+01 
 2373.000  2.442880e+01 
 2374.000  2.323621e+01 
 2375.000  2.399359e+01 
 2376.000  2.412648e+01 
 2377.000  2.404890e+01 
 2378.000  2.397800e+01 
 2379.000  2.424031e+01 
 2380.000  2.416168e+01 
 2381.000  2.375914e+01 
 2382.000  2.381679e+01 
 2383.000  2.267427e+01 
 2384.000  2.266138e+01 
 2385.000  2.283676e+01 
 2386.000  2.300425e+01 
 2387.000  2.299965e+01 
 2388.000  2.361673e+01 
 2389.000  2.353168e+01 
 2390.000  2.405294e+01 
 2391.000  2.401129e+01 
 2392.000  2.391819e+01 
 2393.000  2.403789e+01 
 2394.000  2.435029e+01 
 2395.000  2.413531e+01 
 2396.000  2.409130e+01 
 2397.000  2.420412e+01 
 2398.000  2.400219e+01 
 2399.000  2.382389e+01 
 2400.000  2.360141e+01 
 2401.000  2.311494e+01 
 2402.000  2.323267e+01 
 2403.000  2.306288e+01 
 2404.000  2.198797e+01 
 2405.000  2.213319e+01 
 2406.000  2.181170e+01 
 2407.000  2.095220e+01 
 2408.000  2.098900e+01 
 2409.000  2.092162e+01 
 2410.000  1.985048e+01 
 2411.000  1.986928e+01 
 2412.000  1.984464e+01 
 2413.000  1.907220e+01 
 2414.000  1.840846e+01 
 2415.000  1.833538e+01 
 2416.000  1.778200e+01 
 2417.000  1.858461e+01 
 2418.000  1.874663e+01 
 2419.000  2.007703e+01 
 2420.000  1.986243e+01 
 2421.000  1.990926e+01 
 2422.000  2.077977e+01 
 2423.000  2.063389e+01 
 2424.000  2.069550e+01 
 2425.000  2.092017e+01 
 2426.000  2.118450e+01 
 2427.000  2.090591e+01 
 2428.000  2.084745e+01 
 2429.000  2.098846e+01 
 2430.000  2.086307e+01 
 2431.000  2.024723e+01 
 2432.000  2.037294e+01 
 2433.000  2.023142e+01 
 2434.000  1.915084e+01 
 2435.000  1.894120e+01 
 2436.000  1.947134e+01 
 2437.000  1.935350e+01 
 2438.000  1.888924e+01 
 2439.000  1.932377e+01 
 2440.000  1.838417e+01 
 2441.000  1.817093e+01 
 2442.000  1.828325e+01 
 2443.000  1.673705e+01 
 2444.000  1.665394e+01 
 2445.000  1.549720e+01 
 2446.000  1.505019e+01 
 2447.000  1.508499e+01 
 2448.000  1.465140e+01 
 2449.000  1.465193e+01 
 2450.000  1.475480e+01 
 2451.000  1.490168e+01 
 2452.000  1.489510e+01 
 2453.000  1.512756e+01 
 2454.000  1.658956e+01 
 2455.000  1.641912e+01 
 2456.000  1.639086e+01 
 2457.000  1.569671e+01 
 2458.000  1.688312e+01 
 2459.000  1.700021e+01 
 2460.000  1.689605e+01 
 2461.000  1.615521e+01 
 2462.000  1.619784e+01 
 2463.000  1.596738e+01 
 2464.000  1.507554e+01 
 2465.000  1.495767e+01 
 2466.000  1.484141e+01 
 2467.000  1.357032e+01 
 2468.000  1.356958e+01 
 2469.000  1.332330e+01 
 2470.000  1.109274e+01 
 2471.000  1.156661e+01 
 2472.000  1.152101e+01 
 2473.000  1.086879e+01 
 2474.000  1.067558e+01 
 2475.000  1.072390e+01 
 2476.000  9.063373e+00 
 2477.000  9.196597e+00 
 2478.000  9.152452e+00 
 2479.000  7.403762e+00 
 2480.000  7.511487e+00 
 2481.000  7.240571e+00 
 2482.000  6.012232e+00 
 2483.000  5.845365e+00 
 2484.000  6.118975e+00 
 2485.000  5.141084e+00 
 2486.000  5.110035e+00 
 2487.000  4.701395e+00 
 2488.000  4.676886e+00 
 2489.000  4.673672e+00 
 2490.000  4.698096e+00 
 2491.000  4.778651e+00 
 2492.000  4.798210e+00 
 2493.000  4.722242e+00 
 2494.000  4.789511e+00 
 2495.000  4.737223e+00 
 2496.000  4.707577e+00 
 2497.000  5.092385e+00 
 2498.000  5.057815e+00 
 2499.000  5.081736e+00 
 2500.000  4.754702e+00 
 2501.000  4.129670e+00 
 2502.000  4.154255e+00 
 2503.000  4.110921e+00 
 2504.000  3.688459e+00 
 2505.000  3.730041e+00 
 2506.000  3.412899e+00 
 2507.000  2.387427e+00 
 2508.000  2.353816e+00 
 2509.000  2.344707e+00 
 2510.000  1.807689e+00 
 2511.000  1.818649e+00 
 2512.000  1.575249e+00 
 2513.000  9.973294e-01 
 2514.000  9.954850e-01 
 2515.000  9.906121e-01 
 2516.000  8.374012e-01 
 2517.000  8.302925e-01 
 2518.000  8.172923e-01 
 2519.000  4.002333e-01 
 2520.000  3.996051e-01 
 2521.000  4.002968e-01 
 2522.000  3.992381e-01 
 2523.000  2.616042e-01 
 2524.000  2.606662e-01 
 2525.000  2.000901e-01 
 2526.000  8.285423e-02 
 2527.000  8.232731e-02 
 2528.000  8.264679e-02 
 2529.000  4.593840e-02 
 2530.000  4.599287e-02 
 2531.000  4.610275e-02 
 2532.000  1.129355e-02 
 2533.000  1.118753e-02 
 2534.000  1.127226e-02 
 2535.000  7.270264e-03 
 2536.000  7.308837e-03 
 2537.000  7.235745e-03 
 2538.000  4.433950e-03 
 2539.000  9.982610e-04 
 2540.000  1.000413e-03 
 2541.000  1.005234e-03 
 2542.000  5.192978e-04 
 2543.000  5.401425e-04 
 2544.000  2.286943e-04 
 2545.000  8.373798e-05 
 2546.000  8.397829e-05 
 2547.000  8.187404e-05 
 2548.000  8.296106e-05 
 2549.000  8.439314e-05 
 2550.000  8.388961e-05 
 2551.000  3.407561e-05 
 2552.000  1.301152e-05 
 2553.000  1.287471e-05 
 2554.000  1.313703e-05 
 2555.000  1.011004e-05 
 2556.000  1.003065e-05 
 2557.000  3.476892e-06 
 2558.000  2.018618e-07 
 2559.000  2.028445e-07 
 2560.000  1.999883e-07 
 2561.000  2.243473e-08 
 2562.000  2.250844e-08 
 2563.000  2.267351e-08 
 2564.000  6.673998e-09 
 2565.000  0.000000e+00 
 2566.000  0.000000e+00 
 2567.000  0.000000e+00 
 2568.000  0.000000e+00 
 2569.000  0.000000e+00 
 2570.000  0.000000e+00 
 2571.000  0.000000e+00 
 2572.000  0.000000e+00 
 2573.000  0.000000e+00 
 2574.000  0.000000e+00 
 2575.000  0.000000e+00 
 2576.000  0.000000e+00 
 2577.000  0.000000e+00 
 2578.000  0.000000e+00 
 2579.000  0.000000e+00 
 2580.000  0.000000e+00 
 2581.000  0.000000e+00 
 2582.000  0.000000e+00 
 2583.000  0.000000e+00 
 2584.000  0.000000e+00 
 2585.000  0.000000e+00 
 2586.000  0.000000e+00 
 2587.000  0.000000e+00 
 2588.000  0.000000e+00 
 2589.000  0.000000e+00 
 2590.000  0.000000e+00 
 2591.000  0.000000e+00 
 2592.000  0.000000e+00 
 2593.000  0.000000e+00 
 2594.000  0.000000e+00 
 2595.000  0.000000e+00 
 2596.000  0.000000e+00 
 2597.000  0.000000e+00 
 2598.000  0.000000e+00 
 2599.000  0.000000e+00 
 2600.000  0.000000e+00 
 2601.000  0.000000e+00 
 2602.000  0.000000e+00 
 2603.000  0.000000e+00 
 2604.000  0.000000e+00 
 2605.000  0.000000e+00 
 2606.000  0.000000e+00 
 2607.000  0.000000e+00 
 2608.000  0.000000e+00 
 2609.000  0.000000e+00 
 2610.000  0.000000e+00 
 2611.000  0.000000e+00 
 2612.000  0.000000e+00 
 2613.000  0.000000e+00 
 2614.000  0.000000e+00 
 2615.000  0.000000e+00 
 2616.000  0.000000e+00 
 2617.000  0.000000e+00 
 2618.000  0.000000e+00 
 2619.000  0.000000e+00 
 2620.000  0.000000e+00 
 2621.000  0.000000e+00 
 2622.000  0.000000e+00 
 2623.000  0.000000e+00 
 2624.000  0.000000e+00 
 2625.000  0.000000e+00 
 2626.000  0.000000e+00 
 2627.000  0.000000e+00 
 2628.000  0.000000e+00 
 2629.000  0.000000e+00 
 2630.000  0.000000e+00 
 2631.000  0.000000e+00 
 2632.000  0.000000e+00 
 2633.000  0.000000e+00 
 2634.000  0.000000e+00 
 2635.000  0.000000e+00 
 2636.000  0.000000e+00 
 2637.000  0.000000e+00 
 2638.000  0.000000e+00 
 2639.000  0.000000e+00 
 2640.000  0.000000e+00 
 2641.000  0.000000e+00 
 2642.000  0.000000e+00 
 2643.000  0.000000e+00 
 2644.000  0.000000e+00 
 2645.000  0.000000e+00 
 2646.000  0.000000e+00 
 2647.000  0.000000e+00 
 2648.000  0.000000e+00 
 2649.000  0.000000e+00 
 2650.000  0.000000e+00 
 2651.000  0.000000e+00 
 2652.000  0.000000e+00 
 2653.000  0.000000e+00 
 2654.000  0.000000e+00 
 2655.000  0.000000e+00 
 2656.000  0.000000e+00 
 2657.000  0.000000e+00 
 2658.000  0.000000e+00 
 2659.000  0.000000e+00 
 2660.000  0.000000e+00 
 2661.000  0.000000e+00 
 2662.000  0.000000e+00 
 2663.000  0.000000e+00 
 2664.000  0.000000e+00 
 2665.000  0.000000e+00 
 2666.000  0.000000e+00 
 2667.000  0.000000e+00 
 2668.000  0.000000e+00 
 2669.000  0.000000e+00 
 2670.000  0.000000e+00 
 2671.000  0.000000e+00 
 2672.000  0.000000e+00 
 2673.000  0.000000e+00 
 2674.000  0.000000e+00 
 2675.000  0.000000e+00 
 2676.000  0.000000e+00 
 2677.000  0.000000e+00 
 2678.000  0.000000e+00 
 2679.000  0.000000e+00 
 2680.000  0.000000e+00 
 2681.000  0.000000e+00 
 2682.000  0.000000e+00 
 2683.000  0.000000e+00 
 2684.000  0.000000e+00 
 2685.000  0.000000e+00 
 2686.000  0.000000e+00 
 2687.000  0.000000e+00 
 2688.000  0.000000e+00 
 2689.000  0.000000e+00 
 2690.000  0.000000e+00 
 2691.000  0.000000e+00 
 2692.000  0.000000e+00 
 2693.000  0.000000e+00 
 2694.000  0.000000e+00 
 2695.000  0.000000e+00 
 2696.000  0.000000e+00 
 2697.000  0.000000e+00 
 2698.000  0.000000e+00 
 2699.000  0.000000e+00 
 2700.000  0.000000e+00 
 2701.000  0.000000e+00 
 2702.000  0.000000e+00 
 2703.000  0.000000e+00 
 2704.000  0.000000e+00 
 2705.000  0.000000e+00 
 2706.000  0.000000e+00 
 2707.000  0.000000e+00 
 2708.000  0.000000e+00 
 2709.000  0.000000e+00 
 2710.000  0.000000e+00 
 2711.000  0.000000e+00 
 2712.000  0.000000e+00 
 2713.000  0.000000e+00 
 2714.000  0.000000e+00 
 2715.000  0.000000e+00 
 2716.000  0.000000e+00 
 2717.000  0.000000e+00 
 2718.000  0.000000e+00 
 2719.000  0.000000e+00 
 2720.000  0.000000e+00 
 2721.000  0.000000e+00 
 2722.000  0.000000e+00 
 2723.000  0.000000e+00 
 2724.000  0.000000e+00 
 2725.000  0.000000e+00 
 2726.000  0.000000e+00 
 2727.000  0.000000e+00 
 2728.000  0.000000e+00 
 2729.000  0.000000e+00 
 2730.000  0.000000e+00 
 2731.000  0.000000e+00 
 2732.000  0.000000e+00 
 2733.000  0.000000e+00 
 2734.000  0.000000e+00 
 2735.000  0.000000e+00 
 2736.000  0.000000e+00 
 2737.000  0.000000e+00 
 2738.000  0.000000e+00 
 2739.000  0.000000e+00 
 2740.000  0.000000e+00 
 2741.000  0.000000e+00 
 2742.000  0.000000e+00 
 2743.000  0.000000e+00 
 2744.000  0.000000e+00 
 2745.000  0.000000e+00 
 2746.000  0.000000e+00 
 2747.000  0.000000e+00 
 2748.000  0.000000e+00 
 2749.000  0.000000e+00 
 2750.000  0.000000e+00 
 2751.000  0.000000e+00 
 2752.000  0.000000e+00 
 2753.000  0.000000e+00 
 2754.000  0.000000e+00 
 2755.000  0.000000e+00 
 2756.000  0.000000e+00 
 2757.000  0.000000e+00 
 2758.000  0.000000e+00 
 2759.000  0.000000e+00 
 2760.000  0.000000e+00 
 2761.000  0.000000e+00 
 2762.000  0.000000e+00 
 2763.000  0.000000e+00 
 2764.000  0.000000e+00 
 2765.000  0.000000e+00 
 2766.000  0.000000e+00 
 2767.000  0.000000e+00 
 2768.000  0.000000e+00 
 2769.000  0.000000e+00 
 2770.000  0.000000e+00 
 2771.000  0.000000e+00 
 2772.000  0.000000e+00 
 2773.000  0.000000e+00 
 2774.000  0.000000e+00 
 2775.000  0.000000e+00 
 2776.000  0.000000e+00 
 2777.000  0.000000e+00 
 2778.000  0.000000e+00 
 2779.000  0.000000e+00 
 2780.000  0.000000e+00 
 2781.000  0.000000e+00 
 2782.000  0.000000e+00 
 2783.000  0.000000e+00 
 2784.000  0.000000e+00 
 2785.000  0.000000e+00 
 2786.000  0.000000e+00 
 2787.000  0.000000e+00 
 2788.000  0.000000e+00 
 2789.000  0.000000e+00 
 2790.000  0.000000e+00 
 2791.000  0.000000e+00 
 2792.000  0.000000e+00 
 2793.000  0.000000e+00 
 2794.000  5.955732e-09 
 2795.000  5.963574e-09 
 2796.000  5.965691e-09 
 2797.000  5.973915e-09 
 2798.000  5.585685e-07 
 2799.000  5.585321e-07 
 2800.000  5.599174e-07 
 2801.000  9.721872e-07 
 2802.000  2.871575e-06 
 2803.000  2.864026e-06 
 2804.000  2.848665e-06 
 2805.000  2.871204e-06 
 2806.000  7.316253e-06 
 2807.000  7.284706e-06 
 2808.000  7.312010e-06 
 2809.000  5.486684e-05 
 2810.000  5.493798e-05 
 2811.000  5.485525e-05 
 2812.000  5.488676e-05 
 2813.000  1.754005e-04 
 2814.000  1.753248e-04 
 2815.000  1.755453e-04 
 2816.000  1.746017e-04 
 2817.000  9.709429e-04 
 2818.000  9.706446e-04 
 2819.000  9.688942e-04 
 2820.000  9.673449e-04 
 2821.000  2.135587e-03 
 2822.000  2.131375e-03 
 2823.000  2.129892e-03 
 2824.000  2.122231e-03 
 2825.000  5.936310e-03 
 2826.000  5.943564e-03 
 2827.000  5.929502e-03 
 2828.000  5.915897e-03 
 2829.000  7.169757e-03 
 2830.000  7.172371e-03 
 2831.000  7.154033e-03 
 2832.000  7.170692e-03 
 2833.000  1.325252e-02 
 2834.000  1.326633e-02 
 2835.000  1.325683e-02 
 2836.000  1.323586e-02 
 2837.000  1.486072e-02 
 2838.000  1.482958e-02 
 2839.000  1.485331e-02 
 2840.000  1.476776e-02 
 2841.000  2.505086e-02 
 2842.000  2.550046e-02 
 2843.000  2.538635e-02 
 2844.000  2.539232e-02 
 2845.000  2.798217e-02 
 2846.000  2.796035e-02 
 2847.000  2.791785e-02 
 2848.000  2.792299e-02 
 2849.000  3.288798e-02 
 2850.000  5.206270e-02 
 2851.000  5.204768e-02 
 2852.000  5.203735e-02 
 2853.000  5.229321e-02 
 2854.000  7.616948e-02 
 2855.000  7.650375e-02 
 2856.000  7.646821e-02 
 2857.000  8.587068e-02 
 2858.000  1.449705e-01 
 2859.000  1.444382e-01 
 2860.000  1.434392e-01 
 2861.000  1.444151e-01 
 2862.000  2.255457e-01 
 2863.000  2.252603e-01 
 2864.000  2.252074e-01 
 2865.000  2.532057e-01 
 2866.000  3.523272e-01 
 2867.000  3.508343e-01 
 2868.000  3.477452e-01 
 2869.000  3.493331e-01 
 2870.000  4.505398e-01 
 2871.000  4.525654e-01 
 2872.000  4.475242e-01 
 2873.000  4.794488e-01 
 2874.000  6.329336e-01 
 2875.000  6.364845e-01 
 2876.000  6.394984e-01 
 2877.000  6.403118e-01 
 2878.000  8.062289e-01 
 2879.000  8.060456e-01 
 2880.000  8.043047e-01 
 2881.000  8.047780e-01 
 2882.000  1.135012e+00 
 2883.000  1.136127e+00 
 2884.000  1.135017e+00 
 2885.000  1.131944e+00 
 2886.000  1.128686e+00 
 2887.000  1.232202e+00 
 2888.000  1.230814e+00 
 2889.000  1.224203e+00 
 2890.000  1.297016e+00 
 2891.000  1.454328e+00 
 2892.000  1.453219e+00 
 2893.000  1.450829e+00 
 2894.000  1.445135e+00 
 2895.000  1.449665e+00 
 2896.000  1.447150e+00 
 2897.000  1.447568e+00 
 2898.000  1.499443e+00 
 2899.000  1.464145e+00 
 2900.000  1.468177e+00 
 2901.000  1.463905e+00 
 2902.000  1.464841e+00 
 2903.000  1.661398e+00 
 2904.000  1.658621e+00 
 2905.000  1.658900e+00 
 2906.000  1.634539e+00 
 2907.000  1.903329e+00 
 2908.000  1.900953e+00 
 2909.000  1.900090e+00 
 2910.000  1.897229e+00 
 2911.000  1.894919e+00 
 2912.000  2.106235e+00 
 2913.000  2.099905e+00 
 2914.000  2.096151e+00 
 2915.000  2.142758e+00 
 2916.000  2.592466e+00 
 2917.000  2.613300e+00 
 2918.000  2.609372e+00 
 2919.000  2.606639e+00 
 2920.000  1.114389e+01 
 2921.000  1.113681e+01 
 2922.000  1.110539e+01 
 2923.000  1.101194e+01 
 2924.000  3.762819e+00 
 2925.000  3.803143e+00 
 2926.000  3.741548e+00 
 2927.000  3.797321e+00 
 2928.000  3.796641e+00 
 2929.000  3.998384e+00 
 2930.000  4.062316e+00 
 2931.000  4.058121e+00 
 2932.000  4.177110e+00 
 2933.000  4.155124e+00 
 2934.000  4.161701e+00 
 2935.000  4.142849e+00 
 2936.000  4.145631e+00 
 2937.000  3.863309e+00 
 2938.000  3.864735e+00 
 2939.000  3.841300e+00 
 2940.000  3.852164e+00 
 2941.000  3.910406e+00 
 2942.000  3.647779e+00 
 2943.000  3.596875e+00 
 2944.000  3.623478e+00 
 2945.000  3.625797e+00 
 2946.000  3.689696e+00 
 2947.000  3.618911e+00 
 2948.000  3.676510e+00 
 2949.000  3.731168e+00 
 2950.000  3.919905e+00 
 2951.000  3.910477e+00 
 2952.000  3.885996e+00 
 2953.000  3.909551e+00 
 2954.000  3.899325e+00 
 2955.000  4.002843e+00 
 2956.000  4.011877e+00 
 2957.000  4.006427e+00 
 2958.000  4.048158e+00 
 2959.000  3.852021e+00 
 2960.000  3.833387e+00 
 2961.000  3.823451e+00 
 2962.000  3.836431e+00 
 2963.000  3.158506e+00 
 2964.000  3.152118e+00 
 2965.000  3.152782e+00 
 2966.000  3.145892e+00 
 2967.000  3.170697e+00 
 2968.000  2.685110e+00 
 2969.000  2.677279e+00 
 2970.000  2.673568e+00 
 2971.000  2.668185e+00 
 2972.000  2.871038e+00 
 2973.000  2.869792e+00 
 2974.000  2.868168e+00 
 2975.000  2.863444e+00 
 2976.000  2.882441e+00 
 2977.000  3.581980e+00 
 2978.000  3.570128e+00 
 2979.000  3.540469e+00 
 2980.000  3.567098e+00 
 2981.000  4.631635e+00 
 2982.000  4.615687e+00 
 2983.000  4.620976e+00 
 2984.000  4.614644e+00 
 2985.000  4.640131e+00 
 2986.000  5.582638e+00 
 2987.000  5.573815e+00 
 2988.000  5.528608e+00 
 2989.000  5.557698e+00 
 2990.000  5.615592e+00 
 2991.000  5.634023e+00 
 2992.000  5.628133e+00 
 2993.000  5.619773e+00 
 2994.000  5.611175e+00 
 2995.000  5.559758e+00 
 2996.000  5.550334e+00 
 2997.000  5.448448e+00 
 2998.000  5.521709e+00 
 2999.000  5.285628e+00 
 3000.000  5.199478e+00 
 3001.000  5.280712e+00 
 3002.000  5.278965e+00 
 3003.000  5.288336e+00 
 3004.000  4.687754e+00 
 3005.000  4.689355e+00 
 3006.000  4.680512e+00 
 3007.000  4.679987e+00 
 3008.000  4.591998e+00 
 3009.000  4.600443e+00 
 3010.000  4.592436e+00 
 3011.000  4.601746e+00 
 3012.000  4.595466e+00 
 3013.000  4.358984e+00 
 3014.000  4.348486e+00 
 3015.000  4.327768e+00 
 3016.000  4.342056e+00 
 3017.000  4.012503e+00 
 3018.000  4.026002e+00 
 3019.000  4.024446e+00 
 3020.000  3.977636e+00 
 3021.000  3.986661e+00 
 3022.000  3.987988e+00 
 3023.000  3.977225e+00 
 3024.000  3.968608e+00 
 3025.000  3.960303e+00 
 3026.000  3.696096e+00 
 3027.000  3.683185e+00 
 3028.000  3.665381e+00 
 3029.000  3.679829e+00 
 3030.000  3.649999e+00 
 3031.000  3.261202e+00 
 3032.000  3.255642e+00 
 3033.000  3.193567e+00 
 3034.000  3.238133e+00 
 3035.000  2.861240e+00 
 3036.000  2.848671e+00 
 3037.000  2.830091e+00 
 3038.000  2.800475e+00 
 3039.000  2.739484e+00 
 3040.000  2.460590e+00 
 3041.000  2.525785e+00 
 3042.000  2.539488e+00 
 3043.000  2.548043e+00 
 3044.000  2.550142e+00 
 3045.000  2.329120e+00 
 3046.000  2.332786e+00 
 3047.000  2.337633e+00 
 3048.000  2.323967e+00 
 3049.000  2.316581e+00 
 3050.000  2.317778e+00 
 3051.000  2.315083e+00 
 3052.000  2.312255e+00 
 3053.000  2.308177e+00 
 3054.000  2.557339e+00 
 3055.000  2.529597e+00 
 3056.000  2.555587e+00 
 3057.000  2.549024e+00 
 3058.000  2.519717e+00 
 3059.000  2.795449e+00 
 3060.000  2.804038e+00 
 3061.000  2.803828e+00 
 3062.000  2.800036e+00 
 3063.000  3.017344e+00 
 3064.000  2.975334e+00 
 3065.000  2.982384e+00 
 3066.000  3.007236e+00 
 3067.000  2.983044e+00 
 3068.000  3.073170e+00 
 3069.000  3.118472e+00 
 3070.000  3.117097e+00 
 3071.000  3.108424e+00 
 3072.000  3.110501e+00 
 3073.000  3.132139e+00 
 3074.000  3.120738e+00 
 3075.000  3.128012e+00 
 3076.000  3.107781e+00 
 3077.000  2.725904e+00 
 3078.000  2.726525e+00 
 3079.000  2.720094e+00 
 3080.000  2.713966e+00 
 3081.000  2.700307e+00 
 3082.000  2.542287e+00 
 3083.000  2.537650e+00 
 3084.000  2.548604e+00 
 3085.000  2.545225e+00 
 3086.000  2.526631e+00 
 3087.000  2.318278e+00 
 3088.000  2.330462e+00 
 3089.000  2.329055e+00 
 3090.000  2.328444e+00 
 3091.000  2.303638e+00 
 3092.000  2.045267e+00 
 3093.000  2.044341e+00 
 3094.000  2.040638e+00 
 3095.000  2.036297e+00 
 3096.000  2.073582e+00 
 3097.000  2.065902e+00 
 3098.000  2.025645e+00 
 3099.000  2.058115e+00 
 3100.000  2.065309e+00 
 3101.000  2.136990e+00 
 3102.000  2.134279e+00 
 3103.000  2.134037e+00 
 3104.000  2.130913e+00 
 3105.000  2.128664e+00 
 3106.000  2.396008e+00 
 3107.000  2.385655e+00 
 3108.000  2.395298e+00 
 3109.000  2.390872e+00 
 3110.000  2.388248e+00 
 3111.000  2.868546e+00 
 3112.000  2.862172e+00 
 3113.000  2.844602e+00 
 3114.000  2.846701e+00 
 3115.000  2.761155e+00 
 3116.000  3.513519e+00 
 3117.000  3.658755e+00 
 3118.000  3.673703e+00 
 3119.000  3.658632e+00 
 3120.000  3.662521e+00 
 3121.000  4.034001e+00 
 3122.000  4.044336e+00 
 3123.000  4.051241e+00 
 3124.000  4.047534e+00 
 3125.000  4.050082e+00 
 3126.000  4.407632e+00 
 3127.000  4.385116e+00 
 3128.000  4.402113e+00 
 3129.000  4.360974e+00 
 3130.000  4.578617e+00 
 3131.000  4.551260e+00 
 3132.000  4.572243e+00 
 3133.000  4.561554e+00 
 3134.000  4.605289e+00 
 3135.000  4.336296e+00 
 3136.000  4.331126e+00 
 3137.000  4.328876e+00 
 3138.000  4.326807e+00 
 3139.000  4.311692e+00 
 3140.000  4.361844e+00 
 3141.000  4.372156e+00 
 3142.000  4.353731e+00 
 3143.000  4.361477e+00 
 3144.000  4.411436e+00 
 3145.000  4.933046e+00 
 3146.000  4.927218e+00 
 3147.000  4.886794e+00 
 3148.000  4.909352e+00 
 3149.000  4.910012e+00 
 3150.000  5.681694e+00 
 3151.000  5.663887e+00 
 3152.000  5.363519e+00 
 3153.000  5.659595e+00 
 3154.000  5.687690e+00 
 3155.000  6.697732e+00 
 3156.000  6.691633e+00 
 3157.000  6.673048e+00 
 3158.000  6.674228e+00 
 3159.000  6.664804e+00 
 3160.000  7.449904e+00 
 3161.000  7.432798e+00 
 3162.000  7.444440e+00 
 3163.000  7.423792e+00 
 3164.000  7.374836e+00 
 3165.000  7.474002e+00 
 3166.000  7.488723e+00 
 3167.000  7.460711e+00 
 3168.000  7.414178e+00 
 3169.000  7.447441e+00 
 3170.000  7.053798e+00 
 3171.000  7.217595e+00 
 3172.000  7.213912e+00 
 3173.000  7.212175e+00 
 3174.000  7.140697e+00 
 3175.000  6.538111e+00 
 3176.000  6.527849e+00 
 3177.000  6.523041e+00 
 3178.000  6.492486e+00 
 3179.000  6.486974e+00 
 3180.000  5.479396e+00 
 3181.000  5.388311e+00 
 3182.000  5.459741e+00 
 3183.000  5.452673e+00 
 3184.000  5.390040e+00 
 3185.000  4.038693e+00 
 3186.000  4.032702e+00 
 3187.000  4.022032e+00 
 3188.000  4.014646e+00 
 3189.000  4.018966e+00 
 3190.000  2.637008e+00 
 3191.000  2.633818e+00 
 3192.000  2.630686e+00 
 3193.000  2.626065e+00 
 3194.000  2.597840e+00 
 3195.000  1.521646e+00 
 3196.000  1.513263e+00 
 3197.000  1.517875e+00 
 3198.000  1.515080e+00 
 3199.000  1.515052e+00 
 3200.000  1.046281e+00 
 3201.000  1.020036e+00 
 3202.000  1.043213e+00 
 3203.000  1.044069e+00 
 3204.000  1.038985e+00 
 3205.000  1.029897e+00 
 3206.000  8.523596e-01 
 3207.000  8.512408e-01 
 3208.000  8.503025e-01 
 3209.000  8.493603e-01 
 3210.000  8.473786e-01 
 3211.000  8.667004e-01 
 3212.000  8.653161e-01 
 3213.000  8.648831e-01 
 3214.000  8.636904e-01 
 3215.000  8.402008e-01 
 3216.000  1.090523e+00 
 3217.000  1.089527e+00 
 3218.000  1.089791e+00 
 3219.000  1.087278e+00 
 3220.000  1.086716e+00 
 3221.000  1.389717e+00 
 3222.000  1.389878e+00 
 3223.000  1.384243e+00 
 3224.000  1.376826e+00 
 3225.000  1.381227e+00 
 3226.000  1.753888e+00 
 3227.000  1.757657e+00 
 3228.000  1.753593e+00 
 3229.000  1.748905e+00 
 3230.000  1.748278e+00 
 3231.000  1.748101e+00 
 3232.000  2.311429e+00 
 3233.000  2.308059e+00 
 3234.000  2.274469e+00 
 3235.000  2.306538e+00 
 3236.000  2.307511e+00 
 3237.000  2.645681e+00 
 3238.000  2.642531e+00 
 3239.000  2.635121e+00 
 3240.000  2.633684e+00 
 3241.000  2.627277e+00 
 3242.000  2.669518e+00 
 3243.000  2.634120e+00 
 3244.000  2.667804e+00 
 3245.000  2.661210e+00 
 3246.000  2.696164e+00 
 3247.000  2.842405e+00 
 3248.000  2.837961e+00 
 3249.000  2.832273e+00 
 3250.000  2.831514e+00 
 3251.000  2.829059e+00 
 3252.000  2.824264e+00 
 3253.000  2.629426e+00 
 3254.000  2.609949e+00 
 3255.000  2.612186e+00 
 3256.000  2.619688e+00 
 3257.000  2.642031e+00 
 3258.000  2.417637e+00 
 3259.000  2.420504e+00 
 3260.000  2.395183e+00 
 3261.000  2.415069e+00 
 3262.000  2.403500e+00 
 3263.000  2.636515e+00 
 3264.000  2.640555e+00 
 3265.000  2.640388e+00 
 3266.000  2.617579e+00 
 3267.000  2.651078e+00 
 3268.000  3.081484e+00 
 3269.000  3.066316e+00 
 3270.000  3.072787e+00 
 3271.000  3.064477e+00 
 3272.000  3.065875e+00 
 3273.000  3.056712e+00 
 3274.000  3.542676e+00 
 3275.000  3.537163e+00 
 3276.000  3.482947e+00 
 3277.000  3.526227e+00 
 3278.000  3.539707e+00 
 3279.000  3.999638e+00 
 3280.000  3.986885e+00 
 3281.000  3.934880e+00 
 3282.000  3.975118e+00 
 3283.000  3.969617e+00 
 3284.000  3.978118e+00 
 3285.000  3.894771e+00 
 3286.000  3.934650e+00 
 3287.000  3.931636e+00 
 3288.000  3.925586e+00 
 3289.000  3.939124e+00 
 3290.000  3.474164e+00 
 3291.000  3.432228e+00 
 3292.000  3.462569e+00 
 3293.000  3.452432e+00 
 3294.000  3.441833e+00 
 3295.000  2.934409e+00 
 3296.000  2.888233e+00 
 3297.000  2.817604e+00 
 3298.000  2.858842e+00 
 3299.000  2.926141e+00 
 3300.000  2.967826e+00 
 3301.000  2.539413e+00 
 3302.000  2.559054e+00 
 3303.000  2.557439e+00 
 3304.000  2.557036e+00 
 3305.000  2.554442e+00 
 3306.000  2.145544e+00 
 3307.000  2.151255e+00 
 3308.000  2.147230e+00 
 3309.000  2.146841e+00 
 3310.000  2.143239e+00 
 3311.000  2.134805e+00 
 3312.000  1.999936e+00 
 3313.000  1.991230e+00 
 3314.000  1.999479e+00 
 3315.000  1.995516e+00 
 3316.000  1.978928e+00 
 3317.000  2.347562e+00 
 3318.000  2.323112e+00 
 3319.000  2.332416e+00 
 3320.000  2.117738e+00 
 3321.000  2.325847e+00 
 3322.000  2.347382e+00 
 3323.000  3.008173e+00 
 3324.000  3.013910e+00 
 3325.000  2.988724e+00 
 3326.000  2.993118e+00 
 3327.000  2.998342e+00 
 3328.000  3.690560e+00 
 3329.000  3.690230e+00 
 3330.000  3.687688e+00 
 3331.000  3.661112e+00 
 3332.000  3.656536e+00 
 3333.000  3.704207e+00 
 3334.000  4.073110e+00 
 3335.000  4.060885e+00 
 3336.000  4.061129e+00 
 3337.000  4.043310e+00 
 3338.000  4.044399e+00 
 3339.000  4.128024e+00 
 3340.000  4.089320e+00 
 3341.000  4.061609e+00 
 3342.000  4.116016e+00 
 3343.000  4.107385e+00 
 3344.000  4.139034e+00 
 3345.000  4.191693e+00 
 3346.000  4.179402e+00 
 3347.000  4.184781e+00 
 3348.000  4.182529e+00 
 3349.000  4.175917e+00 
 3350.000  4.114313e+00 
 3351.000  4.123359e+00 
 3352.000  4.127183e+00 
 3353.000  4.060380e+00 
 3354.000  4.115374e+00 
 3355.000  4.137364e+00 
 3356.000  4.381649e+00 
 3357.000  4.370978e+00 
 3358.000  4.351814e+00 
 3359.000  4.368247e+00 
 3360.000  4.362049e+00 
 3361.000  4.352347e+00 
 3362.000  4.619494e+00 
 3363.000  4.619055e+00 
 3364.000  4.618228e+00 
 3365.000  4.592665e+00 
 3366.000  4.571221e+00 
 3367.000  4.603806e+00 
 3368.000  4.967952e+00 
 3369.000  4.932950e+00 
 3370.000  4.842412e+00 
 3371.000  4.945511e+00 
 3372.000  4.953797e+00 
 3373.000  5.296830e+00 
 3374.000  5.262186e+00 
 3375.000  5.304159e+00 
 3376.000  5.301271e+00 
 3377.000  5.280098e+00 
 3378.000  5.282147e+00 
 3379.000  5.621999e+00 
 3380.000  5.630745e+00 
 3381.000  5.608286e+00 
 3382.000  5.563424e+00 
 3383.000  5.569167e+00 
 3384.000  5.578047e+00 
 3385.000  5.818839e+00 
 3386.000  5.822779e+00 
 3387.000  5.815034e+00 
 3388.000  5.805557e+00 
 3389.000  5.811844e+00 
 3390.000  5.932240e+00 
 3391.000  5.925464e+00 
 3392.000  5.913210e+00 
 3393.000  5.905301e+00 
 3394.000  5.900388e+00 
 3395.000  5.888618e+00 
 3396.000  5.911823e+00 
 3397.000  5.719750e+00 
 3398.000  5.880452e+00 
 3399.000  5.787431e+00 
 3400.000  5.933404e+00 
 3401.000  5.640506e+00 
 3402.000  5.975064e+00 
 3403.000  5.974007e+00 
 3404.000  5.982291e+00 
 3405.000  5.971547e+00 
 3406.000  5.966987e+00 
 3407.000  5.926589e+00 
 3408.000  6.137304e+00 
 3409.000  6.037224e+00 
 3410.000  6.086815e+00 
 3411.000  6.116012e+00 
 3412.000  6.123487e+00 
 3413.000  6.340753e+00 
 3414.000  6.349293e+00 
 3415.000  6.252267e+00 
 3416.000  6.178339e+00 
 3417.000  6.324094e+00 
 3418.000  6.341095e+00 
 3419.000  6.492576e+00 
 3420.000  6.490849e+00 
 3421.000  6.478357e+00 
 3422.000  6.451115e+00 
 3423.000  6.466713e+00 
 3424.000  6.465294e+00 
 3425.000  6.614797e+00 
 3426.000  6.606823e+00 
 3427.000  6.435356e+00 
 3428.000  6.510559e+00 
 3429.000  6.565090e+00 
 3430.000  6.574920e+00 
 3431.000  6.551990e+00 
 3432.000  6.583938e+00 
 3433.000  6.563023e+00 
 3434.000  6.566801e+00 
 3435.000  6.542946e+00 
 3436.000  6.554598e+00 
 3437.000  6.545701e+00 
 3438.000  6.554472e+00 
 3439.000  6.547953e+00 
 3440.000  6.538415e+00 
 3441.000  6.534023e+00 
 3442.000  6.475987e+00 
 3443.000  6.582207e+00 
 3444.000  6.573249e+00 
 3445.000  6.554249e+00 
 3446.000  6.540681e+00 
 3447.000  6.550003e+00 
 3448.000  6.534550e+00 
 3449.000  6.592600e+00 
 3450.000  6.583146e+00 
 3451.000  6.585803e+00 
 3452.000  6.575276e+00 
 3453.000  6.568437e+00 
 3454.000  6.549376e+00 
 3455.000  6.632511e+00 
 3456.000  6.604174e+00 
 3457.000  6.614138e+00 
 3458.000  6.601505e+00 
 3459.000  6.607339e+00 
 3460.000  6.590976e+00 
 3461.000  6.644884e+00 
 3462.000  6.641205e+00 
 3463.000  6.635846e+00 
 3464.000  6.616471e+00 
 3465.000  6.616782e+00 
 3466.000  6.577993e+00 
 3467.000  6.576507e+00 
 3468.000  6.582796e+00 
 3469.000  6.576654e+00 
 3470.000  6.575113e+00 
 3471.000  6.517665e+00 
 3472.000  6.544146e+00 
 3473.000  6.503078e+00 
 3474.000  6.538165e+00 
 3475.000  6.527559e+00 
 3476.000  6.535780e+00 
 3477.000  6.465014e+00 
 3478.000  6.525027e+00 
 3479.000  6.540792e+00 
 3480.000  6.532493e+00 
 3481.000  6.511285e+00 
 3482.000  6.520478e+00 
 3483.000  6.510612e+00 
 3484.000  6.493512e+00 
 3485.000  6.534392e+00 
 3486.000  6.504733e+00 
 3487.000  6.521101e+00 
 3488.000  6.525726e+00 
 3489.000  6.517959e+00 
 3490.000  6.482210e+00 
 3491.000  6.587662e+00 
 3492.000  6.553792e+00 
 3493.000  6.572181e+00 
 3494.000  6.511397e+00 
 3495.000  6.557291e+00 
 3496.000  6.564460e+00 
 3497.000  6.612299e+00 
 3498.000  6.600590e+00 
 3499.000  6.596212e+00 
 3500.000  6.590315e+00 
 3501.000  6.522511e+00 
 3502.000  6.574204e+00 
 3503.000  6.586625e+00 
 3504.000  6.580980e+00 
 3505.000  6.573440e+00 
 3506.000  6.568059e+00 
 3507.000  6.559518e+00 
 3508.000  6.539459e+00 
 3509.000  6.496136e+00 
 3510.000  6.490380e+00 
 3511.000  6.484521e+00 
 3512.000  6.459001e+00 
 3513.000  6.466102e+00 
 3514.000  6.458596e+00 
 3515.000  6.342975e+00 
 3516.000  6.315541e+00 
 3517.000  6.324088e+00 
 3518.000  6.308526e+00 
 3519.000  6.309903e+00 
 3520.000  6.297631e+00 
 3521.000  6.302094e+00 
 3522.000  6.136763e+00 
 3523.000  6.123830e+00 
 3524.000  6.064150e+00 
 3525.000  6.128947e+00 
 3526.000  6.123650e+00 
 3527.000  6.106030e+00 
 3528.000  5.916539e+00 
 3529.000  5.909271e+00 
 3530.000  5.912140e+00 
 3531.000  5.874560e+00 
 3532.000  5.901504e+00 
 3533.000  5.895576e+00 
 3534.000  5.712974e+00 
 3535.000  5.691605e+00 
 3536.000  5.737114e+00 
 3537.000  5.729959e+00 
 3538.000  5.613329e+00 
 3539.000  5.680529e+00 
 3540.000  5.674135e+00 
 3541.000  5.682290e+00 
 3542.000  5.669796e+00 
 3543.000  5.665477e+00 
 3544.000  5.663123e+00 
 3545.000  5.648423e+00 
 3546.000  5.645296e+00 
 3547.000  5.635527e+00 
 3548.000  5.622207e+00 
 3549.000  5.622821e+00 
 3550.000  5.617937e+00 
 3551.000  5.609725e+00 
 3552.000  5.604363e+00 
 3553.000  5.636631e+00 
 3554.000  5.638846e+00 
 3555.000  5.597260e+00 
 3556.000  5.489086e+00 
 3557.000  5.621307e+00 
 3558.000  5.610962e+00 
 3559.000  5.629313e+00 
 3560.000  5.501548e+00 
 3561.000  5.604981e+00 
 3562.000  5.615184e+00 
 3563.000  5.606733e+00 
 3564.000  5.582232e+00 
 3565.000  5.596857e+00 
 3566.000  5.510175e+00 
 3567.000  5.506597e+00 
 3568.000  5.502685e+00 
 3569.000  5.489180e+00 
 3570.000  5.478006e+00 
 3571.000  5.353990e+00 
 3572.000  5.465993e+00 
 3573.000  5.466078e+00 
 3574.000  5.455119e+00 
 3575.000  5.451443e+00 
 3576.000  5.449761e+00 
 3577.000  5.434229e+00 
 3578.000  5.457750e+00 
 3579.000  5.452026e+00 
 3580.000  5.371581e+00 
 3581.000  5.427343e+00 
 3582.000  5.426449e+00 
 3583.000  5.432155e+00 
 3584.000  5.361256e+00 
 3585.000  5.456845e+00 
 3586.000  5.456115e+00 
 3587.000  5.449587e+00 
 3588.000  5.455755e+00 
 3589.000  5.446286e+00 
 3590.000  5.445591e+00 
 3591.000  5.576812e+00 
 3592.000  5.575299e+00 
 3593.000  5.553863e+00 
 3594.000  5.555789e+00 
 3595.000  5.561377e+00 
 3596.000  5.491820e+00 
 3597.000  5.495012e+00 
 3598.000  5.681806e+00 
 3599.000  5.650249e+00 
 3600.000  5.660008e+00 
 3601.000  5.641138e+00 
 3602.000  5.659283e+00 
 3603.000  5.645727e+00 
 3604.000  5.730322e+00 
 3605.000  5.716909e+00 
 3606.000  5.722353e+00 
 3607.000  5.705370e+00 
 3608.000  5.707839e+00 
 3609.000  5.696690e+00 
 3610.000  5.684975e+00 
 3611.000  5.810419e+00 
 3612.000  5.798784e+00 
 3613.000  5.793464e+00 
 3614.000  5.791447e+00 
 3615.000  5.785106e+00 
 3616.000  5.776495e+00 
 3617.000  5.882370e+00 
 3618.000  5.875955e+00 
 3619.000  5.868781e+00 
 3620.000  5.862150e+00 
 3621.000  5.854031e+00 
 3622.000  5.852901e+00 
 3623.000  5.844091e+00 
 3624.000  5.881093e+00 
 3625.000  5.876204e+00 
 3626.000  5.880061e+00 
 3627.000  5.874927e+00 
 3628.000  5.867641e+00 
 3629.000  5.846946e+00 
 3630.000  5.918554e+00 
 3631.000  5.946154e+00 
 3632.000  5.946801e+00 
 3633.000  5.937610e+00 
 3634.000  5.931155e+00 
 3635.000  5.928639e+00 
 3636.000  5.910380e+00 
 3637.000  5.952925e+00 
 3638.000  5.970881e+00 
 3639.000  5.967332e+00 
 3640.000  5.938854e+00 
 3641.000  5.956180e+00 
 3642.000  5.944025e+00 
 3643.000  5.905670e+00 
 3644.000  5.812186e+00 
 3645.000  5.841816e+00 
 3646.000  5.886738e+00 
 3647.000  5.870306e+00 
 3648.000  5.869452e+00 
 3649.000  5.847189e+00 
 3650.000  5.761449e+00 
 3651.000  5.749300e+00 
 3652.000  5.734218e+00 
 3653.000  5.612728e+00 
 3654.000  5.618277e+00 
 3655.000  5.707969e+00 
 3656.000  5.712974e+00 
 3657.000  5.494407e+00 
 3658.000  5.478504e+00 
 3659.000  5.399758e+00 
 3660.000  5.412755e+00 
 3661.000  5.478859e+00 
 3662.000  5.458946e+00 
 3663.000  5.454525e+00 
 3664.000  5.176367e+00 
 3665.000  5.172649e+00 
 3666.000  5.166192e+00 
 3667.000  5.161500e+00 
 3668.000  5.081873e+00 
 3669.000  5.147007e+00 
 3670.000  5.028870e+00 
 3671.000  4.929566e+00 
 3672.000  5.010740e+00 
 3673.000  5.006580e+00 
 3674.000  5.007557e+00 
 3675.000  5.000913e+00 
 3676.000  4.995893e+00 
 3677.000  5.014635e+00 
 3678.000  5.104831e+00 
 3679.000  4.933419e+00 
 3680.000  5.108423e+00 
 3681.000  5.105635e+00 
 3682.000  5.034323e+00 
 3683.000  4.892023e+00 
 3684.000  5.234181e+00 
 3685.000  5.296835e+00 
 3686.000  5.308544e+00 
 3687.000  5.284703e+00 
 3688.000  5.297063e+00 
 3689.000  5.272323e+00 
 3690.000  5.246958e+00 
 3691.000  5.495142e+00 
 3692.000  5.486444e+00 
 3693.000  5.502786e+00 
 3694.000  5.486507e+00 
 3695.000  5.458335e+00 
 3696.000  5.451617e+00 
 3697.000  5.550619e+00 
 3698.000  5.552547e+00 
 3699.000  5.378066e+00 
 3700.000  5.404647e+00 
 3701.000  5.452097e+00 
 3702.000  5.498899e+00 
 3703.000  5.606431e+00 
 3704.000  5.615397e+00 
 3705.000  5.498435e+00 
 3706.000  5.567099e+00 
 3707.000  5.528819e+00 
 3708.000  5.567623e+00 
 3709.000  5.451871e+00 
 3710.000  5.574332e+00 
 3711.000  5.506622e+00 
 3712.000  5.460117e+00 
 3713.000  5.530959e+00 
 3714.000  5.500996e+00 
 3715.000  5.461998e+00 
 3716.000  5.508027e+00 
 3717.000  5.519930e+00 
 3718.000  5.503392e+00 
 3719.000  5.482942e+00 
 3720.000  5.504873e+00 
 3721.000  5.450581e+00 
 3722.000  5.456915e+00 
 3723.000  5.485264e+00 
 3724.000  5.480070e+00 
 3725.000  5.398305e+00 
 3726.000  5.420035e+00 
 3727.000  5.399393e+00 
 3728.000  5.402671e+00 
 3729.000  5.375450e+00 
 3730.000  5.392398e+00 
 3731.000  5.378975e+00 
 3732.000  5.342752e+00 
 3733.000  5.349417e+00 
 3734.000  5.341833e+00 
 3735.000  5.277933e+00 
 3736.000  5.241801e+00 
 3737.000  5.281089e+00 
 3738.000  5.217744e+00 
 3739.000  5.091760e+00 
 3740.000  5.013848e+00 
 3741.000  4.968820e+00 
 3742.000  5.157244e+00 
 3743.000  5.218821e+00 
 3744.000  5.207669e+00 
 3745.000  5.047120e+00 
 3746.000  4.958705e+00 
 3747.000  5.062596e+00 
 3748.000  5.191785e+00 
 3749.000  5.175063e+00 
 3750.000  5.150608e+00 
 3751.000  5.142646e+00 
 3752.000  5.182517e+00 
 3753.000  5.012580e+00 
 3754.000  5.080312e+00 
 3755.000  5.109134e+00 
 3756.000  5.135174e+00 
 3757.000  5.120997e+00 
 3758.000  5.085821e+00 
 3759.000  5.097588e+00 
 3760.000  5.109503e+00 
 3761.000  5.132823e+00 
 3762.000  5.091172e+00 
 3763.000  5.016598e+00 
 3764.000  5.104101e+00 
 3765.000  5.085279e+00 
 3766.000  5.098664e+00 
 3767.000  5.097328e+00 
 3768.000  5.072558e+00 
 3769.000  5.061111e+00 
 3770.000  5.069187e+00 
 3771.000  5.037157e+00 
 3772.000  5.066402e+00 
 3773.000  4.995407e+00 
 3774.000  5.071227e+00 
 3775.000  5.088046e+00 
 3776.000  4.993634e+00 
 3777.000  4.982883e+00 
 3778.000  5.068227e+00 
 3779.000  5.049486e+00 
 3780.000  5.032360e+00 
 3781.000  5.060441e+00 
 3782.000  5.022716e+00 
 3783.000  5.075123e+00 
 3784.000  5.061357e+00 
 3785.000  5.061028e+00 
 3786.000  5.046790e+00 
 3787.000  4.929333e+00 
 3788.000  5.058857e+00 
 3789.000  5.055757e+00 
 3790.000  5.060252e+00 
 3791.000  4.968542e+00 
 3792.000  5.027245e+00 
 3793.000  4.973829e+00 
 3794.000  5.038174e+00 
 3795.000  5.012632e+00 
 3796.000  5.083159e+00 
 3797.000  5.086422e+00 
 3798.000  5.064297e+00 
 3799.000  5.030959e+00 
 3800.000  4.975029e+00 
 3801.000  5.072143e+00 
 3802.000  5.053720e+00 
 3803.000  5.089530e+00 
 3804.000  5.070290e+00 
 3805.000  5.073141e+00 
 3806.000  5.060779e+00 
 3807.000  4.995494e+00 
 3808.000  5.027112e+00 
 3809.000  5.042841e+00 
 3810.000  5.053761e+00 
 3811.000  5.075805e+00 
 3812.000  5.088095e+00 
 3813.000  5.053453e+00 
 3814.000  5.071665e+00 
 3815.000  5.070419e+00 
 3816.000  5.023055e+00 
 3817.000  5.059070e+00 
 3818.000  5.023529e+00 
 3819.000  5.097946e+00 
 3820.000  5.100656e+00 
 3821.000  5.098277e+00 
 3822.000  5.091607e+00 
 3823.000  5.066007e+00 
 3824.000  5.071923e+00 
 3825.000  5.058394e+00 
 3826.000  5.059264e+00 
 3827.000  5.056137e+00 
 3828.000  5.038846e+00 
 3829.000  5.039861e+00 
 3830.000  5.040890e+00 
 3831.000  5.030865e+00 
 3832.000  4.994917e+00 
 3833.000  4.964046e+00 
 3834.000  4.981545e+00 
 3835.000  4.943452e+00 
 3836.000  4.905043e+00 
 3837.000  4.944671e+00 
 3838.000  4.962695e+00 
 3839.000  4.920929e+00 
 3840.000  4.916794e+00 
 3841.000  4.911684e+00 
 3842.000  4.902579e+00 
 3843.000  4.897411e+00 
 3844.000  4.891675e+00 
 3845.000  4.889583e+00 
 3846.000  4.892650e+00 
 3847.000  4.801143e+00 
 3848.000  4.799198e+00 
 3849.000  4.794159e+00 
 3850.000  4.768737e+00 
 3851.000  4.776314e+00 
 3852.000  4.776683e+00 
 3853.000  4.758052e+00 
 3854.000  4.679520e+00 
 3855.000  4.675635e+00 
 3856.000  4.670680e+00 
 3857.000  4.661850e+00 
 3858.000  4.651623e+00 
 3859.000  4.628554e+00 
 3860.000  4.616968e+00 
 3861.000  4.641391e+00 
 3862.000  4.557953e+00 
 3863.000  4.448908e+00 
 3864.000  4.515816e+00 
 3865.000  4.531540e+00 
 3866.000  4.539754e+00 
 3867.000  4.486744e+00 
 3868.000  4.512523e+00 
 3869.000  4.421509e+00 
 3870.000  4.446539e+00 
 3871.000  4.422710e+00 
 3872.000  4.364516e+00 
 3873.000  4.434274e+00 
 3874.000  4.427770e+00 
 3875.000  4.417707e+00 
 3876.000  4.418599e+00 
 3877.000  4.414322e+00 
 3878.000  4.409125e+00 
 3879.000  4.402214e+00 
 3880.000  4.399432e+00 
 3881.000  4.391624e+00 
 3882.000  4.376413e+00 
 3883.000  4.371890e+00 
 3884.000  4.411508e+00 
 3885.000  4.291380e+00 
 3886.000  4.352729e+00 
 3887.000  4.401089e+00 
 3888.000  4.401003e+00 
 3889.000  4.400060e+00 
 3890.000  4.385734e+00 
 3891.000  4.380659e+00 
 3892.000  4.436203e+00 
 3893.000  4.434931e+00 
 3894.000  4.416957e+00 
 3895.000  4.427804e+00 
 3896.000  4.407747e+00 
 3897.000  4.361671e+00 
 3898.000  4.341692e+00 
 3899.000  4.438772e+00 
 3900.000  4.407407e+00 
 3901.000  4.428339e+00 
 3902.000  4.427178e+00 
 3903.000  4.415402e+00 
 3904.000  4.419812e+00 
 3905.000  4.414534e+00 
 3906.000  4.398101e+00 
 3907.000  4.418711e+00 
 3908.000  4.407671e+00 
 3909.000  4.410029e+00 
 3910.000  4.406907e+00 
 3911.000  4.404190e+00 
 3912.000  4.401498e+00 
 3913.000  4.395082e+00 
 3914.000  4.406455e+00 
 3915.000  4.414079e+00 
 3916.000  4.402449e+00 
 3917.000  4.401222e+00 
 3918.000  4.390821e+00 
 3919.000  4.382724e+00 
 3920.000  4.396004e+00 
 3921.000  4.374824e+00 
 3922.000  4.420881e+00 
 3923.000  4.420056e+00 
 3924.000  4.415650e+00 
 3925.000  4.415694e+00 
 3926.000  4.400542e+00 
 3927.000  4.401904e+00 
 3928.000  4.408635e+00 
 3929.000  4.404135e+00 
 3930.000  4.460992e+00 
 3931.000  4.458078e+00 
 3932.000  4.435336e+00 
 3933.000  4.446449e+00 
 3934.000  4.391264e+00 
 3935.000  4.420676e+00 
 3936.000  4.440585e+00 
 3937.000  4.438141e+00 
 3938.000  4.478350e+00 
 3939.000  4.497776e+00 
 3940.000  4.493969e+00 
 3941.000  4.487905e+00 
 3942.000  4.487149e+00 
 3943.000  4.484822e+00 
 3944.000  4.446883e+00 
 3945.000  4.583511e+00 
 3946.000  4.569679e+00 
 3947.000  4.570158e+00 
 3948.000  4.546701e+00 
 3949.000  4.560078e+00 
 3950.000  4.511043e+00 
 3951.000  4.542939e+00 
 3952.000  4.397487e+00 
 3953.000  4.545590e+00 
 3954.000  4.540823e+00 
 3955.000  4.533288e+00 
 3956.000  4.491878e+00 
 3957.000  4.500489e+00 
 3958.000  4.462235e+00 
 3959.000  4.472518e+00 
 3960.000  4.520465e+00 
 3961.000  4.532765e+00 
 3962.000  4.492095e+00 
 3963.000  4.526216e+00 
 3964.000  4.504449e+00 
 3965.000  4.501029e+00 
 3966.000  4.505395e+00 
 3967.000  4.500919e+00 
 3968.000  4.509466e+00 
 3969.000  4.484978e+00 
 3970.000  4.471361e+00 
 3971.000  4.452918e+00 
 3972.000  4.475826e+00 
 3973.000  4.434703e+00 
 3974.000  4.450891e+00 
 3975.000  4.464342e+00 
 3976.000  4.461355e+00 
 3977.000  4.387722e+00 
 3978.000  4.406202e+00 
 3979.000  4.391206e+00 
 3980.000  4.395947e+00 
 3981.000  4.405286e+00 
 3982.000  4.395750e+00 
 3983.000  4.376502e+00 
 3984.000  4.374404e+00 
 3985.000  4.328312e+00 
 3986.000  4.232054e+00 
 3987.000  4.352478e+00 
 3988.000  4.356646e+00 
 3989.000  4.326743e+00 
 3990.000  4.324621e+00 
 3991.000  4.261416e+00 
 3992.000  4.313066e+00 
 3993.000  4.227773e+00 
 3994.000  4.221484e+00 
 3995.000  4.196211e+00 
 3996.000  4.125775e+00 
 3997.000  4.233690e+00 
 3998.000  4.210601e+00 
 3999.000  4.131124e+00 
 4000.000  4.171885e+00 
