  290.000  0.000000e+00 
  291.000  2.141522e-06 
  292.000  2.820768e-05 
  293.000  9.068470e-05 
  294.000  6.196660e-04 
  295.000  1.833146e-03 
  296.000  1.112581e-02 
  297.000  1.599129e-02 
  298.000  8.761992e-02 
  299.000  1.708570e-01 
  300.000  3.257359e-01 
  301.000  9.494740e-01 
  302.000  1.110237e+00 
  303.000  3.074339e+00 
  304.000  3.662270e+00 
  305.000  6.949266e+00 
  306.000  7.924720e+00 
  307.000  1.205632e+01 
  308.000  1.599009e+01 
  309.000  1.756204e+01 
  310.000  2.003163e+01 
  311.000  3.962407e+01 
  312.000  3.454889e+01 
  313.000  4.512686e+01 
  314.000  4.736457e+01 
  315.000  5.780062e+01 
  316.000  4.611527e+01 
  317.000  6.816673e+01 
  318.000  6.769543e+01 
  319.000  7.736093e+01 
  320.000  7.652469e+01 
  321.000  9.589391e+01 
  322.000  8.641193e+01 
  323.000  7.702002e+01 
  324.000  9.859586e+01 
  325.000  1.118497e+02 
  326.000  1.566904e+02 
  327.000  1.612203e+02 
  328.000  1.362512e+02 
  329.000  1.640930e+02 
  330.000  1.750479e+02 
  331.000  1.449318e+02 
  332.000  1.621769e+02 
  333.000  1.869609e+02 
  334.000  1.594085e+02 
  335.000  1.744732e+02 
  336.000  1.334430e+02 
  337.000  1.298797e+02 
  338.000  1.611148e+02 
  339.000  1.649088e+02 
  340.000  1.886280e+02 
  341.000  1.618234e+02 
  342.000  1.724213e+02 
  343.000  1.758826e+02 
  344.000  1.614951e+02 
  345.000  2.107928e+02 
  346.000  2.373454e+02 
  347.000  2.291287e+02 
  348.000  2.188683e+02 
  349.000  2.433754e+02 
  350.000  2.522627e+02 
  351.000  2.428173e+02 
  352.000  2.522173e+02 
  353.000  2.331543e+02 
  354.000  2.727017e+02 
  355.000  2.799490e+02 
  356.000  2.680744e+02 
  357.000  1.735046e+02 
  358.000  1.908607e+02 
  359.000  1.943575e+02 
  360.000  2.917923e+02 
  361.000  2.341282e+02 
  362.000  2.599118e+02 
  363.000  2.797079e+02 
  364.000  2.824024e+02 
  365.000  2.674270e+02 
  366.000  3.711532e+02 
  367.000  3.357560e+02 
  368.000  3.200548e+02 
  369.000  3.111349e+02 
  370.000  3.615909e+02 
  371.000  2.917688e+02 
  372.000  3.102407e+02 
  373.000  3.122314e+02 
  374.000  2.441316e+02 
  375.000  2.257016e+02 
  376.000  3.257699e+02 
  377.000  3.362042e+02 
  378.000  4.383918e+02 
  379.000  3.401604e+02 
  380.000  3.210576e+02 
  381.000  3.631255e+02 
  382.000  2.732988e+02 
  383.000  1.917686e+02 
  384.000  2.123540e+02 
  385.000  3.214005e+02 
  386.000  2.508314e+02 
  387.000  2.893712e+02 
  388.000  2.879692e+02 
  389.000  3.295455e+02 
  390.000  4.011808e+02 
  391.000  4.505464e+02 
  392.000  4.018904e+02 
  393.000  2.162344e+02 
  394.000  2.401213e+02 
  395.000  4.044438e+02 
  396.000  4.176577e+02 
  397.000  1.705286e+02 
  398.000  4.785995e+02 
  399.000  5.756022e+02 
  400.000  5.671714e+02 
  401.000  5.649465e+02 
  402.000  5.999764e+02 
  403.000  5.630729e+02 
  404.000  6.062786e+02 
  405.000  5.570596e+02 
  406.000  5.538896e+02 
  407.000  5.404407e+02 
  408.000  5.865279e+02 
  409.000  6.503420e+02 
  410.000  5.446346e+02 
  411.000  6.406110e+02 
  412.000  6.648381e+02 
  413.000  6.290163e+02 
  414.000  6.182810e+02 
  415.000  6.603920e+02 
  416.000  6.573167e+02 
  417.000  6.382166e+02 
  418.000  6.251874e+02 
  419.000  6.413842e+02 
  420.000  5.436015e+02 
  421.000  6.819601e+02 
  422.000  6.542898e+02 
  423.000  5.532779e+02 
  424.000  6.093231e+02 
  425.000  6.318318e+02 
  426.000  6.080875e+02 
  427.000  5.855966e+02 
  428.000  5.936472e+02 
  429.000  5.406902e+02 
  430.000  4.319385e+02 
  431.000  3.887735e+02 
  432.000  7.005477e+02 
  433.000  6.242469e+02 
  434.000  5.939379e+02 
  435.000  6.468538e+02 
  436.000  7.179907e+02 
  437.000  7.256433e+02 
  438.000  6.506653e+02 
  439.000  6.302453e+02 
  440.000  7.070572e+02 
  441.000  7.054334e+02 
  442.000  7.436605e+02 
  443.000  7.493289e+02 
  444.000  7.451464e+02 
  445.000  7.845217e+02 
  446.000  6.989670e+02 
  447.000  7.978951e+02 
  448.000  8.118942e+02 
  449.000  8.181285e+02 
  450.000  8.366781e+02 
  451.000  9.049666e+02 
  452.000  8.419651e+02 
  453.000  7.821995e+02 
  454.000  8.346024e+02 
  455.000  8.410911e+02 
  456.000  8.621248e+02 
  457.000  8.676036e+02 
  458.000  8.529759e+02 
  459.000  8.534928e+02 
  460.000  8.466730e+02 
  461.000  8.779927e+02 
  462.000  8.642972e+02 
  463.000  8.651102e+02 
  464.000  8.685576e+02 
  465.000  8.564511e+02 
  466.000  8.841584e+02 
  467.000  8.534933e+02 
  468.000  9.040375e+02 
  469.000  8.965544e+02 
  470.000  8.846182e+02 
  471.000  8.834070e+02 
  472.000  8.945578e+02 
  473.000  8.851239e+02 
  474.000  8.925190e+02 
  475.000  9.288116e+02 
  476.000  9.004100e+02 
  477.000  8.923055e+02 
  478.000  9.366827e+02 
  479.000  8.944463e+02 
  480.000  9.123465e+02 
  481.000  9.070467e+02 
  482.000  9.262944e+02 
  483.000  9.275214e+02 
  484.000  8.920912e+02 
  485.000  8.989044e+02 
  486.000  7.290449e+02 
  487.000  8.196793e+02 
  488.000  8.902888e+02 
  489.000  8.278693e+02 
  490.000  9.427915e+02 
  491.000  8.824954e+02 
  492.000  8.483124e+02 
  493.000  9.139159e+02 
  494.000  8.831581e+02 
  495.000  9.443757e+02 
  496.000  9.199879e+02 
  497.000  8.926611e+02 
  498.000  8.717896e+02 
  499.000  8.699004e+02 
  500.000  8.662818e+02 
  501.000  8.470633e+02 
  502.000  8.417112e+02 
  503.000  8.920947e+02 
  504.000  8.301923e+02 
  505.000  8.956385e+02 
  506.000  9.590618e+02 
  507.000  8.925640e+02 
  508.000  8.561935e+02 
  509.000  9.234930e+02 
  510.000  8.950244e+02 
  511.000  8.954769e+02 
  512.000  9.400414e+02 
  513.000  8.605198e+02 
  514.000  8.426222e+02 
  515.000  8.603906e+02 
  516.000  9.038910e+02 
  517.000  6.659001e+02 
  518.000  8.245004e+02 
  519.000  7.812089e+02 
  520.000  8.601656e+02 
  521.000  8.607119e+02 
  522.000  8.949235e+02 
  523.000  8.337203e+02 
  524.000  9.046001e+02 
  525.000  8.974093e+02 
  526.000  8.552788e+02 
  527.000  7.471534e+02 
  528.000  8.973535e+02 
  529.000  9.228499e+02 
  530.000  8.720293e+02 
  531.000  9.492188e+02 
  532.000  9.055724e+02 
  533.000  7.954416e+02 
  534.000  8.650516e+02 
  535.000  8.826670e+02 
  536.000  9.366691e+02 
  537.000  8.690679e+02 
  538.000  9.098029e+02 
  539.000  9.068729e+02 
  540.000  8.875692e+02 
  541.000  8.139585e+02 
  542.000  9.080582e+02 
  543.000  8.686816e+02 
  544.000  9.163375e+02 
  545.000  9.027878e+02 
  546.000  8.828097e+02 
  547.000  9.204202e+02 
  548.000  8.541067e+02 
  549.000  8.989918e+02 
  550.000  8.794564e+02 
  551.000  8.742706e+02 
  552.000  9.122979e+02 
  553.000  8.768827e+02 
  554.000  9.058710e+02 
  555.000  9.087639e+02 
  556.000  8.840478e+02 
  557.000  8.581232e+02 
  558.000  8.910381e+02 
  559.000  8.425206e+02 
  560.000  8.465015e+02 
  561.000  9.306311e+02 
  562.000  8.545209e+02 
  563.000  8.942724e+02 
  564.000  8.819166e+02 
  565.000  8.925809e+02 
  566.000  8.230529e+02 
  567.000  8.830142e+02 
  568.000  8.811099e+02 
  569.000  8.642927e+02 
  570.000  8.683590e+02 
  571.000  8.369668e+02 
  572.000  8.849074e+02 
  573.000  8.939025e+02 
  574.000  8.889322e+02 
  575.000  8.672841e+02 
  576.000  8.518539e+02 
  577.000  8.875863e+02 
  578.000  8.621613e+02 
  579.000  8.565601e+02 
  580.000  8.877810e+02 
  581.000  8.736403e+02 
  582.000  8.883425e+02 
  583.000  8.959318e+02 
  584.000  8.942912e+02 
  585.000  8.896242e+02 
  586.000  8.523636e+02 
  587.000  8.869223e+02 
  588.000  8.801047e+02 
  589.000  7.823818e+02 
  590.000  8.176141e+02 
  591.000  8.682446e+02 
  592.000  8.528154e+02 
  593.000  8.609695e+02 
  594.000  8.697287e+02 
  595.000  8.545598e+02 
  596.000  8.746677e+02 
  597.000  8.778848e+02 
  598.000  8.595666e+02 
  599.000  8.597757e+02 
  600.000  8.593786e+02 
  601.000  8.544522e+02 
  602.000  8.451736e+02 
  603.000  8.505815e+02 
  604.000  8.781104e+02 
  605.000  8.764876e+02 
  606.000  8.669046e+02 
  607.000  8.626075e+02 
  608.000  8.600488e+02 
  609.000  8.518029e+02 
  610.000  8.387352e+02 
  611.000  8.529363e+02 
  612.000  8.424040e+02 
  613.000  8.306484e+02 
  614.000  8.011764e+02 
  615.000  8.400883e+02 
  616.000  7.992561e+02 
  617.000  8.042434e+02 
  618.000  8.426179e+02 
  619.000  8.352816e+02 
  620.000  8.479896e+02 
  621.000  8.629051e+02 
  622.000  8.176430e+02 
  623.000  8.242257e+02 
  624.000  8.253162e+02 
  625.000  8.031153e+02 
  626.000  8.073933e+02 
  627.000  8.210873e+02 
  628.000  8.004965e+02 
  629.000  8.280947e+02 
  630.000  8.005173e+02 
  631.000  8.317743e+02 
  632.000  7.772346e+02 
  633.000  8.351437e+02 
  634.000  8.113733e+02 
  635.000  8.275099e+02 
  636.000  7.993277e+02 
  637.000  8.266898e+02 
  638.000  8.403062e+02 
  639.000  8.343377e+02 
  640.000  8.089496e+02 
  641.000  8.214597e+02 
  642.000  8.123112e+02 
  643.000  8.273827e+02 
  644.000  8.185408e+02 
  645.000  8.265629e+02 
  646.000  7.966190e+02 
  647.000  8.086600e+02 
  648.000  8.083524e+02 
  649.000  8.244151e+02 
  650.000  7.634374e+02 
  651.000  8.228659e+02 
  652.000  8.084067e+02 
  653.000  8.238992e+02 
  654.000  8.139214e+02 
  655.000  7.933036e+02 
  656.000  6.737949e+02 
  657.000  7.193293e+02 
  658.000  8.011234e+02 
  659.000  8.032454e+02 
  660.000  8.099321e+02 
  661.000  8.136573e+02 
  662.000  8.256631e+02 
  663.000  8.169239e+02 
  664.000  8.043585e+02 
  665.000  8.082993e+02 
  666.000  8.184532e+02 
  667.000  8.026092e+02 
  668.000  8.075594e+02 
  669.000  8.195786e+02 
  670.000  8.101904e+02 
  671.000  8.020208e+02 
  672.000  7.998252e+02 
  673.000  8.059720e+02 
  674.000  8.079517e+02 
  675.000  7.960149e+02 
  676.000  8.114426e+02 
  677.000  7.956816e+02 
  678.000  8.092240e+02 
  679.000  7.981591e+02 
  680.000  7.923843e+02 
  681.000  7.936118e+02 
  682.000  7.922466e+02 
  683.000  7.978840e+02 
  684.000  7.839651e+02 
  685.000  7.931327e+02 
  686.000  7.574913e+02 
  687.000  6.612106e+02 
  688.000  6.919755e+02 
  689.000  6.855386e+02 
  690.000  7.046810e+02 
  691.000  7.293762e+02 
  692.000  7.393362e+02 
  693.000  7.450109e+02 
  694.000  7.506221e+02 
  695.000  7.437024e+02 
  696.000  7.558962e+02 
  697.000  7.693925e+02 
  698.000  7.530335e+02 
  699.000  7.567738e+02 
  700.000  7.499091e+02 
  701.000  7.310184e+02 
  702.000  7.293527e+02 
  703.000  7.484127e+02 
  704.000  7.511728e+02 
  705.000  7.535684e+02 
  706.000  7.464695e+02 
  707.000  7.366606e+02 
  708.000  7.596280e+02 
  709.000  7.355050e+02 
  710.000  7.497744e+02 
  711.000  7.453505e+02 
  712.000  7.376405e+02 
  713.000  7.327034e+02 
  714.000  7.446340e+02 
  715.000  7.155229e+02 
  716.000  7.308994e+02 
  717.000  6.875224e+02 
  718.000  6.683540e+02 
  719.000  6.551709e+02 
  720.000  6.512985e+02 
  721.000  6.878605e+02 
  722.000  7.108655e+02 
  723.000  7.020176e+02 
  724.000  6.848851e+02 
  725.000  6.807123e+02 
  726.000  6.785637e+02 
  727.000  6.917623e+02 
  728.000  6.766804e+02 
  729.000  6.577063e+02 
  730.000  6.806480e+02 
  731.000  6.677825e+02 
  732.000  6.940460e+02 
  733.000  6.960970e+02 
  734.000  7.165679e+02 
  735.000  7.088425e+02 
  736.000  6.919551e+02 
  737.000  7.040764e+02 
  738.000  7.062177e+02 
  739.000  6.850833e+02 
  740.000  6.952713e+02 
  741.000  6.918890e+02 
  742.000  6.812317e+02 
  743.000  7.032887e+02 
  744.000  7.108705e+02 
  745.000  6.931041e+02 
  746.000  7.033303e+02 
  747.000  7.145449e+02 
  748.000  7.019818e+02 
  749.000  7.024836e+02 
  750.000  6.921700e+02 
  751.000  6.905851e+02 
  752.000  7.016674e+02 
  753.000  6.953052e+02 
  754.000  7.064267e+02 
  755.000  7.025662e+02 
  756.000  6.890043e+02 
  757.000  6.941846e+02 
  758.000  6.923035e+02 
  759.000  6.220164e+02 
  760.000  2.278359e+02 
  761.000  1.956181e+02 
  762.000  3.988657e+02 
  763.000  3.402960e+02 
  764.000  3.755270e+02 
  765.000  4.572214e+02 
  766.000  5.287816e+02 
  767.000  5.841970e+02 
  768.000  6.394683e+02 
  769.000  6.581149e+02 
  770.000  6.650334e+02 
  771.000  6.704237e+02 
  772.000  6.690359e+02 
  773.000  6.668627e+02 
  774.000  6.746172e+02 
  775.000  6.496619e+02 
  776.000  6.767116e+02 
  777.000  6.721884e+02 
  778.000  6.687121e+02 
  779.000  6.710049e+02 
  780.000  6.628134e+02 
  781.000  6.619185e+02 
  782.000  6.700050e+02 
  783.000  6.544561e+02 
  784.000  6.581450e+02 
  785.000  6.595168e+02 
  786.000  6.475935e+02 
  787.000  6.558896e+02 
  788.000  6.453245e+02 
  789.000  6.460712e+02 
  790.000  6.393484e+02 
  791.000  6.367668e+02 
  792.000  6.273442e+02 
  793.000  6.281144e+02 
  794.000  6.241701e+02 
  795.000  6.194855e+02 
  796.000  6.256702e+02 
  797.000  6.310048e+02 
  798.000  6.342832e+02 
  799.000  6.332299e+02 
  800.000  6.148410e+02 
  801.000  6.266058e+02 
  802.000  6.252836e+02 
  803.000  6.167197e+02 
  804.000  6.233682e+02 
  805.000  6.082189e+02 
  806.000  6.258842e+02 
  807.000  6.222883e+02 
  808.000  6.179370e+02 
  809.000  6.067822e+02 
  810.000  6.032526e+02 
  811.000  6.110965e+02 
  812.000  6.064451e+02 
  813.000  6.006031e+02 
  814.000  5.952645e+02 
  815.000  5.830880e+02 
  816.000  5.701422e+02 
  817.000  5.741351e+02 
  818.000  5.713484e+02 
  819.000  5.585806e+02 
  820.000  5.563688e+02 
  821.000  5.848809e+02 
  822.000  5.611083e+02 
  823.000  5.471487e+02 
  824.000  5.740557e+02 
  825.000  5.846066e+02 
  826.000  5.864178e+02 
  827.000  5.831456e+02 
  828.000  5.745513e+02 
  829.000  5.770254e+02 
  830.000  5.708842e+02 
  831.000  5.615853e+02 
  832.000  5.734067e+02 
  833.000  5.572250e+02 
  834.000  5.673749e+02 
  835.000  5.718256e+02 
  836.000  5.775061e+02 
  837.000  5.726703e+02 
  838.000  5.763177e+02 
  839.000  5.592385e+02 
  840.000  5.745823e+02 
  841.000  5.753092e+02 
  842.000  5.725188e+02 
  843.000  5.703055e+02 
  844.000  5.614824e+02 
  845.000  5.703492e+02 
  846.000  5.758289e+02 
  847.000  5.563442e+02 
  848.000  5.722750e+02 
  849.000  5.734538e+02 
  850.000  4.956375e+02 
  851.000  5.678038e+02 
  852.000  5.463552e+02 
  853.000  5.529691e+02 
  854.000  4.445917e+02 
  855.000  4.896533e+02 
  856.000  5.559509e+02 
  857.000  5.650309e+02 
  858.000  5.560549e+02 
  859.000  5.561296e+02 
  860.000  5.513007e+02 
  861.000  5.512996e+02 
  862.000  5.495726e+02 
  863.000  5.601428e+02 
  864.000  5.590972e+02 
  865.000  5.487507e+02 
  866.000  4.603469e+02 
  867.000  4.902677e+02 
  868.000  5.317686e+02 
  869.000  5.243697e+02 
  870.000  5.460533e+02 
  871.000  5.453428e+02 
  872.000  5.432212e+02 
  873.000  5.454427e+02 
  874.000  5.335362e+02 
  875.000  5.286818e+02 
  876.000  5.331108e+02 
  877.000  5.437844e+02 
  878.000  5.344406e+02 
  879.000  5.357194e+02 
  880.000  5.326983e+02 
  881.000  5.051008e+02 
  882.000  5.330381e+02 
  883.000  5.209363e+02 
  884.000  5.254148e+02 
  885.000  5.308937e+02 
  886.000  5.135208e+02 
  887.000  5.083403e+02 
  888.000  5.236074e+02 
  889.000  5.271964e+02 
  890.000  5.254827e+02 
  891.000  5.225159e+02 
  892.000  5.201381e+02 
  893.000  4.971168e+02 
  894.000  5.118565e+02 
  895.000  4.797836e+02 
  896.000  4.894698e+02 
  897.000  4.685577e+02 
  898.000  4.648199e+02 
  899.000  4.512838e+02 
  900.000  4.419361e+02 
  901.000  4.292002e+02 
  902.000  4.218535e+02 
  903.000  4.663564e+02 
  904.000  4.860897e+02 
  905.000  4.843104e+02 
  906.000  4.634879e+02 
  907.000  4.567764e+02 
  908.000  4.349835e+02 
  909.000  4.280165e+02 
  910.000  4.345922e+02 
  911.000  4.396768e+02 
  912.000  4.376125e+02 
  913.000  4.343336e+02 
  914.000  4.382458e+02 
  915.000  4.356351e+02 
  916.000  4.423907e+02 
  917.000  4.382342e+02 
  918.000  4.395567e+02 
  919.000  4.574846e+02 
  920.000  4.620813e+02 
  921.000  4.500566e+02 
  922.000  4.458796e+02 
  923.000  4.248887e+02 
  924.000  4.370455e+02 
  925.000  4.424561e+02 
  926.000  4.266572e+02 
  927.000  4.357083e+02 
  928.000  4.277494e+02 
  929.000  4.063228e+02 
  930.000  3.853019e+02 
  931.000  3.622154e+02 
  932.000  3.283562e+02 
  933.000  3.053539e+02 
  934.000  2.773099e+02 
  935.000  2.706089e+02 
  936.000  2.788307e+02 
  937.000  2.823268e+02 
  938.000  3.069109e+02 
  939.000  3.777091e+02 
  940.000  3.852981e+02 
  941.000  3.683873e+02 
  942.000  3.348099e+02 
  943.000  3.174068e+02 
  944.000  3.063054e+02 
  945.000  3.220688e+02 
  946.000  3.270754e+02 
  947.000  3.362174e+02 
  948.000  3.447339e+02 
  949.000  3.448851e+02 
  950.000  3.442462e+02 
  951.000  3.564781e+02 
  952.000  3.410089e+02 
  953.000  3.507136e+02 
  954.000  3.584415e+02 
  955.000  3.262299e+02 
  956.000  3.457677e+02 
  957.000  3.734489e+02 
  958.000  3.797948e+02 
  959.000  3.765713e+02 
  960.000  3.716275e+02 
  961.000  3.653259e+02 
  962.000  3.691760e+02 
  963.000  3.832589e+02 
  964.000  3.809423e+02 
  965.000  3.841546e+02 
  966.000  3.737861e+02 
  967.000  3.953042e+02 
  968.000  4.078265e+02 
  969.000  4.178607e+02 
  970.000  4.194035e+02 
  971.000  4.155123e+02 
  972.000  4.163304e+02 
  973.000  4.075926e+02 
  974.000  3.954045e+02 
  975.000  3.935219e+02 
  976.000  4.031049e+02 
  977.000  4.005318e+02 
  978.000  4.097876e+02 
  979.000  3.998424e+02 
  980.000  4.132079e+02 
  981.000  4.177988e+02 
  982.000  4.151602e+02 
  983.000  4.180075e+02 
  984.000  4.192532e+02 
  985.000  4.213470e+02 
  986.000  4.208260e+02 
  987.000  4.268938e+02 
  988.000  4.219252e+02 
  989.000  4.167575e+02 
  990.000  4.206207e+02 
  991.000  4.250165e+02 
  992.000  4.213654e+02 
  993.000  4.214840e+02 
  994.000  4.245888e+02 
  995.000  4.221218e+02 
  996.000  4.220464e+02 
  997.000  4.221328e+02 
  998.000  4.201392e+02 
  999.000  4.189253e+02 
 1000.000  4.157493e+02 
 1001.000  4.171383e+02 
 1002.000  4.152197e+02 
 1003.000  4.107374e+02 
 1004.000  4.080255e+02 
 1005.000  3.814843e+02 
 1006.000  4.015832e+02 
 1007.000  4.086911e+02 
 1008.000  4.094011e+02 
 1009.000  4.053913e+02 
 1010.000  4.076064e+02 
 1011.000  4.068982e+02 
 1012.000  4.076877e+02 
 1013.000  4.051718e+02 
 1014.000  4.079917e+02 
 1015.000  4.004983e+02 
 1016.000  4.032399e+02 
 1017.000  3.993971e+02 
 1018.000  4.043869e+02 
 1019.000  3.946586e+02 
 1020.000  3.940054e+02 
 1021.000  3.982369e+02 
 1022.000  3.917227e+02 
 1023.000  3.988044e+02 
 1024.000  3.964787e+02 
 1025.000  3.971639e+02 
 1026.000  3.980059e+02 
 1027.000  3.954452e+02 
 1028.000  3.965032e+02 
 1029.000  3.907685e+02 
 1030.000  3.949767e+02 
 1031.000  3.938472e+02 
 1032.000  3.925378e+02 
 1033.000  3.853470e+02 
 1034.000  3.894902e+02 
 1035.000  3.853500e+02 
 1036.000  3.902735e+02 
 1037.000  3.820026e+02 
 1038.000  3.857844e+02 
 1039.000  3.873311e+02 
 1040.000  3.827061e+02 
 1041.000  3.846913e+02 
 1042.000  3.858009e+02 
 1043.000  3.791142e+02 
 1044.000  3.828222e+02 
 1045.000  3.811172e+02 
 1046.000  3.699653e+02 
 1047.000  3.766711e+02 
 1048.000  3.802503e+02 
 1049.000  3.775864e+02 
 1050.000  3.752234e+02 
 1051.000  3.751969e+02 
 1052.000  3.733275e+02 
 1053.000  3.733622e+02 
 1054.000  3.693914e+02 
 1055.000  3.719611e+02 
 1056.000  3.708032e+02 
 1057.000  3.699859e+02 
 1058.000  3.658925e+02 
 1059.000  3.542611e+02 
 1060.000  3.668979e+02 
 1061.000  3.539427e+02 
 1062.000  3.636199e+02 
 1063.000  3.572519e+02 
 1064.000  3.617159e+02 
 1065.000  3.611071e+02 
 1066.000  3.500143e+02 
 1067.000  3.582755e+02 
 1068.000  3.566682e+02 
 1069.000  3.299670e+02 
 1070.000  3.498806e+02 
 1071.000  3.506338e+02 
 1072.000  3.516951e+02 
 1073.000  3.402617e+02 
 1074.000  3.524265e+02 
 1075.000  3.420087e+02 
 1076.000  3.494364e+02 
 1077.000  3.485320e+02 
 1078.000  3.493402e+02 
 1079.000  3.358853e+02 
 1080.000  3.449518e+02 
 1081.000  3.323510e+02 
 1082.000  3.371290e+02 
 1083.000  3.276280e+02 
 1084.000  3.396081e+02 
 1085.000  3.337236e+02 
 1086.000  3.385268e+02 
 1087.000  3.194204e+02 
 1088.000  3.389643e+02 
 1089.000  3.240701e+02 
 1090.000  3.307903e+02 
 1091.000  3.334065e+02 
 1092.000  3.247110e+02 
 1093.000  3.183571e+02 
 1094.000  2.887845e+02 
 1095.000  3.127997e+02 
 1096.000  3.117343e+02 
 1097.000  3.071223e+02 
 1098.000  2.960410e+02 
 1099.000  2.895338e+02 
 1100.000  2.950072e+02 
 1101.000  2.954845e+02 
 1102.000  2.827923e+02 
 1103.000  2.947317e+02 
 1104.000  2.913512e+02 
 1105.000  2.877059e+02 
 1106.000  2.819781e+02 
 1107.000  2.825404e+02 
 1108.000  2.823407e+02 
 1109.000  2.866054e+02 
 1110.000  2.878423e+02 
 1111.000  2.826179e+02 
 1112.000  2.720294e+02 
 1113.000  2.599528e+02 
 1114.000  2.599858e+02 
 1115.000  2.433955e+02 
 1116.000  2.315551e+02 
 1117.000  2.125753e+02 
 1118.000  1.906046e+02 
 1119.000  1.748466e+02 
 1120.000  1.616629e+02 
 1121.000  1.596515e+02 
 1122.000  1.439327e+02 
 1123.000  1.531617e+02 
 1124.000  1.591305e+02 
 1125.000  1.529923e+02 
 1126.000  1.489006e+02 
 1127.000  1.551019e+02 
 1128.000  1.544832e+02 
 1129.000  1.695748e+02 
 1130.000  2.016984e+02 
 1131.000  2.128181e+02 
 1132.000  2.010910e+02 
 1133.000  1.731894e+02 
 1134.000  1.276916e+02 
 1135.000  1.328181e+02 
 1136.000  1.772549e+02 
 1137.000  2.024541e+02 
 1138.000  2.155901e+02 
 1139.000  2.261381e+02 
 1140.000  2.228933e+02 
 1141.000  2.086184e+02 
 1142.000  2.115007e+02 
 1143.000  1.990404e+02 
 1144.000  1.876889e+02 
 1145.000  1.739627e+02 
 1146.000  1.793325e+02 
 1147.000  1.919040e+02 
 1148.000  2.001935e+02 
 1149.000  2.047346e+02 
 1150.000  2.037931e+02 
 1151.000  2.088461e+02 
 1152.000  2.111996e+02 
 1153.000  2.148857e+02 
 1154.000  2.144959e+02 
 1155.000  2.234023e+02 
 1156.000  2.287912e+02 
 1157.000  2.479360e+02 
 1158.000  2.546589e+02 
 1159.000  2.565899e+02 
 1160.000  2.555235e+02 
 1161.000  2.556875e+02 
 1162.000  2.690892e+02 
 1163.000  2.752794e+02 
 1164.000  2.708759e+02 
 1165.000  2.764243e+02 
 1166.000  2.702341e+02 
 1167.000  2.752505e+02 
 1168.000  2.774107e+02 
 1169.000  2.684852e+02 
 1170.000  2.763689e+02 
 1171.000  2.794487e+02 
 1172.000  2.775096e+02 
 1173.000  2.745582e+02 
 1174.000  2.747583e+02 
 1175.000  2.743098e+02 
 1176.000  2.701684e+02 
 1177.000  2.773204e+02 
 1178.000  2.702240e+02 
 1179.000  2.690421e+02 
 1180.000  2.719174e+02 
 1181.000  2.682975e+02 
 1182.000  2.664000e+02 
 1183.000  2.511379e+02 
 1184.000  2.637947e+02 
 1185.000  2.704580e+02 
 1186.000  2.679164e+02 
 1187.000  2.647968e+02 
 1188.000  2.626959e+02 
 1189.000  2.492289e+02 
 1190.000  2.664669e+02 
 1191.000  2.721243e+02 
 1192.000  2.727689e+02 
 1193.000  2.724236e+02 
 1194.000  2.715877e+02 
 1195.000  2.664728e+02 
 1196.000  2.665934e+02 
 1197.000  2.655300e+02 
 1198.000  2.563849e+02 
 1199.000  2.456973e+02 
 1200.000  2.619413e+02 
 1201.000  2.639070e+02 
 1202.000  2.638568e+02 
 1203.000  2.498426e+02 
 1204.000  2.540239e+02 
 1205.000  2.633605e+02 
 1206.000  2.635000e+02 
 1207.000  2.660401e+02 
 1208.000  2.618786e+02 
 1209.000  2.448979e+02 
 1210.000  2.610471e+02 
 1211.000  2.522677e+02 
 1212.000  2.606255e+02 
 1213.000  2.631386e+02 
 1214.000  2.618100e+02 
 1215.000  2.631937e+02 
 1216.000  2.640395e+02 
 1217.000  2.647393e+02 
 1218.000  2.640393e+02 
 1219.000  2.615346e+02 
 1220.000  2.634394e+02 
 1221.000  2.632748e+02 
 1222.000  2.620597e+02 
 1223.000  2.609537e+02 
 1224.000  2.640494e+02 
 1225.000  2.628393e+02 
 1226.000  2.640562e+02 
 1227.000  2.555800e+02 
 1228.000  2.640935e+02 
 1229.000  2.641669e+02 
 1230.000  2.636495e+02 
 1231.000  2.638207e+02 
 1232.000  2.608565e+02 
 1233.000  2.629159e+02 
 1234.000  2.624796e+02 
 1235.000  2.607765e+02 
 1236.000  2.623689e+02 
 1237.000  2.624510e+02 
 1238.000  2.622430e+02 
 1239.000  2.591774e+02 
 1240.000  2.578765e+02 
 1241.000  2.599838e+02 
 1242.000  2.582727e+02 
 1243.000  2.552632e+02 
 1244.000  2.526357e+02 
 1245.000  2.567450e+02 
 1246.000  2.545082e+02 
 1247.000  2.528828e+02 
 1248.000  2.545722e+02 
 1249.000  2.533649e+02 
 1250.000  2.520076e+02 
 1251.000  2.498377e+02 
 1252.000  2.486222e+02 
 1253.000  2.460980e+02 
 1254.000  2.459210e+02 
 1255.000  2.447962e+02 
 1256.000  2.435686e+02 
 1257.000  2.398271e+02 
 1258.000  2.389822e+02 
 1259.000  2.347480e+02 
 1260.000  2.333259e+02 
 1261.000  2.309658e+02 
 1262.000  2.224058e+02 
 1263.000  2.235736e+02 
 1264.000  2.190416e+02 
 1265.000  2.190549e+02 
 1266.000  2.189932e+02 
 1267.000  2.131789e+02 
 1268.000  2.090498e+02 
 1269.000  2.101234e+02 
 1270.000  2.177745e+02 
 1271.000  2.215755e+02 
 1272.000  2.229305e+02 
 1273.000  2.243876e+02 
 1274.000  2.249856e+02 
 1275.000  2.274993e+02 
 1276.000  2.288038e+02 
 1277.000  2.294746e+02 
 1278.000  2.297940e+02 
 1279.000  2.289779e+02 
 1280.000  2.287079e+02 
 1281.000  2.232353e+02 
 1282.000  1.990469e+02 
 1283.000  2.192221e+02 
 1284.000  2.286654e+02 
 1285.000  2.308331e+02 
 1286.000  2.307194e+02 
 1287.000  2.317836e+02 
 1288.000  2.283967e+02 
 1289.000  2.292952e+02 
 1290.000  2.241093e+02 
 1291.000  2.276872e+02 
 1292.000  2.297804e+02 
 1293.000  2.302228e+02 
 1294.000  2.257874e+02 
 1295.000  2.268182e+02 
 1296.000  2.255288e+02 
 1297.000  2.229524e+02 
 1298.000  2.210028e+02 
 1299.000  2.232820e+02 
 1300.000  2.222621e+02 
 1301.000  2.216900e+02 
 1302.000  2.180139e+02 
 1303.000  2.141372e+02 
 1304.000  2.133449e+02 
 1305.000  2.142098e+02 
 1306.000  2.140785e+02 
 1307.000  2.127782e+02 
 1308.000  2.109832e+02 
 1309.000  2.084526e+02 
 1310.000  2.073008e+02 
 1311.000  2.067515e+02 
 1312.000  2.031087e+02 
 1313.000  1.917061e+02 
 1314.000  1.954008e+02 
 1315.000  1.902194e+02 
 1316.000  1.969045e+02 
 1317.000  1.989167e+02 
 1318.000  1.927876e+02 
 1319.000  1.904232e+02 
 1320.000  1.833823e+02 
 1321.000  1.804473e+02 
 1322.000  1.839023e+02 
 1323.000  1.885357e+02 
 1324.000  1.907512e+02 
 1325.000  1.891969e+02 
 1326.000  1.845097e+02 
 1327.000  1.749219e+02 
 1328.000  1.662242e+02 
 1329.000  1.435726e+02 
 1330.000  1.395848e+02 
 1331.000  1.359398e+02 
 1332.000  1.345088e+02 
 1333.000  1.418802e+02 
 1334.000  1.474850e+02 
 1335.000  1.514391e+02 
 1336.000  1.513529e+02 
 1337.000  1.530644e+02 
 1338.000  1.555567e+02 
 1339.000  1.559763e+02 
 1340.000  1.570885e+02 
 1341.000  1.598871e+02 
 1342.000  1.598210e+02 
 1343.000  1.539751e+02 
 1344.000  1.448486e+02 
 1345.000  1.201202e+02 
 1346.000  1.028008e+02 
 1347.000  9.125544e+01 
 1348.000  7.595303e+01 
 1349.000  6.910913e+01 
 1350.000  5.410947e+01 
 1351.000  4.673988e+01 
 1352.000  3.595782e+01 
 1353.000  2.558616e+01 
 1354.000  2.053864e+01 
 1355.000  1.600946e+01 
 1356.000  1.216821e+01 
 1357.000  8.387118e+00 
 1358.000  6.214047e+00 
 1359.000  3.303141e+00 
 1360.000  2.187312e+00 
 1361.000  1.636408e+00 
 1362.000  1.506151e+00 
 1363.000  2.176870e+00 
 1364.000  2.523004e+00 
 1365.000  2.647390e+00 
 1366.000  3.057382e+00 
 1367.000  2.563331e+00 
 1368.000  2.263211e+00 
 1369.000  2.320431e+00 
 1370.000  3.814442e+00 
 1371.000  6.779803e+00 
 1372.000  1.249035e+01 
 1373.000  1.769410e+01 
 1374.000  2.145475e+01 
 1375.000  2.286950e+01 
 1376.000  2.121865e+01 
 1377.000  1.889786e+01 
 1378.000  1.442627e+01 
 1379.000  9.920006e+00 
 1380.000  5.642592e+00 
 1381.000  3.270310e+00 
 1382.000  2.292128e+00 
 1383.000  2.219722e+00 
 1384.000  3.604100e+00 
 1385.000  5.109926e+00 
 1386.000  7.785369e+00 
 1387.000  1.424108e+01 
 1388.000  1.885413e+01 
 1389.000  2.160681e+01 
 1390.000  2.205404e+01 
 1391.000  2.057167e+01 
 1392.000  1.556973e+01 
 1393.000  1.190052e+01 
 1394.000  9.126272e+00 
 1395.000  1.027728e+01 
 1396.000  1.408722e+01 
 1397.000  1.814429e+01 
 1398.000  1.868318e+01 
 1399.000  1.742087e+01 
 1400.000  1.629287e+01 
 1401.000  1.727214e+01 
 1402.000  2.139542e+01 
 1403.000  2.454674e+01 
 1404.000  2.309127e+01 
 1405.000  2.411443e+01 
 1406.000  2.236674e+01 
 1407.000  2.311465e+01 
 1408.000  2.768450e+01 
 1409.000  3.234987e+01 
 1410.000  3.964328e+01 
 1411.000  4.700795e+01 
 1412.000  4.541099e+01 
 1413.000  4.993822e+01 
 1414.000  4.924330e+01 
 1415.000  5.428732e+01 
 1416.000  5.831350e+01 
 1417.000  5.970142e+01 
 1418.000  6.023244e+01 
 1419.000  6.002714e+01 
 1420.000  6.144552e+01 
 1421.000  6.900403e+01 
 1422.000  7.063132e+01 
 1423.000  7.135542e+01 
 1424.000  7.111674e+01 
 1425.000  7.027800e+01 
 1426.000  6.775301e+01 
 1427.000  7.166128e+01 
 1428.000  7.543748e+01 
 1429.000  7.599374e+01 
 1430.000  7.326163e+01 
 1431.000  6.718342e+01 
 1432.000  6.516058e+01 
 1433.000  6.504799e+01 
 1434.000  6.233810e+01 
 1435.000  6.710535e+01 
 1436.000  6.877767e+01 
 1437.000  6.981209e+01 
 1438.000  7.403891e+01 
 1439.000  7.566496e+01 
 1440.000  7.290693e+01 
 1441.000  7.779724e+01 
 1442.000  7.492599e+01 
 1443.000  7.626526e+01 
 1444.000  7.820793e+01 
 1445.000  7.854542e+01 
 1446.000  8.238101e+01 
 1447.000  8.481800e+01 
 1448.000  8.596605e+01 
 1449.000  8.445680e+01 
 1450.000  8.088391e+01 
 1451.000  8.188702e+01 
 1452.000  8.550260e+01 
 1453.000  9.530975e+01 
 1454.000  1.036887e+02 
 1455.000  1.077227e+02 
 1456.000  1.124906e+02 
 1457.000  1.143155e+02 
 1458.000  1.165442e+02 
 1459.000  1.133017e+02 
 1460.000  1.081554e+02 
 1461.000  1.061001e+02 
 1462.000  1.004332e+02 
 1463.000  9.975041e+01 
 1464.000  9.847517e+01 
 1465.000  9.633150e+01 
 1466.000  8.979393e+01 
 1467.000  8.916763e+01 
 1468.000  8.366154e+01 
 1469.000  7.932906e+01 
 1470.000  7.696920e+01 
 1471.000  8.157909e+01 
 1472.000  8.976807e+01 
 1473.000  1.008363e+02 
 1474.000  1.056938e+02 
 1475.000  1.076074e+02 
 1476.000  1.077779e+02 
 1477.000  1.054746e+02 
 1478.000  1.013421e+02 
 1479.000  9.935704e+01 
 1480.000  1.014084e+02 
 1481.000  1.032896e+02 
 1482.000  1.079976e+02 
 1483.000  1.068185e+02 
 1484.000  1.075132e+02 
 1485.000  1.090711e+02 
 1486.000  1.099578e+02 
 1487.000  1.166612e+02 
 1488.000  1.022244e+02 
 1489.000  1.253852e+02 
 1490.000  1.326233e+02 
 1491.000  1.373046e+02 
 1492.000  1.347966e+02 
 1493.000  1.397221e+02 
 1494.000  1.394805e+02 
 1495.000  1.405798e+02 
 1496.000  1.402981e+02 
 1497.000  1.437120e+02 
 1498.000  1.484184e+02 
 1499.000  1.490849e+02 
 1500.000  1.537070e+02 
 1501.000  1.528730e+02 
 1502.000  1.504346e+02 
 1503.000  1.343937e+02 
 1504.000  1.406461e+02 
 1505.000  1.423952e+02 
 1506.000  1.443544e+02 
 1507.000  1.529403e+02 
 1508.000  1.515798e+02 
 1509.000  1.532654e+02 
 1510.000  1.560169e+02 
 1511.000  1.574407e+02 
 1512.000  1.549809e+02 
 1513.000  1.549017e+02 
 1514.000  1.527868e+02 
 1515.000  1.563250e+02 
 1516.000  1.550492e+02 
 1517.000  1.546315e+02 
 1518.000  1.584540e+02 
 1519.000  1.572495e+02 
 1520.000  1.596402e+02 
 1521.000  1.573388e+02 
 1522.000  1.564258e+02 
 1523.000  1.604136e+02 
 1524.000  1.589728e+02 
 1525.000  1.550963e+02 
 1526.000  1.594824e+02 
 1527.000  1.579980e+02 
 1528.000  1.593051e+02 
 1529.000  1.587971e+02 
 1530.000  1.487352e+02 
 1531.000  1.589815e+02 
 1532.000  1.580195e+02 
 1533.000  1.572542e+02 
 1534.000  1.549273e+02 
 1535.000  1.556495e+02 
 1536.000  1.577343e+02 
 1537.000  1.584624e+02 
 1538.000  1.543041e+02 
 1539.000  1.576496e+02 
 1540.000  1.519750e+02 
 1541.000  1.552359e+02 
 1542.000  1.561604e+02 
 1543.000  1.558500e+02 
 1544.000  1.580128e+02 
 1545.000  1.587059e+02 
 1546.000  1.589770e+02 
 1547.000  1.575349e+02 
 1548.000  1.529258e+02 
 1549.000  1.568455e+02 
 1550.000  1.560035e+02 
 1551.000  1.552017e+02 
 1552.000  1.578697e+02 
 1553.000  1.570825e+02 
 1554.000  1.512902e+02 
 1555.000  1.538094e+02 
 1556.000  1.508564e+02 
 1557.000  1.557708e+02 
 1558.000  1.545729e+02 
 1559.000  1.545807e+02 
 1560.000  1.519108e+02 
 1561.000  1.554559e+02 
 1562.000  1.554014e+02 
 1563.000  1.529612e+02 
 1564.000  1.496773e+02 
 1565.000  1.515440e+02 
 1566.000  1.486732e+02 
 1567.000  1.478233e+02 
 1568.000  1.435445e+02 
 1569.000  1.426964e+02 
 1570.000  1.380150e+02 
 1571.000  1.417146e+02 
 1572.000  1.413610e+02 
 1573.000  1.393908e+02 
 1574.000  1.402956e+02 
 1575.000  1.305597e+02 
 1576.000  1.402652e+02 
 1577.000  1.267860e+02 
 1578.000  1.389284e+02 
 1579.000  1.400387e+02 
 1580.000  1.434593e+02 
 1581.000  1.425098e+02 
 1582.000  1.402945e+02 
 1583.000  1.426403e+02 
 1584.000  1.418935e+02 
 1585.000  1.464955e+02 
 1586.000  1.446570e+02 
 1587.000  1.433204e+02 
 1588.000  1.413546e+02 
 1589.000  1.294176e+02 
 1590.000  1.394532e+02 
 1591.000  1.363381e+02 
 1592.000  1.435332e+02 
 1593.000  1.465432e+02 
 1594.000  1.451347e+02 
 1595.000  1.455618e+02 
 1596.000  1.363545e+02 
 1597.000  1.409230e+02 
 1598.000  1.421270e+02 
 1599.000  1.357331e+02 
 1600.000  1.367115e+02 
 1601.000  1.309571e+02 
 1602.000  1.339164e+02 
 1603.000  1.332375e+02 
 1604.000  1.355057e+02 
 1605.000  1.335027e+02 
 1606.000  1.332003e+02 
 1607.000  1.335994e+02 
 1608.000  1.350174e+02 
 1609.000  1.344993e+02 
 1610.000  1.263158e+02 
 1611.000  1.306734e+02 
 1612.000  1.327494e+02 
 1613.000  1.364843e+02 
 1614.000  1.351453e+02 
 1615.000  1.379758e+02 
 1616.000  1.297876e+02 
 1617.000  1.340572e+02 
 1618.000  1.382345e+02 
 1619.000  1.382367e+02 
 1620.000  1.351376e+02 
 1621.000  1.334040e+02 
 1622.000  1.367624e+02 
 1623.000  1.397059e+02 
 1624.000  1.407731e+02 
 1625.000  1.374283e+02 
 1626.000  1.389708e+02 
 1627.000  1.388030e+02 
 1628.000  1.398457e+02 
 1629.000  1.397549e+02 
 1630.000  1.358454e+02 
 1631.000  1.379704e+02 
 1632.000  1.378628e+02 
 1633.000  1.360066e+02 
 1634.000  1.325951e+02 
 1635.000  1.361507e+02 
 1636.000  1.354902e+02 
 1637.000  1.291494e+02 
 1638.000  1.282079e+02 
 1639.000  1.265192e+02 
 1640.000  1.270189e+02 
 1641.000  1.260683e+02 
 1642.000  1.259103e+02 
 1643.000  1.291219e+02 
 1644.000  1.271353e+02 
 1645.000  1.273779e+02 
 1646.000  1.289087e+02 
 1647.000  1.301092e+02 
 1648.000  1.295216e+02 
 1649.000  1.265642e+02 
 1650.000  1.297730e+02 
 1651.000  1.269409e+02 
 1652.000  1.295764e+02 
 1653.000  1.283607e+02 
 1654.000  1.298009e+02 
 1655.000  1.274525e+02 
 1656.000  1.300979e+02 
 1657.000  1.291533e+02 
 1658.000  1.299797e+02 
 1659.000  1.276555e+02 
 1660.000  1.291202e+02 
 1661.000  1.296202e+02 
 1662.000  1.286120e+02 
 1663.000  1.276473e+02 
 1664.000  1.269305e+02 
 1665.000  1.256416e+02 
 1666.000  1.251201e+02 
 1667.000  1.264882e+02 
 1668.000  1.243462e+02 
 1669.000  1.248313e+02 
 1670.000  1.276502e+02 
 1671.000  1.268649e+02 
 1672.000  1.208620e+02 
 1673.000  1.242951e+02 
 1674.000  1.247816e+02 
 1675.000  1.236222e+02 
 1676.000  1.216285e+02 
 1677.000  1.222380e+02 
 1678.000  1.229728e+02 
 1679.000  1.212918e+02 
 1680.000  1.171239e+02 
 1681.000  1.130709e+02 
 1682.000  1.163349e+02 
 1683.000  1.191988e+02 
 1684.000  1.214090e+02 
 1685.000  1.217641e+02 
 1686.000  1.203025e+02 
 1687.000  1.207668e+02 
 1688.000  1.208911e+02 
 1689.000  1.194380e+02 
 1690.000  1.193391e+02 
 1691.000  1.208879e+02 
 1692.000  1.211107e+02 
 1693.000  1.206840e+02 
 1694.000  1.205191e+02 
 1695.000  1.205680e+02 
 1696.000  1.198609e+02 
 1697.000  1.191262e+02 
 1698.000  1.198606e+02 
 1699.000  1.190904e+02 
 1700.000  1.176021e+02 
 1701.000  1.178149e+02 
 1702.000  1.174265e+02 
 1703.000  1.150417e+02 
 1704.000  1.171138e+02 
 1705.000  1.176453e+02 
 1706.000  1.161737e+02 
 1707.000  1.158865e+02 
 1708.000  1.126768e+02 
 1709.000  1.147370e+02 
 1710.000  1.159914e+02 
 1711.000  1.071800e+02 
 1712.000  1.146574e+02 
 1713.000  1.152319e+02 
 1714.000  1.152462e+02 
 1715.000  1.153246e+02 
 1716.000  1.147272e+02 
 1717.000  1.136531e+02 
 1718.000  1.130516e+02 
 1719.000  1.140024e+02 
 1720.000  1.113772e+02 
 1721.000  1.097471e+02 
 1722.000  1.115827e+02 
 1723.000  1.059490e+02 
 1724.000  1.075489e+02 
 1725.000  1.091185e+02 
 1726.000  1.102819e+02 
 1727.000  1.097524e+02 
 1728.000  1.073512e+02 
 1729.000  1.095590e+02 
 1730.000  1.097771e+02 
 1731.000  1.081819e+02 
 1732.000  1.069243e+02 
 1733.000  1.001186e+02 
 1734.000  1.020477e+02 
 1735.000  1.025930e+02 
 1736.000  9.762228e+01 
 1737.000  9.630871e+01 
 1738.000  1.009994e+02 
 1739.000  1.025773e+02 
 1740.000  1.028932e+02 
 1741.000  1.004962e+02 
 1742.000  1.036610e+02 
 1743.000  1.019169e+02 
 1744.000  1.032978e+02 
 1745.000  1.002897e+02 
 1746.000  1.009606e+02 
 1747.000  9.851057e+01 
 1748.000  1.021666e+02 
 1749.000  1.014230e+02 
 1750.000  1.011667e+02 
 1751.000  9.953300e+01 
 1752.000  1.002567e+02 
 1753.000  1.004667e+02 
 1754.000  1.005007e+02 
 1755.000  9.887915e+01 
 1756.000  9.995164e+01 
 1757.000  1.000240e+02 
 1758.000  9.934411e+01 
 1759.000  9.975287e+01 
 1760.000  9.896690e+01 
 1761.000  9.700008e+01 
 1762.000  9.459385e+01 
 1763.000  9.539798e+01 
 1764.000  9.305979e+01 
 1765.000  9.468385e+01 
 1766.000  9.405196e+01 
 1767.000  9.419006e+01 
 1768.000  9.284190e+01 
 1769.000  9.344869e+01 
 1770.000  9.196278e+01 
 1771.000  9.212433e+01 
 1772.000  9.181754e+01 
 1773.000  9.186330e+01 
 1774.000  8.916683e+01 
 1775.000  8.621754e+01 
 1776.000  8.602317e+01 
 1777.000  8.326276e+01 
 1778.000  8.154751e+01 
 1779.000  8.236803e+01 
 1780.000  8.162833e+01 
 1781.000  8.132389e+01 
 1782.000  8.025268e+01 
 1783.000  7.872695e+01 
 1784.000  7.879333e+01 
 1785.000  7.847144e+01 
 1786.000  7.936208e+01 
 1787.000  8.000178e+01 
 1788.000  7.967314e+01 
 1789.000  7.684140e+01 
 1790.000  7.625392e+01 
 1791.000  7.319772e+01 
 1792.000  7.211560e+01 
 1793.000  6.854383e+01 
 1794.000  6.503793e+01 
 1795.000  6.557568e+01 
 1796.000  6.193294e+01 
 1797.000  5.796109e+01 
 1798.000  5.816673e+01 
 1799.000  5.234171e+01 
 1800.000  5.206841e+01 
 1801.000  4.589059e+01 
 1802.000  4.286306e+01 
 1803.000  4.266713e+01 
 1804.000  4.280722e+01 
 1805.000  4.231082e+01 
 1806.000  3.982846e+01 
 1807.000  3.861722e+01 
 1808.000  3.775793e+01 
 1809.000  3.400152e+01 
 1810.000  2.979708e+01 
 1811.000  2.975304e+01 
 1812.000  2.647907e+01 
 1813.000  2.653504e+01 
 1814.000  2.415830e+01 
 1815.000  1.969835e+01 
 1816.000  1.942791e+01 
 1817.000  1.737962e+01 
 1818.000  1.577631e+01 
 1819.000  1.480281e+01 
 1820.000  1.405536e+01 
 1821.000  1.415692e+01 
 1822.000  1.352602e+01 
 1823.000  1.331719e+01 
 1824.000  1.276215e+01 
 1825.000  9.082886e+00 
 1826.000  9.130061e+00 
 1827.000  7.109600e+00 
 1828.000  6.691832e+00 
 1829.000  4.247286e+00 
 1830.000  3.113102e+00 
 1831.000  3.105119e+00 
 1832.000  2.316018e+00 
 1833.000  2.231570e+00 
 1834.000  1.532107e+00 
 1835.000  8.238403e-01 
 1836.000  8.253382e-01 
 1837.000  6.181824e-01 
 1838.000  5.753319e-01 
 1839.000  6.994998e-01 
 1840.000  9.917703e-01 
 1841.000  1.013121e+00 
 1842.000  1.394275e+00 
 1843.000  1.349178e+00 
 1844.000  1.677908e+00 
 1845.000  1.631198e+00 
 1846.000  1.408069e+00 
 1847.000  1.090720e+00 
 1848.000  1.123184e+00 
 1849.000  1.110885e+00 
 1850.000  1.119901e+00 
 1851.000  1.080542e+00 
 1852.000  1.074783e+00 
 1853.000  1.050623e+00 
 1854.000  1.072784e+00 
 1855.000  1.089681e+00 
 1856.000  1.120956e+00 
 1857.000  1.166270e+00 
 1858.000  1.451847e+00 
 1859.000  2.135994e+00 
 1860.000  2.110356e+00 
 1861.000  3.126369e+00 
 1862.000  3.032884e+00 
 1863.000  3.224484e+00 
 1864.000  2.867686e+00 
 1865.000  2.878818e+00 
 1866.000  1.740328e+00 
 1867.000  1.711373e+00 
 1868.000  6.573119e-01 
 1869.000  6.851180e-01 
 1870.000  2.522104e-01 
 1871.000  1.445824e-01 
 1872.000  1.433787e-01 
 1873.000  2.828804e-01 
 1874.000  2.823960e-01 
 1875.000  6.896574e-01 
 1876.000  6.467878e-01 
 1877.000  1.893262e+00 
 1878.000  3.304365e+00 
 1879.000  3.374555e+00 
 1880.000  4.413079e+00 
 1881.000  4.546239e+00 
 1882.000  5.541703e+00 
 1883.000  5.797313e+00 
 1884.000  6.262125e+00 
 1885.000  6.226904e+00 
 1886.000  6.036998e+00 
 1887.000  6.375857e+00 
 1888.000  6.288318e+00 
 1889.000  5.432096e+00 
 1890.000  5.227911e+00 
 1891.000  5.005692e+00 
 1892.000  4.852185e+00 
 1893.000  4.338506e+00 
 1894.000  4.148894e+00 
 1895.000  4.048096e+00 
 1896.000  3.147287e+00 
 1897.000  3.132685e+00 
 1898.000  2.073894e+00 
 1899.000  2.040980e+00 
 1900.000  1.409327e+00 
 1901.000  1.419457e+00 
 1902.000  1.188885e+00 
 1903.000  1.520559e+00 
 1904.000  1.506773e+00 
 1905.000  2.100835e+00 
 1906.000  2.109296e+00 
 1907.000  2.754340e+00 
 1908.000  2.702861e+00 
 1909.000  2.912556e+00 
 1910.000  2.916439e+00 
 1911.000  3.042809e+00 
 1912.000  2.998892e+00 
 1913.000  3.709424e+00 
 1914.000  4.420895e+00 
 1915.000  4.391905e+00 
 1916.000  6.418483e+00 
 1917.000  6.452161e+00 
 1918.000  7.802359e+00 
 1919.000  7.769475e+00 
 1920.000  9.199859e+00 
 1921.000  9.569443e+00 
 1922.000  1.090156e+01 
 1923.000  1.104244e+01 
 1924.000  1.166769e+01 
 1925.000  1.183534e+01 
 1926.000  1.190009e+01 
 1927.000  1.291519e+01 
 1928.000  1.278484e+01 
 1929.000  1.331533e+01 
 1930.000  1.384338e+01 
 1931.000  1.606870e+01 
 1932.000  1.656308e+01 
 1933.000  1.738595e+01 
 1934.000  1.858175e+01 
 1935.000  2.010231e+01 
 1936.000  2.037445e+01 
 1937.000  2.079432e+01 
 1938.000  2.242605e+01 
 1939.000  2.142600e+01 
 1940.000  2.342332e+01 
 1941.000  2.364923e+01 
 1942.000  2.516445e+01 
 1943.000  2.442437e+01 
 1944.000  2.423328e+01 
 1945.000  2.276760e+01 
 1946.000  2.526701e+01 
 1947.000  2.684159e+01 
 1948.000  2.735151e+01 
 1949.000  2.783433e+01 
 1950.000  2.679084e+01 
 1951.000  2.601246e+01 
 1952.000  2.508903e+01 
 1953.000  2.587920e+01 
 1954.000  2.490079e+01 
 1955.000  2.486829e+01 
 1956.000  2.416586e+01 
 1957.000  2.547339e+01 
 1958.000  2.559170e+01 
 1959.000  2.814890e+01 
 1960.000  2.793603e+01 
 1961.000  3.099711e+01 
 1962.000  3.037985e+01 
 1963.000  3.325373e+01 
 1964.000  3.329136e+01 
 1965.000  3.777328e+01 
 1966.000  3.684954e+01 
 1967.000  4.097122e+01 
 1968.000  4.109464e+01 
 1969.000  4.450442e+01 
 1970.000  4.489598e+01 
 1971.000  4.798916e+01 
 1972.000  4.761171e+01 
 1973.000  4.806284e+01 
 1974.000  4.938026e+01 
 1975.000  5.279448e+01 
 1976.000  5.282512e+01 
 1977.000  5.462138e+01 
 1978.000  5.183916e+01 
 1979.000  5.633294e+01 
 1980.000  5.455931e+01 
 1981.000  5.682855e+01 
 1982.000  5.733204e+01 
 1983.000  5.815511e+01 
 1984.000  5.751661e+01 
 1985.000  5.792835e+01 
 1986.000  5.677003e+01 
 1987.000  5.716959e+01 
 1988.000  5.872360e+01 
 1989.000  5.827444e+01 
 1990.000  5.810764e+01 
 1991.000  5.722927e+01 
 1992.000  5.642670e+01 
 1993.000  5.322641e+01 
 1994.000  5.365619e+01 
 1995.000  4.999789e+01 
 1996.000  4.998388e+01 
 1997.000  4.146250e+01 
 1998.000  4.067752e+01 
 1999.000  3.172310e+01 
 2000.000  3.173798e+01 
 2001.000  2.380455e+01 
 2002.000  2.384328e+01 
 2003.000  1.985716e+01 
 2004.000  1.984351e+01 
 2005.000  1.994501e+01 
 2006.000  1.942754e+01 
 2007.000  2.147507e+01 
 2008.000  2.146087e+01 
 2009.000  2.273494e+01 
 2010.000  2.277715e+01 
 2011.000  2.330336e+01 
 2012.000  2.327698e+01 
 2013.000  2.403845e+01 
 2014.000  2.380311e+01 
 2015.000  2.546106e+01 
 2016.000  2.542086e+01 
 2017.000  2.857354e+01 
 2018.000  2.864153e+01 
 2019.000  3.351587e+01 
 2020.000  3.326509e+01 
 2021.000  3.711017e+01 
 2022.000  3.841872e+01 
 2023.000  4.349771e+01 
 2024.000  4.353777e+01 
 2025.000  4.703286e+01 
 2026.000  4.746033e+01 
 2027.000  5.008102e+01 
 2028.000  5.025509e+01 
 2029.000  5.139882e+01 
 2030.000  5.079882e+01 
 2031.000  5.251307e+01 
 2032.000  5.339065e+01 
 2033.000  5.451252e+01 
 2034.000  5.447063e+01 
 2035.000  5.311994e+01 
 2036.000  5.436664e+01 
 2037.000  5.486058e+01 
 2038.000  5.191857e+01 
 2039.000  5.363555e+01 
 2040.000  5.407227e+01 
 2041.000  5.341038e+01 
 2042.000  5.291431e+01 
 2043.000  5.198053e+01 
 2044.000  5.197220e+01 
 2045.000  4.967311e+01 
 2046.000  4.964012e+01 
 2047.000  4.937193e+01 
 2048.000  4.593987e+01 
 2049.000  4.619178e+01 
 2050.000  4.241920e+01 
 2051.000  4.218499e+01 
 2052.000  3.979505e+01 
 2053.000  3.923529e+01 
 2054.000  3.908352e+01 
 2055.000  3.938100e+01 
 2056.000  4.017579e+01 
 2057.000  4.002153e+01 
 2058.000  4.125515e+01 
 2059.000  4.127017e+01 
 2060.000  4.156692e+01 
 2061.000  4.046701e+01 
 2062.000  4.160566e+01 
 2063.000  4.145171e+01 
 2064.000  3.896766e+01 
 2065.000  4.125275e+01 
 2066.000  4.130386e+01 
 2067.000  4.165535e+01 
 2068.000  4.130305e+01 
 2069.000  4.247684e+01 
 2070.000  4.105273e+01 
 2071.000  4.443856e+01 
 2072.000  4.393012e+01 
 2073.000  4.680578e+01 
 2074.000  4.673633e+01 
 2075.000  4.860952e+01 
 2076.000  4.855491e+01 
 2077.000  4.991463e+01 
 2078.000  4.990384e+01 
 2079.000  4.907405e+01 
 2080.000  5.047107e+01 
 2081.000  4.998017e+01 
 2082.000  5.088630e+01 
 2083.000  4.999834e+01 
 2084.000  5.056610e+01 
 2085.000  5.098829e+01 
 2086.000  5.160872e+01 
 2087.000  5.158455e+01 
 2088.000  5.215874e+01 
 2089.000  5.223317e+01 
 2090.000  5.260329e+01 
 2091.000  5.221074e+01 
 2092.000  5.021900e+01 
 2093.000  5.222455e+01 
 2094.000  5.271688e+01 
 2095.000  5.119313e+01 
 2096.000  5.273476e+01 
 2097.000  5.268295e+01 
 2098.000  5.261159e+01 
 2099.000  5.289727e+01 
 2100.000  5.303853e+01 
 2101.000  5.307823e+01 
 2102.000  5.344137e+01 
 2103.000  5.262688e+01 
 2104.000  5.348309e+01 
 2105.000  5.343884e+01 
 2106.000  5.367727e+01 
 2107.000  5.351719e+01 
 2108.000  5.348791e+01 
 2109.000  5.321453e+01 
 2110.000  5.199117e+01 
 2111.000  5.320275e+01 
 2112.000  5.309637e+01 
 2113.000  5.282749e+01 
 2114.000  5.299265e+01 
 2115.000  5.298513e+01 
 2116.000  5.262364e+01 
 2117.000  5.140520e+01 
 2118.000  5.259502e+01 
 2119.000  5.300537e+01 
 2120.000  5.173714e+01 
 2121.000  5.291199e+01 
 2122.000  5.245675e+01 
 2123.000  5.249226e+01 
 2124.000  5.174014e+01 
 2125.000  5.285855e+01 
 2126.000  5.317567e+01 
 2127.000  5.225075e+01 
 2128.000  5.337415e+01 
 2129.000  5.325457e+01 
 2130.000  5.307561e+01 
 2131.000  5.339625e+01 
 2132.000  5.330123e+01 
 2133.000  5.327549e+01 
 2134.000  5.311542e+01 
 2135.000  5.316530e+01 
 2136.000  5.122511e+01 
 2137.000  5.296906e+01 
 2138.000  5.295853e+01 
 2139.000  5.269387e+01 
 2140.000  5.261470e+01 
 2141.000  5.266431e+01 
 2142.000  5.234826e+01 
 2143.000  5.208707e+01 
 2144.000  5.177158e+01 
 2145.000  5.125652e+01 
 2146.000  5.038229e+01 
 2147.000  5.089457e+01 
 2148.000  5.091751e+01 
 2149.000  5.022713e+01 
 2150.000  5.016677e+01 
 2151.000  4.971478e+01 
 2152.000  4.959353e+01 
 2153.000  4.912869e+01 
 2154.000  4.924560e+01 
 2155.000  4.922646e+01 
 2156.000  4.928484e+01 
 2157.000  4.915973e+01 
 2158.000  4.909077e+01 
 2159.000  4.886405e+01 
 2160.000  4.870925e+01 
 2161.000  4.866122e+01 
 2162.000  4.800953e+01 
 2163.000  4.806037e+01 
 2164.000  4.738771e+01 
 2165.000  4.582327e+01 
 2166.000  4.116195e+01 
 2167.000  4.506179e+01 
 2168.000  4.648843e+01 
 2169.000  4.772464e+01 
 2170.000  4.770171e+01 
 2171.000  4.811791e+01 
 2172.000  4.794788e+01 
 2173.000  4.812108e+01 
 2174.000  4.794783e+01 
 2175.000  4.800671e+01 
 2176.000  4.771271e+01 
 2177.000  4.726946e+01 
 2178.000  4.761452e+01 
 2179.000  4.578268e+01 
 2180.000  4.763119e+01 
 2181.000  4.755629e+01 
 2182.000  4.710792e+01 
 2183.000  4.594748e+01 
 2184.000  4.708735e+01 
 2185.000  4.720707e+01 
 2186.000  4.728924e+01 
 2187.000  4.722703e+01 
 2188.000  4.603570e+01 
 2189.000  4.578892e+01 
 2190.000  4.634465e+01 
 2191.000  4.683204e+01 
 2192.000  4.670459e+01 
 2193.000  4.606153e+01 
 2194.000  4.594172e+01 
 2195.000  4.580550e+01 
 2196.000  4.511598e+01 
 2197.000  4.493918e+01 
 2198.000  4.452106e+01 
 2199.000  4.445770e+01 
 2200.000  4.429289e+01 
 2201.000  4.437302e+01 
 2202.000  4.430196e+01 
 2203.000  4.493937e+01 
 2204.000  4.494798e+01 
 2205.000  4.481983e+01 
 2206.000  4.386558e+01 
 2207.000  4.330724e+01 
 2208.000  4.562929e+01 
 2209.000  4.468654e+01 
 2210.000  4.617348e+01 
 2211.000  4.613288e+01 
 2212.000  4.598499e+01 
 2213.000  4.598129e+01 
 2214.000  4.579719e+01 
 2215.000  4.577192e+01 
 2216.000  4.538776e+01 
 2217.000  4.473063e+01 
 2218.000  4.525233e+01 
 2219.000  4.539725e+01 
 2220.000  4.522412e+01 
 2221.000  4.514630e+01 
 2222.000  4.496704e+01 
 2223.000  4.491340e+01 
 2224.000  4.480261e+01 
 2225.000  4.454369e+01 
 2226.000  4.377463e+01 
 2227.000  4.389977e+01 
 2228.000  4.383173e+01 
 2229.000  4.422579e+01 
 2230.000  4.370241e+01 
 2231.000  4.376922e+01 
 2232.000  4.376736e+01 
 2233.000  4.360512e+01 
 2234.000  4.352391e+01 
 2235.000  4.325613e+01 
 2236.000  4.308186e+01 
 2237.000  4.310220e+01 
 2238.000  4.258140e+01 
 2239.000  4.168780e+01 
 2240.000  4.218482e+01 
 2241.000  4.260123e+01 
 2242.000  4.250968e+01 
 2243.000  4.177816e+01 
 2244.000  4.209572e+01 
 2245.000  4.207712e+01 
 2246.000  4.198716e+01 
 2247.000  4.194970e+01 
 2248.000  4.077129e+01 
 2249.000  4.162041e+01 
 2250.000  4.120458e+01 
 2251.000  4.115633e+01 
 2252.000  4.122377e+01 
 2253.000  4.056070e+01 
 2254.000  3.954745e+01 
 2255.000  4.034544e+01 
 2256.000  4.004102e+01 
 2257.000  4.004058e+01 
 2258.000  3.997976e+01 
 2259.000  4.002497e+01 
 2260.000  3.970898e+01 
 2261.000  3.951463e+01 
 2262.000  3.959095e+01 
 2263.000  3.820940e+01 
 2264.000  3.961527e+01 
 2265.000  3.938109e+01 
 2266.000  3.887852e+01 
 2267.000  3.922295e+01 
 2268.000  3.924138e+01 
 2269.000  3.915133e+01 
 2270.000  3.903543e+01 
 2271.000  3.871539e+01 
 2272.000  3.907359e+01 
 2273.000  3.901908e+01 
 2274.000  3.890298e+01 
 2275.000  3.832594e+01 
 2276.000  3.883431e+01 
 2277.000  3.884149e+01 
 2278.000  3.884216e+01 
 2279.000  3.872194e+01 
 2280.000  3.860511e+01 
 2281.000  3.668856e+01 
 2282.000  3.788164e+01 
 2283.000  3.799490e+01 
 2284.000  3.791882e+01 
 2285.000  3.778210e+01 
 2286.000  3.767899e+01 
 2287.000  3.775497e+01 
 2288.000  3.762494e+01 
 2289.000  3.717433e+01 
 2290.000  3.717320e+01 
 2291.000  3.658140e+01 
 2292.000  3.676222e+01 
 2293.000  3.668984e+01 
 2294.000  3.462386e+01 
 2295.000  3.554119e+01 
 2296.000  3.540091e+01 
 2297.000  3.476323e+01 
 2298.000  3.553475e+01 
 2299.000  3.566822e+01 
 2300.000  3.557323e+01 
 2301.000  3.554635e+01 
 2302.000  3.607948e+01 
 2303.000  3.597256e+01 
 2304.000  3.585530e+01 
 2305.000  3.643507e+01 
 2306.000  3.647355e+01 
 2307.000  3.659444e+01 
 2308.000  3.658871e+01 
 2309.000  3.635638e+01 
 2310.000  3.613144e+01 
 2311.000  3.624480e+01 
 2312.000  3.607534e+01 
 2313.000  3.553848e+01 
 2314.000  3.533135e+01 
 2315.000  3.388029e+01 
 2316.000  3.437638e+01 
 2317.000  3.404219e+01 
 2318.000  3.485916e+01 
 2319.000  3.471947e+01 
 2320.000  3.400841e+01 
 2321.000  3.427884e+01 
 2322.000  3.425218e+01 
 2323.000  3.280093e+01 
 2324.000  3.371181e+01 
 2325.000  3.398714e+01 
 2326.000  3.376019e+01 
 2327.000  3.440137e+01 
 2328.000  3.463192e+01 
 2329.000  3.430523e+01 
 2330.000  3.424627e+01 
 2331.000  3.409323e+01 
 2332.000  3.370671e+01 
 2333.000  3.368341e+01 
 2334.000  3.289711e+01 
 2335.000  3.242989e+01 
 2336.000  3.266089e+01 
 2337.000  3.202767e+01 
 2338.000  3.186226e+01 
 2339.000  3.103783e+01 
 2340.000  3.132684e+01 
 2341.000  3.136471e+01 
 2342.000  3.096239e+01 
 2343.000  3.081630e+01 
 2344.000  3.072660e+01 
 2345.000  3.043555e+01 
 2346.000  3.050830e+01 
 2347.000  3.033244e+01 
 2348.000  3.031324e+01 
 2349.000  3.045841e+01 
 2350.000  3.026543e+01 
 2351.000  3.055192e+01 
 2352.000  3.007728e+01 
 2353.000  2.935450e+01 
 2354.000  3.011787e+01 
 2355.000  3.046141e+01 
 2356.000  3.097459e+01 
 2357.000  3.072399e+01 
 2358.000  3.073537e+01 
 2359.000  3.136281e+01 
 2360.000  3.138994e+01 
 2361.000  3.115989e+01 
 2362.000  3.068899e+01 
 2363.000  3.064590e+01 
 2364.000  3.073158e+01 
 2365.000  2.979866e+01 
 2366.000  2.986014e+01 
 2367.000  2.878692e+01 
 2368.000  2.864258e+01 
 2369.000  2.836849e+01 
 2370.000  2.770413e+01 
 2371.000  2.802546e+01 
 2372.000  2.803442e+01 
 2373.000  2.819098e+01 
 2374.000  2.681472e+01 
 2375.000  2.771118e+01 
 2376.000  2.836235e+01 
 2377.000  2.827112e+01 
 2378.000  2.818775e+01 
 2379.000  2.869413e+01 
 2380.000  2.860103e+01 
 2381.000  2.851060e+01 
 2382.000  2.857972e+01 
 2383.000  2.720867e+01 
 2384.000  2.721379e+01 
 2385.000  2.742436e+01 
 2386.000  2.762545e+01 
 2387.000  2.745600e+01 
 2388.000  2.819257e+01 
 2389.000  2.809097e+01 
 2390.000  2.854460e+01 
 2391.000  2.849510e+01 
 2392.000  2.842348e+01 
 2393.000  2.841012e+01 
 2394.000  2.877924e+01 
 2395.000  2.852503e+01 
 2396.000  2.858787e+01 
 2397.000  2.872163e+01 
 2398.000  2.852897e+01 
 2399.000  2.857980e+01 
 2400.000  2.831275e+01 
 2401.000  2.815834e+01 
 2402.000  2.830161e+01 
 2403.000  2.809461e+01 
 2404.000  2.753455e+01 
 2405.000  2.771622e+01 
 2406.000  2.731343e+01 
 2407.000  2.688886e+01 
 2408.000  2.693590e+01 
 2409.000  2.684923e+01 
 2410.000  2.625814e+01 
 2411.000  2.628277e+01 
 2412.000  2.624996e+01 
 2413.000  2.574323e+01 
 2414.000  2.484712e+01 
 2415.000  2.480169e+01 
 2416.000  2.406808e+01 
 2417.000  2.515414e+01 
 2418.000  2.537315e+01 
 2419.000  2.645405e+01 
 2420.000  2.617099e+01 
 2421.000  2.633094e+01 
 2422.000  2.696173e+01 
 2423.000  2.677208e+01 
 2424.000  2.685166e+01 
 2425.000  2.689113e+01 
 2426.000  2.723053e+01 
 2427.000  2.694258e+01 
 2428.000  2.694845e+01 
 2429.000  2.713027e+01 
 2430.000  2.696775e+01 
 2431.000  2.652282e+01 
 2432.000  2.668706e+01 
 2433.000  2.660713e+01 
 2434.000  2.562537e+01 
 2435.000  2.534437e+01 
 2436.000  2.605322e+01 
 2437.000  2.588526e+01 
 2438.000  2.526382e+01 
 2439.000  2.592010e+01 
 2440.000  2.527058e+01 
 2441.000  2.497692e+01 
 2442.000  2.513076e+01 
 2443.000  2.397592e+01 
 2444.000  2.385634e+01 
 2445.000  2.308241e+01 
 2446.000  2.241605e+01 
 2447.000  2.246731e+01 
 2448.000  2.210384e+01 
 2449.000  2.210409e+01 
 2450.000  2.225872e+01 
 2451.000  2.230687e+01 
 2452.000  2.229635e+01 
 2453.000  2.264364e+01 
 2454.000  2.373149e+01 
 2455.000  2.348697e+01 
 2456.000  2.344585e+01 
 2457.000  2.261250e+01 
 2458.000  2.400506e+01 
 2459.000  2.417068e+01 
 2460.000  2.402174e+01 
 2461.000  2.344786e+01 
 2462.000  2.350890e+01 
 2463.000  2.332956e+01 
 2464.000  2.278717e+01 
 2465.000  2.260805e+01 
 2466.000  2.243138e+01 
 2467.000  2.145765e+01 
 2468.000  2.145556e+01 
 2469.000  2.127956e+01 
 2470.000  1.901020e+01 
 2471.000  1.982129e+01 
 2472.000  1.974213e+01 
 2473.000  1.913856e+01 
 2474.000  1.879737e+01 
 2475.000  1.911837e+01 
 2476.000  1.749804e+01 
 2477.000  1.775413e+01 
 2478.000  1.766780e+01 
 2479.000  1.550043e+01 
 2480.000  1.572497e+01 
 2481.000  1.541190e+01 
 2482.000  1.413275e+01 
 2483.000  1.373943e+01 
 2484.000  1.438142e+01 
 2485.000  1.309133e+01 
 2486.000  1.301125e+01 
 2487.000  1.224292e+01 
 2488.000  1.262528e+01 
 2489.000  1.261537e+01 
 2490.000  1.268006e+01 
 2491.000  1.274351e+01 
 2492.000  1.279443e+01 
 2493.000  1.259063e+01 
 2494.000  1.308752e+01 
 2495.000  1.294301e+01 
 2496.000  1.286040e+01 
 2497.000  1.345369e+01 
 2498.000  1.336069e+01 
 2499.000  1.342219e+01 
 2500.000  1.312986e+01 
 2501.000  1.245863e+01 
 2502.000  1.253070e+01 
 2503.000  1.239792e+01 
 2504.000  1.166814e+01 
 2505.000  1.179772e+01 
 2506.000  1.146808e+01 
 2507.000  9.798940e+00 
 2508.000  9.658754e+00 
 2509.000  9.619155e+00 
 2510.000  8.387366e+00 
 2511.000  8.436275e+00 
 2512.000  8.084708e+00 
 2513.000  6.686719e+00 
 2514.000  6.672139e+00 
 2515.000  6.637275e+00 
 2516.000  6.110204e+00 
 2517.000  6.056330e+00 
 2518.000  5.959529e+00 
 2519.000  4.621268e+00 
 2520.000  4.611857e+00 
 2521.000  4.617684e+00 
 2522.000  4.603323e+00 
 2523.000  3.682418e+00 
 2524.000  3.667503e+00 
 2525.000  3.401033e+00 
 2526.000  2.344279e+00 
 2527.000  2.327851e+00 
 2528.000  2.335360e+00 
 2529.000  1.713151e+00 
 2530.000  1.714065e+00 
 2531.000  1.717044e+00 
 2532.000  1.008226e+00 
 2533.000  9.978614e-01 
 2534.000  1.004514e+00 
 2535.000  7.933663e-01 
 2536.000  7.968581e-01 
 2537.000  7.881809e-01 
 2538.000  6.869118e-01 
 2539.000  3.784395e-01 
 2540.000  3.787719e-01 
 2541.000  3.801129e-01 
 2542.000  2.632609e-01 
 2543.000  2.734804e-01 
 2544.000  2.117439e-01 
 2545.000  1.532888e-01 
 2546.000  1.534596e-01 
 2547.000  1.493527e-01 
 2548.000  1.507405e-01 
 2549.000  1.530744e-01 
 2550.000  1.518960e-01 
 2551.000  1.150224e-01 
 2552.000  8.826362e-02 
 2553.000  8.713714e-02 
 2554.000  8.871067e-02 
 2555.000  7.707059e-02 
 2556.000  7.629208e-02 
 2557.000  5.492002e-02 
 2558.000  1.642031e-02 
 2559.000  1.645271e-02 
 2560.000  1.617429e-02 
 2561.000  5.144560e-03 
 2562.000  5.146613e-03 
 2563.000  5.169473e-03 
 2564.000  3.581972e-03 
 2565.000  7.402004e-04 
 2566.000  7.470706e-04 
 2567.000  7.301838e-04 
 2568.000  2.739000e-04 
 2569.000  2.717368e-04 
 2570.000  2.717381e-04 
 2571.000  6.548069e-05 
 2572.000  6.601674e-05 
 2573.000  6.590727e-05 
 2574.000  6.566742e-05 
 2575.000  3.983496e-05 
 2576.000  4.027653e-05 
 2577.000  2.162848e-05 
 2578.000  6.799732e-06 
 2579.000  6.878731e-06 
 2580.000  6.858617e-06 
 2581.000  2.062368e-06 
 2582.000  2.037800e-06 
 2583.000  2.037569e-06 
 2584.000  4.239539e-07 
 2585.000  4.206804e-07 
 2586.000  4.054157e-07 
 2587.000  4.351955e-07 
 2588.000  3.293310e-07 
 2589.000  3.298466e-07 
 2590.000  3.291284e-07 
 2591.000  1.206115e-10 
 2592.000  1.210031e-10 
 2593.000  1.188250e-10 
 2594.000  1.211236e-10 
 2595.000  1.323227e-10 
 2596.000  1.329635e-10 
 2597.000  1.080151e-10 
 2598.000  6.865459e-11 
 2599.000  6.881512e-11 
 2600.000  6.780620e-11 
 2601.000  4.982643e-12 
 2602.000  4.992270e-12 
 2603.000  4.999755e-12 
 2604.000  4.069350e-12 
 2605.000  0.000000e+00 
 2606.000  0.000000e+00 
 2607.000  0.000000e+00 
 2608.000  0.000000e+00 
 2609.000  0.000000e+00 
 2610.000  0.000000e+00 
 2611.000  0.000000e+00 
 2612.000  0.000000e+00 
 2613.000  0.000000e+00 
 2614.000  0.000000e+00 
 2615.000  4.630173e-12 
 2616.000  4.611378e-12 
 2617.000  4.630413e-12 
 2618.000  4.697435e-11 
 2619.000  4.681932e-11 
 2620.000  4.722357e-11 
 2621.000  4.710133e-11 
 2622.000  1.931595e-07 
 2623.000  1.850613e-07 
 2624.000  2.546504e-07 
 2625.000  1.392987e-06 
 2626.000  1.281990e-06 
 2627.000  1.423715e-06 
 2628.000  1.471138e-06 
 2629.000  1.004668e-05 
 2630.000  1.012151e-05 
 2631.000  1.309184e-05 
 2632.000  7.909647e-05 
 2633.000  7.918235e-05 
 2634.000  7.883200e-05 
 2635.000  7.927242e-05 
 2636.000  2.908825e-04 
 2637.000  2.907811e-04 
 2638.000  3.102097e-04 
 2639.000  3.485304e-04 
 2640.000  3.255864e-04 
 2641.000  3.501065e-04 
 2642.000  3.423257e-04 
 2643.000  3.078057e-04 
 2644.000  3.087700e-04 
 2645.000  2.716845e-04 
 2646.000  1.381123e-04 
 2647.000  1.379029e-04 
 2648.000  1.370248e-04 
 2649.000  1.390622e-04 
 2650.000  3.079096e-05 
 2651.000  3.096778e-05 
 2652.000  2.423016e-05 
 2653.000  4.064239e-06 
 2654.000  4.026606e-06 
 2655.000  3.836547e-06 
 2656.000  4.018123e-06 
 2657.000  3.152906e-07 
 2658.000  3.153788e-07 
 2659.000  2.881734e-07 
 2660.000  0.000000e+00 
 2661.000  0.000000e+00 
 2662.000  0.000000e+00 
 2663.000  0.000000e+00 
 2664.000  0.000000e+00 
 2665.000  0.000000e+00 
 2666.000  0.000000e+00 
 2667.000  0.000000e+00 
 2668.000  0.000000e+00 
 2669.000  0.000000e+00 
 2670.000  0.000000e+00 
 2671.000  0.000000e+00 
 2672.000  0.000000e+00 
 2673.000  0.000000e+00 
 2674.000  0.000000e+00 
 2675.000  0.000000e+00 
 2676.000  0.000000e+00 
 2677.000  0.000000e+00 
 2678.000  0.000000e+00 
 2679.000  0.000000e+00 
 2680.000  0.000000e+00 
 2681.000  0.000000e+00 
 2682.000  0.000000e+00 
 2683.000  0.000000e+00 
 2684.000  0.000000e+00 
 2685.000  0.000000e+00 
 2686.000  0.000000e+00 
 2687.000  0.000000e+00 
 2688.000  0.000000e+00 
 2689.000  0.000000e+00 
 2690.000  0.000000e+00 
 2691.000  0.000000e+00 
 2692.000  0.000000e+00 
 2693.000  0.000000e+00 
 2694.000  0.000000e+00 
 2695.000  0.000000e+00 
 2696.000  0.000000e+00 
 2697.000  0.000000e+00 
 2698.000  0.000000e+00 
 2699.000  0.000000e+00 
 2700.000  0.000000e+00 
 2701.000  0.000000e+00 
 2702.000  0.000000e+00 
 2703.000  0.000000e+00 
 2704.000  0.000000e+00 
 2705.000  0.000000e+00 
 2706.000  0.000000e+00 
 2707.000  0.000000e+00 
 2708.000  0.000000e+00 
 2709.000  0.000000e+00 
 2710.000  0.000000e+00 
 2711.000  0.000000e+00 
 2712.000  0.000000e+00 
 2713.000  0.000000e+00 
 2714.000  5.304252e-10 
 2715.000  5.300750e-10 
 2716.000  5.291335e-10 
 2717.000  5.474889e-10 
 2718.000  4.126656e-09 
 2719.000  4.157767e-09 
 2720.000  4.172877e-09 
 2721.000  4.154177e-09 
 2722.000  2.224822e-06 
 2723.000  2.242360e-06 
 2724.000  2.240597e-06 
 2725.000  8.797681e-06 
 2726.000  8.812972e-06 
 2727.000  8.739907e-06 
 2728.000  8.868880e-06 
 2729.000  1.146965e-05 
 2730.000  1.145868e-05 
 2731.000  1.148107e-05 
 2732.000  1.266802e-05 
 2733.000  9.072316e-06 
 2734.000  9.057295e-06 
 2735.000  9.115060e-06 
 2736.000  4.303008e-06 
 2737.000  4.308797e-06 
 2738.000  4.315629e-06 
 2739.000  4.562174e-06 
 2740.000  2.279101e-06 
 2741.000  2.277871e-06 
 2742.000  2.287945e-06 
 2743.000  2.280734e-06 
 2744.000  8.306016e-07 
 2745.000  8.319245e-07 
 2746.000  8.322499e-07 
 2747.000  1.152590e-06 
 2748.000  0.000000e+00 
 2749.000  0.000000e+00 
 2750.000  0.000000e+00 
 2751.000  0.000000e+00 
 2752.000  0.000000e+00 
 2753.000  0.000000e+00 
 2754.000  0.000000e+00 
 2755.000  0.000000e+00 
 2756.000  0.000000e+00 
 2757.000  0.000000e+00 
 2758.000  0.000000e+00 
 2759.000  0.000000e+00 
 2760.000  0.000000e+00 
 2761.000  0.000000e+00 
 2762.000  0.000000e+00 
 2763.000  0.000000e+00 
 2764.000  0.000000e+00 
 2765.000  0.000000e+00 
 2766.000  0.000000e+00 
 2767.000  0.000000e+00 
 2768.000  0.000000e+00 
 2769.000  0.000000e+00 
 2770.000  0.000000e+00 
 2771.000  0.000000e+00 
 2772.000  0.000000e+00 
 2773.000  0.000000e+00 
 2774.000  0.000000e+00 
 2775.000  0.000000e+00 
 2776.000  0.000000e+00 
 2777.000  0.000000e+00 
 2778.000  0.000000e+00 
 2779.000  0.000000e+00 
 2780.000  0.000000e+00 
 2781.000  0.000000e+00 
 2782.000  8.038787e-07 
 2783.000  8.088136e-07 
 2784.000  8.150361e-07 
 2785.000  1.013128e-06 
 2786.000  5.105188e-05 
 2787.000  5.096614e-05 
 2788.000  5.114528e-05 
 2789.000  5.112181e-05 
 2790.000  2.332749e-04 
 2791.000  2.328733e-04 
 2792.000  2.325166e-04 
 2793.000  2.953424e-04 
 2794.000  9.166799e-04 
 2795.000  9.165809e-04 
 2796.000  9.156043e-04 
 2797.000  9.155655e-04 
 2798.000  1.910809e-03 
 2799.000  1.907975e-03 
 2800.000  1.909993e-03 
 2801.000  2.251751e-03 
 2802.000  4.400310e-03 
 2803.000  4.383665e-03 
 2804.000  4.355105e-03 
 2805.000  4.384473e-03 
 2806.000  8.560160e-03 
 2807.000  8.513409e-03 
 2808.000  8.535442e-03 
 2809.000  2.380940e-02 
 2810.000  2.381779e-02 
 2811.000  2.375957e-02 
 2812.000  2.375082e-02 
 2813.000  5.023498e-02 
 2814.000  5.016610e-02 
 2815.000  5.018209e-02 
 2816.000  4.986552e-02 
 2817.000  1.205688e-01 
 2818.000  1.204384e-01 
 2819.000  1.201280e-01 
 2820.000  1.198436e-01 
 2821.000  2.035365e-01 
 2822.000  2.029786e-01 
 2823.000  2.026808e-01 
 2824.000  2.017962e-01 
 2825.000  3.329039e-01 
 2826.000  3.331031e-01 
 2827.000  3.321077e-01 
 2828.000  3.311394e-01 
 2829.000  3.927905e-01 
 2830.000  3.926894e-01 
 2831.000  3.914415e-01 
 2832.000  3.921092e-01 
 2833.000  5.017361e-01 
 2834.000  5.020118e-01 
 2835.000  5.014048e-01 
 2836.000  5.003657e-01 
 2837.000  5.439264e-01 
 2838.000  5.425200e-01 
 2839.000  5.431213e-01 
 2840.000  5.397284e-01 
 2841.000  6.606579e-01 
 2842.000  6.722476e-01 
 2843.000  6.689733e-01 
 2844.000  6.688654e-01 
 2845.000  7.184554e-01 
 2846.000  7.176105e-01 
 2847.000  7.162364e-01 
 2848.000  7.160852e-01 
 2849.000  7.510282e-01 
 2850.000  9.433191e-01 
 2851.000  9.427388e-01 
 2852.000  9.422466e-01 
 2853.000  9.465713e-01 
 2854.000  1.160565e+00 
 2855.000  1.165281e+00 
 2856.000  1.164362e+00 
 2857.000  1.203569e+00 
 2858.000  1.552207e+00 
 2859.000  1.546097e+00 
 2860.000  1.534998e+00 
 2861.000  1.545031e+00 
 2862.000  1.974784e+00 
 2863.000  1.971764e+00 
 2864.000  1.970781e+00 
 2865.000  2.037803e+00 
 2866.000  2.428227e+00 
 2867.000  2.417415e+00 
 2868.000  2.395614e+00 
 2869.000  2.406032e+00 
 2870.000  2.791947e+00 
 2871.000  2.803896e+00 
 2872.000  2.772065e+00 
 2873.000  2.816569e+00 
 2874.000  3.271405e+00 
 2875.000  3.289163e+00 
 2876.000  3.304142e+00 
 2877.000  3.307746e+00 
 2878.000  3.786036e+00 
 2879.000  3.784492e+00 
 2880.000  3.775638e+00 
 2881.000  3.777179e+00 
 2882.000  4.462425e+00 
 2883.000  4.466135e+00 
 2884.000  4.461096e+00 
 2885.000  4.448346e+00 
 2886.000  4.434872e+00 
 2887.000  4.710738e+00 
 2888.000  4.704723e+00 
 2889.000  4.678746e+00 
 2890.000  4.775943e+00 
 2891.000  5.117909e+00 
 2892.000  5.113353e+00 
 2893.000  5.104294e+00 
 2894.000  5.083613e+00 
 2895.000  5.181333e+00 
 2896.000  5.171685e+00 
 2897.000  5.172522e+00 
 2898.000  5.206317e+00 
 2899.000  5.173542e+00 
 2900.000  5.187222e+00 
 2901.000  5.171556e+00 
 2902.000  5.174293e+00 
 2903.000  5.589599e+00 
 2904.000  5.579642e+00 
 2905.000  5.579970e+00 
 2906.000  5.497424e+00 
 2907.000  5.962946e+00 
 2908.000  5.954923e+00 
 2909.000  5.951640e+00 
 2910.000  5.942103e+00 
 2911.000  5.934290e+00 
 2912.000  6.307996e+00 
 2913.000  6.288429e+00 
 2914.000  6.276578e+00 
 2915.000  6.313619e+00 
 2916.000  6.951428e+00 
 2917.000  7.006677e+00 
 2918.000  6.995533e+00 
 2919.000  6.987592e+00 
 2920.000  1.501478e+01 
 2921.000  1.500394e+01 
 2922.000  1.496029e+01 
 2923.000  1.483311e+01 
 2924.000  8.364651e+00 
 2925.000  8.453640e+00 
 2926.000  8.316091e+00 
 2927.000  8.439405e+00 
 2928.000  8.437250e+00 
 2929.000  8.601268e+00 
 2930.000  8.738132e+00 
 2931.000  8.728439e+00 
 2932.000  8.800690e+00 
 2933.000  8.721814e+00 
 2934.000  8.735052e+00 
 2935.000  8.694921e+00 
 2936.000  8.700197e+00 
 2937.000  8.377113e+00 
 2938.000  8.379663e+00 
 2939.000  8.328314e+00 
 2940.000  8.351328e+00 
 2941.000  8.368979e+00 
 2942.000  8.039578e+00 
 2943.000  7.926939e+00 
 2944.000  7.985116e+00 
 2945.000  7.989775e+00 
 2946.000  8.042223e+00 
 2947.000  7.887490e+00 
 2948.000  8.012576e+00 
 2949.000  8.049729e+00 
 2950.000  8.199514e+00 
 2951.000  8.179379e+00 
 2952.000  8.127763e+00 
 2953.000  8.176617e+00 
 2954.000  8.154820e+00 
 2955.000  8.219076e+00 
 2956.000  8.237211e+00 
 2957.000  8.225608e+00 
 2958.000  8.250045e+00 
 2959.000  7.988050e+00 
 2960.000  7.949047e+00 
 2961.000  7.928083e+00 
 2962.000  7.954635e+00 
 2963.000  7.159289e+00 
 2964.000  7.144485e+00 
 2965.000  7.145667e+00 
 2966.000  7.129726e+00 
 2967.000  7.139863e+00 
 2968.000  6.514863e+00 
 2969.000  6.495595e+00 
 2970.000  6.486326e+00 
 2971.000  6.473001e+00 
 2972.000  6.720241e+00 
 2973.000  6.717048e+00 
 2974.000  6.712974e+00 
 2975.000  6.701644e+00 
 2976.000  6.703383e+00 
 2977.000  7.500528e+00 
 2978.000  7.475436e+00 
 2979.000  7.413058e+00 
 2980.000  7.468540e+00 
 2981.000  8.577365e+00 
 2982.000  8.547515e+00 
 2983.000  8.556993e+00 
 2984.000  8.544952e+00 
 2985.000  8.549324e+00 
 2986.000  9.448612e+00 
 2987.000  9.433348e+00 
 2988.000  9.356510e+00 
 2989.000  9.405410e+00 
 2990.000  9.465491e+00 
 2991.000  9.496224e+00 
 2992.000  9.485966e+00 
 2993.000  9.471545e+00 
 2994.000  9.455006e+00 
 2995.000  9.436614e+00 
 2996.000  9.420296e+00 
 2997.000  9.247051e+00 
 2998.000  9.371068e+00 
 2999.000  9.171995e+00 
 3000.000  9.022192e+00 
 3001.000  9.162837e+00 
 3002.000  9.159491e+00 
 3003.000  9.162213e+00 
 3004.000  8.593798e+00 
 3005.000  8.596443e+00 
 3006.000  8.579942e+00 
 3007.000  8.578691e+00 
 3008.000  8.467448e+00 
 3009.000  8.482736e+00 
 3010.000  8.467685e+00 
 3011.000  8.484566e+00 
 3012.000  8.474030e+00 
 3013.000  8.248913e+00 
 3014.000  8.228757e+00 
 3015.000  8.189267e+00 
 3016.000  8.216020e+00 
 3017.000  7.867707e+00 
 3018.000  7.893902e+00 
 3019.000  7.890576e+00 
 3020.000  7.798529e+00 
 3021.000  7.842556e+00 
 3022.000  7.870548e+00 
 3023.000  7.849012e+00 
 3024.000  7.831717e+00 
 3025.000  7.815034e+00 
 3026.000  7.556777e+00 
 3027.000  7.530099e+00 
 3028.000  7.493422e+00 
 3029.000  7.522677e+00 
 3030.000  7.498454e+00 
 3031.000  7.077012e+00 
 3032.000  7.064668e+00 
 3033.000  6.929691e+00 
 3034.000  7.026118e+00 
 3035.000  6.585304e+00 
 3036.000  6.556118e+00 
 3037.000  6.513101e+00 
 3038.000  6.444687e+00 
 3039.000  6.319242e+00 
 3040.000  5.965654e+00 
 3041.000  6.123468e+00 
 3042.000  6.156435e+00 
 3043.000  6.176922e+00 
 3044.000  6.181755e+00 
 3045.000  5.887148e+00 
 3046.000  5.896173e+00 
 3047.000  5.908182e+00 
 3048.000  5.889613e+00 
 3049.000  5.885116e+00 
 3050.000  5.887904e+00 
 3051.000  5.880805e+00 
 3052.000  5.873370e+00 
 3053.000  5.862761e+00 
 3054.000  6.181440e+00 
 3055.000  6.114124e+00 
 3056.000  6.176676e+00 
 3057.000  6.160553e+00 
 3058.000  6.110807e+00 
 3059.000  6.456996e+00 
 3060.000  6.476546e+00 
 3061.000  6.475774e+00 
 3062.000  6.466733e+00 
 3063.000  6.720931e+00 
 3064.000  6.627066e+00 
 3065.000  6.642475e+00 
 3066.000  6.697532e+00 
 3067.000  6.653579e+00 
 3068.000  6.721139e+00 
 3069.000  6.819908e+00 
 3070.000  6.816592e+00 
 3071.000  6.797317e+00 
 3072.000  6.801551e+00 
 3073.000  6.818790e+00 
 3074.000  6.793664e+00 
 3075.000  6.809191e+00 
 3076.000  6.780829e+00 
 3077.000  6.329925e+00 
 3078.000  6.331076e+00 
 3079.000  6.315853e+00 
 3080.000  6.301336e+00 
 3081.000  6.269333e+00 
 3082.000  6.067978e+00 
 3083.000  6.056632e+00 
 3084.000  6.082496e+00 
 3085.000  6.074155e+00 
 3086.000  6.032930e+00 
 3087.000  5.760532e+00 
 3088.000  5.790544e+00 
 3089.000  5.786782e+00 
 3090.000  5.785003e+00 
 3091.000  5.723112e+00 
 3092.000  5.395823e+00 
 3093.000  5.393135e+00 
 3094.000  5.383124e+00 
 3095.000  5.371428e+00 
 3096.000  5.413743e+00 
 3097.000  5.393449e+00 
 3098.000  5.288118e+00 
 3099.000  5.372644e+00 
 3100.000  5.391185e+00 
 3101.000  5.478181e+00 
 3102.000  5.470988e+00 
 3103.000  5.470126e+00 
 3104.000  5.461874e+00 
 3105.000  5.447188e+00 
 3106.000  5.776822e+00 
 3107.000  5.751617e+00 
 3108.000  5.774623e+00 
 3109.000  5.763710e+00 
 3110.000  5.757139e+00 
 3111.000  6.324717e+00 
 3112.000  6.310397e+00 
 3113.000  6.271392e+00 
 3114.000  6.275758e+00 
 3115.000  6.061133e+00 
 3116.000  6.825327e+00 
 3117.000  7.107182e+00 
 3118.000  7.135940e+00 
 3119.000  7.106385e+00 
 3120.000  7.113661e+00 
 3121.000  7.442683e+00 
 3122.000  7.461458e+00 
 3123.000  7.473904e+00 
 3124.000  7.466773e+00 
 3125.000  7.439301e+00 
 3126.000  7.754652e+00 
 3127.000  7.714763e+00 
 3128.000  7.744391e+00 
 3129.000  7.671745e+00 
 3130.000  7.877585e+00 
 3131.000  7.830239e+00 
 3132.000  7.866062e+00 
 3133.000  7.847395e+00 
 3134.000  7.869539e+00 
 3135.000  7.581052e+00 
 3136.000  7.571783e+00 
 3137.000  7.567617e+00 
 3138.000  7.563771e+00 
 3139.000  7.537117e+00 
 3140.000  7.558516e+00 
 3141.000  7.576156e+00 
 3142.000  7.544000e+00 
 3143.000  7.557189e+00 
 3144.000  7.579778e+00 
 3145.000  7.996486e+00 
 3146.000  7.986828e+00 
 3147.000  7.921090e+00 
 3148.000  7.957442e+00 
 3149.000  7.958302e+00 
 3150.000  8.553236e+00 
 3151.000  8.526202e+00 
 3152.000  8.073826e+00 
 3153.000  8.519290e+00 
 3154.000  8.531283e+00 
 3155.000  9.244263e+00 
 3156.000  9.235602e+00 
 3157.000  9.209713e+00 
 3158.000  9.211104e+00 
 3159.000  9.197860e+00 
 3160.000  9.689853e+00 
 3161.000  9.667353e+00 
 3162.000  9.682244e+00 
 3163.000  9.655140e+00 
 3164.000  9.609847e+00 
 3165.000  9.634642e+00 
 3166.000  9.653345e+00 
 3167.000  9.616963e+00 
 3168.000  9.556712e+00 
 3169.000  9.599317e+00 
 3170.000  9.165082e+00 
 3171.000  9.377642e+00 
 3172.000  9.372591e+00 
 3173.000  9.370070e+00 
 3174.000  9.331152e+00 
 3175.000  8.880981e+00 
 3176.000  8.866756e+00 
 3177.000  8.859940e+00 
 3178.000  8.818154e+00 
 3179.000  8.810384e+00 
 3180.000  8.011845e+00 
 3181.000  7.878407e+00 
 3182.000  7.982589e+00 
 3183.000  7.972002e+00 
 3184.000  7.938366e+00 
 3185.000  6.807281e+00 
 3186.000  6.796933e+00 
 3187.000  6.778701e+00 
 3188.000  6.766003e+00 
 3189.000  6.773036e+00 
 3190.000  5.388793e+00 
 3191.000  5.382075e+00 
 3192.000  5.375478e+00 
 3193.000  5.365840e+00 
 3194.000  5.346856e+00 
 3195.000  4.022267e+00 
 3196.000  3.999943e+00 
 3197.000  4.011966e+00 
 3198.000  4.004414e+00 
 3199.000  4.004174e+00 
 3200.000  3.271213e+00 
 3201.000  3.189027e+00 
 3202.000  3.261354e+00 
 3203.000  3.263894e+00 
 3204.000  3.247866e+00 
 3205.000  3.245951e+00 
 3206.000  2.923570e+00 
 3207.000  2.919601e+00 
 3208.000  2.916252e+00 
 3209.000  2.912889e+00 
 3210.000  2.905962e+00 
 3211.000  2.924736e+00 
 3212.000  2.919932e+00 
 3213.000  2.918340e+00 
 3214.000  2.914185e+00 
 3215.000  2.848184e+00 
 3216.000  3.273632e+00 
 3217.000  3.270488e+00 
 3218.000  3.271128e+00 
 3219.000  3.263432e+00 
 3220.000  3.261589e+00 
 3221.000  3.685096e+00 
 3222.000  3.685351e+00 
 3223.000  3.670238e+00 
 3224.000  3.650401e+00 
 3225.000  3.669658e+00 
 3226.000  4.110148e+00 
 3227.000  4.118786e+00 
 3228.000  4.109072e+00 
 3229.000  4.097893e+00 
 3230.000  4.096232e+00 
 3231.000  4.095625e+00 
 3232.000  4.704927e+00 
 3233.000  4.697848e+00 
 3234.000  4.629261e+00 
 3235.000  4.694312e+00 
 3236.000  4.691107e+00 
 3237.000  4.990438e+00 
 3238.000  4.984273e+00 
 3239.000  4.970075e+00 
 3240.000  4.967144e+00 
 3241.000  4.954839e+00 
 3242.000  4.975012e+00 
 3243.000  4.908825e+00 
 3244.000  4.971375e+00 
 3245.000  4.958866e+00 
 3246.000  4.994577e+00 
 3247.000  5.128129e+00 
 3248.000  5.119905e+00 
 3249.000  5.109434e+00 
 3250.000  5.107857e+00 
 3251.000  5.103220e+00 
 3252.000  5.094362e+00 
 3253.000  4.922537e+00 
 3254.000  4.885876e+00 
 3255.000  4.889865e+00 
 3256.000  4.903711e+00 
 3257.000  4.915604e+00 
 3258.000  4.718945e+00 
 3259.000  4.724365e+00 
 3260.000  4.674768e+00 
 3261.000  4.713402e+00 
 3262.000  4.690648e+00 
 3263.000  4.966001e+00 
 3264.000  4.973426e+00 
 3265.000  4.972927e+00 
 3266.000  4.929782e+00 
 3267.000  4.974511e+00 
 3268.000  5.425373e+00 
 3269.000  5.398476e+00 
 3270.000  5.409678e+00 
 3271.000  5.394858e+00 
 3272.000  5.397130e+00 
 3273.000  5.380811e+00 
 3274.000  5.860774e+00 
 3275.000  5.851448e+00 
 3276.000  5.761557e+00 
 3277.000  5.832947e+00 
 3278.000  5.837930e+00 
 3279.000  6.266601e+00 
 3280.000  6.246410e+00 
 3281.000  6.164727e+00 
 3282.000  6.227558e+00 
 3283.000  6.218731e+00 
 3284.000  6.231843e+00 
 3285.000  6.143517e+00 
 3286.000  6.206216e+00 
 3287.000  6.201256e+00 
 3288.000  6.191504e+00 
 3289.000  6.197640e+00 
 3290.000  5.747133e+00 
 3291.000  5.677585e+00 
 3292.000  5.727600e+00 
 3293.000  5.710658e+00 
 3294.000  5.692950e+00 
 3295.000  5.100686e+00 
 3296.000  5.020267e+00 
 3297.000  4.897352e+00 
 3298.000  4.968876e+00 
 3299.000  5.085690e+00 
 3300.000  5.127636e+00 
 3301.000  4.484254e+00 
 3302.000  4.518817e+00 
 3303.000  4.515843e+00 
 3304.000  4.515011e+00 
 3305.000  4.510308e+00 
 3306.000  3.765187e+00 
 3307.000  3.775107e+00 
 3308.000  3.767943e+00 
 3309.000  3.767161e+00 
 3310.000  3.760739e+00 
 3311.000  3.723249e+00 
 3312.000  3.363189e+00 
 3313.000  3.348470e+00 
 3314.000  3.362261e+00 
 3315.000  3.355515e+00 
 3316.000  3.327545e+00 
 3317.000  3.809855e+00 
 3318.000  3.770086e+00 
 3319.000  3.785095e+00 
 3320.000  3.436628e+00 
 3321.000  3.774255e+00 
 3322.000  3.795635e+00 
 3323.000  4.650342e+00 
 3324.000  4.659113e+00 
 3325.000  4.620085e+00 
 3326.000  4.626781e+00 
 3327.000  4.634760e+00 
 3328.000  5.506179e+00 
 3329.000  5.505573e+00 
 3330.000  5.501668e+00 
 3331.000  5.461906e+00 
 3332.000  5.454967e+00 
 3333.000  5.490373e+00 
 3334.000  5.954440e+00 
 3335.000  5.936468e+00 
 3336.000  5.936724e+00 
 3337.000  5.910577e+00 
 3338.000  5.912068e+00 
 3339.000  6.045080e+00 
 3340.000  5.988301e+00 
 3341.000  5.947622e+00 
 3342.000  6.027191e+00 
 3343.000  6.014452e+00 
 3344.000  6.025561e+00 
 3345.000  6.065702e+00 
 3346.000  6.047838e+00 
 3347.000  6.055539e+00 
 3348.000  6.052203e+00 
 3349.000  6.042554e+00 
 3350.000  5.953334e+00 
 3351.000  5.962173e+00 
 3352.000  5.967625e+00 
 3353.000  5.870954e+00 
 3354.000  5.950391e+00 
 3355.000  5.945804e+00 
 3356.000  6.099294e+00 
 3357.000  6.084380e+00 
 3358.000  6.057644e+00 
 3359.000  6.080457e+00 
 3360.000  6.071769e+00 
 3361.000  6.058206e+00 
 3362.000  6.212785e+00 
 3363.000  6.212134e+00 
 3364.000  6.210960e+00 
 3365.000  6.176518e+00 
 3366.000  6.119198e+00 
 3367.000  6.162764e+00 
 3368.000  6.390800e+00 
 3369.000  6.345725e+00 
 3370.000  6.229210e+00 
 3371.000  6.361786e+00 
 3372.000  6.372397e+00 
 3373.000  6.560938e+00 
 3374.000  6.517978e+00 
 3375.000  6.569917e+00 
 3376.000  6.566291e+00 
 3377.000  6.540016e+00 
 3378.000  6.521654e+00 
 3379.000  6.717908e+00 
 3380.000  6.728319e+00 
 3381.000  6.701444e+00 
 3382.000  6.647798e+00 
 3383.000  6.654623e+00 
 3384.000  6.665195e+00 
 3385.000  6.823229e+00 
 3386.000  6.827810e+00 
 3387.000  6.818689e+00 
 3388.000  6.807538e+00 
 3389.000  6.795990e+00 
 3390.000  6.879240e+00 
 3391.000  6.871354e+00 
 3392.000  6.857113e+00 
 3393.000  6.847913e+00 
 3394.000  6.842187e+00 
 3395.000  6.828508e+00 
 3396.000  6.839875e+00 
 3397.000  6.617621e+00 
 3398.000  6.803520e+00 
 3399.000  6.695870e+00 
 3400.000  6.864728e+00 
 3401.000  6.510126e+00 
 3402.000  6.883497e+00 
 3403.000  6.882257e+00 
 3404.000  6.891781e+00 
 3405.000  6.879383e+00 
 3406.000  6.874108e+00 
 3407.000  6.827548e+00 
 3408.000  6.987014e+00 
 3409.000  6.873057e+00 
 3410.000  6.929493e+00 
 3411.000  6.962711e+00 
 3412.000  6.959488e+00 
 3413.000  7.083303e+00 
 3414.000  7.092828e+00 
 3415.000  6.984424e+00 
 3416.000  6.901824e+00 
 3417.000  7.064631e+00 
 3418.000  7.083608e+00 
 3419.000  7.182924e+00 
 3420.000  7.180998e+00 
 3421.000  7.167161e+00 
 3422.000  7.137008e+00 
 3423.000  7.154248e+00 
 3424.000  7.145119e+00 
 3425.000  7.257268e+00 
 3426.000  7.248507e+00 
 3427.000  7.060374e+00 
 3428.000  7.142868e+00 
 3429.000  7.202684e+00 
 3430.000  7.213456e+00 
 3431.000  7.204058e+00 
 3432.000  7.239173e+00 
 3433.000  7.216165e+00 
 3434.000  7.220306e+00 
 3435.000  7.194065e+00 
 3436.000  7.202127e+00 
 3437.000  7.221220e+00 
 3438.000  7.230886e+00 
 3439.000  7.223686e+00 
 3440.000  7.213154e+00 
 3441.000  7.208299e+00 
 3442.000  7.144266e+00 
 3443.000  7.263467e+00 
 3444.000  7.253573e+00 
 3445.000  7.232595e+00 
 3446.000  7.217615e+00 
 3447.000  7.227891e+00 
 3448.000  7.205771e+00 
 3449.000  7.269543e+00 
 3450.000  7.259111e+00 
 3451.000  7.262033e+00 
 3452.000  7.250418e+00 
 3453.000  7.242869e+00 
 3454.000  7.221843e+00 
 3455.000  7.296600e+00 
 3456.000  7.265419e+00 
 3457.000  7.276373e+00 
 3458.000  7.262468e+00 
 3459.000  7.268879e+00 
 3460.000  7.248169e+00 
 3461.000  7.282954e+00 
 3462.000  7.278915e+00 
 3463.000  7.273036e+00 
 3464.000  7.251794e+00 
 3465.000  7.252128e+00 
 3466.000  7.209610e+00 
 3467.000  7.216246e+00 
 3468.000  7.223141e+00 
 3469.000  7.216395e+00 
 3470.000  7.214698e+00 
 3471.000  7.151655e+00 
 3472.000  7.179288e+00 
 3473.000  7.131101e+00 
 3474.000  7.169570e+00 
 3475.000  7.157935e+00 
 3476.000  7.166945e+00 
 3477.000  7.089339e+00 
 3478.000  7.155142e+00 
 3479.000  7.181394e+00 
 3480.000  7.172276e+00 
 3481.000  7.148986e+00 
 3482.000  7.159073e+00 
 3483.000  7.148236e+00 
 3484.000  7.128702e+00 
 3485.000  7.190811e+00 
 3486.000  7.158167e+00 
 3487.000  7.176174e+00 
 3488.000  7.181258e+00 
 3489.000  7.172705e+00 
 3490.000  7.133359e+00 
 3491.000  7.260600e+00 
 3492.000  7.223264e+00 
 3493.000  7.243525e+00 
 3494.000  7.176527e+00 
 3495.000  7.227102e+00 
 3496.000  7.234474e+00 
 3497.000  7.318825e+00 
 3498.000  7.305858e+00 
 3499.000  7.301008e+00 
 3500.000  7.294474e+00 
 3501.000  7.219420e+00 
 3502.000  7.276632e+00 
 3503.000  7.324794e+00 
 3504.000  7.318513e+00 
 3505.000  7.310122e+00 
 3506.000  7.304132e+00 
 3507.000  7.294630e+00 
 3508.000  7.272398e+00 
 3509.000  7.266144e+00 
 3510.000  7.259700e+00 
 3511.000  7.253140e+00 
 3512.000  7.224590e+00 
 3513.000  7.232527e+00 
 3514.000  7.224125e+00 
 3515.000  7.136354e+00 
 3516.000  7.105484e+00 
 3517.000  7.115095e+00 
 3518.000  7.097581e+00 
 3519.000  7.099124e+00 
 3520.000  7.085715e+00 
 3521.000  7.090730e+00 
 3522.000  6.937000e+00 
 3523.000  6.922374e+00 
 3524.000  6.854907e+00 
 3525.000  6.928147e+00 
 3526.000  6.922153e+00 
 3527.000  6.902229e+00 
 3528.000  6.730379e+00 
 3529.000  6.722106e+00 
 3530.000  6.725364e+00 
 3531.000  6.682609e+00 
 3532.000  6.713253e+00 
 3533.000  6.706972e+00 
 3534.000  6.539207e+00 
 3535.000  6.514740e+00 
 3536.000  6.566827e+00 
 3537.000  6.558630e+00 
 3538.000  6.425127e+00 
 3539.000  6.502038e+00 
 3540.000  6.506751e+00 
 3541.000  6.516096e+00 
 3542.000  6.501763e+00 
 3543.000  6.496804e+00 
 3544.000  6.494099e+00 
 3545.000  6.477805e+00 
 3546.000  6.474213e+00 
 3547.000  6.489529e+00 
 3548.000  6.474184e+00 
 3549.000  6.474885e+00 
 3550.000  6.469256e+00 
 3551.000  6.459793e+00 
 3552.000  6.453612e+00 
 3553.000  6.478910e+00 
 3554.000  6.481451e+00 
 3555.000  6.433644e+00 
 3556.000  6.309300e+00 
 3557.000  6.461273e+00 
 3558.000  6.449874e+00 
 3559.000  6.453609e+00 
 3560.000  6.307128e+00 
 3561.000  6.425700e+00 
 3562.000  6.437391e+00 
 3563.000  6.427697e+00 
 3564.000  6.399601e+00 
 3565.000  6.416362e+00 
 3566.000  6.341290e+00 
 3567.000  6.337164e+00 
 3568.000  6.332656e+00 
 3569.000  6.317109e+00 
 3570.000  6.304244e+00 
 3571.000  6.161786e+00 
 3572.000  6.278700e+00 
 3573.000  6.278792e+00 
 3574.000  6.266196e+00 
 3575.000  6.261967e+00 
 3576.000  6.260029e+00 
 3577.000  6.242182e+00 
 3578.000  6.261067e+00 
 3579.000  6.254494e+00 
 3580.000  6.162202e+00 
 3581.000  6.226165e+00 
 3582.000  6.225133e+00 
 3583.000  6.231765e+00 
 3584.000  6.150423e+00 
 3585.000  6.250817e+00 
 3586.000  6.249974e+00 
 3587.000  6.242490e+00 
 3588.000  6.249548e+00 
 3589.000  6.238695e+00 
 3590.000  6.237895e+00 
 3591.000  6.347484e+00 
 3592.000  6.345754e+00 
 3593.000  6.321351e+00 
 3594.000  6.323537e+00 
 3595.000  6.329890e+00 
 3596.000  6.250564e+00 
 3597.000  6.254190e+00 
 3598.000  6.422268e+00 
 3599.000  6.386593e+00 
 3600.000  6.397618e+00 
 3601.000  6.376282e+00 
 3602.000  6.396785e+00 
 3603.000  6.381455e+00 
 3604.000  6.462395e+00 
 3605.000  6.447262e+00 
 3606.000  6.453396e+00 
 3607.000  6.434237e+00 
 3608.000  6.437013e+00 
 3609.000  6.424166e+00 
 3610.000  6.410949e+00 
 3611.000  6.523755e+00 
 3612.000  6.510684e+00 
 3613.000  6.504705e+00 
 3614.000  6.502434e+00 
 3615.000  6.495307e+00 
 3616.000  6.485634e+00 
 3617.000  6.561685e+00 
 3618.000  6.554521e+00 
 3619.000  6.546512e+00 
 3620.000  6.539109e+00 
 3621.000  6.530046e+00 
 3622.000  6.528655e+00 
 3623.000  6.518822e+00 
 3624.000  6.543957e+00 
 3625.000  6.538509e+00 
 3626.000  6.542795e+00 
 3627.000  6.537076e+00 
 3628.000  6.528963e+00 
 3629.000  6.505928e+00 
 3630.000  6.541089e+00 
 3631.000  6.571584e+00 
 3632.000  6.572293e+00 
 3633.000  6.562129e+00 
 3634.000  6.554988e+00 
 3635.000  6.552202e+00 
 3636.000  6.532313e+00 
 3637.000  6.548192e+00 
 3638.000  6.567936e+00 
 3639.000  6.564026e+00 
 3640.000  6.532694e+00 
 3641.000  6.551743e+00 
 3642.000  6.538367e+00 
 3643.000  6.523728e+00 
 3644.000  6.420454e+00 
 3645.000  6.453178e+00 
 3646.000  6.502794e+00 
 3647.000  6.484635e+00 
 3648.000  6.483685e+00 
 3649.000  6.459266e+00 
 3650.000  6.434621e+00 
 3651.000  6.421046e+00 
 3652.000  6.404194e+00 
 3653.000  6.268504e+00 
 3654.000  6.274693e+00 
 3655.000  6.374858e+00 
 3656.000  6.380442e+00 
 3657.000  6.262039e+00 
 3658.000  6.243907e+00 
 3659.000  6.154153e+00 
 3660.000  6.168960e+00 
 3661.000  6.244293e+00 
 3662.000  6.221431e+00 
 3663.000  6.216387e+00 
 3664.000  6.056994e+00 
 3665.000  6.052639e+00 
 3666.000  6.045075e+00 
 3667.000  6.039577e+00 
 3668.000  5.946399e+00 
 3669.000  6.022607e+00 
 3670.000  5.958378e+00 
 3671.000  5.840713e+00 
 3672.000  5.936883e+00 
 3673.000  5.931948e+00 
 3674.000  5.933100e+00 
 3675.000  5.925220e+00 
 3676.000  5.919244e+00 
 3677.000  5.861136e+00 
 3678.000  5.966551e+00 
 3679.000  5.766198e+00 
 3680.000  5.970737e+00 
 3681.000  5.967472e+00 
 3682.000  5.884117e+00 
 3683.000  5.717790e+00 
 3684.000  5.990091e+00 
 3685.000  6.061787e+00 
 3686.000  6.075180e+00 
 3687.000  6.047890e+00 
 3688.000  6.062029e+00 
 3689.000  6.033841e+00 
 3690.000  6.004806e+00 
 3691.000  6.156897e+00 
 3692.000  6.147144e+00 
 3693.000  6.165447e+00 
 3694.000  6.147202e+00 
 3695.000  6.115630e+00 
 3696.000  6.108096e+00 
 3697.000  6.127674e+00 
 3698.000  6.129796e+00 
 3699.000  5.937168e+00 
 3700.000  5.966506e+00 
 3701.000  6.018883e+00 
 3702.000  6.070543e+00 
 3703.000  6.189540e+00 
 3704.000  6.184783e+00 
 3705.000  6.055955e+00 
 3706.000  6.131573e+00 
 3707.000  6.089406e+00 
 3708.000  6.132138e+00 
 3709.000  6.004642e+00 
 3710.000  6.139513e+00 
 3711.000  6.070654e+00 
 3712.000  6.019380e+00 
 3713.000  6.097470e+00 
 3714.000  6.064432e+00 
 3715.000  6.021433e+00 
 3716.000  6.072169e+00 
 3717.000  6.084957e+00 
 3718.000  6.072827e+00 
 3719.000  6.050255e+00 
 3720.000  6.074448e+00 
 3721.000  6.014532e+00 
 3722.000  6.021515e+00 
 3723.000  6.052790e+00 
 3724.000  6.047052e+00 
 3725.000  5.987488e+00 
 3726.000  6.011582e+00 
 3727.000  5.988680e+00 
 3728.000  5.992310e+00 
 3729.000  5.962111e+00 
 3730.000  5.980705e+00 
 3731.000  5.965810e+00 
 3732.000  5.946983e+00 
 3733.000  5.954396e+00 
 3734.000  5.945948e+00 
 3735.000  5.874815e+00 
 3736.000  5.834590e+00 
 3737.000  5.878314e+00 
 3738.000  5.807798e+00 
 3739.000  5.676825e+00 
 3740.000  5.589953e+00 
 3741.000  5.539745e+00 
 3742.000  5.749814e+00 
 3743.000  5.818460e+00 
 3744.000  5.806125e+00 
 3745.000  5.627119e+00 
 3746.000  5.556360e+00 
 3747.000  5.672766e+00 
 3748.000  5.817519e+00 
 3749.000  5.798775e+00 
 3750.000  5.771367e+00 
 3751.000  5.762438e+00 
 3752.000  5.807108e+00 
 3753.000  5.625102e+00 
 3754.000  5.701103e+00 
 3755.000  5.733440e+00 
 3756.000  5.762657e+00 
 3757.000  5.746741e+00 
 3758.000  5.707348e+00 
 3759.000  5.720547e+00 
 3760.000  5.730956e+00 
 3761.000  5.757105e+00 
 3762.000  5.710381e+00 
 3763.000  5.626730e+00 
 3764.000  5.724870e+00 
 3765.000  5.703753e+00 
 3766.000  5.718759e+00 
 3767.000  5.713667e+00 
 3768.000  5.685895e+00 
 3769.000  5.673058e+00 
 3770.000  5.682104e+00 
 3771.000  5.646195e+00 
 3772.000  5.678970e+00 
 3773.000  5.599427e+00 
 3774.000  5.652857e+00 
 3775.000  5.671598e+00 
 3776.000  5.566352e+00 
 3777.000  5.554362e+00 
 3778.000  5.649487e+00 
 3779.000  5.628591e+00 
 3780.000  5.609494e+00 
 3781.000  5.623666e+00 
 3782.000  5.581736e+00 
 3783.000  5.639969e+00 
 3784.000  5.624664e+00 
 3785.000  5.624291e+00 
 3786.000  5.608463e+00 
 3787.000  5.477769e+00 
 3788.000  5.602173e+00 
 3789.000  5.598734e+00 
 3790.000  5.603706e+00 
 3791.000  5.502140e+00 
 3792.000  5.567141e+00 
 3793.000  5.507982e+00 
 3794.000  5.579231e+00 
 3795.000  5.550941e+00 
 3796.000  5.597783e+00 
 3797.000  5.601370e+00 
 3798.000  5.576999e+00 
 3799.000  5.540279e+00 
 3800.000  5.478680e+00 
 3801.000  5.585397e+00 
 3802.000  5.565103e+00 
 3803.000  5.598528e+00 
 3804.000  5.577358e+00 
 3805.000  5.580489e+00 
 3806.000  5.566884e+00 
 3807.000  5.495065e+00 
 3808.000  5.529839e+00 
 3809.000  5.547134e+00 
 3810.000  5.537170e+00 
 3811.000  5.561316e+00 
 3812.000  5.574775e+00 
 3813.000  5.536814e+00 
 3814.000  5.556761e+00 
 3815.000  5.555389e+00 
 3816.000  5.503128e+00 
 3817.000  5.510417e+00 
 3818.000  5.471700e+00 
 3819.000  5.552750e+00 
 3820.000  5.555696e+00 
 3821.000  5.553099e+00 
 3822.000  5.545827e+00 
 3823.000  5.517938e+00 
 3824.000  5.524375e+00 
 3825.000  5.501495e+00 
 3826.000  5.502435e+00 
 3827.000  5.499029e+00 
 3828.000  5.480217e+00 
 3829.000  5.481316e+00 
 3830.000  5.482067e+00 
 3831.000  5.471159e+00 
 3832.000  5.415520e+00 
 3833.000  5.382043e+00 
 3834.000  5.401011e+00 
 3835.000  5.359704e+00 
 3836.000  5.318055e+00 
 3837.000  5.361015e+00 
 3838.000  5.380551e+00 
 3839.000  5.314476e+00 
 3840.000  5.310004e+00 
 3841.000  5.304479e+00 
 3842.000  5.294641e+00 
 3843.000  5.289053e+00 
 3844.000  5.282854e+00 
 3845.000  5.280241e+00 
 3846.000  5.283547e+00 
 3847.000  5.180834e+00 
 3848.000  5.178730e+00 
 3849.000  5.173287e+00 
 3850.000  5.145850e+00 
 3851.000  5.154020e+00 
 3852.000  5.154414e+00 
 3853.000  5.134305e+00 
 3854.000  5.036460e+00 
 3855.000  5.032275e+00 
 3856.000  5.026937e+00 
 3857.000  5.017427e+00 
 3858.000  5.006416e+00 
 3859.000  4.981582e+00 
 3860.000  4.968779e+00 
 3861.000  4.995058e+00 
 3862.000  4.884330e+00 
 3863.000  4.767471e+00 
 3864.000  4.839167e+00 
 3865.000  4.856011e+00 
 3866.000  4.864808e+00 
 3867.000  4.807998e+00 
 3868.000  4.835618e+00 
 3869.000  4.731044e+00 
 3870.000  4.757822e+00 
 3871.000  4.732320e+00 
 3872.000  4.670047e+00 
 3873.000  4.744684e+00 
 3874.000  4.737720e+00 
 3875.000  4.726727e+00 
 3876.000  4.711813e+00 
 3877.000  4.707249e+00 
 3878.000  4.701703e+00 
 3879.000  4.694329e+00 
 3880.000  4.691358e+00 
 3881.000  4.683027e+00 
 3882.000  4.666801e+00 
 3883.000  4.661973e+00 
 3884.000  4.689019e+00 
 3885.000  4.561330e+00 
 3886.000  4.626534e+00 
 3887.000  4.677931e+00 
 3888.000  4.677835e+00 
 3889.000  4.676828e+00 
 3890.000  4.661409e+00 
 3891.000  4.656011e+00 
 3892.000  4.707519e+00 
 3893.000  4.706165e+00 
 3894.000  4.687087e+00 
 3895.000  4.698593e+00 
 3896.000  4.677304e+00 
 3897.000  4.628406e+00 
 3898.000  4.607201e+00 
 3899.000  4.695767e+00 
 3900.000  4.662583e+00 
 3901.000  4.684522e+00 
 3902.000  4.683090e+00 
 3903.000  4.670430e+00 
 3904.000  4.674890e+00 
 3905.000  4.668985e+00 
 3906.000  4.651402e+00 
 3907.000  4.663274e+00 
 3908.000  4.651437e+00 
 3909.000  4.653738e+00 
 3910.000  4.650256e+00 
 3911.000  4.647202e+00 
 3912.000  4.644174e+00 
 3913.000  4.637217e+00 
 3914.000  4.643568e+00 
 3915.000  4.651426e+00 
 3916.000  4.638996e+00 
 3917.000  4.637528e+00 
 3918.000  4.626393e+00 
 3919.000  4.617686e+00 
 3920.000  4.631502e+00 
 3921.000  4.608950e+00 
 3922.000  4.649545e+00 
 3923.000  4.648522e+00 
 3924.000  4.643734e+00 
 3925.000  4.643625e+00 
 3926.000  4.627536e+00 
 3927.000  4.628812e+00 
 3928.000  4.635735e+00 
 3929.000  4.630848e+00 
 3930.000  4.684978e+00 
 3931.000  4.681783e+00 
 3932.000  4.657764e+00 
 3933.000  4.669300e+00 
 3934.000  4.611215e+00 
 3935.000  4.641964e+00 
 3936.000  4.662728e+00 
 3937.000  4.660026e+00 
 3938.000  4.698231e+00 
 3939.000  4.718492e+00 
 3940.000  4.714380e+00 
 3941.000  4.707900e+00 
 3942.000  4.706987e+00 
 3943.000  4.704427e+00 
 3944.000  4.664511e+00 
 3945.000  4.775238e+00 
 3946.000  4.760822e+00 
 3947.000  4.761318e+00 
 3948.000  4.736875e+00 
 3949.000  4.750806e+00 
 3950.000  4.699715e+00 
 3951.000  4.732941e+00 
 3952.000  4.607487e+00 
 3953.000  4.757957e+00 
 3954.000  4.752873e+00 
 3955.000  4.744895e+00 
 3956.000  4.701458e+00 
 3957.000  4.710379e+00 
 3958.000  4.670249e+00 
 3959.000  4.680920e+00 
 3960.000  4.731008e+00 
 3961.000  4.741433e+00 
 3962.000  4.698803e+00 
 3963.000  4.734403e+00 
 3964.000  4.711547e+00 
 3965.000  4.707881e+00 
 3966.000  4.712359e+00 
 3967.000  4.707656e+00 
 3968.000  4.716504e+00 
 3969.000  4.688211e+00 
 3970.000  4.673893e+00 
 3971.000  4.654532e+00 
 3972.000  4.678394e+00 
 3973.000  4.635327e+00 
 3974.000  4.652166e+00 
 3975.000  4.666141e+00 
 3976.000  4.662937e+00 
 3977.000  4.583601e+00 
 3978.000  4.602830e+00 
 3979.000  4.587090e+00 
 3980.000  4.591968e+00 
 3981.000  4.601649e+00 
 3982.000  4.591612e+00 
 3983.000  4.571523e+00 
 3984.000  4.569256e+00 
 3985.000  4.519863e+00 
 3986.000  4.419279e+00 
 3987.000  4.544961e+00 
 3988.000  4.549245e+00 
 3989.000  4.517951e+00 
 3990.000  4.515668e+00 
 3991.000  4.449604e+00 
 3992.000  4.503465e+00 
 3993.000  4.413192e+00 
 3994.000  4.406567e+00 
 3995.000  4.380126e+00 
 3996.000  4.306544e+00 
 3997.000  4.419126e+00 
 3998.000  4.394966e+00 
 3999.000  4.312055e+00 
 4000.000  4.354541e+00 
