  290.000  0.000000e+00 
  291.000  2.034081e-06 
  292.000  2.679265e-05 
  293.000  8.613527e-05 
  294.000  5.885802e-04 
  295.000  1.741185e-03 
  296.000  1.056769e-02 
  297.000  1.518905e-02 
  298.000  8.322434e-02 
  299.000  1.622860e-01 
  300.000  3.093948e-01 
  301.000  9.018422e-01 
  302.000  1.054540e+00 
  303.000  2.920111e+00 
  304.000  3.478548e+00 
  305.000  6.600642e+00 
  306.000  7.527174e+00 
  307.000  1.145151e+01 
  308.000  1.518794e+01 
  309.000  1.668105e+01 
  310.000  1.902672e+01 
  311.000  3.763636e+01 
  312.000  3.281575e+01 
  313.000  4.286308e+01 
  314.000  4.498852e+01 
  315.000  5.490109e+01 
  316.000  4.380193e+01 
  317.000  6.474722e+01 
  318.000  6.429955e+01 
  319.000  7.348020e+01 
  320.000  7.268587e+01 
  321.000  9.108353e+01 
  322.000  8.207719e+01 
  323.000  7.315640e+01 
  324.000  9.364996e+01 
  325.000  1.062389e+02 
  326.000  1.488302e+02 
  327.000  1.531329e+02 
  328.000  1.294164e+02 
  329.000  1.558615e+02 
  330.000  1.662670e+02 
  331.000  1.376616e+02 
  332.000  1.540417e+02 
  333.000  1.775824e+02 
  334.000  1.514120e+02 
  335.000  1.657211e+02 
  336.000  1.267491e+02 
  337.000  1.233646e+02 
  338.000  1.530328e+02 
  339.000  1.566365e+02 
  340.000  1.791659e+02 
  341.000  1.537058e+02 
  342.000  1.637721e+02 
  343.000  1.670598e+02 
  344.000  1.533941e+02 
  345.000  2.002189e+02 
  346.000  2.254396e+02 
  347.000  2.176350e+02 
  348.000  2.078894e+02 
  349.000  2.311671e+02 
  350.000  2.396086e+02 
  351.000  2.306369e+02 
  352.000  2.395655e+02 
  353.000  2.214587e+02 
  354.000  2.590223e+02 
  355.000  2.659061e+02 
  356.000  2.546271e+02 
  357.000  1.648012e+02 
  358.000  1.812867e+02 
  359.000  1.846081e+02 
  360.000  2.771553e+02 
  361.000  2.223838e+02 
  362.000  2.468741e+02 
  363.000  2.656772e+02 
  364.000  2.682365e+02 
  365.000  2.540123e+02 
  366.000  3.525354e+02 
  367.000  3.189138e+02 
  368.000  3.040002e+02 
  369.000  2.955278e+02 
  370.000  3.434527e+02 
  371.000  2.771331e+02 
  372.000  2.946784e+02 
  373.000  2.965693e+02 
  374.000  2.318855e+02 
  375.000  2.143800e+02 
  376.000  3.094287e+02 
  377.000  3.193396e+02 
  378.000  4.164013e+02 
  379.000  3.230974e+02 
  380.000  3.049528e+02 
  381.000  3.449105e+02 
  382.000  2.595896e+02 
  383.000  1.821491e+02 
  384.000  2.017019e+02 
  385.000  3.052786e+02 
  386.000  2.382493e+02 
  387.000  2.748560e+02 
  388.000  2.735243e+02 
  389.000  3.130151e+02 
  390.000  3.810570e+02 
  391.000  4.279463e+02 
  392.000  3.817310e+02 
  393.000  2.053877e+02 
  394.000  2.280765e+02 
  395.000  3.841563e+02 
  396.000  3.967074e+02 
  397.000  1.619746e+02 
  398.000  4.545923e+02 
  399.000  5.467292e+02 
  400.000  5.387214e+02 
  401.000  5.366082e+02 
  402.000  5.698808e+02 
  403.000  5.348284e+02 
  404.000  5.758669e+02 
  405.000  5.291168e+02 
  406.000  5.261060e+02 
  407.000  5.133316e+02 
  408.000  5.571070e+02 
  409.000  6.177201e+02 
  410.000  5.173150e+02 
  411.000  6.084774e+02 
  412.000  6.314891e+02 
  413.000  5.974642e+02 
  414.000  5.872674e+02 
  415.000  6.272662e+02 
  416.000  6.243450e+02 
  417.000  6.062030e+02 
  418.000  5.938275e+02 
  419.000  6.092117e+02 
  420.000  5.163340e+02 
  421.000  6.477524e+02 
  422.000  6.214701e+02 
  423.000  5.255250e+02 
  424.000  5.787590e+02 
  425.000  6.001385e+02 
  426.000  5.775853e+02 
  427.000  5.562226e+02 
  428.000  5.638693e+02 
  429.000  5.135687e+02 
  430.000  4.102721e+02 
  431.000  3.692724e+02 
  432.000  6.654077e+02 
  433.000  5.929343e+02 
  434.000  5.641456e+02 
  435.000  6.144072e+02 
  436.000  6.819759e+02 
  437.000  6.892446e+02 
  438.000  6.180276e+02 
  439.000  5.986318e+02 
  440.000  6.715909e+02 
  441.000  6.700484e+02 
  442.000  7.063582e+02 
  443.000  7.117421e+02 
  444.000  7.077694e+02 
  445.000  7.451697e+02 
  446.000  6.639064e+02 
  447.000  7.578724e+02 
  448.000  7.711693e+02 
  449.000  7.770909e+02 
  450.000  7.947100e+02 
  451.000  8.595732e+02 
  452.000  7.997318e+02 
  453.000  7.429642e+02 
  454.000  7.927384e+02 
  455.000  7.989017e+02 
  456.000  8.188804e+02 
  457.000  8.240844e+02 
  458.000  8.101904e+02 
  459.000  8.106813e+02 
  460.000  8.042036e+02 
  461.000  8.339525e+02 
  462.000  8.209438e+02 
  463.000  8.217161e+02 
  464.000  8.249906e+02 
  465.000  8.134914e+02 
  466.000  8.398088e+02 
  467.000  8.106820e+02 
  468.000  8.586909e+02 
  469.000  8.515831e+02 
  470.000  8.402457e+02 
  471.000  8.390952e+02 
  472.000  8.496867e+02 
  473.000  8.407260e+02 
  474.000  8.477502e+02 
  475.000  8.822224e+02 
  476.000  8.552454e+02 
  477.000  8.475475e+02 
  478.000  8.896986e+02 
  479.000  8.495809e+02 
  480.000  8.665832e+02 
  481.000  8.615493e+02 
  482.000  8.798314e+02 
  483.000  8.809971e+02 
  484.000  8.473441e+02 
  485.000  8.538154e+02 
  486.000  6.924760e+02 
  487.000  7.785642e+02 
  488.000  8.456320e+02 
  489.000  7.863435e+02 
  490.000  8.955011e+02 
  491.000  8.382295e+02 
  492.000  8.057612e+02 
  493.000  8.680739e+02 
  494.000  8.388592e+02 
  495.000  8.970061e+02 
  496.000  8.738415e+02 
  497.000  8.478854e+02 
  498.000  8.280607e+02 
  499.000  8.262663e+02 
  500.000  8.228293e+02 
  501.000  8.045747e+02 
  502.000  7.994911e+02 
  503.000  8.473475e+02 
  504.000  7.885500e+02 
  505.000  8.507135e+02 
  506.000  9.109555e+02 
  507.000  8.477932e+02 
  508.000  8.132471e+02 
  509.000  8.771708e+02 
  510.000  8.501301e+02 
  511.000  8.505601e+02 
  512.000  8.928891e+02 
  513.000  8.173564e+02 
  514.000  8.003564e+02 
  515.000  8.172336e+02 
  516.000  8.585521e+02 
  517.000  6.324987e+02 
  518.000  7.831437e+02 
  519.000  7.420237e+02 
  520.000  8.170201e+02 
  521.000  8.175389e+02 
  522.000  8.500345e+02 
  523.000  7.919012e+02 
  524.000  8.592258e+02 
  525.000  8.523957e+02 
  526.000  8.123784e+02 
  527.000  7.096765e+02 
  528.000  8.523426e+02 
  529.000  8.765601e+02 
  530.000  8.282886e+02 
  531.000  9.016064e+02 
  532.000  8.601492e+02 
  533.000  7.555425e+02 
  534.000  8.216609e+02 
  535.000  8.383928e+02 
  536.000  8.896862e+02 
  537.000  8.254759e+02 
  538.000  8.641675e+02 
  539.000  8.613846e+02 
  540.000  8.430491e+02 
  541.000  7.731307e+02 
  542.000  8.625103e+02 
  543.000  8.251089e+02 
  544.000  8.703745e+02 
  545.000  8.575043e+02 
  546.000  8.385284e+02 
  547.000  8.742524e+02 
  548.000  8.112651e+02 
  549.000  8.538987e+02 
  550.000  8.353433e+02 
  551.000  8.304176e+02 
  552.000  8.665375e+02 
  553.000  8.328986e+02 
  554.000  8.604329e+02 
  555.000  8.631807e+02 
  556.000  8.397043e+02 
  557.000  8.150800e+02 
  558.000  8.463441e+02 
  559.000  8.002597e+02 
  560.000  8.040399e+02 
  561.000  8.839470e+02 
  562.000  8.113467e+02 
  563.000  8.490620e+02 
  564.000  8.372513e+02 
  565.000  8.471450e+02 
  566.000  7.812922e+02 
  567.000  8.373652e+02 
  568.000  8.318906e+02 
  569.000  8.066960e+02 
  570.000  8.127623e+02 
  571.000  7.907201e+02 
  572.000  8.298559e+02 
  573.000  8.408333e+02 
  574.000  8.371442e+02 
  575.000  8.166547e+02 
  576.000  8.021768e+02 
  577.000  8.378405e+02 
  578.000  8.159399e+02 
  579.000  8.117598e+02 
  580.000  8.412542e+02 
  581.000  8.284355e+02 
  582.000  8.423320e+02 
  583.000  8.489394e+02 
  584.000  8.469949e+02 
  585.000  8.418531e+02 
  586.000  8.062577e+02 
  587.000  8.352491e+02 
  588.000  8.142597e+02 
  589.000  7.046367e+02 
  590.000  7.348491e+02 
  591.000  7.942319e+02 
  592.000  7.725023e+02 
  593.000  7.956985e+02 
  594.000  7.999987e+02 
  595.000  7.747031e+02 
  596.000  8.092184e+02 
  597.000  8.087752e+02 
  598.000  7.986193e+02 
  599.000  8.016759e+02 
  600.000  8.076488e+02 
  601.000  8.071802e+02 
  602.000  7.996612e+02 
  603.000  8.061883e+02 
  604.000  8.332021e+02 
  605.000  8.322060e+02 
  606.000  8.232501e+02 
  607.000  8.192982e+02 
  608.000  8.168917e+02 
  609.000  8.090745e+02 
  610.000  7.966640e+02 
  611.000  8.101531e+02 
  612.000  8.001494e+02 
  613.000  7.889836e+02 
  614.000  7.609899e+02 
  615.000  7.979500e+02 
  616.000  7.591660e+02 
  617.000  7.639033e+02 
  618.000  8.003528e+02 
  619.000  7.933845e+02 
  620.000  8.054550e+02 
  621.000  8.196224e+02 
  622.000  7.766304e+02 
  623.000  7.828828e+02 
  624.000  7.839168e+02 
  625.000  7.628243e+02 
  626.000  7.661473e+02 
  627.000  7.751279e+02 
  628.000  7.563179e+02 
  629.000  7.792337e+02 
  630.000  7.575792e+02 
  631.000  7.874421e+02 
  632.000  7.301450e+02 
  633.000  7.890425e+02 
  634.000  7.671360e+02 
  635.000  7.817143e+02 
  636.000  7.552361e+02 
  637.000  7.812206e+02 
  638.000  7.960491e+02 
  639.000  7.901089e+02 
  640.000  7.668606e+02 
  641.000  7.783054e+02 
  642.000  7.701217e+02 
  643.000  7.825068e+02 
  644.000  7.739072e+02 
  645.000  7.787896e+02 
  646.000  7.397840e+02 
  647.000  7.433948e+02 
  648.000  7.347757e+02 
  649.000  7.562538e+02 
  650.000  7.129214e+02 
  651.000  7.681962e+02 
  652.000  7.425558e+02 
  653.000  7.707708e+02 
  654.000  7.595417e+02 
  655.000  7.352009e+02 
  656.000  6.257472e+02 
  657.000  6.703304e+02 
  658.000  7.512072e+02 
  659.000  7.557650e+02 
  660.000  7.630441e+02 
  661.000  7.696814e+02 
  662.000  7.824487e+02 
  663.000  7.737693e+02 
  664.000  7.622061e+02 
  665.000  7.662578e+02 
  666.000  7.763174e+02 
  667.000  7.615181e+02 
  668.000  7.667308e+02 
  669.000  7.783003e+02 
  670.000  7.694387e+02 
  671.000  7.617784e+02 
  672.000  7.597044e+02 
  673.000  7.655432e+02 
  674.000  7.674197e+02 
  675.000  7.560822e+02 
  676.000  7.707214e+02 
  677.000  7.557418e+02 
  678.000  7.685986e+02 
  679.000  7.579750e+02 
  680.000  7.519061e+02 
  681.000  7.525060e+02 
  682.000  7.510745e+02 
  683.000  7.560940e+02 
  684.000  7.418456e+02 
  685.000  7.510017e+02 
  686.000  7.170908e+02 
  687.000  6.266379e+02 
  688.000  6.564299e+02 
  689.000  6.491900e+02 
  690.000  6.678051e+02 
  691.000  6.883384e+02 
  692.000  6.909510e+02 
  693.000  6.764936e+02 
  694.000  6.641117e+02 
  695.000  6.641791e+02 
  696.000  6.791382e+02 
  697.000  7.144651e+02 
  698.000  6.939394e+02 
  699.000  6.757944e+02 
  700.000  6.728142e+02 
  701.000  6.510448e+02 
  702.000  6.526776e+02 
  703.000  6.870641e+02 
  704.000  6.901454e+02 
  705.000  6.848877e+02 
  706.000  6.796710e+02 
  707.000  6.731123e+02 
  708.000  6.967641e+02 
  709.000  6.800822e+02 
  710.000  6.869723e+02 
  711.000  6.889191e+02 
  712.000  6.868101e+02 
  713.000  6.778096e+02 
  714.000  6.871305e+02 
  715.000  6.532474e+02 
  716.000  6.595993e+02 
  717.000  5.781782e+02 
  718.000  5.367301e+02 
  719.000  5.169986e+02 
  720.000  5.010627e+02 
  721.000  5.891476e+02 
  722.000  6.310359e+02 
  723.000  6.105293e+02 
  724.000  5.610579e+02 
  725.000  5.623250e+02 
  726.000  5.589031e+02 
  727.000  5.745856e+02 
  728.000  5.568166e+02 
  729.000  5.537315e+02 
  730.000  5.708559e+02 
  731.000  5.574819e+02 
  732.000  6.017723e+02 
  733.000  6.253073e+02 
  734.000  6.545253e+02 
  735.000  6.436422e+02 
  736.000  6.213920e+02 
  737.000  6.374589e+02 
  738.000  6.465628e+02 
  739.000  6.301769e+02 
  740.000  6.463122e+02 
  741.000  6.470230e+02 
  742.000  6.387922e+02 
  743.000  6.630438e+02 
  744.000  6.717844e+02 
  745.000  6.559372e+02 
  746.000  6.665417e+02 
  747.000  6.772610e+02 
  748.000  6.659539e+02 
  749.000  6.667184e+02 
  750.000  6.565552e+02 
  751.000  6.550482e+02 
  752.000  6.661729e+02 
  753.000  6.603176e+02 
  754.000  6.709846e+02 
  755.000  6.673152e+02 
  756.000  6.544418e+02 
  757.000  6.593625e+02 
  758.000  6.575728e+02 
  759.000  5.908120e+02 
  760.000  2.164054e+02 
  761.000  1.858055e+02 
  762.000  3.788529e+02 
  763.000  3.232251e+02 
  764.000  3.566820e+02 
  765.000  4.342867e+02 
  766.000  5.022552e+02 
  767.000  5.548922e+02 
  768.000  6.073898e+02 
  769.000  6.251021e+02 
  770.000  6.316734e+02 
  771.000  6.367904e+02 
  772.000  6.354697e+02 
  773.000  6.333876e+02 
  774.000  6.406730e+02 
  775.000  6.169815e+02 
  776.000  6.426985e+02 
  777.000  6.383170e+02 
  778.000  6.348672e+02 
  779.000  6.369095e+02 
  780.000  6.290081e+02 
  781.000  6.284453e+02 
  782.000  6.359837e+02 
  783.000  6.211015e+02 
  784.000  6.243321e+02 
  785.000  6.242705e+02 
  786.000  6.109417e+02 
  787.000  6.138284e+02 
  788.000  6.014267e+02 
  789.000  5.934266e+02 
  790.000  5.864255e+02 
  791.000  5.855778e+02 
  792.000  5.783115e+02 
  793.000  5.823707e+02 
  794.000  5.860092e+02 
  795.000  5.770003e+02 
  796.000  5.710138e+02 
  797.000  5.791716e+02 
  798.000  5.895926e+02 
  799.000  5.868474e+02 
  800.000  5.644606e+02 
  801.000  5.758333e+02 
  802.000  5.740120e+02 
  803.000  5.668663e+02 
  804.000  5.754468e+02 
  805.000  5.661104e+02 
  806.000  5.853917e+02 
  807.000  5.820945e+02 
  808.000  5.763321e+02 
  809.000  5.638914e+02 
  810.000  5.583765e+02 
  811.000  5.610908e+02 
  812.000  5.507428e+02 
  813.000  5.380961e+02 
  814.000  5.237556e+02 
  815.000  5.013788e+02 
  816.000  4.760308e+02 
  817.000  4.799445e+02 
  818.000  4.786859e+02 
  819.000  4.725984e+02 
  820.000  4.859328e+02 
  821.000  5.290507e+02 
  822.000  4.941680e+02 
  823.000  4.459600e+02 
  824.000  4.995770e+02 
  825.000  5.297336e+02 
  826.000  5.279138e+02 
  827.000  5.222664e+02 
  828.000  5.009265e+02 
  829.000  5.079226e+02 
  830.000  5.079485e+02 
  831.000  5.009443e+02 
  832.000  5.121562e+02 
  833.000  5.007900e+02 
  834.000  5.136345e+02 
  835.000  5.250875e+02 
  836.000  5.279043e+02 
  837.000  5.232484e+02 
  838.000  5.301742e+02 
  839.000  5.165821e+02 
  840.000  5.315145e+02 
  841.000  5.297751e+02 
  842.000  5.292991e+02 
  843.000  5.322541e+02 
  844.000  5.263742e+02 
  845.000  5.357524e+02 
  846.000  5.419656e+02 
  847.000  5.248054e+02 
  848.000  5.377470e+02 
  849.000  5.390599e+02 
  850.000  4.650156e+02 
  851.000  5.312994e+02 
  852.000  5.113012e+02 
  853.000  5.195302e+02 
  854.000  4.176000e+02 
  855.000  4.607271e+02 
  856.000  5.251354e+02 
  857.000  5.343282e+02 
  858.000  5.263036e+02 
  859.000  5.272786e+02 
  860.000  5.230427e+02 
  861.000  5.230574e+02 
  862.000  5.216852e+02 
  863.000  5.317170e+02 
  864.000  5.308968e+02 
  865.000  5.212029e+02 
  866.000  4.372405e+02 
  867.000  4.655957e+02 
  868.000  5.049944e+02 
  869.000  4.979831e+02 
  870.000  5.184945e+02 
  871.000  5.178329e+02 
  872.000  5.159074e+02 
  873.000  5.178486e+02 
  874.000  5.064376e+02 
  875.000  5.017752e+02 
  876.000  5.057523e+02 
  877.000  5.158091e+02 
  878.000  5.064171e+02 
  879.000  5.075600e+02 
  880.000  5.041607e+02 
  881.000  4.776844e+02 
  882.000  5.038632e+02 
  883.000  4.925879e+02 
  884.000  4.968928e+02 
  885.000  5.011908e+02 
  886.000  4.833845e+02 
  887.000  4.795327e+02 
  888.000  4.938329e+02 
  889.000  4.974659e+02 
  890.000  4.949939e+02 
  891.000  4.904161e+02 
  892.000  4.843071e+02 
  893.000  4.523596e+02 
  894.000  4.602436e+02 
  895.000  4.161842e+02 
  896.000  4.104938e+02 
  897.000  3.786701e+02 
  898.000  3.690089e+02 
  899.000  3.409572e+02 
  900.000  3.361211e+02 
  901.000  3.222420e+02 
  902.000  3.177175e+02 
  903.000  3.811380e+02 
  904.000  4.165305e+02 
  905.000  4.144771e+02 
  906.000  3.851959e+02 
  907.000  3.597543e+02 
  908.000  3.301597e+02 
  909.000  3.252517e+02 
  910.000  3.320365e+02 
  911.000  3.441444e+02 
  912.000  3.385614e+02 
  913.000  3.190267e+02 
  914.000  3.303848e+02 
  915.000  3.351782e+02 
  916.000  3.423198e+02 
  917.000  3.429064e+02 
  918.000  3.488332e+02 
  919.000  3.801330e+02 
  920.000  3.971933e+02 
  921.000  3.841617e+02 
  922.000  3.803796e+02 
  923.000  3.590925e+02 
  924.000  3.610263e+02 
  925.000  3.644895e+02 
  926.000  3.505314e+02 
  927.000  3.476719e+02 
  928.000  3.259227e+02 
  929.000  2.887713e+02 
  930.000  2.492406e+02 
  931.000  2.091475e+02 
  932.000  1.591795e+02 
  933.000  1.288038e+02 
  934.000  1.000812e+02 
  935.000  9.563883e+01 
  936.000  1.046869e+02 
  937.000  1.047348e+02 
  938.000  1.353887e+02 
  939.000  2.358531e+02 
  940.000  2.517857e+02 
  941.000  2.322756e+02 
  942.000  1.917338e+02 
  943.000  1.516557e+02 
  944.000  1.440899e+02 
  945.000  1.620110e+02 
  946.000  1.654614e+02 
  947.000  1.809030e+02 
  948.000  1.919680e+02 
  949.000  1.916633e+02 
  950.000  1.930885e+02 
  951.000  2.147140e+02 
  952.000  1.911164e+02 
  953.000  2.077221e+02 
  954.000  2.247275e+02 
  955.000  1.963027e+02 
  956.000  2.068808e+02 
  957.000  2.556011e+02 
  958.000  2.647638e+02 
  959.000  2.576508e+02 
  960.000  2.531111e+02 
  961.000  2.465038e+02 
  962.000  2.517867e+02 
  963.000  2.797721e+02 
  964.000  2.809315e+02 
  965.000  2.818450e+02 
  966.000  2.754971e+02 
  967.000  3.051379e+02 
  968.000  3.386477e+02 
  969.000  3.581961e+02 
  970.000  3.602470e+02 
  971.000  3.566711e+02 
  972.000  3.542080e+02 
  973.000  3.396996e+02 
  974.000  3.212762e+02 
  975.000  3.144912e+02 
  976.000  3.287365e+02 
  977.000  3.375228e+02 
  978.000  3.445412e+02 
  979.000  3.391442e+02 
  980.000  3.620674e+02 
  981.000  3.687667e+02 
  982.000  3.639860e+02 
  983.000  3.725677e+02 
  984.000  3.799429e+02 
  985.000  3.854364e+02 
  986.000  3.895834e+02 
  987.000  3.972599e+02 
  988.000  3.931221e+02 
  989.000  3.886124e+02 
  990.000  3.927020e+02 
  991.000  3.986336e+02 
  992.000  3.957221e+02 
  993.000  3.959995e+02 
  994.000  4.004463e+02 
  995.000  3.990472e+02 
  996.000  3.989518e+02 
  997.000  3.984428e+02 
  998.000  3.957564e+02 
  999.000  3.943189e+02 
 1000.000  3.915317e+02 
 1001.000  3.912078e+02 
 1002.000  3.867183e+02 
 1003.000  3.831295e+02 
 1004.000  3.821468e+02 
 1005.000  3.578803e+02 
 1006.000  3.769921e+02 
 1007.000  3.831276e+02 
 1008.000  3.816141e+02 
 1009.000  3.751425e+02 
 1010.000  3.784076e+02 
 1011.000  3.807799e+02 
 1012.000  3.826046e+02 
 1013.000  3.811401e+02 
 1014.000  3.841512e+02 
 1015.000  3.771691e+02 
 1016.000  3.801734e+02 
 1017.000  3.767625e+02 
 1018.000  3.809603e+02 
 1019.000  3.708441e+02 
 1020.000  3.705668e+02 
 1021.000  3.752812e+02 
 1022.000  3.679682e+02 
 1023.000  3.736074e+02 
 1024.000  3.708583e+02 
 1025.000  3.733472e+02 
 1026.000  3.749480e+02 
 1027.000  3.722219e+02 
 1028.000  3.735229e+02 
 1029.000  3.688226e+02 
 1030.000  3.735588e+02 
 1031.000  3.729028e+02 
 1032.000  3.720160e+02 
 1033.000  3.653128e+02 
 1034.000  3.694230e+02 
 1035.000  3.656061e+02 
 1036.000  3.703674e+02 
 1037.000  3.626562e+02 
 1038.000  3.663224e+02 
 1039.000  3.677101e+02 
 1040.000  3.632833e+02 
 1041.000  3.651416e+02 
 1042.000  3.662089e+02 
 1043.000  3.599063e+02 
 1044.000  3.634320e+02 
 1045.000  3.616910e+02 
 1046.000  3.510494e+02 
 1047.000  3.573648e+02 
 1048.000  3.608431e+02 
 1049.000  3.584735e+02 
 1050.000  3.561603e+02 
 1051.000  3.558720e+02 
 1052.000  3.540700e+02 
 1053.000  3.542195e+02 
 1054.000  3.502932e+02 
 1055.000  3.525744e+02 
 1056.000  3.514355e+02 
 1057.000  3.502686e+02 
 1058.000  3.454663e+02 
 1059.000  3.347342e+02 
 1060.000  3.474487e+02 
 1061.000  3.351687e+02 
 1062.000  3.437989e+02 
 1063.000  3.378114e+02 
 1064.000  3.416491e+02 
 1065.000  3.405151e+02 
 1066.000  3.301313e+02 
 1067.000  3.375912e+02 
 1068.000  3.345700e+02 
 1069.000  3.084102e+02 
 1070.000  3.268255e+02 
 1071.000  3.262321e+02 
 1072.000  3.260919e+02 
 1073.000  3.150828e+02 
 1074.000  3.262383e+02 
 1075.000  3.176437e+02 
 1076.000  3.235066e+02 
 1077.000  3.213752e+02 
 1078.000  3.206399e+02 
 1079.000  3.079464e+02 
 1080.000  3.127159e+02 
 1081.000  3.009725e+02 
 1082.000  3.066262e+02 
 1083.000  2.961252e+02 
 1084.000  3.048926e+02 
 1085.000  2.949910e+02 
 1086.000  3.001800e+02 
 1087.000  2.878689e+02 
 1088.000  3.056033e+02 
 1089.000  2.862082e+02 
 1090.000  2.909037e+02 
 1091.000  2.942322e+02 
 1092.000  2.835113e+02 
 1093.000  2.715190e+02 
 1094.000  2.437358e+02 
 1095.000  2.643452e+02 
 1096.000  2.636871e+02 
 1097.000  2.583923e+02 
 1098.000  2.346889e+02 
 1099.000  2.175972e+02 
 1100.000  2.224289e+02 
 1101.000  2.243365e+02 
 1102.000  2.137440e+02 
 1103.000  2.236974e+02 
 1104.000  2.189971e+02 
 1105.000  2.111697e+02 
 1106.000  2.021509e+02 
 1107.000  2.034293e+02 
 1108.000  2.037190e+02 
 1109.000  2.103686e+02 
 1110.000  2.099889e+02 
 1111.000  2.034922e+02 
 1112.000  1.857460e+02 
 1113.000  1.639617e+02 
 1114.000  1.591443e+02 
 1115.000  1.335349e+02 
 1116.000  1.182529e+02 
 1117.000  9.152197e+01 
 1118.000  6.793556e+01 
 1119.000  5.518629e+01 
 1120.000  4.364034e+01 
 1121.000  4.141046e+01 
 1122.000  3.132992e+01 
 1123.000  3.626816e+01 
 1124.000  3.980058e+01 
 1125.000  3.706625e+01 
 1126.000  3.569106e+01 
 1127.000  3.790868e+01 
 1128.000  3.913288e+01 
 1129.000  5.013979e+01 
 1130.000  7.943648e+01 
 1131.000  9.006066e+01 
 1132.000  7.677005e+01 
 1133.000  5.410714e+01 
 1134.000  2.462093e+01 
 1135.000  2.684251e+01 
 1136.000  5.777839e+01 
 1137.000  8.073239e+01 
 1138.000  1.024486e+02 
 1139.000  1.142165e+02 
 1140.000  1.094074e+02 
 1141.000  9.695982e+01 
 1142.000  9.604967e+01 
 1143.000  8.391388e+01 
 1144.000  7.258868e+01 
 1145.000  5.862131e+01 
 1146.000  6.256287e+01 
 1147.000  7.452074e+01 
 1148.000  8.491656e+01 
 1149.000  9.014124e+01 
 1150.000  9.064692e+01 
 1151.000  9.831570e+01 
 1152.000  1.021332e+02 
 1153.000  1.077998e+02 
 1154.000  1.074270e+02 
 1155.000  1.196559e+02 
 1156.000  1.310218e+02 
 1157.000  1.605973e+02 
 1158.000  1.737825e+02 
 1159.000  1.829763e+02 
 1160.000  1.856184e+02 
 1161.000  1.933303e+02 
 1162.000  2.097488e+02 
 1163.000  2.221319e+02 
 1164.000  2.201788e+02 
 1165.000  2.257228e+02 
 1166.000  2.224691e+02 
 1167.000  2.277281e+02 
 1168.000  2.291567e+02 
 1169.000  2.229080e+02 
 1170.000  2.304633e+02 
 1171.000  2.356021e+02 
 1172.000  2.324929e+02 
 1173.000  2.286208e+02 
 1174.000  2.288794e+02 
 1175.000  2.323972e+02 
 1176.000  2.324166e+02 
 1177.000  2.368364e+02 
 1178.000  2.273392e+02 
 1179.000  2.263497e+02 
 1180.000  2.275083e+02 
 1181.000  2.213148e+02 
 1182.000  2.166479e+02 
 1183.000  2.045934e+02 
 1184.000  2.166594e+02 
 1185.000  2.265776e+02 
 1186.000  2.231486e+02 
 1187.000  2.161678e+02 
 1188.000  2.135045e+02 
 1189.000  2.051831e+02 
 1190.000  2.264467e+02 
 1191.000  2.334294e+02 
 1192.000  2.371149e+02 
 1193.000  2.361463e+02 
 1194.000  2.349854e+02 
 1195.000  2.275769e+02 
 1196.000  2.280888e+02 
 1197.000  2.257226e+02 
 1198.000  2.176236e+02 
 1199.000  2.068660e+02 
 1200.000  2.215696e+02 
 1201.000  2.237879e+02 
 1202.000  2.248387e+02 
 1203.000  2.126034e+02 
 1204.000  2.172404e+02 
 1205.000  2.300897e+02 
 1206.000  2.322983e+02 
 1207.000  2.353310e+02 
 1208.000  2.307694e+02 
 1209.000  2.145829e+02 
 1210.000  2.264734e+02 
 1211.000  2.184513e+02 
 1212.000  2.260721e+02 
 1213.000  2.300401e+02 
 1214.000  2.285128e+02 
 1215.000  2.304026e+02 
 1216.000  2.343143e+02 
 1217.000  2.377924e+02 
 1218.000  2.386984e+02 
 1219.000  2.374355e+02 
 1220.000  2.391299e+02 
 1221.000  2.391107e+02 
 1222.000  2.379782e+02 
 1223.000  2.372373e+02 
 1224.000  2.414783e+02 
 1225.000  2.406601e+02 
 1226.000  2.422460e+02 
 1227.000  2.352031e+02 
 1228.000  2.440369e+02 
 1229.000  2.449072e+02 
 1230.000  2.453435e+02 
 1231.000  2.460660e+02 
 1232.000  2.435737e+02 
 1233.000  2.456997e+02 
 1234.000  2.465630e+02 
 1235.000  2.454322e+02 
 1236.000  2.473053e+02 
 1237.000  2.477328e+02 
 1238.000  2.478027e+02 
 1239.000  2.450823e+02 
 1240.000  2.439842e+02 
 1241.000  2.459959e+02 
 1242.000  2.443868e+02 
 1243.000  2.414993e+02 
 1244.000  2.389573e+02 
 1245.000  2.428236e+02 
 1246.000  2.406658e+02 
 1247.000  2.390890e+02 
 1248.000  2.406929e+02 
 1249.000  2.396384e+02 
 1250.000  2.384072e+02 
 1251.000  2.364600e+02 
 1252.000  2.352271e+02 
 1253.000  2.327389e+02 
 1254.000  2.322490e+02 
 1255.000  2.311080e+02 
 1256.000  2.299940e+02 
 1257.000  2.265710e+02 
 1258.000  2.255533e+02 
 1259.000  2.215208e+02 
 1260.000  2.200179e+02 
 1261.000  2.176554e+02 
 1262.000  2.091531e+02 
 1263.000  2.102636e+02 
 1264.000  2.060921e+02 
 1265.000  2.060768e+02 
 1266.000  2.057605e+02 
 1267.000  2.001644e+02 
 1268.000  1.963990e+02 
 1269.000  1.974348e+02 
 1270.000  2.040449e+02 
 1271.000  2.071161e+02 
 1272.000  2.082437e+02 
 1273.000  2.098585e+02 
 1274.000  2.108635e+02 
 1275.000  2.130859e+02 
 1276.000  2.139028e+02 
 1277.000  2.138484e+02 
 1278.000  2.132642e+02 
 1279.000  2.121135e+02 
 1280.000  2.121885e+02 
 1281.000  2.073690e+02 
 1282.000  1.851886e+02 
 1283.000  2.037626e+02 
 1284.000  2.121405e+02 
 1285.000  2.140242e+02 
 1286.000  2.131575e+02 
 1287.000  2.130122e+02 
 1288.000  2.065240e+02 
 1289.000  2.061031e+02 
 1290.000  2.011174e+02 
 1291.000  2.046443e+02 
 1292.000  2.075871e+02 
 1293.000  2.079197e+02 
 1294.000  2.023346e+02 
 1295.000  2.009417e+02 
 1296.000  1.972869e+02 
 1297.000  1.930012e+02 
 1298.000  1.908901e+02 
 1299.000  1.924414e+02 
 1300.000  1.911552e+02 
 1301.000  1.899989e+02 
 1302.000  1.854074e+02 
 1303.000  1.781907e+02 
 1304.000  1.758459e+02 
 1305.000  1.758909e+02 
 1306.000  1.750422e+02 
 1307.000  1.730201e+02 
 1308.000  1.689687e+02 
 1309.000  1.635883e+02 
 1310.000  1.623416e+02 
 1311.000  1.618035e+02 
 1312.000  1.553627e+02 
 1313.000  1.426379e+02 
 1314.000  1.418330e+02 
 1315.000  1.396016e+02 
 1316.000  1.468624e+02 
 1317.000  1.481815e+02 
 1318.000  1.393194e+02 
 1319.000  1.318954e+02 
 1320.000  1.206525e+02 
 1321.000  1.162620e+02 
 1322.000  1.221929e+02 
 1323.000  1.293942e+02 
 1324.000  1.331937e+02 
 1325.000  1.304918e+02 
 1326.000  1.230851e+02 
 1327.000  1.078677e+02 
 1328.000  9.371696e+01 
 1329.000  6.761699e+01 
 1330.000  6.087872e+01 
 1331.000  5.639067e+01 
 1332.000  5.652893e+01 
 1333.000  6.230920e+01 
 1334.000  6.839988e+01 
 1335.000  7.299673e+01 
 1336.000  7.388113e+01 
 1337.000  7.488165e+01 
 1338.000  7.822241e+01 
 1339.000  7.860630e+01 
 1340.000  8.096690e+01 
 1341.000  8.005717e+01 
 1342.000  8.029288e+01 
 1343.000  6.915717e+01 
 1344.000  5.750017e+01 
 1345.000  3.411386e+01 
 1346.000  2.089437e+01 
 1347.000  1.524135e+01 
 1348.000  8.230299e+00 
 1349.000  6.498987e+00 
 1350.000  2.895478e+00 
 1351.000  1.996704e+00 
 1352.000  7.969546e-01 
 1353.000  3.001309e-01 
 1354.000  1.476282e-01 
 1355.000  6.802775e-02 
 1356.000  2.800677e-02 
 1357.000  7.801238e-03 
 1358.000  3.552118e-03 
 1359.000  5.347744e-04 
 1360.000  1.932285e-04 
 1361.000  7.315276e-05 
 1362.000  5.979061e-05 
 1363.000  1.361175e-04 
 1364.000  1.943507e-04 
 1365.000  1.999864e-04 
 1366.000  2.827483e-04 
 1367.000  2.084178e-04 
 1368.000  1.907153e-04 
 1369.000  2.100309e-04 
 1370.000  9.273817e-04 
 1371.000  3.999958e-03 
 1372.000  2.168551e-02 
 1373.000  5.283974e-02 
 1374.000  8.980157e-02 
 1375.000  1.087431e-01 
 1376.000  9.076397e-02 
 1377.000  6.611980e-02 
 1378.000  3.224225e-02 
 1379.000  1.223193e-02 
 1380.000  2.790582e-03 
 1381.000  6.943522e-04 
 1382.000  2.701761e-04 
 1383.000  2.357263e-04 
 1384.000  8.141053e-04 
 1385.000  2.016186e-03 
 1386.000  6.089624e-03 
 1387.000  3.248907e-02 
 1388.000  6.561781e-02 
 1389.000  1.009436e-01 
 1390.000  1.097441e-01 
 1391.000  9.389331e-02 
 1392.000  4.648947e-02 
 1393.000  2.463347e-02 
 1394.000  1.275686e-02 
 1395.000  1.755230e-02 
 1396.000  3.875063e-02 
 1397.000  7.714284e-02 
 1398.000  8.328362e-02 
 1399.000  7.540582e-02 
 1400.000  6.644017e-02 
 1401.000  8.612424e-02 
 1402.000  1.452742e-01 
 1403.000  2.405538e-01 
 1404.000  2.077032e-01 
 1405.000  2.678196e-01 
 1406.000  2.206122e-01 
 1407.000  2.824277e-01 
 1408.000  4.511221e-01 
 1409.000  7.562308e-01 
 1410.000  1.279993e+00 
 1411.000  2.228640e+00 
 1412.000  2.172748e+00 
 1413.000  3.056782e+00 
 1414.000  2.886173e+00 
 1415.000  4.178883e+00 
 1416.000  5.056808e+00 
 1417.000  5.792386e+00 
 1418.000  5.925901e+00 
 1419.000  6.394058e+00 
 1420.000  6.823314e+00 
 1421.000  9.499100e+00 
 1422.000  1.047533e+01 
 1423.000  1.127062e+01 
 1424.000  1.115750e+01 
 1425.000  1.077255e+01 
 1426.000  1.046937e+01 
 1427.000  1.206315e+01 
 1428.000  1.347765e+01 
 1429.000  1.474831e+01 
 1430.000  1.447871e+01 
 1431.000  1.229724e+01 
 1432.000  1.134823e+01 
 1433.000  1.126913e+01 
 1434.000  1.025382e+01 
 1435.000  1.208937e+01 
 1436.000  1.288807e+01 
 1437.000  1.337914e+01 
 1438.000  1.563725e+01 
 1439.000  1.609710e+01 
 1440.000  1.592095e+01 
 1441.000  1.721201e+01 
 1442.000  1.598475e+01 
 1443.000  1.637175e+01 
 1444.000  1.722607e+01 
 1445.000  1.741885e+01 
 1446.000  1.933398e+01 
 1447.000  2.094549e+01 
 1448.000  2.144043e+01 
 1449.000  2.033882e+01 
 1450.000  1.854635e+01 
 1451.000  1.927236e+01 
 1452.000  2.235629e+01 
 1453.000  2.874714e+01 
 1454.000  3.608210e+01 
 1455.000  4.065141e+01 
 1456.000  4.594623e+01 
 1457.000  4.715966e+01 
 1458.000  4.890285e+01 
 1459.000  4.513258e+01 
 1460.000  4.113891e+01 
 1461.000  3.925441e+01 
 1462.000  3.438317e+01 
 1463.000  3.415298e+01 
 1464.000  3.287796e+01 
 1465.000  3.028134e+01 
 1466.000  2.619469e+01 
 1467.000  2.456780e+01 
 1468.000  2.167669e+01 
 1469.000  1.854641e+01 
 1470.000  1.735312e+01 
 1471.000  2.082677e+01 
 1472.000  2.653234e+01 
 1473.000  3.553274e+01 
 1474.000  4.199835e+01 
 1475.000  4.285670e+01 
 1476.000  4.292937e+01 
 1477.000  4.065394e+01 
 1478.000  3.783119e+01 
 1479.000  3.525398e+01 
 1480.000  3.739661e+01 
 1481.000  4.017478e+01 
 1482.000  4.469955e+01 
 1483.000  4.488195e+01 
 1484.000  4.548975e+01 
 1485.000  4.579673e+01 
 1486.000  4.870259e+01 
 1487.000  5.674932e+01 
 1488.000  5.028075e+01 
 1489.000  6.897215e+01 
 1490.000  7.959077e+01 
 1491.000  8.657169e+01 
 1492.000  8.572180e+01 
 1493.000  9.160680e+01 
 1494.000  9.183050e+01 
 1495.000  9.547959e+01 
 1496.000  9.975646e+01 
 1497.000  1.025841e+02 
 1498.000  1.100384e+02 
 1499.000  1.143658e+02 
 1500.000  1.208219e+02 
 1501.000  1.192842e+02 
 1502.000  1.160239e+02 
 1503.000  1.027810e+02 
 1504.000  1.085458e+02 
 1505.000  1.126700e+02 
 1506.000  1.143793e+02 
 1507.000  1.237921e+02 
 1508.000  1.240585e+02 
 1509.000  1.269513e+02 
 1510.000  1.297325e+02 
 1511.000  1.320404e+02 
 1512.000  1.306340e+02 
 1513.000  1.309594e+02 
 1514.000  1.291694e+02 
 1515.000  1.329662e+02 
 1516.000  1.321662e+02 
 1517.000  1.324996e+02 
 1518.000  1.372199e+02 
 1519.000  1.378067e+02 
 1520.000  1.420333e+02 
 1521.000  1.411274e+02 
 1522.000  1.403516e+02 
 1523.000  1.443400e+02 
 1524.000  1.427499e+02 
 1525.000  1.389749e+02 
 1526.000  1.430994e+02 
 1527.000  1.423604e+02 
 1528.000  1.443498e+02 
 1529.000  1.439107e+02 
 1530.000  1.355178e+02 
 1531.000  1.455302e+02 
 1532.000  1.453935e+02 
 1533.000  1.451340e+02 
 1534.000  1.433007e+02 
 1535.000  1.442312e+02 
 1536.000  1.461722e+02 
 1537.000  1.470494e+02 
 1538.000  1.434695e+02 
 1539.000  1.468461e+02 
 1540.000  1.416545e+02 
 1541.000  1.447332e+02 
 1542.000  1.455923e+02 
 1543.000  1.453316e+02 
 1544.000  1.474294e+02 
 1545.000  1.483757e+02 
 1546.000  1.488347e+02 
 1547.000  1.476519e+02 
 1548.000  1.434343e+02 
 1549.000  1.471077e+02 
 1550.000  1.462357e+02 
 1551.000  1.454479e+02 
 1552.000  1.479482e+02 
 1553.000  1.473164e+02 
 1554.000  1.418814e+02 
 1555.000  1.443295e+02 
 1556.000  1.416462e+02 
 1557.000  1.463464e+02 
 1558.000  1.451426e+02 
 1559.000  1.450565e+02 
 1560.000  1.425493e+02 
 1561.000  1.457961e+02 
 1562.000  1.456186e+02 
 1563.000  1.432766e+02 
 1564.000  1.401680e+02 
 1565.000  1.418898e+02 
 1566.000  1.391989e+02 
 1567.000  1.384852e+02 
 1568.000  1.345856e+02 
 1569.000  1.339164e+02 
 1570.000  1.296247e+02 
 1571.000  1.330965e+02 
 1572.000  1.328391e+02 
 1573.000  1.310064e+02 
 1574.000  1.318499e+02 
 1575.000  1.226791e+02 
 1576.000  1.317961e+02 
 1577.000  1.191421e+02 
 1578.000  1.305390e+02 
 1579.000  1.315637e+02 
 1580.000  1.347590e+02 
 1581.000  1.338643e+02 
 1582.000  1.316846e+02 
 1583.000  1.337770e+02 
 1584.000  1.330508e+02 
 1585.000  1.373197e+02 
 1586.000  1.355934e+02 
 1587.000  1.343916e+02 
 1588.000  1.325753e+02 
 1589.000  1.212895e+02 
 1590.000  1.305593e+02 
 1591.000  1.276402e+02 
 1592.000  1.342112e+02 
 1593.000  1.368409e+02 
 1594.000  1.354354e+02 
 1595.000  1.358232e+02 
 1596.000  1.272292e+02 
 1597.000  1.316172e+02 
 1598.000  1.329514e+02 
 1599.000  1.271759e+02 
 1600.000  1.282328e+02 
 1601.000  1.228330e+02 
 1602.000  1.257549e+02 
 1603.000  1.252212e+02 
 1604.000  1.273966e+02 
 1605.000  1.255109e+02 
 1606.000  1.252103e+02 
 1607.000  1.255120e+02 
 1608.000  1.267540e+02 
 1609.000  1.262648e+02 
 1610.000  1.185279e+02 
 1611.000  1.226454e+02 
 1612.000  1.245563e+02 
 1613.000  1.280352e+02 
 1614.000  1.267763e+02 
 1615.000  1.294097e+02 
 1616.000  1.216834e+02 
 1617.000  1.257858e+02 
 1618.000  1.297023e+02 
 1619.000  1.298189e+02 
 1620.000  1.270243e+02 
 1621.000  1.254804e+02 
 1622.000  1.286365e+02 
 1623.000  1.314402e+02 
 1624.000  1.324488e+02 
 1625.000  1.295522e+02 
 1626.000  1.307774e+02 
 1627.000  1.306606e+02 
 1628.000  1.315708e+02 
 1629.000  1.313739e+02 
 1630.000  1.274919e+02 
 1631.000  1.294834e+02 
 1632.000  1.291994e+02 
 1633.000  1.274595e+02 
 1634.000  1.242120e+02 
 1635.000  1.275400e+02 
 1636.000  1.269518e+02 
 1637.000  1.210080e+02 
 1638.000  1.201231e+02 
 1639.000  1.184744e+02 
 1640.000  1.189791e+02 
 1641.000  1.179850e+02 
 1642.000  1.178333e+02 
 1643.000  1.207326e+02 
 1644.000  1.187101e+02 
 1645.000  1.187278e+02 
 1646.000  1.201520e+02 
 1647.000  1.212484e+02 
 1648.000  1.205705e+02 
 1649.000  1.177564e+02 
 1650.000  1.207375e+02 
 1651.000  1.180240e+02 
 1652.000  1.202644e+02 
 1653.000  1.191038e+02 
 1654.000  1.204375e+02 
 1655.000  1.182778e+02 
 1656.000  1.207226e+02 
 1657.000  1.198434e+02 
 1658.000  1.207140e+02 
 1659.000  1.185254e+02 
 1660.000  1.197868e+02 
 1661.000  1.202465e+02 
 1662.000  1.192691e+02 
 1663.000  1.185210e+02 
 1664.000  1.179918e+02 
 1665.000  1.167911e+02 
 1666.000  1.164684e+02 
 1667.000  1.179430e+02 
 1668.000  1.159431e+02 
 1669.000  1.163740e+02 
 1670.000  1.189870e+02 
 1671.000  1.182207e+02 
 1672.000  1.126221e+02 
 1673.000  1.156708e+02 
 1674.000  1.160337e+02 
 1675.000  1.149504e+02 
 1676.000  1.130588e+02 
 1677.000  1.136896e+02 
 1678.000  1.145162e+02 
 1679.000  1.129484e+02 
 1680.000  1.091969e+02 
 1681.000  1.054765e+02 
 1682.000  1.085188e+02 
 1683.000  1.111437e+02 
 1684.000  1.131536e+02 
 1685.000  1.132772e+02 
 1686.000  1.119149e+02 
 1687.000  1.120209e+02 
 1688.000  1.118210e+02 
 1689.000  1.104673e+02 
 1690.000  1.100658e+02 
 1691.000  1.114459e+02 
 1692.000  1.116408e+02 
 1693.000  1.112899e+02 
 1694.000  1.111234e+02 
 1695.000  1.109612e+02 
 1696.000  1.103081e+02 
 1697.000  1.095016e+02 
 1698.000  1.100856e+02 
 1699.000  1.093759e+02 
 1700.000  1.079961e+02 
 1701.000  1.083150e+02 
 1702.000  1.079556e+02 
 1703.000  1.055010e+02 
 1704.000  1.069840e+02 
 1705.000  1.074673e+02 
 1706.000  1.057255e+02 
 1707.000  1.052206e+02 
 1708.000  1.023873e+02 
 1709.000  1.042572e+02 
 1710.000  1.054105e+02 
 1711.000  9.736660e+01 
 1712.000  1.041572e+02 
 1713.000  1.044406e+02 
 1714.000  1.045499e+02 
 1715.000  1.045949e+02 
 1716.000  1.041662e+02 
 1717.000  1.033026e+02 
 1718.000  1.027329e+02 
 1719.000  1.031423e+02 
 1720.000  9.977026e+01 
 1721.000  9.828532e+01 
 1722.000  9.918340e+01 
 1723.000  9.342787e+01 
 1724.000  9.480665e+01 
 1725.000  9.656825e+01 
 1726.000  9.810410e+01 
 1727.000  9.760118e+01 
 1728.000  9.538402e+01 
 1729.000  9.762318e+01 
 1730.000  9.778085e+01 
 1731.000  9.554406e+01 
 1732.000  9.382896e+01 
 1733.000  8.782044e+01 
 1734.000  8.920949e+01 
 1735.000  8.866833e+01 
 1736.000  8.433283e+01 
 1737.000  8.296519e+01 
 1738.000  8.674771e+01 
 1739.000  8.804230e+01 
 1740.000  8.779796e+01 
 1741.000  8.558941e+01 
 1742.000  8.825114e+01 
 1743.000  8.631264e+01 
 1744.000  8.711494e+01 
 1745.000  8.453042e+01 
 1746.000  8.449783e+01 
 1747.000  8.280971e+01 
 1748.000  8.581507e+01 
 1749.000  8.557243e+01 
 1750.000  8.513266e+01 
 1751.000  8.375670e+01 
 1752.000  8.406239e+01 
 1753.000  8.373960e+01 
 1754.000  8.376678e+01 
 1755.000  8.160745e+01 
 1756.000  8.255827e+01 
 1757.000  8.261695e+01 
 1758.000  8.239980e+01 
 1759.000  8.273792e+01 
 1760.000  8.148378e+01 
 1761.000  7.851296e+01 
 1762.000  7.656458e+01 
 1763.000  7.603403e+01 
 1764.000  7.197586e+01 
 1765.000  7.323137e+01 
 1766.000  7.221960e+01 
 1767.000  7.255625e+01 
 1768.000  7.151733e+01 
 1769.000  7.168612e+01 
 1770.000  7.001370e+01 
 1771.000  7.013654e+01 
 1772.000  6.876167e+01 
 1773.000  6.853672e+01 
 1774.000  6.369821e+01 
 1775.000  5.951765e+01 
 1776.000  5.911830e+01 
 1777.000  5.553573e+01 
 1778.000  5.310758e+01 
 1779.000  5.364238e+01 
 1780.000  5.175343e+01 
 1781.000  5.091916e+01 
 1782.000  5.024921e+01 
 1783.000  4.756714e+01 
 1784.000  4.760844e+01 
 1785.000  4.752111e+01 
 1786.000  4.743076e+01 
 1787.000  4.781496e+01 
 1788.000  4.749720e+01 
 1789.000  4.245168e+01 
 1790.000  4.212968e+01 
 1791.000  3.783938e+01 
 1792.000  3.641100e+01 
 1793.000  3.137838e+01 
 1794.000  2.794421e+01 
 1795.000  2.817777e+01 
 1796.000  2.329972e+01 
 1797.000  2.005329e+01 
 1798.000  2.012697e+01 
 1799.000  1.438162e+01 
 1800.000  1.430900e+01 
 1801.000  1.067067e+01 
 1802.000  8.383843e+00 
 1803.000  8.347487e+00 
 1804.000  8.188847e+00 
 1805.000  7.570897e+00 
 1806.000  6.176210e+00 
 1807.000  5.774093e+00 
 1808.000  5.168140e+00 
 1809.000  3.599719e+00 
 1810.000  2.601350e+00 
 1811.000  2.598637e+00 
 1812.000  1.659028e+00 
 1813.000  1.663483e+00 
 1814.000  1.327784e+00 
 1815.000  6.708820e-01 
 1816.000  6.621501e-01 
 1817.000  5.280694e-01 
 1818.000  4.094922e-01 
 1819.000  2.790350e-01 
 1820.000  2.341336e-01 
 1821.000  2.360379e-01 
 1822.000  1.668743e-01 
 1823.000  1.644784e-01 
 1824.000  1.390703e-01 
 1825.000  4.344822e-02 
 1826.000  4.373280e-02 
 1827.000  2.315059e-02 
 1828.000  1.664825e-02 
 1829.000  4.678584e-03 
 1830.000  2.050345e-03 
 1831.000  2.048396e-03 
 1832.000  7.273629e-04 
 1833.000  7.021346e-04 
 1834.000  2.568529e-04 
 1835.000  4.194082e-05 
 1836.000  4.210333e-05 
 1837.000  2.013156e-05 
 1838.000  1.549099e-05 
 1839.000  2.272602e-05 
 1840.000  5.700715e-05 
 1841.000  5.836266e-05 
 1842.000  1.157676e-04 
 1843.000  1.122832e-04 
 1844.000  1.843871e-04 
 1845.000  1.586124e-04 
 1846.000  1.089701e-04 
 1847.000  6.248024e-05 
 1848.000  6.449250e-05 
 1849.000  6.425627e-05 
 1850.000  6.492851e-05 
 1851.000  5.967084e-05 
 1852.000  6.525748e-05 
 1853.000  6.393373e-05 
 1854.000  6.582398e-05 
 1855.000  7.167337e-05 
 1856.000  8.483058e-05 
 1857.000  8.845152e-05 
 1858.000  1.551519e-04 
 1859.000  4.058378e-04 
 1860.000  4.018480e-04 
 1861.000  1.074209e-03 
 1862.000  9.309970e-04 
 1863.000  1.080736e-03 
 1864.000  8.018310e-04 
 1865.000  8.067607e-04 
 1866.000  2.432045e-04 
 1867.000  2.396873e-04 
 1868.000  2.112418e-05 
 1869.000  2.416056e-05 
 1870.000  1.423563e-09 
 1871.000  0.000000e+00 
 1872.000  0.000000e+00 
 1873.000  3.576398e-09 
 1874.000  3.577282e-09 
 1875.000  4.049365e-05 
 1876.000  3.969192e-05 
 1877.000  5.157604e-04 
 1878.000  2.054926e-03 
 1879.000  2.102511e-03 
 1880.000  5.250869e-03 
 1881.000  5.418597e-03 
 1882.000  9.035310e-03 
 1883.000  1.143388e-02 
 1884.000  1.586536e-02 
 1885.000  1.579992e-02 
 1886.000  1.533234e-02 
 1887.000  1.826180e-02 
 1888.000  1.803652e-02 
 1889.000  1.237411e-02 
 1890.000  1.192581e-02 
 1891.000  9.343117e-03 
 1892.000  9.069829e-03 
 1893.000  7.169713e-03 
 1894.000  5.361293e-03 
 1895.000  5.239081e-03 
 1896.000  2.829954e-03 
 1897.000  2.821148e-03 
 1898.000  9.071067e-04 
 1899.000  8.941126e-04 
 1900.000  3.368658e-04 
 1901.000  3.385922e-04 
 1902.000  2.139431e-04 
 1903.000  4.096096e-04 
 1904.000  4.065347e-04 
 1905.000  9.260190e-04 
 1906.000  9.312143e-04 
 1907.000  1.830570e-03 
 1908.000  1.799184e-03 
 1909.000  2.257981e-03 
 1910.000  2.264445e-03 
 1911.000  2.551972e-03 
 1912.000  2.725258e-03 
 1913.000  5.035821e-03 
 1914.000  7.820525e-03 
 1915.000  7.779999e-03 
 1916.000  2.643512e-02 
 1917.000  2.660553e-02 
 1918.000  4.335902e-02 
 1919.000  4.322765e-02 
 1920.000  8.692562e-02 
 1921.000  9.051017e-02 
 1922.000  1.266187e-01 
 1923.000  1.465970e-01 
 1924.000  1.844760e-01 
 1925.000  1.940115e-01 
 1926.000  1.952416e-01 
 1927.000  2.969515e-01 
 1928.000  2.941647e-01 
 1929.000  3.430641e-01 
 1930.000  3.569237e-01 
 1931.000  6.689079e-01 
 1932.000  6.898770e-01 
 1933.000  8.274935e-01 
 1934.000  1.044565e+00 
 1935.000  1.417377e+00 
 1936.000  1.437167e+00 
 1937.000  1.549187e+00 
 1938.000  2.203270e+00 
 1939.000  2.105682e+00 
 1940.000  2.669662e+00 
 1941.000  2.696258e+00 
 1942.000  3.768837e+00 
 1943.000  3.658849e+00 
 1944.000  4.182820e+00 
 1945.000  3.930750e+00 
 1946.000  5.598782e+00 
 1947.000  5.948710e+00 
 1948.000  6.809083e+00 
 1949.000  7.296860e+00 
 1950.000  8.164287e+00 
 1951.000  7.928051e+00 
 1952.000  7.996085e+00 
 1953.000  8.636857e+00 
 1954.000  8.759491e+00 
 1955.000  8.748780e+00 
 1956.000  8.402662e+00 
 1957.000  9.395819e+00 
 1958.000  9.439984e+00 
 1959.000  1.126051e+01 
 1960.000  1.117598e+01 
 1961.000  1.427763e+01 
 1962.000  1.399385e+01 
 1963.000  1.757677e+01 
 1964.000  1.759731e+01 
 1965.000  2.260768e+01 
 1966.000  2.205536e+01 
 1967.000  2.577317e+01 
 1968.000  2.585146e+01 
 1969.000  2.927736e+01 
 1970.000  2.953539e+01 
 1971.000  3.157815e+01 
 1972.000  3.160030e+01 
 1973.000  3.200550e+01 
 1974.000  3.288302e+01 
 1975.000  3.550097e+01 
 1976.000  3.575377e+01 
 1977.000  3.767395e+01 
 1978.000  3.575505e+01 
 1979.000  3.936071e+01 
 1980.000  3.826999e+01 
 1981.000  4.086795e+01 
 1982.000  4.122998e+01 
 1983.000  4.217113e+01 
 1984.000  4.183244e+01 
 1985.000  4.246335e+01 
 1986.000  4.161410e+01 
 1987.000  4.231152e+01 
 1988.000  4.355682e+01 
 1989.000  4.338944e+01 
 1990.000  4.326499e+01 
 1991.000  4.308570e+01 
 1992.000  4.255761e+01 
 1993.000  4.073724e+01 
 1994.000  4.106586e+01 
 1995.000  3.867034e+01 
 1996.000  3.871298e+01 
 1997.000  3.242330e+01 
 1998.000  3.180916e+01 
 1999.000  2.482231e+01 
 2000.000  2.487029e+01 
 2001.000  1.860441e+01 
 2002.000  1.863449e+01 
 2003.000  1.565523e+01 
 2004.000  1.566313e+01 
 2005.000  1.610328e+01 
 2006.000  1.568529e+01 
 2007.000  1.780877e+01 
 2008.000  1.781241e+01 
 2009.000  1.920394e+01 
 2010.000  1.923936e+01 
 2011.000  1.965344e+01 
 2012.000  1.964653e+01 
 2013.000  1.998267e+01 
 2014.000  1.978679e+01 
 2015.000  2.080438e+01 
 2016.000  2.078649e+01 
 2017.000  2.324558e+01 
 2018.000  2.330059e+01 
 2019.000  2.769350e+01 
 2020.000  2.750311e+01 
 2021.000  3.129810e+01 
 2022.000  3.240126e+01 
 2023.000  3.713897e+01 
 2024.000  3.718753e+01 
 2025.000  4.054290e+01 
 2026.000  4.091082e+01 
 2027.000  4.319893e+01 
 2028.000  4.336553e+01 
 2029.000  4.470601e+01 
 2030.000  4.418350e+01 
 2031.000  4.607895e+01 
 2032.000  4.684834e+01 
 2033.000  4.819643e+01 
 2034.000  4.815869e+01 
 2035.000  4.723693e+01 
 2036.000  4.834487e+01 
 2037.000  4.865060e+01 
 2038.000  4.604094e+01 
 2039.000  4.750420e+01 
 2040.000  4.789030e+01 
 2041.000  4.741141e+01 
 2042.000  4.697036e+01 
 2043.000  4.630334e+01 
 2044.000  4.629525e+01 
 2045.000  4.457578e+01 
 2046.000  4.454552e+01 
 2047.000  4.430420e+01 
 2048.000  4.127375e+01 
 2049.000  4.150415e+01 
 2050.000  3.796036e+01 
 2051.000  3.775019e+01 
 2052.000  3.540074e+01 
 2053.000  3.490604e+01 
 2054.000  3.447079e+01 
 2055.000  3.473264e+01 
 2056.000  3.521578e+01 
 2057.000  3.508004e+01 
 2058.000  3.610716e+01 
 2059.000  3.611977e+01 
 2060.000  3.637760e+01 
 2061.000  3.541448e+01 
 2062.000  3.648809e+01 
 2063.000  3.635253e+01 
 2064.000  3.427093e+01 
 2065.000  3.628007e+01 
 2066.000  3.632613e+01 
 2067.000  3.675642e+01 
 2068.000  3.644502e+01 
 2069.000  3.755496e+01 
 2070.000  3.629758e+01 
 2071.000  3.945207e+01 
 2072.000  3.900011e+01 
 2073.000  4.172028e+01 
 2074.000  4.165775e+01 
 2075.000  4.340932e+01 
 2076.000  4.335993e+01 
 2077.000  4.471585e+01 
 2078.000  4.470552e+01 
 2079.000  4.396386e+01 
 2080.000  4.533792e+01 
 2081.000  4.489629e+01 
 2082.000  4.576865e+01 
 2083.000  4.497064e+01 
 2084.000  4.559682e+01 
 2085.000  4.597685e+01 
 2086.000  4.661377e+01 
 2087.000  4.659126e+01 
 2088.000  4.711644e+01 
 2089.000  4.718299e+01 
 2090.000  4.743724e+01 
 2091.000  4.708258e+01 
 2092.000  4.528678e+01 
 2093.000  4.686361e+01 
 2094.000  4.730474e+01 
 2095.000  4.575107e+01 
 2096.000  4.712934e+01 
 2097.000  4.684280e+01 
 2098.000  4.677869e+01 
 2099.000  4.711702e+01 
 2100.000  4.724216e+01 
 2101.000  4.762410e+01 
 2102.000  4.794924e+01 
 2103.000  4.721780e+01 
 2104.000  4.819634e+01 
 2105.000  4.815582e+01 
 2106.000  4.863414e+01 
 2107.000  4.848841e+01 
 2108.000  4.847800e+01 
 2109.000  4.822956e+01 
 2110.000  4.691088e+01 
 2111.000  4.800340e+01 
 2112.000  4.775786e+01 
 2113.000  4.751535e+01 
 2114.000  4.766481e+01 
 2115.000  4.747305e+01 
 2116.000  4.714852e+01 
 2117.000  4.593549e+01 
 2118.000  4.699807e+01 
 2119.000  4.743284e+01 
 2120.000  4.629729e+01 
 2121.000  4.751245e+01 
 2122.000  4.710303e+01 
 2123.000  4.713525e+01 
 2124.000  4.666351e+01 
 2125.000  4.767154e+01 
 2126.000  4.824303e+01 
 2127.000  4.740326e+01 
 2128.000  4.871598e+01 
 2129.000  4.860617e+01 
 2130.000  4.860135e+01 
 2131.000  4.889429e+01 
 2132.000  4.880769e+01 
 2133.000  4.890705e+01 
 2134.000  4.875945e+01 
 2135.000  4.889883e+01 
 2136.000  4.711369e+01 
 2137.000  4.875781e+01 
 2138.000  4.874747e+01 
 2139.000  4.850320e+01 
 2140.000  4.848463e+01 
 2141.000  4.852845e+01 
 2142.000  4.813423e+01 
 2143.000  4.789344e+01 
 2144.000  4.729071e+01 
 2145.000  4.681961e+01 
 2146.000  4.553531e+01 
 2147.000  4.599770e+01 
 2148.000  4.601784e+01 
 2149.000  4.481005e+01 
 2150.000  4.475562e+01 
 2151.000  4.389711e+01 
 2152.000  4.378948e+01 
 2153.000  4.335984e+01 
 2154.000  4.346246e+01 
 2155.000  4.344173e+01 
 2156.000  4.359784e+01 
 2157.000  4.348662e+01 
 2158.000  4.352317e+01 
 2159.000  4.332161e+01 
 2160.000  4.327827e+01 
 2161.000  4.323506e+01 
 2162.000  4.265550e+01 
 2163.000  4.281761e+01 
 2164.000  4.221780e+01 
 2165.000  4.092000e+01 
 2166.000  3.675702e+01 
 2167.000  4.031107e+01 
 2168.000  4.158680e+01 
 2169.000  4.268931e+01 
 2170.000  4.276131e+01 
 2171.000  4.313387e+01 
 2172.000  4.288069e+01 
 2173.000  4.303505e+01 
 2174.000  4.269675e+01 
 2175.000  4.274866e+01 
 2176.000  4.248635e+01 
 2177.000  4.192911e+01 
 2178.000  4.223468e+01 
 2179.000  4.029026e+01 
 2180.000  4.191651e+01 
 2181.000  4.185012e+01 
 2182.000  4.115892e+01 
 2183.000  4.014285e+01 
 2184.000  4.118685e+01 
 2185.000  4.129108e+01 
 2186.000  4.150289e+01 
 2187.000  4.144781e+01 
 2188.000  4.039975e+01 
 2189.000  4.038285e+01 
 2190.000  4.087248e+01 
 2191.000  4.145657e+01 
 2192.000  4.134328e+01 
 2193.000  4.070315e+01 
 2194.000  4.059681e+01 
 2195.000  4.047596e+01 
 2196.000  3.977328e+01 
 2197.000  3.961695e+01 
 2198.000  3.927953e+01 
 2199.000  3.922318e+01 
 2200.000  3.907733e+01 
 2201.000  3.934087e+01 
 2202.000  3.927741e+01 
 2203.000  4.008269e+01 
 2204.000  4.008990e+01 
 2205.000  3.997515e+01 
 2206.000  3.936440e+01 
 2207.000  3.886292e+01 
 2208.000  4.117445e+01 
 2209.000  4.032328e+01 
 2210.000  4.180645e+01 
 2211.000  4.176922e+01 
 2212.000  4.163636e+01 
 2213.000  4.171708e+01 
 2214.000  4.154960e+01 
 2215.000  4.161893e+01 
 2216.000  4.126917e+01 
 2217.000  4.067225e+01 
 2218.000  4.120520e+01 
 2219.000  4.133670e+01 
 2220.000  4.127235e+01 
 2221.000  4.120087e+01 
 2222.000  4.103739e+01 
 2223.000  4.112750e+01 
 2224.000  4.102560e+01 
 2225.000  4.092025e+01 
 2226.000  4.021331e+01 
 2227.000  4.032691e+01 
 2228.000  4.037819e+01 
 2229.000  4.074074e+01 
 2230.000  4.033200e+01 
 2231.000  4.039322e+01 
 2232.000  4.038969e+01 
 2233.000  4.027204e+01 
 2234.000  4.019661e+01 
 2235.000  3.994229e+01 
 2236.000  3.978094e+01 
 2237.000  3.979708e+01 
 2238.000  3.929146e+01 
 2239.000  3.846648e+01 
 2240.000  3.890083e+01 
 2241.000  3.928441e+01 
 2242.000  3.919677e+01 
 2243.000  3.851080e+01 
 2244.000  3.880311e+01 
 2245.000  3.880494e+01 
 2246.000  3.872156e+01 
 2247.000  3.868314e+01 
 2248.000  3.762940e+01 
 2249.000  3.841269e+01 
 2250.000  3.806298e+01 
 2251.000  3.801801e+01 
 2252.000  3.807598e+01 
 2253.000  3.747058e+01 
 2254.000  3.653415e+01 
 2255.000  3.726304e+01 
 2256.000  3.698150e+01 
 2257.000  3.697637e+01 
 2258.000  3.687212e+01 
 2259.000  3.691345e+01 
 2260.000  3.656508e+01 
 2261.000  3.638577e+01 
 2262.000  3.645103e+01 
 2263.000  3.513515e+01 
 2264.000  3.642756e+01 
 2265.000  3.621187e+01 
 2266.000  3.572898e+01 
 2267.000  3.604516e+01 
 2268.000  3.607923e+01 
 2269.000  3.599610e+01 
 2270.000  3.588921e+01 
 2271.000  3.565440e+01 
 2272.000  3.598393e+01 
 2273.000  3.596011e+01 
 2274.000  3.585278e+01 
 2275.000  3.532066e+01 
 2276.000  3.579942e+01 
 2277.000  3.580571e+01 
 2278.000  3.576592e+01 
 2279.000  3.565490e+01 
 2280.000  3.554701e+01 
 2281.000  3.370759e+01 
 2282.000  3.480342e+01 
 2283.000  3.490018e+01 
 2284.000  3.473302e+01 
 2285.000  3.460751e+01 
 2286.000  3.438348e+01 
 2287.000  3.445253e+01 
 2288.000  3.432623e+01 
 2289.000  3.377119e+01 
 2290.000  3.376989e+01 
 2291.000  3.313595e+01 
 2292.000  3.329947e+01 
 2293.000  3.323363e+01 
 2294.000  3.129845e+01 
 2295.000  3.212742e+01 
 2296.000  3.200035e+01 
 2297.000  3.146164e+01 
 2298.000  3.215964e+01 
 2299.000  3.229939e+01 
 2300.000  3.221313e+01 
 2301.000  3.218854e+01 
 2302.000  3.269547e+01 
 2303.000  3.259833e+01 
 2304.000  3.248156e+01 
 2305.000  3.298813e+01 
 2306.000  3.302272e+01 
 2307.000  3.305135e+01 
 2308.000  3.304594e+01 
 2309.000  3.282366e+01 
 2310.000  3.251072e+01 
 2311.000  3.261250e+01 
 2312.000  3.245980e+01 
 2313.000  3.178660e+01 
 2314.000  3.160112e+01 
 2315.000  3.007564e+01 
 2316.000  3.051582e+01 
 2317.000  3.021897e+01 
 2318.000  3.217944e+01 
 2319.000  3.205029e+01 
 2320.000  3.005050e+01 
 2321.000  3.009735e+01 
 2322.000  3.007377e+01 
 2323.000  2.888357e+01 
 2324.000  2.968550e+01 
 2325.000  2.992777e+01 
 2326.000  2.978465e+01 
 2327.000  3.035017e+01 
 2328.000  3.055341e+01 
 2329.000  3.025490e+01 
 2330.000  3.020275e+01 
 2331.000  3.004930e+01 
 2332.000  2.959258e+01 
 2333.000  2.957198e+01 
 2334.000  2.863330e+01 
 2335.000  2.822651e+01 
 2336.000  2.840689e+01 
 2337.000  2.752413e+01 
 2338.000  2.738187e+01 
 2339.000  2.667326e+01 
 2340.000  2.665989e+01 
 2341.000  2.669202e+01 
 2342.000  2.608172e+01 
 2343.000  2.595857e+01 
 2344.000  2.588294e+01 
 2345.000  2.544500e+01 
 2346.000  2.550574e+01 
 2347.000  2.533773e+01 
 2348.000  2.511107e+01 
 2349.000  2.523126e+01 
 2350.000  2.507134e+01 
 2351.000  2.525741e+01 
 2352.000  2.486497e+01 
 2353.000  2.427907e+01 
 2354.000  2.491043e+01 
 2355.000  2.519453e+01 
 2356.000  2.566836e+01 
 2357.000  2.546066e+01 
 2358.000  2.543847e+01 
 2359.000  2.589785e+01 
 2360.000  2.592025e+01 
 2361.000  2.573028e+01 
 2362.000  2.510587e+01 
 2363.000  2.507062e+01 
 2364.000  2.510136e+01 
 2365.000  2.406066e+01 
 2366.000  2.411034e+01 
 2367.000  2.280515e+01 
 2368.000  2.269083e+01 
 2369.000  2.247374e+01 
 2370.000  2.161619e+01 
 2371.000  2.186698e+01 
 2372.000  2.187404e+01 
 2373.000  2.171171e+01 
 2374.000  2.065182e+01 
 2375.000  2.130133e+01 
 2376.000  2.114274e+01 
 2377.000  2.107483e+01 
 2378.000  2.101278e+01 
 2379.000  2.113978e+01 
 2380.000  2.107129e+01 
 2381.000  2.049759e+01 
 2382.000  2.054743e+01 
 2383.000  1.956184e+01 
 2384.000  1.954042e+01 
 2385.000  1.969175e+01 
 2386.000  1.983627e+01 
 2387.000  1.988558e+01 
 2388.000  2.041925e+01 
 2389.000  2.034584e+01 
 2390.000  2.088262e+01 
 2391.000  2.084660e+01 
 2392.000  2.072875e+01 
 2393.000  2.089228e+01 
 2394.000  2.116397e+01 
 2395.000  2.097729e+01 
 2396.000  2.088010e+01 
 2397.000  2.097805e+01 
 2398.000  2.075914e+01 
 2399.000  2.044782e+01 
 2400.000  2.025707e+01 
 2401.000  1.962720e+01 
 2402.000  1.972737e+01 
 2403.000  1.958338e+01 
 2404.000  1.827346e+01 
 2405.000  1.839438e+01 
 2406.000  1.812741e+01 
 2407.000  1.711622e+01 
 2408.000  1.714648e+01 
 2409.000  1.709164e+01 
 2410.000  1.583988e+01 
 2411.000  1.585509e+01 
 2412.000  1.583565e+01 
 2413.000  1.500516e+01 
 2414.000  1.448316e+01 
 2415.000  1.438564e+01 
 2416.000  1.391911e+01 
 2417.000  1.454762e+01 
 2418.000  1.467469e+01 
 2419.000  1.601494e+01 
 2420.000  1.584402e+01 
 2421.000  1.581001e+01 
 2422.000  1.669793e+01 
 2423.000  1.658103e+01 
 2424.000  1.663088e+01 
 2425.000  1.692185e+01 
 2426.000  1.713601e+01 
 2427.000  1.685357e+01 
 2428.000  1.673553e+01 
 2429.000  1.684912e+01 
 2430.000  1.674885e+01 
 2431.000  1.610355e+01 
 2432.000  1.620392e+01 
 2433.000  1.601284e+01 
 2434.000  1.494763e+01 
 2435.000  1.478441e+01 
 2436.000  1.519861e+01 
 2437.000  1.511105e+01 
 2438.000  1.474895e+01 
 2439.000  1.503020e+01 
 2440.000  1.402715e+01 
 2441.000  1.386486e+01 
 2442.000  1.395099e+01 
 2443.000  1.240654e+01 
 2444.000  1.234531e+01 
 2445.000  1.112252e+01 
 2446.000  1.080207e+01 
 2447.000  1.082743e+01 
 2448.000  1.042196e+01 
 2449.000  1.042270e+01 
 2450.000  1.049624e+01 
 2451.000  1.058900e+01 
 2452.000  1.058476e+01 
 2453.000  1.075039e+01 
 2454.000  1.217056e+01 
 2455.000  1.204601e+01 
 2456.000  1.202577e+01 
 2457.000  1.141769e+01 
 2458.000  1.234882e+01 
 2459.000  1.243506e+01 
 2460.000  1.235946e+01 
 2461.000  1.164782e+01 
 2462.000  1.167911e+01 
 2463.000  1.141749e+01 
 2464.000  1.047332e+01 
 2465.000  1.039200e+01 
 2466.000  1.031181e+01 
 2467.000  9.134834e+00 
 2468.000  9.134841e+00 
 2469.000  8.861330e+00 
 2470.000  6.979901e+00 
 2471.000  7.278557e+00 
 2472.000  7.250343e+00 
 2473.000  6.710666e+00 
 2474.000  6.591807e+00 
 2475.000  6.525022e+00 
 2476.000  5.174964e+00 
 2477.000  5.251452e+00 
 2478.000  5.226662e+00 
 2479.000  3.994283e+00 
 2480.000  4.052722e+00 
 2481.000  3.831773e+00 
 2482.000  2.938373e+00 
 2483.000  2.857098e+00 
 2484.000  2.991125e+00 
 2485.000  2.375922e+00 
 2486.000  2.361803e+00 
 2487.000  2.117754e+00 
 2488.000  2.030630e+00 
 2489.000  2.029478e+00 
 2490.000  2.040327e+00 
 2491.000  2.092961e+00 
 2492.000  2.101779e+00 
 2493.000  2.068750e+00 
 2494.000  2.001826e+00 
 2495.000  1.980270e+00 
 2496.000  1.968175e+00 
 2497.000  2.179737e+00 
 2498.000  2.165267e+00 
 2499.000  2.175836e+00 
 2500.000  1.937749e+00 
 2501.000  1.544293e+00 
 2502.000  1.553792e+00 
 2503.000  1.537887e+00 
 2504.000  1.334512e+00 
 2505.000  1.349822e+00 
 2506.000  1.155732e+00 
 2507.000  6.762317e-01 
 2508.000  6.668890e-01 
 2509.000  6.644850e-01 
 2510.000  4.699901e-01 
 2511.000  4.729652e-01 
 2512.000  3.673009e-01 
 2513.000  1.821283e-01 
 2514.000  1.818597e-01 
 2515.000  1.810372e-01 
 2516.000  1.441737e-01 
 2517.000  1.430032e-01 
 2518.000  1.408167e-01 
 2519.000  4.403068e-02 
 2520.000  4.398439e-02 
 2521.000  4.408335e-02 
 2522.000  4.398958e-02 
 2523.000  2.506507e-02 
 2524.000  2.498813e-02 
 2525.000  1.567784e-02 
 2526.000  4.099800e-03 
 2527.000  4.076643e-03 
 2528.000  4.095390e-03 
 2529.000  1.874298e-03 
 2530.000  1.877857e-03 
 2531.000  1.883690e-03 
 2532.000  1.988653e-04 
 2533.000  1.971915e-04 
 2534.000  1.988798e-04 
 2535.000  1.113188e-04 
 2536.000  1.120187e-04 
 2537.000  1.110070e-04 
 2538.000  4.684462e-05 
 2539.000  4.545609e-06 
 2540.000  4.561657e-06 
 2541.000  4.589931e-06 
 2542.000  1.931339e-06 
 2543.000  2.011617e-06 
 2544.000  4.505281e-07 
 2545.000  8.207957e-08 
 2546.000  8.246975e-08 
 2547.000  8.055424e-08 
 2548.000  8.190284e-08 
 2549.000  8.347277e-08 
 2550.000  8.313013e-08 
 2551.000  1.751895e-08 
 2552.000  3.168727e-09 
 2553.000  3.143031e-09 
 2554.000  3.214850e-09 
 2555.000  0.000000e+00 
 2556.000  0.000000e+00 
 2557.000  0.000000e+00 
 2558.000  0.000000e+00 
 2559.000  0.000000e+00 
 2560.000  0.000000e+00 
 2561.000  0.000000e+00 
 2562.000  0.000000e+00 
 2563.000  0.000000e+00 
 2564.000  0.000000e+00 
 2565.000  0.000000e+00 
 2566.000  0.000000e+00 
 2567.000  0.000000e+00 
 2568.000  0.000000e+00 
 2569.000  0.000000e+00 
 2570.000  0.000000e+00 
 2571.000  0.000000e+00 
 2572.000  0.000000e+00 
 2573.000  0.000000e+00 
 2574.000  0.000000e+00 
 2575.000  0.000000e+00 
 2576.000  0.000000e+00 
 2577.000  0.000000e+00 
 2578.000  0.000000e+00 
 2579.000  0.000000e+00 
 2580.000  0.000000e+00 
 2581.000  0.000000e+00 
 2582.000  0.000000e+00 
 2583.000  0.000000e+00 
 2584.000  0.000000e+00 
 2585.000  0.000000e+00 
 2586.000  0.000000e+00 
 2587.000  0.000000e+00 
 2588.000  0.000000e+00 
 2589.000  0.000000e+00 
 2590.000  0.000000e+00 
 2591.000  0.000000e+00 
 2592.000  0.000000e+00 
 2593.000  0.000000e+00 
 2594.000  0.000000e+00 
 2595.000  0.000000e+00 
 2596.000  0.000000e+00 
 2597.000  0.000000e+00 
 2598.000  0.000000e+00 
 2599.000  0.000000e+00 
 2600.000  0.000000e+00 
 2601.000  0.000000e+00 
 2602.000  0.000000e+00 
 2603.000  0.000000e+00 
 2604.000  0.000000e+00 
 2605.000  0.000000e+00 
 2606.000  0.000000e+00 
 2607.000  0.000000e+00 
 2608.000  0.000000e+00 
 2609.000  0.000000e+00 
 2610.000  0.000000e+00 
 2611.000  0.000000e+00 
 2612.000  0.000000e+00 
 2613.000  0.000000e+00 
 2614.000  0.000000e+00 
 2615.000  0.000000e+00 
 2616.000  0.000000e+00 
 2617.000  0.000000e+00 
 2618.000  0.000000e+00 
 2619.000  0.000000e+00 
 2620.000  0.000000e+00 
 2621.000  0.000000e+00 
 2622.000  0.000000e+00 
 2623.000  0.000000e+00 
 2624.000  0.000000e+00 
 2625.000  0.000000e+00 
 2626.000  0.000000e+00 
 2627.000  0.000000e+00 
 2628.000  0.000000e+00 
 2629.000  0.000000e+00 
 2630.000  0.000000e+00 
 2631.000  0.000000e+00 
 2632.000  0.000000e+00 
 2633.000  0.000000e+00 
 2634.000  0.000000e+00 
 2635.000  0.000000e+00 
 2636.000  0.000000e+00 
 2637.000  0.000000e+00 
 2638.000  0.000000e+00 
 2639.000  0.000000e+00 
 2640.000  0.000000e+00 
 2641.000  0.000000e+00 
 2642.000  0.000000e+00 
 2643.000  0.000000e+00 
 2644.000  0.000000e+00 
 2645.000  0.000000e+00 
 2646.000  0.000000e+00 
 2647.000  0.000000e+00 
 2648.000  0.000000e+00 
 2649.000  0.000000e+00 
 2650.000  0.000000e+00 
 2651.000  0.000000e+00 
 2652.000  0.000000e+00 
 2653.000  0.000000e+00 
 2654.000  0.000000e+00 
 2655.000  0.000000e+00 
 2656.000  0.000000e+00 
 2657.000  0.000000e+00 
 2658.000  0.000000e+00 
 2659.000  0.000000e+00 
 2660.000  0.000000e+00 
 2661.000  0.000000e+00 
 2662.000  0.000000e+00 
 2663.000  0.000000e+00 
 2664.000  0.000000e+00 
 2665.000  0.000000e+00 
 2666.000  0.000000e+00 
 2667.000  0.000000e+00 
 2668.000  0.000000e+00 
 2669.000  0.000000e+00 
 2670.000  0.000000e+00 
 2671.000  0.000000e+00 
 2672.000  0.000000e+00 
 2673.000  0.000000e+00 
 2674.000  0.000000e+00 
 2675.000  0.000000e+00 
 2676.000  0.000000e+00 
 2677.000  0.000000e+00 
 2678.000  0.000000e+00 
 2679.000  0.000000e+00 
 2680.000  0.000000e+00 
 2681.000  0.000000e+00 
 2682.000  0.000000e+00 
 2683.000  0.000000e+00 
 2684.000  0.000000e+00 
 2685.000  0.000000e+00 
 2686.000  0.000000e+00 
 2687.000  0.000000e+00 
 2688.000  0.000000e+00 
 2689.000  0.000000e+00 
 2690.000  0.000000e+00 
 2691.000  0.000000e+00 
 2692.000  0.000000e+00 
 2693.000  0.000000e+00 
 2694.000  0.000000e+00 
 2695.000  0.000000e+00 
 2696.000  0.000000e+00 
 2697.000  0.000000e+00 
 2698.000  0.000000e+00 
 2699.000  0.000000e+00 
 2700.000  0.000000e+00 
 2701.000  0.000000e+00 
 2702.000  0.000000e+00 
 2703.000  0.000000e+00 
 2704.000  0.000000e+00 
 2705.000  0.000000e+00 
 2706.000  0.000000e+00 
 2707.000  0.000000e+00 
 2708.000  0.000000e+00 
 2709.000  0.000000e+00 
 2710.000  0.000000e+00 
 2711.000  0.000000e+00 
 2712.000  0.000000e+00 
 2713.000  0.000000e+00 
 2714.000  0.000000e+00 
 2715.000  0.000000e+00 
 2716.000  0.000000e+00 
 2717.000  0.000000e+00 
 2718.000  0.000000e+00 
 2719.000  0.000000e+00 
 2720.000  0.000000e+00 
 2721.000  0.000000e+00 
 2722.000  0.000000e+00 
 2723.000  0.000000e+00 
 2724.000  0.000000e+00 
 2725.000  0.000000e+00 
 2726.000  0.000000e+00 
 2727.000  0.000000e+00 
 2728.000  0.000000e+00 
 2729.000  0.000000e+00 
 2730.000  0.000000e+00 
 2731.000  0.000000e+00 
 2732.000  0.000000e+00 
 2733.000  0.000000e+00 
 2734.000  0.000000e+00 
 2735.000  0.000000e+00 
 2736.000  0.000000e+00 
 2737.000  0.000000e+00 
 2738.000  0.000000e+00 
 2739.000  0.000000e+00 
 2740.000  0.000000e+00 
 2741.000  0.000000e+00 
 2742.000  0.000000e+00 
 2743.000  0.000000e+00 
 2744.000  0.000000e+00 
 2745.000  0.000000e+00 
 2746.000  0.000000e+00 
 2747.000  0.000000e+00 
 2748.000  0.000000e+00 
 2749.000  0.000000e+00 
 2750.000  0.000000e+00 
 2751.000  0.000000e+00 
 2752.000  0.000000e+00 
 2753.000  0.000000e+00 
 2754.000  0.000000e+00 
 2755.000  0.000000e+00 
 2756.000  0.000000e+00 
 2757.000  0.000000e+00 
 2758.000  0.000000e+00 
 2759.000  0.000000e+00 
 2760.000  0.000000e+00 
 2761.000  0.000000e+00 
 2762.000  0.000000e+00 
 2763.000  0.000000e+00 
 2764.000  0.000000e+00 
 2765.000  0.000000e+00 
 2766.000  0.000000e+00 
 2767.000  0.000000e+00 
 2768.000  0.000000e+00 
 2769.000  0.000000e+00 
 2770.000  0.000000e+00 
 2771.000  0.000000e+00 
 2772.000  0.000000e+00 
 2773.000  0.000000e+00 
 2774.000  0.000000e+00 
 2775.000  0.000000e+00 
 2776.000  0.000000e+00 
 2777.000  0.000000e+00 
 2778.000  0.000000e+00 
 2779.000  0.000000e+00 
 2780.000  0.000000e+00 
 2781.000  0.000000e+00 
 2782.000  0.000000e+00 
 2783.000  0.000000e+00 
 2784.000  0.000000e+00 
 2785.000  0.000000e+00 
 2786.000  0.000000e+00 
 2787.000  0.000000e+00 
 2788.000  0.000000e+00 
 2789.000  0.000000e+00 
 2790.000  0.000000e+00 
 2791.000  0.000000e+00 
 2792.000  0.000000e+00 
 2793.000  0.000000e+00 
 2794.000  0.000000e+00 
 2795.000  0.000000e+00 
 2796.000  0.000000e+00 
 2797.000  0.000000e+00 
 2798.000  0.000000e+00 
 2799.000  0.000000e+00 
 2800.000  0.000000e+00 
 2801.000  0.000000e+00 
 2802.000  0.000000e+00 
 2803.000  0.000000e+00 
 2804.000  0.000000e+00 
 2805.000  0.000000e+00 
 2806.000  1.038105e-10 
 2807.000  1.034906e-10 
 2808.000  1.040069e-10 
 2809.000  2.873141e-07 
 2810.000  2.879787e-07 
 2811.000  2.878361e-07 
 2812.000  2.882909e-07 
 2813.000  1.231011e-06 
 2814.000  1.231719e-06 
 2815.000  1.234513e-06 
 2816.000  1.229116e-06 
 2817.000  1.444390e-05 
 2818.000  1.445146e-05 
 2819.000  1.443740e-05 
 2820.000  1.442636e-05 
 2821.000  3.829214e-05 
 2822.000  3.824835e-05 
 2823.000  3.825349e-05 
 2824.000  3.814757e-05 
 2825.000  1.791548e-04 
 2826.000  1.794946e-04 
 2827.000  1.791905e-04 
 2828.000  1.788995e-04 
 2829.000  2.201625e-04 
 2830.000  2.203911e-04 
 2831.000  2.199750e-04 
 2832.000  2.206351e-04 
 2833.000  6.013048e-04 
 2834.000  6.022546e-04 
 2835.000  6.021441e-04 
 2836.000  6.015121e-04 
 2837.000  6.909703e-04 
 2838.000  6.898913e-04 
 2839.000  6.913621e-04 
 2840.000  6.877456e-04 
 2841.000  1.613795e-03 
 2842.000  1.643467e-03 
 2843.000  1.636820e-03 
 2844.000  1.637914e-03 
 2845.000  1.837961e-03 
 2846.000  1.837318e-03 
 2847.000  1.835318e-03 
 2848.000  1.836449e-03 
 2849.000  2.447809e-03 
 2850.000  4.699754e-03 
 2851.000  4.700063e-03 
 2852.000  4.700809e-03 
 2853.000  4.725596e-03 
 2854.000  7.768325e-03 
 2855.000  7.805193e-03 
 2856.000  7.804331e-03 
 2857.000  9.576856e-03 
 2858.000  2.014257e-02 
 2859.000  2.007449e-02 
 2860.000  1.994145e-02 
 2861.000  2.008298e-02 
 2862.000  3.610338e-02 
 2863.000  3.606817e-02 
 2864.000  3.607019e-02 
 2865.000  4.435390e-02 
 2866.000  7.019904e-02 
 2867.000  6.991831e-02 
 2868.000  6.931927e-02 
 2869.000  6.965245e-02 
 2870.000  9.675121e-02 
 2871.000  9.720947e-02 
 2872.000  9.614948e-02 
 2873.000  1.090620e-01 
 2874.000  1.602668e-01 
 2875.000  1.611985e-01 
 2876.000  1.619942e-01 
 2877.000  1.622329e-01 
 2878.000  2.184166e-01 
 2879.000  2.184107e-01 
 2880.000  2.179827e-01 
 2881.000  2.181546e-01 
 2882.000  3.595904e-01 
 2883.000  3.600045e-01 
 2884.000  3.597132e-01 
 2885.000  3.587999e-01 
 2886.000  3.578272e-01 
 2887.000  3.982514e-01 
 2888.000  3.978696e-01 
 2889.000  3.957989e-01 
 2890.000  4.366682e-01 
 2891.000  5.111973e-01 
 2892.000  5.108800e-01 
 2893.000  5.101129e-01 
 2894.000  5.081835e-01 
 2895.000  5.041478e-01 
 2896.000  5.033446e-01 
 2897.000  5.035619e-01 
 2898.000  5.382519e-01 
 2899.000  5.234506e-01 
 2900.000  5.249580e-01 
 2901.000  5.234948e-01 
 2902.000  5.238939e-01 
 2903.000  6.148646e-01 
 2904.000  6.139128e-01 
 2905.000  6.140924e-01 
 2906.000  6.051486e-01 
 2907.000  7.516400e-01 
 2908.000  7.507839e-01 
 2909.000  7.505246e-01 
 2910.000  7.494767e-01 
 2911.000  7.486456e-01 
 2912.000  8.586305e-01 
 2913.000  8.561431e-01 
 2914.000  8.547055e-01 
 2915.000  8.895018e-01 
 2916.000  1.154818e+00 
 2917.000  1.164213e+00 
 2918.000  1.162578e+00 
 2919.000  1.161474e+00 
 2920.000  8.044618e+00 
 2921.000  8.040300e+00 
 2922.000  8.018401e+00 
 2923.000  7.951708e+00 
 2924.000  1.934076e+00 
 2925.000  1.954971e+00 
 2926.000  1.923475e+00 
 2927.000  1.952316e+00 
 2928.000  1.952135e+00 
 2929.000  2.103467e+00 
 2930.000  2.137284e+00 
 2931.000  2.135261e+00 
 2932.000  2.247759e+00 
 2933.000  2.253449e+00 
 2934.000  2.257182e+00 
 2935.000  2.247123e+00 
 2936.000  2.248797e+00 
 2937.000  2.048108e+00 
 2938.000  2.049014e+00 
 2939.000  2.036739e+00 
 2940.000  2.042648e+00 
 2941.000  2.103260e+00 
 2942.000  1.929904e+00 
 2943.000  1.903095e+00 
 2944.000  1.917295e+00 
 2945.000  1.918645e+00 
 2946.000  1.967560e+00 
 2947.000  1.929937e+00 
 2948.000  1.960780e+00 
 2949.000  2.012446e+00 
 2950.000  2.167506e+00 
 2951.000  2.162416e+00 
 2952.000  2.149002e+00 
 2953.000  2.162153e+00 
 2954.000  2.156621e+00 
 2955.000  2.242668e+00 
 2956.000  2.247858e+00 
 2957.000  2.244932e+00 
 2958.000  2.287321e+00 
 2959.000  2.155938e+00 
 2960.000  2.145621e+00 
 2961.000  2.140171e+00 
 2962.000  2.147547e+00 
 2963.000  1.660792e+00 
 2964.000  1.657518e+00 
 2965.000  1.657953e+00 
 2966.000  1.654416e+00 
 2967.000  1.679581e+00 
 2968.000  1.353257e+00 
 2969.000  1.349373e+00 
 2970.000  1.347566e+00 
 2971.000  1.344916e+00 
 2972.000  1.484055e+00 
 2973.000  1.483480e+00 
 2974.000  1.482710e+00 
 2975.000  1.480337e+00 
 2976.000  1.500767e+00 
 2977.000  2.011970e+00 
 2978.000  2.005398e+00 
 2979.000  1.988822e+00 
 2980.000  2.003866e+00 
 2981.000  2.836321e+00 
 2982.000  2.826674e+00 
 2983.000  2.830033e+00 
 2984.000  2.826274e+00 
 2985.000  2.857957e+00 
 2986.000  3.651512e+00 
 2987.000  3.645886e+00 
 2988.000  3.616461e+00 
 2989.000  3.635634e+00 
 2990.000  3.683906e+00 
 2991.000  3.696143e+00 
 2992.000  3.692427e+00 
 2993.000  3.687090e+00 
 2994.000  3.683529e+00 
 2995.000  3.634175e+00 
 2996.000  3.628157e+00 
 2997.000  3.561695e+00 
 2998.000  3.609727e+00 
 2999.000  3.401860e+00 
 3000.000  3.346543e+00 
 3001.000  3.398960e+00 
 3002.000  3.397968e+00 
 3003.000  3.410330e+00 
 3004.000  2.905971e+00 
 3005.000  2.907075e+00 
 3006.000  2.901703e+00 
 3007.000  2.901489e+00 
 3008.000  2.835137e+00 
 3009.000  2.840460e+00 
 3010.000  2.835624e+00 
 3011.000  2.841480e+00 
 3012.000  2.838038e+00 
 3013.000  2.641001e+00 
 3014.000  2.634743e+00 
 3015.000  2.622292e+00 
 3016.000  2.631052e+00 
 3017.000  2.371286e+00 
 3018.000  2.379356e+00 
 3019.000  2.378529e+00 
 3020.000  2.350954e+00 
 3021.000  2.348589e+00 
 3022.000  2.340523e+00 
 3023.000  2.334303e+00 
 3024.000  2.329343e+00 
 3025.000  2.324564e+00 
 3026.000  2.116150e+00 
 3027.000  2.108846e+00 
 3028.000  2.098739e+00 
 3029.000  2.107099e+00 
 3030.000  2.079698e+00 
 3031.000  1.786888e+00 
 3032.000  1.783920e+00 
 3033.000  1.749982e+00 
 3034.000  1.774481e+00 
 3035.000  1.504347e+00 
 3036.000  1.497804e+00 
 3037.000  1.488100e+00 
 3038.000  1.472591e+00 
 3039.000  1.437249e+00 
 3040.000  1.245581e+00 
 3041.000  1.278642e+00 
 3042.000  1.285637e+00 
 3043.000  1.290026e+00 
 3044.000  1.291146e+00 
 3045.000  1.145102e+00 
 3046.000  1.146957e+00 
 3047.000  1.149391e+00 
 3048.000  1.139614e+00 
 3049.000  1.132868e+00 
 3050.000  1.133506e+00 
 3051.000  1.132241e+00 
 3052.000  1.130911e+00 
 3053.000  1.128970e+00 
 3054.000  1.295210e+00 
 3055.000  1.281219e+00 
 3056.000  1.294443e+00 
 3057.000  1.291180e+00 
 3058.000  1.271900e+00 
 3059.000  1.459697e+00 
 3060.000  1.464252e+00 
 3061.000  1.464214e+00 
 3062.000  1.462304e+00 
 3063.000  1.616404e+00 
 3064.000  1.593976e+00 
 3065.000  1.597830e+00 
 3066.000  1.611223e+00 
 3067.000  1.595979e+00 
 3068.000  1.665910e+00 
 3069.000  1.690551e+00 
 3070.000  1.689889e+00 
 3071.000  1.685270e+00 
 3072.000  1.686480e+00 
 3073.000  1.703501e+00 
 3074.000  1.697385e+00 
 3075.000  1.701424e+00 
 3076.000  1.686499e+00 
 3077.000  1.415808e+00 
 3078.000  1.416202e+00 
 3079.000  1.412932e+00 
 3080.000  1.409819e+00 
 3081.000  1.402794e+00 
 3082.000  1.295306e+00 
 3083.000  1.293008e+00 
 3084.000  1.298653e+00 
 3085.000  1.296997e+00 
 3086.000  1.286960e+00 
 3087.000  1.148816e+00 
 3088.000  1.154911e+00 
 3089.000  1.154271e+00 
 3090.000  1.154025e+00 
 3091.000  1.141787e+00 
 3092.000  9.718363e-01 
 3093.000  9.714444e-01 
 3094.000  9.697328e-01 
 3095.000  9.677174e-01 
 3096.000  9.937446e-01 
 3097.000  9.901114e-01 
 3098.000  9.708652e-01 
 3099.000  9.864746e-01 
 3100.000  9.899705e-01 
 3101.000  1.037468e+00 
 3102.000  1.036202e+00 
 3103.000  1.036134e+00 
 3104.000  1.034667e+00 
 3105.000  1.035441e+00 
 3106.000  1.217203e+00 
 3107.000  1.211999e+00 
 3108.000  1.216954e+00 
 3109.000  1.214761e+00 
 3110.000  1.213483e+00 
 3111.000  1.551857e+00 
 3112.000  1.548480e+00 
 3113.000  1.539044e+00 
 3114.000  1.540251e+00 
 3115.000  1.500811e+00 
 3116.000  2.084302e+00 
 3117.000  2.170552e+00 
 3118.000  2.179513e+00 
 3119.000  2.170664e+00 
 3120.000  2.173065e+00 
 3121.000  2.481570e+00 
 3122.000  2.488034e+00 
 3123.000  2.492388e+00 
 3124.000  2.490213e+00 
 3125.000  2.503241e+00 
 3126.000  2.814723e+00 
 3127.000  2.800452e+00 
 3128.000  2.811416e+00 
 3129.000  2.785249e+00 
 3130.000  2.970355e+00 
 3131.000  2.952722e+00 
 3132.000  2.966450e+00 
 3133.000  2.959630e+00 
 3134.000  3.009299e+00 
 3135.000  2.796709e+00 
 3136.000  2.793468e+00 
 3137.000  2.792110e+00 
 3138.000  2.790869e+00 
 3139.000  2.781212e+00 
 3140.000  2.830923e+00 
 3141.000  2.837710e+00 
 3142.000  2.825846e+00 
 3143.000  2.830968e+00 
 3144.000  2.888947e+00 
 3145.000  3.369885e+00 
 3146.000  3.366003e+00 
 3147.000  3.338484e+00 
 3148.000  3.353992e+00 
 3149.000  3.354542e+00 
 3150.000  4.088857e+00 
 3151.000  4.076160e+00 
 3152.000  3.860106e+00 
 3153.000  4.073309e+00 
 3154.000  4.108953e+00 
 3155.000  5.127027e+00 
 3156.000  5.122503e+00 
 3157.000  5.108422e+00 
 3158.000  5.109472e+00 
 3159.000  5.102402e+00 
 3160.000  5.946119e+00 
 3161.000  5.932635e+00 
 3162.000  5.942097e+00 
 3163.000  5.925784e+00 
 3164.000  5.875104e+00 
 3165.000  5.987804e+00 
 3166.000  5.999784e+00 
 3167.000  5.977526e+00 
 3168.000  5.940426e+00 
 3169.000  5.967263e+00 
 3170.000  5.620193e+00 
 3171.000  5.750878e+00 
 3172.000  5.748120e+00 
 3173.000  5.746912e+00 
 3174.000  5.655911e+00 
 3175.000  5.027493e+00 
 3176.000  5.019778e+00 
 3177.000  5.016256e+00 
 3178.000  4.992935e+00 
 3179.000  4.988870e+00 
 3180.000  4.000885e+00 
 3181.000  3.934514e+00 
 3182.000  3.986810e+00 
 3183.000  3.981789e+00 
 3184.000  3.906483e+00 
 3185.000  2.655768e+00 
 3186.000  2.651934e+00 
 3187.000  2.645022e+00 
 3188.000  2.640269e+00 
 3189.000  2.643214e+00 
 3190.000  1.514603e+00 
 3191.000  1.512830e+00 
 3192.000  1.511090e+00 
 3193.000  1.508495e+00 
 3194.000  1.481162e+00 
 3195.000  7.256672e-01 
 3196.000  7.217013e-01 
 3197.000  7.239328e-01 
 3198.000  7.226322e-01 
 3199.000  7.226504e-01 
 3200.000  4.434566e-01 
 3201.000  4.323524e-01 
 3202.000  4.421958e-01 
 3203.000  4.425781e-01 
 3204.000  4.404422e-01 
 3205.000  4.328972e-01 
 3206.000  3.370571e-01 
 3207.000  3.366309e-01 
 3208.000  3.362762e-01 
 3209.000  3.359196e-01 
 3210.000  3.351521e-01 
 3211.000  3.467036e-01 
 3212.000  3.461665e-01 
 3213.000  3.460099e-01 
 3214.000  3.455493e-01 
 3215.000  3.345319e-01 
 3216.000  4.726112e-01 
 3217.000  4.722034e-01 
 3218.000  4.723413e-01 
 3219.000  4.712760e-01 
 3220.000  4.710556e-01 
 3221.000  6.572155e-01 
 3222.000  6.573246e-01 
 3223.000  6.546927e-01 
 3224.000  6.512169e-01 
 3225.000  6.518964e-01 
 3226.000  9.044762e-01 
 3227.000  9.064653e-01 
 3228.000  9.044151e-01 
 3229.000  9.020425e-01 
 3230.000  9.017643e-01 
 3231.000  9.017183e-01 
 3232.000  1.316196e+00 
 3233.000  1.314342e+00 
 3234.000  1.295279e+00 
 3235.000  1.313608e+00 
 3236.000  1.315688e+00 
 3237.000  1.593375e+00 
 3238.000  1.591554e+00 
 3239.000  1.587167e+00 
 3240.000  1.586377e+00 
 3241.000  1.582593e+00 
 3242.000  1.621554e+00 
 3243.000  1.600129e+00 
 3244.000  1.620667e+00 
 3245.000  1.616738e+00 
 3246.000  1.648188e+00 
 3247.000  1.773995e+00 
 3248.000  1.771299e+00 
 3249.000  1.767825e+00 
 3250.000  1.767428e+00 
 3251.000  1.765973e+00 
 3252.000  1.763056e+00 
 3253.000  1.599127e+00 
 3254.000  1.587351e+00 
 3255.000  1.588780e+00 
 3256.000  1.593412e+00 
 3257.000  1.617351e+00 
 3258.000  1.432892e+00 
 3259.000  1.434649e+00 
 3260.000  1.419698e+00 
 3261.000  1.431542e+00 
 3262.000  1.424741e+00 
 3263.000  1.602347e+00 
 3264.000  1.604867e+00 
 3265.000  1.604829e+00 
 3266.000  1.591029e+00 
 3267.000  1.617736e+00 
 3268.000  1.968597e+00 
 3269.000  1.958981e+00 
 3270.000  1.963189e+00 
 3271.000  1.957954e+00 
 3272.000  1.958921e+00 
 3273.000  1.953140e+00 
 3274.000  2.364691e+00 
 3275.000  2.361101e+00 
 3276.000  2.324998e+00 
 3277.000  2.353978e+00 
 3278.000  2.370484e+00 
 3279.000  2.779423e+00 
 3280.000  2.770660e+00 
 3281.000  2.734618e+00 
 3282.000  2.762679e+00 
 3283.000  2.758955e+00 
 3284.000  2.764962e+00 
 3285.000  2.693963e+00 
 3286.000  2.721644e+00 
 3287.000  2.719656e+00 
 3288.000  2.715567e+00 
 3289.000  2.732126e+00 
 3290.000  2.331151e+00 
 3291.000  2.303088e+00 
 3292.000  2.323523e+00 
 3293.000  2.316797e+00 
 3294.000  2.309761e+00 
 3295.000  1.901734e+00 
 3296.000  1.871870e+00 
 3297.000  1.826155e+00 
 3298.000  1.852942e+00 
 3299.000  1.896624e+00 
 3300.000  1.935809e+00 
 3301.000  1.634750e+00 
 3302.000  1.647442e+00 
 3303.000  1.646449e+00 
 3304.000  1.646237e+00 
 3305.000  1.644614e+00 
 3306.000  1.387373e+00 
 3307.000  1.391105e+00 
 3308.000  1.388543e+00 
 3309.000  1.388331e+00 
 3310.000  1.386041e+00 
 3311.000  1.389505e+00 
 3312.000  1.337211e+00 
 3313.000  1.331424e+00 
 3314.000  1.336974e+00 
 3315.000  1.334357e+00 
 3316.000  1.323300e+00 
 3317.000  1.609431e+00 
 3318.000  1.592709e+00 
 3319.000  1.599129e+00 
 3320.000  1.451980e+00 
 3321.000  1.594706e+00 
 3322.000  1.615560e+00 
 3323.000  2.141595e+00 
 3324.000  2.145726e+00 
 3325.000  2.127843e+00 
 3326.000  2.131019e+00 
 3327.000  2.134785e+00 
 3328.000  2.693886e+00 
 3329.000  2.693705e+00 
 3330.000  2.691909e+00 
 3331.000  2.672569e+00 
 3332.000  2.669287e+00 
 3333.000  2.722605e+00 
 3334.000  3.029136e+00 
 3335.000  3.020100e+00 
 3336.000  3.020336e+00 
 3337.000  3.007138e+00 
 3338.000  3.008003e+00 
 3339.000  3.066373e+00 
 3340.000  3.037679e+00 
 3341.000  3.017149e+00 
 3342.000  3.057620e+00 
 3343.000  3.051264e+00 
 3344.000  3.093723e+00 
 3345.000  3.153071e+00 
 3346.000  3.143871e+00 
 3347.000  3.147961e+00 
 3348.000  3.146313e+00 
 3349.000  3.141384e+00 
 3350.000  3.095085e+00 
 3351.000  3.103460e+00 
 3352.000  3.106383e+00 
 3353.000  3.056145e+00 
 3354.000  3.097583e+00 
 3355.000  3.134195e+00 
 3356.000  3.400059e+00 
 3357.000  3.391816e+00 
 3358.000  3.376982e+00 
 3359.000  3.389770e+00 
 3360.000  3.384997e+00 
 3361.000  3.377506e+00 
 3362.000  3.672549e+00 
 3363.000  3.672240e+00 
 3364.000  3.671623e+00 
 3365.000  3.651339e+00 
 3366.000  3.652125e+00 
 3367.000  3.678193e+00 
 3368.000  4.086382e+00 
 3369.000  4.057625e+00 
 3370.000  3.983186e+00 
 3371.000  4.068025e+00 
 3372.000  4.074875e+00 
 3373.000  4.474426e+00 
 3374.000  4.445198e+00 
 3375.000  4.480691e+00 
 3376.000  4.478289e+00 
 3377.000  4.460440e+00 
 3378.000  4.477263e+00 
 3379.000  4.881006e+00 
 3380.000  4.888631e+00 
 3381.000  4.869164e+00 
 3382.000  4.830244e+00 
 3383.000  4.835262e+00 
 3384.000  4.843004e+00 
 3385.000  5.119411e+00 
 3386.000  5.122910e+00 
 3387.000  5.116129e+00 
 3388.000  5.107825e+00 
 3389.000  5.128398e+00 
 3390.000  5.269906e+00 
 3391.000  5.263912e+00 
 3392.000  5.253051e+00 
 3393.000  5.246050e+00 
 3394.000  5.241711e+00 
 3395.000  5.231280e+00 
 3396.000  5.260299e+00 
 3397.000  5.089418e+00 
 3398.000  5.232435e+00 
 3399.000  5.149690e+00 
 3400.000  5.279603e+00 
 3401.000  5.031807e+00 
 3402.000  5.340450e+00 
 3403.000  5.339523e+00 
 3404.000  5.346947e+00 
 3405.000  5.337363e+00 
 3406.000  5.333306e+00 
 3407.000  5.297217e+00 
 3408.000  5.531454e+00 
 3409.000  5.441272e+00 
 3410.000  5.485987e+00 
 3411.000  5.512322e+00 
 3412.000  5.528940e+00 
 3413.000  5.797122e+00 
 3414.000  5.804946e+00 
 3415.000  5.716253e+00 
 3416.000  5.648679e+00 
 3417.000  5.781953e+00 
 3418.000  5.797513e+00 
 3419.000  5.976559e+00 
 3420.000  5.974986e+00 
 3421.000  5.963502e+00 
 3422.000  5.938442e+00 
 3423.000  5.952816e+00 
 3424.000  5.958234e+00 
 3425.000  6.128827e+00 
 3426.000  6.121452e+00 
 3427.000  5.962595e+00 
 3428.000  6.032285e+00 
 3429.000  6.082825e+00 
 3430.000  6.091944e+00 
 3431.000  6.061364e+00 
 3432.000  6.090932e+00 
 3433.000  6.071596e+00 
 3434.000  6.075105e+00 
 3435.000  6.053049e+00 
 3436.000  6.068135e+00 
 3437.000  6.044425e+00 
 3438.000  6.052534e+00 
 3439.000  6.046525e+00 
 3440.000  6.037728e+00 
 3441.000  6.033682e+00 
 3442.000  5.980102e+00 
 3443.000  6.076999e+00 
 3444.000  6.068738e+00 
 3445.000  6.051207e+00 
 3446.000  6.038691e+00 
 3447.000  6.047307e+00 
 3448.000  6.037587e+00 
 3449.000  6.092240e+00 
 3450.000  6.083512e+00 
 3451.000  6.085976e+00 
 3452.000  6.076255e+00 
 3453.000  6.069944e+00 
 3454.000  6.052337e+00 
 3455.000  6.139146e+00 
 3456.000  6.112926e+00 
 3457.000  6.122157e+00 
 3458.000  6.110473e+00 
 3459.000  6.115882e+00 
 3460.000  6.103217e+00 
 3461.000  6.168180e+00 
 3462.000  6.164772e+00 
 3463.000  6.159806e+00 
 3464.000  6.141828e+00 
 3465.000  6.142125e+00 
 3466.000  6.106126e+00 
 3467.000  6.099831e+00 
 3468.000  6.105672e+00 
 3469.000  6.099982e+00 
 3470.000  6.098561e+00 
 3471.000  6.045284e+00 
 3472.000  6.071183e+00 
 3473.000  6.035231e+00 
 3474.000  6.067801e+00 
 3475.000  6.057965e+00 
 3476.000  6.065602e+00 
 3477.000  5.999933e+00 
 3478.000  6.055636e+00 
 3479.000  6.064938e+00 
 3480.000  6.057250e+00 
 3481.000  6.037592e+00 
 3482.000  6.046123e+00 
 3483.000  6.036982e+00 
 3484.000  6.021859e+00 
 3485.000  6.049752e+00 
 3486.000  6.022298e+00 
 3487.000  6.037460e+00 
 3488.000  6.041748e+00 
 3489.000  6.034563e+00 
 3490.000  6.001472e+00 
 3491.000  6.092484e+00 
 3492.000  6.061166e+00 
 3493.000  6.078180e+00 
 3494.000  6.021971e+00 
 3495.000  6.064422e+00 
 3496.000  6.071567e+00 
 3497.000  6.097225e+00 
 3498.000  6.086433e+00 
 3499.000  6.082404e+00 
 3500.000  6.076972e+00 
 3501.000  6.014456e+00 
 3502.000  6.062129e+00 
 3503.000  6.053499e+00 
 3504.000  6.048318e+00 
 3505.000  6.041395e+00 
 3506.000  6.036456e+00 
 3507.000  6.028613e+00 
 3508.000  6.010147e+00 
 3509.000  5.945996e+00 
 3510.000  5.940734e+00 
 3511.000  5.935377e+00 
 3512.000  5.912024e+00 
 3513.000  5.918530e+00 
 3514.000  5.911666e+00 
 3515.000  5.782055e+00 
 3516.000  5.757054e+00 
 3517.000  5.764851e+00 
 3518.000  5.750672e+00 
 3519.000  5.751934e+00 
 3520.000  5.740433e+00 
 3521.000  5.744508e+00 
 3522.000  5.575386e+00 
 3523.000  5.563642e+00 
 3524.000  5.509428e+00 
 3525.000  5.568304e+00 
 3526.000  5.563497e+00 
 3527.000  5.547495e+00 
 3528.000  5.351571e+00 
 3529.000  5.345001e+00 
 3530.000  5.347603e+00 
 3531.000  5.313618e+00 
 3532.000  5.337995e+00 
 3533.000  5.332263e+00 
 3534.000  5.144756e+00 
 3535.000  5.125517e+00 
 3536.000  5.166508e+00 
 3537.000  5.160070e+00 
 3538.000  5.055047e+00 
 3539.000  5.115568e+00 
 3540.000  5.103174e+00 
 3541.000  5.110515e+00 
 3542.000  5.099284e+00 
 3543.000  5.095406e+00 
 3544.000  5.093294e+00 
 3545.000  5.079615e+00 
 3546.000  5.076809e+00 
 3547.000  5.053317e+00 
 3548.000  5.041379e+00 
 3549.000  5.041936e+00 
 3550.000  5.037564e+00 
 3551.000  5.030206e+00 
 3552.000  5.025404e+00 
 3553.000  5.060836e+00 
 3554.000  5.062832e+00 
 3555.000  5.025500e+00 
 3556.000  4.928382e+00 
 3557.000  5.047103e+00 
 3558.000  5.037407e+00 
 3559.000  5.063347e+00 
 3560.000  4.948432e+00 
 3561.000  5.041473e+00 
 3562.000  5.050657e+00 
 3563.000  5.043063e+00 
 3564.000  5.021031e+00 
 3565.000  5.034193e+00 
 3566.000  4.942875e+00 
 3567.000  4.939671e+00 
 3568.000  4.936168e+00 
 3569.000  4.924060e+00 
 3570.000  4.914043e+00 
 3571.000  4.802567e+00 
 3572.000  4.909571e+00 
 3573.000  4.909655e+00 
 3574.000  4.899817e+00 
 3575.000  4.896522e+00 
 3576.000  4.895018e+00 
 3577.000  4.881074e+00 
 3578.000  4.906680e+00 
 3579.000  4.901540e+00 
 3580.000  4.829223e+00 
 3581.000  4.879362e+00 
 3582.000  4.878564e+00 
 3583.000  4.883605e+00 
 3584.000  4.819871e+00 
 3585.000  4.910934e+00 
 3586.000  4.910283e+00 
 3587.000  4.904415e+00 
 3588.000  4.909972e+00 
 3589.000  4.901457e+00 
 3590.000  4.900839e+00 
 3591.000  5.041530e+00 
 3592.000  5.040170e+00 
 3593.000  5.020798e+00 
 3594.000  5.022546e+00 
 3595.000  5.027605e+00 
 3596.000  4.964830e+00 
 3597.000  4.967722e+00 
 3598.000  5.161626e+00 
 3599.000  5.132966e+00 
 3600.000  5.141839e+00 
 3601.000  5.124703e+00 
 3602.000  5.141193e+00 
 3603.000  5.128885e+00 
 3604.000  5.214038e+00 
 3605.000  5.201840e+00 
 3606.000  5.206801e+00 
 3607.000  5.191355e+00 
 3608.000  5.193607e+00 
 3609.000  5.183665e+00 
 3610.000  5.173012e+00 
 3611.000  5.303464e+00 
 3612.000  5.292851e+00 
 3613.000  5.288002e+00 
 3614.000  5.286169e+00 
 3615.000  5.280387e+00 
 3616.000  5.272535e+00 
 3617.000  5.393786e+00 
 3618.000  5.387910e+00 
 3619.000  5.381339e+00 
 3620.000  5.375266e+00 
 3621.000  5.367828e+00 
 3622.000  5.366866e+00 
 3623.000  5.358796e+00 
 3624.000  5.401946e+00 
 3625.000  5.397463e+00 
 3626.000  5.401013e+00 
 3627.000  5.396305e+00 
 3628.000  5.389619e+00 
 3629.000  5.370618e+00 
 3630.000  5.462387e+00 
 3631.000  5.487865e+00 
 3632.000  5.488471e+00 
 3633.000  5.479996e+00 
 3634.000  5.474045e+00 
 3635.000  5.471732e+00 
 3636.000  5.454582e+00 
 3637.000  5.512117e+00 
 3638.000  5.528751e+00 
 3639.000  5.525474e+00 
 3640.000  5.499112e+00 
 3641.000  5.515161e+00 
 3642.000  5.503915e+00 
 3643.000  5.452151e+00 
 3644.000  5.365853e+00 
 3645.000  5.393216e+00 
 3646.000  5.434695e+00 
 3647.000  5.419532e+00 
 3648.000  5.418751e+00 
 3649.000  5.398008e+00 
 3650.000  5.278059e+00 
 3651.000  5.266937e+00 
 3652.000  5.253127e+00 
 3653.000  5.141837e+00 
 3654.000  5.146927e+00 
 3655.000  5.229102e+00 
 3656.000  5.233695e+00 
 3657.000  4.962203e+00 
 3658.000  4.947847e+00 
 3659.000  4.876736e+00 
 3660.000  4.888481e+00 
 3661.000  4.948189e+00 
 3662.000  4.930303e+00 
 3663.000  4.926317e+00 
 3664.000  4.589215e+00 
 3665.000  4.585926e+00 
 3666.000  4.580207e+00 
 3667.000  4.576053e+00 
 3668.000  4.505464e+00 
 3669.000  4.563217e+00 
 3670.000  4.419499e+00 
 3671.000  4.332234e+00 
 3672.000  4.403578e+00 
 3673.000  4.399929e+00 
 3674.000  4.400794e+00 
 3675.000  4.394959e+00 
 3676.000  4.390532e+00 
 3677.000  4.449259e+00 
 3678.000  4.529292e+00 
 3679.000  4.377212e+00 
 3680.000  4.532492e+00 
 3681.000  4.530025e+00 
 3682.000  4.466759e+00 
 3683.000  4.340508e+00 
 3684.000  4.713420e+00 
 3685.000  4.769848e+00 
 3686.000  4.780398e+00 
 3687.000  4.758936e+00 
 3688.000  4.770073e+00 
 3689.000  4.747639e+00 
 3690.000  4.724805e+00 
 3691.000  5.022487e+00 
 3692.000  5.014544e+00 
 3693.000  5.029488e+00 
 3694.000  5.014616e+00 
 3695.000  4.988874e+00 
 3696.000  4.982741e+00 
 3697.000  5.126300e+00 
 3698.000  5.128088e+00 
 3699.000  4.966952e+00 
 3700.000  4.991509e+00 
 3701.000  5.035338e+00 
 3702.000  5.078570e+00 
 3703.000  5.177568e+00 
 3704.000  5.194528e+00 
 3705.000  5.086340e+00 
 3706.000  5.149864e+00 
 3707.000  5.114461e+00 
 3708.000  5.150365e+00 
 3709.000  5.043295e+00 
 3710.000  5.156586e+00 
 3711.000  5.090577e+00 
 3712.000  5.047593e+00 
 3713.000  5.113090e+00 
 3714.000  5.085398e+00 
 3715.000  5.049353e+00 
 3716.000  5.091912e+00 
 3717.000  5.103147e+00 
 3718.000  5.084261e+00 
 3719.000  5.065376e+00 
 3720.000  5.085643e+00 
 3721.000  5.035493e+00 
 3722.000  5.041353e+00 
 3723.000  5.067550e+00 
 3724.000  5.062758e+00 
 3725.000  4.969249e+00 
 3726.000  4.989258e+00 
 3727.000  4.970264e+00 
 3728.000  4.973289e+00 
 3729.000  4.948238e+00 
 3730.000  4.963957e+00 
 3731.000  4.951607e+00 
 3732.000  4.905743e+00 
 3733.000  4.911869e+00 
 3734.000  4.904912e+00 
 3735.000  4.846246e+00 
 3736.000  4.813076e+00 
 3737.000  4.849158e+00 
 3738.000  4.791000e+00 
 3739.000  4.669964e+00 
 3740.000  4.598512e+00 
 3741.000  4.557221e+00 
 3742.000  4.730044e+00 
 3743.000  4.786527e+00 
 3744.000  4.776151e+00 
 3745.000  4.628912e+00 
 3746.000  4.531714e+00 
 3747.000  4.626666e+00 
 3748.000  4.744737e+00 
 3749.000  4.729463e+00 
 3750.000  4.707119e+00 
 3751.000  4.699850e+00 
 3752.000  4.736295e+00 
 3753.000  4.576176e+00 
 3754.000  4.638017e+00 
 3755.000  4.664337e+00 
 3756.000  4.688117e+00 
 3757.000  4.675181e+00 
 3758.000  4.642934e+00 
 3759.000  4.653682e+00 
 3760.000  4.666178e+00 
 3761.000  4.687481e+00 
 3762.000  4.649451e+00 
 3763.000  4.581353e+00 
 3764.000  4.661272e+00 
 3765.000  4.644090e+00 
 3766.000  4.656320e+00 
 3767.000  4.657162e+00 
 3768.000  4.634538e+00 
 3769.000  4.624086e+00 
 3770.000  4.631472e+00 
 3771.000  4.602214e+00 
 3772.000  4.628942e+00 
 3773.000  4.563977e+00 
 3774.000  4.651408e+00 
 3775.000  4.666842e+00 
 3776.000  4.580252e+00 
 3777.000  4.570398e+00 
 3778.000  4.648685e+00 
 3779.000  4.631502e+00 
 3780.000  4.615800e+00 
 3781.000  4.651495e+00 
 3782.000  4.616827e+00 
 3783.000  4.665005e+00 
 3784.000  4.652359e+00 
 3785.000  4.652063e+00 
 3786.000  4.638982e+00 
 3787.000  4.531090e+00 
 3788.000  4.661540e+00 
 3789.000  4.658689e+00 
 3790.000  4.662838e+00 
 3791.000  4.578338e+00 
 3792.000  4.632438e+00 
 3793.000  4.583223e+00 
 3794.000  4.642522e+00 
 3795.000  4.618993e+00 
 3796.000  4.702362e+00 
 3797.000  4.705388e+00 
 3798.000  4.684926e+00 
 3799.000  4.654092e+00 
 3800.000  4.602359e+00 
 3801.000  4.692324e+00 
 3802.000  4.675287e+00 
 3803.000  4.711999e+00 
 3804.000  4.694194e+00 
 3805.000  4.696841e+00 
 3806.000  4.685402e+00 
 3807.000  4.624967e+00 
 3808.000  4.654247e+00 
 3809.000  4.668816e+00 
 3810.000  4.691979e+00 
 3811.000  4.712451e+00 
 3812.000  4.723869e+00 
 3813.000  4.691714e+00 
 3814.000  4.708629e+00 
 3815.000  4.707479e+00 
 3816.000  4.663752e+00 
 3817.000  4.716481e+00 
 3818.000  4.683353e+00 
 3819.000  4.752738e+00 
 3820.000  4.755271e+00 
 3821.000  4.753060e+00 
 3822.000  4.746849e+00 
 3823.000  4.722989e+00 
 3824.000  4.728511e+00 
 3825.000  4.720811e+00 
 3826.000  4.721629e+00 
 3827.000  4.718718e+00 
 3828.000  4.702588e+00 
 3829.000  4.703542e+00 
 3830.000  4.704746e+00 
 3831.000  4.695397e+00 
 3832.000  4.671876e+00 
 3833.000  4.643008e+00 
 3834.000  4.659383e+00 
 3835.000  4.623759e+00 
 3836.000  4.587840e+00 
 3837.000  4.624913e+00 
 3838.000  4.641778e+00 
 3839.000  4.615375e+00 
 3840.000  4.611504e+00 
 3841.000  4.606716e+00 
 3842.000  4.598184e+00 
 3843.000  4.593343e+00 
 3844.000  4.587970e+00 
 3845.000  4.586242e+00 
 3846.000  4.589125e+00 
 3847.000  4.505695e+00 
 3848.000  4.503876e+00 
 3849.000  4.499154e+00 
 3850.000  4.475303e+00 
 3851.000  4.482419e+00 
 3852.000  4.482772e+00 
 3853.000  4.465294e+00 
 3854.000  4.399632e+00 
 3855.000  4.395987e+00 
 3856.000  4.391334e+00 
 3857.000  4.383038e+00 
 3858.000  4.373430e+00 
 3859.000  4.351745e+00 
 3860.000  4.341070e+00 
 3861.000  4.364040e+00 
 3862.000  4.298468e+00 
 3863.000  4.195635e+00 
 3864.000  4.258741e+00 
 3865.000  4.273576e+00 
 3866.000  4.281328e+00 
 3867.000  4.231341e+00 
 3868.000  4.255659e+00 
 3869.000  4.174190e+00 
 3870.000  4.197825e+00 
 3871.000  4.175336e+00 
 3872.000  4.120402e+00 
 3873.000  4.186265e+00 
 3874.000  4.180130e+00 
 3875.000  4.170750e+00 
 3876.000  4.181427e+00 
 3877.000  4.177386e+00 
 3878.000  4.172475e+00 
 3879.000  4.165939e+00 
 3880.000  4.163313e+00 
 3881.000  4.155930e+00 
 3882.000  4.141541e+00 
 3883.000  4.137266e+00 
 3884.000  4.184273e+00 
 3885.000  4.070339e+00 
 3886.000  4.128533e+00 
 3887.000  4.174407e+00 
 3888.000  4.174333e+00 
 3889.000  4.173444e+00 
 3890.000  4.159941e+00 
 3891.000  4.155134e+00 
 3892.000  4.212487e+00 
 3893.000  4.211286e+00 
 3894.000  4.194223e+00 
 3895.000  4.204530e+00 
 3896.000  4.185489e+00 
 3897.000  4.141743e+00 
 3898.000  4.122777e+00 
 3899.000  4.224081e+00 
 3900.000  4.194239e+00 
 3901.000  4.214260e+00 
 3902.000  4.213258e+00 
 3903.000  4.202153e+00 
 3904.000  4.206452e+00 
 3905.000  4.201543e+00 
 3906.000  4.186005e+00 
 3907.000  4.211837e+00 
 3908.000  4.201413e+00 
 3909.000  4.203757e+00 
 3910.000  4.200879e+00 
 3911.000  4.198387e+00 
 3912.000  4.195918e+00 
 3913.000  4.189900e+00 
 3914.000  4.204355e+00 
 3915.000  4.211722e+00 
 3916.000  4.200718e+00 
 3917.000  4.199642e+00 
 3918.000  4.189811e+00 
 3919.000  4.182177e+00 
 3920.000  4.194942e+00 
 3921.000  4.174778e+00 
 3922.000  4.223749e+00 
 3923.000  4.223044e+00 
 3924.000  4.218919e+00 
 3925.000  4.219047e+00 
 3926.000  4.204654e+00 
 3927.000  4.206039e+00 
 3928.000  4.212556e+00 
 3929.000  4.208341e+00 
 3930.000  4.266342e+00 
 3931.000  4.263628e+00 
 3932.000  4.241952e+00 
 3933.000  4.252656e+00 
 3934.000  4.199948e+00 
 3935.000  4.228152e+00 
 3936.000  4.247164e+00 
 3937.000  4.244901e+00 
 3938.000  4.285854e+00 
 3939.000  4.304510e+00 
 3940.000  4.300932e+00 
 3941.000  4.295194e+00 
 3942.000  4.294535e+00 
 3943.000  4.292373e+00 
 3944.000  4.256127e+00 
 3945.000  4.408555e+00 
 3946.000  4.395256e+00 
 3947.000  4.395724e+00 
 3948.000  4.373169e+00 
 3949.000  4.386041e+00 
 3950.000  4.338883e+00 
 3951.000  4.369568e+00 
 3952.000  4.212144e+00 
 3953.000  4.357045e+00 
 3954.000  4.352528e+00 
 3955.000  4.345362e+00 
 3956.000  4.305722e+00 
 3957.000  4.314030e+00 
 3958.000  4.277415e+00 
 3959.000  4.287327e+00 
 3960.000  4.333344e+00 
 3961.000  4.346825e+00 
 3962.000  4.307878e+00 
 3963.000  4.340653e+00 
 3964.000  4.319832e+00 
 3965.000  4.316607e+00 
 3966.000  4.320848e+00 
 3967.000  4.316420e+00 
 3968.000  4.324671e+00 
 3969.000  4.302862e+00 
 3970.000  4.289849e+00 
 3971.000  4.272207e+00 
 3972.000  4.294238e+00 
 3973.000  4.254834e+00 
 3974.000  4.270419e+00 
 3975.000  4.283375e+00 
 3976.000  4.280562e+00 
 3977.000  4.211524e+00 
 3978.000  4.229310e+00 
 3979.000  4.214964e+00 
 3980.000  4.219562e+00 
 3981.000  4.228575e+00 
 3982.000  4.219469e+00 
 3983.000  4.200826e+00 
 3984.000  4.198859e+00 
 3985.000  4.155297e+00 
 3986.000  4.062931e+00 
 3987.000  4.178586e+00 
 3988.000  4.182633e+00 
 3989.000  4.153968e+00 
 3990.000  4.151976e+00 
 3991.000  4.091339e+00 
 3992.000  4.140971e+00 
 3993.000  4.059906e+00 
 3994.000  4.053906e+00 
 3995.000  4.029675e+00 
 3996.000  3.962074e+00 
 3997.000  4.065746e+00 
 3998.000  4.043613e+00 
 3999.000  3.967097e+00 
 4000.000  4.006279e+00 
