  290.000  0.000000e+00 
  291.000  2.141526e-06 
  292.000  2.820779e-05 
  293.000  9.068486e-05 
  294.000  6.196655e-04 
  295.000  1.833150e-03 
  296.000  1.112580e-02 
  297.000  1.599132e-02 
  298.000  8.761992e-02 
  299.000  1.708570e-01 
  300.000  3.257356e-01 
  301.000  9.494740e-01 
  302.000  1.110237e+00 
  303.000  3.074337e+00 
  304.000  3.662271e+00 
  305.000  6.949266e+00 
  306.000  7.924720e+00 
  307.000  1.205632e+01 
  308.000  1.599009e+01 
  309.000  1.756206e+01 
  310.000  2.003162e+01 
  311.000  3.962412e+01 
  312.000  3.454889e+01 
  313.000  4.512684e+01 
  314.000  4.736458e+01 
  315.000  5.780061e+01 
  316.000  4.611529e+01 
  317.000  6.816673e+01 
  318.000  6.769545e+01 
  319.000  7.736093e+01 
  320.000  7.652469e+01 
  321.000  9.589390e+01 
  322.000  8.641193e+01 
  323.000  7.702003e+01 
  324.000  9.859586e+01 
  325.000  1.118497e+02 
  326.000  1.566904e+02 
  327.000  1.612203e+02 
  328.000  1.362512e+02 
  329.000  1.640930e+02 
  330.000  1.750479e+02 
  331.000  1.449318e+02 
  332.000  1.621769e+02 
  333.000  1.869610e+02 
  334.000  1.594085e+02 
  335.000  1.744732e+02 
  336.000  1.334430e+02 
  337.000  1.298797e+02 
  338.000  1.611148e+02 
  339.000  1.649088e+02 
  340.000  1.886280e+02 
  341.000  1.618233e+02 
  342.000  1.724213e+02 
  343.000  1.758826e+02 
  344.000  1.614951e+02 
  345.000  2.107928e+02 
  346.000  2.373454e+02 
  347.000  2.291287e+02 
  348.000  2.188683e+02 
  349.000  2.433754e+02 
  350.000  2.522627e+02 
  351.000  2.428172e+02 
  352.000  2.522173e+02 
  353.000  2.331543e+02 
  354.000  2.727017e+02 
  355.000  2.799490e+02 
  356.000  2.680744e+02 
  357.000  1.735046e+02 
  358.000  1.908607e+02 
  359.000  1.943576e+02 
  360.000  2.917923e+02 
  361.000  2.341282e+02 
  362.000  2.599118e+02 
  363.000  2.797079e+02 
  364.000  2.824024e+02 
  365.000  2.674269e+02 
  366.000  3.711532e+02 
  367.000  3.357560e+02 
  368.000  3.200548e+02 
  369.000  3.111350e+02 
  370.000  3.615909e+02 
  371.000  2.917688e+02 
  372.000  3.102407e+02 
  373.000  3.122314e+02 
  374.000  2.441316e+02 
  375.000  2.257016e+02 
  376.000  3.257700e+02 
  377.000  3.362042e+02 
  378.000  4.383918e+02 
  379.000  3.401604e+02 
  380.000  3.210576e+02 
  381.000  3.631255e+02 
  382.000  2.732988e+02 
  383.000  1.917686e+02 
  384.000  2.123540e+02 
  385.000  3.214005e+02 
  386.000  2.508314e+02 
  387.000  2.893713e+02 
  388.000  2.879692e+02 
  389.000  3.295455e+02 
  390.000  4.011808e+02 
  391.000  4.505464e+02 
  392.000  4.018904e+02 
  393.000  2.162344e+02 
  394.000  2.401213e+02 
  395.000  4.044438e+02 
  396.000  4.176577e+02 
  397.000  1.705286e+02 
  398.000  4.785995e+02 
  399.000  5.756022e+02 
  400.000  5.671714e+02 
  401.000  5.649467e+02 
  402.000  5.999764e+02 
  403.000  5.630729e+02 
  404.000  6.062786e+02 
  405.000  5.570596e+02 
  406.000  5.538896e+02 
  407.000  5.404407e+02 
  408.000  5.865279e+02 
  409.000  6.503419e+02 
  410.000  5.446346e+02 
  411.000  6.406110e+02 
  412.000  6.648383e+02 
  413.000  6.290164e+02 
  414.000  6.182811e+02 
  415.000  6.603920e+02 
  416.000  6.573167e+02 
  417.000  6.382166e+02 
  418.000  6.251874e+02 
  419.000  6.413842e+02 
  420.000  5.436016e+02 
  421.000  6.819601e+02 
  422.000  6.542899e+02 
  423.000  5.532779e+02 
  424.000  6.093231e+02 
  425.000  6.318318e+02 
  426.000  6.080874e+02 
  427.000  5.855966e+02 
  428.000  5.936470e+02 
  429.000  5.406902e+02 
  430.000  4.319385e+02 
  431.000  3.887736e+02 
  432.000  7.005477e+02 
  433.000  6.242469e+02 
  434.000  5.939379e+02 
  435.000  6.468537e+02 
  436.000  7.179907e+02 
  437.000  7.256433e+02 
  438.000  6.506654e+02 
  439.000  6.302454e+02 
  440.000  7.070573e+02 
  441.000  7.054334e+02 
  442.000  7.436605e+02 
  443.000  7.493289e+02 
  444.000  7.451464e+02 
  445.000  7.845217e+02 
  446.000  6.989670e+02 
  447.000  7.978951e+02 
  448.000  8.118942e+02 
  449.000  8.181285e+02 
  450.000  8.366781e+02 
  451.000  9.049666e+02 
  452.000  8.419651e+02 
  453.000  7.821995e+02 
  454.000  8.346024e+02 
  455.000  8.410911e+02 
  456.000  8.621248e+02 
  457.000  8.676036e+02 
  458.000  8.529760e+02 
  459.000  8.534929e+02 
  460.000  8.466730e+02 
  461.000  8.779929e+02 
  462.000  8.642972e+02 
  463.000  8.651102e+02 
  464.000  8.685576e+02 
  465.000  8.564511e+02 
  466.000  8.841584e+02 
  467.000  8.534933e+02 
  468.000  9.040375e+02 
  469.000  8.965544e+02 
  470.000  8.846181e+02 
  471.000  8.834070e+02 
  472.000  8.945579e+02 
  473.000  8.851239e+02 
  474.000  8.925190e+02 
  475.000  9.288116e+02 
  476.000  9.004100e+02 
  477.000  8.923057e+02 
  478.000  9.366827e+02 
  479.000  8.944463e+02 
  480.000  9.123465e+02 
  481.000  9.070467e+02 
  482.000  9.262944e+02 
  483.000  9.275215e+02 
  484.000  8.920912e+02 
  485.000  8.989044e+02 
  486.000  7.290449e+02 
  487.000  8.196793e+02 
  488.000  8.902888e+02 
  489.000  8.278693e+02 
  490.000  9.427915e+02 
  491.000  8.824954e+02 
  492.000  8.483124e+02 
  493.000  9.139159e+02 
  494.000  8.831583e+02 
  495.000  9.443757e+02 
  496.000  9.199879e+02 
  497.000  8.926611e+02 
  498.000  8.717896e+02 
  499.000  8.699004e+02 
  500.000  8.662818e+02 
  501.000  8.470633e+02 
  502.000  8.417111e+02 
  503.000  8.920947e+02 
  504.000  8.301923e+02 
  505.000  8.956385e+02 
  506.000  9.590618e+02 
  507.000  8.925640e+02 
  508.000  8.561935e+02 
  509.000  9.234930e+02 
  510.000  8.950244e+02 
  511.000  8.954769e+02 
  512.000  9.400414e+02 
  513.000  8.605198e+02 
  514.000  8.426222e+02 
  515.000  8.603906e+02 
  516.000  9.038910e+02 
  517.000  6.659001e+02 
  518.000  8.245004e+02 
  519.000  7.812089e+02 
  520.000  8.601656e+02 
  521.000  8.607119e+02 
  522.000  8.949235e+02 
  523.000  8.337203e+02 
  524.000  9.046002e+02 
  525.000  8.974094e+02 
  526.000  8.552788e+02 
  527.000  7.471534e+02 
  528.000  8.973535e+02 
  529.000  9.228499e+02 
  530.000  8.720293e+02 
  531.000  9.492188e+02 
  532.000  9.055723e+02 
  533.000  7.954415e+02 
  534.000  8.650516e+02 
  535.000  8.826670e+02 
  536.000  9.366692e+02 
  537.000  8.690679e+02 
  538.000  9.098029e+02 
  539.000  9.068729e+02 
  540.000  8.875692e+02 
  541.000  8.139585e+02 
  542.000  9.080580e+02 
  543.000  8.686816e+02 
  544.000  9.163375e+02 
  545.000  9.027878e+02 
  546.000  8.828097e+02 
  547.000  9.204202e+02 
  548.000  8.541068e+02 
  549.000  8.989918e+02 
  550.000  8.794564e+02 
  551.000  8.742706e+02 
  552.000  9.122979e+02 
  553.000  8.768827e+02 
  554.000  9.058709e+02 
  555.000  9.087639e+02 
  556.000  8.840478e+02 
  557.000  8.581232e+02 
  558.000  8.910381e+02 
  559.000  8.425204e+02 
  560.000  8.465007e+02 
  561.000  9.306290e+02 
  562.000  8.543528e+02 
  563.000  8.940815e+02 
  564.000  8.816856e+02 
  565.000  8.922229e+02 
  566.000  8.227965e+02 
  567.000  8.822338e+02 
  568.000  8.783226e+02 
  569.000  8.565885e+02 
  570.000  8.619526e+02 
  571.000  8.345276e+02 
  572.000  8.792340e+02 
  573.000  8.895652e+02 
  574.000  8.851400e+02 
  575.000  8.635292e+02 
  576.000  8.481915e+02 
  577.000  8.846834e+02 
  578.000  8.605270e+02 
  579.000  8.555555e+02 
  580.000  8.866878e+02 
  581.000  8.728428e+02 
  582.000  8.875055e+02 
  583.000  8.948076e+02 
  584.000  8.930087e+02 
  585.000  8.878954e+02 
  586.000  8.505705e+02 
  587.000  8.831442e+02 
  588.000  8.683643e+02 
  589.000  7.614012e+02 
  590.000  7.948522e+02 
  591.000  8.517289e+02 
  592.000  8.323958e+02 
  593.000  8.490369e+02 
  594.000  8.556009e+02 
  595.000  8.344390e+02 
  596.000  8.630020e+02 
  597.000  8.642973e+02 
  598.000  8.499271e+02 
  599.000  8.516835e+02 
  600.000  8.548361e+02 
  601.000  8.519254e+02 
  602.000  8.434621e+02 
  603.000  8.496362e+02 
  604.000  8.776462e+02 
  605.000  8.763170e+02 
  606.000  8.668127e+02 
  607.000  8.625853e+02 
  608.000  8.600394e+02 
  609.000  8.518016e+02 
  610.000  8.387348e+02 
  611.000  8.529361e+02 
  612.000  8.424039e+02 
  613.000  8.306483e+02 
  614.000  8.011763e+02 
  615.000  8.400882e+02 
  616.000  7.992560e+02 
  617.000  8.042434e+02 
  618.000  8.426179e+02 
  619.000  8.352815e+02 
  620.000  8.479895e+02 
  621.000  8.629050e+02 
  622.000  8.176428e+02 
  623.000  8.242256e+02 
  624.000  8.253151e+02 
  625.000  8.031118e+02 
  626.000  8.069904e+02 
  627.000  8.183923e+02 
  628.000  7.983216e+02 
  629.000  8.241312e+02 
  630.000  7.990154e+02 
  631.000  8.304891e+02 
  632.000  7.728456e+02 
  633.000  8.327729e+02 
  634.000  8.094761e+02 
  635.000  8.251152e+02 
  636.000  7.971385e+02 
  637.000  8.245382e+02 
  638.000  8.392393e+02 
  639.000  8.330634e+02 
  640.000  8.081196e+02 
  641.000  8.203889e+02 
  642.000  8.115643e+02 
  643.000  8.255699e+02 
  644.000  8.166227e+02 
  645.000  8.232356e+02 
  646.000  7.874677e+02 
  647.000  7.952347e+02 
  648.000  7.903481e+02 
  649.000  8.098434e+02 
  650.000  7.568383e+02 
  651.000  8.156306e+02 
  652.000  7.946495e+02 
  653.000  8.176270e+02 
  654.000  8.065901e+02 
  655.000  7.833712e+02 
  656.000  6.660695e+02 
  657.000  7.123311e+02 
  658.000  7.959431e+02 
  659.000  7.994532e+02 
  660.000  8.066285e+02 
  661.000  8.120013e+02 
  662.000  8.246762e+02 
  663.000  8.157764e+02 
  664.000  8.033665e+02 
  665.000  8.074767e+02 
  666.000  8.177905e+02 
  667.000  8.021591e+02 
  668.000  8.073854e+02 
  669.000  8.194872e+02 
  670.000  8.101291e+02 
  671.000  8.020132e+02 
  672.000  7.998238e+02 
  673.000  8.059708e+02 
  674.000  8.079483e+02 
  675.000  7.960119e+02 
  676.000  8.114315e+02 
  677.000  7.956655e+02 
  678.000  8.092046e+02 
  679.000  7.980773e+02 
  680.000  7.919815e+02 
  681.000  7.929329e+02 
  682.000  7.914444e+02 
  683.000  7.969418e+02 
  684.000  7.824393e+02 
  685.000  7.918126e+02 
  686.000  7.560471e+02 
  687.000  6.604384e+02 
  688.000  6.915180e+02 
  689.000  6.844625e+02 
  690.000  7.038475e+02 
  691.000  7.269404e+02 
  692.000  7.331422e+02 
  693.000  7.277767e+02 
  694.000  7.234106e+02 
  695.000  7.202651e+02 
  696.000  7.343557e+02 
  697.000  7.604488e+02 
  698.000  7.413028e+02 
  699.000  7.328541e+02 
  700.000  7.279991e+02 
  701.000  7.069312e+02 
  702.000  7.070792e+02 
  703.000  7.352925e+02 
  704.000  7.382993e+02 
  705.000  7.364641e+02 
  706.000  7.302122e+02 
  707.000  7.219411e+02 
  708.000  7.459341e+02 
  709.000  7.252816e+02 
  710.000  7.358302e+02 
  711.000  7.348381e+02 
  712.000  7.300295e+02 
  713.000  7.227014e+02 
  714.000  7.335313e+02 
  715.000  7.009676e+02 
  716.000  7.118043e+02 
  717.000  6.454645e+02 
  718.000  6.126750e+02 
  719.000  5.951968e+02 
  720.000  5.838526e+02 
  721.000  6.520903e+02 
  722.000  6.865732e+02 
  723.000  6.708018e+02 
  724.000  6.343445e+02 
  725.000  6.332689e+02 
  726.000  6.302826e+02 
  727.000  6.453484e+02 
  728.000  6.281742e+02 
  729.000  6.178694e+02 
  730.000  6.380949e+02 
  731.000  6.244708e+02 
  732.000  6.619704e+02 
  733.000  6.762631e+02 
  734.000  7.021953e+02 
  735.000  6.924550e+02 
  736.000  6.720488e+02 
  737.000  6.867309e+02 
  738.000  6.928316e+02 
  739.000  6.737433e+02 
  740.000  6.875180e+02 
  741.000  6.863027e+02 
  742.000  6.767797e+02 
  743.000  7.006469e+02 
  744.000  7.089130e+02 
  745.000  6.918361e+02 
  746.000  7.024875e+02 
  747.000  7.137386e+02 
  748.000  7.015123e+02 
  749.000  7.021937e+02 
  750.000  6.916035e+02 
  751.000  6.900171e+02 
  752.000  7.015030e+02 
  753.000  6.952439e+02 
  754.000  7.064222e+02 
  755.000  7.025603e+02 
  756.000  6.890027e+02 
  757.000  6.941831e+02 
  758.000  6.923004e+02 
  759.000  6.220137e+02 
  760.000  2.278345e+02 
  761.000  1.956177e+02 
  762.000  3.988622e+02 
  763.000  3.402948e+02 
  764.000  3.755219e+02 
  765.000  4.572207e+02 
  766.000  5.287796e+02 
  767.000  5.841957e+02 
  768.000  6.394662e+02 
  769.000  6.581133e+02 
  770.000  6.650318e+02 
  771.000  6.704205e+02 
  772.000  6.690312e+02 
  773.000  6.668481e+02 
  774.000  6.745582e+02 
  775.000  6.496096e+02 
  776.000  6.766728e+02 
  777.000  6.721023e+02 
  778.000  6.685441e+02 
  779.000  6.707618e+02 
  780.000  6.625034e+02 
  781.000  6.617679e+02 
  782.000  6.697758e+02 
  783.000  6.541643e+02 
  784.000  6.576337e+02 
  785.000  6.583298e+02 
  786.000  6.452136e+02 
  787.000  6.508018e+02 
  788.000  6.389194e+02 
  789.000  6.347792e+02 
  790.000  6.277136e+02 
  791.000  6.260377e+02 
  792.000  6.175590e+02 
  793.000  6.201956e+02 
  794.000  6.204753e+02 
  795.000  6.131501e+02 
  796.000  6.126612e+02 
  797.000  6.197438e+02 
  798.000  6.271312e+02 
  799.000  6.250975e+02 
  800.000  6.039385e+02 
  801.000  6.158176e+02 
  802.000  6.141763e+02 
  803.000  6.061669e+02 
  804.000  6.140875e+02 
  805.000  6.017709e+02 
  806.000  6.208348e+02 
  807.000  6.173044e+02 
  808.000  6.120440e+02 
  809.000  5.998599e+02 
  810.000  5.951271e+02 
  811.000  6.003231e+02 
  812.000  5.923475e+02 
  813.000  5.825030e+02 
  814.000  5.718978e+02 
  815.000  5.535273e+02 
  816.000  5.329357e+02 
  817.000  5.370439e+02 
  818.000  5.350737e+02 
  819.000  5.257970e+02 
  820.000  5.325340e+02 
  821.000  5.702527e+02 
  822.000  5.394274e+02 
  823.000  5.049583e+02 
  824.000  5.484015e+02 
  825.000  5.704857e+02 
  826.000  5.702460e+02 
  827.000  5.655248e+02 
  828.000  5.493612e+02 
  829.000  5.545183e+02 
  830.000  5.517236e+02 
  831.000  5.434501e+02 
  832.000  5.552387e+02 
  833.000  5.413162e+02 
  834.000  5.532741e+02 
  835.000  5.617931e+02 
  836.000  5.660097e+02 
  837.000  5.611235e+02 
  838.000  5.667202e+02 
  839.000  5.511113e+02 
  840.000  5.666562e+02 
  841.000  5.660128e+02 
  842.000  5.644420e+02 
  843.000  5.650621e+02 
  844.000  5.576942e+02 
  845.000  5.671122e+02 
  846.000  5.731381e+02 
  847.000  5.542727e+02 
  848.000  5.691254e+02 
  849.000  5.704101e+02 
  850.000  4.925207e+02 
  851.000  5.633467e+02 
  852.000  5.421063e+02 
  853.000  5.498857e+02 
  854.000  4.420531e+02 
  855.000  4.872921e+02 
  856.000  5.542515e+02 
  857.000  5.637013e+02 
  858.000  5.550337e+02 
  859.000  5.555912e+02 
  860.000  5.509501e+02 
  861.000  5.509740e+02 
  862.000  5.493955e+02 
  863.000  5.599611e+02 
  864.000  5.590115e+02 
  865.000  5.487392e+02 
  866.000  4.603391e+02 
  867.000  4.902238e+02 
  868.000  5.317134e+02 
  869.000  5.243239e+02 
  870.000  5.459603e+02 
  871.000  5.452572e+02 
  872.000  5.431861e+02 
  873.000  5.453132e+02 
  874.000  5.333499e+02 
  875.000  5.284671e+02 
  876.000  5.327498e+02 
  877.000  5.433610e+02 
  878.000  5.337729e+02 
  879.000  5.350126e+02 
  880.000  5.316950e+02 
  881.000  5.039195e+02 
  882.000  5.316848e+02 
  883.000  5.196785e+02 
  884.000  5.241874e+02 
  885.000  5.290594e+02 
  886.000  5.111467e+02 
  887.000  5.064364e+02 
  888.000  5.215902e+02 
  889.000  5.253199e+02 
  890.000  5.231254e+02 
  891.000  5.193467e+02 
  892.000  5.147389e+02 
  893.000  4.860417e+02 
  894.000  4.973438e+02 
  895.000  4.574292e+02 
  896.000  4.584790e+02 
  897.000  4.304848e+02 
  898.000  4.230988e+02 
  899.000  4.001577e+02 
  900.000  3.932910e+02 
  901.000  3.793373e+02 
  902.000  3.734088e+02 
  903.000  4.310692e+02 
  904.000  4.607141e+02 
  905.000  4.586782e+02 
  906.000  4.321807e+02 
  907.000  4.139557e+02 
  908.000  3.865645e+02 
  909.000  3.806341e+02 
  910.000  3.876009e+02 
  911.000  3.972077e+02 
  912.000  3.928966e+02 
  913.000  3.793244e+02 
  914.000  3.880677e+02 
  915.000  3.899336e+02 
  916.000  3.971542e+02 
  917.000  3.957262e+02 
  918.000  3.998775e+02 
  919.000  4.264374e+02 
  920.000  4.384981e+02 
  921.000  4.254803e+02 
  922.000  4.213973e+02 
  923.000  3.995720e+02 
  924.000  4.060683e+02 
  925.000  4.105600e+02 
  926.000  3.954927e+02 
  927.000  3.978345e+02 
  928.000  3.813511e+02 
  929.000  3.494256e+02 
  930.000  3.155852e+02 
  931.000  2.797075e+02 
  932.000  2.319570e+02 
  933.000  2.006934e+02 
  934.000  1.679607e+02 
  935.000  1.622044e+02 
  936.000  1.726530e+02 
  937.000  1.735931e+02 
  938.000  2.064630e+02 
  939.000  3.050916e+02 
  940.000  3.186828e+02 
  941.000  2.988853e+02 
  942.000  2.581085e+02 
  943.000  2.223145e+02 
  944.000  2.128442e+02 
  945.000  2.319704e+02 
  946.000  2.361962e+02 
  947.000  2.506918e+02 
  948.000  2.616824e+02 
  949.000  2.614030e+02 
  950.000  2.621493e+02 
  951.000  2.818374e+02 
  952.000  2.593619e+02 
  953.000  2.745515e+02 
  954.000  2.890478e+02 
  955.000  2.572705e+02 
  956.000  2.716320e+02 
  957.000  3.149474e+02 
  958.000  3.232947e+02 
  959.000  3.172612e+02 
  960.000  3.122461e+02 
  961.000  3.053583e+02 
  962.000  3.102701e+02 
  963.000  3.338925e+02 
  964.000  3.336189e+02 
  965.000  3.354427e+02 
  966.000  3.271155e+02 
  967.000  3.544843e+02 
  968.000  3.800907e+02 
  969.000  3.960159e+02 
  970.000  3.978723e+02 
  971.000  3.940336e+02 
  972.000  3.929566e+02 
  973.000  3.805309e+02 
  974.000  3.642031e+02 
  975.000  3.592861e+02 
  976.000  3.720111e+02 
  977.000  3.761190e+02 
  978.000  3.843181e+02 
  979.000  3.767086e+02 
  980.000  3.960589e+02 
  981.000  4.019875e+02 
  982.000  3.979973e+02 
  983.000  4.042225e+02 
  984.000  4.090040e+02 
  985.000  4.130828e+02 
  986.000  4.151813e+02 
  987.000  4.223176e+02 
  988.000  4.176662e+02 
  989.000  4.127154e+02 
  990.000  4.168110e+02 
  991.000  4.222443e+02 
  992.000  4.189221e+02 
  993.000  4.191291e+02 
  994.000  4.229527e+02 
  995.000  4.210730e+02 
  996.000  4.209839e+02 
  997.000  4.206352e+02 
  998.000  4.182099e+02 
  999.000  4.169783e+02 
 1000.000  4.137895e+02 
 1001.000  4.143932e+02 
 1002.000  4.109187e+02 
 1003.000  4.068139e+02 
 1004.000  4.050570e+02 
 1005.000  3.790359e+02 
 1006.000  3.991712e+02 
 1007.000  4.059167e+02 
 1008.000  4.053404e+02 
 1009.000  3.998238e+02 
 1010.000  4.026964e+02 
 1011.000  4.037665e+02 
 1012.000  4.051493e+02 
 1013.000  4.031624e+02 
 1014.000  4.061630e+02 
 1015.000  3.986089e+02 
 1016.000  4.016049e+02 
 1017.000  3.979009e+02 
 1018.000  4.025548e+02 
 1019.000  3.924776e+02 
 1020.000  3.920120e+02 
 1021.000  3.965215e+02 
 1022.000  3.894948e+02 
 1023.000  3.959544e+02 
 1024.000  3.933299e+02 
 1025.000  3.950509e+02 
 1026.000  3.962025e+02 
 1027.000  3.936081e+02 
 1028.000  3.946992e+02 
 1029.000  3.894446e+02 
 1030.000  3.940696e+02 
 1031.000  3.931721e+02 
 1032.000  3.920704e+02 
 1033.000  3.849518e+02 
 1034.000  3.891563e+02 
 1035.000  3.851246e+02 
 1036.000  3.900956e+02 
 1037.000  3.819056e+02 
 1038.000  3.857290e+02 
 1039.000  3.872303e+02 
 1040.000  3.825862e+02 
 1041.000  3.845562e+02 
 1042.000  3.856735e+02 
 1043.000  3.790141e+02 
 1044.000  3.827244e+02 
 1045.000  3.809514e+02 
 1046.000  3.697719e+02 
 1047.000  3.764476e+02 
 1048.000  3.800631e+02 
 1049.000  3.775070e+02 
 1050.000  3.750924e+02 
 1051.000  3.749306e+02 
 1052.000  3.730315e+02 
 1053.000  3.731358e+02 
 1054.000  3.690765e+02 
 1055.000  3.715963e+02 
 1056.000  3.704190e+02 
 1057.000  3.693532e+02 
 1058.000  3.647236e+02 
 1059.000  3.532725e+02 
 1060.000  3.663302e+02 
 1061.000  3.533894e+02 
 1062.000  3.627333e+02 
 1063.000  3.564038e+02 
 1064.000  3.606617e+02 
 1065.000  3.596680e+02 
 1066.000  3.486619e+02 
 1067.000  3.567132e+02 
 1068.000  3.543761e+02 
 1069.000  3.272213e+02 
 1070.000  3.468510e+02 
 1071.000  3.468236e+02 
 1072.000  3.472380e+02 
 1073.000  3.357220e+02 
 1074.000  3.476652e+02 
 1075.000  3.379854e+02 
 1076.000  3.447433e+02 
 1077.000  3.431220e+02 
 1078.000  3.430816e+02 
 1079.000  3.296779e+02 
 1080.000  3.365598e+02 
 1081.000  3.240860e+02 
 1082.000  3.295094e+02 
 1083.000  3.191684e+02 
 1084.000  3.296639e+02 
 1085.000  3.212891e+02 
 1086.000  3.264700e+02 
 1087.000  3.107256e+02 
 1088.000  3.298070e+02 
 1089.000  3.118832e+02 
 1090.000  3.176431e+02 
 1091.000  3.207655e+02 
 1092.000  3.106443e+02 
 1093.000  3.008021e+02 
 1094.000  2.713523e+02 
 1095.000  2.941339e+02 
 1096.000  2.933053e+02 
 1097.000  2.881702e+02 
 1098.000  2.691466e+02 
 1099.000  2.558825e+02 
 1100.000  2.611848e+02 
 1101.000  2.625944e+02 
 1102.000  2.507561e+02 
 1103.000  2.619612e+02 
 1104.000  2.576639e+02 
 1105.000  2.512830e+02 
 1106.000  2.432113e+02 
 1107.000  2.443284e+02 
 1108.000  2.445325e+02 
 1109.000  2.506358e+02 
 1110.000  2.510782e+02 
 1111.000  2.449025e+02 
 1112.000  2.292923e+02 
 1113.000  2.103481e+02 
 1114.000  2.074313e+02 
 1115.000  1.836469e+02 
 1116.000  1.684148e+02 
 1117.000  1.413877e+02 
 1118.000  1.150254e+02 
 1119.000  9.927897e+01 
 1120.000  8.473634e+01 
 1121.000  8.202758e+01 
 1122.000  6.745750e+01 
 1123.000  7.521767e+01 
 1124.000  8.053570e+01 
 1125.000  7.614394e+01 
 1126.000  7.366216e+01 
 1127.000  7.744622e+01 
 1128.000  7.848375e+01 
 1129.000  9.341608e+01 
 1130.000  1.294431e+02 
 1131.000  1.419022e+02 
 1132.000  1.270146e+02 
 1133.000  9.822163e+01 
 1134.000  5.593073e+01 
 1135.000  5.962404e+01 
 1136.000  1.026155e+02 
 1137.000  1.304196e+02 
 1138.000  1.521948e+02 
 1139.000  1.644463e+02 
 1140.000  1.596381e+02 
 1141.000  1.449729e+02 
 1142.000  1.452007e+02 
 1143.000  1.313998e+02 
 1144.000  1.183428e+02 
 1145.000  1.019459e+02 
 1146.000  1.070272e+02 
 1147.000  1.212096e+02 
 1148.000  1.324839e+02 
 1149.000  1.380980e+02 
 1150.000  1.379866e+02 
 1151.000  1.455016e+02 
 1152.000  1.491436e+02 
 1153.000  1.546225e+02 
 1154.000  1.539718e+02 
 1155.000  1.659640e+02 
 1156.000  1.760163e+02 
 1157.000  2.035388e+02 
 1158.000  2.146837e+02 
 1159.000  2.211850e+02 
 1160.000  2.223135e+02 
 1161.000  2.271642e+02 
 1162.000  2.428065e+02 
 1163.000  2.528757e+02 
 1164.000  2.497984e+02 
 1165.000  2.554296e+02 
 1166.000  2.507146e+02 
 1167.000  2.559937e+02 
 1168.000  2.577880e+02 
 1169.000  2.501341e+02 
 1170.000  2.580603e+02 
 1171.000  2.624489e+02 
 1172.000  2.597522e+02 
 1173.000  2.561465e+02 
 1174.000  2.563850e+02 
 1175.000  2.582778e+02 
 1176.000  2.564591e+02 
 1177.000  2.622319e+02 
 1178.000  2.534931e+02 
 1179.000  2.523873e+02 
 1180.000  2.543394e+02 
 1181.000  2.490658e+02 
 1182.000  2.454393e+02 
 1183.000  2.315928e+02 
 1184.000  2.443214e+02 
 1185.000  2.531452e+02 
 1186.000  2.499921e+02 
 1187.000  2.444441e+02 
 1188.000  2.419218e+02 
 1189.000  2.310920e+02 
 1190.000  2.512810e+02 
 1191.000  2.578908e+02 
 1192.000  2.603286e+02 
 1193.000  2.596081e+02 
 1194.000  2.585491e+02 
 1195.000  2.519264e+02 
 1196.000  2.522813e+02 
 1197.000  2.504172e+02 
 1198.000  2.416027e+02 
 1199.000  2.305341e+02 
 1200.000  2.463869e+02 
 1201.000  2.485668e+02 
 1202.000  2.491621e+02 
 1203.000  2.357551e+02 
 1204.000  2.403319e+02 
 1205.000  2.520124e+02 
 1206.000  2.533602e+02 
 1207.000  2.562592e+02 
 1208.000  2.517318e+02 
 1209.000  2.346978e+02 
 1210.000  2.488466e+02 
 1211.000  2.402348e+02 
 1212.000  2.484161e+02 
 1213.000  2.518525e+02 
 1214.000  2.503610e+02 
 1215.000  2.520782e+02 
 1216.000  2.547258e+02 
 1217.000  2.570434e+02 
 1218.000  2.572433e+02 
 1219.000  2.553746e+02 
 1220.000  2.572097e+02 
 1221.000  2.571214e+02 
 1222.000  2.559167e+02 
 1223.000  2.549849e+02 
 1224.000  2.588226e+02 
 1225.000  2.578012e+02 
 1226.000  2.592611e+02 
 1227.000  2.513537e+02 
 1228.000  2.602944e+02 
 1229.000  2.608199e+02 
 1230.000  2.608271e+02 
 1231.000  2.613142e+02 
 1232.000  2.585305e+02 
 1233.000  2.606855e+02 
 1234.000  2.610117e+02 
 1235.000  2.595026e+02 
 1236.000  2.612791e+02 
 1237.000  2.616035e+02 
 1238.000  2.615587e+02 
 1239.000  2.585895e+02 
 1240.000  2.573920e+02 
 1241.000  2.595057e+02 
 1242.000  2.577899e+02 
 1243.000  2.547530e+02 
 1244.000  2.521105e+02 
 1245.000  2.561898e+02 
 1246.000  2.539568e+02 
 1247.000  2.523044e+02 
 1248.000  2.539754e+02 
 1249.000  2.528389e+02 
 1250.000  2.514964e+02 
 1251.000  2.494075e+02 
 1252.000  2.481418e+02 
 1253.000  2.455667e+02 
 1254.000  2.452087e+02 
 1255.000  2.440440e+02 
 1256.000  2.428457e+02 
 1257.000  2.392151e+02 
 1258.000  2.382139e+02 
 1259.000  2.339730e+02 
 1260.000  2.324662e+02 
 1261.000  2.300383e+02 
 1262.000  2.212674e+02 
 1263.000  2.224380e+02 
 1264.000  2.179805e+02 
 1265.000  2.179799e+02 
 1266.000  2.177747e+02 
 1267.000  2.119175e+02 
 1268.000  2.078782e+02 
 1269.000  2.089624e+02 
 1270.000  2.162448e+02 
 1271.000  2.197440e+02 
 1272.000  2.210091e+02 
 1273.000  2.226008e+02 
 1274.000  2.234503e+02 
 1275.000  2.258714e+02 
 1276.000  2.269410e+02 
 1277.000  2.272215e+02 
 1278.000  2.270385e+02 
 1279.000  2.260127e+02 
 1280.000  2.259315e+02 
 1281.000  2.206771e+02 
 1282.000  1.969324e+02 
 1283.000  2.167851e+02 
 1284.000  2.259040e+02 
 1285.000  2.279731e+02 
 1286.000  2.274357e+02 
 1287.000  2.278447e+02 
 1288.000  2.225830e+02 
 1289.000  2.227577e+02 
 1290.000  2.175323e+02 
 1291.000  2.212012e+02 
 1292.000  2.238645e+02 
 1293.000  2.242570e+02 
 1294.000  2.190423e+02 
 1295.000  2.186983e+02 
 1296.000  2.160092e+02 
 1297.000  2.123604e+02 
 1298.000  2.102675e+02 
 1299.000  2.122213e+02 
 1300.000  2.110118e+02 
 1301.000  2.101125e+02 
 1302.000  2.057934e+02 
 1303.000  1.998166e+02 
 1304.000  1.981065e+02 
 1305.000  1.985071e+02 
 1306.000  1.979798e+02 
 1307.000  1.961967e+02 
 1308.000  1.930093e+02 
 1309.000  1.886842e+02 
 1310.000  1.874300e+02 
 1311.000  1.869113e+02 
 1312.000  1.813892e+02 
 1313.000  1.687333e+02 
 1314.000  1.697468e+02 
 1315.000  1.662505e+02 
 1316.000  1.736448e+02 
 1317.000  1.753041e+02 
 1318.000  1.672166e+02 
 1319.000  1.614607e+02 
 1320.000  1.513207e+02 
 1321.000  1.472659e+02 
 1322.000  1.526175e+02 
 1323.000  1.592983e+02 
 1324.000  1.626643e+02 
 1325.000  1.603965e+02 
 1326.000  1.536573e+02 
 1327.000  1.397910e+02 
 1328.000  1.266848e+02 
 1329.000  9.943456e+01 
 1330.000  9.288086e+01 
 1331.000  8.806382e+01 
 1332.000  8.785043e+01 
 1333.000  9.486963e+01 
 1334.000  1.016568e+02 
 1335.000  1.066214e+02 
 1336.000  1.073695e+02 
 1337.000  1.089296e+02 
 1338.000  1.123410e+02 
 1339.000  1.131395e+02 
 1340.000  1.153224e+02 
 1341.000  1.161903e+02 
 1342.000  1.163488e+02 
 1343.000  1.064507e+02 
 1344.000  9.420901e+01 
 1345.000  6.576408e+01 
 1346.000  4.786192e+01 
 1347.000  3.825048e+01 
 1348.000  2.587124e+01 
 1349.000  2.182057e+01 
 1350.000  1.303762e+01 
 1351.000  9.983465e+00 
 1352.000  5.602471e+00 
 1353.000  2.888583e+00 
 1354.000  1.827493e+00 
 1355.000  1.101341e+00 
 1356.000  6.213840e-01 
 1357.000  2.781686e-01 
 1358.000  1.588351e-01 
 1359.000  4.493684e-02 
 1360.000  2.151977e-02 
 1361.000  1.153503e-02 
 1362.000  9.961094e-03 
 1363.000  1.876779e-02 
 1364.000  2.431085e-02 
 1365.000  2.564809e-02 
 1366.000  3.311626e-02 
 1367.000  2.542078e-02 
 1368.000  2.206448e-02 
 1369.000  2.349770e-02 
 1370.000  6.338549e-02 
 1371.000  1.809221e-01 
 1372.000  5.800023e-01 
 1373.000  1.097736e+00 
 1374.000  1.584190e+00 
 1375.000  1.807402e+00 
 1376.000  1.586583e+00 
 1377.000  1.268850e+00 
 1378.000  7.662806e-01 
 1379.000  3.833371e-01 
 1380.000  1.349103e-01 
 1381.000  4.974478e-02 
 1382.000  2.569532e-02 
 1383.000  2.367148e-02 
 1384.000  5.749675e-02 
 1385.000  1.097615e-01 
 1386.000  2.392571e-01 
 1387.000  7.620168e-01 
 1388.000  1.264110e+00 
 1389.000  1.672886e+00 
 1390.000  1.765736e+00 
 1391.000  1.562009e+00 
 1392.000  9.420964e-01 
 1393.000  5.878994e-01 
 1394.000  3.654259e-01 
 1395.000  4.567260e-01 
 1396.000  8.075578e-01 
 1397.000  1.303504e+00 
 1398.000  1.376355e+00 
 1399.000  1.248806e+00 
 1400.000  1.131101e+00 
 1401.000  1.311575e+00 
 1402.000  1.915915e+00 
 1403.000  2.616364e+00 
 1404.000  2.350665e+00 
 1405.000  2.687631e+00 
 1406.000  2.339315e+00 
 1407.000  2.643118e+00 
 1408.000  3.691968e+00 
 1409.000  5.130757e+00 
 1410.000  7.471596e+00 
 1411.000  1.067817e+01 
 1412.000  1.036520e+01 
 1413.000  1.275620e+01 
 1414.000  1.228922e+01 
 1415.000  1.539896e+01 
 1416.000  1.762799e+01 
 1417.000  1.890913e+01 
 1418.000  1.921904e+01 
 1419.000  1.979302e+01 
 1420.000  2.071579e+01 
 1421.000  2.587829e+01 
 1422.000  2.756432e+01 
 1423.000  2.863596e+01 
 1424.000  2.843668e+01 
 1425.000  2.763649e+01 
 1426.000  2.675764e+01 
 1427.000  2.954772e+01 
 1428.000  3.210980e+01 
 1429.000  3.375513e+01 
 1430.000  3.285823e+01 
 1431.000  2.889948e+01 
 1432.000  2.729300e+01 
 1433.000  2.715720e+01 
 1434.000  2.531348e+01 
 1435.000  2.859859e+01 
 1436.000  2.993400e+01 
 1437.000  3.074045e+01 
 1438.000  3.433964e+01 
 1439.000  3.520956e+01 
 1440.000  3.440278e+01 
 1441.000  3.694093e+01 
 1442.000  3.489167e+01 
 1443.000  3.560894e+01 
 1444.000  3.700156e+01 
 1445.000  3.727694e+01 
 1446.000  4.026923e+01 
 1447.000  4.257270e+01 
 1448.000  4.331997e+01 
 1449.000  4.176877e+01 
 1450.000  3.886933e+01 
 1451.000  3.990324e+01 
 1452.000  4.394896e+01 
 1453.000  5.287777e+01 
 1454.000  6.195553e+01 
 1455.000  6.721571e+01 
 1456.000  7.311641e+01 
 1457.000  7.469882e+01 
 1458.000  7.674966e+01 
 1459.000  7.256770e+01 
 1460.000  6.756306e+01 
 1461.000  6.530412e+01 
 1462.000  5.935769e+01 
 1463.000  5.895674e+01 
 1464.000  5.747117e+01 
 1465.000  5.448387e+01 
 1466.000  4.879725e+01 
 1467.000  4.705019e+01 
 1468.000  4.271700e+01 
 1469.000  3.834388e+01 
 1470.000  3.648744e+01 
 1471.000  4.132138e+01 
 1472.000  4.917304e+01 
 1473.000  6.065783e+01 
 1474.000  6.779550e+01 
 1475.000  6.901224e+01 
 1476.000  6.912486e+01 
 1477.000  6.639372e+01 
 1478.000  6.262037e+01 
 1479.000  5.974920e+01 
 1480.000  6.210518e+01 
 1481.000  6.508425e+01 
 1482.000  7.022023e+01 
 1483.000  7.001406e+01 
 1484.000  7.059805e+01 
 1485.000  7.132795e+01 
 1486.000  7.383215e+01 
 1487.000  8.235718e+01 
 1488.000  7.251137e+01 
 1489.000  9.434544e+01 
 1490.000  1.045459e+02 
 1491.000  1.109759e+02 
 1492.000  1.094489e+02 
 1493.000  1.151733e+02 
 1494.000  1.152307e+02 
 1495.000  1.179682e+02 
 1496.000  1.206526e+02 
 1497.000  1.237961e+02 
 1498.000  1.304305e+02 
 1499.000  1.334262e+02 
 1500.000  1.392954e+02 
 1501.000  1.379951e+02 
 1502.000  1.348981e+02 
 1503.000  1.199714e+02 
 1504.000  1.261227e+02 
 1505.000  1.294044e+02 
 1506.000  1.312624e+02 
 1507.000  1.406493e+02 
 1508.000  1.402266e+02 
 1509.000  1.426704e+02 
 1510.000  1.455332e+02 
 1511.000  1.475060e+02 
 1512.000  1.455931e+02 
 1513.000  1.457285e+02 
 1514.000  1.437379e+02 
 1515.000  1.475348e+02 
 1516.000  1.464904e+02 
 1517.000  1.465039e+02 
 1518.000  1.509613e+02 
 1519.000  1.507698e+02 
 1520.000  1.542918e+02 
 1521.000  1.527294e+02 
 1522.000  1.518625e+02 
 1523.000  1.559665e+02 
 1524.000  1.543962e+02 
 1525.000  1.504524e+02 
 1526.000  1.548198e+02 
 1527.000  1.537141e+02 
 1528.000  1.554538e+02 
 1529.000  1.549674e+02 
 1530.000  1.455633e+02 
 1531.000  1.559795e+02 
 1532.000  1.554570e+02 
 1533.000  1.549583e+02 
 1534.000  1.528412e+02 
 1535.000  1.537035e+02 
 1536.000  1.557660e+02 
 1537.000  1.565991e+02 
 1538.000  1.526486e+02 
 1539.000  1.561072e+02 
 1540.000  1.505419e+02 
 1541.000  1.537926e+02 
 1542.000  1.547072e+02 
 1543.000  1.544153e+02 
 1544.000  1.566037e+02 
 1545.000  1.574890e+02 
 1546.000  1.578712e+02 
 1547.000  1.564809e+02 
 1548.000  1.519671e+02 
 1549.000  1.558609e+02 
 1550.000  1.549638e+02 
 1551.000  1.541479e+02 
 1552.000  1.567994e+02 
 1553.000  1.560878e+02 
 1554.000  1.503308e+02 
 1555.000  1.528951e+02 
 1556.000  1.500100e+02 
 1557.000  1.549546e+02 
 1558.000  1.537095e+02 
 1559.000  1.536829e+02 
 1560.000  1.510275e+02 
 1561.000  1.544969e+02 
 1562.000  1.543344e+02 
 1563.000  1.518885e+02 
 1564.000  1.486612e+02 
 1565.000  1.504730e+02 
 1566.000  1.476211e+02 
 1567.000  1.468240e+02 
 1568.000  1.426358e+02 
 1569.000  1.418646e+02 
 1570.000  1.372681e+02 
 1571.000  1.409463e+02 
 1572.000  1.406371e+02 
 1573.000  1.386876e+02 
 1574.000  1.395843e+02 
 1575.000  1.298860e+02 
 1576.000  1.395401e+02 
 1577.000  1.261372e+02 
 1578.000  1.382099e+02 
 1579.000  1.393042e+02 
 1580.000  1.426966e+02 
 1581.000  1.417509e+02 
 1582.000  1.394917e+02 
 1583.000  1.417624e+02 
 1584.000  1.410058e+02 
 1585.000  1.455531e+02 
 1586.000  1.437250e+02 
 1587.000  1.424521e+02 
 1588.000  1.404572e+02 
 1589.000  1.285522e+02 
 1590.000  1.384418e+02 
 1591.000  1.353481e+02 
 1592.000  1.424459e+02 
 1593.000  1.453295e+02 
 1594.000  1.438861e+02 
 1595.000  1.442757e+02 
 1596.000  1.351485e+02 
 1597.000  1.397479e+02 
 1598.000  1.410612e+02 
 1599.000  1.348321e+02 
 1600.000  1.358836e+02 
 1601.000  1.301630e+02 
 1602.000  1.331875e+02 
 1603.000  1.325712e+02 
 1604.000  1.348531e+02 
 1605.000  1.328585e+02 
 1606.000  1.325487e+02 
 1607.000  1.329046e+02 
 1608.000  1.342643e+02 
 1609.000  1.337478e+02 
 1610.000  1.255794e+02 
 1611.000  1.299281e+02 
 1612.000  1.319713e+02 
 1613.000  1.356703e+02 
 1614.000  1.343380e+02 
 1615.000  1.371394e+02 
 1616.000  1.289750e+02 
 1617.000  1.332744e+02 
 1618.000  1.374259e+02 
 1619.000  1.374933e+02 
 1620.000  1.344767e+02 
 1621.000  1.328003e+02 
 1622.000  1.361422e+02 
 1623.000  1.390880e+02 
 1624.000  1.401534e+02 
 1625.000  1.369699e+02 
 1626.000  1.383780e+02 
 1627.000  1.382347e+02 
 1628.000  1.392283e+02 
 1629.000  1.390835e+02 
 1630.000  1.350759e+02 
 1631.000  1.371875e+02 
 1632.000  1.369442e+02 
 1633.000  1.351015e+02 
 1634.000  1.316806e+02 
 1635.000  1.352103e+02 
 1636.000  1.346272e+02 
 1637.000  1.283047e+02 
 1638.000  1.273681e+02 
 1639.000  1.256530e+02 
 1640.000  1.261709e+02 
 1641.000  1.251681e+02 
 1642.000  1.250096e+02 
 1643.000  1.281384e+02 
 1644.000  1.260735e+02 
 1645.000  1.261963e+02 
 1646.000  1.277117e+02 
 1647.000  1.288884e+02 
 1648.000  1.282332e+02 
 1649.000  1.252708e+02 
 1650.000  1.284449e+02 
 1651.000  1.255976e+02 
 1652.000  1.280859e+02 
 1653.000  1.268668e+02 
 1654.000  1.282890e+02 
 1655.000  1.259792e+02 
 1656.000  1.285894e+02 
 1657.000  1.276545e+02 
 1658.000  1.285547e+02 
 1659.000  1.262404e+02 
 1660.000  1.276308e+02 
 1661.000  1.281234e+02 
 1662.000  1.270813e+02 
 1663.000  1.262119e+02 
 1664.000  1.255820e+02 
 1665.000  1.243055e+02 
 1666.000  1.238821e+02 
 1667.000  1.253753e+02 
 1668.000  1.232509e+02 
 1669.000  1.237186e+02 
 1670.000  1.265039e+02 
 1671.000  1.257049e+02 
 1672.000  1.197550e+02 
 1673.000  1.230734e+02 
 1674.000  1.235058e+02 
 1675.000  1.223563e+02 
 1676.000  1.203634e+02 
 1677.000  1.210039e+02 
 1678.000  1.218140e+02 
 1679.000  1.201477e+02 
 1680.000  1.160934e+02 
 1681.000  1.121109e+02 
 1682.000  1.153460e+02 
 1683.000  1.181601e+02 
 1684.000  1.203242e+02 
 1685.000  1.205581e+02 
 1686.000  1.191097e+02 
 1687.000  1.193869e+02 
 1688.000  1.193083e+02 
 1689.000  1.178703e+02 
 1690.000  1.175973e+02 
 1691.000  1.190961e+02 
 1692.000  1.193114e+02 
 1693.000  1.189171e+02 
 1694.000  1.187465e+02 
 1695.000  1.186798e+02 
 1696.000  1.179826e+02 
 1697.000  1.171851e+02 
 1698.000  1.178594e+02 
 1699.000  1.171010e+02 
 1700.000  1.156304e+02 
 1701.000  1.159146e+02 
 1702.000  1.155314e+02 
 1703.000  1.130351e+02 
 1704.000  1.148365e+02 
 1705.000  1.153566e+02 
 1706.000  1.136853e+02 
 1707.000  1.132692e+02 
 1708.000  1.101789e+02 
 1709.000  1.121923e+02 
 1710.000  1.134324e+02 
 1711.000  1.047946e+02 
 1712.000  1.121046e+02 
 1713.000  1.125359e+02 
 1714.000  1.126055e+02 
 1715.000  1.126712e+02 
 1716.000  1.121565e+02 
 1717.000  1.111710e+02 
 1718.000  1.105731e+02 
 1719.000  1.112454e+02 
 1720.000  1.081073e+02 
 1721.000  1.065149e+02 
 1722.000  1.078685e+02 
 1723.000  1.019866e+02 
 1724.000  1.035129e+02 
 1725.000  1.052494e+02 
 1726.000  1.066665e+02 
 1727.000  1.061410e+02 
 1728.000  1.037769e+02 
 1729.000  1.060728e+02 
 1730.000  1.062686e+02 
 1731.000  1.042555e+02 
 1732.000  1.026903e+02 
 1733.000  9.613871e+01 
 1734.000  9.782024e+01 
 1735.000  9.774449e+01 
 1736.000  9.299181e+01 
 1737.000  9.161168e+01 
 1738.000  9.592108e+01 
 1739.000  9.739287e+01 
 1740.000  9.739364e+01 
 1741.000  9.502799e+01 
 1742.000  9.800696e+01 
 1743.000  9.609650e+01 
 1744.000  9.717975e+01 
 1745.000  9.432950e+01 
 1746.000  9.461365e+01 
 1747.000  9.253458e+01 
 1748.000  9.593905e+01 
 1749.000  9.547909e+01 
 1750.000  9.510436e+01 
 1751.000  9.356795e+01 
 1752.000  9.408981e+01 
 1753.000  9.398788e+01 
 1754.000  9.401904e+01 
 1755.000  9.204477e+01 
 1756.000  9.308279e+01 
 1757.000  9.314954e+01 
 1758.000  9.275541e+01 
 1759.000  9.313653e+01 
 1760.000  9.203947e+01 
 1761.000  8.942230e+01 
 1762.000  8.720361e+01 
 1763.000  8.722263e+01 
 1764.000  8.376484e+01 
 1765.000  8.522630e+01 
 1766.000  8.433133e+01 
 1767.000  8.464889e+01 
 1768.000  8.343699e+01 
 1769.000  8.379573e+01 
 1770.000  8.219668e+01 
 1771.000  8.234090e+01 
 1772.000  8.134706e+01 
 1773.000  8.126130e+01 
 1774.000  7.710665e+01 
 1775.000  7.320201e+01 
 1776.000  7.290203e+01 
 1777.000  6.948923e+01 
 1778.000  6.719289e+01 
 1779.000  6.786912e+01 
 1780.000  6.640094e+01 
 1781.000  6.571155e+01 
 1782.000  6.484632e+01 
 1783.000  6.254159e+01 
 1784.000  6.259490e+01 
 1785.000  6.241427e+01 
 1786.000  6.286047e+01 
 1787.000  6.336811e+01 
 1788.000  6.302135e+01 
 1789.000  5.860186e+01 
 1790.000  5.815525e+01 
 1791.000  5.387302e+01 
 1792.000  5.254519e+01 
 1793.000  4.753672e+01 
 1794.000  4.360075e+01 
 1795.000  4.396286e+01 
 1796.000  3.894392e+01 
 1797.000  3.484881e+01 
 1798.000  3.497428e+01 
 1799.000  2.807137e+01 
 1800.000  2.792681e+01 
 1801.000  2.250767e+01 
 1802.000  1.939700e+01 
 1803.000  1.931025e+01 
 1804.000  1.914162e+01 
 1805.000  1.838404e+01 
 1806.000  1.617827e+01 
 1807.000  1.538278e+01 
 1808.000  1.447891e+01 
 1809.000  1.151009e+01 
 1810.000  9.097503e+00 
 1811.000  9.085748e+00 
 1812.000  6.943633e+00 
 1813.000  6.960002e+00 
 1814.000  5.905523e+00 
 1815.000  3.837443e+00 
 1816.000  3.785932e+00 
 1817.000  3.184694e+00 
 1818.000  2.701060e+00 
 1819.000  2.174234e+00 
 1820.000  1.932139e+00 
 1821.000  1.946849e+00 
 1822.000  1.644054e+00 
 1823.000  1.619436e+00 
 1824.000  1.451207e+00 
 1825.000  6.974300e-01 
 1826.000  7.014584e-01 
 1827.000  4.442660e-01 
 1828.000  3.723345e-01 
 1829.000  1.565825e-01 
 1830.000  8.714733e-02 
 1831.000  8.698435e-02 
 1832.000  4.558584e-02 
 1833.000  4.395856e-02 
 1834.000  2.154596e-02 
 1835.000  6.372404e-03 
 1836.000  6.389614e-03 
 1837.000  3.763426e-03 
 1838.000  3.227153e-03 
 1839.000  4.384098e-03 
 1840.000  8.432673e-03 
 1841.000  8.622357e-03 
 1842.000  1.477752e-02 
 1843.000  1.431383e-02 
 1844.000  2.065052e-02 
 1845.000  1.905206e-02 
 1846.000  1.455055e-02 
 1847.000  9.593170e-03 
 1848.000  9.888768e-03 
 1849.000  9.746652e-03 
 1850.000  9.835573e-03 
 1851.000  9.243754e-03 
 1852.000  9.537661e-03 
 1853.000  9.332238e-03 
 1854.000  9.569050e-03 
 1855.000  1.001752e-02 
 1856.000  1.104946e-02 
 1857.000  1.150684e-02 
 1858.000  1.720498e-02 
 1859.000  3.466662e-02 
 1860.000  3.428289e-02 
 1861.000  6.963015e-02 
 1862.000  6.433988e-02 
 1863.000  7.178339e-02 
 1864.000  5.792766e-02 
 1865.000  5.820884e-02 
 1866.000  2.404629e-02 
 1867.000  2.366867e-02 
 1868.000  4.135113e-03 
 1869.000  4.484866e-03 
 1870.000  7.617025e-04 
 1871.000  2.796152e-04 
 1872.000  2.775334e-04 
 1873.000  1.040658e-03 
 1874.000  1.039752e-03 
 1875.000  5.713276e-03 
 1876.000  5.462638e-03 
 1877.000  3.513591e-02 
 1878.000  9.534888e-02 
 1879.000  9.745254e-02 
 1880.000  1.749592e-01 
 1881.000  1.803711e-01 
 1882.000  2.599377e-01 
 1883.000  2.953286e-01 
 1884.000  3.576037e-01 
 1885.000  3.558220e-01 
 1886.000  3.450866e-01 
 1887.000  3.818044e-01 
 1888.000  3.767900e-01 
 1889.000  2.876948e-01 
 1890.000  2.770479e-01 
 1891.000  2.405406e-01 
 1892.000  2.333099e-01 
 1893.000  1.952756e-01 
 1894.000  1.661094e-01 
 1895.000  1.621808e-01 
 1896.000  1.037534e-01 
 1897.000  1.033400e-01 
 1898.000  4.679918e-02 
 1899.000  4.608743e-02 
 1900.000  2.301043e-02 
 1901.000  2.314349e-02 
 1902.000  1.669081e-02 
 1903.000  2.648522e-02 
 1904.000  2.626284e-02 
 1905.000  4.764319e-02 
 1906.000  4.786747e-02 
 1907.000  7.778425e-02 
 1908.000  7.638210e-02 
 1909.000  8.849665e-02 
 1910.000  8.867279e-02 
 1911.000  9.639621e-02 
 1912.000  9.833535e-02 
 1913.000  1.479752e-01 
 1914.000  2.031561e-01 
 1915.000  2.019441e-01 
 1916.000  4.462522e-01 
 1917.000  4.488239e-01 
 1918.000  6.365998e-01 
 1919.000  6.342409e-01 
 1920.000  9.645173e-01 
 1921.000  1.003706e+00 
 1922.000  1.276087e+00 
 1923.000  1.369261e+00 
 1924.000  1.562045e+00 
 1925.000  1.615268e+00 
 1926.000  1.624708e+00 
 1927.000  2.051028e+00 
 1928.000  2.030949e+00 
 1929.000  2.247013e+00 
 1930.000  2.336838e+00 
 1931.000  3.402071e+00 
 1932.000  3.507589e+00 
 1933.000  3.953991e+00 
 1934.000  4.540829e+00 
 1935.000  5.482746e+00 
 1936.000  5.557965e+00 
 1937.000  5.840573e+00 
 1938.000  7.153004e+00 
 1939.000  6.834946e+00 
 1940.000  8.088370e+00 
 1941.000  8.167478e+00 
 1942.000  9.894387e+00 
 1943.000  9.604343e+00 
 1944.000  1.027947e+01 
 1945.000  9.658700e+00 
 1946.000  1.210260e+01 
 1947.000  1.285774e+01 
 1948.000  1.394263e+01 
 1949.000  1.450795e+01 
 1950.000  1.506212e+01 
 1951.000  1.462525e+01 
 1952.000  1.444713e+01 
 1953.000  1.520043e+01 
 1954.000  1.499445e+01 
 1955.000  1.497539e+01 
 1956.000  1.446133e+01 
 1957.000  1.564591e+01 
 1958.000  1.571894e+01 
 1959.000  1.805644e+01 
 1960.000  1.792030e+01 
 1961.000  2.135987e+01 
 1962.000  2.093484e+01 
 1963.000  2.466558e+01 
 1964.000  2.469385e+01 
 1965.000  2.986112e+01 
 1966.000  2.913116e+01 
 1967.000  3.326305e+01 
 1968.000  3.336357e+01 
 1969.000  3.692536e+01 
 1970.000  3.725043e+01 
 1971.000  3.982192e+01 
 1972.000  3.965222e+01 
 1973.000  4.006834e+01 
 1974.000  4.116672e+01 
 1975.000  4.424284e+01 
 1976.000  4.438957e+01 
 1977.000  4.634254e+01 
 1978.000  4.398202e+01 
 1979.000  4.812686e+01 
 1980.000  4.668635e+01 
 1981.000  4.926285e+01 
 1982.000  4.969923e+01 
 1983.000  5.063768e+01 
 1984.000  5.014267e+01 
 1985.000  5.069933e+01 
 1986.000  4.968543e+01 
 1987.000  5.029301e+01 
 1988.000  5.170576e+01 
 1989.000  5.140310e+01 
 1990.000  5.125579e+01 
 1991.000  5.078094e+01 
 1992.000  5.010483e+01 
 1993.000  4.762621e+01 
 1994.000  4.801057e+01 
 1995.000  4.498956e+01 
 1996.000  4.500164e+01 
 1997.000  3.751514e+01 
 1998.000  3.680472e+01 
 1999.000  2.871235e+01 
 2000.000  2.874276e+01 
 2001.000  2.152411e+01 
 2002.000  2.155902e+01 
 2003.000  1.803882e+01 
 2004.000  1.803504e+01 
 2005.000  1.834566e+01 
 2006.000  1.786959e+01 
 2007.000  2.003783e+01 
 2008.000  2.003140e+01 
 2009.000  2.141842e+01 
 2010.000  2.145806e+01 
 2011.000  2.193567e+01 
 2012.000  2.191758e+01 
 2013.000  2.244872e+01 
 2014.000  2.222881e+01 
 2015.000  2.355952e+01 
 2016.000  2.352903e+01 
 2017.000  2.637277e+01 
 2018.000  2.643536e+01 
 2019.000  3.119284e+01 
 2020.000  3.096690e+01 
 2021.000  3.491350e+01 
 2022.000  3.614436e+01 
 2023.000  4.119300e+01 
 2024.000  4.123694e+01 
 2025.000  4.476375e+01 
 2026.000  4.517031e+01 
 2027.000  4.768172e+01 
 2028.000  4.785440e+01 
 2029.000  4.914923e+01 
 2030.000  4.857516e+01 
 2031.000  5.045186e+01 
 2032.000  5.129466e+01 
 2033.000  5.257993e+01 
 2034.000  5.253917e+01 
 2035.000  5.139522e+01 
 2036.000  5.260109e+01 
 2037.000  5.299690e+01 
 2038.000  5.015450e+01 
 2039.000  5.177860e+01 
 2040.000  5.219985e+01 
 2041.000  5.161996e+01 
 2042.000  5.114018e+01 
 2043.000  5.033195e+01 
 2044.000  5.032355e+01 
 2045.000  4.828558e+01 
 2046.000  4.825318e+01 
 2047.000  4.799215e+01 
 2048.000  4.468465e+01 
 2049.000  4.493109e+01 
 2050.000  4.117138e+01 
 2051.000  4.094378e+01 
 2052.000  3.850175e+01 
 2053.000  3.796134e+01 
 2054.000  3.763881e+01 
 2055.000  3.792504e+01 
 2056.000  3.856306e+01 
 2057.000  3.841472e+01 
 2058.000  3.956583e+01 
 2059.000  3.957996e+01 
 2060.000  3.986349e+01 
 2061.000  3.880840e+01 
 2062.000  3.994461e+01 
 2063.000  3.979653e+01 
 2064.000  3.746841e+01 
 2065.000  3.966532e+01 
 2066.000  3.971471e+01 
 2067.000  4.012305e+01 
 2068.000  3.978344e+01 
 2069.000  4.095740e+01 
 2070.000  3.958479e+01 
 2071.000  4.294283e+01 
 2072.000  4.245122e+01 
 2073.000  4.532742e+01 
 2074.000  4.525985e+01 
 2075.000  4.712051e+01 
 2076.000  4.706727e+01 
 2077.000  4.846762e+01 
 2078.000  4.845681e+01 
 2079.000  4.765165e+01 
 2080.000  4.907890e+01 
 2081.000  4.860121e+01 
 2082.000  4.951621e+01 
 2083.000  4.865225e+01 
 2084.000  4.927146e+01 
 2085.000  4.968251e+01 
 2086.000  5.033188e+01 
 2087.000  5.030797e+01 
 2088.000  5.087139e+01 
 2089.000  5.094365e+01 
 2090.000  5.125842e+01 
 2091.000  5.087558e+01 
 2092.000  4.893475e+01 
 2093.000  5.075470e+01 
 2094.000  5.123286e+01 
 2095.000  4.964399e+01 
 2096.000  5.113906e+01 
 2097.000  5.094910e+01 
 2098.000  5.087977e+01 
 2099.000  5.120515e+01 
 2100.000  5.134155e+01 
 2101.000  5.158094e+01 
 2102.000  5.193351e+01 
 2103.000  5.114167e+01 
 2104.000  5.209552e+01 
 2105.000  5.205202e+01 
 2106.000  5.243642e+01 
 2107.000  5.227970e+01 
 2108.000  5.226046e+01 
 2109.000  5.199303e+01 
 2110.000  5.067636e+01 
 2111.000  5.185696e+01 
 2112.000  5.166685e+01 
 2113.000  5.140488e+01 
 2114.000  5.156596e+01 
 2115.000  5.145135e+01 
 2116.000  5.110001e+01 
 2117.000  4.984650e+01 
 2118.000  5.099992e+01 
 2119.000  5.143709e+01 
 2120.000  5.020606e+01 
 2121.000  5.144116e+01 
 2122.000  5.099827e+01 
 2123.000  5.103293e+01 
 2124.000  5.041949e+01 
 2125.000  5.150904e+01 
 2126.000  5.198291e+01 
 2127.000  5.107841e+01 
 2128.000  5.234545e+01 
 2129.000  5.222785e+01 
 2130.000  5.214346e+01 
 2131.000  5.245814e+01 
 2132.000  5.236499e+01 
 2133.000  5.241035e+01 
 2134.000  5.225255e+01 
 2135.000  5.236394e+01 
 2136.000  5.045268e+01 
 2137.000  5.219396e+01 
 2138.000  5.218327e+01 
 2139.000  5.192216e+01 
 2140.000  5.187579e+01 
 2141.000  5.192388e+01 
 2142.000  5.154430e+01 
 2143.000  5.128682e+01 
 2144.000  5.079686e+01 
 2145.000  5.029119e+01 
 2146.000  4.915436e+01 
 2147.000  4.965386e+01 
 2148.000  4.967596e+01 
 2149.000  4.866428e+01 
 2150.000  4.860552e+01 
 2151.000  4.790345e+01 
 2152.000  4.778634e+01 
 2153.000  4.732727e+01 
 2154.000  4.743962e+01 
 2155.000  4.741947e+01 
 2156.000  4.753729e+01 
 2157.000  4.741635e+01 
 2158.000  4.740676e+01 
 2159.000  4.718754e+01 
 2160.000  4.709383e+01 
 2161.000  4.704713e+01 
 2162.000  4.641679e+01 
 2163.000  4.653401e+01 
 2164.000  4.588247e+01 
 2165.000  4.442449e+01 
 2166.000  3.990525e+01 
 2167.000  4.372761e+01 
 2168.000  4.511176e+01 
 2169.000  4.630994e+01 
 2170.000  4.634208e+01 
 2171.000  4.674615e+01 
 2172.000  4.652256e+01 
 2173.000  4.669034e+01 
 2174.000  4.641679e+01 
 2175.000  4.647355e+01 
 2176.000  4.618868e+01 
 2177.000  4.566501e+01 
 2178.000  4.599811e+01 
 2179.000  4.404271e+01 
 2180.000  4.582071e+01 
 2181.000  4.574842e+01 
 2182.000  4.514339e+01 
 2183.000  4.403051e+01 
 2184.000  4.515157e+01 
 2185.000  4.526613e+01 
 2186.000  4.542696e+01 
 2187.000  4.536696e+01 
 2188.000  4.422159e+01 
 2189.000  4.410170e+01 
 2190.000  4.463671e+01 
 2191.000  4.519622e+01 
 2192.000  4.507299e+01 
 2193.000  4.441162e+01 
 2194.000  4.429586e+01 
 2195.000  4.416428e+01 
 2196.000  4.344497e+01 
 2197.000  4.327449e+01 
 2198.000  4.289036e+01 
 2199.000  4.282909e+01 
 2200.000  4.267010e+01 
 2201.000  4.285985e+01 
 2202.000  4.279098e+01 
 2203.000  4.354676e+01 
 2204.000  4.355487e+01 
 2205.000  4.343046e+01 
 2206.000  4.264532e+01 
 2207.000  4.210229e+01 
 2208.000  4.449207e+01 
 2209.000  4.357259e+01 
 2210.000  4.510418e+01 
 2211.000  4.506429e+01 
 2212.000  4.492068e+01 
 2213.000  4.496592e+01 
 2214.000  4.478566e+01 
 2215.000  4.481416e+01 
 2216.000  4.443781e+01 
 2217.000  4.379510e+01 
 2218.000  4.434007e+01 
 2219.000  4.448183e+01 
 2220.000  4.436592e+01 
 2221.000  4.428934e+01 
 2222.000  4.411398e+01 
 2223.000  4.414190e+01 
 2224.000  4.403279e+01 
 2225.000  4.385395e+01 
 2226.000  4.309658e+01 
 2227.000  4.321962e+01 
 2228.000  4.321855e+01 
 2229.000  4.360687e+01 
 2230.000  4.313286e+01 
 2231.000  4.319858e+01 
 2232.000  4.319642e+01 
 2233.000  4.305550e+01 
 2234.000  4.297510e+01 
 2235.000  4.270672e+01 
 2236.000  4.253445e+01 
 2237.000  4.255387e+01 
 2238.000  4.202647e+01 
 2239.000  4.114431e+01 
 2240.000  4.162099e+01 
 2241.000  4.203164e+01 
 2242.000  4.194041e+01 
 2243.000  4.121319e+01 
 2244.000  4.152625e+01 
 2245.000  4.151879e+01 
 2246.000  4.142982e+01 
 2247.000  4.139170e+01 
 2248.000  4.024895e+01 
 2249.000  4.108699e+01 
 2250.000  4.069602e+01 
 2251.000  4.064816e+01 
 2252.000  4.071346e+01 
 2253.000  4.006388e+01 
 2254.000  3.906285e+01 
 2255.000  3.984634e+01 
 2256.000  3.954550e+01 
 2257.000  3.954361e+01 
 2258.000  3.945737e+01 
 2259.000  3.950180e+01 
 2260.000  3.915736e+01 
 2261.000  3.896553e+01 
 2262.000  3.903925e+01 
 2263.000  3.765320e+01 
 2264.000  3.903843e+01 
 2265.000  3.880748e+01 
 2266.000  3.830034e+01 
 2267.000  3.863948e+01 
 2268.000  3.867049e+01 
 2269.000  3.858157e+01 
 2270.000  3.846719e+01 
 2271.000  3.818589e+01 
 2272.000  3.853902e+01 
 2273.000  3.850370e+01 
 2274.000  3.838896e+01 
 2275.000  3.781937e+01 
 2276.000  3.832691e+01 
 2277.000  3.833384e+01 
 2278.000  3.831498e+01 
 2279.000  3.819622e+01 
 2280.000  3.808081e+01 
 2281.000  3.614748e+01 
 2282.000  3.732281e+01 
 2283.000  3.743207e+01 
 2284.000  3.730326e+01 
 2285.000  3.716861e+01 
 2286.000  3.699267e+01 
 2287.000  3.706712e+01 
 2288.000  3.693703e+01 
 2289.000  3.641387e+01 
 2290.000  3.641261e+01 
 2291.000  3.577734e+01 
 2292.000  3.595403e+01 
 2293.000  3.588310e+01 
 2294.000  3.382986e+01 
 2295.000  3.472602e+01 
 2296.000  3.458881e+01 
 2297.000  3.398756e+01 
 2298.000  3.474174e+01 
 2299.000  3.488800e+01 
 2300.000  3.479495e+01 
 2301.000  3.476853e+01 
 2302.000  3.530396e+01 
 2303.000  3.519920e+01 
 2304.000  3.508094e+01 
 2305.000  3.564036e+01 
 2306.000  3.567786e+01 
 2307.000  3.574937e+01 
 2308.000  3.574364e+01 
 2309.000  3.551240e+01 
 2310.000  3.523206e+01 
 2311.000  3.534248e+01 
 2312.000  3.517710e+01 
 2313.000  3.454322e+01 
 2314.000  3.434177e+01 
 2315.000  3.280477e+01 
 2316.000  3.328499e+01 
 2317.000  3.296130e+01 
 2318.000  3.446656e+01 
 2319.000  3.432833e+01 
 2320.000  3.285114e+01 
 2321.000  3.300357e+01 
 2322.000  3.297781e+01 
 2323.000  3.162978e+01 
 2324.000  3.250804e+01 
 2325.000  3.277343e+01 
 2326.000  3.259547e+01 
 2327.000  3.321444e+01 
 2328.000  3.343693e+01 
 2329.000  3.311547e+01 
 2330.000  3.305845e+01 
 2331.000  3.290399e+01 
 2332.000  3.246753e+01 
 2333.000  3.244499e+01 
 2334.000  3.154157e+01 
 2335.000  3.109352e+01 
 2336.000  3.130724e+01 
 2337.000  3.050854e+01 
 2338.000  3.035091e+01 
 2339.000  2.956550e+01 
 2340.000  2.968527e+01 
 2341.000  2.972108e+01 
 2342.000  2.918906e+01 
 2343.000  2.905126e+01 
 2344.000  2.896664e+01 
 2345.000  2.857665e+01 
 2346.000  2.864488e+01 
 2347.000  2.847185e+01 
 2348.000  2.833257e+01 
 2349.000  2.846819e+01 
 2350.000  2.828776e+01 
 2351.000  2.852459e+01 
 2352.000  2.808140e+01 
 2353.000  2.742515e+01 
 2354.000  2.813831e+01 
 2355.000  2.845921e+01 
 2356.000  2.896849e+01 
 2357.000  2.873407e+01 
 2358.000  2.873202e+01 
 2359.000  2.929013e+01 
 2360.000  2.931543e+01 
 2361.000  2.910055e+01 
 2362.000  2.851793e+01 
 2363.000  2.847785e+01 
 2364.000  2.854110e+01 
 2365.000  2.751297e+01 
 2366.000  2.756972e+01 
 2367.000  2.630924e+01 
 2368.000  2.617731e+01 
 2369.000  2.592680e+01 
 2370.000  2.513016e+01 
 2371.000  2.542164e+01 
 2372.000  2.542977e+01 
 2373.000  2.539431e+01 
 2374.000  2.415458e+01 
 2375.000  2.494451e+01 
 2376.000  2.512357e+01 
 2377.000  2.504278e+01 
 2378.000  2.496894e+01 
 2379.000  2.525785e+01 
 2380.000  2.517592e+01 
 2381.000  2.478872e+01 
 2382.000  2.484886e+01 
 2383.000  2.365681e+01 
 2384.000  2.364498e+01 
 2385.000  2.382797e+01 
 2386.000  2.400272e+01 
 2387.000  2.398716e+01 
 2388.000  2.463074e+01 
 2389.000  2.454202e+01 
 2390.000  2.507235e+01 
 2391.000  2.502892e+01 
 2392.000  2.493618e+01 
 2393.000  2.505009e+01 
 2394.000  2.537564e+01 
 2395.000  2.515158e+01 
 2396.000  2.511482e+01 
 2397.000  2.523242e+01 
 2398.000  2.502707e+01 
 2399.000  2.486363e+01 
 2400.000  2.463141e+01 
 2401.000  2.415711e+01 
 2402.000  2.428013e+01 
 2403.000  2.410266e+01 
 2404.000  2.303946e+01 
 2405.000  2.319161e+01 
 2406.000  2.285471e+01 
 2407.000  2.200269e+01 
 2408.000  2.204131e+01 
 2409.000  2.197052e+01 
 2410.000  2.090547e+01 
 2411.000  2.092523e+01 
 2412.000  2.089926e+01 
 2413.000  2.012238e+01 
 2414.000  1.942207e+01 
 2415.000  1.935018e+01 
 2416.000  1.876941e+01 
 2417.000  1.961656e+01 
 2418.000  1.978755e+01 
 2419.000  2.114062e+01 
 2420.000  2.091461e+01 
 2421.000  2.097343e+01 
 2422.000  2.185485e+01 
 2423.000  2.170138e+01 
 2424.000  2.176614e+01 
 2425.000  2.198394e+01 
 2426.000  2.226167e+01 
 2427.000  2.197612e+01 
 2428.000  2.192346e+01 
 2429.000  2.207170e+01 
 2430.000  2.193979e+01 
 2431.000  2.131773e+01 
 2432.000  2.145004e+01 
 2433.000  2.131140e+01 
 2434.000  2.020677e+01 
 2435.000  1.998553e+01 
 2436.000  2.054484e+01 
 2437.000  2.041976e+01 
 2438.000  1.992987e+01 
 2439.000  2.039588e+01 
 2440.000  1.944934e+01 
 2441.000  1.922369e+01 
 2442.000  1.934246e+01 
 2443.000  1.777272e+01 
 2444.000  1.768442e+01 
 2445.000  1.651898e+01 
 2446.000  1.604245e+01 
 2447.000  1.607948e+01 
 2448.000  1.563540e+01 
 2449.000  1.563592e+01 
 2450.000  1.574564e+01 
 2451.000  1.589764e+01 
 2452.000  1.589056e+01 
 2453.000  1.613849e+01 
 2454.000  1.762601e+01 
 2455.000  1.744486e+01 
 2456.000  1.741477e+01 
 2457.000  1.669165e+01 
 2458.000  1.793606e+01 
 2459.000  1.806038e+01 
 2460.000  1.794964e+01 
 2461.000  1.719456e+01 
 2462.000  1.723985e+01 
 2463.000  1.700856e+01 
 2464.000  1.611279e+01 
 2465.000  1.598672e+01 
 2466.000  1.586238e+01 
 2467.000  1.456298e+01 
 2468.000  1.456211e+01 
 2469.000  1.431525e+01 
 2470.000  1.199906e+01 
 2471.000  1.251157e+01 
 2472.000  1.246216e+01 
 2473.000  1.178552e+01 
 2474.000  1.157594e+01 
 2475.000  1.164570e+01 
 2476.000  9.918177e+00 
 2477.000  1.006389e+01 
 2478.000  1.001550e+01 
 2479.000  8.161386e+00 
 2480.000  8.280066e+00 
 2481.000  7.997254e+00 
 2482.000  6.704453e+00 
 2483.000  6.518309e+00 
 2484.000  6.823352e+00 
 2485.000  5.774420e+00 
 2486.000  5.739490e+00 
 2487.000  5.294568e+00 
 2488.000  5.287955e+00 
 2489.000  5.284257e+00 
 2490.000  5.311809e+00 
 2491.000  5.397027e+00 
 2492.000  5.419053e+00 
 2493.000  5.333192e+00 
 2494.000  5.431545e+00 
 2495.000  5.372165e+00 
 2496.000  5.338464e+00 
 2497.000  5.757432e+00 
 2498.000  5.718261e+00 
 2499.000  5.745219e+00 
 2500.000  5.403428e+00 
 2501.000  4.738081e+00 
 2502.000  4.766191e+00 
 2503.000  4.716381e+00 
 2504.000  4.249927e+00 
 2505.000  4.297753e+00 
 2506.000  3.960020e+00 
 2507.000  2.827673e+00 
 2508.000  2.787787e+00 
 2509.000  2.776922e+00 
 2510.000  2.164771e+00 
 2511.000  2.177837e+00 
 2512.000  1.908436e+00 
 2513.000  1.242417e+00 
 2514.000  1.240071e+00 
 2515.000  1.233953e+00 
 2516.000  1.051143e+00 
 2517.000  1.042180e+00 
 2518.000  1.025822e+00 
 2519.000  5.280062e-01 
 2520.000  5.271482e-01 
 2521.000  5.280320e-01 
 2522.000  5.266071e-01 
 2523.000  3.513203e-01 
 2524.000  3.500414e-01 
 2525.000  2.745704e-01 
 2526.000  1.198533e-01 
 2527.000  1.190821e-01 
 2528.000  1.195350e-01 
 2529.000  6.812363e-02 
 2530.000  6.819922e-02 
 2531.000  6.835708e-02 
 2532.000  1.839643e-02 
 2533.000  1.822184e-02 
 2534.000  1.835793e-02 
 2535.000  1.205820e-02 
 2536.000  1.212090e-02 
 2537.000  1.199845e-02 
 2538.000  7.653764e-03 
 2539.000  1.894891e-03 
 2540.000  1.898695e-03 
 2541.000  1.907566e-03 
 2542.000  1.011792e-03 
 2543.000  1.052251e-03 
 2544.000  4.772060e-04 
 2545.000  1.885654e-04 
 2546.000  1.890687e-04 
 2547.000  1.842939e-04 
 2548.000  1.866669e-04 
 2549.000  1.898509e-04 
 2550.000  1.886800e-04 
 2551.000  8.226821e-05 
 2552.000  3.403658e-05 
 2553.000  3.367000e-05 
 2554.000  3.434705e-05 
 2555.000  2.672193e-05 
 2556.000  2.650523e-05 
 2557.000  9.983694e-06 
 2558.000  6.856664e-07 
 2559.000  6.887757e-07 
 2560.000  6.788520e-07 
 2561.000  8.364717e-08 
 2562.000  8.389430e-08 
 2563.000  8.448181e-08 
 2564.000  2.741098e-08 
 2565.000  0.000000e+00 
 2566.000  0.000000e+00 
 2567.000  0.000000e+00 
 2568.000  0.000000e+00 
 2569.000  0.000000e+00 
 2570.000  0.000000e+00 
 2571.000  0.000000e+00 
 2572.000  0.000000e+00 
 2573.000  0.000000e+00 
 2574.000  0.000000e+00 
 2575.000  0.000000e+00 
 2576.000  0.000000e+00 
 2577.000  0.000000e+00 
 2578.000  0.000000e+00 
 2579.000  0.000000e+00 
 2580.000  0.000000e+00 
 2581.000  0.000000e+00 
 2582.000  0.000000e+00 
 2583.000  0.000000e+00 
 2584.000  0.000000e+00 
 2585.000  0.000000e+00 
 2586.000  0.000000e+00 
 2587.000  0.000000e+00 
 2588.000  0.000000e+00 
 2589.000  0.000000e+00 
 2590.000  0.000000e+00 
 2591.000  0.000000e+00 
 2592.000  0.000000e+00 
 2593.000  0.000000e+00 
 2594.000  0.000000e+00 
 2595.000  0.000000e+00 
 2596.000  0.000000e+00 
 2597.000  0.000000e+00 
 2598.000  0.000000e+00 
 2599.000  0.000000e+00 
 2600.000  0.000000e+00 
 2601.000  0.000000e+00 
 2602.000  0.000000e+00 
 2603.000  0.000000e+00 
 2604.000  0.000000e+00 
 2605.000  0.000000e+00 
 2606.000  0.000000e+00 
 2607.000  0.000000e+00 
 2608.000  0.000000e+00 
 2609.000  0.000000e+00 
 2610.000  0.000000e+00 
 2611.000  0.000000e+00 
 2612.000  0.000000e+00 
 2613.000  0.000000e+00 
 2614.000  0.000000e+00 
 2615.000  0.000000e+00 
 2616.000  0.000000e+00 
 2617.000  0.000000e+00 
 2618.000  0.000000e+00 
 2619.000  0.000000e+00 
 2620.000  0.000000e+00 
 2621.000  0.000000e+00 
 2622.000  0.000000e+00 
 2623.000  0.000000e+00 
 2624.000  0.000000e+00 
 2625.000  0.000000e+00 
 2626.000  0.000000e+00 
 2627.000  0.000000e+00 
 2628.000  0.000000e+00 
 2629.000  0.000000e+00 
 2630.000  0.000000e+00 
 2631.000  0.000000e+00 
 2632.000  0.000000e+00 
 2633.000  0.000000e+00 
 2634.000  0.000000e+00 
 2635.000  0.000000e+00 
 2636.000  0.000000e+00 
 2637.000  0.000000e+00 
 2638.000  0.000000e+00 
 2639.000  0.000000e+00 
 2640.000  0.000000e+00 
 2641.000  0.000000e+00 
 2642.000  0.000000e+00 
 2643.000  0.000000e+00 
 2644.000  0.000000e+00 
 2645.000  0.000000e+00 
 2646.000  0.000000e+00 
 2647.000  0.000000e+00 
 2648.000  0.000000e+00 
 2649.000  0.000000e+00 
 2650.000  0.000000e+00 
 2651.000  0.000000e+00 
 2652.000  0.000000e+00 
 2653.000  0.000000e+00 
 2654.000  0.000000e+00 
 2655.000  0.000000e+00 
 2656.000  0.000000e+00 
 2657.000  0.000000e+00 
 2658.000  0.000000e+00 
 2659.000  0.000000e+00 
 2660.000  0.000000e+00 
 2661.000  0.000000e+00 
 2662.000  0.000000e+00 
 2663.000  0.000000e+00 
 2664.000  0.000000e+00 
 2665.000  0.000000e+00 
 2666.000  0.000000e+00 
 2667.000  0.000000e+00 
 2668.000  0.000000e+00 
 2669.000  0.000000e+00 
 2670.000  0.000000e+00 
 2671.000  0.000000e+00 
 2672.000  0.000000e+00 
 2673.000  0.000000e+00 
 2674.000  0.000000e+00 
 2675.000  0.000000e+00 
 2676.000  0.000000e+00 
 2677.000  0.000000e+00 
 2678.000  0.000000e+00 
 2679.000  0.000000e+00 
 2680.000  0.000000e+00 
 2681.000  0.000000e+00 
 2682.000  0.000000e+00 
 2683.000  0.000000e+00 
 2684.000  0.000000e+00 
 2685.000  0.000000e+00 
 2686.000  0.000000e+00 
 2687.000  0.000000e+00 
 2688.000  0.000000e+00 
 2689.000  0.000000e+00 
 2690.000  0.000000e+00 
 2691.000  0.000000e+00 
 2692.000  0.000000e+00 
 2693.000  0.000000e+00 
 2694.000  0.000000e+00 
 2695.000  0.000000e+00 
 2696.000  0.000000e+00 
 2697.000  0.000000e+00 
 2698.000  0.000000e+00 
 2699.000  0.000000e+00 
 2700.000  0.000000e+00 
 2701.000  0.000000e+00 
 2702.000  0.000000e+00 
 2703.000  0.000000e+00 
 2704.000  0.000000e+00 
 2705.000  0.000000e+00 
 2706.000  0.000000e+00 
 2707.000  0.000000e+00 
 2708.000  0.000000e+00 
 2709.000  0.000000e+00 
 2710.000  0.000000e+00 
 2711.000  0.000000e+00 
 2712.000  0.000000e+00 
 2713.000  0.000000e+00 
 2714.000  0.000000e+00 
 2715.000  0.000000e+00 
 2716.000  0.000000e+00 
 2717.000  0.000000e+00 
 2718.000  0.000000e+00 
 2719.000  0.000000e+00 
 2720.000  0.000000e+00 
 2721.000  0.000000e+00 
 2722.000  0.000000e+00 
 2723.000  0.000000e+00 
 2724.000  0.000000e+00 
 2725.000  0.000000e+00 
 2726.000  0.000000e+00 
 2727.000  0.000000e+00 
 2728.000  0.000000e+00 
 2729.000  0.000000e+00 
 2730.000  0.000000e+00 
 2731.000  0.000000e+00 
 2732.000  0.000000e+00 
 2733.000  0.000000e+00 
 2734.000  0.000000e+00 
 2735.000  0.000000e+00 
 2736.000  0.000000e+00 
 2737.000  0.000000e+00 
 2738.000  0.000000e+00 
 2739.000  0.000000e+00 
 2740.000  0.000000e+00 
 2741.000  0.000000e+00 
 2742.000  0.000000e+00 
 2743.000  0.000000e+00 
 2744.000  0.000000e+00 
 2745.000  0.000000e+00 
 2746.000  0.000000e+00 
 2747.000  0.000000e+00 
 2748.000  0.000000e+00 
 2749.000  0.000000e+00 
 2750.000  0.000000e+00 
 2751.000  0.000000e+00 
 2752.000  0.000000e+00 
 2753.000  0.000000e+00 
 2754.000  0.000000e+00 
 2755.000  0.000000e+00 
 2756.000  0.000000e+00 
 2757.000  0.000000e+00 
 2758.000  0.000000e+00 
 2759.000  0.000000e+00 
 2760.000  0.000000e+00 
 2761.000  0.000000e+00 
 2762.000  0.000000e+00 
 2763.000  0.000000e+00 
 2764.000  0.000000e+00 
 2765.000  0.000000e+00 
 2766.000  0.000000e+00 
 2767.000  0.000000e+00 
 2768.000  0.000000e+00 
 2769.000  0.000000e+00 
 2770.000  0.000000e+00 
 2771.000  0.000000e+00 
 2772.000  0.000000e+00 
 2773.000  0.000000e+00 
 2774.000  0.000000e+00 
 2775.000  0.000000e+00 
 2776.000  0.000000e+00 
 2777.000  0.000000e+00 
 2778.000  0.000000e+00 
 2779.000  0.000000e+00 
 2780.000  0.000000e+00 
 2781.000  0.000000e+00 
 2782.000  0.000000e+00 
 2783.000  0.000000e+00 
 2784.000  0.000000e+00 
 2785.000  0.000000e+00 
 2786.000  0.000000e+00 
 2787.000  0.000000e+00 
 2788.000  0.000000e+00 
 2789.000  0.000000e+00 
 2790.000  1.259081e-09 
 2791.000  1.258886e-09 
 2792.000  1.258924e-09 
 2793.000  2.632755e-09 
 2794.000  1.952078e-08 
 2795.000  1.954328e-08 
 2796.000  1.954701e-08 
 2797.000  1.957082e-08 
 2798.000  1.313937e-06 
 2799.000  1.313637e-06 
 2800.000  1.316680e-06 
 2801.000  2.187515e-06 
 2802.000  6.176121e-06 
 2803.000  6.159075e-06 
 2804.000  6.125228e-06 
 2805.000  6.172856e-06 
 2806.000  1.535592e-05 
 2807.000  1.528767e-05 
 2808.000  1.534293e-05 
 2809.000  1.038263e-04 
 2810.000  1.039496e-04 
 2811.000  1.037816e-04 
 2812.000  1.038300e-04 
 2813.000  3.196858e-04 
 2814.000  3.195128e-04 
 2815.000  3.198805e-04 
 2816.000  3.181268e-04 
 2817.000  1.623246e-03 
 2818.000  1.622600e-03 
 2819.000  1.619527e-03 
 2820.000  1.616799e-03 
 2821.000  3.485912e-03 
 2822.000  3.478736e-03 
 2823.000  3.476010e-03 
 2824.000  3.463193e-03 
 2825.000  9.146271e-03 
 2826.000  9.156790e-03 
 2827.000  9.134466e-03 
 2828.000  9.112860e-03 
 2829.000  1.102276e-02 
 2830.000  1.102599e-02 
 2831.000  1.099700e-02 
 2832.000  1.102182e-02 
 2833.000  1.953519e-02 
 2834.000  1.955443e-02 
 2835.000  1.953930e-02 
 2836.000  1.950728e-02 
 2837.000  2.183810e-02 
 2838.000  2.179109e-02 
 2839.000  2.182472e-02 
 2840.000  2.169777e-02 
 2841.000  3.551322e-02 
 2842.000  3.614890e-02 
 2843.000  3.598546e-02 
 2844.000  3.599229e-02 
 2845.000  3.957146e-02 
 2846.000  3.953875e-02 
 2847.000  3.947690e-02 
 2848.000  3.948237e-02 
 2849.000  4.588964e-02 
 2850.000  7.100113e-02 
 2851.000  7.097791e-02 
 2852.000  7.096122e-02 
 2853.000  7.130734e-02 
 2854.000  1.022641e-01 
 2855.000  1.027091e-01 
 2856.000  1.026575e-01 
 2857.000  1.141908e-01 
 2858.000  1.877737e-01 
 2859.000  1.870785e-01 
 2860.000  1.857789e-01 
 2861.000  1.870371e-01 
 2862.000  2.868811e-01 
 2863.000  2.865094e-01 
 2864.000  2.864333e-01 
 2865.000  3.189692e-01 
 2866.000  4.370979e-01 
 2867.000  4.352345e-01 
 2868.000  4.313917e-01 
 2869.000  4.333508e-01 
 2870.000  5.535979e-01 
 2871.000  5.560733e-01 
 2872.000  5.498652e-01 
 2873.000  5.855134e-01 
 2874.000  7.632106e-01 
 2875.000  7.674765e-01 
 2876.000  7.710945e-01 
 2877.000  7.720588e-01 
 2878.000  9.637898e-01 
 2879.000  9.635502e-01 
 2880.000  9.614496e-01 
 2881.000  9.619950e-01 
 2882.000  1.332481e+00 
 2883.000  1.333766e+00 
 2884.000  1.332439e+00 
 2885.000  1.328808e+00 
 2886.000  1.324960e+00 
 2887.000  1.442905e+00 
 2888.000  1.441254e+00 
 2889.000  1.433487e+00 
 2890.000  1.512237e+00 
 2891.000  1.687494e+00 
 2892.000  1.686181e+00 
 2893.000  1.683384e+00 
 2894.000  1.676752e+00 
 2895.000  1.684416e+00 
 2896.000  1.681468e+00 
 2897.000  1.681929e+00 
 2898.000  1.736423e+00 
 2899.000  1.697322e+00 
 2900.000  1.701975e+00 
 2901.000  1.697000e+00 
 2902.000  1.698064e+00 
 2903.000  1.917475e+00 
 2904.000  1.914245e+00 
 2905.000  1.914543e+00 
 2906.000  1.886403e+00 
 2907.000  2.180526e+00 
 2908.000  2.177780e+00 
 2909.000  2.176766e+00 
 2910.000  2.173464e+00 
 2911.000  2.170792e+00 
 2912.000  2.403180e+00 
 2913.000  2.395930e+00 
 2914.000  2.391620e+00 
 2915.000  2.440208e+00 
 2916.000  2.926548e+00 
 2917.000  2.950036e+00 
 2918.000  2.945572e+00 
 2919.000  2.942456e+00 
 2920.000  1.182333e+01 
 2921.000  1.181570e+01 
 2922.000  1.178224e+01 
 2923.000  1.168298e+01 
 2924.000  4.173446e+00 
 2925.000  4.218132e+00 
 2926.000  4.149779e+00 
 2927.000  4.211598e+00 
 2928.000  4.210808e+00 
 2929.000  4.421548e+00 
 2930.000  4.492207e+00 
 2931.000  4.487527e+00 
 2932.000  4.608110e+00 
 2933.000  4.580776e+00 
 2934.000  4.587992e+00 
 2935.000  4.567174e+00 
 2936.000  4.570208e+00 
 2937.000  4.271548e+00 
 2938.000  4.273092e+00 
 2939.000  4.247149e+00 
 2940.000  4.259128e+00 
 2941.000  4.317047e+00 
 2942.000  4.036716e+00 
 2943.000  3.980359e+00 
 2944.000  4.009773e+00 
 2945.000  4.012312e+00 
 2946.000  4.078991e+00 
 2947.000  4.000711e+00 
 2948.000  4.064359e+00 
 2949.000  4.119915e+00 
 2950.000  4.315388e+00 
 2951.000  4.304983e+00 
 2952.000  4.278007e+00 
 2953.000  4.303913e+00 
 2954.000  4.292630e+00 
 2955.000  4.399290e+00 
 2956.000  4.409193e+00 
 2957.000  4.403177e+00 
 2958.000  4.445178e+00 
 2959.000  4.235709e+00 
 2960.000  4.215197e+00 
 2961.000  4.204248e+00 
 2962.000  4.218497e+00 
 2963.000  3.501089e+00 
 2964.000  3.493989e+00 
 2965.000  3.494706e+00 
 2966.000  3.487051e+00 
 2967.000  3.511893e+00 
 2968.000  2.993634e+00 
 2969.000  2.984889e+00 
 2970.000  2.980737e+00 
 2971.000  2.974721e+00 
 2972.000  3.190556e+00 
 2973.000  3.189155e+00 
 2974.000  3.187336e+00 
 2975.000  3.182071e+00 
 2976.000  3.200804e+00 
 2977.000  3.939594e+00 
 2978.000  3.926543e+00 
 2979.000  3.893905e+00 
 2980.000  3.923176e+00 
 2981.000  5.037860e+00 
 2982.000  5.020491e+00 
 2983.000  5.026223e+00 
 2984.000  5.019313e+00 
 2985.000  5.044074e+00 
 2986.000  6.022161e+00 
 2987.000  6.012619e+00 
 2988.000  5.963828e+00 
 2989.000  5.995183e+00 
 2990.000  6.055444e+00 
 2991.000  6.075293e+00 
 2992.000  6.068916e+00 
 2993.000  6.059877e+00 
 2994.000  6.050355e+00 
 2995.000  5.998541e+00 
 2996.000  5.988349e+00 
 2997.000  5.878399e+00 
 2998.000  5.957417e+00 
 2999.000  5.714158e+00 
 3000.000  5.621001e+00 
 3001.000  5.708797e+00 
 3002.000  5.706886e+00 
 3003.000  5.715972e+00 
 3004.000  5.092680e+00 
 3005.000  5.094399e+00 
 3006.000  5.084772e+00 
 3007.000  5.084182e+00 
 3008.000  4.991259e+00 
 3009.000  5.000419e+00 
 3010.000  4.991695e+00 
 3011.000  5.001795e+00 
 3012.000  4.994969e+00 
 3013.000  4.749334e+00 
 3014.000  4.737875e+00 
 3015.000  4.715283e+00 
 3016.000  4.730832e+00 
 3017.000  4.385846e+00 
 3018.000  4.400583e+00 
 3019.000  4.398863e+00 
 3020.000  4.347681e+00 
 3021.000  4.359156e+00 
 3022.000  4.362330e+00 
 3023.000  4.350536e+00 
 3024.000  4.341093e+00 
 3025.000  4.331988e+00 
 3026.000  4.055940e+00 
 3027.000  4.041755e+00 
 3028.000  4.022201e+00 
 3029.000  4.038037e+00 
 3030.000  4.007498e+00 
 3031.000  3.598525e+00 
 3032.000  3.592374e+00 
 3033.000  3.523862e+00 
 3034.000  3.573020e+00 
 3035.000  3.173982e+00 
 3036.000  3.160025e+00 
 3037.000  3.139401e+00 
 3038.000  3.106533e+00 
 3039.000  3.039661e+00 
 3040.000  2.742650e+00 
 3041.000  2.815305e+00 
 3042.000  2.830565e+00 
 3043.000  2.840088e+00 
 3044.000  2.842412e+00 
 3045.000  2.605872e+00 
 3046.000  2.609962e+00 
 3047.000  2.615372e+00 
 3048.000  2.600862e+00 
 3049.000  2.593353e+00 
 3050.000  2.594680e+00 
 3051.000  2.591650e+00 
 3052.000  2.588472e+00 
 3053.000  2.583894e+00 
 3054.000  2.850039e+00 
 3055.000  2.819108e+00 
 3056.000  2.848058e+00 
 3057.000  2.840731e+00 
 3058.000  2.809151e+00 
 3059.000  3.102969e+00 
 3060.000  3.112485e+00 
 3061.000  3.112237e+00 
 3062.000  3.108013e+00 
 3063.000  3.338300e+00 
 3064.000  3.291805e+00 
 3065.000  3.299588e+00 
 3066.000  3.327067e+00 
 3067.000  3.300839e+00 
 3068.000  3.394703e+00 
 3069.000  3.444727e+00 
 3070.000  3.443190e+00 
 3071.000  3.433592e+00 
 3072.000  3.435868e+00 
 3073.000  3.458392e+00 
 3074.000  3.445786e+00 
 3075.000  3.453799e+00 
 3076.000  3.432345e+00 
 3077.000  3.027577e+00 
 3078.000  3.028251e+00 
 3079.000  3.021093e+00 
 3080.000  3.014271e+00 
 3081.000  2.999084e+00 
 3082.000  2.830631e+00 
 3083.000  2.825453e+00 
 3084.000  2.837634e+00 
 3085.000  2.833857e+00 
 3086.000  2.813306e+00 
 3087.000  2.590527e+00 
 3088.000  2.604128e+00 
 3089.000  2.602541e+00 
 3090.000  2.601846e+00 
 3091.000  2.574113e+00 
 3092.000  2.297823e+00 
 3093.000  2.296771e+00 
 3094.000  2.292599e+00 
 3095.000  2.287710e+00 
 3096.000  2.327263e+00 
 3097.000  2.318630e+00 
 3098.000  2.273438e+00 
 3099.000  2.309867e+00 
 3100.000  2.317930e+00 
 3101.000  2.394460e+00 
 3102.000  2.391410e+00 
 3103.000  2.391127e+00 
 3104.000  2.387614e+00 
 3105.000  2.384640e+00 
 3106.000  2.669472e+00 
 3107.000  2.657925e+00 
 3108.000  2.668656e+00 
 3109.000  2.663713e+00 
 3110.000  2.660775e+00 
 3111.000  3.170255e+00 
 3112.000  3.163194e+00 
 3113.000  3.143760e+00 
 3114.000  3.146066e+00 
 3115.000  3.050028e+00 
 3116.000  3.838130e+00 
 3117.000  3.996765e+00 
 3118.000  4.013077e+00 
 3119.000  3.996595e+00 
 3120.000  4.000826e+00 
 3121.000  4.386219e+00 
 3122.000  4.397437e+00 
 3123.000  4.404924e+00 
 3124.000  4.400874e+00 
 3125.000  4.401475e+00 
 3126.000  4.770690e+00 
 3127.000  4.746300e+00 
 3128.000  4.764678e+00 
 3129.000  4.720131e+00 
 3130.000  4.945762e+00 
 3131.000  4.916192e+00 
 3132.000  4.938837e+00 
 3133.000  4.927272e+00 
 3134.000  4.970704e+00 
 3135.000  4.689092e+00 
 3136.000  4.683484e+00 
 3137.000  4.681035e+00 
 3138.000  4.678782e+00 
 3139.000  4.662421e+00 
 3140.000  4.712932e+00 
 3141.000  4.724058e+00 
 3142.000  4.704134e+00 
 3143.000  4.712486e+00 
 3144.000  4.761904e+00 
 3145.000  5.296581e+00 
 3146.000  5.290308e+00 
 3147.000  5.246887e+00 
 3148.000  5.271091e+00 
 3149.000  5.271784e+00 
 3150.000  6.059766e+00 
 3151.000  6.040755e+00 
 3152.000  5.720383e+00 
 3153.000  6.036141e+00 
 3154.000  6.063651e+00 
 3155.000  7.087331e+00 
 3156.000  7.080854e+00 
 3157.000  7.061167e+00 
 3158.000  7.062396e+00 
 3159.000  7.052402e+00 
 3160.000  7.841120e+00 
 3161.000  7.823092e+00 
 3162.000  7.835322e+00 
 3163.000  7.813567e+00 
 3164.000  7.763713e+00 
 3165.000  7.861493e+00 
 3166.000  7.876951e+00 
 3167.000  7.847460e+00 
 3168.000  7.798490e+00 
 3169.000  7.833452e+00 
 3170.000  7.424763e+00 
 3171.000  7.597150e+00 
 3172.000  7.593248e+00 
 3173.000  7.591394e+00 
 3174.000  7.521079e+00 
 3175.000  6.911626e+00 
 3176.000  6.900752e+00 
 3177.000  6.895643e+00 
 3178.000  6.863318e+00 
 3179.000  6.857466e+00 
 3180.000  5.831054e+00 
 3181.000  5.734101e+00 
 3182.000  5.810092e+00 
 3183.000  5.802551e+00 
 3184.000  5.740630e+00 
 3185.000  4.354807e+00 
 3186.000  4.348329e+00 
 3187.000  4.336806e+00 
 3188.000  4.328823e+00 
 3189.000  4.333463e+00 
 3190.000  2.893256e+00 
 3191.000  2.889743e+00 
 3192.000  2.886294e+00 
 3193.000  2.881213e+00 
 3194.000  2.852577e+00 
 3195.000  1.709324e+00 
 3196.000  1.699899e+00 
 3197.000  1.705071e+00 
 3198.000  1.701924e+00 
 3199.000  1.701884e+00 
 3200.000  1.193263e+00 
 3201.000  1.163325e+00 
 3202.000  1.189753e+00 
 3203.000  1.190723e+00 
 3204.000  1.184919e+00 
 3205.000  1.175643e+00 
 3206.000  9.805430e-01 
 3207.000  9.792505e-01 
 3208.000  9.781664e-01 
 3209.000  9.770769e-01 
 3210.000  9.747925e-01 
 3211.000  9.955702e-01 
 3212.000  9.939750e-01 
 3213.000  9.934727e-01 
 3214.000  9.920976e-01 
 3215.000  9.656240e-01 
 3216.000  1.239697e+00 
 3217.000  1.238558e+00 
 3218.000  1.238852e+00 
 3219.000  1.235989e+00 
 3220.000  1.235342e+00 
 3221.000  1.562222e+00 
 3222.000  1.562395e+00 
 3223.000  1.556053e+00 
 3224.000  1.547707e+00 
 3225.000  1.553017e+00 
 3226.000  1.949769e+00 
 3227.000  1.953948e+00 
 3228.000  1.949420e+00 
 3229.000  1.944198e+00 
 3230.000  1.943491e+00 
 3231.000  1.943284e+00 
 3232.000  2.537107e+00 
 3233.000  2.533394e+00 
 3234.000  2.496511e+00 
 3235.000  2.531697e+00 
 3236.000  2.532446e+00 
 3237.000  2.883620e+00 
 3238.000  2.880171e+00 
 3239.000  2.872080e+00 
 3240.000  2.870499e+00 
 3241.000  2.863502e+00 
 3242.000  2.906418e+00 
 3243.000  2.867865e+00 
 3244.000  2.904522e+00 
 3245.000  2.897328e+00 
 3246.000  2.933419e+00 
 3247.000  3.084715e+00 
 3248.000  3.079880e+00 
 3249.000  3.073691e+00 
 3250.000  3.072853e+00 
 3251.000  3.070175e+00 
 3252.000  3.064956e+00 
 3253.000  2.863099e+00 
 3254.000  2.841878e+00 
 3255.000  2.844301e+00 
 3256.000  2.852456e+00 
 3257.000  2.874795e+00 
 3258.000  2.641797e+00 
 3259.000  2.644919e+00 
 3260.000  2.617240e+00 
 3261.000  2.638957e+00 
 3262.000  2.626304e+00 
 3263.000  2.871708e+00 
 3264.000  2.876097e+00 
 3265.000  2.875903e+00 
 3266.000  2.851046e+00 
 3267.000  2.886317e+00 
 3268.000  3.335447e+00 
 3269.000  3.319015e+00 
 3270.000  3.326006e+00 
 3271.000  3.316998e+00 
 3272.000  3.318498e+00 
 3273.000  3.308567e+00 
 3274.000  3.813134e+00 
 3275.000  3.807185e+00 
 3276.000  3.748816e+00 
 3277.000  3.795384e+00 
 3278.000  3.808599e+00 
 3279.000  4.283327e+00 
 3280.000  4.269653e+00 
 3281.000  4.213944e+00 
 3282.000  4.257019e+00 
 3283.000  4.251111e+00 
 3284.000  4.260200e+00 
 3285.000  4.173536e+00 
 3286.000  4.216254e+00 
 3287.000  4.213009e+00 
 3288.000  4.206508e+00 
 3289.000  4.219828e+00 
 3290.000  3.738084e+00 
 3291.000  3.692949e+00 
 3292.000  3.725581e+00 
 3293.000  3.714662e+00 
 3294.000  3.703245e+00 
 3295.000  3.171457e+00 
 3296.000  3.121539e+00 
 3297.000  3.045195e+00 
 3298.000  3.089753e+00 
 3299.000  3.162476e+00 
 3300.000  3.205357e+00 
 3301.000  2.747658e+00 
 3302.000  2.768902e+00 
 3303.000  2.767146e+00 
 3304.000  2.766701e+00 
 3305.000  2.763885e+00 
 3306.000  2.320169e+00 
 3307.000  2.326338e+00 
 3308.000  2.321978e+00 
 3309.000  2.321551e+00 
 3310.000  2.317648e+00 
 3311.000  2.306928e+00 
 3312.000  2.153903e+00 
 3313.000  2.144522e+00 
 3314.000  2.153399e+00 
 3315.000  2.149125e+00 
 3316.000  2.131255e+00 
 3317.000  2.520187e+00 
 3318.000  2.493932e+00 
 3319.000  2.503914e+00 
 3320.000  2.273444e+00 
 3321.000  2.496848e+00 
 3322.000  2.518942e+00 
 3323.000  3.214478e+00 
 3324.000  3.220600e+00 
 3325.000  3.193680e+00 
 3326.000  3.198367e+00 
 3327.000  3.203942e+00 
 3328.000  3.931036e+00 
 3329.000  3.930675e+00 
 3330.000  3.927959e+00 
 3331.000  3.899641e+00 
 3332.000  3.894758e+00 
 3333.000  3.942627e+00 
 3334.000  4.329283e+00 
 3335.000  4.316280e+00 
 3336.000  4.316531e+00 
 3337.000  4.297584e+00 
 3338.000  4.298733e+00 
 3339.000  4.388320e+00 
 3340.000  4.347168e+00 
 3341.000  4.317701e+00 
 3342.000  4.375530e+00 
 3343.000  4.366347e+00 
 3344.000  4.397073e+00 
 3345.000  4.449965e+00 
 3346.000  4.436910e+00 
 3347.000  4.442612e+00 
 3348.000  4.440217e+00 
 3349.000  4.433189e+00 
 3350.000  4.367784e+00 
 3351.000  4.377104e+00 
 3352.000  4.381157e+00 
 3353.000  4.310236e+00 
 3354.000  4.368608e+00 
 3355.000  4.388906e+00 
 3356.000  4.634177e+00 
 3357.000  4.622886e+00 
 3358.000  4.602612e+00 
 3359.000  4.619987e+00 
 3360.000  4.613426e+00 
 3361.000  4.603160e+00 
 3362.000  4.870564e+00 
 3363.000  4.870096e+00 
 3364.000  4.869219e+00 
 3365.000  4.842260e+00 
 3366.000  4.817105e+00 
 3367.000  4.851438e+00 
 3368.000  5.216005e+00 
 3369.000  5.179252e+00 
 3370.000  5.084188e+00 
 3371.000  5.192430e+00 
 3372.000  5.201126e+00 
 3373.000  5.542342e+00 
 3374.000  5.506088e+00 
 3375.000  5.550001e+00 
 3376.000  5.546975e+00 
 3377.000  5.524816e+00 
 3378.000  5.524946e+00 
 3379.000  5.862700e+00 
 3380.000  5.871816e+00 
 3381.000  5.848391e+00 
 3382.000  5.801603e+00 
 3383.000  5.807590e+00 
 3384.000  5.816845e+00 
 3385.000  6.057641e+00 
 3386.000  6.061739e+00 
 3387.000  6.053672e+00 
 3388.000  6.043803e+00 
 3389.000  6.048432e+00 
 3390.000  6.168736e+00 
 3391.000  6.161686e+00 
 3392.000  6.148940e+00 
 3393.000  6.140713e+00 
 3394.000  6.135601e+00 
 3395.000  6.123357e+00 
 3396.000  6.146228e+00 
 3397.000  5.946537e+00 
 3398.000  6.113606e+00 
 3399.000  6.016896e+00 
 3400.000  6.168653e+00 
 3401.000  5.862529e+00 
 3402.000  6.208968e+00 
 3403.000  6.207866e+00 
 3404.000  6.216473e+00 
 3405.000  6.205306e+00 
 3406.000  6.200564e+00 
 3407.000  6.158583e+00 
 3408.000  6.370730e+00 
 3409.000  6.266841e+00 
 3410.000  6.318316e+00 
 3411.000  6.348621e+00 
 3412.000  6.355160e+00 
 3413.000  6.570250e+00 
 3414.000  6.579097e+00 
 3415.000  6.478558e+00 
 3416.000  6.401953e+00 
 3417.000  6.552981e+00 
 3418.000  6.570596e+00 
 3419.000  6.721682e+00 
 3420.000  6.719893e+00 
 3421.000  6.706957e+00 
 3422.000  6.678752e+00 
 3423.000  6.694899e+00 
 3424.000  6.692619e+00 
 3425.000  6.842767e+00 
 3426.000  6.834517e+00 
 3427.000  6.657139e+00 
 3428.000  6.734931e+00 
 3429.000  6.791341e+00 
 3430.000  6.801508e+00 
 3431.000  6.779127e+00 
 3432.000  6.812181e+00 
 3433.000  6.790540e+00 
 3434.000  6.794448e+00 
 3435.000  6.769764e+00 
 3436.000  6.781307e+00 
 3437.000  6.774434e+00 
 3438.000  6.783510e+00 
 3439.000  6.776762e+00 
 3440.000  6.766891e+00 
 3441.000  6.762343e+00 
 3442.000  6.702280e+00 
 3443.000  6.812382e+00 
 3444.000  6.803110e+00 
 3445.000  6.783443e+00 
 3446.000  6.769401e+00 
 3447.000  6.779047e+00 
 3448.000  6.762509e+00 
 3449.000  6.822499e+00 
 3450.000  6.812715e+00 
 3451.000  6.815463e+00 
 3452.000  6.804568e+00 
 3453.000  6.797490e+00 
 3454.000  6.777762e+00 
 3455.000  6.862363e+00 
 3456.000  6.833044e+00 
 3457.000  6.843351e+00 
 3458.000  6.830280e+00 
 3459.000  6.836316e+00 
 3460.000  6.819092e+00 
 3461.000  6.872746e+00 
 3462.000  6.868939e+00 
 3463.000  6.863396e+00 
 3464.000  6.843356e+00 
 3465.000  6.843677e+00 
 3466.000  6.803557e+00 
 3467.000  6.802723e+00 
 3468.000  6.809228e+00 
 3469.000  6.802874e+00 
 3470.000  6.801279e+00 
 3471.000  6.741854e+00 
 3472.000  6.769089e+00 
 3473.000  6.726323e+00 
 3474.000  6.762614e+00 
 3475.000  6.751643e+00 
 3476.000  6.760146e+00 
 3477.000  6.686950e+00 
 3478.000  6.749022e+00 
 3479.000  6.766091e+00 
 3480.000  6.757505e+00 
 3481.000  6.735567e+00 
 3482.000  6.745075e+00 
 3483.000  6.734869e+00 
 3484.000  6.717095e+00 
 3485.000  6.760834e+00 
 3486.000  6.730145e+00 
 3487.000  6.747080e+00 
 3488.000  6.751865e+00 
 3489.000  6.743827e+00 
 3490.000  6.706839e+00 
 3491.000  6.816896e+00 
 3492.000  6.781847e+00 
 3493.000  6.800874e+00 
 3494.000  6.737974e+00 
 3495.000  6.785465e+00 
 3496.000  6.792824e+00 
 3497.000  6.845004e+00 
 3498.000  6.832881e+00 
 3499.000  6.828349e+00 
 3500.000  6.822243e+00 
 3501.000  6.752052e+00 
 3502.000  6.805564e+00 
 3503.000  6.821321e+00 
 3504.000  6.815475e+00 
 3505.000  6.807665e+00 
 3506.000  6.802092e+00 
 3507.000  6.793247e+00 
 3508.000  6.772478e+00 
 3509.000  6.731134e+00 
 3510.000  6.725170e+00 
 3511.000  6.719097e+00 
 3512.000  6.692653e+00 
 3513.000  6.700009e+00 
 3514.000  6.692232e+00 
 3515.000  6.575893e+00 
 3516.000  6.547452e+00 
 3517.000  6.556312e+00 
 3518.000  6.540179e+00 
 3519.000  6.541605e+00 
 3520.000  6.528923e+00 
 3521.000  6.533549e+00 
 3522.000  6.364834e+00 
 3523.000  6.351419e+00 
 3524.000  6.289521e+00 
 3525.000  6.356726e+00 
 3526.000  6.351230e+00 
 3527.000  6.332954e+00 
 3528.000  6.139916e+00 
 3529.000  6.132373e+00 
 3530.000  6.135350e+00 
 3531.000  6.096351e+00 
 3532.000  6.124310e+00 
 3533.000  6.118206e+00 
 3534.000  5.932000e+00 
 3535.000  5.909810e+00 
 3536.000  5.957065e+00 
 3537.000  5.949634e+00 
 3538.000  5.828532e+00 
 3539.000  5.898306e+00 
 3540.000  5.892653e+00 
 3541.000  5.901120e+00 
 3542.000  5.888145e+00 
 3543.000  5.883658e+00 
 3544.000  5.881213e+00 
 3545.000  5.866005e+00 
 3546.000  5.862757e+00 
 3547.000  5.854784e+00 
 3548.000  5.840946e+00 
 3549.000  5.841583e+00 
 3550.000  5.836509e+00 
 3551.000  5.827977e+00 
 3552.000  5.822405e+00 
 3553.000  5.854963e+00 
 3554.000  5.857264e+00 
 3555.000  5.814065e+00 
 3556.000  5.701700e+00 
 3557.000  5.839043e+00 
 3558.000  5.828348e+00 
 3559.000  5.845998e+00 
 3560.000  5.713315e+00 
 3561.000  5.820728e+00 
 3562.000  5.831323e+00 
 3563.000  5.822547e+00 
 3564.000  5.797101e+00 
 3565.000  5.812289e+00 
 3566.000  5.724253e+00 
 3567.000  5.720534e+00 
 3568.000  5.716469e+00 
 3569.000  5.702439e+00 
 3570.000  5.690831e+00 
 3571.000  5.562024e+00 
 3572.000  5.677404e+00 
 3573.000  5.677493e+00 
 3574.000  5.666108e+00 
 3575.000  5.662289e+00 
 3576.000  5.660542e+00 
 3577.000  5.644409e+00 
 3578.000  5.668176e+00 
 3579.000  5.662230e+00 
 3580.000  5.578682e+00 
 3581.000  5.636594e+00 
 3582.000  5.635664e+00 
 3583.000  5.641600e+00 
 3584.000  5.567967e+00 
 3585.000  5.666483e+00 
 3586.000  5.665724e+00 
 3587.000  5.658945e+00 
 3588.000  5.665348e+00 
 3589.000  5.655515e+00 
 3590.000  5.654793e+00 
 3591.000  5.787715e+00 
 3592.000  5.786143e+00 
 3593.000  5.763896e+00 
 3594.000  5.765896e+00 
 3595.000  5.771694e+00 
 3596.000  5.699491e+00 
 3597.000  5.702803e+00 
 3598.000  5.892982e+00 
 3599.000  5.860251e+00 
 3600.000  5.870373e+00 
 3601.000  5.850801e+00 
 3602.000  5.869618e+00 
 3603.000  5.855558e+00 
 3604.000  5.942081e+00 
 3605.000  5.928172e+00 
 3606.000  5.933816e+00 
 3607.000  5.916205e+00 
 3608.000  5.918763e+00 
 3609.000  5.907176e+00 
 3610.000  5.895028e+00 
 3611.000  6.022722e+00 
 3612.000  6.010662e+00 
 3613.000  6.005148e+00 
 3614.000  6.003057e+00 
 3615.000  5.996482e+00 
 3616.000  5.987556e+00 
 3617.000  6.093721e+00 
 3618.000  6.087074e+00 
 3619.000  6.079641e+00 
 3620.000  6.072772e+00 
 3621.000  6.064360e+00 
 3622.000  6.063177e+00 
 3623.000  6.054051e+00 
 3624.000  6.091036e+00 
 3625.000  6.085971e+00 
 3626.000  6.089966e+00 
 3627.000  6.084648e+00 
 3628.000  6.077101e+00 
 3629.000  6.055666e+00 
 3630.000  6.126078e+00 
 3631.000  6.154644e+00 
 3632.000  6.155313e+00 
 3633.000  6.145800e+00 
 3634.000  6.139117e+00 
 3635.000  6.136514e+00 
 3636.000  6.117647e+00 
 3637.000  6.159051e+00 
 3638.000  6.177628e+00 
 3639.000  6.173956e+00 
 3640.000  6.144491e+00 
 3641.000  6.162416e+00 
 3642.000  6.149839e+00 
 3643.000  6.112491e+00 
 3644.000  6.015733e+00 
 3645.000  6.046400e+00 
 3646.000  6.092894e+00 
 3647.000  6.075885e+00 
 3648.000  6.075000e+00 
 3649.000  6.051979e+00 
 3650.000  5.969131e+00 
 3651.000  5.956543e+00 
 3652.000  5.940917e+00 
 3653.000  5.815047e+00 
 3654.000  5.820795e+00 
 3655.000  5.913719e+00 
 3656.000  5.918904e+00 
 3657.000  5.702888e+00 
 3658.000  5.686381e+00 
 3659.000  5.604647e+00 
 3660.000  5.618136e+00 
 3661.000  5.686748e+00 
 3662.000  5.666063e+00 
 3663.000  5.661474e+00 
 3664.000  5.385565e+00 
 3665.000  5.381697e+00 
 3666.000  5.374978e+00 
 3667.000  5.370095e+00 
 3668.000  5.287250e+00 
 3669.000  5.355016e+00 
 3670.000  5.238009e+00 
 3671.000  5.134574e+00 
 3672.000  5.219123e+00 
 3673.000  5.214789e+00 
 3674.000  5.215807e+00 
 3675.000  5.208885e+00 
 3676.000  5.203656e+00 
 3677.000  5.216769e+00 
 3678.000  5.310599e+00 
 3679.000  5.132277e+00 
 3680.000  5.314335e+00 
 3681.000  5.311434e+00 
 3682.000  5.237247e+00 
 3683.000  5.089210e+00 
 3684.000  5.434813e+00 
 3685.000  5.499868e+00 
 3686.000  5.512025e+00 
 3687.000  5.487269e+00 
 3688.000  5.500103e+00 
 3689.000  5.474429e+00 
 3690.000  5.448092e+00 
 3691.000  5.694891e+00 
 3692.000  5.685875e+00 
 3693.000  5.702811e+00 
 3694.000  5.685940e+00 
 3695.000  5.656743e+00 
 3696.000  5.649779e+00 
 3697.000  5.744699e+00 
 3698.000  5.746693e+00 
 3699.000  5.566110e+00 
 3700.000  5.593620e+00 
 3701.000  5.642729e+00 
 3702.000  5.691165e+00 
 3703.000  5.802491e+00 
 3704.000  5.810526e+00 
 3705.000  5.689499e+00 
 3706.000  5.760547e+00 
 3707.000  5.720937e+00 
 3708.000  5.761089e+00 
 3709.000  5.641314e+00 
 3710.000  5.768029e+00 
 3711.000  5.698451e+00 
 3712.000  5.650325e+00 
 3713.000  5.723634e+00 
 3714.000  5.692626e+00 
 3715.000  5.652269e+00 
 3716.000  5.699901e+00 
 3717.000  5.712186e+00 
 3718.000  5.695588e+00 
 3719.000  5.674423e+00 
 3720.000  5.697118e+00 
 3721.000  5.640929e+00 
 3722.000  5.647485e+00 
 3723.000  5.676822e+00 
 3724.000  5.671446e+00 
 3725.000  5.589416e+00 
 3726.000  5.611914e+00 
 3727.000  5.590540e+00 
 3728.000  5.593934e+00 
 3729.000  5.565749e+00 
 3730.000  5.583279e+00 
 3731.000  5.569379e+00 
 3732.000  5.533680e+00 
 3733.000  5.540582e+00 
 3734.000  5.532727e+00 
 3735.000  5.466543e+00 
 3736.000  5.429119e+00 
 3737.000  5.469810e+00 
 3738.000  5.404200e+00 
 3739.000  5.274489e+00 
 3740.000  5.193779e+00 
 3741.000  5.147134e+00 
 3742.000  5.342320e+00 
 3743.000  5.406106e+00 
 3744.000  5.394568e+00 
 3745.000  5.228256e+00 
 3746.000  5.139002e+00 
 3747.000  5.246669e+00 
 3748.000  5.380555e+00 
 3749.000  5.363224e+00 
 3750.000  5.337879e+00 
 3751.000  5.329626e+00 
 3752.000  5.370947e+00 
 3753.000  5.195532e+00 
 3754.000  5.265734e+00 
 3755.000  5.295608e+00 
 3756.000  5.322598e+00 
 3757.000  5.307902e+00 
 3758.000  5.271454e+00 
 3759.000  5.283650e+00 
 3760.000  5.295760e+00 
 3761.000  5.319929e+00 
 3762.000  5.276758e+00 
 3763.000  5.199465e+00 
 3764.000  5.290157e+00 
 3765.000  5.270649e+00 
 3766.000  5.284521e+00 
 3767.000  5.282834e+00 
 3768.000  5.257161e+00 
 3769.000  5.245296e+00 
 3770.000  5.253666e+00 
 3771.000  5.220470e+00 
 3772.000  5.250779e+00 
 3773.000  5.177207e+00 
 3774.000  5.253146e+00 
 3775.000  5.270567e+00 
 3776.000  5.172768e+00 
 3777.000  5.161632e+00 
 3778.000  5.250036e+00 
 3779.000  5.230621e+00 
 3780.000  5.212880e+00 
 3781.000  5.240530e+00 
 3782.000  5.201461e+00 
 3783.000  5.255733e+00 
 3784.000  5.241477e+00 
 3785.000  5.241134e+00 
 3786.000  5.226388e+00 
 3787.000  5.104738e+00 
 3788.000  5.237226e+00 
 3789.000  5.234015e+00 
 3790.000  5.238668e+00 
 3791.000  5.143723e+00 
 3792.000  5.204495e+00 
 3793.000  5.149195e+00 
 3794.000  5.215808e+00 
 3795.000  5.189366e+00 
 3796.000  5.259735e+00 
 3797.000  5.263110e+00 
 3798.000  5.240214e+00 
 3799.000  5.205718e+00 
 3800.000  5.147844e+00 
 3801.000  5.248312e+00 
 3802.000  5.229248e+00 
 3803.000  5.265788e+00 
 3804.000  5.245882e+00 
 3805.000  5.248831e+00 
 3806.000  5.236040e+00 
 3807.000  5.168494e+00 
 3808.000  5.201207e+00 
 3809.000  5.217479e+00 
 3810.000  5.226908e+00 
 3811.000  5.249706e+00 
 3812.000  5.262416e+00 
 3813.000  5.226586e+00 
 3814.000  5.245422e+00 
 3815.000  5.244132e+00 
 3816.000  5.195111e+00 
 3817.000  5.229607e+00 
 3818.000  5.192866e+00 
 3819.000  5.269792e+00 
 3820.000  5.272593e+00 
 3821.000  5.270133e+00 
 3822.000  5.263237e+00 
 3823.000  5.236773e+00 
 3824.000  5.242887e+00 
 3825.000  5.228205e+00 
 3826.000  5.229102e+00 
 3827.000  5.225870e+00 
 3828.000  5.207998e+00 
 3829.000  5.209047e+00 
 3830.000  5.210075e+00 
 3831.000  5.199713e+00 
 3832.000  5.161134e+00 
 3833.000  5.129235e+00 
 3834.000  5.147316e+00 
 3835.000  5.107954e+00 
 3836.000  5.068266e+00 
 3837.000  5.109212e+00 
 3838.000  5.127836e+00 
 3839.000  5.082888e+00 
 3840.000  5.078616e+00 
 3841.000  5.073336e+00 
 3842.000  5.063932e+00 
 3843.000  5.058592e+00 
 3844.000  5.052667e+00 
 3845.000  5.050472e+00 
 3846.000  5.053640e+00 
 3847.000  4.958782e+00 
 3848.000  4.956772e+00 
 3849.000  4.951567e+00 
 3850.000  4.925311e+00 
 3851.000  4.933135e+00 
 3852.000  4.933516e+00 
 3853.000  4.914273e+00 
 3854.000  4.832028e+00 
 3855.000  4.828017e+00 
 3856.000  4.822899e+00 
 3857.000  4.813780e+00 
 3858.000  4.803220e+00 
 3859.000  4.779397e+00 
 3860.000  4.767403e+00 
 3861.000  4.792621e+00 
 3862.000  4.704649e+00 
 3863.000  4.592093e+00 
 3864.000  4.661154e+00 
 3865.000  4.677384e+00 
 3866.000  4.685861e+00 
 3867.000  4.631144e+00 
 3868.000  4.657752e+00 
 3869.000  4.563197e+00 
 3870.000  4.589028e+00 
 3871.000  4.564436e+00 
 3872.000  4.504376e+00 
 3873.000  4.576369e+00 
 3874.000  4.569655e+00 
 3875.000  4.559250e+00 
 3876.000  4.558787e+00 
 3877.000  4.554375e+00 
 3878.000  4.549012e+00 
 3879.000  4.541881e+00 
 3880.000  4.539011e+00 
 3881.000  4.530955e+00 
 3882.000  4.515260e+00 
 3883.000  4.510593e+00 
 3884.000  4.550138e+00 
 3885.000  4.426234e+00 
 3886.000  4.489511e+00 
 3887.000  4.539389e+00 
 3888.000  4.539300e+00 
 3889.000  4.538327e+00 
 3890.000  4.523534e+00 
 3891.000  4.518300e+00 
 3892.000  4.574932e+00 
 3893.000  4.573620e+00 
 3894.000  4.555083e+00 
 3895.000  4.566269e+00 
 3896.000  4.545584e+00 
 3897.000  4.498066e+00 
 3898.000  4.477462e+00 
 3899.000  4.576308e+00 
 3900.000  4.543971e+00 
 3901.000  4.565536e+00 
 3902.000  4.564323e+00 
 3903.000  4.552166e+00 
 3904.000  4.556697e+00 
 3905.000  4.551232e+00 
 3906.000  4.534275e+00 
 3907.000  4.554652e+00 
 3908.000  4.543258e+00 
 3909.000  4.545673e+00 
 3910.000  4.542440e+00 
 3911.000  4.539625e+00 
 3912.000  4.536835e+00 
 3913.000  4.530208e+00 
 3914.000  4.541430e+00 
 3915.000  4.549273e+00 
 3916.000  4.537273e+00 
 3917.000  4.535995e+00 
 3918.000  4.525261e+00 
 3919.000  4.516903e+00 
 3920.000  4.530575e+00 
 3921.000  4.508731e+00 
 3922.000  4.555498e+00 
 3923.000  4.554635e+00 
 3924.000  4.550082e+00 
 3925.000  4.550115e+00 
 3926.000  4.534489e+00 
 3927.000  4.535879e+00 
 3928.000  4.542803e+00 
 3929.000  4.538154e+00 
 3930.000  4.596236e+00 
 3931.000  4.593224e+00 
 3932.000  4.569780e+00 
 3933.000  4.581221e+00 
 3934.000  4.524352e+00 
 3935.000  4.554643e+00 
 3936.000  4.575150e+00 
 3937.000  4.572621e+00 
 3938.000  4.613697e+00 
 3939.000  4.633700e+00 
 3940.000  4.629768e+00 
 3941.000  4.623512e+00 
 3942.000  4.622722e+00 
 3943.000  4.620316e+00 
 3944.000  4.581221e+00 
 3945.000  4.719029e+00 
 3946.000  4.704787e+00 
 3947.000  4.705280e+00 
 3948.000  4.681130e+00 
 3949.000  4.694901e+00 
 3950.000  4.644415e+00 
 3951.000  4.677254e+00 
 3952.000  4.529872e+00 
 3953.000  4.682013e+00 
 3954.000  4.677093e+00 
 3955.000  4.669326e+00 
 3956.000  4.626665e+00 
 3957.000  4.635527e+00 
 3958.000  4.596117e+00 
 3959.000  4.606702e+00 
 3960.000  4.656079e+00 
 3961.000  4.668521e+00 
 3962.000  4.626627e+00 
 3963.000  4.661761e+00 
 3964.000  4.639335e+00 
 3965.000  4.635806e+00 
 3966.000  4.640295e+00 
 3967.000  4.635692e+00 
 3968.000  4.644485e+00 
 3969.000  4.619027e+00 
 3970.000  4.604995e+00 
 3971.000  4.585994e+00 
 3972.000  4.609579e+00 
 3973.000  4.567220e+00 
 3974.000  4.583885e+00 
 3975.000  4.597730e+00 
 3976.000  4.594648e+00 
 3977.000  4.518597e+00 
 3978.000  4.537621e+00 
 3979.000  4.522171e+00 
 3980.000  4.527047e+00 
 3981.000  4.536658e+00 
 3982.000  4.526831e+00 
 3983.000  4.507020e+00 
 3984.000  4.504852e+00 
 3985.000  4.457281e+00 
 3986.000  4.358149e+00 
 3987.000  4.482155e+00 
 3988.000  4.486441e+00 
 3989.000  4.455641e+00 
 3990.000  4.453450e+00 
 3991.000  4.388357e+00 
 3992.000  4.441539e+00 
 3993.000  4.353594e+00 
 3994.000  4.347112e+00 
 3995.000  4.321082e+00 
 3996.000  4.248545e+00 
 3997.000  4.359665e+00 
 3998.000  4.335884e+00 
 3999.000  4.254056e+00 
 4000.000  4.296024e+00 
